Log file open, 12/03/19 18:49:07
LogWindows: Failed to load 'aqProf.dll' (GetLastError=126)
LogWindows: File 'aqProf.dll' does not exist
LogWindows: Failed to load 'VtuneApi.dll' (GetLastError=126)
LogWindows: File 'VtuneApi.dll' does not exist
LogWindows: Failed to load 'VtuneApi32e.dll' (GetLastError=126)
LogWindows: File 'VtuneApi32e.dll' does not exist
LogConsoleResponse: Display: Failed to find resolution value strings in scalability ini. Falling back to default.
LogInit: Display: Running engine for game: Stolemates
LogPlatformFile: Not using cached read wrapper
LogTaskGraph: Started task graph with 5 named threads and 71 total threads with 3 sets of task threads.
LogStats: Stats thread started at 0.106802
LogD3D11RHI: Loaded GFSDK_Aftermath_Lib.x64.dll
LogICUInternationalization: ICU TimeZone Detection - Raw Offset: -5:00, Platform Override: ''
LogPluginManager: Mounting plugin Paper2D
LogPluginManager: Mounting plugin AISupport
LogPluginManager: Mounting plugin LightPropagationVolume
LogPluginManager: Mounting plugin ActorLayerUtilities
LogPluginManager: Mounting plugin AnimationSharing
LogPluginManager: Mounting plugin CLionSourceCodeAccess
LogPluginManager: Mounting plugin CodeLiteSourceCodeAccess
LogPluginManager: Mounting plugin GitSourceControl
LogPluginManager: Mounting plugin KDevelopSourceCodeAccess
LogPluginManager: Mounting plugin NullSourceCodeAccess
LogPluginManager: Mounting plugin PerforceSourceControl
LogPluginManager: Mounting plugin SubversionSourceControl
LogPluginManager: Mounting plugin UObjectPlugin
LogPluginManager: Mounting plugin VisualStudioCodeSourceCodeAccess
LogPluginManager: Mounting plugin VisualStudioSourceCodeAccess
LogPluginManager: Mounting plugin XCodeSourceCodeAccess
LogPluginManager: Mounting plugin AssetManagerEditor
LogPluginManager: Mounting plugin CryptoKeys
LogPluginManager: Mounting plugin CurveEditorTools
LogPluginManager: Mounting plugin DataValidation
LogPluginManager: Mounting plugin FacialAnimation
LogPluginManager: Mounting plugin GameplayTagsEditor
LogPluginManager: Mounting plugin MacGraphicsSwitching
LogPluginManager: Mounting plugin MaterialAnalyzer
LogPluginManager: Mounting plugin MobileLauncherProfileWizard
LogPluginManager: Mounting plugin PluginBrowser
LogPluginManager: Mounting plugin SpeedTreeImporter
LogPluginManager: Mounting plugin DatasmithContent
LogPluginManager: Mounting plugin VariantManagerContent
LogPluginManager: Mounting plugin AlembicImporter
LogPluginManager: Mounting plugin AutomationUtils
LogPluginManager: Mounting plugin BackChannel
LogPluginManager: Mounting plugin CharacterAI
LogPluginManager: Mounting plugin GeometryCache
LogPluginManager: Mounting plugin HTML5Networking
LogPluginManager: Mounting plugin PlatformCrypto
LogPluginManager: Mounting plugin ProxyLODPlugin
LogPluginManager: Mounting plugin SkeletalReduction
LogPluginManager: Mounting plugin MagicLeap
LogPluginManager: Mounting plugin MagicLeapMedia
LogPluginManager: Mounting plugin AndroidMedia
LogPluginManager: Mounting plugin AvfMedia
LogPluginManager: Mounting plugin ImgMedia
LogPluginManager: Mounting plugin MediaCompositing
LogPluginManager: Mounting plugin MediaPlayerEditor
LogPluginManager: Mounting plugin WebMMedia
LogPluginManager: Mounting plugin WmfMedia
LogPluginManager: Mounting plugin TcpMessaging
LogPluginManager: Mounting plugin UdpMessaging
LogPluginManager: Mounting plugin ActorSequence
LogPluginManager: Mounting plugin LevelSequenceEditor
LogPluginManager: Mounting plugin MatineeToLevelSequence
LogPluginManager: Mounting plugin NetcodeUnitTest
LogPluginManager: Mounting plugin NUTUnrealEngine4
LogPluginManager: Mounting plugin OnlineSubsystemGooglePlay
LogPluginManager: Mounting plugin OnlineSubsystemIOS
LogPluginManager: Mounting plugin OnlineSubsystem
LogPluginManager: Mounting plugin OnlineSubsystemNull
LogPluginManager: Mounting plugin OnlineSubsystemUtils
LogPluginManager: Mounting plugin LauncherChunkInstaller
LogPluginManager: Mounting plugin AndroidDeviceProfileSelector
LogPluginManager: Mounting plugin AndroidMoviePlayer
LogPluginManager: Mounting plugin AndroidPermission
LogPluginManager: Mounting plugin AppleImageUtils
LogPluginManager: Mounting plugin AppleMoviePlayer
LogPluginManager: Mounting plugin ArchVisCharacter
LogPluginManager: Mounting plugin AudioCapture
LogPluginManager: Mounting plugin CableComponent
LogPluginManager: Mounting plugin CustomMeshComponent
LogPluginManager: Mounting plugin EditableMesh
LogPluginManager: Mounting plugin ExampleDeviceProfileSelector
LogPluginManager: Mounting plugin GoogleCloudMessaging
LogPluginManager: Mounting plugin IOSDeviceProfileSelector
LogPluginManager: Mounting plugin LinuxDeviceProfileSelector
LogPluginManager: Mounting plugin LocationServicesBPLibrary
LogPluginManager: Mounting plugin MobilePatchingUtils
LogPluginManager: Mounting plugin OculusVR
LogPluginManager: Mounting plugin PhysXVehicles
LogPluginManager: Mounting plugin ProceduralMeshComponent
LogPluginManager: Mounting plugin RuntimePhysXCooking
LogPluginManager: Mounting plugin SignificanceManager
LogPluginManager: Mounting plugin SteamVR
LogPluginManager: Mounting plugin WebMMoviePlayer
LogPluginManager: Mounting plugin WindowsMoviePlayer
LogPluginManager: Mounting plugin ScreenshotTools
LogInit: Using libcurl 7.55.1-DEV
LogInit:  - built for x86_64-pc-win32
LogInit:  - supports SSL with OpenSSL/1.1.1
LogInit:  - supports HTTP deflate (compression) using libz 1.2.8
LogInit:  - other features:
LogInit:      CURL_VERSION_SSL
LogInit:      CURL_VERSION_LIBZ
LogInit:      CURL_VERSION_IPV6
LogInit:      CURL_VERSION_ASYNCHDNS
LogInit:      CURL_VERSION_LARGEFILE
LogInit:      CURL_VERSION_IDN
LogInit:  CurlRequestOptions (configurable via config and command line):
LogInit:  - bVerifyPeer = true  - Libcurl will verify peer certificate
LogInit:  - bUseHttpProxy = false  - Libcurl will NOT use HTTP proxy
LogInit:  - bDontReuseConnections = false  - Libcurl will reuse connections
LogInit:  - MaxHostConnections = 16  - Libcurl will limit the number of connections to a host
LogInit:  - LocalHostAddr = Default
LogInit:  - BufferSize = 65536
LogOnline: OSS: Creating online subsystem instance for: NULL
LogInit: WinSock: version 1.1 (2.2), MaxSocks=32767, MaxUdp=65467
LogInit: Build: ++UE4+Release-4.23-CL-8386587
LogInit: Engine Version: 4.23.0-8386587+++UE4+Release-4.23
LogInit: Compatible Engine Version: 4.23.0-8386587+++UE4+Release-4.23
LogInit: Net CL: 8386587
LogInit: OS: Windows 10 (Release 1809) (), CPU:       Intel(R) Xeon(R) CPU E5-2697 v2 @ 2.70GHz, GPU: AMD FirePro D700 (FireGL V)
LogInit: Compiled (64-bit): Aug 31 2019 02:04:44
LogInit: Compiled with Visual C++: 19.16.27030.01
LogInit: Build Configuration: Development
LogInit: Branch Name: ++UE4+Release-4.23
LogInit: Command Line:  -EpicPortal -epicusername=kevseto -epicuserid=671fbc2e25da432c94c7feefe50bae2a -epiclocale=en-US
LogInit: Base Directory: C:/Program Files/Epic Games/UE_4.23/Engine/Binaries/Win64/
LogInit: Installed Engine Build: 1
LogDevObjectVersion: Number of dev versions registered: 23
LogDevObjectVersion:   Dev-Blueprints (B0D832E4-1F89-4F0D-ACCF-7EB736FD4AA2): 10
LogDevObjectVersion:   Dev-Build (E1C64328-A22C-4D53-A36C-8E866417BD8C): 0
LogDevObjectVersion:   Dev-Core (375EC13C-06E4-48FB-B500-84F0262A717E): 3
LogDevObjectVersion:   Dev-Editor (E4B068ED-F494-42E9-A231-DA0B2E46BB41): 34
LogDevObjectVersion:   Dev-Framework (CFFC743F-43B0-4480-9391-14DF171D2073): 35
LogDevObjectVersion:   Dev-Mobile (B02B49B5-BB20-44E9-A304-32B752E40360): 2
LogDevObjectVersion:   Dev-Networking (A4E4105C-59A1-49B5-A7C5-40C4547EDFEE): 0
LogDevObjectVersion:   Dev-Online (39C831C9-5AE6-47DC-9A44-9C173E1C8E7C): 0
LogDevObjectVersion:   Dev-Physics (78F01B33-EBEA-4F98-B9B4-84EACCB95AA2): 0
LogDevObjectVersion:   Dev-Platform (6631380F-2D4D-43E0-8009-CF276956A95A): 0
LogDevObjectVersion:   Dev-Rendering (12F88B9F-8875-4AFC-A67C-D90C383ABD29): 31
LogDevObjectVersion:   Dev-Sequencer (7B5AE74C-D270-4C10-A958-57980B212A5A): 11
LogDevObjectVersion:   Dev-VR (D7296918-1DD6-4BDD-9DE2-64A83CC13884): 2
LogDevObjectVersion:   Dev-LoadTimes (C2A15278-BFE7-4AFE-6C17-90FF531DF755): 1
LogDevObjectVersion:   Private-Geometry (6EACA3D4-40EC-4CC1-B786-8BED09428FC5): 3
LogDevObjectVersion:   Dev-AnimPhys (29E575DD-E0A3-4627-9D10-D276232CDCEA): 17
LogDevObjectVersion:   Dev-Anim (AF43A65D-7FD3-4947-9873-3E8ED9C1BB05): 2
LogDevObjectVersion:   Dev-ReflectionCapture (6B266CEC-1EC7-4B8F-A30B-E4D90942FC07): 1
LogDevObjectVersion:   Dev-Automation (0DF73D61-A23F-47EA-B727-89E90C41499A): 1
LogDevObjectVersion:   FortniteMain (601D1886-AC64-4F84-AA16-D3DE0DEAC7D6): 27
LogDevObjectVersion:   Dev-Enterprise (9DFFBCD6-494F-0158-E221-12823C92A888): 6
LogDevObjectVersion:   Dev-Niagara (F2AED0AC-9AFE-416F-8664-AA7FFA26D6FC): 1
LogDevObjectVersion:   Dev-Destruction (174F1F0B-B4C6-45A5-B13F-2EE8D0FB917D): 9
LogInit: Presizing for max 16777216 objects, including 0 objects not considered by GC, pre-allocating 0 bytes for permanent pool.
LogInit: Object subsystem initialized
LogConfig: Setting CVar [[con.DebugEarlyDefault:1]]
LogConfig: Setting CVar [[r.setres:1280x720]]
[2019.12.03-23.49.08:116][  0]LogConfig: Setting CVar [[r.VSync:0]]
[2019.12.03-23.49.08:116][  0]LogConfig: Setting CVar [[r.RHICmdBypass:0]]
[2019.12.03-23.49.08:116][  0]LogConfig: Applying CVar settings from Section [/Script/Engine.RendererSettings] File [C:/Users/Graphic.SJH519-000W/Documents/GitHub/Stolemates/Stolemates/Saved/Config/Windows/Engine.ini]
[2019.12.03-23.49.08:116][  0]LogConfig: Setting CVar [[r.GPUCrashDebugging:0]]
[2019.12.03-23.49.08:116][  0]LogConfig: Setting CVar [[r.DefaultFeature.AutoExposure.ExtendDefaultLuminanceRange:1]]
[2019.12.03-23.49.08:116][  0]LogConfig: Applying CVar settings from Section [/Script/Engine.RendererOverrideSettings] File [C:/Users/Graphic.SJH519-000W/Documents/GitHub/Stolemates/Stolemates/Saved/Config/Windows/Engine.ini]
[2019.12.03-23.49.08:116][  0]LogConfig: Applying CVar settings from Section [/Script/Engine.StreamingSettings] File [C:/Users/Graphic.SJH519-000W/Documents/GitHub/Stolemates/Stolemates/Saved/Config/Windows/Engine.ini]
[2019.12.03-23.49.08:116][  0]LogConfig: Setting CVar [[s.MinBulkDataSizeForAsyncLoading:131072]]
[2019.12.03-23.49.08:116][  0]LogConfig: Setting CVar [[s.AsyncLoadingThreadEnabled:0]]
[2019.12.03-23.49.08:116][  0]LogConfig: Setting CVar [[s.EventDrivenLoaderEnabled:1]]
[2019.12.03-23.49.08:116][  0]LogConfig: Setting CVar [[s.WarnIfTimeLimitExceeded:0]]
[2019.12.03-23.49.08:116][  0]LogConfig: Setting CVar [[s.TimeLimitExceededMultiplier:1.5]]
[2019.12.03-23.49.08:116][  0]LogConfig: Setting CVar [[s.TimeLimitExceededMinTime:0.005]]
[2019.12.03-23.49.08:116][  0]LogConfig: Setting CVar [[s.UseBackgroundLevelStreaming:1]]
[2019.12.03-23.49.08:116][  0]LogConfig: Setting CVar [[s.PriorityAsyncLoadingExtraTime:15.0]]
[2019.12.03-23.49.08:116][  0]LogConfig: Setting CVar [[s.LevelStreamingActorsUpdateTimeLimit:5.0]]
[2019.12.03-23.49.08:116][  0]LogConfig: Setting CVar [[s.PriorityLevelStreamingActorsUpdateExtraTime:5.0]]
[2019.12.03-23.49.08:116][  0]LogConfig: Setting CVar [[s.LevelStreamingComponentsRegistrationGranularity:10]]
[2019.12.03-23.49.08:116][  0]LogConfig: Setting CVar [[s.UnregisterComponentsTimeLimit:1.0]]
[2019.12.03-23.49.08:116][  0]LogConfig: Setting CVar [[s.LevelStreamingComponentsUnregistrationGranularity:5]]
[2019.12.03-23.49.08:116][  0]LogConfig: Applying CVar settings from Section [/Script/Engine.GarbageCollectionSettings] File [C:/Users/Graphic.SJH519-000W/Documents/GitHub/Stolemates/Stolemates/Saved/Config/Windows/Engine.ini]
[2019.12.03-23.49.08:116][  0]LogConfig: Setting CVar [[gc.MaxObjectsNotConsideredByGC:1]]
[2019.12.03-23.49.08:116][  0]LogConfig: Setting CVar [[gc.SizeOfPermanentObjectPool:0]]
[2019.12.03-23.49.08:116][  0]LogConfig: Setting CVar [[gc.FlushStreamingOnGC:0]]
[2019.12.03-23.49.08:116][  0]LogConfig: Setting CVar [[gc.NumRetriesBeforeForcingGC:10]]
[2019.12.03-23.49.08:116][  0]LogConfig: Setting CVar [[gc.AllowParallelGC:1]]
[2019.12.03-23.49.08:116][  0]LogConfig: Setting CVar [[gc.TimeBetweenPurgingPendingKillObjects:61.1]]
[2019.12.03-23.49.08:116][  0]LogConfig: Setting CVar [[gc.MaxObjectsInEditor:16777216]]
[2019.12.03-23.49.08:116][  0]LogConfig: Setting CVar [[gc.IncrementalBeginDestroyEnabled:1]]
[2019.12.03-23.49.08:116][  0]LogConfig: Setting CVar [[gc.CreateGCClusters:1]]
[2019.12.03-23.49.08:116][  0]LogConfig: Setting CVar [[gc.MinGCClusterSize:5]]
[2019.12.03-23.49.08:116][  0]LogConfig: Setting CVar [[gc.ActorClusteringEnabled:0]]
[2019.12.03-23.49.08:116][  0]LogConfig: Setting CVar [[gc.BlueprintClusteringEnabled:0]]
[2019.12.03-23.49.08:116][  0]LogConfig: Setting CVar [[gc.UseDisregardForGCOnDedicatedServers:0]]
[2019.12.03-23.49.08:116][  0]LogConfig: Applying CVar settings from Section [/Script/Engine.NetworkSettings] File [C:/Users/Graphic.SJH519-000W/Documents/GitHub/Stolemates/Stolemates/Saved/Config/Windows/Engine.ini]
[2019.12.03-23.49.08:116][  0]LogConfig: Applying CVar settings from Section [/Script/UnrealEd.CookerSettings] File [C:/Users/Graphic.SJH519-000W/Documents/GitHub/Stolemates/Stolemates/Saved/Config/Windows/Engine.ini]
[2019.12.03-23.49.08:119][  0]LogConfig: Applying CVar settings from Section [ViewDistanceQuality@3] File [C:/Users/Graphic.SJH519-000W/Documents/GitHub/Stolemates/Stolemates/Saved/Config/Windows/Scalability.ini]
[2019.12.03-23.49.08:119][  0]LogConfig: Setting CVar [[r.SkeletalMeshLODBias:0]]
[2019.12.03-23.49.08:119][  0]LogConfig: Setting CVar [[r.ViewDistanceScale:1.0]]
[2019.12.03-23.49.08:119][  0]LogConfig: Applying CVar settings from Section [AntiAliasingQuality@3] File [C:/Users/Graphic.SJH519-000W/Documents/GitHub/Stolemates/Stolemates/Saved/Config/Windows/Scalability.ini]
[2019.12.03-23.49.08:119][  0]LogConfig: Setting CVar [[r.PostProcessAAQuality:4]]
[2019.12.03-23.49.08:119][  0]LogConfig: Applying CVar settings from Section [ShadowQuality@3] File [C:/Users/Graphic.SJH519-000W/Documents/GitHub/Stolemates/Stolemates/Saved/Config/Windows/Scalability.ini]
[2019.12.03-23.49.08:119][  0]LogConfig: Setting CVar [[r.LightFunctionQuality:1]]
[2019.12.03-23.49.08:119][  0]LogConfig: Setting CVar [[r.ShadowQuality:5]]
[2019.12.03-23.49.08:119][  0]LogConfig: Setting CVar [[r.Shadow.CSM.MaxCascades:10]]
[2019.12.03-23.49.08:119][  0]LogConfig: Setting CVar [[r.Shadow.MaxResolution:2048]]
[2019.12.03-23.49.08:119][  0]LogConfig: Setting CVar [[r.Shadow.MaxCSMResolution:2048]]
[2019.12.03-23.49.08:119][  0]LogConfig: Setting CVar [[r.Shadow.RadiusThreshold:0.01]]
[2019.12.03-23.49.08:119][  0]LogConfig: Setting CVar [[r.Shadow.DistanceScale:1.0]]
[2019.12.03-23.49.08:119][  0]LogConfig: Setting CVar [[r.Shadow.CSM.TransitionScale:1.0]]
[2019.12.03-23.49.08:119][  0]LogConfig: Setting CVar [[r.Shadow.PreShadowResolutionFactor:1.0]]
[2019.12.03-23.49.08:119][  0]LogConfig: Setting CVar [[r.DistanceFieldShadowing:1]]
[2019.12.03-23.49.08:119][  0]LogConfig: Setting CVar [[r.DistanceFieldAO:1]]
[2019.12.03-23.49.08:119][  0]LogConfig: Setting CVar [[r.AOQuality:2]]
[2019.12.03-23.49.08:119][  0]LogConfig: Setting CVar [[r.VolumetricFog:1]]
[2019.12.03-23.49.08:119][  0]LogConfig: Setting CVar [[r.VolumetricFog.GridPixelSize:8]]
[2019.12.03-23.49.08:119][  0]LogConfig: Setting CVar [[r.VolumetricFog.GridSizeZ:128]]
[2019.12.03-23.49.08:119][  0]LogConfig: Setting CVar [[r.VolumetricFog.HistoryMissSupersampleCount:4]]
[2019.12.03-23.49.08:119][  0]LogConfig: Setting CVar [[r.LightMaxDrawDistanceScale:1]]
[2019.12.03-23.49.08:119][  0]LogConfig: Setting CVar [[r.CapsuleShadows:1]]
[2019.12.03-23.49.08:119][  0]LogConfig: Applying CVar settings from Section [PostProcessQuality@3] File [C:/Users/Graphic.SJH519-000W/Documents/GitHub/Stolemates/Stolemates/Saved/Config/Windows/Scalability.ini]
[2019.12.03-23.49.08:119][  0]LogConfig: Setting CVar [[r.MotionBlurQuality:4]]
[2019.12.03-23.49.08:119][  0]LogConfig: Setting CVar [[r.AmbientOcclusionMipLevelFactor:0.4]]
[2019.12.03-23.49.08:119][  0]LogConfig: Setting CVar [[r.AmbientOcclusionMaxQuality:100]]
[2019.12.03-23.49.08:119][  0]LogConfig: Setting CVar [[r.AmbientOcclusionLevels:-1]]
[2019.12.03-23.49.08:119][  0]LogConfig: Setting CVar [[r.AmbientOcclusionRadiusScale:1.0]]
[2019.12.03-23.49.08:119][  0]LogConfig: Setting CVar [[r.DepthOfFieldQuality:2]]
[2019.12.03-23.49.08:120][  0]LogConfig: Setting CVar [[r.RenderTargetPoolMin:400]]
[2019.12.03-23.49.08:120][  0]LogConfig: Setting CVar [[r.LensFlareQuality:2]]
[2019.12.03-23.49.08:120][  0]LogConfig: Setting CVar [[r.SceneColorFringeQuality:1]]
[2019.12.03-23.49.08:120][  0]LogConfig: Setting CVar [[r.EyeAdaptationQuality:2]]
[2019.12.03-23.49.08:120][  0]LogConfig: Setting CVar [[r.BloomQuality:5]]
[2019.12.03-23.49.08:120][  0]LogConfig: Setting CVar [[r.FastBlurThreshold:100]]
[2019.12.03-23.49.08:120][  0]LogConfig: Setting CVar [[r.Upscale.Quality:3]]
[2019.12.03-23.49.08:120][  0]LogConfig: Setting CVar [[r.Tonemapper.GrainQuantization:1]]
[2019.12.03-23.49.08:120][  0]LogConfig: Setting CVar [[r.LightShaftQuality:1]]
[2019.12.03-23.49.08:120][  0]LogConfig: Setting CVar [[r.Filter.SizeScale:1]]
[2019.12.03-23.49.08:120][  0]LogConfig: Setting CVar [[r.Tonemapper.Quality:5]]
[2019.12.03-23.49.08:120][  0]LogConfig: Setting CVar [[r.DOF.Gather.AccumulatorQuality:1        ; higher gathering accumulator quality]]
[2019.12.03-23.49.08:120][  0]LogConfig: Setting CVar [[r.DOF.Gather.PostfilterMethod:1          ; Median3x3 postfilering method]]
[2019.12.03-23.49.08:120][  0]LogConfig: Setting CVar [[r.DOF.Gather.EnableBokehSettings:0       ; no bokeh simulation when gathering]]
[2019.12.03-23.49.08:120][  0]LogConfig: Setting CVar [[r.DOF.Gather.RingCount:4                 ; medium number of samples when gathering]]
[2019.12.03-23.49.08:120][  0]LogConfig: Setting CVar [[r.DOF.Scatter.ForegroundCompositing:1    ; additive foreground scattering]]
[2019.12.03-23.49.08:120][  0]LogConfig: Setting CVar [[r.DOF.Scatter.BackgroundCompositing:2    ; additive background scattering]]
[2019.12.03-23.49.08:120][  0]LogConfig: Setting CVar [[r.DOF.Scatter.EnableBokehSettings:1      ; bokeh simulation when scattering]]
[2019.12.03-23.49.08:120][  0]LogConfig: Setting CVar [[r.DOF.Scatter.MaxSpriteRatio:0.1         ; only a maximum of 10% of scattered bokeh]]
[2019.12.03-23.49.08:120][  0]LogConfig: Setting CVar [[r.DOF.Recombine.Quality:1                ; cheap slight out of focus]]
[2019.12.03-23.49.08:120][  0]LogConfig: Setting CVar [[r.DOF.Recombine.EnableBokehSettings:0    ; no bokeh simulation on slight out of focus]]
[2019.12.03-23.49.08:120][  0]LogConfig: Setting CVar [[r.DOF.TemporalAAQuality:1                ; more stable temporal accumulation]]
[2019.12.03-23.49.08:120][  0]LogConfig: Setting CVar [[r.DOF.Kernel.MaxForegroundRadius:0.025]]
[2019.12.03-23.49.08:120][  0]LogConfig: Setting CVar [[r.DOF.Kernel.MaxBackgroundRadius:0.025]]
[2019.12.03-23.49.08:120][  0]LogConfig: Applying CVar settings from Section [TextureQuality@3] File [C:/Users/Graphic.SJH519-000W/Documents/GitHub/Stolemates/Stolemates/Saved/Config/Windows/Scalability.ini]
[2019.12.03-23.49.08:120][  0]LogConfig: Setting CVar [[r.Streaming.MipBias:0]]
[2019.12.03-23.49.08:120][  0]LogConfig: Setting CVar [[r.Streaming.AmortizeCPUToGPUCopy:0]]
[2019.12.03-23.49.08:120][  0]LogConfig: Setting CVar [[r.Streaming.MaxNumTexturesToStreamPerFrame:0]]
[2019.12.03-23.49.08:120][  0]LogConfig: Setting CVar [[r.Streaming.Boost:1]]
[2019.12.03-23.49.08:120][  0]LogConfig: Setting CVar [[r.MaxAnisotropy:8]]
[2019.12.03-23.49.08:120][  0]LogConfig: Setting CVar [[r.Streaming.LimitPoolSizeToVRAM:0]]
[2019.12.03-23.49.08:120][  0]LogConfig: Setting CVar [[r.Streaming.PoolSize:1000]]
[2019.12.03-23.49.08:120][  0]LogConfig: Setting CVar [[r.Streaming.MaxEffectiveScreenSize:0]]
[2019.12.03-23.49.08:120][  0]LogConfig: Applying CVar settings from Section [EffectsQuality@3] File [C:/Users/Graphic.SJH519-000W/Documents/GitHub/Stolemates/Stolemates/Saved/Config/Windows/Scalability.ini]
[2019.12.03-23.49.08:120][  0]LogConfig: Setting CVar [[r.TranslucencyLightingVolumeDim:64]]
[2019.12.03-23.49.08:120][  0]LogConfig: Setting CVar [[r.RefractionQuality:2]]
[2019.12.03-23.49.08:120][  0]LogConfig: Setting CVar [[r.SSR.Quality:3]]
[2019.12.03-23.49.08:120][  0]LogConfig: Setting CVar [[r.SceneColorFormat:4]]
[2019.12.03-23.49.08:120][  0]LogConfig: Setting CVar [[r.DetailMode:2]]
[2019.12.03-23.49.08:120][  0]LogConfig: Setting CVar [[r.TranslucencyVolumeBlur:1]]
[2019.12.03-23.49.08:120][  0]LogConfig: Setting CVar [[r.MaterialQualityLevel:1 ; High quality]]
[2019.12.03-23.49.08:120][  0]LogConfig: Setting CVar [[r.SSS.Scale:1]]
[2019.12.03-23.49.08:120][  0]LogConfig: Setting CVar [[r.SSS.SampleSet:2]]
[2019.12.03-23.49.08:120][  0]LogConfig: Setting CVar [[r.SSS.Quality:1]]
[2019.12.03-23.49.08:120][  0]LogConfig: Setting CVar [[r.SSS.HalfRes:1]]
[2019.12.03-23.49.08:120][  0]LogConfig: Setting CVar [[r.EmitterSpawnRateScale:1.0]]
[2019.12.03-23.49.08:120][  0]LogConfig: Setting CVar [[r.ParticleLightQuality:2]]
[2019.12.03-23.49.08:120][  0]LogConfig: Applying CVar settings from Section [FoliageQuality@3] File [C:/Users/Graphic.SJH519-000W/Documents/GitHub/Stolemates/Stolemates/Saved/Config/Windows/Scalability.ini]
[2019.12.03-23.49.08:120][  0]LogConfig: Setting CVar [[foliage.DensityScale:1.0]]
[2019.12.03-23.49.08:120][  0]LogConfig: Setting CVar [[grass.DensityScale:1.0]]
[2019.12.03-23.49.08:120][  0]LogInit: Selected Device Profile: [Windows]
[2019.12.03-23.49.08:120][  0]LogInit: Applying CVar settings loaded from the selected device profile: [Windows]
[2019.12.03-23.49.08:123][  0]LogHAL: Display: Platform has ~ 32 GB [34329395200 / 34359738368 / 32], which maps to Largest [LargestMinGB=32, LargerMinGB=12, DefaultMinGB=8, SmallerMinGB=6, SmallestMinGB=0)
[2019.12.03-23.49.08:123][  0]LogInit: Going up to parent DeviceProfile []
[2019.12.03-23.49.08:123][  0]LogConfig: Applying CVar settings from Section [ViewDistanceQuality@3] File [C:/Users/Graphic.SJH519-000W/Documents/GitHub/Stolemates/Stolemates/Saved/Config/Windows/Scalability.ini]
[2019.12.03-23.49.08:123][  0]LogConfig: Setting CVar [[r.SkeletalMeshLODBias:0]]
[2019.12.03-23.49.08:123][  0]LogConfig: Setting CVar [[r.ViewDistanceScale:1.0]]
[2019.12.03-23.49.08:123][  0]LogConfig: Applying CVar settings from Section [AntiAliasingQuality@3] File [C:/Users/Graphic.SJH519-000W/Documents/GitHub/Stolemates/Stolemates/Saved/Config/Windows/Scalability.ini]
[2019.12.03-23.49.08:123][  0]LogConfig: Setting CVar [[r.PostProcessAAQuality:4]]
[2019.12.03-23.49.08:123][  0]LogConfig: Applying CVar settings from Section [ShadowQuality@3] File [C:/Users/Graphic.SJH519-000W/Documents/GitHub/Stolemates/Stolemates/Saved/Config/Windows/Scalability.ini]
[2019.12.03-23.49.08:123][  0]LogConfig: Setting CVar [[r.LightFunctionQuality:1]]
[2019.12.03-23.49.08:124][  0]LogConfig: Setting CVar [[r.ShadowQuality:5]]
[2019.12.03-23.49.08:124][  0]LogConfig: Setting CVar [[r.Shadow.CSM.MaxCascades:10]]
[2019.12.03-23.49.08:124][  0]LogConfig: Setting CVar [[r.Shadow.MaxResolution:2048]]
[2019.12.03-23.49.08:124][  0]LogConfig: Setting CVar [[r.Shadow.MaxCSMResolution:2048]]
[2019.12.03-23.49.08:124][  0]LogConfig: Setting CVar [[r.Shadow.RadiusThreshold:0.01]]
[2019.12.03-23.49.08:124][  0]LogConfig: Setting CVar [[r.Shadow.DistanceScale:1.0]]
[2019.12.03-23.49.08:124][  0]LogConfig: Setting CVar [[r.Shadow.CSM.TransitionScale:1.0]]
[2019.12.03-23.49.08:124][  0]LogConfig: Setting CVar [[r.Shadow.PreShadowResolutionFactor:1.0]]
[2019.12.03-23.49.08:124][  0]LogConfig: Setting CVar [[r.DistanceFieldShadowing:1]]
[2019.12.03-23.49.08:124][  0]LogConfig: Setting CVar [[r.DistanceFieldAO:1]]
[2019.12.03-23.49.08:124][  0]LogConfig: Setting CVar [[r.AOQuality:2]]
[2019.12.03-23.49.08:124][  0]LogConfig: Setting CVar [[r.VolumetricFog:1]]
[2019.12.03-23.49.08:124][  0]LogConfig: Setting CVar [[r.VolumetricFog.GridPixelSize:8]]
[2019.12.03-23.49.08:124][  0]LogConfig: Setting CVar [[r.VolumetricFog.GridSizeZ:128]]
[2019.12.03-23.49.08:124][  0]LogConfig: Setting CVar [[r.VolumetricFog.HistoryMissSupersampleCount:4]]
[2019.12.03-23.49.08:124][  0]LogConfig: Setting CVar [[r.LightMaxDrawDistanceScale:1]]
[2019.12.03-23.49.08:124][  0]LogConfig: Setting CVar [[r.CapsuleShadows:1]]
[2019.12.03-23.49.08:124][  0]LogConfig: Applying CVar settings from Section [PostProcessQuality@3] File [C:/Users/Graphic.SJH519-000W/Documents/GitHub/Stolemates/Stolemates/Saved/Config/Windows/Scalability.ini]
[2019.12.03-23.49.08:124][  0]LogConfig: Setting CVar [[r.MotionBlurQuality:4]]
[2019.12.03-23.49.08:124][  0]LogConfig: Setting CVar [[r.AmbientOcclusionMipLevelFactor:0.4]]
[2019.12.03-23.49.08:124][  0]LogConfig: Setting CVar [[r.AmbientOcclusionMaxQuality:100]]
[2019.12.03-23.49.08:124][  0]LogConfig: Setting CVar [[r.AmbientOcclusionLevels:-1]]
[2019.12.03-23.49.08:124][  0]LogConfig: Setting CVar [[r.AmbientOcclusionRadiusScale:1.0]]
[2019.12.03-23.49.08:124][  0]LogConfig: Setting CVar [[r.DepthOfFieldQuality:2]]
[2019.12.03-23.49.08:124][  0]LogConfig: Setting CVar [[r.RenderTargetPoolMin:400]]
[2019.12.03-23.49.08:124][  0]LogConfig: Setting CVar [[r.LensFlareQuality:2]]
[2019.12.03-23.49.08:124][  0]LogConfig: Setting CVar [[r.SceneColorFringeQuality:1]]
[2019.12.03-23.49.08:124][  0]LogConfig: Setting CVar [[r.EyeAdaptationQuality:2]]
[2019.12.03-23.49.08:124][  0]LogConfig: Setting CVar [[r.BloomQuality:5]]
[2019.12.03-23.49.08:124][  0]LogConfig: Setting CVar [[r.FastBlurThreshold:100]]
[2019.12.03-23.49.08:124][  0]LogConfig: Setting CVar [[r.Upscale.Quality:3]]
[2019.12.03-23.49.08:124][  0]LogConfig: Setting CVar [[r.Tonemapper.GrainQuantization:1]]
[2019.12.03-23.49.08:124][  0]LogConfig: Setting CVar [[r.LightShaftQuality:1]]
[2019.12.03-23.49.08:124][  0]LogConfig: Setting CVar [[r.Filter.SizeScale:1]]
[2019.12.03-23.49.08:124][  0]LogConfig: Setting CVar [[r.Tonemapper.Quality:5]]
[2019.12.03-23.49.08:124][  0]LogConfig: Setting CVar [[r.DOF.Gather.AccumulatorQuality:1        ; higher gathering accumulator quality]]
[2019.12.03-23.49.08:124][  0]LogConfig: Setting CVar [[r.DOF.Gather.PostfilterMethod:1          ; Median3x3 postfilering method]]
[2019.12.03-23.49.08:124][  0]LogConfig: Setting CVar [[r.DOF.Gather.EnableBokehSettings:0       ; no bokeh simulation when gathering]]
[2019.12.03-23.49.08:124][  0]LogConfig: Setting CVar [[r.DOF.Gather.RingCount:4                 ; medium number of samples when gathering]]
[2019.12.03-23.49.08:124][  0]LogConfig: Setting CVar [[r.DOF.Scatter.ForegroundCompositing:1    ; additive foreground scattering]]
[2019.12.03-23.49.08:124][  0]LogConfig: Setting CVar [[r.DOF.Scatter.BackgroundCompositing:2    ; additive background scattering]]
[2019.12.03-23.49.08:124][  0]LogConfig: Setting CVar [[r.DOF.Scatter.EnableBokehSettings:1      ; bokeh simulation when scattering]]
[2019.12.03-23.49.08:124][  0]LogConfig: Setting CVar [[r.DOF.Scatter.MaxSpriteRatio:0.1         ; only a maximum of 10% of scattered bokeh]]
[2019.12.03-23.49.08:124][  0]LogConfig: Setting CVar [[r.DOF.Recombine.Quality:1                ; cheap slight out of focus]]
[2019.12.03-23.49.08:124][  0]LogConfig: Setting CVar [[r.DOF.Recombine.EnableBokehSettings:0    ; no bokeh simulation on slight out of focus]]
[2019.12.03-23.49.08:124][  0]LogConfig: Setting CVar [[r.DOF.TemporalAAQuality:1                ; more stable temporal accumulation]]
[2019.12.03-23.49.08:124][  0]LogConfig: Setting CVar [[r.DOF.Kernel.MaxForegroundRadius:0.025]]
[2019.12.03-23.49.08:124][  0]LogConfig: Setting CVar [[r.DOF.Kernel.MaxBackgroundRadius:0.025]]
[2019.12.03-23.49.08:124][  0]LogConfig: Applying CVar settings from Section [TextureQuality@3] File [C:/Users/Graphic.SJH519-000W/Documents/GitHub/Stolemates/Stolemates/Saved/Config/Windows/Scalability.ini]
[2019.12.03-23.49.08:124][  0]LogConfig: Setting CVar [[r.Streaming.MipBias:0]]
[2019.12.03-23.49.08:124][  0]LogConfig: Setting CVar [[r.Streaming.AmortizeCPUToGPUCopy:0]]
[2019.12.03-23.49.08:124][  0]LogConfig: Setting CVar [[r.Streaming.MaxNumTexturesToStreamPerFrame:0]]
[2019.12.03-23.49.08:124][  0]LogConfig: Setting CVar [[r.Streaming.Boost:1]]
[2019.12.03-23.49.08:124][  0]LogConfig: Setting CVar [[r.MaxAnisotropy:8]]
[2019.12.03-23.49.08:125][  0]LogConfig: Setting CVar [[r.Streaming.LimitPoolSizeToVRAM:0]]
[2019.12.03-23.49.08:125][  0]LogConfig: Setting CVar [[r.Streaming.PoolSize:1000]]
[2019.12.03-23.49.08:125][  0]LogConfig: Setting CVar [[r.Streaming.MaxEffectiveScreenSize:0]]
[2019.12.03-23.49.08:125][  0]LogConfig: Applying CVar settings from Section [EffectsQuality@3] File [C:/Users/Graphic.SJH519-000W/Documents/GitHub/Stolemates/Stolemates/Saved/Config/Windows/Scalability.ini]
[2019.12.03-23.49.08:125][  0]LogConfig: Setting CVar [[r.TranslucencyLightingVolumeDim:64]]
[2019.12.03-23.49.08:125][  0]LogConfig: Setting CVar [[r.RefractionQuality:2]]
[2019.12.03-23.49.08:125][  0]LogConfig: Setting CVar [[r.SSR.Quality:3]]
[2019.12.03-23.49.08:125][  0]LogConfig: Setting CVar [[r.SceneColorFormat:4]]
[2019.12.03-23.49.08:125][  0]LogConfig: Setting CVar [[r.DetailMode:2]]
[2019.12.03-23.49.08:125][  0]LogConfig: Setting CVar [[r.TranslucencyVolumeBlur:1]]
[2019.12.03-23.49.08:125][  0]LogConfig: Setting CVar [[r.MaterialQualityLevel:1 ; High quality]]
[2019.12.03-23.49.08:125][  0]LogConfig: Setting CVar [[r.SSS.Scale:1]]
[2019.12.03-23.49.08:125][  0]LogConfig: Setting CVar [[r.SSS.SampleSet:2]]
[2019.12.03-23.49.08:125][  0]LogConfig: Setting CVar [[r.SSS.Quality:1]]
[2019.12.03-23.49.08:125][  0]LogConfig: Setting CVar [[r.SSS.HalfRes:1]]
[2019.12.03-23.49.08:125][  0]LogConfig: Setting CVar [[r.EmitterSpawnRateScale:1.0]]
[2019.12.03-23.49.08:125][  0]LogConfig: Setting CVar [[r.ParticleLightQuality:2]]
[2019.12.03-23.49.08:125][  0]LogConfig: Applying CVar settings from Section [FoliageQuality@3] File [C:/Users/Graphic.SJH519-000W/Documents/GitHub/Stolemates/Stolemates/Saved/Config/Windows/Scalability.ini]
[2019.12.03-23.49.08:125][  0]LogConfig: Setting CVar [[foliage.DensityScale:1.0]]
[2019.12.03-23.49.08:125][  0]LogConfig: Setting CVar [[grass.DensityScale:1.0]]
[2019.12.03-23.49.08:125][  0]LogConfig: Applying CVar settings from Section [Startup] File [../../../Engine/Config/ConsoleVariables.ini]
[2019.12.03-23.49.08:125][  0]LogConfig: Setting CVar [[net.UseAdaptiveNetUpdateFrequency:0]]
[2019.12.03-23.49.08:125][  0]LogConfig: Setting CVar [[p.chaos.AllowCreatePhysxBodies:1]]
[2019.12.03-23.49.08:125][  0]LogConfig: Applying CVar settings from Section [ConsoleVariables] File [C:/Users/Graphic.SJH519-000W/Documents/GitHub/Stolemates/Stolemates/Saved/Config/Windows/Engine.ini]
[2019.12.03-23.49.08:125][  0]LogInit: Computer: WFD211-14W
[2019.12.03-23.49.08:125][  0]LogInit: User: Graphic
[2019.12.03-23.49.08:125][  0]LogInit: CPU Page size=4096, Cores=12
[2019.12.03-23.49.08:125][  0]LogInit: High frequency timer resolution =10.000000 MHz
[2019.12.03-23.49.08:125][  0]LogMemory: Memory total: Physical=32.0GB (32GB approx)
[2019.12.03-23.49.08:125][  0]LogMemory: Platform Memory Stats for Windows
[2019.12.03-23.49.08:125][  0]LogMemory: Process Physical Memory: 103.64 MB used, 103.64 MB peak
[2019.12.03-23.49.08:126][  0]LogMemory: Process Virtual Memory: 94.73 MB used, 94.73 MB peak
[2019.12.03-23.49.08:126][  0]LogMemory: Physical Memory: 11366.46 MB used,  21372.61 MB free, 32739.06 MB total
[2019.12.03-23.49.08:126][  0]LogMemory: Virtual Memory: 4743.55 MB used,  134212984.00 MB free, 134217728.00 MB total
[2019.12.03-23.49.08:128][  0]LogWindows: WindowsPlatformFeatures enabled
[2019.12.03-23.49.08:151][  0]LogInit: Using OS detected language (en-US).
[2019.12.03-23.49.08:151][  0]LogInit: Using OS detected locale (en-US).
[2019.12.03-23.49.08:151][  0]LogTextLocalizationManager: No specific localization for 'en-US' exists, so the 'en' localization will be used.
[2019.12.03-23.49.08:331][  0]LogInit: Setting process to per monitor DPI aware
[2019.12.03-23.49.08:372][  0]LogSlate: New Slate User Created.  User Index 0, Is Virtual User: 0
[2019.12.03-23.49.08:373][  0]LogSlate: Slate User Registered.  User Index 0, Is Virtual User: 0
[2019.12.03-23.49.08:593][  0]LogHMD: Failed to initialize OpenVR with code 110
[2019.12.03-23.49.08:593][  0]LogD3D11RHI: D3D11 adapters:
[2019.12.03-23.49.08:666][  0]LogD3D11RHI:    0. 'AMD FirePro D700 (FireGL V)' (Feature Level 11_0)
[2019.12.03-23.49.08:666][  0]LogD3D11RHI:       6124/0/16369 MB DedicatedVideo/DedicatedSystem/SharedSystem, Outputs:1, VendorId:0x1002
[2019.12.03-23.49.08:668][  0]LogD3D11RHI:    1. 'Microsoft Basic Render Driver' (Feature Level 11_0)
[2019.12.03-23.49.08:668][  0]LogD3D11RHI:       0/0/16369 MB DedicatedVideo/DedicatedSystem/SharedSystem, Outputs:0, VendorId:0x1414
[2019.12.03-23.49.08:668][  0]LogD3D11RHI: Chosen D3D11 Adapter: 0
[2019.12.03-23.49.08:676][  0]LogD3D11RHI: Creating new Direct3DDevice
[2019.12.03-23.49.08:676][  0]LogD3D11RHI:     GPU DeviceId: 0x6798 (for the marketing name, search the web for "GPU Device Id")
[2019.12.03-23.49.08:676][  0]LogWindows: EnumDisplayDevices:
[2019.12.03-23.49.08:676][  0]LogWindows:    0. 'AMD FirePro D700 (FireGL V)' (P:1 D:1)
[2019.12.03-23.49.08:677][  0]LogWindows:    1. 'AMD FirePro D700 (FireGL V)' (P:0 D:0)
[2019.12.03-23.49.08:677][  0]LogWindows:    2. 'AMD FirePro D700 (FireGL V)' (P:0 D:0)
[2019.12.03-23.49.08:677][  0]LogWindows:    3. 'AMD FirePro D700 (FireGL V)' (P:0 D:0)
[2019.12.03-23.49.08:678][  0]LogWindows:    4. 'AMD FirePro D700 (FireGL V)' (P:0 D:0)
[2019.12.03-23.49.08:678][  0]LogWindows:    5. 'AMD FirePro D700 (FireGL V)' (P:0 D:0)
[2019.12.03-23.49.08:679][  0]LogWindows: DebugString: FoundDriverCount:6 
[2019.12.03-23.49.08:679][  0]LogD3D11RHI:     Adapter Name: AMD FirePro D700 (FireGL V)
[2019.12.03-23.49.08:679][  0]LogD3D11RHI:   Driver Version: Crimson ReLive 17.6 (internal:22.19.170.1536, unified:22.19.170.1536)
[2019.12.03-23.49.08:679][  0]LogD3D11RHI:      Driver Date: 7-20-2017
[2019.12.03-23.49.08:679][  0]LogRHI: Texture pool is 4287 MB (70% of 6124 MB)
[2019.12.03-23.49.08:848][  0]LogD3D11RHI: Async texture creation enabled
[2019.12.03-23.49.08:862][  0]LogD3D11RHI: GPU Timing Frequency: 27.000000 (Debug: 2 1)
[2019.12.03-23.49.09:236][  0]LogTemp: Display: Module 'AllDesktopTargetPlatform' loaded TargetPlatform 'AllDesktop'
[2019.12.03-23.49.09:247][  0]LogTemp: Display: Module 'MacClientTargetPlatform' loaded TargetPlatform 'MacClient'
[2019.12.03-23.49.09:257][  0]LogTemp: Display: Module 'MacNoEditorTargetPlatform' loaded TargetPlatform 'MacNoEditor'
[2019.12.03-23.49.09:268][  0]LogTemp: Display: Module 'MacServerTargetPlatform' loaded TargetPlatform 'MacServer'
[2019.12.03-23.49.09:282][  0]LogTemp: Display: Module 'MacTargetPlatform' loaded TargetPlatform 'Mac'
[2019.12.03-23.49.09:293][  0]LogTemp: Display: Module 'WindowsClientTargetPlatform' loaded TargetPlatform 'WindowsClient'
[2019.12.03-23.49.09:304][  0]LogTemp: Display: Module 'WindowsNoEditorTargetPlatform' loaded TargetPlatform 'WindowsNoEditor'
[2019.12.03-23.49.09:315][  0]LogTemp: Display: Module 'WindowsServerTargetPlatform' loaded TargetPlatform 'WindowsServer'
[2019.12.03-23.49.09:320][  0]LogTemp: Display: Module 'WindowsTargetPlatform' loaded TargetPlatform 'Windows'
[2019.12.03-23.49.09:363][  0]LogTemp: Display: Module 'AndroidTargetPlatform' loaded TargetPlatform 'Android'
[2019.12.03-23.49.09:363][  0]LogTemp: Display: Module 'AndroidTargetPlatform' loaded TargetPlatform 'Android_ASTC'
[2019.12.03-23.49.09:363][  0]LogTemp: Display: Module 'AndroidTargetPlatform' loaded TargetPlatform 'Android_ATC'
[2019.12.03-23.49.09:363][  0]LogTemp: Display: Module 'AndroidTargetPlatform' loaded TargetPlatform 'Android_DXT'
[2019.12.03-23.49.09:363][  0]LogTemp: Display: Module 'AndroidTargetPlatform' loaded TargetPlatform 'Android_ETC1'
[2019.12.03-23.49.09:363][  0]LogTemp: Display: Module 'AndroidTargetPlatform' loaded TargetPlatform 'Android_ETC1a'
[2019.12.03-23.49.09:363][  0]LogTemp: Display: Module 'AndroidTargetPlatform' loaded TargetPlatform 'Android_ETC2'
[2019.12.03-23.49.09:363][  0]LogTemp: Display: Module 'AndroidTargetPlatform' loaded TargetPlatform 'Android_PVRTC'
[2019.12.03-23.49.09:363][  0]LogTemp: Display: Module 'AndroidTargetPlatform' loaded TargetPlatform 'AndroidClient'
[2019.12.03-23.49.09:363][  0]LogTemp: Display: Module 'AndroidTargetPlatform' loaded TargetPlatform 'Android_ASTCClient'
[2019.12.03-23.49.09:363][  0]LogTemp: Display: Module 'AndroidTargetPlatform' loaded TargetPlatform 'Android_ATCClient'
[2019.12.03-23.49.09:363][  0]LogTemp: Display: Module 'AndroidTargetPlatform' loaded TargetPlatform 'Android_DXTClient'
[2019.12.03-23.49.09:363][  0]LogTemp: Display: Module 'AndroidTargetPlatform' loaded TargetPlatform 'Android_ETC1Client'
[2019.12.03-23.49.09:363][  0]LogTemp: Display: Module 'AndroidTargetPlatform' loaded TargetPlatform 'Android_ETC1aClient'
[2019.12.03-23.49.09:363][  0]LogTemp: Display: Module 'AndroidTargetPlatform' loaded TargetPlatform 'Android_ETC2Client'
[2019.12.03-23.49.09:363][  0]LogTemp: Display: Module 'AndroidTargetPlatform' loaded TargetPlatform 'Android_PVRTCClient'
[2019.12.03-23.49.09:363][  0]LogTemp: Display: Module 'AndroidTargetPlatform' loaded TargetPlatform 'Android_Multi'
[2019.12.03-23.49.09:363][  0]LogTemp: Display: Module 'AndroidTargetPlatform' loaded TargetPlatform 'Android_MultiClient'
[2019.12.03-23.49.09:365][  0]LogTemp: Display: Module 'HTML5TargetPlatform' loaded TargetPlatform 'HTML5'
[2019.12.03-23.49.09:389][  0]LogTemp: Display: Module 'IOSTargetPlatform' loaded TargetPlatform 'IOSClient'
[2019.12.03-23.49.09:389][  0]LogTemp: Display: Module 'IOSTargetPlatform' loaded TargetPlatform 'IOS'
[2019.12.03-23.49.09:406][  0]LogTemp: Display: Module 'TVOSTargetPlatform' loaded TargetPlatform 'TVOSClient'
[2019.12.03-23.49.09:406][  0]LogTemp: Display: Module 'TVOSTargetPlatform' loaded TargetPlatform 'TVOS'
[2019.12.03-23.49.09:414][  0]LogTemp: Display: Module 'LinuxClientTargetPlatform' loaded TargetPlatform 'LinuxClient'
[2019.12.03-23.49.09:422][  0]LogTemp: Display: Module 'LinuxNoEditorTargetPlatform' loaded TargetPlatform 'LinuxNoEditor'
[2019.12.03-23.49.09:430][  0]LogTemp: Display: Module 'LinuxServerTargetPlatform' loaded TargetPlatform 'LinuxServer'
[2019.12.03-23.49.09:442][  0]LogTemp: Display: Module 'LinuxTargetPlatform' loaded TargetPlatform 'Linux'
[2019.12.03-23.49.09:471][  0]LogTemp: Display: Module 'LuminTargetPlatform' loaded TargetPlatform 'Lumin'
[2019.12.03-23.49.09:471][  0]LogTemp: Display: Module 'LuminTargetPlatform' loaded TargetPlatform 'LuminClient'
[2019.12.03-23.49.09:471][  0]LogTargetPlatformManager: Display: Building Assets For Windows
[2019.12.03-23.49.09:485][  0]LogAudioDebug: Display: Lib vorbis DLL was dynamically loaded.
[2019.12.03-23.49.09:545][  0]LogShaderCompilers: Guid format shader working directory is -23 characters bigger than the processId version (../../../../../../Users/Graphic.SJH519-000W/Documents/GitHub/Stolemates/Stolemates/Intermediate/Shaders/WorkingDirectory/11596/).
[2019.12.03-23.49.09:546][  0]LogShaderCompilers: Cleaned the shader compiler working directory 'C:/Users/Graphic.SJH519-000W/AppData/Local/Temp/UnrealShaderWorkingDir/1352607C43844505BBD125B4A23FFE68/'.
[2019.12.03-23.49.09:548][  0]LogXGEController: Cannot use XGE Controller as Incredibuild is not installed on this machine.
[2019.12.03-23.49.09:548][  0]LogShaderCompilers: Cannot use XGE Shader Compiler as Incredibuild is not installed on this machine.
[2019.12.03-23.49.09:548][  0]LogShaderCompilers: Display: Using Local Shader Compiler.
[2019.12.03-23.49.10:343][  0]LogDerivedDataCache: Display: Max Cache Size: 512 MB
[2019.12.03-23.49.10:400][  0]LogDerivedDataCache: Loaded boot cache 0.06s 73MB C:/Users/Graphic.SJH519-000W/AppData/Local/UnrealEngine/4.23/DerivedDataCache/Boot.ddc.
[2019.12.03-23.49.10:400][  0]LogDerivedDataCache: Display: Loaded Boot cache: C:/Users/Graphic.SJH519-000W/AppData/Local/UnrealEngine/4.23/DerivedDataCache/Boot.ddc
[2019.12.03-23.49.10:401][  0]LogDerivedDataCache: FDerivedDataBackendGraph:  Pak pak cache file ../../../../../../Users/Graphic.SJH519-000W/Documents/GitHub/Stolemates/Stolemates/DerivedDataCache/DDC.ddp not found, will not use a pak cache.
[2019.12.03-23.49.10:401][  0]LogDerivedDataCache: Unable to find inner node Pak for hierarchical cache Hierarchy.
[2019.12.03-23.49.10:401][  0]LogDerivedDataCache: FDerivedDataBackendGraph:  CompressedPak pak cache file ../../../../../../Users/Graphic.SJH519-000W/Documents/GitHub/Stolemates/Stolemates/DerivedDataCache/Compressed.ddp not found, will not use a pak cache.
[2019.12.03-23.49.10:401][  0]LogDerivedDataCache: Unable to find inner node CompressedPak for hierarchical cache Hierarchy.
[2019.12.03-23.49.10:413][  0]LogDerivedDataCache: Display: Pak cache opened for reading ../../../Engine/DerivedDataCache/Compressed.ddp.
[2019.12.03-23.49.10:413][  0]LogDerivedDataCache: FDerivedDataBackendGraph:  EnterprisePak pak cache file ../../../Enterprise/DerivedDataCache/Compressed.ddp not found, will not use a pak cache.
[2019.12.03-23.49.10:413][  0]LogDerivedDataCache: Unable to find inner node EnterprisePak for hierarchical cache Hierarchy.
[2019.12.03-23.49.10:414][  0]LogDerivedDataCache: Using Local data cache path C:/Users/Graphic.SJH519-000W/AppData/Local/UnrealEngine/Common/DerivedDataCache: Writable
[2019.12.03-23.49.10:415][  0]LogDerivedDataCache: Shared data cache path not found in *engine.ini, will not use an Shared cache.
[2019.12.03-23.49.10:415][  0]LogDerivedDataCache: Unable to find inner node Shared for hierarchical cache Hierarchy.
[2019.12.03-23.49.10:445][  0]LogMaterial: Verifying Global Shaders for PCD3D_SM5
[2019.12.03-23.49.10:448][  0]LogSlate: Using FreeType 2.6.0
[2019.12.03-23.49.10:448][  0]LogSlate: SlateFontServices - WITH_FREETYPE: 1, WITH_HARFBUZZ: 1
[2019.12.03-23.49.10:513][  0]LogAssetRegistry: FAssetRegistry took 0.0030 seconds to start up
[2019.12.03-23.49.10:886][  0]LogInit: Selected Device Profile: [Windows]
[2019.12.03-23.49.11:090][  0]LogMeshReduction: Using QuadricMeshReduction for automatic static mesh reduction
[2019.12.03-23.49.11:090][  0]LogMeshReduction: Using SimplygonMeshReduction for automatic skeletal mesh reduction
[2019.12.03-23.49.11:090][  0]LogMeshReduction: Using ProxyLODMeshReduction for automatic mesh merging
[2019.12.03-23.49.11:090][  0]LogMeshReduction: No distributed automatic mesh merging module available
[2019.12.03-23.49.11:090][  0]LogMeshMerging: No distributed automatic mesh merging module available
[2019.12.03-23.49.11:101][  0]LogNetVersion: Stolemates 1.0.0, NetCL: 8386587, EngineNetVer: 11, GameNetVer: 0 (Checksum: 420770298)
[2019.12.03-23.49.11:678][  0]LogPackageLocalizationCache: Processed 12 localized package path(s) for 1 prioritized culture(s) in 0.050733 seconds
[2019.12.03-23.49.11:684][  0]LogUObjectArray: 43444 objects as part of root set at end of initial load.
[2019.12.03-23.49.11:684][  0]LogUObjectAllocator: 7548648 out of 0 bytes used by permanent object pool.
[2019.12.03-23.49.11:684][  0]LogUObjectArray: CloseDisregardForGC: 0/0 objects in disregard for GC pool
[2019.12.03-23.49.12:709][  0]LogTcpMessaging: Initializing TcpMessaging bridge
[2019.12.03-23.49.12:711][  0]LogUdpMessaging: Initializing bridge on interface 0.0.0.0:0 to multicast group 230.0.0.1:6666.
[2019.12.03-23.49.12:766][  0]SourceControl: Source control is disabled
[2019.12.03-23.49.12:767][  0]SourceControl: Source control is disabled
[2019.12.03-23.49.12:768][  0]SourceControl: Source control is disabled
[2019.12.03-23.49.12:769][  0]SourceControl: Source control is disabled
[2019.12.03-23.49.12:859][  0]LogAndroidPermission: UAndroidPermissionCallbackProxy::GetInstance
[2019.12.03-23.49.13:092][  0]LogOcInput: OculusInput pre-init called
[2019.12.03-23.49.13:099][  0]LogWindows: Failed to load 'OVRPlugin.dll' (GetLastError=126)
[2019.12.03-23.49.13:099][  0]LogWindows: File 'OVRPlugin.dll' does not exist
[2019.12.03-23.49.13:187][  0]LogEngine: Initializing Engine...
[2019.12.03-23.49.13:188][  0]LogHMD: Failed to initialize OpenVR with code 110
[2019.12.03-23.49.13:189][  0]LogStats: UGameplayTagsManager::InitializeManager -  0.000 s
[2019.12.03-23.49.13:482][  0]LogInit: Initializing FReadOnlyCVARCache
[2019.12.03-23.49.13:498][  0]LogAIModule: Creating AISystem for world Untitled
[2019.12.03-23.49.13:583][  0]LogInit: XAudio2 using 'Speakers (4- Display Audio)' : 2 channels at 48 kHz using 24 bits per sample (channel mask 0x3)
[2019.12.03-23.49.13:607][  0]LogInit: FAudioDevice initialized.
[2019.12.03-23.49.13:607][  0]LogNetVersion: Set ProjectVersion to 1.0.0.0. Version Checksum will be recalculated on next use.
[2019.12.03-23.49.13:662][  0]LogDerivedDataCache: Saved boot cache 0.05s 73MB C:/Users/Graphic.SJH519-000W/AppData/Local/UnrealEngine/4.23/DerivedDataCache/Boot.ddc.
[2019.12.03-23.49.13:670][  0]LogInit: Texture streaming: Enabled
[2019.12.03-23.49.13:691][  0]LogEngineSessionManager: EngineSessionManager initialized
[2019.12.03-23.49.13:779][  0]LogInit: Transaction tracking system initialized
[2019.12.03-23.49.13:816][  0]BlueprintLog: New page: Editor Load
[2019.12.03-23.49.13:909][  0]LocalizationService: Localization service is disabled
[2019.12.03-23.49.14:202][  0]LogFileCache: Scanning file cache for directory 'C:/Users/Graphic.SJH519-000W/Documents/GitHub/Stolemates/Stolemates/Content/' took 0.01s
[2019.12.03-23.49.14:202][  0]LogCook: Display: Max memory allowance for cook 16384mb min free memory 0mb
[2019.12.03-23.49.14:202][  0]LogCook: Display: Mobile HDR setting 1
[2019.12.03-23.49.14:282][  0]LogLinker: Warning: Failed to load '/Engine/BasicShapes/Cube': Can't find file.
[2019.12.03-23.49.14:282][  0]LogLinker: Warning: Failed to load '/Engine/BasicShapes/Cube': Can't find file.
[2019.12.03-23.49.14:282][  0]LogUObjectGlobals: Warning: Failed to find object 'StaticMesh /Engine/BasicShapes/Cube.Cube'
[2019.12.03-23.49.14:405][  0]SourceControl: Source control is disabled
[2019.12.03-23.49.14:406][  0]Cmd: MAP LOAD FILE="../../../Engine/Content/Maps/Templates/Template_Default.umap" TEMPLATE=1 SHOWPROGRESS=1 FEATURELEVEL=3
[2019.12.03-23.49.14:406][  0]LightingResults: New page: Lighting Build
[2019.12.03-23.49.14:409][  0]LogWorld: UWorld::CleanupWorld for Untitled, bSessionEnded=true, bCleanupResources=true
[2019.12.03-23.49.14:409][  0]MapCheck: New page: Map Check
[2019.12.03-23.49.14:409][  0]LightingResults: New page: Lighting Build
[2019.12.03-23.49.14:456][  0]LogUObjectHash: Compacting FUObjectHashTables data took   2.27ms
[2019.12.03-23.49.14:565][  0]LogAIModule: Creating AISystem for world Untitled_1
[2019.12.03-23.49.14:572][  0]LogEditorServer: Finished looking for orphan Actors (0.000 secs)
[2019.12.03-23.49.14:617][  0]LogUObjectHash: Compacting FUObjectHashTables data took   2.74ms
[2019.12.03-23.49.14:617][  0]Cmd: MAP CHECKDEP NOCLEARLOG
[2019.12.03-23.49.14:617][  0]MapCheck: Map check complete: 0 Error(s), 0 Warning(s), took 0.131ms to complete.
[2019.12.03-23.49.14:617][  0]LogFileHelpers: Loading map 'Template_Default' took 0.212
[2019.12.03-23.49.14:763][  0]LogSlate: Updating window title bar state: overlay mode, drag disabled, window buttons hidden, title bar hidden
[2019.12.03-23.49.14:778][  0]LogSlate: Updating window title bar state: overlay mode, drag disabled, window buttons hidden, title bar hidden
[2019.12.03-23.49.14:790][  0]LogSlate: Updating window title bar state: overlay mode, drag disabled, window buttons hidden, title bar hidden
[2019.12.03-23.49.14:799][  0]LogSlate: Updating window title bar state: overlay mode, drag disabled, window buttons hidden, title bar hidden
[2019.12.03-23.49.14:813][  0]LogCollectionManager: Loaded 0 collections in 0.002007 seconds
[2019.12.03-23.49.14:831][  0]LogFileCache: Scanning file cache for directory 'C:/Users/Graphic.SJH519-000W/Documents/GitHub/Stolemates/Stolemates/Saved/Collections/' took 0.00s
[2019.12.03-23.49.14:831][  0]LogFileCache: Scanning file cache for directory 'C:/Users/Graphic.SJH519-000W/Documents/GitHub/Stolemates/Stolemates/Content/Developers/Graphic/Collections/' took 0.00s
[2019.12.03-23.49.14:831][  0]LogFileCache: Scanning file cache for directory 'C:/Users/Graphic.SJH519-000W/Documents/GitHub/Stolemates/Stolemates/Content/Collections/' took 0.00s
[2019.12.03-23.49.14:831][  0]LogCollectionManager: Rebuilt the GUID cache for 0 collections in 0.000002 seconds
[2019.12.03-23.49.14:843][  0]LogContentBrowser: Native class hierarchy populated in 0.0104 seconds. Added 2863 classes and 680 folders.
[2019.12.03-23.49.14:855][  0]LogContentBrowser: Native class hierarchy updated for 'WidgetCarousel' in 0.0002 seconds. Added 0 classes and 0 folders.
[2019.12.03-23.49.15:175][  0]LogContentBrowser: Native class hierarchy updated for 'AddContentDialog' in 0.0003 seconds. Added 0 classes and 0 folders.
[2019.12.03-23.49.15:186][  0]LogContentBrowser: Native class hierarchy updated for 'SceneOutliner' in 0.0003 seconds. Added 1 classes and 2 folders.
[2019.12.03-23.49.15:319][  0]LogSlate: Took 0.000151 seconds to synchronously load lazily loaded font '../../../Engine/Content/Slate/Fonts/Roboto-Regular.ttf' (155K)
[2019.12.03-23.49.15:321][  0]LogSlate: Took 0.000165 seconds to synchronously load lazily loaded font '../../../Engine/Content/Slate/Fonts/Roboto-Bold.ttf' (160K)
[2019.12.03-23.49.15:333][  0]LogSlate: Took 0.005392 seconds to synchronously load lazily loaded font '../../../Engine/Content/Editor/Slate/Fonts/FontAwesome.ttf' (139K)
[2019.12.03-23.49.15:444][  0]LogRenderer: Reallocating scene render targets to support 1616x788 Format 10 NumSamples 1 (Frame:1).
[2019.12.03-23.49.15:584][  0]LogContentBrowser: Native class hierarchy updated for 'HierarchicalLODOutliner' in 0.0002 seconds. Added 0 classes and 0 folders.
[2019.12.03-23.49.15:584][  0]LogLoad: (Engine Initialization) Total time: 8.95 seconds
[2019.12.03-23.49.15:584][  0]LogLoad: (Engine Initialization) Total Blueprint compile time: 0.00 seconds
[2019.12.03-23.49.15:617][  0]LogContentStreaming: Texture pool size now 1000 MB
[2019.12.03-23.49.16:641][104]LogSlate: Took 0.005275 seconds to synchronously load lazily loaded font '../../../Engine/Content/Slate/Fonts/Roboto-Light.ttf' (167K)
[2019.12.03-23.49.20:850][470]LogCollectionManager: Rebuilt the object cache for 0 collections in 0.000003 seconds (found 0 objects)
[2019.12.03-23.49.21:483][527]LogAssetRegistry: Asset discovery search completed in 10.9702 seconds
[2019.12.03-23.49.21:487][527]LogCollectionManager: Fixed up redirectors for 0 collections in 0.000005 seconds (updated 0 objects)
[2019.12.03-23.49.23:021][532]LogSlate: FSceneViewport::OnFocusLost() reason 0
[2019.12.03-23.49.55:508][892]LogAssetEditorManager: Opening Asset editor for WidgetBlueprint /Game/MainMenu.MainMenu
[2019.12.03-23.49.55:860][892]LogContentBrowser: Native class hierarchy updated for 'BlueprintGraph' in 0.0006 seconds. Added 121 classes and 0 folders.
[2019.12.03-23.49.57:805][892]LogSlate: Took 0.005678 seconds to synchronously load lazily loaded font '../../../Engine/Content/Slate/Fonts/Roboto-BoldCondensed.ttf' (158K)
[2019.12.03-23.50.58:671][212]LogSlate: Window 'MainMenu' being destroyed
[2019.12.03-23.51.06:608][ 82]LogSlate: FSceneViewport::OnFocusLost() reason 2
[2019.12.03-23.51.32:241][328]LogFactory: FactoryCreateFile: FontFace with FontFileImportFactory (0 0 ../../../../../../Users/Graphic.SJH519-000W/Downloads/Hyundai Sans/HyundaiSansHeadKRBold [TheFontsMaster.com].ttf)
[2019.12.03-23.51.36:189][328]LogSlate: Window 'Font Face Import Options' being destroyed
[2019.12.03-23.51.36:200][328]LogSlate: FontCache flush requested. Reason: UFontFace::PostEditChangeProperty
[2019.12.03-23.51.36:217][328]LogFactory: FactoryCreateFile: FontFace with FontFileImportFactory (0 0 ../../../../../../Users/Graphic.SJH519-000W/Downloads/Hyundai Sans/HyundaiSansHeadKRLight [TheFontsMaster.com].ttf)
[2019.12.03-23.51.36:224][328]LogSlate: FontCache flush requested. Reason: UFontFace::PostEditChangeProperty
[2019.12.03-23.51.36:225][328]LogSlate: Took 0.000201 seconds to synchronously load lazily loaded font '../../../Engine/Content/Slate/Fonts/Roboto-Light.ttf' (167K)
[2019.12.03-23.51.36:229][328]LogSlate: Took 0.000159 seconds to synchronously load lazily loaded font '../../../Engine/Content/Slate/Fonts/Roboto-Regular.ttf' (155K)
[2019.12.03-23.51.36:253][328]LogFactory: FactoryCreateFile: FontFace with FontFileImportFactory (0 0 ../../../../../../Users/Graphic.SJH519-000W/Downloads/Hyundai Sans/HyundaiSansHeadKRMedium [TheFontsMaster.com].ttf)
[2019.12.03-23.51.36:260][328]LogSlate: FontCache flush requested. Reason: UFontFace::PostEditChangeProperty
[2019.12.03-23.51.36:262][328]LogSlate: Took 0.000174 seconds to synchronously load lazily loaded font '../../../Engine/Content/Slate/Fonts/Roboto-Light.ttf' (167K)
[2019.12.03-23.51.36:266][328]LogSlate: Took 0.000145 seconds to synchronously load lazily loaded font '../../../Engine/Content/Slate/Fonts/Roboto-Regular.ttf' (155K)
[2019.12.03-23.51.36:290][328]LogFactory: FactoryCreateFile: FontFace with FontFileImportFactory (0 0 ../../../../../../Users/Graphic.SJH519-000W/Downloads/Hyundai Sans/HyundaiSansHeadKRRegular [TheFontsMaster.com].ttf)
[2019.12.03-23.51.36:300][328]LogSlate: FontCache flush requested. Reason: UFontFace::PostEditChangeProperty
[2019.12.03-23.51.36:302][328]LogSlate: Took 0.000173 seconds to synchronously load lazily loaded font '../../../Engine/Content/Slate/Fonts/Roboto-Light.ttf' (167K)
[2019.12.03-23.51.36:306][328]LogSlate: Took 0.000144 seconds to synchronously load lazily loaded font '../../../Engine/Content/Slate/Fonts/Roboto-Regular.ttf' (155K)
[2019.12.03-23.51.36:331][328]LogFactory: FactoryCreateFile: FontFace with FontFileImportFactory (0 0 ../../../../../../Users/Graphic.SJH519-000W/Downloads/Hyundai Sans/HyundaiSansTextKRBold [TheFontsMaster.com].ttf)
[2019.12.03-23.51.36:338][328]LogSlate: FontCache flush requested. Reason: UFontFace::PostEditChangeProperty
[2019.12.03-23.51.36:340][328]LogSlate: Took 0.000174 seconds to synchronously load lazily loaded font '../../../Engine/Content/Slate/Fonts/Roboto-Light.ttf' (167K)
[2019.12.03-23.51.36:344][328]LogSlate: Took 0.000145 seconds to synchronously load lazily loaded font '../../../Engine/Content/Slate/Fonts/Roboto-Regular.ttf' (155K)
[2019.12.03-23.51.36:368][328]LogFactory: FactoryCreateFile: FontFace with FontFileImportFactory (0 0 ../../../../../../Users/Graphic.SJH519-000W/Downloads/Hyundai Sans/HyundaiSansTextKRMedium [TheFontsMaster.com].ttf)
[2019.12.03-23.51.36:375][328]LogSlate: FontCache flush requested. Reason: UFontFace::PostEditChangeProperty
[2019.12.03-23.51.36:377][328]LogSlate: Took 0.000173 seconds to synchronously load lazily loaded font '../../../Engine/Content/Slate/Fonts/Roboto-Light.ttf' (167K)
[2019.12.03-23.51.36:381][328]LogSlate: Took 0.000145 seconds to synchronously load lazily loaded font '../../../Engine/Content/Slate/Fonts/Roboto-Regular.ttf' (155K)
[2019.12.03-23.51.36:411][328]LogFactory: FactoryCreateFile: FontFace with FontFileImportFactory (0 0 ../../../../../../Users/Graphic.SJH519-000W/Downloads/Hyundai Sans/HyundaiSansTextKRRegular [TheFontsMaster.com].ttf)
[2019.12.03-23.51.36:418][328]LogSlate: FontCache flush requested. Reason: UFontFace::PostEditChangeProperty
[2019.12.03-23.51.36:500][328]LogSlate: Took 0.000225 seconds to synchronously load lazily loaded font '../../../Engine/Content/Slate/Fonts/Roboto-Regular.ttf' (155K)
[2019.12.03-23.51.36:502][328]LogSlate: Took 0.000183 seconds to synchronously load lazily loaded font '../../../Engine/Content/Slate/Fonts/Roboto-Bold.ttf' (160K)
[2019.12.03-23.51.36:511][328]LogSlate: Took 0.000171 seconds to synchronously load lazily loaded font '../../../Engine/Content/Editor/Slate/Fonts/FontAwesome.ttf' (139K)
[2019.12.03-23.51.36:536][328]LogSlate: Took 0.000208 seconds to synchronously load lazily loaded font '../../../Engine/Content/Slate/Fonts/Roboto-Light.ttf' (167K)
[2019.12.03-23.51.36:563][329]LogSlate: Took 0.000218 seconds to synchronously load lazily loaded font '../../../Engine/Content/Slate/Fonts/Roboto-Regular.ttf' (155K)
[2019.12.03-23.51.36:568][329]LogSlate: Took 0.000207 seconds to synchronously load lazily loaded font '../../../Engine/Content/Slate/Fonts/Roboto-Bold.ttf' (160K)
[2019.12.03-23.51.36:575][329]LogSlate: Took 0.000167 seconds to synchronously load lazily loaded font '../../../Engine/Content/Editor/Slate/Fonts/FontAwesome.ttf' (139K)
[2019.12.03-23.51.36:583][329]LogSlate: Took 0.000152 seconds to synchronously load lazily loaded font '../../../Engine/Content/Slate/Fonts/Roboto-Light.ttf' (167K)
[2019.12.03-23.51.40:424][665]LogSlate: Took 0.000202 seconds to synchronously load lazily loaded font '../../../Engine/Content/Slate/Fonts/Roboto-BoldCondensed.ttf' (158K)
[2019.12.03-23.53.02:370][267]LogFactory: FactoryCreateFile: FontFace with FontFileImportFactory (0 0 ../../../../../../Users/Graphic.SJH519-000W/Downloads/GraphicUX.com-george-rounded-sans-serif-ESV4L3-2018-09-09/TTF/GeorgeRoundedBold.ttf)
[2019.12.03-23.53.04:213][267]LogSlate: Window 'Font Face Import Options' being destroyed
[2019.12.03-23.53.04:224][267]LogSlate: FontCache flush requested. Reason: UFontFace::PostEditChangeProperty
[2019.12.03-23.53.04:240][267]LogFactory: FactoryCreateFile: FontFace with FontFileImportFactory (0 0 ../../../../../../Users/Graphic.SJH519-000W/Downloads/GraphicUX.com-george-rounded-sans-serif-ESV4L3-2018-09-09/TTF/GeorgeRoundedBoldItalic.ttf)
[2019.12.03-23.53.04:244][267]LogSlate: FontCache flush requested. Reason: UFontFace::PostEditChangeProperty
[2019.12.03-23.53.04:246][267]LogSlate: Took 0.000170 seconds to synchronously load lazily loaded font '../../../Engine/Content/Slate/Fonts/Roboto-Light.ttf' (167K)
[2019.12.03-23.53.04:249][267]LogSlate: Took 0.000160 seconds to synchronously load lazily loaded font '../../../Engine/Content/Slate/Fonts/Roboto-Regular.ttf' (155K)
[2019.12.03-23.53.04:264][267]LogFactory: FactoryCreateFile: FontFace with FontFileImportFactory (0 0 ../../../../../../Users/Graphic.SJH519-000W/Downloads/GraphicUX.com-george-rounded-sans-serif-ESV4L3-2018-09-09/TTF/GeorgeRoundedItalic.ttf)
[2019.12.03-23.53.04:268][267]LogSlate: FontCache flush requested. Reason: UFontFace::PostEditChangeProperty
[2019.12.03-23.53.04:270][267]LogSlate: Took 0.000176 seconds to synchronously load lazily loaded font '../../../Engine/Content/Slate/Fonts/Roboto-Light.ttf' (167K)
[2019.12.03-23.53.04:273][267]LogSlate: Took 0.000146 seconds to synchronously load lazily loaded font '../../../Engine/Content/Slate/Fonts/Roboto-Regular.ttf' (155K)
[2019.12.03-23.53.04:287][267]LogFactory: FactoryCreateFile: FontFace with FontFileImportFactory (0 0 ../../../../../../Users/Graphic.SJH519-000W/Downloads/GraphicUX.com-george-rounded-sans-serif-ESV4L3-2018-09-09/TTF/GeorgeRoundedLight.ttf)
[2019.12.03-23.53.04:291][267]LogSlate: FontCache flush requested. Reason: UFontFace::PostEditChangeProperty
[2019.12.03-23.53.04:293][267]LogSlate: Took 0.000169 seconds to synchronously load lazily loaded font '../../../Engine/Content/Slate/Fonts/Roboto-Light.ttf' (167K)
[2019.12.03-23.53.04:297][267]LogSlate: Took 0.000146 seconds to synchronously load lazily loaded font '../../../Engine/Content/Slate/Fonts/Roboto-Regular.ttf' (155K)
[2019.12.03-23.53.04:312][267]LogFactory: FactoryCreateFile: FontFace with FontFileImportFactory (0 0 ../../../../../../Users/Graphic.SJH519-000W/Downloads/GraphicUX.com-george-rounded-sans-serif-ESV4L3-2018-09-09/TTF/GeorgeRoundedLightItalic.ttf)
[2019.12.03-23.53.04:316][267]LogSlate: FontCache flush requested. Reason: UFontFace::PostEditChangeProperty
[2019.12.03-23.53.04:318][267]LogSlate: Took 0.000172 seconds to synchronously load lazily loaded font '../../../Engine/Content/Slate/Fonts/Roboto-Light.ttf' (167K)
[2019.12.03-23.53.04:321][267]LogSlate: Took 0.000143 seconds to synchronously load lazily loaded font '../../../Engine/Content/Slate/Fonts/Roboto-Regular.ttf' (155K)
[2019.12.03-23.53.04:335][267]LogFactory: FactoryCreateFile: FontFace with FontFileImportFactory (0 0 ../../../../../../Users/Graphic.SJH519-000W/Downloads/GraphicUX.com-george-rounded-sans-serif-ESV4L3-2018-09-09/TTF/GeorgeRoundedRegular.ttf)
[2019.12.03-23.53.04:339][267]LogSlate: FontCache flush requested. Reason: UFontFace::PostEditChangeProperty
[2019.12.03-23.53.04:341][267]LogSlate: Took 0.000170 seconds to synchronously load lazily loaded font '../../../Engine/Content/Slate/Fonts/Roboto-Light.ttf' (167K)
[2019.12.03-23.53.04:344][267]LogSlate: Took 0.000142 seconds to synchronously load lazily loaded font '../../../Engine/Content/Slate/Fonts/Roboto-Regular.ttf' (155K)
[2019.12.03-23.53.04:351][267]LogFactory: FactoryCreateFile: FontFace with FontFileImportFactory (0 0 ../../../../../../Users/Graphic.SJH519-000W/Downloads/GraphicUX.com-george-rounded-sans-serif-ESV4L3-2018-09-09/TTF/GeorgeRoundedSemibold.ttf)
[2019.12.03-23.53.04:356][267]LogSlate: FontCache flush requested. Reason: UFontFace::PostEditChangeProperty
[2019.12.03-23.53.04:357][267]LogSlate: Took 0.000172 seconds to synchronously load lazily loaded font '../../../Engine/Content/Slate/Fonts/Roboto-Light.ttf' (167K)
[2019.12.03-23.53.04:361][267]LogSlate: Took 0.000144 seconds to synchronously load lazily loaded font '../../../Engine/Content/Slate/Fonts/Roboto-Regular.ttf' (155K)
[2019.12.03-23.53.04:374][267]LogFactory: FactoryCreateFile: FontFace with FontFileImportFactory (0 0 ../../../../../../Users/Graphic.SJH519-000W/Downloads/GraphicUX.com-george-rounded-sans-serif-ESV4L3-2018-09-09/TTF/GeorgeRoundedSemiboldItalic.ttf)
[2019.12.03-23.53.04:379][267]LogSlate: FontCache flush requested. Reason: UFontFace::PostEditChangeProperty
[2019.12.03-23.53.04:471][267]LogSlate: Took 0.000195 seconds to synchronously load lazily loaded font '../../../Engine/Content/Slate/Fonts/Roboto-Regular.ttf' (155K)
[2019.12.03-23.53.04:472][267]LogSlate: Took 0.000167 seconds to synchronously load lazily loaded font '../../../Engine/Content/Slate/Fonts/Roboto-Bold.ttf' (160K)
[2019.12.03-23.53.04:482][267]LogSlate: Took 0.000166 seconds to synchronously load lazily loaded font '../../../Engine/Content/Editor/Slate/Fonts/FontAwesome.ttf' (139K)
[2019.12.03-23.53.04:523][267]LogSlate: Took 0.000199 seconds to synchronously load lazily loaded font '../../../Engine/Content/Slate/Fonts/Roboto-Light.ttf' (167K)
[2019.12.03-23.53.04:588][268]LogSlate: Took 0.000243 seconds to synchronously load lazily loaded font '../../../Engine/Content/Slate/Fonts/Roboto-Regular.ttf' (155K)
[2019.12.03-23.53.04:597][268]LogSlate: Took 0.000150 seconds to synchronously load lazily loaded font '../../../Engine/Content/Slate/Fonts/Roboto-Bold.ttf' (160K)
[2019.12.03-23.53.04:603][268]LogSlate: Took 0.000143 seconds to synchronously load lazily loaded font '../../../Engine/Content/Editor/Slate/Fonts/FontAwesome.ttf' (139K)
[2019.12.03-23.53.04:610][268]LogSlate: Took 0.000150 seconds to synchronously load lazily loaded font '../../../Engine/Content/Slate/Fonts/Roboto-Light.ttf' (167K)
[2019.12.03-23.53.06:433][431]LogSlate: Took 0.000224 seconds to synchronously load lazily loaded font '../../../Engine/Content/Slate/Fonts/Roboto-BoldCondensed.ttf' (158K)
[2019.12.03-23.56.44:739][452]LogEditorTransaction: Undo Move Widget
[2019.12.03-23.57.16:828][376]LogSlate: Window 'Color Picker' being destroyed
[2019.12.03-23.59.05:513][458]LogTemp: Repeating last play command: Selected Viewport
[2019.12.03-23.59.05:549][458]LogBlueprintUserMessages: Early PlayInEditor Detection: Level '/Temp/Untitled_1.Untitled_1:PersistentLevel' has LevelScriptBlueprint '/Temp/Untitled_1.Untitled_1:PersistentLevel.Untitled' with GeneratedClass '/Temp/Untitled_1.Untitled_C' with ClassGeneratedBy '/Temp/Untitled_1.Untitled_1:PersistentLevel.Untitled'
[2019.12.03-23.59.05:549][458]BlueprintLog: New page: Pre-Play auto-recompile
[2019.12.03-23.59.05:550][458]LogPlayLevel: [PlayLevel] Compiling MainMenu before play...
[2019.12.03-23.59.05:889][458]LogUObjectHash: Compacting FUObjectHashTables data took   7.12ms
[2019.12.03-23.59.05:889][458]LogPlayLevel: PlayLevel: Blueprint regeneration took 339 ms (1 blueprints)
[2019.12.03-23.59.05:891][458]PIE: New page: PIE session: Untitled_1 (Dec 3, 2019, 1:59:05 PM)
[2019.12.03-23.59.05:893][458]LogOnline: OSS: Creating online subsystem instance for: NULL
[2019.12.03-23.59.05:895][458]LogPlayLevel: Creating play world package: /Temp/UEDPIE_0_Untitled_1
[2019.12.03-23.59.05:898][458]LogPlayLevel: PIE: StaticDuplicateObject took: (0.003368s)
[2019.12.03-23.59.05:900][458]LogAIModule: Creating AISystem for world Untitled_1
[2019.12.03-23.59.05:900][458]LogPlayLevel: PIE: World Init took: (0.001471s)
[2019.12.03-23.59.05:900][458]LogPlayLevel: PIE: Created PIE world by copying editor world from /Temp/Untitled_1.Untitled_1 to /Temp/UEDPIE_0_Untitled_1.Untitled_1 (0.005131s)
[2019.12.03-23.59.05:954][458]LogUObjectHash: Compacting FUObjectHashTables data took   4.50ms
[2019.12.03-23.59.06:024][458]LogInit: XAudio2 using 'Speakers (4- Display Audio)' : 2 channels at 48 kHz using 24 bits per sample (channel mask 0x3)
[2019.12.03-23.59.06:039][458]LogInit: FAudioDevice initialized.
[2019.12.03-23.59.06:052][458]LogSlate: Updating window title bar state: overlay mode, drag disabled, window buttons hidden, title bar hidden
[2019.12.03-23.59.06:412][458]LogStaticMesh: Building static mesh LoveBomb...
[2019.12.03-23.59.06:435][458]LogStaticMesh: Built static mesh [0.02s] /Game/Geometry/LoveBomb.LoveBomb
[2019.12.03-23.59.06:441][458]LogStaticMesh: Building static mesh heart...
[2019.12.03-23.59.06:460][458]LogStaticMesh: Built static mesh [0.02s] /Game/Geometry/heart.heart
[2019.12.03-23.59.06:484][458]LogLoad: Game class is 'TopDown4P_C'
[2019.12.03-23.59.06:486][458]LogWorld: Bringing World /Temp/UEDPIE_0_Untitled_1.Untitled_1 up for play (max tick rate 0) at 2019.12.03-18.59.06
[2019.12.03-23.59.06:486][458]LogWorld: Bringing up level for play took: 0.001231
[2019.12.03-23.59.06:486][458]LogOnline: OSS: Creating online subsystem instance for: :Context_3
[2019.12.03-23.59.06:496][458]LogContentBrowser: Native class hierarchy updated for 'MovieSceneCapture' in 0.0003 seconds. Added 20 classes and 0 folders.
[2019.12.03-23.59.06:500][458]LogScript: Warning: Accessed None trying to read property CallFunc_GetActorOfClass_ReturnValue
	TopDown4P_C /Temp/UEDPIE_0_Untitled_1.Untitled_1:PersistentLevel.TopDown4P_C_0
	Function /Game/TopDown4P.TopDown4P_C:ExecuteUbergraph_TopDown4P:0036
[2019.12.03-23.59.06:500][458]PIE: Error: Blueprint Runtime Error: "Accessed None trying to read property CallFunc_GetActorOfClass_ReturnValue". Blueprint:  TopDown4P Function:  Execute Ubergraph Top Down 4P Graph:  EventGraph Node:  Set InitialPickUp
[2019.12.03-23.59.06:502][458]PIE: Play in editor start time for /Temp/UEDPIE_0_Untitled_1 1.262
[2019.12.03-23.59.06:502][458]LogBlueprintUserMessages: Late PlayInEditor Detection: Level '/Temp/Untitled_1.Untitled_1:PersistentLevel' has LevelScriptBlueprint '/Temp/Untitled_1.Untitled_1:PersistentLevel.Untitled' with GeneratedClass '/Temp/Untitled_1.Untitled_C' with ClassGeneratedBy '/Temp/Untitled_1.Untitled_1:PersistentLevel.Untitled'
[2019.12.03-23.59.09:339][735]LogSlate: Window 'Stolemates Game Preview Standalone (64-bit/PCD3D_SM5)' being destroyed
[2019.12.03-23.59.09:347][735]LogBlueprintUserMessages: Early EndPlayMap Detection: Level '/Temp/Untitled_1.Untitled_1:PersistentLevel' has LevelScriptBlueprint '/Temp/Untitled_1.Untitled_1:PersistentLevel.Untitled' with GeneratedClass '/Temp/Untitled_1.Untitled_C' with ClassGeneratedBy '/Temp/Untitled_1.Untitled_1:PersistentLevel.Untitled'
[2019.12.03-23.59.09:347][735]LogWorld: BeginTearingDown for /Temp/UEDPIE_0_Untitled_1
[2019.12.03-23.59.09:347][735]LogWorld: UWorld::CleanupWorld for Untitled_1, bSessionEnded=true, bCleanupResources=true
[2019.12.03-23.59.09:352][735]LogPlayLevel: Display: Shutting down PIE online subsystems
[2019.12.03-23.59.09:352][735]LogBlueprintUserMessages: Late EndPlayMap Detection: Level '/Temp/Untitled_1.Untitled_1:PersistentLevel' has LevelScriptBlueprint '/Temp/Untitled_1.Untitled_1:PersistentLevel.Untitled' with GeneratedClass '/Temp/Untitled_1.Untitled_C' with ClassGeneratedBy '/Temp/Untitled_1.Untitled_1:PersistentLevel.Untitled'
[2019.12.03-23.59.09:472][735]LogUObjectHash: Compacting FUObjectHashTables data took   7.36ms
[2019.12.03-23.59.09:518][736]LogPlayLevel: Display: Destroying online subsystem :Context_3
[2019.12.03-23.59.11:267][937]LogSlate: Window 'Message Log' being destroyed
[2019.12.03-23.59.11:273][937]LogSlate: Window 'Message Log' being destroyed
[2019.12.03-23.59.34:959][160]LogEditorTransaction: Undo Move Widget
[2019.12.04-00.00.15:611][299]LogEditorTransaction: Undo Move Widget
[2019.12.04-00.00.40:877][241]LogEditorTransaction: Undo Edit A
[2019.12.04-00.01.43:554][853]LogEditorTransaction: Undo Move Widget
[2019.12.04-00.02.37:369][376]LogWindows: Error: === Critical error: ===
[2019.12.04-00.02.37:369][376]LogWindows: Error: 
[2019.12.04-00.02.37:369][376]LogWindows: Error: Fatal error!
[2019.12.04-00.02.37:369][376]LogWindows: Error: 
[2019.12.04-00.02.37:369][376]LogWindows: Error: Unhandled Exception: EXCEPTION_ACCESS_VIOLATION reading address 0x00000040
[2019.12.04-00.02.37:369][376]LogWindows: Error: 
[2019.12.04-00.02.37:369][376]LogWindows: Error: [Callstack] 0x00007ff9efb9317b UE4Editor-UMG.dll!UnknownFunction []
[2019.12.04-00.02.37:369][376]LogWindows: Error: [Callstack] 0x00007ff9efb921c7 UE4Editor-UMG.dll!UnknownFunction []
[2019.12.04-00.02.37:369][376]LogWindows: Error: [Callstack] 0x00007ff9efb92385 UE4Editor-UMG.dll!UnknownFunction []
[2019.12.04-00.02.37:369][376]LogWindows: Error: [Callstack] 0x00007ff9efb931c7 UE4Editor-UMG.dll!UnknownFunction []
[2019.12.04-00.02.37:369][376]LogWindows: Error: [Callstack] 0x00007ff9efb922d7 UE4Editor-UMG.dll!UnknownFunction []
[2019.12.04-00.02.37:369][376]LogWindows: Error: [Callstack] 0x00007ff9efb999d7 UE4Editor-UMG.dll!UnknownFunction []
[2019.12.04-00.02.37:369][376]LogWindows: Error: [Callstack] 0x00007ff9efad0755 UE4Editor-UMG.dll!UnknownFunction []
[2019.12.04-00.02.37:369][376]LogWindows: Error: [Callstack] 0x00007ff9f61da346 UE4Editor-Slate.dll!UnknownFunction []
[2019.12.04-00.02.37:369][376]LogWindows: Error: [Callstack] 0x00007ff9f63b3c25 UE4Editor-Slate.dll!UnknownFunction []
[2019.12.04-00.02.37:369][376]LogWindows: Error: [Callstack] 0x00007ff9f6420f45 UE4Editor-Slate.dll!UnknownFunction []
[2019.12.04-00.02.37:369][376]LogWindows: Error: [Callstack] 0x00007ff9e3fd69f6 UE4Editor-UMGEditor.dll!UnknownFunction []
[2019.12.04-00.02.37:369][376]LogWindows: Error: [Callstack] 0x00007ff9e3f6ea7b UE4Editor-UMGEditor.dll!UnknownFunction []
[2019.12.04-00.02.37:369][376]LogWindows: Error: [Callstack] 0x00007ff9e3fc16ec UE4Editor-UMGEditor.dll!UnknownFunction []
[2019.12.04-00.02.37:369][376]LogWindows: Error: [Callstack] 0x00007ff9e409c111 UE4Editor-UMGEditor.dll!UnknownFunction []
[2019.12.04-00.02.37:369][376]LogWindows: Error: [Callstack] 0x00007ff9e40739a3 UE4Editor-UMGEditor.dll!UnknownFunction []
[2019.12.04-00.02.37:369][376]LogWindows: Error: [Callstack] 0x00007ff9e40417df UE4Editor-UMGEditor.dll!UnknownFunction []
[2019.12.04-00.02.37:370][376]LogWindows: Error: [Callstack] 0x00007ff9f61e8508 UE4Editor-Slate.dll!UnknownFunction []
[2019.12.04-00.02.37:370][376]LogWindows: Error: [Callstack] 0x00007ff9f61c4568 UE4Editor-Slate.dll!UnknownFunction []
[2019.12.04-00.02.37:370][376]LogWindows: Error: [Callstack] 0x00007ff9f624b6f1 UE4Editor-Slate.dll!UnknownFunction []
[2019.12.04-00.02.37:370][376]LogWindows: Error: [Callstack] 0x00007ff9f62352e8 UE4Editor-Slate.dll!UnknownFunction []
[2019.12.04-00.02.37:370][376]LogWindows: Error: [Callstack] 0x00007ff9f6229c91 UE4Editor-Slate.dll!UnknownFunction []
[2019.12.04-00.02.37:370][376]LogWindows: Error: [Callstack] 0x00007ffa08814e02 UE4Editor-ApplicationCore.dll!UnknownFunction []
[2019.12.04-00.02.37:370][376]LogWindows: Error: [Callstack] 0x00007ffa088026df UE4Editor-ApplicationCore.dll!UnknownFunction []
[2019.12.04-00.02.37:370][376]LogWindows: Error: [Callstack] 0x00007ffa08817340 UE4Editor-ApplicationCore.dll!UnknownFunction []
[2019.12.04-00.02.37:370][376]LogWindows: Error: [Callstack] 0x00007ffa087fedd0 UE4Editor-ApplicationCore.dll!UnknownFunction []
[2019.12.04-00.02.37:370][376]LogWindows: Error: [Callstack] 0x00007ffa8f4bca66 USER32.dll!UnknownFunction []
[2019.12.04-00.02.37:370][376]LogWindows: Error: [Callstack] 0x00007ffa8f4bc582 USER32.dll!UnknownFunction []
[2019.12.04-00.02.37:370][376]LogWindows: Error: [Callstack] 0x00007ffa088188e9 UE4Editor-ApplicationCore.dll!UnknownFunction []
[2019.12.04-00.02.37:370][376]LogWindows: Error: [Callstack] 0x00007ff6a24a6980 UE4Editor.exe!UnknownFunction []
[2019.12.04-00.02.37:370][376]LogWindows: Error: [Callstack] 0x00007ff6a24ba91c UE4Editor.exe!UnknownFunction []
[2019.12.04-00.02.37:370][376]LogWindows: Error: [Callstack] 0x00007ff6a24ba9fa UE4Editor.exe!UnknownFunction []
[2019.12.04-00.02.37:370][376]LogWindows: Error: [Callstack] 0x00007ff6a24cb92c UE4Editor.exe!UnknownFunction []
[2019.12.04-00.02.37:370][376]LogWindows: Error: [Callstack] 0x00007ff6a24ce60e UE4Editor.exe!UnknownFunction []
[2019.12.04-00.02.37:370][376]LogWindows: Error: [Callstack] 0x00007ffa8fbc7974 KERNEL32.DLL!UnknownFunction []
[2019.12.04-00.02.37:370][376]LogWindows: Error: [Callstack] 0x00007ffa9043a271 ntdll.dll!UnknownFunction []
[2019.12.04-00.02.37:370][376]LogWindows: Error: 
[2019.12.04-00.02.37:388][376]LogExit: Executing StaticShutdownAfterError
[2019.12.04-00.02.37:395][376]LogWindows: FPlatformMisc::RequestExit(1)
[2019.12.04-00.02.37:409][376]Log file closed, 12/03/19 19:02:37
