Log file open, 11/30/19 14:52:48
LogWindows: Failed to load 'aqProf.dll' (GetLastError=126)
LogWindows: File 'aqProf.dll' does not exist
LogWindows: Failed to load 'VtuneApi.dll' (GetLastError=126)
LogWindows: File 'VtuneApi.dll' does not exist
LogWindows: Failed to load 'VtuneApi32e.dll' (GetLastError=126)
LogWindows: File 'VtuneApi32e.dll' does not exist
LogConsoleResponse: Display: Failed to find resolution value strings in scalability ini. Falling back to default.
LogInit: Display: Running engine for game: Stolenmates
LogPlatformFile: Not using cached read wrapper
LogTaskGraph: Started task graph with 5 named threads and 35 total threads with 3 sets of task threads.
LogStats: Stats thread started at 2.349684
LogD3D11RHI: Loaded GFSDK_Aftermath_Lib.x64.dll
LogICUInternationalization: ICU TimeZone Detection - Raw Offset: -5:00, Platform Override: ''
LogPluginManager: Mounting plugin Paper2D
LogPluginManager: Mounting plugin AISupport
LogPluginManager: Mounting plugin LightPropagationVolume
LogPluginManager: Mounting plugin ActorLayerUtilities
LogPluginManager: Mounting plugin AnimationSharing
LogPluginManager: Mounting plugin CLionSourceCodeAccess
LogPluginManager: Mounting plugin CodeLiteSourceCodeAccess
LogPluginManager: Mounting plugin GitSourceControl
LogPluginManager: Mounting plugin KDevelopSourceCodeAccess
LogPluginManager: Mounting plugin NullSourceCodeAccess
LogPluginManager: Mounting plugin PerforceSourceControl
LogPluginManager: Mounting plugin SubversionSourceControl
LogPluginManager: Mounting plugin UObjectPlugin
LogPluginManager: Mounting plugin VisualStudioCodeSourceCodeAccess
LogPluginManager: Mounting plugin VisualStudioSourceCodeAccess
LogPluginManager: Mounting plugin XCodeSourceCodeAccess
LogPluginManager: Mounting plugin AssetManagerEditor
LogPluginManager: Mounting plugin CryptoKeys
LogPluginManager: Mounting plugin CurveEditorTools
LogPluginManager: Mounting plugin DataValidation
LogPluginManager: Mounting plugin FacialAnimation
LogPluginManager: Mounting plugin GameplayTagsEditor
LogPluginManager: Mounting plugin MacGraphicsSwitching
LogPluginManager: Mounting plugin MaterialAnalyzer
LogPluginManager: Mounting plugin MobileLauncherProfileWizard
LogPluginManager: Mounting plugin PluginBrowser
LogPluginManager: Mounting plugin SpeedTreeImporter
LogPluginManager: Mounting plugin DatasmithContent
LogPluginManager: Mounting plugin VariantManagerContent
LogPluginManager: Mounting plugin AlembicImporter
LogPluginManager: Mounting plugin AutomationUtils
LogPluginManager: Mounting plugin BackChannel
LogPluginManager: Mounting plugin CharacterAI
LogPluginManager: Mounting plugin GeometryCache
LogPluginManager: Mounting plugin HTML5Networking
LogPluginManager: Mounting plugin PlatformCrypto
LogPluginManager: Mounting plugin ProxyLODPlugin
LogPluginManager: Mounting plugin SkeletalReduction
LogPluginManager: Mounting plugin MagicLeap
LogPluginManager: Mounting plugin MagicLeapMedia
LogPluginManager: Mounting plugin AndroidMedia
LogPluginManager: Mounting plugin AvfMedia
LogPluginManager: Mounting plugin ImgMedia
LogPluginManager: Mounting plugin MediaCompositing
LogPluginManager: Mounting plugin MediaPlayerEditor
LogPluginManager: Mounting plugin WebMMedia
LogPluginManager: Mounting plugin WmfMedia
LogPluginManager: Mounting plugin TcpMessaging
LogPluginManager: Mounting plugin UdpMessaging
LogPluginManager: Mounting plugin ActorSequence
LogPluginManager: Mounting plugin LevelSequenceEditor
LogPluginManager: Mounting plugin MatineeToLevelSequence
LogPluginManager: Mounting plugin NetcodeUnitTest
LogPluginManager: Mounting plugin NUTUnrealEngine4
LogPluginManager: Mounting plugin OnlineSubsystemGooglePlay
LogPluginManager: Mounting plugin OnlineSubsystemIOS
LogPluginManager: Mounting plugin OnlineSubsystem
LogPluginManager: Mounting plugin OnlineSubsystemNull
LogPluginManager: Mounting plugin OnlineSubsystemUtils
LogPluginManager: Mounting plugin LauncherChunkInstaller
LogPluginManager: Mounting plugin AndroidDeviceProfileSelector
LogPluginManager: Mounting plugin AndroidMoviePlayer
LogPluginManager: Mounting plugin AndroidPermission
LogPluginManager: Mounting plugin AppleImageUtils
LogPluginManager: Mounting plugin AppleMoviePlayer
LogPluginManager: Mounting plugin ArchVisCharacter
LogPluginManager: Mounting plugin AudioCapture
LogPluginManager: Mounting plugin CableComponent
LogPluginManager: Mounting plugin CustomMeshComponent
LogPluginManager: Mounting plugin EditableMesh
LogPluginManager: Mounting plugin ExampleDeviceProfileSelector
LogPluginManager: Mounting plugin GoogleCloudMessaging
LogPluginManager: Mounting plugin IOSDeviceProfileSelector
LogPluginManager: Mounting plugin LinuxDeviceProfileSelector
LogPluginManager: Mounting plugin LocationServicesBPLibrary
LogPluginManager: Mounting plugin MobilePatchingUtils
LogPluginManager: Mounting plugin OculusVR
LogPluginManager: Mounting plugin PhysXVehicles
LogPluginManager: Mounting plugin ProceduralMeshComponent
LogPluginManager: Mounting plugin RuntimePhysXCooking
LogPluginManager: Mounting plugin SignificanceManager
LogPluginManager: Mounting plugin SteamVR
LogPluginManager: Mounting plugin WebMMoviePlayer
LogPluginManager: Mounting plugin WindowsMoviePlayer
LogPluginManager: Mounting plugin ScreenshotTools
LogInit: Warning: Incompatible or missing module: Stolenmates
Running C:/Program Files/Epic Games/UE_4.23/Engine/Binaries/DotNET/UnrealBuildTool.exe Development Win64 -Project="C:/Users/ThatO/Documents/GitHub/Stolemates/Stolenmates/Stolenmates.uproject" -TargetType=Editor -Progress -NoHotReloadFromIDE
Using 'git status' to determine working set for adaptive non-unity build (C:\Users\ThatO\Documents\GitHub\Stolemates).
Creating makefile for StolenmatesEditor (no existing makefile)
@progress push 5%
Parsing headers for StolenmatesEditor
  Running UnrealHeaderTool "C:\Users\ThatO\Documents\GitHub\Stolemates\Stolenmates\Stolenmates.uproject" "C:\Users\ThatO\Documents\GitHub\Stolemates\Stolenmates\Intermediate\Build\Win64\StolenmatesEditor\Development\StolenmatesEditor.uhtmanifest" -LogCmds="loginit warning, logexit warning, logdatabase error" -Unattended -WarningsAsErrors -installed
Reflection code generated for StolenmatesEditor in 12.7408717 seconds
@progress pop
Using Visual Studio 2017 14.16.27023 toolchain (C:\Program Files (x86)\Microsoft Visual Studio\2017\Community\VC\Tools\MSVC\14.16.27023) and Windows 10.0.17763.0 SDK (C:\Program Files (x86)\Windows Kits\10).
Building 15 actions with 12 processes...
  @progress 'Compiling C++ source code...' 0%
  @progress 'Compiling C++ source code...' 7%
  [1/15] Default.rc2
  @progress 'Compiling C++ source code...' 13%
  [2/15] SharedPCH.Engine.cpp
  @progress 'Compiling C++ source code...' 20%
  [3/15] Stolenmates.cpp
  @progress 'Compiling C++ source code...' 27%
  [4/15] Stolenmates.init.gen.cpp
  @progress 'Compiling C++ source code...' 33%
  [5/15] Heart.cpp
  @progress 'Compiling C++ source code...' 40%
  [6/15] Heart.gen.cpp
  @progress 'Compiling C++ source code...' 47%
  [7/15] Camera.gen.cpp
  @progress 'Compiling C++ source code...' 53%
  [8/15] StolenmatesGameModeBase.gen.cpp
  @progress 'Compiling C++ source code...' 60%
  [9/15] Camera.cpp
  @progress 'Compiling C++ source code...' 67%
  [10/15] StolenmatesPlayer.gen.cpp
  @progress 'Compiling C++ source code...' 73%
  [11/15] StolenmatesPlayer.cpp
  @progress 'Compiling C++ source code...' 80%
  [12/15] StolenmatesGameModeBase.cpp
  @progress 'Compiling C++ source code...' 87%
  [13/15] UE4Editor-Stolenmates.lib
     Creating library C:\Users\ThatO\Documents\GitHub\Stolemates\Stolenmates\Intermediate\Build\Win64\UE4Editor\Development\Stolenmates\UE4Editor-Stolenmates.lib and object C:\Users\ThatO\Documents\GitHub\Stolemates\Stolenmates\Intermediate\Build\Win64\UE4Editor\Development\Stolenmates\UE4Editor-Stolenmates.exp
  @progress 'Compiling C++ source code...' 93%
  [14/15] UE4Editor-Stolenmates.dll
     Creating library C:\Users\ThatO\Documents\GitHub\Stolemates\Stolenmates\Intermediate\Build\Win64\UE4Editor\Development\Stolenmates\UE4Editor-Stolenmates.suppressed.lib and object C:\Users\ThatO\Documents\GitHub\Stolemates\Stolenmates\Intermediate\Build\Win64\UE4Editor\Development\Stolenmates\UE4Editor-Stolenmates.suppressed.exp
  @progress 'Compiling C++ source code...' 100%
  [15/15] StolenmatesEditor.target
Total time in Parallel executor: 148.81 seconds
Total execution time: 338.30 seconds
LogInit: Using libcurl 7.55.1-DEV
LogInit:  - built for x86_64-pc-win32
LogInit:  - supports SSL with OpenSSL/1.1.1
LogInit:  - supports HTTP deflate (compression) using libz 1.2.8
LogInit:  - other features:
LogInit:      CURL_VERSION_SSL
LogInit:      CURL_VERSION_LIBZ
LogInit:      CURL_VERSION_IPV6
LogInit:      CURL_VERSION_ASYNCHDNS
LogInit:      CURL_VERSION_LARGEFILE
LogInit:      CURL_VERSION_IDN
LogInit:  CurlRequestOptions (configurable via config and command line):
LogInit:  - bVerifyPeer = true  - Libcurl will verify peer certificate
LogInit:  - bUseHttpProxy = false  - Libcurl will NOT use HTTP proxy
LogInit:  - bDontReuseConnections = false  - Libcurl will reuse connections
LogInit:  - MaxHostConnections = 16  - Libcurl will limit the number of connections to a host
LogInit:  - LocalHostAddr = Default
LogInit:  - BufferSize = 65536
LogOnline: OSS: Creating online subsystem instance for: NULL
LogInit: WinSock: version 1.1 (2.2), MaxSocks=32767, MaxUdp=65467
LogInit: Build: ++UE4+Release-4.23-CL-8386587
LogInit: Engine Version: 4.23.0-8386587+++UE4+Release-4.23
LogInit: Compatible Engine Version: 4.23.0-8386587+++UE4+Release-4.23
LogInit: Net CL: 8386587
LogInit: OS: Windows 10 (Release 1809) (), CPU: Intel(R) Core(TM) i7-8750H CPU @ 2.20GHz, GPU: Intel(R) UHD Graphics 630
LogInit: Compiled (64-bit): Aug 31 2019 02:04:44
LogInit: Compiled with Visual C++: 19.16.27030.01
LogInit: Build Configuration: Development
LogInit: Branch Name: ++UE4+Release-4.23
LogInit: Command Line: 
LogInit: Base Directory: C:/Program Files/Epic Games/UE_4.23/Engine/Binaries/Win64/
LogInit: Installed Engine Build: 1
LogDevObjectVersion: Number of dev versions registered: 23
LogDevObjectVersion:   Dev-Blueprints (B0D832E4-1F89-4F0D-ACCF-7EB736FD4AA2): 10
LogDevObjectVersion:   Dev-Build (E1C64328-A22C-4D53-A36C-8E866417BD8C): 0
LogDevObjectVersion:   Dev-Core (375EC13C-06E4-48FB-B500-84F0262A717E): 3
LogDevObjectVersion:   Dev-Editor (E4B068ED-F494-42E9-A231-DA0B2E46BB41): 34
LogDevObjectVersion:   Dev-Framework (CFFC743F-43B0-4480-9391-14DF171D2073): 35
LogDevObjectVersion:   Dev-Mobile (B02B49B5-BB20-44E9-A304-32B752E40360): 2
LogDevObjectVersion:   Dev-Networking (A4E4105C-59A1-49B5-A7C5-40C4547EDFEE): 0
LogDevObjectVersion:   Dev-Online (39C831C9-5AE6-47DC-9A44-9C173E1C8E7C): 0
LogDevObjectVersion:   Dev-Physics (78F01B33-EBEA-4F98-B9B4-84EACCB95AA2): 0
LogDevObjectVersion:   Dev-Platform (6631380F-2D4D-43E0-8009-CF276956A95A): 0
LogDevObjectVersion:   Dev-Rendering (12F88B9F-8875-4AFC-A67C-D90C383ABD29): 31
LogDevObjectVersion:   Dev-Sequencer (7B5AE74C-D270-4C10-A958-57980B212A5A): 11
LogDevObjectVersion:   Dev-VR (D7296918-1DD6-4BDD-9DE2-64A83CC13884): 2
LogDevObjectVersion:   Dev-LoadTimes (C2A15278-BFE7-4AFE-6C17-90FF531DF755): 1
LogDevObjectVersion:   Private-Geometry (6EACA3D4-40EC-4CC1-B786-8BED09428FC5): 3
LogDevObjectVersion:   Dev-AnimPhys (29E575DD-E0A3-4627-9D10-D276232CDCEA): 17
LogDevObjectVersion:   Dev-Anim (AF43A65D-7FD3-4947-9873-3E8ED9C1BB05): 2
LogDevObjectVersion:   Dev-ReflectionCapture (6B266CEC-1EC7-4B8F-A30B-E4D90942FC07): 1
LogDevObjectVersion:   Dev-Automation (0DF73D61-A23F-47EA-B727-89E90C41499A): 1
LogDevObjectVersion:   FortniteMain (601D1886-AC64-4F84-AA16-D3DE0DEAC7D6): 27
LogDevObjectVersion:   Dev-Enterprise (9DFFBCD6-494F-0158-E221-12823C92A888): 6
LogDevObjectVersion:   Dev-Niagara (F2AED0AC-9AFE-416F-8664-AA7FFA26D6FC): 1
LogDevObjectVersion:   Dev-Destruction (174F1F0B-B4C6-45A5-B13F-2EE8D0FB917D): 9
LogInit: Presizing for max 16777216 objects, including 0 objects not considered by GC, pre-allocating 0 bytes for permanent pool.
LogInit: Object subsystem initialized
LogConfig: Setting CVar [[con.DebugEarlyDefault:1]]
LogConfig: Setting CVar [[r.setres:1280x720]]
[2019.11.30-19.58.48:018][  0]LogConfig: Setting CVar [[r.VSync:0]]
[2019.11.30-19.58.48:019][  0]LogConfig: Setting CVar [[r.RHICmdBypass:0]]
[2019.11.30-19.58.48:086][  0]LogConfig: Applying CVar settings from Section [/Script/Engine.RendererSettings] File [C:/Users/ThatO/Documents/GitHub/Stolemates/Stolenmates/Saved/Config/Windows/Engine.ini]
[2019.11.30-19.58.48:086][  0]LogConfig: Setting CVar [[r.GPUCrashDebugging:0]]
[2019.11.30-19.58.48:086][  0]LogConfig: Setting CVar [[r.DefaultFeature.AutoExposure.ExtendDefaultLuminanceRange:1]]
[2019.11.30-19.58.48:086][  0]LogConfig: Applying CVar settings from Section [/Script/Engine.RendererOverrideSettings] File [C:/Users/ThatO/Documents/GitHub/Stolemates/Stolenmates/Saved/Config/Windows/Engine.ini]
[2019.11.30-19.58.48:086][  0]LogConfig: Applying CVar settings from Section [/Script/Engine.StreamingSettings] File [C:/Users/ThatO/Documents/GitHub/Stolemates/Stolenmates/Saved/Config/Windows/Engine.ini]
[2019.11.30-19.58.48:086][  0]LogConfig: Setting CVar [[s.MinBulkDataSizeForAsyncLoading:131072]]
[2019.11.30-19.58.48:086][  0]LogConfig: Setting CVar [[s.AsyncLoadingThreadEnabled:0]]
[2019.11.30-19.58.48:086][  0]LogConfig: Setting CVar [[s.EventDrivenLoaderEnabled:1]]
[2019.11.30-19.58.48:086][  0]LogConfig: Setting CVar [[s.WarnIfTimeLimitExceeded:0]]
[2019.11.30-19.58.48:086][  0]LogConfig: Setting CVar [[s.TimeLimitExceededMultiplier:1.5]]
[2019.11.30-19.58.48:086][  0]LogConfig: Setting CVar [[s.TimeLimitExceededMinTime:0.005]]
[2019.11.30-19.58.48:086][  0]LogConfig: Setting CVar [[s.UseBackgroundLevelStreaming:1]]
[2019.11.30-19.58.48:086][  0]LogConfig: Setting CVar [[s.PriorityAsyncLoadingExtraTime:15.0]]
[2019.11.30-19.58.48:086][  0]LogConfig: Setting CVar [[s.LevelStreamingActorsUpdateTimeLimit:5.0]]
[2019.11.30-19.58.48:086][  0]LogConfig: Setting CVar [[s.PriorityLevelStreamingActorsUpdateExtraTime:5.0]]
[2019.11.30-19.58.48:086][  0]LogConfig: Setting CVar [[s.LevelStreamingComponentsRegistrationGranularity:10]]
[2019.11.30-19.58.48:086][  0]LogConfig: Setting CVar [[s.UnregisterComponentsTimeLimit:1.0]]
[2019.11.30-19.58.48:086][  0]LogConfig: Setting CVar [[s.LevelStreamingComponentsUnregistrationGranularity:5]]
[2019.11.30-19.58.48:086][  0]LogConfig: Applying CVar settings from Section [/Script/Engine.GarbageCollectionSettings] File [C:/Users/ThatO/Documents/GitHub/Stolemates/Stolenmates/Saved/Config/Windows/Engine.ini]
[2019.11.30-19.58.48:086][  0]LogConfig: Setting CVar [[gc.MaxObjectsNotConsideredByGC:1]]
[2019.11.30-19.58.48:086][  0]LogConfig: Setting CVar [[gc.SizeOfPermanentObjectPool:0]]
[2019.11.30-19.58.48:086][  0]LogConfig: Setting CVar [[gc.FlushStreamingOnGC:0]]
[2019.11.30-19.58.48:086][  0]LogConfig: Setting CVar [[gc.NumRetriesBeforeForcingGC:10]]
[2019.11.30-19.58.48:086][  0]LogConfig: Setting CVar [[gc.AllowParallelGC:1]]
[2019.11.30-19.58.48:086][  0]LogConfig: Setting CVar [[gc.TimeBetweenPurgingPendingKillObjects:61.1]]
[2019.11.30-19.58.48:086][  0]LogConfig: Setting CVar [[gc.MaxObjectsInEditor:16777216]]
[2019.11.30-19.58.48:086][  0]LogConfig: Setting CVar [[gc.IncrementalBeginDestroyEnabled:1]]
[2019.11.30-19.58.48:086][  0]LogConfig: Setting CVar [[gc.CreateGCClusters:1]]
[2019.11.30-19.58.48:086][  0]LogConfig: Setting CVar [[gc.MinGCClusterSize:5]]
[2019.11.30-19.58.48:086][  0]LogConfig: Setting CVar [[gc.ActorClusteringEnabled:0]]
[2019.11.30-19.58.48:087][  0]LogConfig: Setting CVar [[gc.BlueprintClusteringEnabled:0]]
[2019.11.30-19.58.48:087][  0]LogConfig: Setting CVar [[gc.UseDisregardForGCOnDedicatedServers:0]]
[2019.11.30-19.58.48:087][  0]LogConfig: Applying CVar settings from Section [/Script/Engine.NetworkSettings] File [C:/Users/ThatO/Documents/GitHub/Stolemates/Stolenmates/Saved/Config/Windows/Engine.ini]
[2019.11.30-19.58.48:087][  0]LogConfig: Applying CVar settings from Section [/Script/UnrealEd.CookerSettings] File [C:/Users/ThatO/Documents/GitHub/Stolemates/Stolenmates/Saved/Config/Windows/Engine.ini]
[2019.11.30-19.58.48:620][  0]LogConfig: Applying CVar settings from Section [ViewDistanceQuality@3] File [C:/Users/ThatO/Documents/GitHub/Stolemates/Stolenmates/Saved/Config/Windows/Scalability.ini]
[2019.11.30-19.58.48:620][  0]LogConfig: Setting CVar [[r.SkeletalMeshLODBias:0]]
[2019.11.30-19.58.48:620][  0]LogConfig: Setting CVar [[r.ViewDistanceScale:1.0]]
[2019.11.30-19.58.48:620][  0]LogConfig: Applying CVar settings from Section [AntiAliasingQuality@3] File [C:/Users/ThatO/Documents/GitHub/Stolemates/Stolenmates/Saved/Config/Windows/Scalability.ini]
[2019.11.30-19.58.48:620][  0]LogConfig: Setting CVar [[r.PostProcessAAQuality:4]]
[2019.11.30-19.58.48:620][  0]LogConfig: Applying CVar settings from Section [ShadowQuality@3] File [C:/Users/ThatO/Documents/GitHub/Stolemates/Stolenmates/Saved/Config/Windows/Scalability.ini]
[2019.11.30-19.58.48:620][  0]LogConfig: Setting CVar [[r.LightFunctionQuality:1]]
[2019.11.30-19.58.48:620][  0]LogConfig: Setting CVar [[r.ShadowQuality:5]]
[2019.11.30-19.58.48:620][  0]LogConfig: Setting CVar [[r.Shadow.CSM.MaxCascades:10]]
[2019.11.30-19.58.48:620][  0]LogConfig: Setting CVar [[r.Shadow.MaxResolution:2048]]
[2019.11.30-19.58.48:620][  0]LogConfig: Setting CVar [[r.Shadow.MaxCSMResolution:2048]]
[2019.11.30-19.58.48:620][  0]LogConfig: Setting CVar [[r.Shadow.RadiusThreshold:0.01]]
[2019.11.30-19.58.48:620][  0]LogConfig: Setting CVar [[r.Shadow.DistanceScale:1.0]]
[2019.11.30-19.58.48:620][  0]LogConfig: Setting CVar [[r.Shadow.CSM.TransitionScale:1.0]]
[2019.11.30-19.58.48:620][  0]LogConfig: Setting CVar [[r.Shadow.PreShadowResolutionFactor:1.0]]
[2019.11.30-19.58.48:620][  0]LogConfig: Setting CVar [[r.DistanceFieldShadowing:1]]
[2019.11.30-19.58.48:620][  0]LogConfig: Setting CVar [[r.DistanceFieldAO:1]]
[2019.11.30-19.58.48:620][  0]LogConfig: Setting CVar [[r.AOQuality:2]]
[2019.11.30-19.58.48:620][  0]LogConfig: Setting CVar [[r.VolumetricFog:1]]
[2019.11.30-19.58.48:620][  0]LogConfig: Setting CVar [[r.VolumetricFog.GridPixelSize:8]]
[2019.11.30-19.58.48:620][  0]LogConfig: Setting CVar [[r.VolumetricFog.GridSizeZ:128]]
[2019.11.30-19.58.48:620][  0]LogConfig: Setting CVar [[r.VolumetricFog.HistoryMissSupersampleCount:4]]
[2019.11.30-19.58.48:620][  0]LogConfig: Setting CVar [[r.LightMaxDrawDistanceScale:1]]
[2019.11.30-19.58.48:620][  0]LogConfig: Setting CVar [[r.CapsuleShadows:1]]
[2019.11.30-19.58.48:620][  0]LogConfig: Applying CVar settings from Section [PostProcessQuality@3] File [C:/Users/ThatO/Documents/GitHub/Stolemates/Stolenmates/Saved/Config/Windows/Scalability.ini]
[2019.11.30-19.58.48:620][  0]LogConfig: Setting CVar [[r.MotionBlurQuality:4]]
[2019.11.30-19.58.48:620][  0]LogConfig: Setting CVar [[r.AmbientOcclusionMipLevelFactor:0.4]]
[2019.11.30-19.58.48:620][  0]LogConfig: Setting CVar [[r.AmbientOcclusionMaxQuality:100]]
[2019.11.30-19.58.48:620][  0]LogConfig: Setting CVar [[r.AmbientOcclusionLevels:-1]]
[2019.11.30-19.58.48:620][  0]LogConfig: Setting CVar [[r.AmbientOcclusionRadiusScale:1.0]]
[2019.11.30-19.58.48:620][  0]LogConfig: Setting CVar [[r.DepthOfFieldQuality:2]]
[2019.11.30-19.58.48:620][  0]LogConfig: Setting CVar [[r.RenderTargetPoolMin:400]]
[2019.11.30-19.58.48:620][  0]LogConfig: Setting CVar [[r.LensFlareQuality:2]]
[2019.11.30-19.58.48:620][  0]LogConfig: Setting CVar [[r.SceneColorFringeQuality:1]]
[2019.11.30-19.58.48:620][  0]LogConfig: Setting CVar [[r.EyeAdaptationQuality:2]]
[2019.11.30-19.58.48:620][  0]LogConfig: Setting CVar [[r.BloomQuality:5]]
[2019.11.30-19.58.48:620][  0]LogConfig: Setting CVar [[r.FastBlurThreshold:100]]
[2019.11.30-19.58.48:620][  0]LogConfig: Setting CVar [[r.Upscale.Quality:3]]
[2019.11.30-19.58.48:620][  0]LogConfig: Setting CVar [[r.Tonemapper.GrainQuantization:1]]
[2019.11.30-19.58.48:620][  0]LogConfig: Setting CVar [[r.LightShaftQuality:1]]
[2019.11.30-19.58.48:620][  0]LogConfig: Setting CVar [[r.Filter.SizeScale:1]]
[2019.11.30-19.58.48:620][  0]LogConfig: Setting CVar [[r.Tonemapper.Quality:5]]
[2019.11.30-19.58.48:620][  0]LogConfig: Setting CVar [[r.DOF.Gather.AccumulatorQuality:1        ; higher gathering accumulator quality]]
[2019.11.30-19.58.48:620][  0]LogConfig: Setting CVar [[r.DOF.Gather.PostfilterMethod:1          ; Median3x3 postfilering method]]
[2019.11.30-19.58.48:620][  0]LogConfig: Setting CVar [[r.DOF.Gather.EnableBokehSettings:0       ; no bokeh simulation when gathering]]
[2019.11.30-19.58.48:620][  0]LogConfig: Setting CVar [[r.DOF.Gather.RingCount:4                 ; medium number of samples when gathering]]
[2019.11.30-19.58.48:620][  0]LogConfig: Setting CVar [[r.DOF.Scatter.ForegroundCompositing:1    ; additive foreground scattering]]
[2019.11.30-19.58.48:620][  0]LogConfig: Setting CVar [[r.DOF.Scatter.BackgroundCompositing:2    ; additive background scattering]]
[2019.11.30-19.58.48:620][  0]LogConfig: Setting CVar [[r.DOF.Scatter.EnableBokehSettings:1      ; bokeh simulation when scattering]]
[2019.11.30-19.58.48:620][  0]LogConfig: Setting CVar [[r.DOF.Scatter.MaxSpriteRatio:0.1         ; only a maximum of 10% of scattered bokeh]]
[2019.11.30-19.58.48:620][  0]LogConfig: Setting CVar [[r.DOF.Recombine.Quality:1                ; cheap slight out of focus]]
[2019.11.30-19.58.48:620][  0]LogConfig: Setting CVar [[r.DOF.Recombine.EnableBokehSettings:0    ; no bokeh simulation on slight out of focus]]
[2019.11.30-19.58.48:620][  0]LogConfig: Setting CVar [[r.DOF.TemporalAAQuality:1                ; more stable temporal accumulation]]
[2019.11.30-19.58.48:620][  0]LogConfig: Setting CVar [[r.DOF.Kernel.MaxForegroundRadius:0.025]]
[2019.11.30-19.58.48:620][  0]LogConfig: Setting CVar [[r.DOF.Kernel.MaxBackgroundRadius:0.025]]
[2019.11.30-19.58.48:620][  0]LogConfig: Applying CVar settings from Section [TextureQuality@3] File [C:/Users/ThatO/Documents/GitHub/Stolemates/Stolenmates/Saved/Config/Windows/Scalability.ini]
[2019.11.30-19.58.48:620][  0]LogConfig: Setting CVar [[r.Streaming.MipBias:0]]
[2019.11.30-19.58.48:620][  0]LogConfig: Setting CVar [[r.Streaming.AmortizeCPUToGPUCopy:0]]
[2019.11.30-19.58.48:620][  0]LogConfig: Setting CVar [[r.Streaming.MaxNumTexturesToStreamPerFrame:0]]
[2019.11.30-19.58.48:620][  0]LogConfig: Setting CVar [[r.Streaming.Boost:1]]
[2019.11.30-19.58.48:620][  0]LogConfig: Setting CVar [[r.MaxAnisotropy:8]]
[2019.11.30-19.58.48:620][  0]LogConfig: Setting CVar [[r.Streaming.LimitPoolSizeToVRAM:0]]
[2019.11.30-19.58.48:621][  0]LogConfig: Setting CVar [[r.Streaming.PoolSize:1000]]
[2019.11.30-19.58.48:621][  0]LogConfig: Setting CVar [[r.Streaming.MaxEffectiveScreenSize:0]]
[2019.11.30-19.58.48:621][  0]LogConfig: Applying CVar settings from Section [EffectsQuality@3] File [C:/Users/ThatO/Documents/GitHub/Stolemates/Stolenmates/Saved/Config/Windows/Scalability.ini]
[2019.11.30-19.58.48:621][  0]LogConfig: Setting CVar [[r.TranslucencyLightingVolumeDim:64]]
[2019.11.30-19.58.48:621][  0]LogConfig: Setting CVar [[r.RefractionQuality:2]]
[2019.11.30-19.58.48:621][  0]LogConfig: Setting CVar [[r.SSR.Quality:3]]
[2019.11.30-19.58.48:621][  0]LogConfig: Setting CVar [[r.SceneColorFormat:4]]
[2019.11.30-19.58.48:621][  0]LogConfig: Setting CVar [[r.DetailMode:2]]
[2019.11.30-19.58.48:621][  0]LogConfig: Setting CVar [[r.TranslucencyVolumeBlur:1]]
[2019.11.30-19.58.48:621][  0]LogConfig: Setting CVar [[r.MaterialQualityLevel:1 ; High quality]]
[2019.11.30-19.58.48:621][  0]LogConfig: Setting CVar [[r.SSS.Scale:1]]
[2019.11.30-19.58.48:621][  0]LogConfig: Setting CVar [[r.SSS.SampleSet:2]]
[2019.11.30-19.58.48:621][  0]LogConfig: Setting CVar [[r.SSS.Quality:1]]
[2019.11.30-19.58.48:621][  0]LogConfig: Setting CVar [[r.SSS.HalfRes:1]]
[2019.11.30-19.58.48:621][  0]LogConfig: Setting CVar [[r.EmitterSpawnRateScale:1.0]]
[2019.11.30-19.58.48:621][  0]LogConfig: Setting CVar [[r.ParticleLightQuality:2]]
[2019.11.30-19.58.48:621][  0]LogConfig: Applying CVar settings from Section [FoliageQuality@3] File [C:/Users/ThatO/Documents/GitHub/Stolemates/Stolenmates/Saved/Config/Windows/Scalability.ini]
[2019.11.30-19.58.48:621][  0]LogConfig: Setting CVar [[foliage.DensityScale:1.0]]
[2019.11.30-19.58.48:621][  0]LogConfig: Setting CVar [[grass.DensityScale:1.0]]
[2019.11.30-19.58.48:674][  0]LogInit: Selected Device Profile: [Windows]
[2019.11.30-19.58.48:699][  0]LogInit: Applying CVar settings loaded from the selected device profile: [Windows]
[2019.11.30-19.58.48:864][  0]LogHAL: Display: Platform has ~ 16 GB [17018613760 / 17179869184 / 16], which maps to Larger [LargestMinGB=32, LargerMinGB=12, DefaultMinGB=8, SmallerMinGB=6, SmallestMinGB=0)
[2019.11.30-19.58.48:865][  0]LogInit: Going up to parent DeviceProfile []
[2019.11.30-19.58.48:893][  0]LogConfig: Applying CVar settings from Section [ViewDistanceQuality@3] File [C:/Users/ThatO/Documents/GitHub/Stolemates/Stolenmates/Saved/Config/Windows/Scalability.ini]
[2019.11.30-19.58.48:893][  0]LogConfig: Setting CVar [[r.SkeletalMeshLODBias:0]]
[2019.11.30-19.58.48:893][  0]LogConfig: Setting CVar [[r.ViewDistanceScale:1.0]]
[2019.11.30-19.58.48:893][  0]LogConfig: Applying CVar settings from Section [AntiAliasingQuality@3] File [C:/Users/ThatO/Documents/GitHub/Stolemates/Stolenmates/Saved/Config/Windows/Scalability.ini]
[2019.11.30-19.58.48:893][  0]LogConfig: Setting CVar [[r.PostProcessAAQuality:4]]
[2019.11.30-19.58.48:893][  0]LogConfig: Applying CVar settings from Section [ShadowQuality@3] File [C:/Users/ThatO/Documents/GitHub/Stolemates/Stolenmates/Saved/Config/Windows/Scalability.ini]
[2019.11.30-19.58.48:893][  0]LogConfig: Setting CVar [[r.LightFunctionQuality:1]]
[2019.11.30-19.58.48:893][  0]LogConfig: Setting CVar [[r.ShadowQuality:5]]
[2019.11.30-19.58.48:893][  0]LogConfig: Setting CVar [[r.Shadow.CSM.MaxCascades:10]]
[2019.11.30-19.58.48:893][  0]LogConfig: Setting CVar [[r.Shadow.MaxResolution:2048]]
[2019.11.30-19.58.48:893][  0]LogConfig: Setting CVar [[r.Shadow.MaxCSMResolution:2048]]
[2019.11.30-19.58.48:893][  0]LogConfig: Setting CVar [[r.Shadow.RadiusThreshold:0.01]]
[2019.11.30-19.58.48:893][  0]LogConfig: Setting CVar [[r.Shadow.DistanceScale:1.0]]
[2019.11.30-19.58.48:893][  0]LogConfig: Setting CVar [[r.Shadow.CSM.TransitionScale:1.0]]
[2019.11.30-19.58.48:893][  0]LogConfig: Setting CVar [[r.Shadow.PreShadowResolutionFactor:1.0]]
[2019.11.30-19.58.48:893][  0]LogConfig: Setting CVar [[r.DistanceFieldShadowing:1]]
[2019.11.30-19.58.48:893][  0]LogConfig: Setting CVar [[r.DistanceFieldAO:1]]
[2019.11.30-19.58.48:893][  0]LogConfig: Setting CVar [[r.AOQuality:2]]
[2019.11.30-19.58.48:893][  0]LogConfig: Setting CVar [[r.VolumetricFog:1]]
[2019.11.30-19.58.48:893][  0]LogConfig: Setting CVar [[r.VolumetricFog.GridPixelSize:8]]
[2019.11.30-19.58.48:893][  0]LogConfig: Setting CVar [[r.VolumetricFog.GridSizeZ:128]]
[2019.11.30-19.58.48:893][  0]LogConfig: Setting CVar [[r.VolumetricFog.HistoryMissSupersampleCount:4]]
[2019.11.30-19.58.48:893][  0]LogConfig: Setting CVar [[r.LightMaxDrawDistanceScale:1]]
[2019.11.30-19.58.48:893][  0]LogConfig: Setting CVar [[r.CapsuleShadows:1]]
[2019.11.30-19.58.48:893][  0]LogConfig: Applying CVar settings from Section [PostProcessQuality@3] File [C:/Users/ThatO/Documents/GitHub/Stolemates/Stolenmates/Saved/Config/Windows/Scalability.ini]
[2019.11.30-19.58.48:893][  0]LogConfig: Setting CVar [[r.MotionBlurQuality:4]]
[2019.11.30-19.58.48:893][  0]LogConfig: Setting CVar [[r.AmbientOcclusionMipLevelFactor:0.4]]
[2019.11.30-19.58.48:893][  0]LogConfig: Setting CVar [[r.AmbientOcclusionMaxQuality:100]]
[2019.11.30-19.58.48:893][  0]LogConfig: Setting CVar [[r.AmbientOcclusionLevels:-1]]
[2019.11.30-19.58.48:893][  0]LogConfig: Setting CVar [[r.AmbientOcclusionRadiusScale:1.0]]
[2019.11.30-19.58.48:893][  0]LogConfig: Setting CVar [[r.DepthOfFieldQuality:2]]
[2019.11.30-19.58.48:893][  0]LogConfig: Setting CVar [[r.RenderTargetPoolMin:400]]
[2019.11.30-19.58.48:893][  0]LogConfig: Setting CVar [[r.LensFlareQuality:2]]
[2019.11.30-19.58.48:893][  0]LogConfig: Setting CVar [[r.SceneColorFringeQuality:1]]
[2019.11.30-19.58.48:893][  0]LogConfig: Setting CVar [[r.EyeAdaptationQuality:2]]
[2019.11.30-19.58.48:893][  0]LogConfig: Setting CVar [[r.BloomQuality:5]]
[2019.11.30-19.58.48:893][  0]LogConfig: Setting CVar [[r.FastBlurThreshold:100]]
[2019.11.30-19.58.48:893][  0]LogConfig: Setting CVar [[r.Upscale.Quality:3]]
[2019.11.30-19.58.48:893][  0]LogConfig: Setting CVar [[r.Tonemapper.GrainQuantization:1]]
[2019.11.30-19.58.48:893][  0]LogConfig: Setting CVar [[r.LightShaftQuality:1]]
[2019.11.30-19.58.48:893][  0]LogConfig: Setting CVar [[r.Filter.SizeScale:1]]
[2019.11.30-19.58.48:893][  0]LogConfig: Setting CVar [[r.Tonemapper.Quality:5]]
[2019.11.30-19.58.48:893][  0]LogConfig: Setting CVar [[r.DOF.Gather.AccumulatorQuality:1        ; higher gathering accumulator quality]]
[2019.11.30-19.58.48:893][  0]LogConfig: Setting CVar [[r.DOF.Gather.PostfilterMethod:1          ; Median3x3 postfilering method]]
[2019.11.30-19.58.48:893][  0]LogConfig: Setting CVar [[r.DOF.Gather.EnableBokehSettings:0       ; no bokeh simulation when gathering]]
[2019.11.30-19.58.48:893][  0]LogConfig: Setting CVar [[r.DOF.Gather.RingCount:4                 ; medium number of samples when gathering]]
[2019.11.30-19.58.48:893][  0]LogConfig: Setting CVar [[r.DOF.Scatter.ForegroundCompositing:1    ; additive foreground scattering]]
[2019.11.30-19.58.48:893][  0]LogConfig: Setting CVar [[r.DOF.Scatter.BackgroundCompositing:2    ; additive background scattering]]
[2019.11.30-19.58.48:893][  0]LogConfig: Setting CVar [[r.DOF.Scatter.EnableBokehSettings:1      ; bokeh simulation when scattering]]
[2019.11.30-19.58.48:893][  0]LogConfig: Setting CVar [[r.DOF.Scatter.MaxSpriteRatio:0.1         ; only a maximum of 10% of scattered bokeh]]
[2019.11.30-19.58.48:893][  0]LogConfig: Setting CVar [[r.DOF.Recombine.Quality:1                ; cheap slight out of focus]]
[2019.11.30-19.58.48:893][  0]LogConfig: Setting CVar [[r.DOF.Recombine.EnableBokehSettings:0    ; no bokeh simulation on slight out of focus]]
[2019.11.30-19.58.48:893][  0]LogConfig: Setting CVar [[r.DOF.TemporalAAQuality:1                ; more stable temporal accumulation]]
[2019.11.30-19.58.48:893][  0]LogConfig: Setting CVar [[r.DOF.Kernel.MaxForegroundRadius:0.025]]
[2019.11.30-19.58.48:893][  0]LogConfig: Setting CVar [[r.DOF.Kernel.MaxBackgroundRadius:0.025]]
[2019.11.30-19.58.48:894][  0]LogConfig: Applying CVar settings from Section [TextureQuality@3] File [C:/Users/ThatO/Documents/GitHub/Stolemates/Stolenmates/Saved/Config/Windows/Scalability.ini]
[2019.11.30-19.58.48:894][  0]LogConfig: Setting CVar [[r.Streaming.MipBias:0]]
[2019.11.30-19.58.48:894][  0]LogConfig: Setting CVar [[r.Streaming.AmortizeCPUToGPUCopy:0]]
[2019.11.30-19.58.48:894][  0]LogConfig: Setting CVar [[r.Streaming.MaxNumTexturesToStreamPerFrame:0]]
[2019.11.30-19.58.48:894][  0]LogConfig: Setting CVar [[r.Streaming.Boost:1]]
[2019.11.30-19.58.48:894][  0]LogConfig: Setting CVar [[r.MaxAnisotropy:8]]
[2019.11.30-19.58.48:894][  0]LogConfig: Setting CVar [[r.Streaming.LimitPoolSizeToVRAM:0]]
[2019.11.30-19.58.48:894][  0]LogConfig: Setting CVar [[r.Streaming.PoolSize:1000]]
[2019.11.30-19.58.48:894][  0]LogConfig: Setting CVar [[r.Streaming.MaxEffectiveScreenSize:0]]
[2019.11.30-19.58.48:894][  0]LogConfig: Applying CVar settings from Section [EffectsQuality@3] File [C:/Users/ThatO/Documents/GitHub/Stolemates/Stolenmates/Saved/Config/Windows/Scalability.ini]
[2019.11.30-19.58.48:894][  0]LogConfig: Setting CVar [[r.TranslucencyLightingVolumeDim:64]]
[2019.11.30-19.58.48:894][  0]LogConfig: Setting CVar [[r.RefractionQuality:2]]
[2019.11.30-19.58.48:894][  0]LogConfig: Setting CVar [[r.SSR.Quality:3]]
[2019.11.30-19.58.48:894][  0]LogConfig: Setting CVar [[r.SceneColorFormat:4]]
[2019.11.30-19.58.48:894][  0]LogConfig: Setting CVar [[r.DetailMode:2]]
[2019.11.30-19.58.48:894][  0]LogConfig: Setting CVar [[r.TranslucencyVolumeBlur:1]]
[2019.11.30-19.58.48:894][  0]LogConfig: Setting CVar [[r.MaterialQualityLevel:1 ; High quality]]
[2019.11.30-19.58.48:894][  0]LogConfig: Setting CVar [[r.SSS.Scale:1]]
[2019.11.30-19.58.48:894][  0]LogConfig: Setting CVar [[r.SSS.SampleSet:2]]
[2019.11.30-19.58.48:894][  0]LogConfig: Setting CVar [[r.SSS.Quality:1]]
[2019.11.30-19.58.48:894][  0]LogConfig: Setting CVar [[r.SSS.HalfRes:1]]
[2019.11.30-19.58.48:894][  0]LogConfig: Setting CVar [[r.EmitterSpawnRateScale:1.0]]
[2019.11.30-19.58.48:894][  0]LogConfig: Setting CVar [[r.ParticleLightQuality:2]]
[2019.11.30-19.58.48:894][  0]LogConfig: Applying CVar settings from Section [FoliageQuality@3] File [C:/Users/ThatO/Documents/GitHub/Stolemates/Stolenmates/Saved/Config/Windows/Scalability.ini]
[2019.11.30-19.58.48:894][  0]LogConfig: Setting CVar [[foliage.DensityScale:1.0]]
[2019.11.30-19.58.48:894][  0]LogConfig: Setting CVar [[grass.DensityScale:1.0]]
[2019.11.30-19.58.48:894][  0]LogConfig: Applying CVar settings from Section [Startup] File [../../../Engine/Config/ConsoleVariables.ini]
[2019.11.30-19.58.48:894][  0]LogConfig: Setting CVar [[net.UseAdaptiveNetUpdateFrequency:0]]
[2019.11.30-19.58.48:894][  0]LogConfig: Setting CVar [[p.chaos.AllowCreatePhysxBodies:1]]
[2019.11.30-19.58.48:894][  0]LogConfig: Applying CVar settings from Section [ConsoleVariables] File [C:/Users/ThatO/Documents/GitHub/Stolemates/Stolenmates/Saved/Config/Windows/Engine.ini]
[2019.11.30-19.58.49:009][  0]LogInit: Computer: MSI
[2019.11.30-19.58.49:009][  0]LogInit: User: ThatO
[2019.11.30-19.58.49:009][  0]LogInit: CPU Page size=4096, Cores=6
[2019.11.30-19.58.49:009][  0]LogInit: High frequency timer resolution =10.000000 MHz
[2019.11.30-19.58.49:095][  0]LogMemory: Memory total: Physical=15.8GB (16GB approx)
[2019.11.30-19.58.49:100][  0]LogMemory: Platform Memory Stats for Windows
[2019.11.30-19.58.49:100][  0]LogMemory: Process Physical Memory: 107.33 MB used, 107.33 MB peak
[2019.11.30-19.58.49:100][  0]LogMemory: Process Virtual Memory: 101.12 MB used, 101.12 MB peak
[2019.11.30-19.58.49:100][  0]LogMemory: Physical Memory: 12361.10 MB used,  3869.11 MB free, 16230.21 MB total
[2019.11.30-19.58.49:100][  0]LogMemory: Virtual Memory: 4742.28 MB used,  134212984.00 MB free, 134217728.00 MB total
[2019.11.30-19.58.49:277][  0]LogWindows: WindowsPlatformFeatures enabled
[2019.11.30-19.58.54:527][  0]LogInit: Using OS detected language (en-US).
[2019.11.30-19.58.54:527][  0]LogInit: Using OS detected locale (en-US).
[2019.11.30-19.58.54:808][  0]LogTextLocalizationManager: No specific localization for 'en-US' exists, so the 'en' localization will be used.
[2019.11.30-19.58.58:126][  0]LogInit: Setting process to per monitor DPI aware
[2019.11.30-19.59.00:539][  0]LogSlate: New Slate User Created.  User Index 0, Is Virtual User: 0
[2019.11.30-19.59.00:539][  0]LogSlate: Slate User Registered.  User Index 0, Is Virtual User: 0
[2019.11.30-19.59.21:622][  0]LogHMD: Failed to initialize OpenVR with code 100
[2019.11.30-19.59.21:622][  0]LogD3D11RHI: D3D11 adapters:
[2019.11.30-19.59.29:202][  0]LogD3D11RHI:    0. 'NVIDIA GeForce GTX 1050' (Feature Level 11_0)
[2019.11.30-19.59.29:202][  0]LogD3D11RHI:       1979/0/8115 MB DedicatedVideo/DedicatedSystem/SharedSystem, Outputs:1, VendorId:0x10de
[2019.11.30-19.59.30:151][  0]LogD3D11RHI:    1. 'Intel(R) UHD Graphics 630' (Feature Level 11_0)
[2019.11.30-19.59.30:151][  0]LogD3D11RHI:       128/0/8115 MB DedicatedVideo/DedicatedSystem/SharedSystem, Outputs:0, VendorId:0x8086
[2019.11.30-19.59.30:252][  0]LogD3D11RHI:    2. 'Microsoft Basic Render Driver' (Feature Level 11_0)
[2019.11.30-19.59.30:252][  0]LogD3D11RHI:       0/0/8115 MB DedicatedVideo/DedicatedSystem/SharedSystem, Outputs:0, VendorId:0x1414
[2019.11.30-19.59.30:252][  0]LogD3D11RHI: Chosen D3D11 Adapter: 0
[2019.11.30-19.59.30:499][  0]LogD3D11RHI: Creating new Direct3DDevice
[2019.11.30-19.59.30:499][  0]LogD3D11RHI:     GPU DeviceId: 0x1c8d (for the marketing name, search the web for "GPU Device Id")
[2019.11.30-19.59.30:499][  0]LogWindows: EnumDisplayDevices:
[2019.11.30-19.59.30:499][  0]LogWindows:    0. 'Intel(R) UHD Graphics 630' (P:1 D:1)
[2019.11.30-19.59.30:499][  0]LogWindows:    1. 'Intel(R) UHD Graphics 630' (P:0 D:0)
[2019.11.30-19.59.30:500][  0]LogWindows:    2. 'Intel(R) UHD Graphics 630' (P:0 D:0)
[2019.11.30-19.59.30:500][  0]LogWindows: DebugString: PrimaryIsNotTheChoosenAdapter PrimaryIsNotTheChoosenAdapter PrimaryIsNotTheChoosenAdapter FoundDriverCount:0 
[2019.11.30-19.59.30:500][  0]LogD3D11RHI:     Adapter Name: NVIDIA GeForce GTX 1050
[2019.11.30-19.59.30:512][  0]LogD3D11RHI:   Driver Version: Unknown (internal:Unknown, unified:Unknown)
[2019.11.30-19.59.30:512][  0]LogD3D11RHI:      Driver Date: Unknown
[2019.11.30-19.59.30:512][  0]LogRHI: Texture pool is 1385 MB (70% of 1979 MB)
[2019.11.30-19.59.30:933][  0]LogD3D11RHI: Async texture creation enabled
[2019.11.30-19.59.34:785][  0]LogD3D11RHI: GPU Timing Frequency: 1000.000000 (Debug: 2 4)
[2019.11.30-19.59.35:838][  0]LogTemp: Display: Module 'AllDesktopTargetPlatform' loaded TargetPlatform 'AllDesktop'
[2019.11.30-19.59.36:052][  0]LogTemp: Display: Module 'MacClientTargetPlatform' loaded TargetPlatform 'MacClient'
[2019.11.30-19.59.36:136][  0]LogTemp: Display: Module 'MacNoEditorTargetPlatform' loaded TargetPlatform 'MacNoEditor'
[2019.11.30-19.59.36:185][  0]LogTemp: Display: Module 'MacServerTargetPlatform' loaded TargetPlatform 'MacServer'
[2019.11.30-19.59.36:347][  0]LogTemp: Display: Module 'MacTargetPlatform' loaded TargetPlatform 'Mac'
[2019.11.30-19.59.36:547][  0]LogTemp: Display: Module 'WindowsClientTargetPlatform' loaded TargetPlatform 'WindowsClient'
[2019.11.30-19.59.36:707][  0]LogTemp: Display: Module 'WindowsNoEditorTargetPlatform' loaded TargetPlatform 'WindowsNoEditor'
[2019.11.30-19.59.36:729][  0]LogTemp: Display: Module 'WindowsServerTargetPlatform' loaded TargetPlatform 'WindowsServer'
[2019.11.30-19.59.36:851][  0]LogTemp: Display: Module 'WindowsTargetPlatform' loaded TargetPlatform 'Windows'
[2019.11.30-19.59.37:010][  0]LogTemp: Display: Module 'AndroidTargetPlatform' loaded TargetPlatform 'Android'
[2019.11.30-19.59.37:010][  0]LogTemp: Display: Module 'AndroidTargetPlatform' loaded TargetPlatform 'Android_ASTC'
[2019.11.30-19.59.37:010][  0]LogTemp: Display: Module 'AndroidTargetPlatform' loaded TargetPlatform 'Android_ATC'
[2019.11.30-19.59.37:010][  0]LogTemp: Display: Module 'AndroidTargetPlatform' loaded TargetPlatform 'Android_DXT'
[2019.11.30-19.59.37:010][  0]LogTemp: Display: Module 'AndroidTargetPlatform' loaded TargetPlatform 'Android_ETC1'
[2019.11.30-19.59.37:011][  0]LogTemp: Display: Module 'AndroidTargetPlatform' loaded TargetPlatform 'Android_ETC1a'
[2019.11.30-19.59.37:011][  0]LogTemp: Display: Module 'AndroidTargetPlatform' loaded TargetPlatform 'Android_ETC2'
[2019.11.30-19.59.37:011][  0]LogTemp: Display: Module 'AndroidTargetPlatform' loaded TargetPlatform 'Android_PVRTC'
[2019.11.30-19.59.37:011][  0]LogTemp: Display: Module 'AndroidTargetPlatform' loaded TargetPlatform 'AndroidClient'
[2019.11.30-19.59.37:011][  0]LogTemp: Display: Module 'AndroidTargetPlatform' loaded TargetPlatform 'Android_ASTCClient'
[2019.11.30-19.59.37:011][  0]LogTemp: Display: Module 'AndroidTargetPlatform' loaded TargetPlatform 'Android_ATCClient'
[2019.11.30-19.59.37:011][  0]LogTemp: Display: Module 'AndroidTargetPlatform' loaded TargetPlatform 'Android_DXTClient'
[2019.11.30-19.59.37:011][  0]LogTemp: Display: Module 'AndroidTargetPlatform' loaded TargetPlatform 'Android_ETC1Client'
[2019.11.30-19.59.37:011][  0]LogTemp: Display: Module 'AndroidTargetPlatform' loaded TargetPlatform 'Android_ETC1aClient'
[2019.11.30-19.59.37:011][  0]LogTemp: Display: Module 'AndroidTargetPlatform' loaded TargetPlatform 'Android_ETC2Client'
[2019.11.30-19.59.37:011][  0]LogTemp: Display: Module 'AndroidTargetPlatform' loaded TargetPlatform 'Android_PVRTCClient'
[2019.11.30-19.59.37:011][  0]LogTemp: Display: Module 'AndroidTargetPlatform' loaded TargetPlatform 'Android_Multi'
[2019.11.30-19.59.37:011][  0]LogTemp: Display: Module 'AndroidTargetPlatform' loaded TargetPlatform 'Android_MultiClient'
[2019.11.30-19.59.37:141][  0]LogTemp: Display: Module 'HTML5TargetPlatform' loaded TargetPlatform 'HTML5'
[2019.11.30-19.59.37:991][  0]LogTemp: Display: Module 'IOSTargetPlatform' loaded TargetPlatform 'IOSClient'
[2019.11.30-19.59.37:991][  0]LogTemp: Display: Module 'IOSTargetPlatform' loaded TargetPlatform 'IOS'
[2019.11.30-19.59.38:192][  0]LogTemp: Display: Module 'TVOSTargetPlatform' loaded TargetPlatform 'TVOSClient'
[2019.11.30-19.59.38:193][  0]LogTemp: Display: Module 'TVOSTargetPlatform' loaded TargetPlatform 'TVOS'
[2019.11.30-19.59.38:507][  0]LogTemp: Display: Module 'LinuxClientTargetPlatform' loaded TargetPlatform 'LinuxClient'
[2019.11.30-19.59.38:571][  0]LogTemp: Display: Module 'LinuxNoEditorTargetPlatform' loaded TargetPlatform 'LinuxNoEditor'
[2019.11.30-19.59.38:590][  0]LogTemp: Display: Module 'LinuxServerTargetPlatform' loaded TargetPlatform 'LinuxServer'
[2019.11.30-19.59.39:011][  0]LogTemp: Display: Module 'LinuxTargetPlatform' loaded TargetPlatform 'Linux'
[2019.11.30-19.59.39:363][  0]LogTemp: Display: Module 'LuminTargetPlatform' loaded TargetPlatform 'Lumin'
[2019.11.30-19.59.39:363][  0]LogTemp: Display: Module 'LuminTargetPlatform' loaded TargetPlatform 'LuminClient'
[2019.11.30-19.59.39:363][  0]LogTargetPlatformManager: Display: Building Assets For Windows
[2019.11.30-19.59.40:259][  0]LogAudioDebug: Display: Lib vorbis DLL was dynamically loaded.
[2019.11.30-19.59.42:815][  0]LogShaderCompilers: Guid format shader working directory is -23 characters bigger than the processId version (../../../../../../Users/ThatO/Documents/GitHub/Stolemates/Stolenmates/Intermediate/Shaders/WorkingDirectory/6216/).
[2019.11.30-19.59.42:815][  0]LogShaderCompilers: Cleaned the shader compiler working directory 'C:/Users/ThatO/AppData/Local/Temp/UnrealShaderWorkingDir/9A5884EA48FF5A191838DDAC36B1FCAE/'.
[2019.11.30-19.59.43:006][  0]LogXGEController: Cleaning working directory: C:/Users/ThatO/AppData/Local/Temp/UnrealXGEWorkingDir/
[2019.11.30-19.59.43:006][  0]LogXGEController: Cannot use XGE Controller as Incredibuild is not installed on this machine.
[2019.11.30-19.59.43:020][  0]LogShaderCompilers: Cannot use XGE Shader Compiler as Incredibuild is not installed on this machine.
[2019.11.30-19.59.43:020][  0]LogShaderCompilers: Display: Using Local Shader Compiler.
[2019.11.30-20.00.09:992][  0]LogDerivedDataCache: Display: Max Cache Size: 512 MB
[2019.11.30-20.00.11:883][  0]LogDerivedDataCache: Loaded boot cache 1.88s 73MB C:/Users/ThatO/AppData/Local/UnrealEngine/4.23/DerivedDataCache/Boot.ddc.
[2019.11.30-20.00.11:883][  0]LogDerivedDataCache: Display: Loaded Boot cache: C:/Users/ThatO/AppData/Local/UnrealEngine/4.23/DerivedDataCache/Boot.ddc
[2019.11.30-20.00.11:883][  0]LogDerivedDataCache: FDerivedDataBackendGraph:  Pak pak cache file ../../../../../../Users/ThatO/Documents/GitHub/Stolemates/Stolenmates/DerivedDataCache/DDC.ddp not found, will not use a pak cache.
[2019.11.30-20.00.11:883][  0]LogDerivedDataCache: Unable to find inner node Pak for hierarchical cache Hierarchy.
[2019.11.30-20.00.11:883][  0]LogDerivedDataCache: FDerivedDataBackendGraph:  CompressedPak pak cache file ../../../../../../Users/ThatO/Documents/GitHub/Stolemates/Stolenmates/DerivedDataCache/Compressed.ddp not found, will not use a pak cache.
[2019.11.30-20.00.11:883][  0]LogDerivedDataCache: Unable to find inner node CompressedPak for hierarchical cache Hierarchy.
[2019.11.30-20.00.12:366][  0]LogDerivedDataCache: Display: Pak cache opened for reading ../../../Engine/DerivedDataCache/Compressed.ddp.
[2019.11.30-20.00.12:366][  0]LogDerivedDataCache: FDerivedDataBackendGraph:  EnterprisePak pak cache file ../../../Enterprise/DerivedDataCache/Compressed.ddp not found, will not use a pak cache.
[2019.11.30-20.00.12:366][  0]LogDerivedDataCache: Unable to find inner node EnterprisePak for hierarchical cache Hierarchy.
[2019.11.30-20.00.12:453][  0]LogDerivedDataCache: Using Local data cache path C:/Users/ThatO/AppData/Local/UnrealEngine/Common/DerivedDataCache: Writable
[2019.11.30-20.00.12:453][  0]LogDerivedDataCache: Shared data cache path not found in *engine.ini, will not use an Shared cache.
[2019.11.30-20.00.12:453][  0]LogDerivedDataCache: Unable to find inner node Shared for hierarchical cache Hierarchy.
[2019.11.30-20.00.12:866][  0]LogMaterial: Verifying Global Shaders for PCD3D_SM5
[2019.11.30-20.00.13:352][  0]LogSlate: Using FreeType 2.6.0
[2019.11.30-20.00.13:616][  0]LogSlate: SlateFontServices - WITH_FREETYPE: 1, WITH_HARFBUZZ: 1
[2019.11.30-20.00.20:319][  0]LogAssetRegistry: FAssetRegistry took 0.0114 seconds to start up
[2019.11.30-20.00.40:797][  0]LogInit: Selected Device Profile: [Windows]
[2019.11.30-20.00.48:855][  0]LogMeshReduction: Using QuadricMeshReduction for automatic static mesh reduction
[2019.11.30-20.00.48:855][  0]LogMeshReduction: Using SimplygonMeshReduction for automatic skeletal mesh reduction
[2019.11.30-20.00.48:855][  0]LogMeshReduction: Using ProxyLODMeshReduction for automatic mesh merging
[2019.11.30-20.00.48:855][  0]LogMeshReduction: No distributed automatic mesh merging module available
[2019.11.30-20.00.48:867][  0]LogMeshMerging: No distributed automatic mesh merging module available
[2019.11.30-20.00.51:115][  0]LogNetVersion: Stolenmates 1.0.0, NetCL: 8386587, EngineNetVer: 11, GameNetVer: 0 (Checksum: 1334032006)
[2019.11.30-20.01.07:701][  0]LogPackageLocalizationCache: Processed 12 localized package path(s) for 1 prioritized culture(s) in 0.191416 seconds
[2019.11.30-20.01.07:759][  0]LogUObjectArray: 43444 objects as part of root set at end of initial load.
[2019.11.30-20.01.07:759][  0]LogUObjectAllocator: 7548648 out of 0 bytes used by permanent object pool.
[2019.11.30-20.01.07:759][  0]LogUObjectArray: CloseDisregardForGC: 0/0 objects in disregard for GC pool
[2019.11.30-20.02.44:126][  0]LogTcpMessaging: Initializing TcpMessaging bridge
[2019.11.30-20.02.44:246][  0]LogUdpMessaging: Initializing bridge on interface 0.0.0.0:0 to multicast group 230.0.0.1:6666.
[2019.11.30-20.02.47:378][  0]SourceControl: Source control is disabled
[2019.11.30-20.02.47:398][  0]SourceControl: Source control is disabled
[2019.11.30-20.02.48:017][  0]SourceControl: Source control is disabled
[2019.11.30-20.02.48:057][  0]SourceControl: Source control is disabled
[2019.11.30-20.02.51:187][  0]LogAndroidPermission: UAndroidPermissionCallbackProxy::GetInstance
[2019.11.30-20.02.54:925][  0]LogOcInput: OculusInput pre-init called
[2019.11.30-20.02.55:303][  0]LogWindows: Failed to load 'OVRPlugin.dll' (GetLastError=126)
[2019.11.30-20.02.55:303][  0]LogWindows: File 'OVRPlugin.dll' does not exist
[2019.11.30-20.02.58:793][  0]LogAutomationTest: Warning: Smoke tests took > 2s to run: 2.02s
[2019.11.30-20.02.59:056][  0]LogEngine: Initializing Engine...
[2019.11.30-20.02.59:115][  0]LogHMD: Failed to initialize OpenVR with code 100
[2019.11.30-20.02.59:378][  0]LogStats: UGameplayTagsManager::InitializeManager -  0.210 s
[2019.11.30-20.03.00:969][  0]LogInit: Initializing FReadOnlyCVARCache
[2019.11.30-20.03.03:170][  0]LogAIModule: Creating AISystem for world Untitled
[2019.11.30-20.03.03:952][  0]LogInit: XAudio2 using 'Speakers (Yeti Stereo Microphone)' : 2 channels at 48 kHz using 16 bits per sample (channel mask 0x3)
[2019.11.30-20.03.04:266][  0]LogInit: FAudioDevice initialized.
[2019.11.30-20.03.04:266][  0]LogNetVersion: Set ProjectVersion to 1.0.0.0. Version Checksum will be recalculated on next use.
[2019.11.30-20.03.05:201][  0]LogDerivedDataCache: Saved boot cache 0.94s 73MB C:/Users/ThatO/AppData/Local/UnrealEngine/4.23/DerivedDataCache/Boot.ddc.
[2019.11.30-20.03.05:212][  0]LogInit: Texture streaming: Enabled
[2019.11.30-20.03.07:080][  0]LogEngineSessionManager: EngineSessionManager initialized
[2019.11.30-20.03.10:350][  0]LogInit: Transaction tracking system initialized
[2019.11.30-20.03.14:515][  0]BlueprintLog: New page: Editor Load
[2019.11.30-20.03.21:396][  0]LocalizationService: Localization service is disabled
[2019.11.30-20.03.31:354][  0]LogFileCache: Scanning file cache for directory 'C:/Users/ThatO/Documents/GitHub/Stolemates/Stolenmates/Content/' took 0.01s
[2019.11.30-20.03.31:354][  0]LogCook: Display: Max memory allowance for cook 16384mb min free memory 0mb
[2019.11.30-20.03.31:354][  0]LogCook: Display: Mobile HDR setting 1
[2019.11.30-20.03.46:427][  0]SourceControl: Source control is disabled
[2019.11.30-20.03.46:483][  0]Cmd: MAP LOAD FILE="../../../../../../Users/ThatO/Documents/GitHub/Stolemates/Stolenmates/Content/Levels/City.umap" TEMPLATE=0 SHOWPROGRESS=1 FEATURELEVEL=3
[2019.11.30-20.03.46:500][  0]LightingResults: New page: Lighting Build
[2019.11.30-20.03.46:735][  0]LogWorld: UWorld::CleanupWorld for Untitled, bSessionEnded=true, bCleanupResources=true
[2019.11.30-20.03.46:942][  0]MapCheck: New page: Map Check
[2019.11.30-20.03.46:942][  0]LightingResults: New page: Lighting Build
[2019.11.30-20.03.48:096][  0]LogUObjectHash: Compacting FUObjectHashTables data took   1.45ms
[2019.11.30-20.03.53:960][  0]LogStaticMesh: Building static mesh Stolemates_MergedLevel...
[2019.11.30-20.03.55:650][  0]LogStaticMesh: Built static mesh [1.74s] /Game/Models/Level/Stolemates_MergedLevel.Stolemates_MergedLevel
[2019.11.30-20.03.58:025][  0]LogAIModule: Creating AISystem for world City
[2019.11.30-20.03.59:863][  0]LogEditorServer: Finished looking for orphan Actors (0.000 secs)
[2019.11.30-20.04.00:267][  0]LogUObjectHash: Compacting FUObjectHashTables data took   2.03ms
[2019.11.30-20.04.00:267][  0]Cmd: MAP CHECKDEP NOCLEARLOG
[2019.11.30-20.04.00:322][  0]MapCheck: Map check complete: 0 Error(s), 0 Warning(s), took 54.605ms to complete.
[2019.11.30-20.04.00:322][  0]LogFileHelpers: Loading map 'City' took 13.876
[2019.11.30-20.04.06:263][  0]LogSlate: Updating window title bar state: overlay mode, drag disabled, window buttons hidden, title bar hidden
[2019.11.30-20.04.06:305][  0]LogSlate: Updating window title bar state: overlay mode, drag disabled, window buttons hidden, title bar hidden
[2019.11.30-20.04.06:310][  0]LogSlate: Updating window title bar state: overlay mode, drag disabled, window buttons hidden, title bar hidden
[2019.11.30-20.04.06:315][  0]LogSlate: Updating window title bar state: overlay mode, drag disabled, window buttons hidden, title bar hidden
[2019.11.30-20.04.06:865][  0]LogCollectionManager: Loaded 0 collections in 0.002031 seconds
[2019.11.30-20.04.09:168][  0]LogFileCache: Scanning file cache for directory 'C:/Users/ThatO/Documents/GitHub/Stolemates/Stolenmates/Saved/Collections/' took 0.00s
[2019.11.30-20.04.09:168][  0]LogFileCache: Scanning file cache for directory 'C:/Users/ThatO/Documents/GitHub/Stolemates/Stolenmates/Content/Developers/ThatO/Collections/' took 0.00s
[2019.11.30-20.04.09:168][  0]LogFileCache: Scanning file cache for directory 'C:/Users/ThatO/Documents/GitHub/Stolemates/Stolenmates/Content/Collections/' took 0.00s
[2019.11.30-20.04.09:168][  0]LogCollectionManager: Rebuilt the GUID cache for 0 collections in 0.000003 seconds
[2019.11.30-20.04.09:574][  0]LogContentBrowser: Native class hierarchy populated in 0.3488 seconds. Added 2874 classes and 684 folders.
[2019.11.30-20.04.10:565][  0]LogContentBrowser: Native class hierarchy updated for 'WidgetCarousel' in 0.0003 seconds. Added 0 classes and 0 folders.
[2019.11.30-20.04.17:299][  0]LogContentBrowser: Native class hierarchy updated for 'AddContentDialog' in 0.0003 seconds. Added 0 classes and 0 folders.
[2019.11.30-20.04.17:825][  0]LogContentBrowser: Native class hierarchy updated for 'SceneOutliner' in 0.0003 seconds. Added 1 classes and 2 folders.
[2019.11.30-20.04.22:395][  0]LogSlate: Took 0.136294 seconds to synchronously load lazily loaded font '../../../Engine/Content/Slate/Fonts/Roboto-Regular.ttf' (155K)
[2019.11.30-20.04.22:654][  0]LogSlate: Took 0.162974 seconds to synchronously load lazily loaded font '../../../Engine/Content/Slate/Fonts/Roboto-Bold.ttf' (160K)
[2019.11.30-20.04.22:880][  0]LogSlate: Took 0.129653 seconds to synchronously load lazily loaded font '../../../Engine/Content/Editor/Slate/Fonts/FontAwesome.ttf' (139K)
[2019.11.30-20.04.24:722][  0]LogRenderer: Reallocating scene render targets to support 1208x704 Format 10 NumSamples 1 (Frame:1).
[2019.11.30-20.04.28:027][  0]LogContentBrowser: Native class hierarchy updated for 'HierarchicalLODOutliner' in 0.0004 seconds. Added 0 classes and 0 folders.
[2019.11.30-20.04.28:027][  0]LogLoad: (Engine Initialization) Total time: 747.99 seconds
[2019.11.30-20.04.28:027][  0]LogLoad: (Engine Initialization) Total Blueprint compile time: 0.00 seconds
[2019.11.30-20.04.28:439][  0]LogSlate: FSceneViewport::OnFocusLost() reason 0
[2019.11.30-20.04.29:331][  0]LogContentStreaming: Texture pool size now 1000 MB
[2019.11.30-20.04.29:950][  0]LogSlate: Took 0.148309 seconds to synchronously load lazily loaded font '../../../Engine/Content/Slate/Fonts/Roboto-Light.ttf' (167K)
[2019.11.30-20.04.31:482][  2]LogSlate: Took 0.000149 seconds to synchronously load lazily loaded font '../../../Engine/Content/Slate/Fonts/Roboto-Light.ttf' (167K)
[2019.11.30-20.04.31:643][  3]LogAssetRegistry: Asset discovery search completed in 251.3254 seconds
[2019.11.30-20.04.31:648][  3]LogCollectionManager: Rebuilt the object cache for 0 collections in 0.000004 seconds (found 0 objects)
[2019.11.30-20.04.31:648][  3]LogCollectionManager: Fixed up redirectors for 0 collections in 0.000055 seconds (updated 0 objects)
[2019.11.30-21.34.47:367][340]LogUObjectHash: Compacting FUObjectHashTables data took   4.60ms
[2019.11.30-21.34.47:981][340]LogSlate: Window 'Stolenmates - Unreal Editor' being destroyed
[2019.11.30-21.34.47:983][340]LogWindowsTextInputMethodSystem: Display: IME system now deactivated.
[2019.11.30-21.34.49:711][341]Cmd: QUIT_EDITOR
[2019.11.30-21.34.51:958][341]LogExit: Preparing to exit.
[2019.11.30-21.34.53:235][341]LogWorld: UWorld::CleanupWorld for World_0, bSessionEnded=true, bCleanupResources=true
[2019.11.30-21.34.53:447][341]LogWorld: UWorld::CleanupWorld for World_1, bSessionEnded=true, bCleanupResources=true
[2019.11.30-21.34.53:447][341]LogWorld: UWorld::CleanupWorld for World_2, bSessionEnded=true, bCleanupResources=true
[2019.11.30-21.34.53:447][341]LogWorld: UWorld::CleanupWorld for World_3, bSessionEnded=true, bCleanupResources=true
[2019.11.30-21.34.57:994][341]LogWorld: UWorld::CleanupWorld for None, bSessionEnded=true, bCleanupResources=true
[2019.11.30-21.34.58:053][341]LogExit: Editor shut down
[2019.11.30-21.34.58:054][341]LogExit: Transaction tracking system shut down
[2019.11.30-21.34.58:267][341]LogDemo: Cleaned up 0 splitscreen connections with owner deletion
[2019.11.30-21.35.12:103][341]LogExit: Object subsystem successfully closed.
[2019.11.30-21.35.14:160][341]LogShaderCompilers: Display: Shaders left to compile 0
[2019.11.30-21.35.21:658][341]LogModuleManager: Shutting down and abandoning module HierarchicalLODOutliner (674)
[2019.11.30-21.35.21:658][341]LogModuleManager: Shutting down and abandoning module SceneOutliner (672)
[2019.11.30-21.35.21:658][341]LogModuleManager: Shutting down and abandoning module AddContentDialog (670)
[2019.11.30-21.35.21:678][341]LogModuleManager: Shutting down and abandoning module WidgetCarousel (669)
[2019.11.30-21.35.21:678][341]LogModuleManager: Shutting down and abandoning module EditorWidgets (666)
[2019.11.30-21.35.21:678][341]LogModuleManager: Shutting down and abandoning module CollectionManager (664)
[2019.11.30-21.35.21:793][341]LogModuleManager: Shutting down and abandoning module MeshBuilder (662)
[2019.11.30-21.35.21:793][341]LogModuleManager: Shutting down and abandoning module StatsViewer (660)
[2019.11.30-21.35.21:948][341]LogModuleManager: Shutting down and abandoning module VirtualTexturingEditor (658)
[2019.11.30-21.35.21:948][341]LogModuleManager: Shutting down and abandoning module FoliageEdit (656)
[2019.11.30-21.35.21:976][341]LogModuleManager: Shutting down and abandoning module LandscapeEditor (654)
[2019.11.30-21.35.22:114][341]LogModuleManager: Shutting down and abandoning module MeshPaintMode (652)
[2019.11.30-21.35.22:114][341]LogModuleManager: Shutting down and abandoning module SceneDepthPickerMode (650)
[2019.11.30-21.35.22:114][341]LogModuleManager: Shutting down and abandoning module ActorPickerMode (648)
[2019.11.30-21.35.22:114][341]LogModuleManager: Shutting down and abandoning module GeometryMode (646)
[2019.11.30-21.35.22:126][341]LogModuleManager: Shutting down and abandoning module TextureAlignMode (644)
[2019.11.30-21.35.22:126][341]LogModuleManager: Shutting down and abandoning module BspMode (642)
[2019.11.30-21.35.22:126][341]LogModuleManager: Shutting down and abandoning module PIEPreviewDeviceProfileSelector (640)
[2019.11.30-21.35.22:150][341]LogModuleManager: Shutting down and abandoning module SequenceRecorderSections (638)
[2019.11.30-21.35.22:156][341]LogModuleManager: Shutting down and abandoning module AutomationWorker (636)
[2019.11.30-21.35.22:156][341]LogModuleManager: Shutting down and abandoning module OculusMR (634)
[2019.11.30-21.35.22:156][341]LogModuleManager: Shutting down and abandoning module AudioCaptureEditor (632)
[2019.11.30-21.35.22:176][341]LogModuleManager: Shutting down and abandoning module MatineeToLevelSequence (630)
[2019.11.30-21.35.22:332][341]LogModuleManager: Shutting down and abandoning module LevelSequenceEditor (628)
[2019.11.30-21.35.22:684][341]LogModuleManager: Shutting down and abandoning module PlacementMode (627)
[2019.11.30-21.35.22:684][341]LogModuleManager: Shutting down and abandoning module MaterialEditor (626)
[2019.11.30-21.35.22:751][341]LogModuleManager: Shutting down and abandoning module ActorSequenceEditor (622)
[2019.11.30-21.35.22:865][341]LogModuleManager: Shutting down and abandoning module WmfMediaFactory (620)
[2019.11.30-21.35.22:865][341]LogModuleManager: Shutting down and abandoning module WmfMediaEditor (618)
[2019.11.30-21.35.22:865][341]LogModuleManager: Shutting down and abandoning module WebMMediaFactory (616)
[2019.11.30-21.35.22:865][341]LogModuleManager: Shutting down and abandoning module WebMMediaEditor (614)
[2019.11.30-21.35.22:865][341]LogModuleManager: Shutting down and abandoning module WebMMedia (612)
[2019.11.30-21.35.22:875][341]LogModuleManager: Shutting down and abandoning module MediaPlayerEditor (610)
[2019.11.30-21.35.22:995][341]LogModuleManager: Shutting down and abandoning module MediaCompositingEditor (608)
[2019.11.30-21.35.23:069][341]LogModuleManager: Shutting down and abandoning module SequenceRecorder (607)
[2019.11.30-21.35.23:069][341]LogModuleManager: Shutting down and abandoning module OpenExrWrapper (604)
[2019.11.30-21.35.23:069][341]LogModuleManager: Shutting down and abandoning module ImgMediaFactory (602)
[2019.11.30-21.35.23:069][341]LogModuleManager: Shutting down and abandoning module ImgMediaEditor (600)
[2019.11.30-21.35.23:069][341]LogModuleManager: Shutting down and abandoning module AvfMediaFactory (598)
[2019.11.30-21.35.23:069][341]LogModuleManager: Shutting down and abandoning module AvfMediaEditor (596)
[2019.11.30-21.35.23:069][341]LogModuleManager: Shutting down and abandoning module AndroidMediaFactory (594)
[2019.11.30-21.35.23:069][341]LogModuleManager: Shutting down and abandoning module AndroidMediaEditor (592)
[2019.11.30-21.35.23:069][341]LogModuleManager: Shutting down and abandoning module MagicLeapCameraPreviewFactory (590)
[2019.11.30-21.35.23:069][341]LogModuleManager: Shutting down and abandoning module MagicLeapMediaCodecFactory (588)
[2019.11.30-21.35.23:069][341]LogModuleManager: Shutting down and abandoning module MagicLeapMediaFactory (586)
[2019.11.30-21.35.23:069][341]LogModuleManager: Shutting down and abandoning module MagicLeapMediaEditor (584)
[2019.11.30-21.35.23:069][341]LogModuleManager: Shutting down and abandoning module CharacterAI (582)
[2019.11.30-21.35.23:069][341]LogModuleManager: Shutting down and abandoning module SmartSnapping (580)
[2019.11.30-21.35.23:069][341]LogModuleManager: Shutting down and abandoning module SessionServices (578)
[2019.11.30-21.35.23:070][341]LogModuleManager: Shutting down and abandoning module MeshPaint (576)
[2019.11.30-21.35.23:259][341]LogModuleManager: Shutting down and abandoning module ViewportSnapping (574)
[2019.11.30-21.35.23:259][341]LogModuleManager: Shutting down and abandoning module ViewportInteraction (572)
[2019.11.30-21.35.23:259][341]LogModuleManager: Shutting down and abandoning module ClothPainter (570)
[2019.11.30-21.35.23:356][341]LogModuleManager: Shutting down and abandoning module SkeletalMeshEditor (569)
[2019.11.30-21.35.23:412][341]LogModuleManager: Shutting down and abandoning module LogVisualizer (566)
[2019.11.30-21.35.23:464][341]LogModuleManager: Shutting down and abandoning module IntroTutorials (564)
[2019.11.30-21.35.23:464][341]LogModuleManager: Shutting down and abandoning module GameProjectGeneration (563)
[2019.11.30-21.35.23:481][341]LogModuleManager: Shutting down and abandoning module LuminPlatformEditor (560)
[2019.11.30-21.35.23:481][341]LogModuleManager: Shutting down and abandoning module IOSPlatformEditor (558)
[2019.11.30-21.35.23:492][341]LogModuleManager: Shutting down and abandoning module HTML5PlatformEditor (556)
[2019.11.30-21.35.23:492][341]LogModuleManager: Shutting down and abandoning module AndroidPlatformEditor (554)
[2019.11.30-21.35.23:492][341]LogModuleManager: Shutting down and abandoning module AndroidDeviceDetection (553)
[2019.11.30-21.35.24:914][341]LogModuleManager: Shutting down and abandoning module WindowsPlatformEditor (550)
[2019.11.30-21.35.24:914][341]LogModuleManager: Shutting down and abandoning module LuminRuntimeSettings (548)
[2019.11.30-21.35.24:914][341]LogModuleManager: Shutting down and abandoning module IOSRuntimeSettings (546)
[2019.11.30-21.35.24:914][341]LogModuleManager: Shutting down and abandoning module AndroidRuntimeSettings (544)
[2019.11.30-21.35.24:915][341]LogModuleManager: Shutting down and abandoning module TimeManagementEditor (542)
[2019.11.30-21.35.24:915][341]LogModuleManager: Shutting down and abandoning module InputBindingEditor (540)
[2019.11.30-21.35.24:961][341]LogModuleManager: Shutting down and abandoning module MergeActors (538)
[2019.11.30-21.35.25:027][341]LogModuleManager: Shutting down and abandoning module LocalizationDashboard (536)
[2019.11.30-21.35.25:159][341]LogModuleManager: Shutting down and abandoning module LocalizationService (535)
[2019.11.30-21.35.25:198][341]LogModuleManager: Shutting down and abandoning module HardwareTargeting (532)
[2019.11.30-21.35.25:198][341]LogModuleManager: Shutting down and abandoning module DeviceProfileEditor (530)
[2019.11.30-21.35.25:224][341]LogModuleManager: Shutting down and abandoning module UndoHistory (528)
[2019.11.30-21.35.25:253][341]LogModuleManager: Shutting down and abandoning module XmlParser (526)
[2019.11.30-21.35.25:288][341]LogModuleManager: Shutting down and abandoning module Blutility (524)
[2019.11.30-21.35.25:315][341]LogModuleManager: Shutting down and abandoning module ProjectSettingsViewer (522)
[2019.11.30-21.35.25:315][341]LogModuleManager: Shutting down and abandoning module ProjectTargetPlatformEditor (521)
[2019.11.30-21.35.25:315][341]LogModuleManager: Shutting down and abandoning module EditorSettingsViewer (518)
[2019.11.30-21.35.25:316][341]LogModuleManager: Shutting down and abandoning module SettingsEditor (516)
[2019.11.30-21.35.25:347][341]LogModuleManager: Shutting down and abandoning module ProjectLauncher (514)
[2019.11.30-21.35.25:361][341]LogModuleManager: Shutting down and abandoning module SessionFrontend (512)
[2019.11.30-21.35.25:375][341]LogModuleManager: Shutting down and abandoning module ProfilerClient (510)
[2019.11.30-21.35.25:386][341]LogModuleManager: Shutting down and abandoning module DeviceManager (508)
[2019.11.30-21.35.25:436][341]LogModuleManager: Shutting down and abandoning module TargetDeviceServices (507)
[2019.11.30-21.35.25:493][341]LogModuleManager: Shutting down and abandoning module AutomationController (504)
[2019.11.30-21.35.25:529][341]LogModuleManager: Shutting down and abandoning module AutomationWindow (502)
[2019.11.30-21.35.25:551][341]LogModuleManager: Shutting down and abandoning module Layers (500)
[2019.11.30-21.35.25:590][341]LogModuleManager: Shutting down and abandoning module ComponentVisualizers (498)
[2019.11.30-21.35.25:590][341]LogModuleManager: Shutting down and abandoning module DetailCustomizations (496)
[2019.11.30-21.35.25:769][341]LogModuleManager: Shutting down and abandoning module PackagesDialog (494)
[2019.11.30-21.35.25:817][341]LogModuleManager: Shutting down and abandoning module AnimationBlueprintEditor (492)
[2019.11.30-21.35.25:873][341]LogModuleManager: Shutting down and abandoning module Persona (490)
[2019.11.30-21.35.25:899][341]LogModuleManager: Shutting down and abandoning module AdvancedPreviewScene (489)
[2019.11.30-21.35.25:899][341]LogModuleManager: Shutting down and abandoning module AnimGraph (487)
[2019.11.30-21.35.25:899][341]LogModuleManager: Shutting down and abandoning module Kismet (484)
[2019.11.30-21.35.25:933][341]LogModuleManager: Shutting down and abandoning module KismetWidgets (483)
[2019.11.30-21.35.25:950][341]LogModuleManager: Shutting down and abandoning module GraphEditor (480)
[2019.11.30-21.35.26:012][341]LogModuleManager: Shutting down and abandoning module StructViewer (478)
[2019.11.30-21.35.26:012][341]LogModuleManager: Shutting down and abandoning module ClassViewer (476)
[2019.11.30-21.35.26:012][341]LogModuleManager: Shutting down and abandoning module Toolbox (474)
[2019.11.30-21.35.26:012][341]LogModuleManager: Shutting down and abandoning module ModuleUI (472)
[2019.11.30-21.35.26:020][341]LogModuleManager: Shutting down and abandoning module MovieSceneTools (470)
[2019.11.30-21.35.26:044][341]LogModuleManager: Shutting down and abandoning module OutputLog (468)
[2019.11.30-21.35.26:052][341]LogModuleManager: Shutting down and abandoning module GammaUI (466)
[2019.11.30-21.35.26:059][341]LogModuleManager: Shutting down and abandoning module Documentation (464)
[2019.11.30-21.35.26:059][341]LogModuleManager: Shutting down and abandoning module LiveCoding (462)
[2019.11.30-21.35.26:069][341]LogModuleManager: Shutting down and abandoning module LevelSequence (460)
[2019.11.30-21.35.26:069][341]LogModuleManager: Shutting down and abandoning module MovieSceneTracks (458)
[2019.11.30-21.35.26:069][341]LogModuleManager: Shutting down and abandoning module MovieScene (456)
[2019.11.30-21.35.26:083][341]LogModuleManager: Shutting down and abandoning module StreamingPauseRendering (454)
[2019.11.30-21.35.26:119][341]LogModuleManager: Shutting down and abandoning module LauncherPlatform (452)
[2019.11.30-21.35.26:120][341]LogModuleManager: Shutting down and abandoning module AnalyticsET (450)
[2019.11.30-21.35.26:120][341]LogModuleManager: Shutting down and abandoning module PortalServices (448)
[2019.11.30-21.35.26:120][341]LogModuleManager: Shutting down and abandoning module PortalRpc (446)
[2019.11.30-21.35.26:120][341]LogModuleManager: Shutting down and abandoning module MessagingRpc (444)
[2019.11.30-21.35.26:120][341]LogModuleManager: Shutting down and abandoning module AIModule (442)
[2019.11.30-21.35.26:154][341]LogModuleManager: Shutting down and abandoning module GameplayDebugger (441)
[2019.11.30-21.35.26:188][341]LogModuleManager: Shutting down and abandoning module AITestSuite (439)
[2019.11.30-21.35.26:188][341]LogModuleManager: Shutting down and abandoning module NavigationSystem (437)
[2019.11.30-21.35.26:188][341]LogModuleManager: Shutting down and abandoning module ImageWriteQueue (434)
[2019.11.30-21.35.26:194][341]LogModuleManager: Shutting down and abandoning module ProfilerService (432)
[2019.11.30-21.35.26:405][341]LogModuleManager: Shutting down and abandoning module TaskGraph (430)
[2019.11.30-21.35.26:415][341]LogModuleManager: Shutting down and abandoning module ScreenshotTools (428)
[2019.11.30-21.35.26:415][341]LogModuleManager: Shutting down and abandoning module SteamVRController (426)
[2019.11.30-21.35.26:415][341]LogModuleManager: Shutting down and abandoning module ProceduralMeshComponentEditor (424)
[2019.11.30-21.35.26:415][341]LogModuleManager: Shutting down and abandoning module ProceduralMeshComponent (422)
[2019.11.30-21.35.26:435][341]LogModuleManager: Shutting down and abandoning module OculusEditor (420)
[2019.11.30-21.35.26:435][341]LogModuleManager: Shutting down and abandoning module OculusInput (418)
[2019.11.30-21.35.26:435][341]LogModuleManager: Shutting down and abandoning module MobilePatchingUtils (416)
[2019.11.30-21.35.26:435][341]LogModuleManager: Shutting down and abandoning module EditableMesh (414)
[2019.11.30-21.35.26:453][341]LogModuleManager: Shutting down and abandoning module CustomMeshComponent (412)
[2019.11.30-21.35.26:453][341]LogModuleManager: Shutting down and abandoning module CableComponent (410)
[2019.11.30-21.35.26:453][341]LogModuleManager: Shutting down and abandoning module AudioCapture (408)
[2019.11.30-21.35.26:453][341]LogModuleManager: Shutting down and abandoning module ArchVisCharacter (406)
[2019.11.30-21.35.26:453][341]LogModuleManager: Shutting down and abandoning module AppleImageUtilsBlueprintSupport (404)
[2019.11.30-21.35.26:453][341]LogModuleManager: Shutting down and abandoning module AppleImageUtils (402)
[2019.11.30-21.35.26:453][341]LogModuleManager: Shutting down and abandoning module AndroidPermission (400)
[2019.11.30-21.35.26:453][341]LogModuleManager: Shutting down and abandoning module NUTUnrealEngine4 (398)
[2019.11.30-21.35.26:465][341]LogModuleManager: Shutting down and abandoning module NetcodeUnitTest (396)
[2019.11.30-21.35.26:478][341]LogModuleManager: Shutting down and abandoning module MediaCompositing (394)
[2019.11.30-21.35.26:478][341]LogModuleManager: Shutting down and abandoning module ImgMedia (392)
[2019.11.30-21.35.26:492][341]LogModuleManager: Shutting down and abandoning module MagicLeapHelperVulkan (390)
[2019.11.30-21.35.26:492][341]LogModuleManager: Shutting down and abandoning module MagicLeapHelperOpenGL (388)
[2019.11.30-21.35.26:492][341]LogModuleManager: Shutting down and abandoning module MagicLeapAudio (386)
[2019.11.30-21.35.26:508][341]LogModuleManager: Shutting down and abandoning module HTML5Networking (384)
[2019.11.30-21.35.26:508][341]LogModuleManager: Shutting down and abandoning module GeometryCacheTracks (382)
[2019.11.30-21.35.26:508][341]LogModuleManager: Shutting down and abandoning module GeometryCacheSequencer (380)
[2019.11.30-21.35.26:508][341]LogModuleManager: Shutting down and abandoning module BackChannel (378)
[2019.11.30-21.35.26:519][341]LogModuleManager: Shutting down and abandoning module AutomationUtilsEditor (376)
[2019.11.30-21.35.26:519][341]LogModuleManager: Shutting down and abandoning module AutomationUtils (374)
[2019.11.30-21.35.26:519][341]LogModuleManager: Shutting down and abandoning module AlembicImporter (372)
[2019.11.30-21.35.26:552][341]LogModuleManager: Shutting down and abandoning module AlembicLibrary (371)
[2019.11.30-21.35.26:552][341]LogModuleManager: Shutting down and abandoning module GeometryCache (370)
[2019.11.30-21.35.26:552][341]LogModuleManager: Shutting down and abandoning module GeometryCacheEd (369)
[2019.11.30-21.35.26:552][341]LogModuleManager: Shutting down and abandoning module VariantManagerContent (364)
[2019.11.30-21.35.26:552][341]LogModuleManager: Shutting down and abandoning module DatasmithContentEditor (362)
[2019.11.30-21.35.26:552][341]LogModuleManager: Shutting down and abandoning module SpeedTreeImporter (360)
[2019.11.30-21.35.26:552][341]LogModuleManager: Shutting down and abandoning module PluginBrowser (358)
[2019.11.30-21.35.26:578][341]LogModuleManager: Shutting down and abandoning module MobileLauncherProfileWizard (356)
[2019.11.30-21.35.26:590][341]LogModuleManager: Shutting down and abandoning module MaterialAnalyzer (354)
[2019.11.30-21.35.26:603][341]LogModuleManager: Shutting down and abandoning module CurveEditorTools (352)
[2019.11.30-21.35.26:628][341]LogModuleManager: Shutting down and abandoning module CurveEditor (351)
[2019.11.30-21.35.26:635][341]LogModuleManager: Shutting down and abandoning module CryptoKeysOpenSSL (348)
[2019.11.30-21.35.26:635][341]LogModuleManager: Shutting down and abandoning module CryptoKeys (346)
[2019.11.30-21.35.26:635][341]LogModuleManager: Shutting down and abandoning module VisualStudioSourceCodeAccess (344)
[2019.11.30-21.35.26:650][341]LogModuleManager: Shutting down and abandoning module VisualStudioCodeSourceCodeAccess (342)
[2019.11.30-21.35.26:650][341]LogModuleManager: Shutting down and abandoning module UObjectPlugin (340)
[2019.11.30-21.35.26:650][341]LogModuleManager: Shutting down and abandoning module SubversionSourceControl (338)
[2019.11.30-21.35.26:655][341]LogModuleManager: Shutting down and abandoning module PerforceSourceControl (336)
[2019.11.30-21.35.26:671][341]LogModuleManager: Shutting down and abandoning module GitSourceControl (334)
[2019.11.30-21.35.26:685][341]LogModuleManager: Shutting down and abandoning module SourceControl (333)
[2019.11.30-21.35.26:707][341]LogModuleManager: Shutting down and abandoning module CLionSourceCodeAccess (330)
[2019.11.30-21.35.26:707][341]LogModuleManager: Shutting down and abandoning module AnimationSharingEd (328)
[2019.11.30-21.35.26:707][341]LogModuleManager: Shutting down and abandoning module ActorLayerUtilitiesEditor (326)
[2019.11.30-21.35.26:707][341]LogModuleManager: Shutting down and abandoning module ActorLayerUtilities (324)
[2019.11.30-21.35.26:707][341]LogModuleManager: Shutting down and abandoning module LightPropagationVolumeEditor (322)
[2019.11.30-21.35.26:707][341]LogModuleManager: Shutting down and abandoning module PaperTiledImporter (320)
[2019.11.30-21.35.26:707][341]LogModuleManager: Shutting down and abandoning module PaperSpriteSheetImporter (318)
[2019.11.30-21.35.26:708][341]LogModuleManager: Shutting down and abandoning module Paper2DEditor (316)
[2019.11.30-21.35.26:793][341]LogModuleManager: Shutting down and abandoning module Stolenmates (314)
[2019.11.30-21.35.26:793][341]LogModuleManager: Shutting down and abandoning module SignificanceManager (312)
[2019.11.30-21.35.26:793][341]LogModuleManager: Shutting down and abandoning module RuntimePhysXCooking (310)
[2019.11.30-21.35.26:793][341]LogModuleManager: Shutting down and abandoning module PhysXVehiclesEditor (308)
[2019.11.30-21.35.26:793][341]LogModuleManager: Shutting down and abandoning module LocationServicesBPLibrary (304)
[2019.11.30-21.35.26:793][341]LogModuleManager: Shutting down and abandoning module ActorSequence (302)
[2019.11.30-21.35.26:793][341]LogModuleManager: Shutting down and abandoning module UdpMessaging (300)
[2019.11.30-21.35.26:894][341]LogModuleManager: Shutting down and abandoning module TcpMessaging (298)
[2019.11.30-21.35.27:006][341]LogModuleManager: Shutting down and abandoning module MagicLeapIdentity (296)
[2019.11.30-21.35.27:006][341]LogModuleManager: Shutting down and abandoning module MagicLeapSecureStorage (294)
[2019.11.30-21.35.27:006][341]LogModuleManager: Shutting down and abandoning module MagicLeapHandTracking (292)
[2019.11.30-21.35.27:035][341]LogModuleManager: Shutting down and abandoning module MagicLeapEyeTracker (290)
[2019.11.30-21.35.27:035][341]LogModuleManager: Shutting down and abandoning module MagicLeapController (288)
[2019.11.30-21.35.27:054][341]LogSlate: Slate User Destroyed.  User Index 0, Is Virtual User: 0
[2019.11.30-21.35.27:054][341]LogModuleManager: Shutting down and abandoning module MagicLeapAR (286)
[2019.11.30-21.35.27:054][341]LogModuleManager: Shutting down and abandoning module AugmentedReality (285)
[2019.11.30-21.35.27:055][341]LogModuleManager: Shutting down and abandoning module GameplayTagsEditor (282)
[2019.11.30-21.35.27:075][341]LogModuleManager: Shutting down and abandoning module FacialAnimationEditor (280)
[2019.11.30-21.35.27:075][341]LogModuleManager: Shutting down and abandoning module FacialAnimation (278)
[2019.11.30-21.35.27:075][341]LogModuleManager: Shutting down and abandoning module DataValidation (276)
[2019.11.30-21.35.27:087][341]LogModuleManager: Shutting down and abandoning module AssetManagerEditor (274)
[2019.11.30-21.35.27:096][341]LogModuleManager: Shutting down and abandoning module LevelEditor (273)
[2019.11.30-21.35.27:132][341]LogModuleManager: Shutting down and abandoning module PixelInspectorModule (272)
[2019.11.30-21.35.27:151][341]LogModuleManager: Shutting down and abandoning module CommonMenuExtensions (270)
[2019.11.30-21.35.27:151][341]LogModuleManager: Shutting down and abandoning module MainFrame (268)
[2019.11.30-21.35.27:151][341]LogModuleManager: Shutting down and abandoning module HotReload (267)
[2019.11.30-21.35.27:163][341]LogModuleManager: Shutting down and abandoning module ContentBrowser (263)
[2019.11.30-21.35.27:165][341]LogModuleManager: Shutting down and abandoning module TreeMap (261)
[2019.11.30-21.35.27:180][341]LogModuleManager: Shutting down and abandoning module AnimationSharing (258)
[2019.11.30-21.35.27:180][341]LogModuleManager: Shutting down and abandoning module LightPropagationVolumeRuntime (256)
[2019.11.30-21.35.27:180][341]LogModuleManager: Shutting down and abandoning module Paper2D (254)
[2019.11.30-21.35.27:201][341]LogModuleManager: Shutting down and abandoning module WindowsMoviePlayer (252)
[2019.11.30-21.35.27:216][341]LogModuleManager: Shutting down and abandoning module WebMMoviePlayer (250)
[2019.11.30-21.35.27:227][341]LogModuleManager: Shutting down and abandoning module NetworkReplayStreaming (248)
[2019.11.30-21.35.27:227][341]LogModuleManager: Shutting down and abandoning module PacketHandler (246)
[2019.11.30-21.35.27:227][341]LogModuleManager: Shutting down and abandoning module ClothingSystemEditor (244)
[2019.11.30-21.35.27:227][341]LogModuleManager: Shutting down and abandoning module ClothingSystemRuntime (242)
[2019.11.30-21.35.27:286][341]LogModuleManager: Shutting down and abandoning module MediaAssets (240)
[2019.11.30-21.35.27:286][341]LogModuleManager: Shutting down and abandoning module Overlay (238)
[2019.11.30-21.35.27:286][341]LogModuleManager: Shutting down and abandoning module OverlayEditor (237)
[2019.11.30-21.35.27:286][341]LogModuleManager: Shutting down and abandoning module EnvironmentQueryEditor (234)
[2019.11.30-21.35.27:363][341]LogModuleManager: Shutting down and abandoning module VREditor (232)
[2019.11.30-21.35.27:426][341]LogModuleManager: Shutting down and abandoning module StringTableEditor (230)
[2019.11.30-21.35.27:605][341]LogModuleManager: Shutting down and abandoning module GameplayTasksEditor (228)
[2019.11.30-21.35.27:605][341]LogModuleManager: Shutting down and abandoning module BehaviorTreeEditor (226)
[2019.11.30-21.35.27:710][341]LogModuleManager: Shutting down and abandoning module FunctionalTesting (224)
[2019.11.30-21.35.27:716][341]LogModuleManager: Shutting down and abandoning module CollisionAnalyzer (222)
[2019.11.30-21.35.27:753][341]LogModuleManager: Shutting down and abandoning module WorkspaceMenuStructure (221)
[2019.11.30-21.35.27:766][341]LogModuleManager: Shutting down and abandoning module UMG (218)
[2019.11.30-21.35.27:774][341]LogModuleManager: Shutting down and abandoning module UMGEditor (217)
[2019.11.30-21.35.27:780][341]LogModuleManager: Shutting down and abandoning module Sequencer (216)
[2019.11.30-21.35.27:906][341]LogModuleManager: Shutting down and abandoning module MessageLog (213)
[2019.11.30-21.35.27:906][341]LogModuleManager: Shutting down and abandoning module SlateReflector (208)
[2019.11.30-21.35.27:935][341]LogModuleManager: Shutting down and abandoning module Slate (206)
[2019.11.30-21.35.27:935][341]LogModuleManager: Shutting down and abandoning module LandscapeEditorUtilities (204)
[2019.11.30-21.35.27:935][341]LogModuleManager: Shutting down and abandoning module EditorStyle (202)
[2019.11.30-21.35.27:938][341]LogModuleManager: Shutting down and abandoning module UnrealEd (200)
[2019.11.30-21.35.27:938][341]LogModuleManager: Shutting down and abandoning module MRMesh (198)
[2019.11.30-21.35.27:938][341]LogModuleManager: Shutting down and abandoning module SourceCodeAccess (196)
[2019.11.30-21.35.27:938][341]LogModuleManager: Shutting down and abandoning module HeadMountedDisplay (194)
[2019.11.30-21.35.27:938][341]LogModuleManager: Shutting down and abandoning module XAudio2 (192)
[2019.11.30-21.35.27:938][341]LogModuleManager: Shutting down and abandoning module Networking (190)
[2019.11.30-21.35.27:938][341]LogModuleManager: Shutting down and abandoning module Core (188)
[2019.11.30-21.35.27:938][341]LogModuleManager: Shutting down and abandoning module KismetCompiler (186)
[2019.11.30-21.35.27:938][341]LogModuleManager: Shutting down and abandoning module MeshUtilities (184)
[2019.11.30-21.35.27:938][341]LogModuleManager: Shutting down and abandoning module MeshMergeUtilities (183)
[2019.11.30-21.35.27:949][341]LogModuleManager: Shutting down and abandoning module MeshReductionInterface (182)
[2019.11.30-21.35.27:949][341]LogModuleManager: Shutting down and abandoning module SkeletalMeshReduction (181)
[2019.11.30-21.35.27:960][341]LogModuleManager: Shutting down and abandoning module ProxyLODMeshReduction (179)
[2019.11.30-21.35.27:980][341]LogModuleManager: Shutting down and abandoning module QuadricMeshReduction (177)
[2019.11.30-21.35.27:997][341]LogModuleManager: Shutting down and abandoning module MaterialBaking (173)
[2019.11.30-21.35.28:011][341]LogModuleManager: Shutting down and abandoning module NullInstallBundleManager (168)
[2019.11.30-21.35.28:011][341]LogModuleManager: Shutting down and abandoning module DerivedDataCache (166)
[2019.11.30-21.35.28:011][341]LogDerivedDataCache: Shutdown
[2019.11.30-21.35.28:011][341]LogModuleManager: Shutting down and abandoning module XGEController (164)
[2019.11.30-21.35.28:011][341]LogXGEController: Cleaning working directory: C:/Users/ThatO/AppData/Local/Temp/UnrealXGEWorkingDir/
[2019.11.30-21.35.28:023][341]LogModuleManager: Shutting down and abandoning module TargetPlatform (162)
[2019.11.30-21.35.28:029][341]LogModuleManager: Shutting down and abandoning module VulkanShaderFormat (161)
[2019.11.30-21.35.28:040][341]LogModuleManager: Shutting down and abandoning module ShaderFormatVectorVM (159)
[2019.11.30-21.35.28:046][341]LogModuleManager: Shutting down and abandoning module ShaderFormatOpenGL (157)
[2019.11.30-21.35.28:074][341]LogModuleManager: Shutting down and abandoning module ShaderFormatD3D (155)
[2019.11.30-21.35.28:100][341]LogModuleManager: Shutting down and abandoning module MetalShaderFormat (153)
[2019.11.30-21.35.28:235][341]LogModuleManager: Shutting down and abandoning module TextureFormatUncompressed (151)
[2019.11.30-21.35.28:235][341]LogModuleManager: Shutting down and abandoning module TextureFormatPVR (149)
[2019.11.30-21.35.28:235][341]LogModuleManager: Shutting down and abandoning module TextureFormatDXT (147)
[2019.11.30-21.35.28:255][341]LogModuleManager: Shutting down and abandoning module TextureFormatIntelISPCTexComp (145)
[2019.11.30-21.35.28:278][341]LogModuleManager: Shutting down and abandoning module TextureFormatASTC (143)
[2019.11.30-21.35.28:278][341]LogModuleManager: Shutting down and abandoning module ImageWrapper (142)
[2019.11.30-21.35.28:278][341]LogModuleManager: Shutting down and abandoning module TextureFormatAndroid (139)
[2019.11.30-21.35.28:278][341]LogModuleManager: Shutting down and abandoning module AudioFormatOpus (137)
[2019.11.30-21.35.28:294][341]LogModuleManager: Shutting down and abandoning module AudioFormatOgg (135)
[2019.11.30-21.35.28:295][341]LogModuleManager: Shutting down and abandoning module AudioFormatADPCM (133)
[2019.11.30-21.35.28:295][341]LogModuleManager: Shutting down and abandoning module LuminTargetPlatform (131)
[2019.11.30-21.35.28:346][341]LogModuleManager: Shutting down and abandoning module LinuxTargetPlatform (129)
[2019.11.30-21.35.28:346][341]LogModuleManager: Shutting down and abandoning module LinuxServerTargetPlatform (127)
[2019.11.30-21.35.28:366][341]LogModuleManager: Shutting down and abandoning module LinuxNoEditorTargetPlatform (125)
[2019.11.30-21.35.28:411][341]LogModuleManager: Shutting down and abandoning module LinuxClientTargetPlatform (123)
[2019.11.30-21.35.28:421][341]LogModuleManager: Shutting down and abandoning module TVOSTargetPlatform (121)
[2019.11.30-21.35.28:426][341]LogModuleManager: Shutting down and abandoning module Messaging (119)
[2019.11.30-21.35.28:426][341]LogModuleManager: Shutting down and abandoning module IOSTargetPlatform (117)
[2019.11.30-21.35.28:429][341]LogModuleManager: Shutting down and abandoning module HTML5TargetPlatform (115)
[2019.11.30-21.35.28:429][341]LogModuleManager: Shutting down and abandoning module AndroidTargetPlatform (113)
[2019.11.30-21.35.28:461][341]LogModuleManager: Shutting down and abandoning module WindowsTargetPlatform (111)
[2019.11.30-21.35.28:461][341]LogModuleManager: Shutting down and abandoning module WindowsServerTargetPlatform (109)
[2019.11.30-21.35.28:461][341]LogModuleManager: Shutting down and abandoning module WindowsNoEditorTargetPlatform (107)
[2019.11.30-21.35.28:461][341]LogModuleManager: Shutting down and abandoning module WindowsClientTargetPlatform (105)
[2019.11.30-21.35.28:462][341]LogModuleManager: Shutting down and abandoning module MacTargetPlatform (103)
[2019.11.30-21.35.28:462][341]LogModuleManager: Shutting down and abandoning module MacServerTargetPlatform (101)
[2019.11.30-21.35.28:462][341]LogModuleManager: Shutting down and abandoning module MacNoEditorTargetPlatform (99)
[2019.11.30-21.35.28:462][341]LogModuleManager: Shutting down and abandoning module MacClientTargetPlatform (97)
[2019.11.30-21.35.28:462][341]LogModuleManager: Shutting down and abandoning module AllDesktopTargetPlatform (95)
[2019.11.30-21.35.28:462][341]LogModuleManager: Shutting down and abandoning module InputCore (92)
[2019.11.30-21.35.28:462][341]LogModuleManager: Shutting down and abandoning module Settings (90)
[2019.11.30-21.35.28:462][341]LogModuleManager: Shutting down and abandoning module DirectoryWatcher (88)
[2019.11.30-21.35.28:464][341]LogModuleManager: Shutting down and abandoning module PhysXCooking (86)
[2019.11.30-21.35.28:464][341]LogModuleManager: Shutting down and abandoning module WindowsPlatformFeatures (84)
[2019.11.30-21.35.28:464][341]LogModuleManager: Shutting down and abandoning module GameplayMediaEncoder (83)
[2019.11.30-21.35.28:478][341]LogModuleManager: Shutting down and abandoning module SteamVR (80)
[2019.11.30-21.35.28:489][341]LogHMD: Freeing OpenVRDLLHandle.
[2019.11.30-21.35.28:489][341]LogModuleManager: Shutting down and abandoning module OculusHMD (78)
[2019.11.30-21.35.28:498][341]LogModuleManager: Shutting down and abandoning module ExampleDeviceProfileSelector (76)
[2019.11.30-21.35.28:498][341]LogModuleManager: Shutting down and abandoning module LauncherChunkInstaller (74)
[2019.11.30-21.35.28:498][341]LogModuleManager: Shutting down and abandoning module OnlineBlueprintSupport (72)
[2019.11.30-21.35.28:498][341]LogModuleManager: Shutting down and abandoning module OnlineSubsystem (68)
[2019.11.30-21.35.28:558][341]LogModuleManager: Shutting down and abandoning module XMPP (63)
[2019.11.30-21.35.28:587][341]LogModuleManager: Shutting down and abandoning module WebSockets (62)
[2019.11.30-21.35.28:813][341]LogModuleManager: Shutting down and abandoning module HTTP (59)
[2019.11.30-21.35.28:813][341]LogHttp: Display: Http module shutting down, but needs to wait on 1 outstanding Http requests:
[2019.11.30-21.35.28:813][341]LogHttp: Display: 	verb=[POST] url=[https://datarouter.ol.epicgames.com/datarouter/api/v1/public/data?SessionID=%7BD829DF0A-40F0-BCB4-97BB-08AFAD47AE93%7D&AppID=UEEditor.Rocket.Release&AppVersion=4.23.0-8386587%2B%2B%2BUE4%2BRelease-4.23&UserID=d551ab534bb6b3c3744eb2bf938e7c21%7C1cce40d386944c9483a557f4337f9558%7C5088ad03-c3c4-4493-af9d-fb07ca0d0927&AppEnvironment=datacollector-binary&UploadType=eteventstream] status=Processing
[2019.11.30-21.35.28:828][341]LogModuleManager: Shutting down and abandoning module SSL (58)
[2019.11.30-21.35.28:829][341]LogModuleManager: Shutting down and abandoning module WmfMedia (54)
[2019.11.30-21.35.28:913][341]LogModuleManager: Shutting down and abandoning module Media (53)
[2019.11.30-21.35.28:914][341]LogModuleManager: Shutting down and abandoning module MagicLeap (50)
[2019.11.30-21.35.28:944][341]LogModuleManager: Shutting down and abandoning module DatasmithContent (48)
[2019.11.30-21.35.28:944][341]LogModuleManager: Shutting down and abandoning module AISupportModule (46)
[2019.11.30-21.35.28:944][341]LogModuleManager: Shutting down and abandoning module DesktopPlatform (44)
[2019.11.30-21.35.28:991][341]LogModuleManager: Shutting down and abandoning module PlatformCryptoOpenSSL (42)
[2019.11.30-21.35.29:000][341]LogModuleManager: Shutting down and abandoning module PlatformCrypto (40)
[2019.11.30-21.35.29:000][341]LogModuleManager: Shutting down and abandoning module AnimationModifiers (38)
[2019.11.30-21.35.29:001][341]LogModuleManager: Shutting down and abandoning module PropertyEditor (37)
[2019.11.30-21.35.29:038][341]LogModuleManager: Shutting down and abandoning module AudioEditor (34)
[2019.11.30-21.35.29:066][341]LogModuleManager: Shutting down and abandoning module TextureCompressor (32)
[2019.11.30-21.35.29:078][341]LogModuleManager: Shutting down and abandoning module RenderCore (30)
[2019.11.30-21.35.29:078][341]LogModuleManager: Shutting down and abandoning module Landscape (28)
[2019.11.30-21.35.29:078][341]LogModuleManager: Shutting down and abandoning module SlateRHIRenderer (26)
[2019.11.30-21.35.29:204][341]LogModuleManager: Shutting down and abandoning module OpenGLDrv (24)
[2019.11.30-21.35.29:233][341]LogModuleManager: Shutting down and abandoning module D3D11RHI (22)
[2019.11.30-21.35.29:233][341]LogModuleManager: Shutting down and abandoning module AnimGraphRuntime (20)
[2019.11.30-21.35.29:247][341]LogModuleManager: Shutting down and abandoning module Renderer (18)
[2019.11.30-21.35.29:262][341]LogModuleManager: Shutting down and abandoning module Engine (16)
[2019.11.30-21.35.29:262][341]LogModuleManager: Shutting down and abandoning module CoreUObject (14)
[2019.11.30-21.35.29:262][341]LogModuleManager: Shutting down and abandoning module NetworkFile (12)
[2019.11.30-21.35.29:279][341]LogModuleManager: Shutting down and abandoning module CookedIterativeFile (10)
[2019.11.30-21.35.29:279][341]LogModuleManager: Shutting down and abandoning module StreamingFile (8)
[2019.11.30-21.35.29:291][341]LogModuleManager: Shutting down and abandoning module SandboxFile (6)
[2019.11.30-21.35.29:291][341]LogModuleManager: Shutting down and abandoning module PakFile (4)
[2019.11.30-21.35.29:307][341]LogModuleManager: Shutting down and abandoning module RSA (3)
[2019.11.30-21.35.29:321][341]LogD3D11RHI: Shutdown
[2019.11.30-21.35.29:334][341]LogD3D11RHI: CleanupD3DDevice
[2019.11.30-21.35.29:510][341]LogRendererCore: FGlobalDynamicReadBuffer::Cleanup()
[2019.11.30-21.35.29:561][341]LogRendererCore: FGlobalDynamicReadBuffer::Cleanup()
[2019.11.30-21.35.29:561][341]LogRendererCore: FGlobalDynamicReadBuffer::Cleanup()
[2019.11.30-21.35.29:588][341]LogD3D11RHI: ~FD3D11DynamicRHI
[2019.11.30-21.35.29:766][341]LogExit: Exiting.
[2019.11.30-21.35.29:851][341]Log file closed, 11/30/19 16:35:29
