Log file open, 12/05/19 16:24:32
LogWindows: Failed to load 'aqProf.dll' (GetLastError=126)
LogWindows: File 'aqProf.dll' does not exist
LogWindows: Failed to load 'VtuneApi.dll' (GetLastError=126)
LogWindows: File 'VtuneApi.dll' does not exist
LogWindows: Failed to load 'VtuneApi32e.dll' (GetLastError=126)
LogWindows: File 'VtuneApi32e.dll' does not exist
LogConsoleResponse: Display: Failed to find resolution value strings in scalability ini. Falling back to default.
LogInit: Display: Running engine for game: Stolenmates
LogPlatformFile: Not using cached read wrapper
LogTaskGraph: Started task graph with 5 named threads and 23 total threads with 3 sets of task threads.
LogStats: Stats thread started at 0.154096
LogD3D11RHI: Loaded GFSDK_Aftermath_Lib.x64.dll
LogICUInternationalization: ICU TimeZone Detection - Raw Offset: -5:00, Platform Override: ''
LogPluginManager: Mounting plugin Paper2D
LogPluginManager: Mounting plugin AISupport
LogPluginManager: Mounting plugin LightPropagationVolume
LogPluginManager: Mounting plugin ActorLayerUtilities
LogPluginManager: Mounting plugin AnimationSharing
LogPluginManager: Mounting plugin CLionSourceCodeAccess
LogPluginManager: Mounting plugin CodeLiteSourceCodeAccess
LogPluginManager: Mounting plugin GitSourceControl
LogPluginManager: Mounting plugin KDevelopSourceCodeAccess
LogPluginManager: Mounting plugin NullSourceCodeAccess
LogPluginManager: Mounting plugin PerforceSourceControl
LogPluginManager: Mounting plugin SubversionSourceControl
LogPluginManager: Mounting plugin UObjectPlugin
LogPluginManager: Mounting plugin VisualStudioCodeSourceCodeAccess
LogPluginManager: Mounting plugin VisualStudioSourceCodeAccess
LogPluginManager: Mounting plugin XCodeSourceCodeAccess
LogPluginManager: Mounting plugin AssetManagerEditor
LogPluginManager: Mounting plugin CryptoKeys
LogPluginManager: Mounting plugin CurveEditorTools
LogPluginManager: Mounting plugin DataValidation
LogPluginManager: Mounting plugin FacialAnimation
LogPluginManager: Mounting plugin GameplayTagsEditor
LogPluginManager: Mounting plugin MacGraphicsSwitching
LogPluginManager: Mounting plugin MaterialAnalyzer
LogPluginManager: Mounting plugin MobileLauncherProfileWizard
LogPluginManager: Mounting plugin PluginBrowser
LogPluginManager: Mounting plugin SpeedTreeImporter
LogPluginManager: Mounting plugin DatasmithContent
LogPluginManager: Mounting plugin VariantManagerContent
LogPluginManager: Mounting plugin AlembicImporter
LogPluginManager: Mounting plugin AutomationUtils
LogPluginManager: Mounting plugin BackChannel
LogPluginManager: Mounting plugin CharacterAI
LogPluginManager: Mounting plugin GeometryCache
LogPluginManager: Mounting plugin HTML5Networking
LogPluginManager: Mounting plugin PlatformCrypto
LogPluginManager: Mounting plugin ProxyLODPlugin
LogPluginManager: Mounting plugin SkeletalReduction
LogPluginManager: Mounting plugin MagicLeap
LogPluginManager: Mounting plugin MagicLeapMedia
LogPluginManager: Mounting plugin AndroidMedia
LogPluginManager: Mounting plugin AvfMedia
LogPluginManager: Mounting plugin ImgMedia
LogPluginManager: Mounting plugin MediaCompositing
LogPluginManager: Mounting plugin MediaPlayerEditor
LogPluginManager: Mounting plugin WebMMedia
LogPluginManager: Mounting plugin WmfMedia
LogPluginManager: Mounting plugin TcpMessaging
LogPluginManager: Mounting plugin UdpMessaging
LogPluginManager: Mounting plugin ActorSequence
LogPluginManager: Mounting plugin LevelSequenceEditor
LogPluginManager: Mounting plugin MatineeToLevelSequence
LogPluginManager: Mounting plugin NetcodeUnitTest
LogPluginManager: Mounting plugin NUTUnrealEngine4
LogPluginManager: Mounting plugin OnlineSubsystemGooglePlay
LogPluginManager: Mounting plugin OnlineSubsystemIOS
LogPluginManager: Mounting plugin OnlineSubsystem
LogPluginManager: Mounting plugin OnlineSubsystemNull
LogPluginManager: Mounting plugin OnlineSubsystemUtils
LogPluginManager: Mounting plugin LauncherChunkInstaller
LogPluginManager: Mounting plugin AndroidDeviceProfileSelector
LogPluginManager: Mounting plugin AndroidMoviePlayer
LogPluginManager: Mounting plugin AndroidPermission
LogPluginManager: Mounting plugin AppleImageUtils
LogPluginManager: Mounting plugin AppleMoviePlayer
LogPluginManager: Mounting plugin ArchVisCharacter
LogPluginManager: Mounting plugin AudioCapture
LogPluginManager: Mounting plugin CableComponent
LogPluginManager: Mounting plugin CustomMeshComponent
LogPluginManager: Mounting plugin EditableMesh
LogPluginManager: Mounting plugin ExampleDeviceProfileSelector
LogPluginManager: Mounting plugin GoogleCloudMessaging
LogPluginManager: Mounting plugin IOSDeviceProfileSelector
LogPluginManager: Mounting plugin LinuxDeviceProfileSelector
LogPluginManager: Mounting plugin LocationServicesBPLibrary
LogPluginManager: Mounting plugin MobilePatchingUtils
LogPluginManager: Mounting plugin OculusVR
LogPluginManager: Mounting plugin PhysXVehicles
LogPluginManager: Mounting plugin ProceduralMeshComponent
LogPluginManager: Mounting plugin RuntimePhysXCooking
LogPluginManager: Mounting plugin SignificanceManager
LogPluginManager: Mounting plugin SteamVR
LogPluginManager: Mounting plugin WebMMoviePlayer
LogPluginManager: Mounting plugin WindowsMoviePlayer
LogPluginManager: Mounting plugin ScreenshotTools
LogInit: Using libcurl 7.55.1-DEV
LogInit:  - built for x86_64-pc-win32
LogInit:  - supports SSL with OpenSSL/1.1.1
LogInit:  - supports HTTP deflate (compression) using libz 1.2.8
LogInit:  - other features:
LogInit:      CURL_VERSION_SSL
LogInit:      CURL_VERSION_LIBZ
LogInit:      CURL_VERSION_IPV6
LogInit:      CURL_VERSION_ASYNCHDNS
LogInit:      CURL_VERSION_LARGEFILE
LogInit:      CURL_VERSION_IDN
LogInit:  CurlRequestOptions (configurable via config and command line):
LogInit:  - bVerifyPeer = true  - Libcurl will verify peer certificate
LogInit:  - bUseHttpProxy = false  - Libcurl will NOT use HTTP proxy
LogInit:  - bDontReuseConnections = false  - Libcurl will reuse connections
LogInit:  - MaxHostConnections = 16  - Libcurl will limit the number of connections to a host
LogInit:  - LocalHostAddr = Default
LogInit:  - BufferSize = 65536
LogOnline: OSS: Creating online subsystem instance for: NULL
LogInit: WinSock: version 1.1 (2.2), MaxSocks=32767, MaxUdp=65467
LogInit: Build: ++UE4+Release-4.23-CL-9631420
LogInit: Engine Version: 4.23.1-9631420+++UE4+Release-4.23
LogInit: Compatible Engine Version: 4.23.0-8386587+++UE4+Release-4.23
LogInit: Net CL: 8386587
LogInit: OS: Windows 10 (Release 1809) (), CPU: Intel(R) Core(TM) i7-7700 CPU @ 3.60GHz, GPU: NVIDIA GeForce GTX 1070
LogInit: Compiled (64-bit): Oct 18 2019 02:07:44
LogInit: Compiled with Visual C++: 19.16.27030.01
LogInit: Build Configuration: Development
LogInit: Branch Name: ++UE4+Release-4.23
LogInit: Command Line:  -skipcompile
LogInit: Base Directory: C:/Program Files/Epic Games/UE_4.23/Engine/Binaries/Win64/
LogInit: Installed Engine Build: 1
LogDevObjectVersion: Number of dev versions registered: 23
LogDevObjectVersion:   Dev-Blueprints (B0D832E4-1F89-4F0D-ACCF-7EB736FD4AA2): 10
LogDevObjectVersion:   Dev-Build (E1C64328-A22C-4D53-A36C-8E866417BD8C): 0
LogDevObjectVersion:   Dev-Core (375EC13C-06E4-48FB-B500-84F0262A717E): 3
LogDevObjectVersion:   Dev-Editor (E4B068ED-F494-42E9-A231-DA0B2E46BB41): 34
LogDevObjectVersion:   Dev-Framework (CFFC743F-43B0-4480-9391-14DF171D2073): 35
LogDevObjectVersion:   Dev-Mobile (B02B49B5-BB20-44E9-A304-32B752E40360): 2
LogDevObjectVersion:   Dev-Networking (A4E4105C-59A1-49B5-A7C5-40C4547EDFEE): 0
LogDevObjectVersion:   Dev-Online (39C831C9-5AE6-47DC-9A44-9C173E1C8E7C): 0
LogDevObjectVersion:   Dev-Physics (78F01B33-EBEA-4F98-B9B4-84EACCB95AA2): 0
LogDevObjectVersion:   Dev-Platform (6631380F-2D4D-43E0-8009-CF276956A95A): 0
LogDevObjectVersion:   Dev-Rendering (12F88B9F-8875-4AFC-A67C-D90C383ABD29): 31
LogDevObjectVersion:   Dev-Sequencer (7B5AE74C-D270-4C10-A958-57980B212A5A): 11
LogDevObjectVersion:   Dev-VR (D7296918-1DD6-4BDD-9DE2-64A83CC13884): 2
LogDevObjectVersion:   Dev-LoadTimes (C2A15278-BFE7-4AFE-6C17-90FF531DF755): 1
LogDevObjectVersion:   Private-Geometry (6EACA3D4-40EC-4CC1-B786-8BED09428FC5): 3
LogDevObjectVersion:   Dev-AnimPhys (29E575DD-E0A3-4627-9D10-D276232CDCEA): 17
LogDevObjectVersion:   Dev-Anim (AF43A65D-7FD3-4947-9873-3E8ED9C1BB05): 2
LogDevObjectVersion:   Dev-ReflectionCapture (6B266CEC-1EC7-4B8F-A30B-E4D90942FC07): 1
LogDevObjectVersion:   Dev-Automation (0DF73D61-A23F-47EA-B727-89E90C41499A): 1
LogDevObjectVersion:   FortniteMain (601D1886-AC64-4F84-AA16-D3DE0DEAC7D6): 27
LogDevObjectVersion:   Dev-Enterprise (9DFFBCD6-494F-0158-E221-12823C92A888): 6
LogDevObjectVersion:   Dev-Niagara (F2AED0AC-9AFE-416F-8664-AA7FFA26D6FC): 1
LogDevObjectVersion:   Dev-Destruction (174F1F0B-B4C6-45A5-B13F-2EE8D0FB917D): 9
LogInit: Presizing for max 16777216 objects, including 0 objects not considered by GC, pre-allocating 0 bytes for permanent pool.
LogInit: Object subsystem initialized
LogConfig: Setting CVar [[con.DebugEarlyDefault:1]]
LogConfig: Setting CVar [[r.setres:1280x720]]
[2019.12.05-21.24.32:639][  0]LogConfig: Setting CVar [[r.VSync:0]]
[2019.12.05-21.24.32:639][  0]LogConfig: Setting CVar [[r.RHICmdBypass:0]]
[2019.12.05-21.24.32:639][  0]LogConfig: Applying CVar settings from Section [/Script/Engine.RendererSettings] File [C:/Users/tbiss/Documents/GitHub/Stolemates/Stolenmates/Saved/Config/Windows/Engine.ini]
[2019.12.05-21.24.32:639][  0]LogConfig: Setting CVar [[r.GPUCrashDebugging:0]]
[2019.12.05-21.24.32:639][  0]LogConfig: Setting CVar [[r.DefaultFeature.AutoExposure.ExtendDefaultLuminanceRange:1]]
[2019.12.05-21.24.32:639][  0]LogConfig: Applying CVar settings from Section [/Script/Engine.RendererOverrideSettings] File [C:/Users/tbiss/Documents/GitHub/Stolemates/Stolenmates/Saved/Config/Windows/Engine.ini]
[2019.12.05-21.24.32:639][  0]LogConfig: Applying CVar settings from Section [/Script/Engine.StreamingSettings] File [C:/Users/tbiss/Documents/GitHub/Stolemates/Stolenmates/Saved/Config/Windows/Engine.ini]
[2019.12.05-21.24.32:639][  0]LogConfig: Setting CVar [[s.MinBulkDataSizeForAsyncLoading:131072]]
[2019.12.05-21.24.32:639][  0]LogConfig: Setting CVar [[s.AsyncLoadingThreadEnabled:0]]
[2019.12.05-21.24.32:639][  0]LogConfig: Setting CVar [[s.EventDrivenLoaderEnabled:1]]
[2019.12.05-21.24.32:639][  0]LogConfig: Setting CVar [[s.WarnIfTimeLimitExceeded:0]]
[2019.12.05-21.24.32:639][  0]LogConfig: Setting CVar [[s.TimeLimitExceededMultiplier:1.5]]
[2019.12.05-21.24.32:639][  0]LogConfig: Setting CVar [[s.TimeLimitExceededMinTime:0.005]]
[2019.12.05-21.24.32:639][  0]LogConfig: Setting CVar [[s.UseBackgroundLevelStreaming:1]]
[2019.12.05-21.24.32:639][  0]LogConfig: Setting CVar [[s.PriorityAsyncLoadingExtraTime:15.0]]
[2019.12.05-21.24.32:639][  0]LogConfig: Setting CVar [[s.LevelStreamingActorsUpdateTimeLimit:5.0]]
[2019.12.05-21.24.32:639][  0]LogConfig: Setting CVar [[s.PriorityLevelStreamingActorsUpdateExtraTime:5.0]]
[2019.12.05-21.24.32:639][  0]LogConfig: Setting CVar [[s.LevelStreamingComponentsRegistrationGranularity:10]]
[2019.12.05-21.24.32:640][  0]LogConfig: Setting CVar [[s.UnregisterComponentsTimeLimit:1.0]]
[2019.12.05-21.24.32:640][  0]LogConfig: Setting CVar [[s.LevelStreamingComponentsUnregistrationGranularity:5]]
[2019.12.05-21.24.32:640][  0]LogConfig: Applying CVar settings from Section [/Script/Engine.GarbageCollectionSettings] File [C:/Users/tbiss/Documents/GitHub/Stolemates/Stolenmates/Saved/Config/Windows/Engine.ini]
[2019.12.05-21.24.32:640][  0]LogConfig: Setting CVar [[gc.MaxObjectsNotConsideredByGC:1]]
[2019.12.05-21.24.32:640][  0]LogConfig: Setting CVar [[gc.SizeOfPermanentObjectPool:0]]
[2019.12.05-21.24.32:640][  0]LogConfig: Setting CVar [[gc.FlushStreamingOnGC:0]]
[2019.12.05-21.24.32:640][  0]LogConfig: Setting CVar [[gc.NumRetriesBeforeForcingGC:10]]
[2019.12.05-21.24.32:640][  0]LogConfig: Setting CVar [[gc.AllowParallelGC:1]]
[2019.12.05-21.24.32:640][  0]LogConfig: Setting CVar [[gc.TimeBetweenPurgingPendingKillObjects:61.1]]
[2019.12.05-21.24.32:640][  0]LogConfig: Setting CVar [[gc.MaxObjectsInEditor:16777216]]
[2019.12.05-21.24.32:640][  0]LogConfig: Setting CVar [[gc.IncrementalBeginDestroyEnabled:1]]
[2019.12.05-21.24.32:640][  0]LogConfig: Setting CVar [[gc.CreateGCClusters:1]]
[2019.12.05-21.24.32:640][  0]LogConfig: Setting CVar [[gc.MinGCClusterSize:5]]
[2019.12.05-21.24.32:640][  0]LogConfig: Setting CVar [[gc.ActorClusteringEnabled:0]]
[2019.12.05-21.24.32:640][  0]LogConfig: Setting CVar [[gc.BlueprintClusteringEnabled:0]]
[2019.12.05-21.24.32:640][  0]LogConfig: Setting CVar [[gc.UseDisregardForGCOnDedicatedServers:0]]
[2019.12.05-21.24.32:640][  0]LogConfig: Applying CVar settings from Section [/Script/Engine.NetworkSettings] File [C:/Users/tbiss/Documents/GitHub/Stolemates/Stolenmates/Saved/Config/Windows/Engine.ini]
[2019.12.05-21.24.32:640][  0]LogConfig: Applying CVar settings from Section [/Script/UnrealEd.CookerSettings] File [C:/Users/tbiss/Documents/GitHub/Stolemates/Stolenmates/Saved/Config/Windows/Engine.ini]
[2019.12.05-21.24.32:644][  0]LogConfig: Applying CVar settings from Section [ViewDistanceQuality@3] File [C:/Users/tbiss/Documents/GitHub/Stolemates/Stolenmates/Saved/Config/Windows/Scalability.ini]
[2019.12.05-21.24.32:645][  0]LogConfig: Setting CVar [[r.SkeletalMeshLODBias:0]]
[2019.12.05-21.24.32:645][  0]LogConfig: Setting CVar [[r.ViewDistanceScale:1.0]]
[2019.12.05-21.24.32:645][  0]LogConfig: Applying CVar settings from Section [AntiAliasingQuality@3] File [C:/Users/tbiss/Documents/GitHub/Stolemates/Stolenmates/Saved/Config/Windows/Scalability.ini]
[2019.12.05-21.24.32:645][  0]LogConfig: Setting CVar [[r.PostProcessAAQuality:4]]
[2019.12.05-21.24.32:645][  0]LogConfig: Applying CVar settings from Section [ShadowQuality@3] File [C:/Users/tbiss/Documents/GitHub/Stolemates/Stolenmates/Saved/Config/Windows/Scalability.ini]
[2019.12.05-21.24.32:645][  0]LogConfig: Setting CVar [[r.LightFunctionQuality:1]]
[2019.12.05-21.24.32:645][  0]LogConfig: Setting CVar [[r.ShadowQuality:5]]
[2019.12.05-21.24.32:645][  0]LogConfig: Setting CVar [[r.Shadow.CSM.MaxCascades:10]]
[2019.12.05-21.24.32:645][  0]LogConfig: Setting CVar [[r.Shadow.MaxResolution:2048]]
[2019.12.05-21.24.32:645][  0]LogConfig: Setting CVar [[r.Shadow.MaxCSMResolution:2048]]
[2019.12.05-21.24.32:645][  0]LogConfig: Setting CVar [[r.Shadow.RadiusThreshold:0.01]]
[2019.12.05-21.24.32:645][  0]LogConfig: Setting CVar [[r.Shadow.DistanceScale:1.0]]
[2019.12.05-21.24.32:645][  0]LogConfig: Setting CVar [[r.Shadow.CSM.TransitionScale:1.0]]
[2019.12.05-21.24.32:645][  0]LogConfig: Setting CVar [[r.Shadow.PreShadowResolutionFactor:1.0]]
[2019.12.05-21.24.32:645][  0]LogConfig: Setting CVar [[r.DistanceFieldShadowing:1]]
[2019.12.05-21.24.32:645][  0]LogConfig: Setting CVar [[r.DistanceFieldAO:1]]
[2019.12.05-21.24.32:645][  0]LogConfig: Setting CVar [[r.AOQuality:2]]
[2019.12.05-21.24.32:645][  0]LogConfig: Setting CVar [[r.VolumetricFog:1]]
[2019.12.05-21.24.32:645][  0]LogConfig: Setting CVar [[r.VolumetricFog.GridPixelSize:8]]
[2019.12.05-21.24.32:646][  0]LogConfig: Setting CVar [[r.VolumetricFog.GridSizeZ:128]]
[2019.12.05-21.24.32:646][  0]LogConfig: Setting CVar [[r.VolumetricFog.HistoryMissSupersampleCount:4]]
[2019.12.05-21.24.32:646][  0]LogConfig: Setting CVar [[r.LightMaxDrawDistanceScale:1]]
[2019.12.05-21.24.32:646][  0]LogConfig: Setting CVar [[r.CapsuleShadows:1]]
[2019.12.05-21.24.32:646][  0]LogConfig: Applying CVar settings from Section [PostProcessQuality@3] File [C:/Users/tbiss/Documents/GitHub/Stolemates/Stolenmates/Saved/Config/Windows/Scalability.ini]
[2019.12.05-21.24.32:646][  0]LogConfig: Setting CVar [[r.MotionBlurQuality:4]]
[2019.12.05-21.24.32:646][  0]LogConfig: Setting CVar [[r.AmbientOcclusionMipLevelFactor:0.4]]
[2019.12.05-21.24.32:646][  0]LogConfig: Setting CVar [[r.AmbientOcclusionMaxQuality:100]]
[2019.12.05-21.24.32:646][  0]LogConfig: Setting CVar [[r.AmbientOcclusionLevels:-1]]
[2019.12.05-21.24.32:646][  0]LogConfig: Setting CVar [[r.AmbientOcclusionRadiusScale:1.0]]
[2019.12.05-21.24.32:646][  0]LogConfig: Setting CVar [[r.DepthOfFieldQuality:2]]
[2019.12.05-21.24.32:646][  0]LogConfig: Setting CVar [[r.RenderTargetPoolMin:400]]
[2019.12.05-21.24.32:646][  0]LogConfig: Setting CVar [[r.LensFlareQuality:2]]
[2019.12.05-21.24.32:646][  0]LogConfig: Setting CVar [[r.SceneColorFringeQuality:1]]
[2019.12.05-21.24.32:646][  0]LogConfig: Setting CVar [[r.EyeAdaptationQuality:2]]
[2019.12.05-21.24.32:646][  0]LogConfig: Setting CVar [[r.BloomQuality:5]]
[2019.12.05-21.24.32:646][  0]LogConfig: Setting CVar [[r.FastBlurThreshold:100]]
[2019.12.05-21.24.32:646][  0]LogConfig: Setting CVar [[r.Upscale.Quality:3]]
[2019.12.05-21.24.32:646][  0]LogConfig: Setting CVar [[r.Tonemapper.GrainQuantization:1]]
[2019.12.05-21.24.32:646][  0]LogConfig: Setting CVar [[r.LightShaftQuality:1]]
[2019.12.05-21.24.32:646][  0]LogConfig: Setting CVar [[r.Filter.SizeScale:1]]
[2019.12.05-21.24.32:646][  0]LogConfig: Setting CVar [[r.Tonemapper.Quality:5]]
[2019.12.05-21.24.32:647][  0]LogConfig: Setting CVar [[r.DOF.Gather.AccumulatorQuality:1        ; higher gathering accumulator quality]]
[2019.12.05-21.24.32:647][  0]LogConfig: Setting CVar [[r.DOF.Gather.PostfilterMethod:1          ; Median3x3 postfilering method]]
[2019.12.05-21.24.32:647][  0]LogConfig: Setting CVar [[r.DOF.Gather.EnableBokehSettings:0       ; no bokeh simulation when gathering]]
[2019.12.05-21.24.32:647][  0]LogConfig: Setting CVar [[r.DOF.Gather.RingCount:4                 ; medium number of samples when gathering]]
[2019.12.05-21.24.32:647][  0]LogConfig: Setting CVar [[r.DOF.Scatter.ForegroundCompositing:1    ; additive foreground scattering]]
[2019.12.05-21.24.32:647][  0]LogConfig: Setting CVar [[r.DOF.Scatter.BackgroundCompositing:2    ; additive background scattering]]
[2019.12.05-21.24.32:647][  0]LogConfig: Setting CVar [[r.DOF.Scatter.EnableBokehSettings:1      ; bokeh simulation when scattering]]
[2019.12.05-21.24.32:647][  0]LogConfig: Setting CVar [[r.DOF.Scatter.MaxSpriteRatio:0.1         ; only a maximum of 10% of scattered bokeh]]
[2019.12.05-21.24.32:647][  0]LogConfig: Setting CVar [[r.DOF.Recombine.Quality:1                ; cheap slight out of focus]]
[2019.12.05-21.24.32:647][  0]LogConfig: Setting CVar [[r.DOF.Recombine.EnableBokehSettings:0    ; no bokeh simulation on slight out of focus]]
[2019.12.05-21.24.32:647][  0]LogConfig: Setting CVar [[r.DOF.TemporalAAQuality:1                ; more stable temporal accumulation]]
[2019.12.05-21.24.32:647][  0]LogConfig: Setting CVar [[r.DOF.Kernel.MaxForegroundRadius:0.025]]
[2019.12.05-21.24.32:647][  0]LogConfig: Setting CVar [[r.DOF.Kernel.MaxBackgroundRadius:0.025]]
[2019.12.05-21.24.32:647][  0]LogConfig: Applying CVar settings from Section [TextureQuality@3] File [C:/Users/tbiss/Documents/GitHub/Stolemates/Stolenmates/Saved/Config/Windows/Scalability.ini]
[2019.12.05-21.24.32:647][  0]LogConfig: Setting CVar [[r.Streaming.MipBias:0]]
[2019.12.05-21.24.32:647][  0]LogConfig: Setting CVar [[r.Streaming.AmortizeCPUToGPUCopy:0]]
[2019.12.05-21.24.32:647][  0]LogConfig: Setting CVar [[r.Streaming.MaxNumTexturesToStreamPerFrame:0]]
[2019.12.05-21.24.32:647][  0]LogConfig: Setting CVar [[r.Streaming.Boost:1]]
[2019.12.05-21.24.32:647][  0]LogConfig: Setting CVar [[r.MaxAnisotropy:8]]
[2019.12.05-21.24.32:647][  0]LogConfig: Setting CVar [[r.Streaming.LimitPoolSizeToVRAM:0]]
[2019.12.05-21.24.32:647][  0]LogConfig: Setting CVar [[r.Streaming.PoolSize:1000]]
[2019.12.05-21.24.32:647][  0]LogConfig: Setting CVar [[r.Streaming.MaxEffectiveScreenSize:0]]
[2019.12.05-21.24.32:648][  0]LogConfig: Applying CVar settings from Section [EffectsQuality@3] File [C:/Users/tbiss/Documents/GitHub/Stolemates/Stolenmates/Saved/Config/Windows/Scalability.ini]
[2019.12.05-21.24.32:648][  0]LogConfig: Setting CVar [[r.TranslucencyLightingVolumeDim:64]]
[2019.12.05-21.24.32:648][  0]LogConfig: Setting CVar [[r.RefractionQuality:2]]
[2019.12.05-21.24.32:648][  0]LogConfig: Setting CVar [[r.SSR.Quality:3]]
[2019.12.05-21.24.32:648][  0]LogConfig: Setting CVar [[r.SceneColorFormat:4]]
[2019.12.05-21.24.32:648][  0]LogConfig: Setting CVar [[r.DetailMode:2]]
[2019.12.05-21.24.32:648][  0]LogConfig: Setting CVar [[r.TranslucencyVolumeBlur:1]]
[2019.12.05-21.24.32:648][  0]LogConfig: Setting CVar [[r.MaterialQualityLevel:1 ; High quality]]
[2019.12.05-21.24.32:648][  0]LogConfig: Setting CVar [[r.SSS.Scale:1]]
[2019.12.05-21.24.32:648][  0]LogConfig: Setting CVar [[r.SSS.SampleSet:2]]
[2019.12.05-21.24.32:648][  0]LogConfig: Setting CVar [[r.SSS.Quality:1]]
[2019.12.05-21.24.32:648][  0]LogConfig: Setting CVar [[r.SSS.HalfRes:1]]
[2019.12.05-21.24.32:648][  0]LogConfig: Setting CVar [[r.EmitterSpawnRateScale:1.0]]
[2019.12.05-21.24.32:648][  0]LogConfig: Setting CVar [[r.ParticleLightQuality:2]]
[2019.12.05-21.24.32:648][  0]LogConfig: Applying CVar settings from Section [FoliageQuality@3] File [C:/Users/tbiss/Documents/GitHub/Stolemates/Stolenmates/Saved/Config/Windows/Scalability.ini]
[2019.12.05-21.24.32:648][  0]LogConfig: Setting CVar [[foliage.DensityScale:1.0]]
[2019.12.05-21.24.32:648][  0]LogConfig: Setting CVar [[grass.DensityScale:1.0]]
[2019.12.05-21.24.32:648][  0]LogInit: Selected Device Profile: [Windows]
[2019.12.05-21.24.32:648][  0]LogInit: Applying CVar settings loaded from the selected device profile: [Windows]
[2019.12.05-21.24.32:651][  0]LogHAL: Display: Platform has ~ 16 GB [17114079232 / 17179869184 / 16], which maps to Larger [LargestMinGB=32, LargerMinGB=12, DefaultMinGB=8, SmallerMinGB=6, SmallestMinGB=0)
[2019.12.05-21.24.32:651][  0]LogInit: Going up to parent DeviceProfile []
[2019.12.05-21.24.32:651][  0]LogConfig: Applying CVar settings from Section [ViewDistanceQuality@3] File [C:/Users/tbiss/Documents/GitHub/Stolemates/Stolenmates/Saved/Config/Windows/Scalability.ini]
[2019.12.05-21.24.32:651][  0]LogConfig: Setting CVar [[r.SkeletalMeshLODBias:0]]
[2019.12.05-21.24.32:651][  0]LogConfig: Setting CVar [[r.ViewDistanceScale:1.0]]
[2019.12.05-21.24.32:652][  0]LogConfig: Applying CVar settings from Section [AntiAliasingQuality@3] File [C:/Users/tbiss/Documents/GitHub/Stolemates/Stolenmates/Saved/Config/Windows/Scalability.ini]
[2019.12.05-21.24.32:652][  0]LogConfig: Setting CVar [[r.PostProcessAAQuality:4]]
[2019.12.05-21.24.32:652][  0]LogConfig: Applying CVar settings from Section [ShadowQuality@3] File [C:/Users/tbiss/Documents/GitHub/Stolemates/Stolenmates/Saved/Config/Windows/Scalability.ini]
[2019.12.05-21.24.32:652][  0]LogConfig: Setting CVar [[r.LightFunctionQuality:1]]
[2019.12.05-21.24.32:652][  0]LogConfig: Setting CVar [[r.ShadowQuality:5]]
[2019.12.05-21.24.32:652][  0]LogConfig: Setting CVar [[r.Shadow.CSM.MaxCascades:10]]
[2019.12.05-21.24.32:652][  0]LogConfig: Setting CVar [[r.Shadow.MaxResolution:2048]]
[2019.12.05-21.24.32:652][  0]LogConfig: Setting CVar [[r.Shadow.MaxCSMResolution:2048]]
[2019.12.05-21.24.32:652][  0]LogConfig: Setting CVar [[r.Shadow.RadiusThreshold:0.01]]
[2019.12.05-21.24.32:652][  0]LogConfig: Setting CVar [[r.Shadow.DistanceScale:1.0]]
[2019.12.05-21.24.32:652][  0]LogConfig: Setting CVar [[r.Shadow.CSM.TransitionScale:1.0]]
[2019.12.05-21.24.32:652][  0]LogConfig: Setting CVar [[r.Shadow.PreShadowResolutionFactor:1.0]]
[2019.12.05-21.24.32:652][  0]LogConfig: Setting CVar [[r.DistanceFieldShadowing:1]]
[2019.12.05-21.24.32:652][  0]LogConfig: Setting CVar [[r.DistanceFieldAO:1]]
[2019.12.05-21.24.32:652][  0]LogConfig: Setting CVar [[r.AOQuality:2]]
[2019.12.05-21.24.32:652][  0]LogConfig: Setting CVar [[r.VolumetricFog:1]]
[2019.12.05-21.24.32:652][  0]LogConfig: Setting CVar [[r.VolumetricFog.GridPixelSize:8]]
[2019.12.05-21.24.32:652][  0]LogConfig: Setting CVar [[r.VolumetricFog.GridSizeZ:128]]
[2019.12.05-21.24.32:653][  0]LogConfig: Setting CVar [[r.VolumetricFog.HistoryMissSupersampleCount:4]]
[2019.12.05-21.24.32:653][  0]LogConfig: Setting CVar [[r.LightMaxDrawDistanceScale:1]]
[2019.12.05-21.24.32:653][  0]LogConfig: Setting CVar [[r.CapsuleShadows:1]]
[2019.12.05-21.24.32:653][  0]LogConfig: Applying CVar settings from Section [PostProcessQuality@3] File [C:/Users/tbiss/Documents/GitHub/Stolemates/Stolenmates/Saved/Config/Windows/Scalability.ini]
[2019.12.05-21.24.32:653][  0]LogConfig: Setting CVar [[r.MotionBlurQuality:4]]
[2019.12.05-21.24.32:653][  0]LogConfig: Setting CVar [[r.AmbientOcclusionMipLevelFactor:0.4]]
[2019.12.05-21.24.32:653][  0]LogConfig: Setting CVar [[r.AmbientOcclusionMaxQuality:100]]
[2019.12.05-21.24.32:653][  0]LogConfig: Setting CVar [[r.AmbientOcclusionLevels:-1]]
[2019.12.05-21.24.32:653][  0]LogConfig: Setting CVar [[r.AmbientOcclusionRadiusScale:1.0]]
[2019.12.05-21.24.32:653][  0]LogConfig: Setting CVar [[r.DepthOfFieldQuality:2]]
[2019.12.05-21.24.32:653][  0]LogConfig: Setting CVar [[r.RenderTargetPoolMin:400]]
[2019.12.05-21.24.32:653][  0]LogConfig: Setting CVar [[r.LensFlareQuality:2]]
[2019.12.05-21.24.32:653][  0]LogConfig: Setting CVar [[r.SceneColorFringeQuality:1]]
[2019.12.05-21.24.32:653][  0]LogConfig: Setting CVar [[r.EyeAdaptationQuality:2]]
[2019.12.05-21.24.32:653][  0]LogConfig: Setting CVar [[r.BloomQuality:5]]
[2019.12.05-21.24.32:653][  0]LogConfig: Setting CVar [[r.FastBlurThreshold:100]]
[2019.12.05-21.24.32:653][  0]LogConfig: Setting CVar [[r.Upscale.Quality:3]]
[2019.12.05-21.24.32:653][  0]LogConfig: Setting CVar [[r.Tonemapper.GrainQuantization:1]]
[2019.12.05-21.24.32:653][  0]LogConfig: Setting CVar [[r.LightShaftQuality:1]]
[2019.12.05-21.24.32:653][  0]LogConfig: Setting CVar [[r.Filter.SizeScale:1]]
[2019.12.05-21.24.32:653][  0]LogConfig: Setting CVar [[r.Tonemapper.Quality:5]]
[2019.12.05-21.24.32:653][  0]LogConfig: Setting CVar [[r.DOF.Gather.AccumulatorQuality:1        ; higher gathering accumulator quality]]
[2019.12.05-21.24.32:654][  0]LogConfig: Setting CVar [[r.DOF.Gather.PostfilterMethod:1          ; Median3x3 postfilering method]]
[2019.12.05-21.24.32:654][  0]LogConfig: Setting CVar [[r.DOF.Gather.EnableBokehSettings:0       ; no bokeh simulation when gathering]]
[2019.12.05-21.24.32:654][  0]LogConfig: Setting CVar [[r.DOF.Gather.RingCount:4                 ; medium number of samples when gathering]]
[2019.12.05-21.24.32:654][  0]LogConfig: Setting CVar [[r.DOF.Scatter.ForegroundCompositing:1    ; additive foreground scattering]]
[2019.12.05-21.24.32:654][  0]LogConfig: Setting CVar [[r.DOF.Scatter.BackgroundCompositing:2    ; additive background scattering]]
[2019.12.05-21.24.32:654][  0]LogConfig: Setting CVar [[r.DOF.Scatter.EnableBokehSettings:1      ; bokeh simulation when scattering]]
[2019.12.05-21.24.32:654][  0]LogConfig: Setting CVar [[r.DOF.Scatter.MaxSpriteRatio:0.1         ; only a maximum of 10% of scattered bokeh]]
[2019.12.05-21.24.32:654][  0]LogConfig: Setting CVar [[r.DOF.Recombine.Quality:1                ; cheap slight out of focus]]
[2019.12.05-21.24.32:654][  0]LogConfig: Setting CVar [[r.DOF.Recombine.EnableBokehSettings:0    ; no bokeh simulation on slight out of focus]]
[2019.12.05-21.24.32:654][  0]LogConfig: Setting CVar [[r.DOF.TemporalAAQuality:1                ; more stable temporal accumulation]]
[2019.12.05-21.24.32:654][  0]LogConfig: Setting CVar [[r.DOF.Kernel.MaxForegroundRadius:0.025]]
[2019.12.05-21.24.32:654][  0]LogConfig: Setting CVar [[r.DOF.Kernel.MaxBackgroundRadius:0.025]]
[2019.12.05-21.24.32:654][  0]LogConfig: Applying CVar settings from Section [TextureQuality@3] File [C:/Users/tbiss/Documents/GitHub/Stolemates/Stolenmates/Saved/Config/Windows/Scalability.ini]
[2019.12.05-21.24.32:654][  0]LogConfig: Setting CVar [[r.Streaming.MipBias:0]]
[2019.12.05-21.24.32:654][  0]LogConfig: Setting CVar [[r.Streaming.AmortizeCPUToGPUCopy:0]]
[2019.12.05-21.24.32:654][  0]LogConfig: Setting CVar [[r.Streaming.MaxNumTexturesToStreamPerFrame:0]]
[2019.12.05-21.24.32:654][  0]LogConfig: Setting CVar [[r.Streaming.Boost:1]]
[2019.12.05-21.24.32:654][  0]LogConfig: Setting CVar [[r.MaxAnisotropy:8]]
[2019.12.05-21.24.32:654][  0]LogConfig: Setting CVar [[r.Streaming.LimitPoolSizeToVRAM:0]]
[2019.12.05-21.24.32:654][  0]LogConfig: Setting CVar [[r.Streaming.PoolSize:1000]]
[2019.12.05-21.24.32:654][  0]LogConfig: Setting CVar [[r.Streaming.MaxEffectiveScreenSize:0]]
[2019.12.05-21.24.32:655][  0]LogConfig: Applying CVar settings from Section [EffectsQuality@3] File [C:/Users/tbiss/Documents/GitHub/Stolemates/Stolenmates/Saved/Config/Windows/Scalability.ini]
[2019.12.05-21.24.32:655][  0]LogConfig: Setting CVar [[r.TranslucencyLightingVolumeDim:64]]
[2019.12.05-21.24.32:655][  0]LogConfig: Setting CVar [[r.RefractionQuality:2]]
[2019.12.05-21.24.32:655][  0]LogConfig: Setting CVar [[r.SSR.Quality:3]]
[2019.12.05-21.24.32:655][  0]LogConfig: Setting CVar [[r.SceneColorFormat:4]]
[2019.12.05-21.24.32:655][  0]LogConfig: Setting CVar [[r.DetailMode:2]]
[2019.12.05-21.24.32:655][  0]LogConfig: Setting CVar [[r.TranslucencyVolumeBlur:1]]
[2019.12.05-21.24.32:655][  0]LogConfig: Setting CVar [[r.MaterialQualityLevel:1 ; High quality]]
[2019.12.05-21.24.32:655][  0]LogConfig: Setting CVar [[r.SSS.Scale:1]]
[2019.12.05-21.24.32:655][  0]LogConfig: Setting CVar [[r.SSS.SampleSet:2]]
[2019.12.05-21.24.32:655][  0]LogConfig: Setting CVar [[r.SSS.Quality:1]]
[2019.12.05-21.24.32:655][  0]LogConfig: Setting CVar [[r.SSS.HalfRes:1]]
[2019.12.05-21.24.32:655][  0]LogConfig: Setting CVar [[r.EmitterSpawnRateScale:1.0]]
[2019.12.05-21.24.32:655][  0]LogConfig: Setting CVar [[r.ParticleLightQuality:2]]
[2019.12.05-21.24.32:655][  0]LogConfig: Applying CVar settings from Section [FoliageQuality@3] File [C:/Users/tbiss/Documents/GitHub/Stolemates/Stolenmates/Saved/Config/Windows/Scalability.ini]
[2019.12.05-21.24.32:655][  0]LogConfig: Setting CVar [[foliage.DensityScale:1.0]]
[2019.12.05-21.24.32:655][  0]LogConfig: Setting CVar [[grass.DensityScale:1.0]]
[2019.12.05-21.24.32:655][  0]LogConfig: Applying CVar settings from Section [Startup] File [../../../Engine/Config/ConsoleVariables.ini]
[2019.12.05-21.24.32:656][  0]LogConfig: Setting CVar [[net.UseAdaptiveNetUpdateFrequency:0]]
[2019.12.05-21.24.32:656][  0]LogConfig: Setting CVar [[p.chaos.AllowCreatePhysxBodies:1]]
[2019.12.05-21.24.32:656][  0]LogConfig: Applying CVar settings from Section [ConsoleVariables] File [C:/Users/tbiss/Documents/GitHub/Stolemates/Stolenmates/Saved/Config/Windows/Engine.ini]
[2019.12.05-21.24.32:656][  0]LogInit: Computer: TED-DESKTOP
[2019.12.05-21.24.32:656][  0]LogInit: User: tbiss
[2019.12.05-21.24.32:656][  0]LogInit: CPU Page size=4096, Cores=4
[2019.12.05-21.24.32:656][  0]LogInit: High frequency timer resolution =10.000000 MHz
[2019.12.05-21.24.32:656][  0]LogMemory: Memory total: Physical=15.9GB (16GB approx)
[2019.12.05-21.24.32:656][  0]LogMemory: Platform Memory Stats for Windows
[2019.12.05-21.24.32:656][  0]LogMemory: Process Physical Memory: 102.11 MB used, 102.11 MB peak
[2019.12.05-21.24.32:656][  0]LogMemory: Process Virtual Memory: 99.11 MB used, 99.11 MB peak
[2019.12.05-21.24.32:656][  0]LogMemory: Physical Memory: 8398.59 MB used,  7922.67 MB free, 16321.26 MB total
[2019.12.05-21.24.32:656][  0]LogMemory: Virtual Memory: 4681.35 MB used,  134213048.00 MB free, 134217728.00 MB total
[2019.12.05-21.24.33:132][  0]LogWindows: WindowsPlatformFeatures enabled
[2019.12.05-21.24.33:237][  0]LogInit: Using OS detected language (en-US).
[2019.12.05-21.24.33:237][  0]LogInit: Using OS detected locale (en-CA).
[2019.12.05-21.24.33:238][  0]LogTextLocalizationManager: No specific localization for 'en-US' exists, so the 'en' localization will be used.
[2019.12.05-21.24.33:402][  0]LogInit: Setting process to per monitor DPI aware
[2019.12.05-21.24.33:460][  0]LogSlate: New Slate User Created.  User Index 0, Is Virtual User: 0
[2019.12.05-21.24.33:460][  0]LogSlate: Slate User Registered.  User Index 0, Is Virtual User: 0
[2019.12.05-21.24.33:634][  0]LogHMD: Failed to initialize OpenVR with code 110
[2019.12.05-21.24.33:634][  0]LogD3D11RHI: D3D11 adapters:
[2019.12.05-21.24.33:724][  0]LogD3D11RHI:    0. 'NVIDIA GeForce GTX 1070' (Feature Level 11_0)
[2019.12.05-21.24.33:724][  0]LogD3D11RHI:       8088/0/8160 MB DedicatedVideo/DedicatedSystem/SharedSystem, Outputs:1, VendorId:0x10de
[2019.12.05-21.24.33:729][  0]LogD3D11RHI:    1. 'Microsoft Basic Render Driver' (Feature Level 11_0)
[2019.12.05-21.24.33:729][  0]LogD3D11RHI:       0/0/8160 MB DedicatedVideo/DedicatedSystem/SharedSystem, Outputs:0, VendorId:0x1414
[2019.12.05-21.24.33:730][  0]LogD3D11RHI: Chosen D3D11 Adapter: 0
[2019.12.05-21.24.33:736][  0]LogD3D11RHI: Creating new Direct3DDevice
[2019.12.05-21.24.33:737][  0]LogD3D11RHI:     GPU DeviceId: 0x1b81 (for the marketing name, search the web for "GPU Device Id")
[2019.12.05-21.24.33:737][  0]LogWindows: EnumDisplayDevices:
[2019.12.05-21.24.33:737][  0]LogWindows:    0. 'NVIDIA GeForce GTX 1070' (P:1 D:1)
[2019.12.05-21.24.33:738][  0]LogWindows:    1. 'NVIDIA GeForce GTX 1070' (P:0 D:0)
[2019.12.05-21.24.33:738][  0]LogWindows:    2. 'NVIDIA GeForce GTX 1070' (P:0 D:0)
[2019.12.05-21.24.33:739][  0]LogWindows:    3. 'NVIDIA GeForce GTX 1070' (P:0 D:0)
[2019.12.05-21.24.33:739][  0]LogWindows: DebugString: FoundDriverCount:4 
[2019.12.05-21.24.33:739][  0]LogD3D11RHI:     Adapter Name: NVIDIA GeForce GTX 1070
[2019.12.05-21.24.33:739][  0]LogD3D11RHI:   Driver Version: 419.72 (internal:25.21.14.1972, unified:419.72)
[2019.12.05-21.24.33:739][  0]LogD3D11RHI:      Driver Date: 3-18-2019
[2019.12.05-21.24.33:739][  0]LogRHI: Texture pool is 5661 MB (70% of 8088 MB)
[2019.12.05-21.24.33:784][  0]LogD3D11RHI: Async texture creation enabled
[2019.12.05-21.24.33:803][  0]LogD3D11RHI: GPU Timing Frequency: 1000.000000 (Debug: 2 1)
[2019.12.05-21.24.34:088][  0]LogTemp: Display: Module 'AllDesktopTargetPlatform' loaded TargetPlatform 'AllDesktop'
[2019.12.05-21.24.34:100][  0]LogTemp: Display: Module 'MacClientTargetPlatform' loaded TargetPlatform 'MacClient'
[2019.12.05-21.24.34:112][  0]LogTemp: Display: Module 'MacNoEditorTargetPlatform' loaded TargetPlatform 'MacNoEditor'
[2019.12.05-21.24.34:122][  0]LogTemp: Display: Module 'MacServerTargetPlatform' loaded TargetPlatform 'MacServer'
[2019.12.05-21.24.34:136][  0]LogTemp: Display: Module 'MacTargetPlatform' loaded TargetPlatform 'Mac'
[2019.12.05-21.24.34:147][  0]LogTemp: Display: Module 'WindowsClientTargetPlatform' loaded TargetPlatform 'WindowsClient'
[2019.12.05-21.24.34:157][  0]LogTemp: Display: Module 'WindowsNoEditorTargetPlatform' loaded TargetPlatform 'WindowsNoEditor'
[2019.12.05-21.24.34:169][  0]LogTemp: Display: Module 'WindowsServerTargetPlatform' loaded TargetPlatform 'WindowsServer'
[2019.12.05-21.24.34:176][  0]LogTemp: Display: Module 'WindowsTargetPlatform' loaded TargetPlatform 'Windows'
[2019.12.05-21.24.34:209][  0]LogTemp: Display: Module 'AndroidTargetPlatform' loaded TargetPlatform 'Android'
[2019.12.05-21.24.34:209][  0]LogTemp: Display: Module 'AndroidTargetPlatform' loaded TargetPlatform 'Android_ASTC'
[2019.12.05-21.24.34:209][  0]LogTemp: Display: Module 'AndroidTargetPlatform' loaded TargetPlatform 'Android_ATC'
[2019.12.05-21.24.34:210][  0]LogTemp: Display: Module 'AndroidTargetPlatform' loaded TargetPlatform 'Android_DXT'
[2019.12.05-21.24.34:210][  0]LogTemp: Display: Module 'AndroidTargetPlatform' loaded TargetPlatform 'Android_ETC1'
[2019.12.05-21.24.34:210][  0]LogTemp: Display: Module 'AndroidTargetPlatform' loaded TargetPlatform 'Android_ETC1a'
[2019.12.05-21.24.34:210][  0]LogTemp: Display: Module 'AndroidTargetPlatform' loaded TargetPlatform 'Android_ETC2'
[2019.12.05-21.24.34:210][  0]LogTemp: Display: Module 'AndroidTargetPlatform' loaded TargetPlatform 'Android_PVRTC'
[2019.12.05-21.24.34:210][  0]LogTemp: Display: Module 'AndroidTargetPlatform' loaded TargetPlatform 'AndroidClient'
[2019.12.05-21.24.34:210][  0]LogTemp: Display: Module 'AndroidTargetPlatform' loaded TargetPlatform 'Android_ASTCClient'
[2019.12.05-21.24.34:210][  0]LogTemp: Display: Module 'AndroidTargetPlatform' loaded TargetPlatform 'Android_ATCClient'
[2019.12.05-21.24.34:211][  0]LogTemp: Display: Module 'AndroidTargetPlatform' loaded TargetPlatform 'Android_DXTClient'
[2019.12.05-21.24.34:211][  0]LogTemp: Display: Module 'AndroidTargetPlatform' loaded TargetPlatform 'Android_ETC1Client'
[2019.12.05-21.24.34:211][  0]LogTemp: Display: Module 'AndroidTargetPlatform' loaded TargetPlatform 'Android_ETC1aClient'
[2019.12.05-21.24.34:211][  0]LogTemp: Display: Module 'AndroidTargetPlatform' loaded TargetPlatform 'Android_ETC2Client'
[2019.12.05-21.24.34:211][  0]LogTemp: Display: Module 'AndroidTargetPlatform' loaded TargetPlatform 'Android_PVRTCClient'
[2019.12.05-21.24.34:211][  0]LogTemp: Display: Module 'AndroidTargetPlatform' loaded TargetPlatform 'Android_Multi'
[2019.12.05-21.24.34:211][  0]LogTemp: Display: Module 'AndroidTargetPlatform' loaded TargetPlatform 'Android_MultiClient'
[2019.12.05-21.24.34:216][  0]LogTemp: Display: Module 'HTML5TargetPlatform' loaded TargetPlatform 'HTML5'
[2019.12.05-21.24.34:243][  0]LogTemp: Display: Module 'IOSTargetPlatform' loaded TargetPlatform 'IOSClient'
[2019.12.05-21.24.34:243][  0]LogTemp: Display: Module 'IOSTargetPlatform' loaded TargetPlatform 'IOS'
[2019.12.05-21.24.34:260][  0]LogTemp: Display: Module 'TVOSTargetPlatform' loaded TargetPlatform 'TVOSClient'
[2019.12.05-21.24.34:260][  0]LogTemp: Display: Module 'TVOSTargetPlatform' loaded TargetPlatform 'TVOS'
[2019.12.05-21.24.34:269][  0]LogTemp: Display: Module 'LinuxClientTargetPlatform' loaded TargetPlatform 'LinuxClient'
[2019.12.05-21.24.34:278][  0]LogTemp: Display: Module 'LinuxNoEditorTargetPlatform' loaded TargetPlatform 'LinuxNoEditor'
[2019.12.05-21.24.34:288][  0]LogTemp: Display: Module 'LinuxServerTargetPlatform' loaded TargetPlatform 'LinuxServer'
[2019.12.05-21.24.34:298][  0]LogTemp: Display: Module 'LinuxTargetPlatform' loaded TargetPlatform 'Linux'
[2019.12.05-21.24.34:325][  0]LogTemp: Display: Module 'LuminTargetPlatform' loaded TargetPlatform 'Lumin'
[2019.12.05-21.24.34:325][  0]LogTemp: Display: Module 'LuminTargetPlatform' loaded TargetPlatform 'LuminClient'
[2019.12.05-21.24.34:326][  0]LogTargetPlatformManager: Display: Building Assets For Windows
[2019.12.05-21.24.34:345][  0]LogAudioDebug: Display: Lib vorbis DLL was dynamically loaded.
[2019.12.05-21.24.34:458][  0]LogShaderCompilers: Guid format shader working directory is -24 characters bigger than the processId version (../../../../../../Users/tbiss/Documents/GitHub/Stolemates/Stolenmates/Intermediate/Shaders/WorkingDirectory/10376/).
[2019.12.05-21.24.34:458][  0]LogShaderCompilers: Cleaned the shader compiler working directory 'C:/Users/tbiss/AppData/Local/Temp/UnrealShaderWorkingDir/0C79B16E48EEBB0C59E137B56AA99AED/'.
[2019.12.05-21.24.34:461][  0]LogXGEController: Cleaning working directory: C:/Users/tbiss/AppData/Local/Temp/UnrealXGEWorkingDir/
[2019.12.05-21.24.34:461][  0]LogXGEController: Cannot use XGE Controller as Incredibuild is not installed on this machine.
[2019.12.05-21.24.34:462][  0]LogShaderCompilers: Cannot use XGE Shader Compiler as Incredibuild is not installed on this machine.
[2019.12.05-21.24.34:462][  0]LogShaderCompilers: Display: Using Local Shader Compiler.
[2019.12.05-21.24.35:008][  0]LogDerivedDataCache: Display: Max Cache Size: 512 MB
[2019.12.05-21.24.35:061][  0]LogDerivedDataCache: Loaded boot cache 0.05s 73MB C:/Users/tbiss/AppData/Local/UnrealEngine/4.23/DerivedDataCache/Boot.ddc.
[2019.12.05-21.24.35:061][  0]LogDerivedDataCache: Display: Loaded Boot cache: C:/Users/tbiss/AppData/Local/UnrealEngine/4.23/DerivedDataCache/Boot.ddc
[2019.12.05-21.24.35:061][  0]LogDerivedDataCache: FDerivedDataBackendGraph:  Pak pak cache file ../../../../../../Users/tbiss/Documents/GitHub/Stolemates/Stolenmates/DerivedDataCache/DDC.ddp not found, will not use a pak cache.
[2019.12.05-21.24.35:061][  0]LogDerivedDataCache: Unable to find inner node Pak for hierarchical cache Hierarchy.
[2019.12.05-21.24.35:062][  0]LogDerivedDataCache: FDerivedDataBackendGraph:  CompressedPak pak cache file ../../../../../../Users/tbiss/Documents/GitHub/Stolemates/Stolenmates/DerivedDataCache/Compressed.ddp not found, will not use a pak cache.
[2019.12.05-21.24.35:062][  0]LogDerivedDataCache: Unable to find inner node CompressedPak for hierarchical cache Hierarchy.
[2019.12.05-21.24.35:072][  0]LogDerivedDataCache: Display: Pak cache opened for reading ../../../Engine/DerivedDataCache/Compressed.ddp.
[2019.12.05-21.24.35:072][  0]LogDerivedDataCache: FDerivedDataBackendGraph:  EnterprisePak pak cache file ../../../Enterprise/DerivedDataCache/Compressed.ddp not found, will not use a pak cache.
[2019.12.05-21.24.35:072][  0]LogDerivedDataCache: Unable to find inner node EnterprisePak for hierarchical cache Hierarchy.
[2019.12.05-21.24.35:075][  0]LogDerivedDataCache: Using Local data cache path C:/Users/tbiss/AppData/Local/UnrealEngine/Common/DerivedDataCache: Writable
[2019.12.05-21.24.35:075][  0]LogDerivedDataCache: Shared data cache path not found in *engine.ini, will not use an Shared cache.
[2019.12.05-21.24.35:075][  0]LogDerivedDataCache: Unable to find inner node Shared for hierarchical cache Hierarchy.
[2019.12.05-21.24.35:094][  0]LogMaterial: Verifying Global Shaders for PCD3D_SM5
[2019.12.05-21.24.35:096][  0]LogSlate: Using FreeType 2.6.0
[2019.12.05-21.24.35:097][  0]LogSlate: SlateFontServices - WITH_FREETYPE: 1, WITH_HARFBUZZ: 1
[2019.12.05-21.24.35:154][  0]LogAssetRegistry: FAssetRegistry took 0.0047 seconds to start up
[2019.12.05-21.24.35:390][  0]LogInit: Selected Device Profile: [Windows]
[2019.12.05-21.24.35:547][  0]LogMeshReduction: Using QuadricMeshReduction for automatic static mesh reduction
[2019.12.05-21.24.35:548][  0]LogMeshReduction: Using SimplygonMeshReduction for automatic skeletal mesh reduction
[2019.12.05-21.24.35:548][  0]LogMeshReduction: Using ProxyLODMeshReduction for automatic mesh merging
[2019.12.05-21.24.35:548][  0]LogMeshReduction: No distributed automatic mesh merging module available
[2019.12.05-21.24.35:548][  0]LogMeshMerging: No distributed automatic mesh merging module available
[2019.12.05-21.24.35:560][  0]LogNetVersion: Stolenmates 1.0.0, NetCL: 8386587, EngineNetVer: 11, GameNetVer: 0 (Checksum: 1334032006)
[2019.12.05-21.24.35:991][  0]LogPackageLocalizationCache: Processed 12 localized package path(s) for 1 prioritized culture(s) in 0.054375 seconds
[2019.12.05-21.24.35:998][  0]LogUObjectArray: 43444 objects as part of root set at end of initial load.
[2019.12.05-21.24.35:998][  0]LogUObjectAllocator: 7548648 out of 0 bytes used by permanent object pool.
[2019.12.05-21.24.35:998][  0]LogUObjectArray: CloseDisregardForGC: 0/0 objects in disregard for GC pool
[2019.12.05-21.24.36:983][  0]LogTcpMessaging: Initializing TcpMessaging bridge
[2019.12.05-21.24.36:989][  0]LogUdpMessaging: Initializing bridge on interface 0.0.0.0:0 to multicast group 230.0.0.1:6666.
[2019.12.05-21.24.37:104][  0]SourceControl: Source control is disabled
[2019.12.05-21.24.37:104][  0]SourceControl: Source control is disabled
[2019.12.05-21.24.37:107][  0]SourceControl: Source control is disabled
[2019.12.05-21.24.37:110][  0]SourceControl: Source control is disabled
[2019.12.05-21.24.37:287][  0]LogAndroidPermission: UAndroidPermissionCallbackProxy::GetInstance
[2019.12.05-21.24.37:468][  0]LogOcInput: OculusInput pre-init called
[2019.12.05-21.24.37:484][  0]LogWindows: Failed to load 'OVRPlugin.dll' (GetLastError=126)
[2019.12.05-21.24.37:484][  0]LogWindows: File 'OVRPlugin.dll' does not exist
[2019.12.05-21.24.37:565][  0]LogEngine: Initializing Engine...
[2019.12.05-21.24.37:566][  0]LogHMD: Failed to initialize OpenVR with code 110
[2019.12.05-21.24.37:567][  0]LogStats: UGameplayTagsManager::InitializeManager -  0.000 s
[2019.12.05-21.24.37:764][  0]LogInit: Initializing FReadOnlyCVARCache
[2019.12.05-21.24.37:781][  0]LogAIModule: Creating AISystem for world Untitled
[2019.12.05-21.24.37:855][  0]LogInit: XAudio2 using 'Speakers (Bose Revolve SoundLink)' : 2 channels at 48 kHz using 16 bits per sample (channel mask 0x3)
[2019.12.05-21.24.37:888][  0]LogInit: FAudioDevice initialized.
[2019.12.05-21.24.37:889][  0]LogNetVersion: Set ProjectVersion to 1.0.0.0. Version Checksum will be recalculated on next use.
[2019.12.05-21.24.37:965][  0]LogDerivedDataCache: Saved boot cache 0.08s 73MB C:/Users/tbiss/AppData/Local/UnrealEngine/4.23/DerivedDataCache/Boot.ddc.
[2019.12.05-21.24.37:969][  0]LogInit: Texture streaming: Enabled
[2019.12.05-21.24.38:000][  0]LogEngineSessionManager: EngineSessionManager initialized
[2019.12.05-21.24.38:000][  0]LogEngineSessionManager: EngineSessionManager sent abnormal shutdown report. Type=Debugger, SessionId={94E89D18-4C46-4FC9-5CD9-369087A5F940}
[2019.12.05-21.24.38:000][  0]LogEditorSessionSummary: Verbose: Initializing EditorSessionSummaryWriter for editor session tracking
[2019.12.05-21.24.38:001][  0]LogEditorSessionSummary: EditorSessionSummaryWriter initialized
[2019.12.05-21.24.38:057][  0]LogInit: Transaction tracking system initialized
[2019.12.05-21.24.38:110][  0]BlueprintLog: New page: Editor Load
[2019.12.05-21.24.38:235][  0]LocalizationService: Localization service is disabled
[2019.12.05-21.24.38:527][  0]LogFileCache: Scanning file cache for directory 'C:/Users/tbiss/Documents/GitHub/Stolemates/Stolenmates/Content/' took 0.00s
[2019.12.05-21.24.38:527][  0]LogCook: Display: Max memory allowance for cook 16384mb min free memory 0mb
[2019.12.05-21.24.38:527][  0]LogCook: Display: Mobile HDR setting 1
[2019.12.05-21.24.38:797][  0]SourceControl: Source control is disabled
[2019.12.05-21.24.38:798][  0]Cmd: MAP LOAD FILE="../../../../../../Users/tbiss/Documents/GitHub/Stolemates/Stolenmates/Content/Levels/City.umap" TEMPLATE=0 SHOWPROGRESS=1 FEATURELEVEL=3
[2019.12.05-21.24.38:798][  0]LightingResults: New page: Lighting Build
[2019.12.05-21.24.38:801][  0]LogWorld: UWorld::CleanupWorld for Untitled, bSessionEnded=true, bCleanupResources=true
[2019.12.05-21.24.38:801][  0]MapCheck: New page: Map Check
[2019.12.05-21.24.38:801][  0]LightingResults: New page: Lighting Build
[2019.12.05-21.24.38:823][  0]LogUObjectHash: Compacting FUObjectHashTables data took   1.38ms
[2019.12.05-21.24.39:153][  0]LogAIModule: Creating AISystem for world City
[2019.12.05-21.24.39:165][  0]LogEditorServer: Finished looking for orphan Actors (0.000 secs)
[2019.12.05-21.24.39:195][  0]LogUObjectHash: Compacting FUObjectHashTables data took   1.94ms
[2019.12.05-21.24.39:195][  0]Cmd: MAP CHECKDEP NOCLEARLOG
[2019.12.05-21.24.39:196][  0]MapCheck: Map check complete: 0 Error(s), 0 Warning(s), took 0.272ms to complete.
[2019.12.05-21.24.39:196][  0]LogFileHelpers: Loading map 'City' took 0.398
[2019.12.05-21.24.39:346][  0]LogSlate: Updating window title bar state: overlay mode, drag disabled, window buttons hidden, title bar hidden
[2019.12.05-21.24.39:353][  0]LogSlate: Updating window title bar state: overlay mode, drag disabled, window buttons hidden, title bar hidden
[2019.12.05-21.24.39:359][  0]LogSlate: Updating window title bar state: overlay mode, drag disabled, window buttons hidden, title bar hidden
[2019.12.05-21.24.39:366][  0]LogSlate: Updating window title bar state: overlay mode, drag disabled, window buttons hidden, title bar hidden
[2019.12.05-21.24.39:374][  0]LogCollectionManager: Loaded 0 collections in 0.002363 seconds
[2019.12.05-21.24.39:390][  0]LogFileCache: Scanning file cache for directory 'C:/Users/tbiss/Documents/GitHub/Stolemates/Stolenmates/Saved/Collections/' took 0.00s
[2019.12.05-21.24.39:390][  0]LogFileCache: Scanning file cache for directory 'C:/Users/tbiss/Documents/GitHub/Stolemates/Stolenmates/Content/Developers/tbiss/Collections/' took 0.00s
[2019.12.05-21.24.39:390][  0]LogFileCache: Scanning file cache for directory 'C:/Users/tbiss/Documents/GitHub/Stolemates/Stolenmates/Content/Collections/' took 0.00s
[2019.12.05-21.24.39:391][  0]LogCollectionManager: Rebuilt the GUID cache for 0 collections in 0.000001 seconds
[2019.12.05-21.24.39:398][  0]LogContentBrowser: Native class hierarchy populated in 0.0076 seconds. Added 2874 classes and 684 folders.
[2019.12.05-21.24.39:411][  0]LogContentBrowser: Native class hierarchy updated for 'WidgetCarousel' in 0.0003 seconds. Added 0 classes and 0 folders.
[2019.12.05-21.24.39:457][  0]LogContentBrowser: Native class hierarchy updated for 'AddContentDialog' in 0.0003 seconds. Added 0 classes and 0 folders.
[2019.12.05-21.24.39:464][  0]LogContentBrowser: Native class hierarchy updated for 'SceneOutliner' in 0.0005 seconds. Added 1 classes and 2 folders.
[2019.12.05-21.24.39:478][  0]LogSlate: Took 0.000208 seconds to synchronously load lazily loaded font '../../../Engine/Content/Slate/Fonts/Roboto-Regular.ttf' (155K)
[2019.12.05-21.24.39:481][  0]LogSlate: Took 0.000273 seconds to synchronously load lazily loaded font '../../../Engine/Content/Slate/Fonts/Roboto-Bold.ttf' (160K)
[2019.12.05-21.24.39:487][  0]LogSlate: Took 0.000231 seconds to synchronously load lazily loaded font '../../../Engine/Content/Editor/Slate/Fonts/FontAwesome.ttf' (139K)
[2019.12.05-21.24.39:553][  0]LogRenderer: Reallocating scene render targets to support 1208x572 Format 10 NumSamples 1 (Frame:1).
[2019.12.05-21.24.39:738][  0]LogContentBrowser: Native class hierarchy updated for 'HierarchicalLODOutliner' in 0.0004 seconds. Added 0 classes and 0 folders.
[2019.12.05-21.24.39:738][  0]LogLoad: (Engine Initialization) Total time: 8.70 seconds
[2019.12.05-21.24.39:738][  0]LogLoad: (Engine Initialization) Total Blueprint compile time: 0.00 seconds
[2019.12.05-21.24.39:783][  0]LogAssetRegistry: Asset discovery search completed in 4.6316 seconds
[2019.12.05-21.24.39:786][  0]LogCollectionManager: Rebuilt the object cache for 0 collections in 0.000004 seconds (found 0 objects)
[2019.12.05-21.24.39:786][  0]LogCollectionManager: Fixed up redirectors for 0 collections in 0.000133 seconds (updated 0 objects)
[2019.12.05-21.24.39:787][  0]LogContentStreaming: Texture pool size now 1000 MB
[2019.12.05-21.24.39:800][  0]LogSlate: Took 0.000135 seconds to synchronously load lazily loaded font '../../../Engine/Content/Slate/Fonts/Roboto-Light.ttf' (167K)
[2019.12.05-21.24.41:359][179]LogSlate: FSceneViewport::OnFocusLost() reason 0
[2019.12.05-21.24.41:416][186]LogTemp: Repeating last play command: Selected Viewport
[2019.12.05-21.24.41:429][186]LogBlueprintUserMessages: Early PlayInEditor Detection: Level '/Game/Levels/City.City:PersistentLevel' has LevelScriptBlueprint '/Game/Levels/City.City:PersistentLevel.City' with GeneratedClass '/Game/Levels/City.City_C' with ClassGeneratedBy '/Game/Levels/City.City:PersistentLevel.City'
[2019.12.05-21.24.41:429][186]LogPlayLevel: PlayLevel: No blueprints needed recompiling
[2019.12.05-21.24.41:430][186]PIE: New page: PIE session: City (Dec 5, 2019, 11:24:41 AM)
[2019.12.05-21.24.41:432][186]LogOnline: OSS: Creating online subsystem instance for: NULL
[2019.12.05-21.24.41:434][186]LogPlayLevel: Creating play world package: /Game/Levels/UEDPIE_0_City
[2019.12.05-21.24.41:438][186]LogPlayLevel: PIE: StaticDuplicateObject took: (0.003625s)
[2019.12.05-21.24.41:440][186]LogAIModule: Creating AISystem for world City
[2019.12.05-21.24.41:440][186]LogPlayLevel: PIE: World Init took: (0.001547s)
[2019.12.05-21.24.41:440][186]LogPlayLevel: PIE: Created PIE world by copying editor world from /Game/Levels/City.City to /Game/Levels/UEDPIE_0_City.City (0.005795s)
[2019.12.05-21.24.41:459][186]LogUObjectHash: Compacting FUObjectHashTables data took   1.14ms
[2019.12.05-21.24.41:473][186]LogInit: XAudio2 using 'Speakers (Bose Revolve SoundLink)' : 2 channels at 48 kHz using 16 bits per sample (channel mask 0x3)
[2019.12.05-21.24.41:486][186]LogInit: FAudioDevice initialized.
[2019.12.05-21.24.41:499][186]LogLoad: Game class is 'BP_GameMode_C'
[2019.12.05-21.24.41:501][186]LogWorld: Bringing World /Game/Levels/UEDPIE_0_City.City up for play (max tick rate 0) at 2019.12.05-16.24.41
[2019.12.05-21.24.41:502][186]LogWorld: Bringing up level for play took: 0.002145
[2019.12.05-21.24.41:502][186]LogOnline: OSS: Creating online subsystem instance for: :Context_1
[2019.12.05-21.24.41:511][186]LogContentBrowser: Native class hierarchy updated for 'MovieSceneCapture' in 0.0004 seconds. Added 20 classes and 0 folders.
[2019.12.05-21.24.41:512][186]LogActor: Warning: BP_Camera_C /Game/Levels/UEDPIE_0_City.City:PersistentLevel.BP_Camera_C_0 has natively added scene component(s), but none of them were set as the actor's RootComponent - picking one arbitrarily
[2019.12.05-21.24.41:512][186]LogPlayerManagement: Error: Failed to Create Player: A local player already exists for controller ID 0,
[2019.12.05-21.24.41:513][186]LogSlate: New Slate User Created.  User Index 1, Is Virtual User: 0
[2019.12.05-21.24.41:513][186]LogSlate: Slate User Registered.  User Index 1, Is Virtual User: 0
[2019.12.05-21.24.41:516][186]LogSlate: New Slate User Created.  User Index 2, Is Virtual User: 0
[2019.12.05-21.24.41:516][186]LogSlate: Slate User Registered.  User Index 2, Is Virtual User: 0
[2019.12.05-21.24.41:518][186]LogSlate: New Slate User Created.  User Index 3, Is Virtual User: 0
[2019.12.05-21.24.41:519][186]LogSlate: Slate User Registered.  User Index 3, Is Virtual User: 0
[2019.12.05-21.24.41:521][186]PIE: Play in editor start time for /Game/Levels/UEDPIE_0_City 0.97
[2019.12.05-21.24.41:522][186]LogBlueprintUserMessages: Late PlayInEditor Detection: Level '/Game/Levels/City.City:PersistentLevel' has LevelScriptBlueprint '/Game/Levels/City.City:PersistentLevel.City' with GeneratedClass '/Game/Levels/City.City_C' with ClassGeneratedBy '/Game/Levels/City.City:PersistentLevel.City'
[2019.12.05-21.24.50:362][242]LogBlueprintUserMessages: Early EndPlayMap Detection: Level '/Game/Levels/City.City:PersistentLevel' has LevelScriptBlueprint '/Game/Levels/City.City:PersistentLevel.City' with GeneratedClass '/Game/Levels/City.City_C' with ClassGeneratedBy '/Game/Levels/City.City:PersistentLevel.City'
[2019.12.05-21.24.50:362][242]LogSlate: Updating window title bar state: overlay mode, drag disabled, window buttons hidden, title bar hidden
[2019.12.05-21.24.50:362][242]LogWorld: BeginTearingDown for /Game/Levels/UEDPIE_0_City
[2019.12.05-21.24.50:363][242]LogWorld: UWorld::CleanupWorld for City, bSessionEnded=true, bCleanupResources=true
[2019.12.05-21.24.50:372][242]LogPlayLevel: Display: Shutting down PIE online subsystems
[2019.12.05-21.24.50:372][242]LogBlueprintUserMessages: Late EndPlayMap Detection: Level '/Game/Levels/City.City:PersistentLevel' has LevelScriptBlueprint '/Game/Levels/City.City:PersistentLevel.City' with GeneratedClass '/Game/Levels/City.City_C' with ClassGeneratedBy '/Game/Levels/City.City:PersistentLevel.City'
[2019.12.05-21.24.50:397][242]LogSlate: Updating window title bar state: overlay mode, drag disabled, window buttons hidden, title bar hidden
[2019.12.05-21.24.50:400][242]LogUObjectHash: Compacting FUObjectHashTables data took   1.46ms
[2019.12.05-21.24.50:460][247]LogPlayLevel: Display: Destroying online subsystem :Context_1
[2019.12.05-21.24.51:156][330]LogSlate: FSceneViewport::OnFocusLost() reason 0
[2019.12.05-21.24.51:318][349]LogSlate: Took 0.000148 seconds to synchronously load lazily loaded font '../../../Engine/Content/Slate/Fonts/Roboto-Light.ttf' (167K)
[2019.12.05-21.24.51:339][349]LogAIModule: Creating AISystem for world TestLevel
[2019.12.05-21.24.51:345][349]LogAssetEditorManager: Opening Asset editor for World /Game/Levels/TestLevel.TestLevel
[2019.12.05-21.24.51:368][349]LogUObjectHash: Compacting FUObjectHashTables data took   1.19ms
[2019.12.05-21.24.51:369][349]Cmd: MAP LOAD FILE="../../../../../../Users/tbiss/Documents/GitHub/Stolemates/Stolenmates/Content/Levels/TestLevel.umap" TEMPLATE=0 SHOWPROGRESS=1 FEATURELEVEL=3
[2019.12.05-21.24.51:369][349]LightingResults: New page: Lighting Build
[2019.12.05-21.24.51:370][349]LoadErrors: New page: Loading map: TestLevel.umap
[2019.12.05-21.24.51:371][349]LogWorld: UWorld::CleanupWorld for City, bSessionEnded=true, bCleanupResources=true
[2019.12.05-21.24.51:371][349]MapCheck: New page: Map Check
[2019.12.05-21.24.51:371][349]LightingResults: New page: Lighting Build
[2019.12.05-21.24.51:395][349]LogUObjectHash: Compacting FUObjectHashTables data took   1.47ms
[2019.12.05-21.24.51:400][349]LogEditorServer: Finished looking for orphan Actors (0.000 secs)
[2019.12.05-21.24.51:424][349]LogUObjectHash: Compacting FUObjectHashTables data took   1.35ms
[2019.12.05-21.24.51:446][349]Cmd: MAP CHECKDEP NOCLEARLOG
[2019.12.05-21.24.51:447][349]MapCheck: Map check complete: 0 Error(s), 0 Warning(s), took 0.227ms to complete.
[2019.12.05-21.24.51:447][349]LogFileHelpers: Loading map 'TestLevel' took 0.079
[2019.12.05-21.24.52:114][420]LogTemp: Repeating last play command: Selected Viewport
[2019.12.05-21.24.52:127][420]LogBlueprintUserMessages: Early PlayInEditor Detection: Level '/Game/Levels/TestLevel.TestLevel:PersistentLevel' has LevelScriptBlueprint '/Game/Levels/TestLevel.TestLevel:PersistentLevel.TestLevel' with GeneratedClass '/Game/Levels/TestLevel.TestLevel_C' with ClassGeneratedBy '/Game/Levels/TestLevel.TestLevel:PersistentLevel.TestLevel'
[2019.12.05-21.24.52:127][420]LogPlayLevel: PlayLevel: No blueprints needed recompiling
[2019.12.05-21.24.52:127][420]PIE: New page: PIE session: TestLevel (Dec 5, 2019, 11:24:52 AM)
[2019.12.05-21.24.52:127][420]LogPlayLevel: Creating play world package: /Game/Levels/UEDPIE_0_TestLevel
[2019.12.05-21.24.52:131][420]LogPlayLevel: PIE: StaticDuplicateObject took: (0.003245s)
[2019.12.05-21.24.52:132][420]LogAIModule: Creating AISystem for world TestLevel
[2019.12.05-21.24.52:132][420]LogPlayLevel: PIE: World Init took: (0.001195s)
[2019.12.05-21.24.52:132][420]LogPlayLevel: PIE: Created PIE world by copying editor world from /Game/Levels/TestLevel.TestLevel to /Game/Levels/UEDPIE_0_TestLevel.TestLevel (0.005059s)
[2019.12.05-21.24.52:155][420]LogUObjectHash: Compacting FUObjectHashTables data took   1.34ms
[2019.12.05-21.24.52:169][420]LogInit: XAudio2 using 'Speakers (Bose Revolve SoundLink)' : 2 channels at 48 kHz using 16 bits per sample (channel mask 0x3)
[2019.12.05-21.24.52:182][420]LogInit: FAudioDevice initialized.
[2019.12.05-21.24.52:196][420]LogLoad: Game class is 'BP_GameMode_C'
[2019.12.05-21.24.52:198][420]LogWorld: Bringing World /Game/Levels/UEDPIE_0_TestLevel.TestLevel up for play (max tick rate 0) at 2019.12.05-16.24.52
[2019.12.05-21.24.52:198][420]LogWorld: Bringing up level for play took: 0.000740
[2019.12.05-21.24.52:199][420]LogOnline: OSS: Creating online subsystem instance for: :Context_2
[2019.12.05-21.24.52:201][420]LogActor: Warning: BP_Camera_C /Game/Levels/UEDPIE_0_TestLevel.TestLevel:PersistentLevel.BP_Camera_C_0 has natively added scene component(s), but none of them were set as the actor's RootComponent - picking one arbitrarily
[2019.12.05-21.24.52:202][420]LogPlayerManagement: Error: Failed to Create Player: A local player already exists for controller ID 0,
[2019.12.05-21.24.52:208][420]PIE: Play in editor start time for /Game/Levels/UEDPIE_0_TestLevel -0.342
[2019.12.05-21.24.52:208][420]LogBlueprintUserMessages: Late PlayInEditor Detection: Level '/Game/Levels/TestLevel.TestLevel:PersistentLevel' has LevelScriptBlueprint '/Game/Levels/TestLevel.TestLevel:PersistentLevel.TestLevel' with GeneratedClass '/Game/Levels/TestLevel.TestLevel_C' with ClassGeneratedBy '/Game/Levels/TestLevel.TestLevel:PersistentLevel.TestLevel'
[2019.12.05-21.25.02:187][614]LogBlueprintUserMessages: Early EndPlayMap Detection: Level '/Game/Levels/TestLevel.TestLevel:PersistentLevel' has LevelScriptBlueprint '/Game/Levels/TestLevel.TestLevel:PersistentLevel.TestLevel' with GeneratedClass '/Game/Levels/TestLevel.TestLevel_C' with ClassGeneratedBy '/Game/Levels/TestLevel.TestLevel:PersistentLevel.TestLevel'
[2019.12.05-21.25.02:187][614]LogSlate: Updating window title bar state: overlay mode, drag disabled, window buttons hidden, title bar hidden
[2019.12.05-21.25.02:187][614]LogWorld: BeginTearingDown for /Game/Levels/UEDPIE_0_TestLevel
[2019.12.05-21.25.02:188][614]LogWorld: UWorld::CleanupWorld for TestLevel, bSessionEnded=true, bCleanupResources=true
[2019.12.05-21.25.02:198][614]LogPlayLevel: Display: Shutting down PIE online subsystems
[2019.12.05-21.25.02:199][614]LogBlueprintUserMessages: Late EndPlayMap Detection: Level '/Game/Levels/TestLevel.TestLevel:PersistentLevel' has LevelScriptBlueprint '/Game/Levels/TestLevel.TestLevel:PersistentLevel.TestLevel' with GeneratedClass '/Game/Levels/TestLevel.TestLevel_C' with ClassGeneratedBy '/Game/Levels/TestLevel.TestLevel:PersistentLevel.TestLevel'
[2019.12.05-21.25.02:224][614]LogSlate: Updating window title bar state: overlay mode, drag disabled, window buttons hidden, title bar hidden
[2019.12.05-21.25.02:227][614]LogUObjectHash: Compacting FUObjectHashTables data took   1.33ms
[2019.12.05-21.25.02:287][620]LogPlayLevel: Display: Destroying online subsystem :Context_2
[2019.12.05-21.25.03:797][801]LogSlate: FSceneViewport::OnFocusLost() reason 0
[2019.12.05-21.25.03:980][820]LogAIModule: Creating AISystem for world City
[2019.12.05-21.25.03:987][820]LogAssetEditorManager: Opening Asset editor for World /Game/Levels/City.City
[2019.12.05-21.25.04:010][820]LogUObjectHash: Compacting FUObjectHashTables data took   1.76ms
[2019.12.05-21.25.04:011][820]Cmd: MAP LOAD FILE="../../../../../../Users/tbiss/Documents/GitHub/Stolemates/Stolenmates/Content/Levels/City.umap" TEMPLATE=0 SHOWPROGRESS=1 FEATURELEVEL=3
[2019.12.05-21.25.04:011][820]LightingResults: New page: Lighting Build
[2019.12.05-21.25.04:012][820]LoadErrors: New page: Loading map: City.umap
[2019.12.05-21.25.04:012][820]LogWorld: UWorld::CleanupWorld for TestLevel, bSessionEnded=true, bCleanupResources=true
[2019.12.05-21.25.04:013][820]MapCheck: New page: Map Check
[2019.12.05-21.25.04:013][820]LightingResults: New page: Lighting Build
[2019.12.05-21.25.04:035][820]LogUObjectHash: Compacting FUObjectHashTables data took   1.63ms
[2019.12.05-21.25.04:041][820]LogEditorServer: Finished looking for orphan Actors (0.000 secs)
[2019.12.05-21.25.04:068][820]LogUObjectHash: Compacting FUObjectHashTables data took   1.38ms
[2019.12.05-21.25.04:091][820]Cmd: MAP CHECKDEP NOCLEARLOG
[2019.12.05-21.25.04:091][820]MapCheck: Map check complete: 0 Error(s), 0 Warning(s), took 0.167ms to complete.
[2019.12.05-21.25.04:091][820]LogFileHelpers: Loading map 'City' took 0.082
[2019.12.05-21.25.04:940][915]LogTemp: Repeating last play command: Selected Viewport
[2019.12.05-21.25.04:952][915]LogBlueprintUserMessages: Early PlayInEditor Detection: Level '/Game/Levels/City.City:PersistentLevel' has LevelScriptBlueprint '/Game/Levels/City.City:PersistentLevel.City' with GeneratedClass '/Game/Levels/City.City_C' with ClassGeneratedBy '/Game/Levels/City.City:PersistentLevel.City'
[2019.12.05-21.25.04:953][915]LogPlayLevel: PlayLevel: No blueprints needed recompiling
[2019.12.05-21.25.04:953][915]PIE: New page: PIE session: City (Dec 5, 2019, 11:25:04 AM)
[2019.12.05-21.25.04:953][915]LogPlayLevel: Creating play world package: /Game/Levels/UEDPIE_0_City
[2019.12.05-21.25.04:957][915]LogPlayLevel: PIE: StaticDuplicateObject took: (0.003937s)
[2019.12.05-21.25.04:958][915]LogAIModule: Creating AISystem for world City
[2019.12.05-21.25.04:959][915]LogPlayLevel: PIE: World Init took: (0.001478s)
[2019.12.05-21.25.04:959][915]LogPlayLevel: PIE: Created PIE world by copying editor world from /Game/Levels/City.City to /Game/Levels/UEDPIE_0_City.City (0.005996s)
[2019.12.05-21.25.04:980][915]LogUObjectHash: Compacting FUObjectHashTables data took   1.22ms
[2019.12.05-21.25.04:994][915]LogInit: XAudio2 using 'Speakers (Bose Revolve SoundLink)' : 2 channels at 48 kHz using 16 bits per sample (channel mask 0x3)
[2019.12.05-21.25.05:006][915]LogInit: FAudioDevice initialized.
[2019.12.05-21.25.05:016][915]LogLoad: Game class is 'BP_GameMode_C'
[2019.12.05-21.25.05:018][915]LogWorld: Bringing World /Game/Levels/UEDPIE_0_City.City up for play (max tick rate 0) at 2019.12.05-16.25.05
[2019.12.05-21.25.05:018][915]LogWorld: Bringing up level for play took: 0.001626
[2019.12.05-21.25.05:019][915]LogOnline: OSS: Creating online subsystem instance for: :Context_3
[2019.12.05-21.25.05:021][915]LogActor: Warning: BP_Camera_C /Game/Levels/UEDPIE_0_City.City:PersistentLevel.BP_Camera_C_0 has natively added scene component(s), but none of them were set as the actor's RootComponent - picking one arbitrarily
[2019.12.05-21.25.05:021][915]LogPlayerManagement: Error: Failed to Create Player: A local player already exists for controller ID 0,
[2019.12.05-21.25.05:028][915]PIE: Play in editor start time for /Game/Levels/UEDPIE_0_City 0.478
[2019.12.05-21.25.05:028][915]LogBlueprintUserMessages: Late PlayInEditor Detection: Level '/Game/Levels/City.City:PersistentLevel' has LevelScriptBlueprint '/Game/Levels/City.City:PersistentLevel.City' with GeneratedClass '/Game/Levels/City.City_C' with ClassGeneratedBy '/Game/Levels/City.City:PersistentLevel.City'
[2019.12.05-21.25.14:344][ 29]LogBlueprintUserMessages: Early EndPlayMap Detection: Level '/Game/Levels/City.City:PersistentLevel' has LevelScriptBlueprint '/Game/Levels/City.City:PersistentLevel.City' with GeneratedClass '/Game/Levels/City.City_C' with ClassGeneratedBy '/Game/Levels/City.City:PersistentLevel.City'
[2019.12.05-21.25.14:345][ 29]LogSlate: Updating window title bar state: overlay mode, drag disabled, window buttons hidden, title bar hidden
[2019.12.05-21.25.14:345][ 29]LogWorld: BeginTearingDown for /Game/Levels/UEDPIE_0_City
[2019.12.05-21.25.14:346][ 29]LogWorld: UWorld::CleanupWorld for City, bSessionEnded=true, bCleanupResources=true
[2019.12.05-21.25.14:355][ 29]LogPlayLevel: Display: Shutting down PIE online subsystems
[2019.12.05-21.25.14:355][ 29]LogBlueprintUserMessages: Late EndPlayMap Detection: Level '/Game/Levels/City.City:PersistentLevel' has LevelScriptBlueprint '/Game/Levels/City.City:PersistentLevel.City' with GeneratedClass '/Game/Levels/City.City_C' with ClassGeneratedBy '/Game/Levels/City.City:PersistentLevel.City'
[2019.12.05-21.25.14:378][ 29]LogSlate: Updating window title bar state: overlay mode, drag disabled, window buttons hidden, title bar hidden
[2019.12.05-21.25.14:381][ 29]LogUObjectHash: Compacting FUObjectHashTables data took   1.28ms
[2019.12.05-21.25.14:450][ 35]LogPlayLevel: Display: Destroying online subsystem :Context_3
[2019.12.05-21.25.15:900][209]LogSlate: FSceneViewport::OnFocusLost() reason 0
[2019.12.05-21.25.17:944][449]LogActor: Warning: BP_Heart_C /Engine/Transient.World_3:PersistentLevel.BP_Heart_C_0 has natively added scene component(s), but none of them were set as the actor's RootComponent - picking one arbitrarily
[2019.12.05-21.25.19:757][659]LogAssetEditorManager: Opening Asset editor for Blueprint /Game/Blueprints/BP_Camera.BP_Camera
[2019.12.05-21.25.19:971][659]LogContentBrowser: Native class hierarchy updated for 'BlueprintGraph' in 0.0008 seconds. Added 121 classes and 0 folders.
[2019.12.05-21.25.20:662][659]LogActor: Warning: BP_Camera_C /Engine/Transient.World_5:PersistentLevel.BP_Camera_C_0 has natively added scene component(s), but none of them were set as the actor's RootComponent - picking one arbitrarily
[2019.12.05-21.25.24:961][172]BlueprintLog: New page: Compile BP_Camera
[2019.12.05-21.25.24:963][172]LogActor: Warning: BP_Camera_C /Engine/Transient.World_5:PersistentLevel.BP_Camera_C_0 has natively added scene component(s), but none of them were set as the actor's RootComponent - picking one arbitrarily
[2019.12.05-21.25.25:114][172]LogUObjectHash: Compacting FUObjectHashTables data took   2.70ms
[2019.12.05-21.25.25:526][219]Cmd: OBJ SAVEPACKAGE PACKAGE="/Game/Blueprints/BP_Camera" FILE="../../../../../../Users/tbiss/Documents/GitHub/Stolemates/Stolenmates/Content/Blueprints/BP_Camera.uasset" SILENT=true
[2019.12.05-21.25.25:548][219]LogSavePackage: Moving '../../../../../../Users/tbiss/Documents/GitHub/Stolemates/Stolenmates/Saved/BP_Camera6F4E667F4916ADE2AB8F188CC7C0AAE0.tmp' to '../../../../../../Users/tbiss/Documents/GitHub/Stolemates/Stolenmates/Content/Blueprints/BP_Camera.uasset'
[2019.12.05-21.25.26:685][354]LogTemp: Repeating last play command: Selected Viewport
[2019.12.05-21.25.26:701][354]LogBlueprintUserMessages: Early PlayInEditor Detection: Level '/Game/Levels/City.City:PersistentLevel' has LevelScriptBlueprint '/Game/Levels/City.City:PersistentLevel.City' with GeneratedClass '/Game/Levels/City.City_C' with ClassGeneratedBy '/Game/Levels/City.City:PersistentLevel.City'
[2019.12.05-21.25.26:701][354]LogPlayLevel: PlayLevel: No blueprints needed recompiling
[2019.12.05-21.25.26:701][354]PIE: New page: PIE session: City (Dec 5, 2019, 11:25:26 AM)
[2019.12.05-21.25.26:701][354]LogPlayLevel: Creating play world package: /Game/Levels/UEDPIE_0_City
[2019.12.05-21.25.26:705][354]LogPlayLevel: PIE: StaticDuplicateObject took: (0.003662s)
[2019.12.05-21.25.26:706][354]LogAIModule: Creating AISystem for world City
[2019.12.05-21.25.26:707][354]LogPlayLevel: PIE: World Init took: (0.001348s)
[2019.12.05-21.25.26:707][354]LogPlayLevel: PIE: Created PIE world by copying editor world from /Game/Levels/City.City to /Game/Levels/UEDPIE_0_City.City (0.005319s)
[2019.12.05-21.25.26:736][354]LogUObjectHash: Compacting FUObjectHashTables data took   2.14ms
[2019.12.05-21.25.26:750][354]LogInit: XAudio2 using 'Speakers (Bose Revolve SoundLink)' : 2 channels at 48 kHz using 16 bits per sample (channel mask 0x3)
[2019.12.05-21.25.26:763][354]LogInit: FAudioDevice initialized.
[2019.12.05-21.25.26:772][354]LogLoad: Game class is 'BP_GameMode_C'
[2019.12.05-21.25.26:774][354]LogWorld: Bringing World /Game/Levels/UEDPIE_0_City.City up for play (max tick rate 0) at 2019.12.05-16.25.26
[2019.12.05-21.25.26:774][354]LogWorld: Bringing up level for play took: 0.001721
[2019.12.05-21.25.26:775][354]LogOnline: OSS: Creating online subsystem instance for: :Context_10
[2019.12.05-21.25.26:778][354]LogActor: Warning: BP_Camera_C /Game/Levels/UEDPIE_0_City.City:PersistentLevel.BP_Camera_C_0 has natively added scene component(s), but none of them were set as the actor's RootComponent - picking one arbitrarily
[2019.12.05-21.25.26:779][354]LogPlayerManagement: Error: Failed to Create Player: A local player already exists for controller ID 0,
[2019.12.05-21.25.26:784][354]PIE: Play in editor start time for /Game/Levels/UEDPIE_0_City 0.233
[2019.12.05-21.25.26:784][354]LogBlueprintUserMessages: Late PlayInEditor Detection: Level '/Game/Levels/City.City:PersistentLevel' has LevelScriptBlueprint '/Game/Levels/City.City:PersistentLevel.City' with GeneratedClass '/Game/Levels/City.City_C' with ClassGeneratedBy '/Game/Levels/City.City:PersistentLevel.City'
[2019.12.05-21.25.32:645][ 52]LogBlueprintUserMessages: Early EndPlayMap Detection: Level '/Game/Levels/City.City:PersistentLevel' has LevelScriptBlueprint '/Game/Levels/City.City:PersistentLevel.City' with GeneratedClass '/Game/Levels/City.City_C' with ClassGeneratedBy '/Game/Levels/City.City:PersistentLevel.City'
[2019.12.05-21.25.32:645][ 52]LogSlate: Updating window title bar state: overlay mode, drag disabled, window buttons hidden, title bar hidden
[2019.12.05-21.25.32:646][ 52]LogWorld: BeginTearingDown for /Game/Levels/UEDPIE_0_City
[2019.12.05-21.25.32:646][ 52]LogWorld: UWorld::CleanupWorld for City, bSessionEnded=true, bCleanupResources=true
[2019.12.05-21.25.32:654][ 52]LogPlayLevel: Display: Shutting down PIE online subsystems
[2019.12.05-21.25.32:654][ 52]LogBlueprintUserMessages: Late EndPlayMap Detection: Level '/Game/Levels/City.City:PersistentLevel' has LevelScriptBlueprint '/Game/Levels/City.City:PersistentLevel.City' with GeneratedClass '/Game/Levels/City.City_C' with ClassGeneratedBy '/Game/Levels/City.City:PersistentLevel.City'
[2019.12.05-21.25.32:689][ 52]LogSlate: Updating window title bar state: overlay mode, drag disabled, window buttons hidden, title bar hidden
[2019.12.05-21.25.32:693][ 52]LogUObjectHash: Compacting FUObjectHashTables data took   1.99ms
[2019.12.05-21.25.32:748][ 56]LogPlayLevel: Display: Destroying online subsystem :Context_10
[2019.12.05-21.25.35:528][387]LogSlate: FSceneViewport::OnFocusLost() reason 0
[2019.12.05-21.25.35:625][395]LogUObjectHash: Compacting FUObjectHashTables data took   0.79ms
[2019.12.05-21.25.35:695][395]LogWorld: UWorld::CleanupWorld for World_5, bSessionEnded=true, bCleanupResources=true
[2019.12.05-21.25.35:724][395]LogSlate: Window 'Stolenmates - Unreal Editor' being destroyed
[2019.12.05-21.25.35:725][395]LogWindowsTextInputMethodSystem: Display: IME system now deactivated.
[2019.12.05-21.25.35:859][396]Cmd: QUIT_EDITOR
