Log file open, 02/03/20 11:32:54
LogWindows: Failed to load 'aqProf.dll' (GetLastError=126)
LogWindows: File 'aqProf.dll' does not exist
LogWindows: Failed to load 'VtuneApi.dll' (GetLastError=126)
LogWindows: File 'VtuneApi.dll' does not exist
LogWindows: Failed to load 'VtuneApi32e.dll' (GetLastError=126)
LogWindows: File 'VtuneApi32e.dll' does not exist
LogConsoleResponse: Display: Failed to find resolution value strings in scalability ini. Falling back to default.
LogInit: Display: Running engine for game: Stolenmates
LogPlatformFile: Not using cached read wrapper
LogTaskGraph: Started task graph with 5 named threads and 71 total threads with 3 sets of task threads.
LogStats: Stats thread started at 0.496226
LogD3D11RHI: Loaded GFSDK_Aftermath_Lib.x64.dll
LogICUInternationalization: ICU TimeZone Detection - Raw Offset: -5:00, Platform Override: ''
LogPluginManager: Mounting plugin Paper2D
LogPluginManager: Mounting plugin AISupport
LogPluginManager: Mounting plugin LightPropagationVolume
LogPluginManager: Mounting plugin ActorLayerUtilities
LogPluginManager: Mounting plugin AnimationSharing
LogPluginManager: Mounting plugin CLionSourceCodeAccess
LogPluginManager: Mounting plugin CodeLiteSourceCodeAccess
LogPluginManager: Mounting plugin GitSourceControl
LogPluginManager: Mounting plugin KDevelopSourceCodeAccess
LogPluginManager: Mounting plugin NullSourceCodeAccess
LogPluginManager: Mounting plugin PerforceSourceControl
LogPluginManager: Mounting plugin SubversionSourceControl
LogPluginManager: Mounting plugin UObjectPlugin
LogPluginManager: Mounting plugin VisualStudioCodeSourceCodeAccess
LogPluginManager: Mounting plugin VisualStudioSourceCodeAccess
LogPluginManager: Mounting plugin XCodeSourceCodeAccess
LogPluginManager: Mounting plugin AssetManagerEditor
LogPluginManager: Mounting plugin CryptoKeys
LogPluginManager: Mounting plugin CurveEditorTools
LogPluginManager: Mounting plugin DataValidation
LogPluginManager: Mounting plugin FacialAnimation
LogPluginManager: Mounting plugin GameplayTagsEditor
LogPluginManager: Mounting plugin MacGraphicsSwitching
LogPluginManager: Mounting plugin MaterialAnalyzer
LogPluginManager: Mounting plugin MobileLauncherProfileWizard
LogPluginManager: Mounting plugin PluginBrowser
LogPluginManager: Mounting plugin SpeedTreeImporter
LogPluginManager: Mounting plugin DatasmithContent
LogPluginManager: Mounting plugin VariantManagerContent
LogPluginManager: Mounting plugin AlembicImporter
LogPluginManager: Mounting plugin AutomationUtils
LogPluginManager: Mounting plugin BackChannel
LogPluginManager: Mounting plugin CharacterAI
LogPluginManager: Mounting plugin GeometryCache
LogPluginManager: Mounting plugin HTML5Networking
LogPluginManager: Mounting plugin PlatformCrypto
LogPluginManager: Mounting plugin ProxyLODPlugin
LogPluginManager: Mounting plugin SkeletalReduction
LogPluginManager: Mounting plugin MagicLeap
LogPluginManager: Mounting plugin MagicLeapMedia
LogPluginManager: Mounting plugin AndroidMedia
LogPluginManager: Mounting plugin AvfMedia
LogPluginManager: Mounting plugin ImgMedia
LogPluginManager: Mounting plugin MediaCompositing
LogPluginManager: Mounting plugin MediaPlayerEditor
LogPluginManager: Mounting plugin WebMMedia
LogPluginManager: Mounting plugin WmfMedia
LogPluginManager: Mounting plugin TcpMessaging
LogPluginManager: Mounting plugin UdpMessaging
LogPluginManager: Mounting plugin ActorSequence
LogPluginManager: Mounting plugin LevelSequenceEditor
LogPluginManager: Mounting plugin MatineeToLevelSequence
LogPluginManager: Mounting plugin NetcodeUnitTest
LogPluginManager: Mounting plugin NUTUnrealEngine4
LogPluginManager: Mounting plugin OnlineSubsystemGooglePlay
LogPluginManager: Mounting plugin OnlineSubsystemIOS
LogPluginManager: Mounting plugin OnlineSubsystem
LogPluginManager: Mounting plugin OnlineSubsystemNull
LogPluginManager: Mounting plugin OnlineSubsystemUtils
LogPluginManager: Mounting plugin LauncherChunkInstaller
LogPluginManager: Mounting plugin AndroidDeviceProfileSelector
LogPluginManager: Mounting plugin AndroidMoviePlayer
LogPluginManager: Mounting plugin AndroidPermission
LogPluginManager: Mounting plugin AppleImageUtils
LogPluginManager: Mounting plugin AppleMoviePlayer
LogPluginManager: Mounting plugin ArchVisCharacter
LogPluginManager: Mounting plugin AudioCapture
LogPluginManager: Mounting plugin CableComponent
LogPluginManager: Mounting plugin CustomMeshComponent
LogPluginManager: Mounting plugin EditableMesh
LogPluginManager: Mounting plugin ExampleDeviceProfileSelector
LogPluginManager: Mounting plugin GoogleCloudMessaging
LogPluginManager: Mounting plugin IOSDeviceProfileSelector
LogPluginManager: Mounting plugin LinuxDeviceProfileSelector
LogPluginManager: Mounting plugin LocationServicesBPLibrary
LogPluginManager: Mounting plugin MobilePatchingUtils
LogPluginManager: Mounting plugin OculusVR
LogPluginManager: Mounting plugin PhysXVehicles
LogPluginManager: Mounting plugin ProceduralMeshComponent
LogPluginManager: Mounting plugin RuntimePhysXCooking
LogPluginManager: Mounting plugin SignificanceManager
LogPluginManager: Mounting plugin SteamVR
LogPluginManager: Mounting plugin WebMMoviePlayer
LogPluginManager: Mounting plugin WindowsMoviePlayer
LogPluginManager: Mounting plugin ScreenshotTools
LogInit: Using libcurl 7.55.1-DEV
LogInit:  - built for x86_64-pc-win32
LogInit:  - supports SSL with OpenSSL/1.1.1
LogInit:  - supports HTTP deflate (compression) using libz 1.2.8
LogInit:  - other features:
LogInit:      CURL_VERSION_SSL
LogInit:      CURL_VERSION_LIBZ
LogInit:      CURL_VERSION_IPV6
LogInit:      CURL_VERSION_ASYNCHDNS
LogInit:      CURL_VERSION_LARGEFILE
LogInit:      CURL_VERSION_IDN
LogInit:  CurlRequestOptions (configurable via config and command line):
LogInit:  - bVerifyPeer = true  - Libcurl will verify peer certificate
LogInit:  - bUseHttpProxy = false  - Libcurl will NOT use HTTP proxy
LogInit:  - bDontReuseConnections = false  - Libcurl will reuse connections
LogInit:  - MaxHostConnections = 16  - Libcurl will limit the number of connections to a host
LogInit:  - LocalHostAddr = Default
LogInit:  - BufferSize = 65536
LogOnline: OSS: Creating online subsystem instance for: NULL
LogInit: WinSock: version 1.1 (2.2), MaxSocks=32767, MaxUdp=65467
LogInit: Build: ++UE4+Release-4.23-CL-8386587
LogInit: Engine Version: 4.23.0-8386587+++UE4+Release-4.23
LogInit: Compatible Engine Version: 4.23.0-8386587+++UE4+Release-4.23
LogInit: Net CL: 8386587
LogInit: OS: Windows 10 (Release 1809) (), CPU:       Intel(R) Xeon(R) CPU E5-2697 v2 @ 2.70GHz, GPU: AMD FirePro D700 (FireGL V)
LogInit: Compiled (64-bit): Aug 31 2019 02:04:44
LogInit: Compiled with Visual C++: 19.16.27030.01
LogInit: Build Configuration: Development
LogInit: Branch Name: ++UE4+Release-4.23
LogInit: Command Line: 
LogInit: Base Directory: C:/Program Files/Epic Games/UE_4.23/Engine/Binaries/Win64/
LogInit: Installed Engine Build: 1
LogDevObjectVersion: Number of dev versions registered: 23
LogDevObjectVersion:   Dev-Blueprints (B0D832E4-1F89-4F0D-ACCF-7EB736FD4AA2): 10
LogDevObjectVersion:   Dev-Build (E1C64328-A22C-4D53-A36C-8E866417BD8C): 0
LogDevObjectVersion:   Dev-Core (375EC13C-06E4-48FB-B500-84F0262A717E): 3
LogDevObjectVersion:   Dev-Editor (E4B068ED-F494-42E9-A231-DA0B2E46BB41): 34
LogDevObjectVersion:   Dev-Framework (CFFC743F-43B0-4480-9391-14DF171D2073): 35
LogDevObjectVersion:   Dev-Mobile (B02B49B5-BB20-44E9-A304-32B752E40360): 2
LogDevObjectVersion:   Dev-Networking (A4E4105C-59A1-49B5-A7C5-40C4547EDFEE): 0
LogDevObjectVersion:   Dev-Online (39C831C9-5AE6-47DC-9A44-9C173E1C8E7C): 0
LogDevObjectVersion:   Dev-Physics (78F01B33-EBEA-4F98-B9B4-84EACCB95AA2): 0
LogDevObjectVersion:   Dev-Platform (6631380F-2D4D-43E0-8009-CF276956A95A): 0
LogDevObjectVersion:   Dev-Rendering (12F88B9F-8875-4AFC-A67C-D90C383ABD29): 31
LogDevObjectVersion:   Dev-Sequencer (7B5AE74C-D270-4C10-A958-57980B212A5A): 11
LogDevObjectVersion:   Dev-VR (D7296918-1DD6-4BDD-9DE2-64A83CC13884): 2
LogDevObjectVersion:   Dev-LoadTimes (C2A15278-BFE7-4AFE-6C17-90FF531DF755): 1
LogDevObjectVersion:   Private-Geometry (6EACA3D4-40EC-4CC1-B786-8BED09428FC5): 3
LogDevObjectVersion:   Dev-AnimPhys (29E575DD-E0A3-4627-9D10-D276232CDCEA): 17
LogDevObjectVersion:   Dev-Anim (AF43A65D-7FD3-4947-9873-3E8ED9C1BB05): 2
LogDevObjectVersion:   Dev-ReflectionCapture (6B266CEC-1EC7-4B8F-A30B-E4D90942FC07): 1
LogDevObjectVersion:   Dev-Automation (0DF73D61-A23F-47EA-B727-89E90C41499A): 1
LogDevObjectVersion:   FortniteMain (601D1886-AC64-4F84-AA16-D3DE0DEAC7D6): 27
LogDevObjectVersion:   Dev-Enterprise (9DFFBCD6-494F-0158-E221-12823C92A888): 6
LogDevObjectVersion:   Dev-Niagara (F2AED0AC-9AFE-416F-8664-AA7FFA26D6FC): 1
LogDevObjectVersion:   Dev-Destruction (174F1F0B-B4C6-45A5-B13F-2EE8D0FB917D): 9
LogInit: Presizing for max 16777216 objects, including 0 objects not considered by GC, pre-allocating 0 bytes for permanent pool.
LogInit: Object subsystem initialized
LogConfig: Setting CVar [[con.DebugEarlyDefault:1]]
LogConfig: Setting CVar [[r.setres:1280x720]]
[2020.02.03-16.32.54:846][  0]LogConfig: Setting CVar [[r.VSync:0]]
[2020.02.03-16.32.54:846][  0]LogConfig: Setting CVar [[r.RHICmdBypass:0]]
[2020.02.03-16.32.54:846][  0]LogConfig: Applying CVar settings from Section [/Script/Engine.RendererSettings] File [C:/Users/Graphic.SJH519-000W/Documents/GitHub/Stolemates/Stolenmates/Saved/Config/Windows/Engine.ini]
[2020.02.03-16.32.54:846][  0]LogConfig: Setting CVar [[r.GPUCrashDebugging:0]]
[2020.02.03-16.32.54:846][  0]LogConfig: Setting CVar [[r.DefaultFeature.AutoExposure.ExtendDefaultLuminanceRange:1]]
[2020.02.03-16.32.54:846][  0]LogConfig: Applying CVar settings from Section [/Script/Engine.RendererOverrideSettings] File [C:/Users/Graphic.SJH519-000W/Documents/GitHub/Stolemates/Stolenmates/Saved/Config/Windows/Engine.ini]
[2020.02.03-16.32.54:846][  0]LogConfig: Applying CVar settings from Section [/Script/Engine.StreamingSettings] File [C:/Users/Graphic.SJH519-000W/Documents/GitHub/Stolemates/Stolenmates/Saved/Config/Windows/Engine.ini]
[2020.02.03-16.32.54:846][  0]LogConfig: Setting CVar [[s.MinBulkDataSizeForAsyncLoading:131072]]
[2020.02.03-16.32.54:846][  0]LogConfig: Setting CVar [[s.AsyncLoadingThreadEnabled:0]]
[2020.02.03-16.32.54:846][  0]LogConfig: Setting CVar [[s.EventDrivenLoaderEnabled:1]]
[2020.02.03-16.32.54:846][  0]LogConfig: Setting CVar [[s.WarnIfTimeLimitExceeded:0]]
[2020.02.03-16.32.54:846][  0]LogConfig: Setting CVar [[s.TimeLimitExceededMultiplier:1.5]]
[2020.02.03-16.32.54:846][  0]LogConfig: Setting CVar [[s.TimeLimitExceededMinTime:0.005]]
[2020.02.03-16.32.54:846][  0]LogConfig: Setting CVar [[s.UseBackgroundLevelStreaming:1]]
[2020.02.03-16.32.54:846][  0]LogConfig: Setting CVar [[s.PriorityAsyncLoadingExtraTime:15.0]]
[2020.02.03-16.32.54:846][  0]LogConfig: Setting CVar [[s.LevelStreamingActorsUpdateTimeLimit:5.0]]
[2020.02.03-16.32.54:846][  0]LogConfig: Setting CVar [[s.PriorityLevelStreamingActorsUpdateExtraTime:5.0]]
[2020.02.03-16.32.54:846][  0]LogConfig: Setting CVar [[s.LevelStreamingComponentsRegistrationGranularity:10]]
[2020.02.03-16.32.54:846][  0]LogConfig: Setting CVar [[s.UnregisterComponentsTimeLimit:1.0]]
[2020.02.03-16.32.54:846][  0]LogConfig: Setting CVar [[s.LevelStreamingComponentsUnregistrationGranularity:5]]
[2020.02.03-16.32.54:846][  0]LogConfig: Applying CVar settings from Section [/Script/Engine.GarbageCollectionSettings] File [C:/Users/Graphic.SJH519-000W/Documents/GitHub/Stolemates/Stolenmates/Saved/Config/Windows/Engine.ini]
[2020.02.03-16.32.54:846][  0]LogConfig: Setting CVar [[gc.MaxObjectsNotConsideredByGC:1]]
[2020.02.03-16.32.54:846][  0]LogConfig: Setting CVar [[gc.SizeOfPermanentObjectPool:0]]
[2020.02.03-16.32.54:846][  0]LogConfig: Setting CVar [[gc.FlushStreamingOnGC:0]]
[2020.02.03-16.32.54:846][  0]LogConfig: Setting CVar [[gc.NumRetriesBeforeForcingGC:10]]
[2020.02.03-16.32.54:846][  0]LogConfig: Setting CVar [[gc.AllowParallelGC:1]]
[2020.02.03-16.32.54:846][  0]LogConfig: Setting CVar [[gc.TimeBetweenPurgingPendingKillObjects:61.1]]
[2020.02.03-16.32.54:846][  0]LogConfig: Setting CVar [[gc.MaxObjectsInEditor:16777216]]
[2020.02.03-16.32.54:847][  0]LogConfig: Setting CVar [[gc.IncrementalBeginDestroyEnabled:1]]
[2020.02.03-16.32.54:847][  0]LogConfig: Setting CVar [[gc.CreateGCClusters:1]]
[2020.02.03-16.32.54:847][  0]LogConfig: Setting CVar [[gc.MinGCClusterSize:5]]
[2020.02.03-16.32.54:847][  0]LogConfig: Setting CVar [[gc.ActorClusteringEnabled:0]]
[2020.02.03-16.32.54:847][  0]LogConfig: Setting CVar [[gc.BlueprintClusteringEnabled:0]]
[2020.02.03-16.32.54:847][  0]LogConfig: Setting CVar [[gc.UseDisregardForGCOnDedicatedServers:0]]
[2020.02.03-16.32.54:847][  0]LogConfig: Applying CVar settings from Section [/Script/Engine.NetworkSettings] File [C:/Users/Graphic.SJH519-000W/Documents/GitHub/Stolemates/Stolenmates/Saved/Config/Windows/Engine.ini]
[2020.02.03-16.32.54:847][  0]LogConfig: Applying CVar settings from Section [/Script/UnrealEd.CookerSettings] File [C:/Users/Graphic.SJH519-000W/Documents/GitHub/Stolemates/Stolenmates/Saved/Config/Windows/Engine.ini]
[2020.02.03-16.32.54:857][  0]LogConfig: Applying CVar settings from Section [ViewDistanceQuality@3] File [C:/Users/Graphic.SJH519-000W/Documents/GitHub/Stolemates/Stolenmates/Saved/Config/Windows/Scalability.ini]
[2020.02.03-16.32.54:857][  0]LogConfig: Setting CVar [[r.SkeletalMeshLODBias:0]]
[2020.02.03-16.32.54:857][  0]LogConfig: Setting CVar [[r.ViewDistanceScale:1.0]]
[2020.02.03-16.32.54:857][  0]LogConfig: Applying CVar settings from Section [AntiAliasingQuality@3] File [C:/Users/Graphic.SJH519-000W/Documents/GitHub/Stolemates/Stolenmates/Saved/Config/Windows/Scalability.ini]
[2020.02.03-16.32.54:857][  0]LogConfig: Setting CVar [[r.PostProcessAAQuality:4]]
[2020.02.03-16.32.54:857][  0]LogConfig: Applying CVar settings from Section [ShadowQuality@3] File [C:/Users/Graphic.SJH519-000W/Documents/GitHub/Stolemates/Stolenmates/Saved/Config/Windows/Scalability.ini]
[2020.02.03-16.32.54:857][  0]LogConfig: Setting CVar [[r.LightFunctionQuality:1]]
[2020.02.03-16.32.54:857][  0]LogConfig: Setting CVar [[r.ShadowQuality:5]]
[2020.02.03-16.32.54:857][  0]LogConfig: Setting CVar [[r.Shadow.CSM.MaxCascades:10]]
[2020.02.03-16.32.54:857][  0]LogConfig: Setting CVar [[r.Shadow.MaxResolution:2048]]
[2020.02.03-16.32.54:857][  0]LogConfig: Setting CVar [[r.Shadow.MaxCSMResolution:2048]]
[2020.02.03-16.32.54:857][  0]LogConfig: Setting CVar [[r.Shadow.RadiusThreshold:0.01]]
[2020.02.03-16.32.54:857][  0]LogConfig: Setting CVar [[r.Shadow.DistanceScale:1.0]]
[2020.02.03-16.32.54:857][  0]LogConfig: Setting CVar [[r.Shadow.CSM.TransitionScale:1.0]]
[2020.02.03-16.32.54:857][  0]LogConfig: Setting CVar [[r.Shadow.PreShadowResolutionFactor:1.0]]
[2020.02.03-16.32.54:857][  0]LogConfig: Setting CVar [[r.DistanceFieldShadowing:1]]
[2020.02.03-16.32.54:858][  0]LogConfig: Setting CVar [[r.DistanceFieldAO:1]]
[2020.02.03-16.32.54:858][  0]LogConfig: Setting CVar [[r.AOQuality:2]]
[2020.02.03-16.32.54:858][  0]LogConfig: Setting CVar [[r.VolumetricFog:1]]
[2020.02.03-16.32.54:858][  0]LogConfig: Setting CVar [[r.VolumetricFog.GridPixelSize:8]]
[2020.02.03-16.32.54:858][  0]LogConfig: Setting CVar [[r.VolumetricFog.GridSizeZ:128]]
[2020.02.03-16.32.54:858][  0]LogConfig: Setting CVar [[r.VolumetricFog.HistoryMissSupersampleCount:4]]
[2020.02.03-16.32.54:858][  0]LogConfig: Setting CVar [[r.LightMaxDrawDistanceScale:1]]
[2020.02.03-16.32.54:858][  0]LogConfig: Setting CVar [[r.CapsuleShadows:1]]
[2020.02.03-16.32.54:858][  0]LogConfig: Applying CVar settings from Section [PostProcessQuality@3] File [C:/Users/Graphic.SJH519-000W/Documents/GitHub/Stolemates/Stolenmates/Saved/Config/Windows/Scalability.ini]
[2020.02.03-16.32.54:858][  0]LogConfig: Setting CVar [[r.MotionBlurQuality:4]]
[2020.02.03-16.32.54:858][  0]LogConfig: Setting CVar [[r.AmbientOcclusionMipLevelFactor:0.4]]
[2020.02.03-16.32.54:858][  0]LogConfig: Setting CVar [[r.AmbientOcclusionMaxQuality:100]]
[2020.02.03-16.32.54:858][  0]LogConfig: Setting CVar [[r.AmbientOcclusionLevels:-1]]
[2020.02.03-16.32.54:858][  0]LogConfig: Setting CVar [[r.AmbientOcclusionRadiusScale:1.0]]
[2020.02.03-16.32.54:858][  0]LogConfig: Setting CVar [[r.DepthOfFieldQuality:2]]
[2020.02.03-16.32.54:858][  0]LogConfig: Setting CVar [[r.RenderTargetPoolMin:400]]
[2020.02.03-16.32.54:858][  0]LogConfig: Setting CVar [[r.LensFlareQuality:2]]
[2020.02.03-16.32.54:858][  0]LogConfig: Setting CVar [[r.SceneColorFringeQuality:1]]
[2020.02.03-16.32.54:858][  0]LogConfig: Setting CVar [[r.EyeAdaptationQuality:2]]
[2020.02.03-16.32.54:858][  0]LogConfig: Setting CVar [[r.BloomQuality:5]]
[2020.02.03-16.32.54:858][  0]LogConfig: Setting CVar [[r.FastBlurThreshold:100]]
[2020.02.03-16.32.54:858][  0]LogConfig: Setting CVar [[r.Upscale.Quality:3]]
[2020.02.03-16.32.54:858][  0]LogConfig: Setting CVar [[r.Tonemapper.GrainQuantization:1]]
[2020.02.03-16.32.54:858][  0]LogConfig: Setting CVar [[r.LightShaftQuality:1]]
[2020.02.03-16.32.54:858][  0]LogConfig: Setting CVar [[r.Filter.SizeScale:1]]
[2020.02.03-16.32.54:858][  0]LogConfig: Setting CVar [[r.Tonemapper.Quality:5]]
[2020.02.03-16.32.54:858][  0]LogConfig: Setting CVar [[r.DOF.Gather.AccumulatorQuality:1        ; higher gathering accumulator quality]]
[2020.02.03-16.32.54:858][  0]LogConfig: Setting CVar [[r.DOF.Gather.PostfilterMethod:1          ; Median3x3 postfilering method]]
[2020.02.03-16.32.54:858][  0]LogConfig: Setting CVar [[r.DOF.Gather.EnableBokehSettings:0       ; no bokeh simulation when gathering]]
[2020.02.03-16.32.54:858][  0]LogConfig: Setting CVar [[r.DOF.Gather.RingCount:4                 ; medium number of samples when gathering]]
[2020.02.03-16.32.54:858][  0]LogConfig: Setting CVar [[r.DOF.Scatter.ForegroundCompositing:1    ; additive foreground scattering]]
[2020.02.03-16.32.54:858][  0]LogConfig: Setting CVar [[r.DOF.Scatter.BackgroundCompositing:2    ; additive background scattering]]
[2020.02.03-16.32.54:858][  0]LogConfig: Setting CVar [[r.DOF.Scatter.EnableBokehSettings:1      ; bokeh simulation when scattering]]
[2020.02.03-16.32.54:858][  0]LogConfig: Setting CVar [[r.DOF.Scatter.MaxSpriteRatio:0.1         ; only a maximum of 10% of scattered bokeh]]
[2020.02.03-16.32.54:858][  0]LogConfig: Setting CVar [[r.DOF.Recombine.Quality:1                ; cheap slight out of focus]]
[2020.02.03-16.32.54:858][  0]LogConfig: Setting CVar [[r.DOF.Recombine.EnableBokehSettings:0    ; no bokeh simulation on slight out of focus]]
[2020.02.03-16.32.54:858][  0]LogConfig: Setting CVar [[r.DOF.TemporalAAQuality:1                ; more stable temporal accumulation]]
[2020.02.03-16.32.54:858][  0]LogConfig: Setting CVar [[r.DOF.Kernel.MaxForegroundRadius:0.025]]
[2020.02.03-16.32.54:858][  0]LogConfig: Setting CVar [[r.DOF.Kernel.MaxBackgroundRadius:0.025]]
[2020.02.03-16.32.54:858][  0]LogConfig: Applying CVar settings from Section [TextureQuality@3] File [C:/Users/Graphic.SJH519-000W/Documents/GitHub/Stolemates/Stolenmates/Saved/Config/Windows/Scalability.ini]
[2020.02.03-16.32.54:858][  0]LogConfig: Setting CVar [[r.Streaming.MipBias:0]]
[2020.02.03-16.32.54:858][  0]LogConfig: Setting CVar [[r.Streaming.AmortizeCPUToGPUCopy:0]]
[2020.02.03-16.32.54:858][  0]LogConfig: Setting CVar [[r.Streaming.MaxNumTexturesToStreamPerFrame:0]]
[2020.02.03-16.32.54:858][  0]LogConfig: Setting CVar [[r.Streaming.Boost:1]]
[2020.02.03-16.32.54:858][  0]LogConfig: Setting CVar [[r.MaxAnisotropy:8]]
[2020.02.03-16.32.54:858][  0]LogConfig: Setting CVar [[r.Streaming.LimitPoolSizeToVRAM:0]]
[2020.02.03-16.32.54:858][  0]LogConfig: Setting CVar [[r.Streaming.PoolSize:1000]]
[2020.02.03-16.32.54:858][  0]LogConfig: Setting CVar [[r.Streaming.MaxEffectiveScreenSize:0]]
[2020.02.03-16.32.54:858][  0]LogConfig: Applying CVar settings from Section [EffectsQuality@3] File [C:/Users/Graphic.SJH519-000W/Documents/GitHub/Stolemates/Stolenmates/Saved/Config/Windows/Scalability.ini]
[2020.02.03-16.32.54:858][  0]LogConfig: Setting CVar [[r.TranslucencyLightingVolumeDim:64]]
[2020.02.03-16.32.54:858][  0]LogConfig: Setting CVar [[r.RefractionQuality:2]]
[2020.02.03-16.32.54:858][  0]LogConfig: Setting CVar [[r.SSR.Quality:3]]
[2020.02.03-16.32.54:858][  0]LogConfig: Setting CVar [[r.SceneColorFormat:4]]
[2020.02.03-16.32.54:858][  0]LogConfig: Setting CVar [[r.DetailMode:2]]
[2020.02.03-16.32.54:858][  0]LogConfig: Setting CVar [[r.TranslucencyVolumeBlur:1]]
[2020.02.03-16.32.54:858][  0]LogConfig: Setting CVar [[r.MaterialQualityLevel:1 ; High quality]]
[2020.02.03-16.32.54:858][  0]LogConfig: Setting CVar [[r.SSS.Scale:1]]
[2020.02.03-16.32.54:858][  0]LogConfig: Setting CVar [[r.SSS.SampleSet:2]]
[2020.02.03-16.32.54:858][  0]LogConfig: Setting CVar [[r.SSS.Quality:1]]
[2020.02.03-16.32.54:858][  0]LogConfig: Setting CVar [[r.SSS.HalfRes:1]]
[2020.02.03-16.32.54:858][  0]LogConfig: Setting CVar [[r.EmitterSpawnRateScale:1.0]]
[2020.02.03-16.32.54:858][  0]LogConfig: Setting CVar [[r.ParticleLightQuality:2]]
[2020.02.03-16.32.54:858][  0]LogConfig: Applying CVar settings from Section [FoliageQuality@3] File [C:/Users/Graphic.SJH519-000W/Documents/GitHub/Stolemates/Stolenmates/Saved/Config/Windows/Scalability.ini]
[2020.02.03-16.32.54:858][  0]LogConfig: Setting CVar [[foliage.DensityScale:1.0]]
[2020.02.03-16.32.54:859][  0]LogConfig: Setting CVar [[grass.DensityScale:1.0]]
[2020.02.03-16.32.54:859][  0]LogInit: Selected Device Profile: [Windows]
[2020.02.03-16.32.54:859][  0]LogInit: Applying CVar settings loaded from the selected device profile: [Windows]
[2020.02.03-16.32.54:869][  0]LogHAL: Display: Platform has ~ 32 GB [34329391104 / 34359738368 / 32], which maps to Largest [LargestMinGB=32, LargerMinGB=12, DefaultMinGB=8, SmallerMinGB=6, SmallestMinGB=0)
[2020.02.03-16.32.54:869][  0]LogInit: Going up to parent DeviceProfile []
[2020.02.03-16.32.54:870][  0]LogConfig: Applying CVar settings from Section [ViewDistanceQuality@3] File [C:/Users/Graphic.SJH519-000W/Documents/GitHub/Stolemates/Stolenmates/Saved/Config/Windows/Scalability.ini]
[2020.02.03-16.32.54:870][  0]LogConfig: Setting CVar [[r.SkeletalMeshLODBias:0]]
[2020.02.03-16.32.54:870][  0]LogConfig: Setting CVar [[r.ViewDistanceScale:1.0]]
[2020.02.03-16.32.54:870][  0]LogConfig: Applying CVar settings from Section [AntiAliasingQuality@3] File [C:/Users/Graphic.SJH519-000W/Documents/GitHub/Stolemates/Stolenmates/Saved/Config/Windows/Scalability.ini]
[2020.02.03-16.32.54:870][  0]LogConfig: Setting CVar [[r.PostProcessAAQuality:4]]
[2020.02.03-16.32.54:870][  0]LogConfig: Applying CVar settings from Section [ShadowQuality@3] File [C:/Users/Graphic.SJH519-000W/Documents/GitHub/Stolemates/Stolenmates/Saved/Config/Windows/Scalability.ini]
[2020.02.03-16.32.54:870][  0]LogConfig: Setting CVar [[r.LightFunctionQuality:1]]
[2020.02.03-16.32.54:870][  0]LogConfig: Setting CVar [[r.ShadowQuality:5]]
[2020.02.03-16.32.54:870][  0]LogConfig: Setting CVar [[r.Shadow.CSM.MaxCascades:10]]
[2020.02.03-16.32.54:870][  0]LogConfig: Setting CVar [[r.Shadow.MaxResolution:2048]]
[2020.02.03-16.32.54:870][  0]LogConfig: Setting CVar [[r.Shadow.MaxCSMResolution:2048]]
[2020.02.03-16.32.54:870][  0]LogConfig: Setting CVar [[r.Shadow.RadiusThreshold:0.01]]
[2020.02.03-16.32.54:870][  0]LogConfig: Setting CVar [[r.Shadow.DistanceScale:1.0]]
[2020.02.03-16.32.54:870][  0]LogConfig: Setting CVar [[r.Shadow.CSM.TransitionScale:1.0]]
[2020.02.03-16.32.54:870][  0]LogConfig: Setting CVar [[r.Shadow.PreShadowResolutionFactor:1.0]]
[2020.02.03-16.32.54:870][  0]LogConfig: Setting CVar [[r.DistanceFieldShadowing:1]]
[2020.02.03-16.32.54:870][  0]LogConfig: Setting CVar [[r.DistanceFieldAO:1]]
[2020.02.03-16.32.54:870][  0]LogConfig: Setting CVar [[r.AOQuality:2]]
[2020.02.03-16.32.54:870][  0]LogConfig: Setting CVar [[r.VolumetricFog:1]]
[2020.02.03-16.32.54:870][  0]LogConfig: Setting CVar [[r.VolumetricFog.GridPixelSize:8]]
[2020.02.03-16.32.54:870][  0]LogConfig: Setting CVar [[r.VolumetricFog.GridSizeZ:128]]
[2020.02.03-16.32.54:870][  0]LogConfig: Setting CVar [[r.VolumetricFog.HistoryMissSupersampleCount:4]]
[2020.02.03-16.32.54:870][  0]LogConfig: Setting CVar [[r.LightMaxDrawDistanceScale:1]]
[2020.02.03-16.32.54:870][  0]LogConfig: Setting CVar [[r.CapsuleShadows:1]]
[2020.02.03-16.32.54:870][  0]LogConfig: Applying CVar settings from Section [PostProcessQuality@3] File [C:/Users/Graphic.SJH519-000W/Documents/GitHub/Stolemates/Stolenmates/Saved/Config/Windows/Scalability.ini]
[2020.02.03-16.32.54:870][  0]LogConfig: Setting CVar [[r.MotionBlurQuality:4]]
[2020.02.03-16.32.54:870][  0]LogConfig: Setting CVar [[r.AmbientOcclusionMipLevelFactor:0.4]]
[2020.02.03-16.32.54:870][  0]LogConfig: Setting CVar [[r.AmbientOcclusionMaxQuality:100]]
[2020.02.03-16.32.54:870][  0]LogConfig: Setting CVar [[r.AmbientOcclusionLevels:-1]]
[2020.02.03-16.32.54:870][  0]LogConfig: Setting CVar [[r.AmbientOcclusionRadiusScale:1.0]]
[2020.02.03-16.32.54:870][  0]LogConfig: Setting CVar [[r.DepthOfFieldQuality:2]]
[2020.02.03-16.32.54:870][  0]LogConfig: Setting CVar [[r.RenderTargetPoolMin:400]]
[2020.02.03-16.32.54:870][  0]LogConfig: Setting CVar [[r.LensFlareQuality:2]]
[2020.02.03-16.32.54:870][  0]LogConfig: Setting CVar [[r.SceneColorFringeQuality:1]]
[2020.02.03-16.32.54:870][  0]LogConfig: Setting CVar [[r.EyeAdaptationQuality:2]]
[2020.02.03-16.32.54:870][  0]LogConfig: Setting CVar [[r.BloomQuality:5]]
[2020.02.03-16.32.54:870][  0]LogConfig: Setting CVar [[r.FastBlurThreshold:100]]
[2020.02.03-16.32.54:870][  0]LogConfig: Setting CVar [[r.Upscale.Quality:3]]
[2020.02.03-16.32.54:870][  0]LogConfig: Setting CVar [[r.Tonemapper.GrainQuantization:1]]
[2020.02.03-16.32.54:870][  0]LogConfig: Setting CVar [[r.LightShaftQuality:1]]
[2020.02.03-16.32.54:870][  0]LogConfig: Setting CVar [[r.Filter.SizeScale:1]]
[2020.02.03-16.32.54:870][  0]LogConfig: Setting CVar [[r.Tonemapper.Quality:5]]
[2020.02.03-16.32.54:870][  0]LogConfig: Setting CVar [[r.DOF.Gather.AccumulatorQuality:1        ; higher gathering accumulator quality]]
[2020.02.03-16.32.54:870][  0]LogConfig: Setting CVar [[r.DOF.Gather.PostfilterMethod:1          ; Median3x3 postfilering method]]
[2020.02.03-16.32.54:870][  0]LogConfig: Setting CVar [[r.DOF.Gather.EnableBokehSettings:0       ; no bokeh simulation when gathering]]
[2020.02.03-16.32.54:870][  0]LogConfig: Setting CVar [[r.DOF.Gather.RingCount:4                 ; medium number of samples when gathering]]
[2020.02.03-16.32.54:870][  0]LogConfig: Setting CVar [[r.DOF.Scatter.ForegroundCompositing:1    ; additive foreground scattering]]
[2020.02.03-16.32.54:870][  0]LogConfig: Setting CVar [[r.DOF.Scatter.BackgroundCompositing:2    ; additive background scattering]]
[2020.02.03-16.32.54:870][  0]LogConfig: Setting CVar [[r.DOF.Scatter.EnableBokehSettings:1      ; bokeh simulation when scattering]]
[2020.02.03-16.32.54:870][  0]LogConfig: Setting CVar [[r.DOF.Scatter.MaxSpriteRatio:0.1         ; only a maximum of 10% of scattered bokeh]]
[2020.02.03-16.32.54:870][  0]LogConfig: Setting CVar [[r.DOF.Recombine.Quality:1                ; cheap slight out of focus]]
[2020.02.03-16.32.54:870][  0]LogConfig: Setting CVar [[r.DOF.Recombine.EnableBokehSettings:0    ; no bokeh simulation on slight out of focus]]
[2020.02.03-16.32.54:870][  0]LogConfig: Setting CVar [[r.DOF.TemporalAAQuality:1                ; more stable temporal accumulation]]
[2020.02.03-16.32.54:870][  0]LogConfig: Setting CVar [[r.DOF.Kernel.MaxForegroundRadius:0.025]]
[2020.02.03-16.32.54:870][  0]LogConfig: Setting CVar [[r.DOF.Kernel.MaxBackgroundRadius:0.025]]
[2020.02.03-16.32.54:870][  0]LogConfig: Applying CVar settings from Section [TextureQuality@3] File [C:/Users/Graphic.SJH519-000W/Documents/GitHub/Stolemates/Stolenmates/Saved/Config/Windows/Scalability.ini]
[2020.02.03-16.32.54:870][  0]LogConfig: Setting CVar [[r.Streaming.MipBias:0]]
[2020.02.03-16.32.54:870][  0]LogConfig: Setting CVar [[r.Streaming.AmortizeCPUToGPUCopy:0]]
[2020.02.03-16.32.54:870][  0]LogConfig: Setting CVar [[r.Streaming.MaxNumTexturesToStreamPerFrame:0]]
[2020.02.03-16.32.54:870][  0]LogConfig: Setting CVar [[r.Streaming.Boost:1]]
[2020.02.03-16.32.54:871][  0]LogConfig: Setting CVar [[r.MaxAnisotropy:8]]
[2020.02.03-16.32.54:871][  0]LogConfig: Setting CVar [[r.Streaming.LimitPoolSizeToVRAM:0]]
[2020.02.03-16.32.54:871][  0]LogConfig: Setting CVar [[r.Streaming.PoolSize:1000]]
[2020.02.03-16.32.54:871][  0]LogConfig: Setting CVar [[r.Streaming.MaxEffectiveScreenSize:0]]
[2020.02.03-16.32.54:871][  0]LogConfig: Applying CVar settings from Section [EffectsQuality@3] File [C:/Users/Graphic.SJH519-000W/Documents/GitHub/Stolemates/Stolenmates/Saved/Config/Windows/Scalability.ini]
[2020.02.03-16.32.54:871][  0]LogConfig: Setting CVar [[r.TranslucencyLightingVolumeDim:64]]
[2020.02.03-16.32.54:871][  0]LogConfig: Setting CVar [[r.RefractionQuality:2]]
[2020.02.03-16.32.54:871][  0]LogConfig: Setting CVar [[r.SSR.Quality:3]]
[2020.02.03-16.32.54:871][  0]LogConfig: Setting CVar [[r.SceneColorFormat:4]]
[2020.02.03-16.32.54:871][  0]LogConfig: Setting CVar [[r.DetailMode:2]]
[2020.02.03-16.32.54:871][  0]LogConfig: Setting CVar [[r.TranslucencyVolumeBlur:1]]
[2020.02.03-16.32.54:871][  0]LogConfig: Setting CVar [[r.MaterialQualityLevel:1 ; High quality]]
[2020.02.03-16.32.54:871][  0]LogConfig: Setting CVar [[r.SSS.Scale:1]]
[2020.02.03-16.32.54:871][  0]LogConfig: Setting CVar [[r.SSS.SampleSet:2]]
[2020.02.03-16.32.54:871][  0]LogConfig: Setting CVar [[r.SSS.Quality:1]]
[2020.02.03-16.32.54:871][  0]LogConfig: Setting CVar [[r.SSS.HalfRes:1]]
[2020.02.03-16.32.54:871][  0]LogConfig: Setting CVar [[r.EmitterSpawnRateScale:1.0]]
[2020.02.03-16.32.54:871][  0]LogConfig: Setting CVar [[r.ParticleLightQuality:2]]
[2020.02.03-16.32.54:871][  0]LogConfig: Applying CVar settings from Section [FoliageQuality@3] File [C:/Users/Graphic.SJH519-000W/Documents/GitHub/Stolemates/Stolenmates/Saved/Config/Windows/Scalability.ini]
[2020.02.03-16.32.54:871][  0]LogConfig: Setting CVar [[foliage.DensityScale:1.0]]
[2020.02.03-16.32.54:871][  0]LogConfig: Setting CVar [[grass.DensityScale:1.0]]
[2020.02.03-16.32.54:871][  0]LogConfig: Applying CVar settings from Section [Startup] File [../../../Engine/Config/ConsoleVariables.ini]
[2020.02.03-16.32.54:876][  0]LogConfig: Setting CVar [[net.UseAdaptiveNetUpdateFrequency:0]]
[2020.02.03-16.32.54:876][  0]LogConfig: Setting CVar [[p.chaos.AllowCreatePhysxBodies:1]]
[2020.02.03-16.32.54:876][  0]LogConfig: Applying CVar settings from Section [ConsoleVariables] File [C:/Users/Graphic.SJH519-000W/Documents/GitHub/Stolemates/Stolenmates/Saved/Config/Windows/Engine.ini]
[2020.02.03-16.32.54:876][  0]LogInit: Computer: WFD211-15W
[2020.02.03-16.32.54:876][  0]LogInit: User: Graphic
[2020.02.03-16.32.54:876][  0]LogInit: CPU Page size=4096, Cores=12
[2020.02.03-16.32.54:876][  0]LogInit: High frequency timer resolution =10.000000 MHz
[2020.02.03-16.32.54:877][  0]LogMemory: Memory total: Physical=32.0GB (32GB approx)
[2020.02.03-16.32.54:877][  0]LogMemory: Platform Memory Stats for Windows
[2020.02.03-16.32.54:877][  0]LogMemory: Process Physical Memory: 103.93 MB used, 103.93 MB peak
[2020.02.03-16.32.54:877][  0]LogMemory: Process Virtual Memory: 102.43 MB used, 102.43 MB peak
[2020.02.03-16.32.54:877][  0]LogMemory: Physical Memory: 4696.03 MB used,  28043.03 MB free, 32739.06 MB total
[2020.02.03-16.32.54:877][  0]LogMemory: Virtual Memory: 4751.49 MB used,  134212976.00 MB free, 134217728.00 MB total
[2020.02.03-16.32.54:883][  0]LogWindows: WindowsPlatformFeatures enabled
[2020.02.03-16.32.55:083][  0]LogInit: Using OS detected language (en-US).
[2020.02.03-16.32.55:084][  0]LogInit: Using OS detected locale (en-US).
[2020.02.03-16.32.55:085][  0]LogTextLocalizationManager: No specific localization for 'en-US' exists, so the 'en' localization will be used.
[2020.02.03-16.32.55:379][  0]LogInit: Setting process to per monitor DPI aware
[2020.02.03-16.32.55:469][  0]LogSlate: New Slate User Created.  User Index 0, Is Virtual User: 0
[2020.02.03-16.32.55:469][  0]LogSlate: Slate User Registered.  User Index 0, Is Virtual User: 0
[2020.02.03-16.32.57:849][  0]LogHMD: Failed to initialize OpenVR with code 110
[2020.02.03-16.32.57:849][  0]LogD3D11RHI: D3D11 adapters:
[2020.02.03-16.32.57:874][  0]LogD3D11RHI:    0. 'AMD FirePro D700 (FireGL V)' (Feature Level 11_0)
[2020.02.03-16.32.57:874][  0]LogD3D11RHI:       6124/0/16369 MB DedicatedVideo/DedicatedSystem/SharedSystem, Outputs:2, VendorId:0x1002
[2020.02.03-16.32.57:876][  0]LogD3D11RHI:    1. 'Microsoft Basic Render Driver' (Feature Level 11_0)
[2020.02.03-16.32.57:876][  0]LogD3D11RHI:       0/0/16369 MB DedicatedVideo/DedicatedSystem/SharedSystem, Outputs:0, VendorId:0x1414
[2020.02.03-16.32.57:876][  0]LogD3D11RHI: Chosen D3D11 Adapter: 0
[2020.02.03-16.32.57:884][  0]LogD3D11RHI: Creating new Direct3DDevice
[2020.02.03-16.32.57:884][  0]LogD3D11RHI:     GPU DeviceId: 0x6798 (for the marketing name, search the web for "GPU Device Id")
[2020.02.03-16.32.57:884][  0]LogWindows: EnumDisplayDevices:
[2020.02.03-16.32.57:884][  0]LogWindows:    0. 'AMD FirePro D700 (FireGL V)' (P:1 D:1)
[2020.02.03-16.32.57:884][  0]LogWindows:    1. 'AMD FirePro D700 (FireGL V)' (P:0 D:1)
[2020.02.03-16.32.57:885][  0]LogWindows:    2. 'AMD FirePro D700 (FireGL V)' (P:0 D:0)
[2020.02.03-16.32.57:885][  0]LogWindows:    3. 'AMD FirePro D700 (FireGL V)' (P:0 D:0)
[2020.02.03-16.32.57:886][  0]LogWindows:    4. 'AMD FirePro D700 (FireGL V)' (P:0 D:0)
[2020.02.03-16.32.57:886][  0]LogWindows:    5. 'AMD FirePro D700 (FireGL V)' (P:0 D:0)
[2020.02.03-16.32.57:886][  0]LogWindows: DebugString: FoundDriverCount:6 
[2020.02.03-16.32.57:886][  0]LogD3D11RHI:     Adapter Name: AMD FirePro D700 (FireGL V)
[2020.02.03-16.32.57:887][  0]LogD3D11RHI:   Driver Version: Crimson ReLive 17.6 (internal:22.19.170.1536, unified:22.19.170.1536)
[2020.02.03-16.32.57:887][  0]LogD3D11RHI:      Driver Date: 7-20-2017
[2020.02.03-16.32.57:887][  0]LogRHI: Texture pool is 4287 MB (70% of 6124 MB)
[2020.02.03-16.32.58:004][  0]LogD3D11RHI: Async texture creation enabled
[2020.02.03-16.32.58:023][  0]LogD3D11RHI: GPU Timing Frequency: 27.000000 (Debug: 2 1)
[2020.02.03-16.32.58:690][  0]LogTemp: Display: Module 'AllDesktopTargetPlatform' loaded TargetPlatform 'AllDesktop'
[2020.02.03-16.32.58:700][  0]LogTemp: Display: Module 'MacClientTargetPlatform' loaded TargetPlatform 'MacClient'
[2020.02.03-16.32.58:725][  0]LogTemp: Display: Module 'MacNoEditorTargetPlatform' loaded TargetPlatform 'MacNoEditor'
[2020.02.03-16.32.58:740][  0]LogTemp: Display: Module 'MacServerTargetPlatform' loaded TargetPlatform 'MacServer'
[2020.02.03-16.32.58:759][  0]LogTemp: Display: Module 'MacTargetPlatform' loaded TargetPlatform 'Mac'
[2020.02.03-16.32.58:770][  0]LogTemp: Display: Module 'WindowsClientTargetPlatform' loaded TargetPlatform 'WindowsClient'
[2020.02.03-16.32.58:781][  0]LogTemp: Display: Module 'WindowsNoEditorTargetPlatform' loaded TargetPlatform 'WindowsNoEditor'
[2020.02.03-16.32.58:791][  0]LogTemp: Display: Module 'WindowsServerTargetPlatform' loaded TargetPlatform 'WindowsServer'
[2020.02.03-16.32.58:797][  0]LogTemp: Display: Module 'WindowsTargetPlatform' loaded TargetPlatform 'Windows'
[2020.02.03-16.32.58:845][  0]LogTemp: Display: Module 'AndroidTargetPlatform' loaded TargetPlatform 'Android'
[2020.02.03-16.32.58:845][  0]LogTemp: Display: Module 'AndroidTargetPlatform' loaded TargetPlatform 'Android_ASTC'
[2020.02.03-16.32.58:845][  0]LogTemp: Display: Module 'AndroidTargetPlatform' loaded TargetPlatform 'Android_ATC'
[2020.02.03-16.32.58:845][  0]LogTemp: Display: Module 'AndroidTargetPlatform' loaded TargetPlatform 'Android_DXT'
[2020.02.03-16.32.58:845][  0]LogTemp: Display: Module 'AndroidTargetPlatform' loaded TargetPlatform 'Android_ETC1'
[2020.02.03-16.32.58:845][  0]LogTemp: Display: Module 'AndroidTargetPlatform' loaded TargetPlatform 'Android_ETC1a'
[2020.02.03-16.32.58:845][  0]LogTemp: Display: Module 'AndroidTargetPlatform' loaded TargetPlatform 'Android_ETC2'
[2020.02.03-16.32.58:845][  0]LogTemp: Display: Module 'AndroidTargetPlatform' loaded TargetPlatform 'Android_PVRTC'
[2020.02.03-16.32.58:845][  0]LogTemp: Display: Module 'AndroidTargetPlatform' loaded TargetPlatform 'AndroidClient'
[2020.02.03-16.32.58:845][  0]LogTemp: Display: Module 'AndroidTargetPlatform' loaded TargetPlatform 'Android_ASTCClient'
[2020.02.03-16.32.58:845][  0]LogTemp: Display: Module 'AndroidTargetPlatform' loaded TargetPlatform 'Android_ATCClient'
[2020.02.03-16.32.58:845][  0]LogTemp: Display: Module 'AndroidTargetPlatform' loaded TargetPlatform 'Android_DXTClient'
[2020.02.03-16.32.58:845][  0]LogTemp: Display: Module 'AndroidTargetPlatform' loaded TargetPlatform 'Android_ETC1Client'
[2020.02.03-16.32.58:845][  0]LogTemp: Display: Module 'AndroidTargetPlatform' loaded TargetPlatform 'Android_ETC1aClient'
[2020.02.03-16.32.58:845][  0]LogTemp: Display: Module 'AndroidTargetPlatform' loaded TargetPlatform 'Android_ETC2Client'
[2020.02.03-16.32.58:845][  0]LogTemp: Display: Module 'AndroidTargetPlatform' loaded TargetPlatform 'Android_PVRTCClient'
[2020.02.03-16.32.58:845][  0]LogTemp: Display: Module 'AndroidTargetPlatform' loaded TargetPlatform 'Android_Multi'
[2020.02.03-16.32.58:845][  0]LogTemp: Display: Module 'AndroidTargetPlatform' loaded TargetPlatform 'Android_MultiClient'
[2020.02.03-16.32.58:848][  0]LogTemp: Display: Module 'HTML5TargetPlatform' loaded TargetPlatform 'HTML5'
[2020.02.03-16.32.58:883][  0]LogTemp: Display: Module 'IOSTargetPlatform' loaded TargetPlatform 'IOSClient'
[2020.02.03-16.32.58:883][  0]LogTemp: Display: Module 'IOSTargetPlatform' loaded TargetPlatform 'IOS'
[2020.02.03-16.32.58:899][  0]LogTemp: Display: Module 'TVOSTargetPlatform' loaded TargetPlatform 'TVOSClient'
[2020.02.03-16.32.58:899][  0]LogTemp: Display: Module 'TVOSTargetPlatform' loaded TargetPlatform 'TVOS'
[2020.02.03-16.32.58:908][  0]LogTemp: Display: Module 'LinuxClientTargetPlatform' loaded TargetPlatform 'LinuxClient'
[2020.02.03-16.32.58:918][  0]LogTemp: Display: Module 'LinuxNoEditorTargetPlatform' loaded TargetPlatform 'LinuxNoEditor'
[2020.02.03-16.32.58:927][  0]LogTemp: Display: Module 'LinuxServerTargetPlatform' loaded TargetPlatform 'LinuxServer'
[2020.02.03-16.32.58:948][  0]LogTemp: Display: Module 'LinuxTargetPlatform' loaded TargetPlatform 'Linux'
[2020.02.03-16.32.58:979][  0]LogTemp: Display: Module 'LuminTargetPlatform' loaded TargetPlatform 'Lumin'
[2020.02.03-16.32.58:979][  0]LogTemp: Display: Module 'LuminTargetPlatform' loaded TargetPlatform 'LuminClient'
[2020.02.03-16.32.58:979][  0]LogTargetPlatformManager: Display: Building Assets For Windows
[2020.02.03-16.32.59:024][  0]LogAudioDebug: Display: Lib vorbis DLL was dynamically loaded.
[2020.02.03-16.32.59:150][  0]LogShaderCompilers: Guid format shader working directory is -23 characters bigger than the processId version (../../../../../../Users/Graphic.SJH519-000W/Documents/GitHub/Stolemates/Stolenmates/Intermediate/Shaders/WorkingDirectory/9296/).
[2020.02.03-16.32.59:150][  0]LogShaderCompilers: Cleaned the shader compiler working directory 'C:/Users/Graphic.SJH519-000W/AppData/Local/Temp/UnrealShaderWorkingDir/9F7C743946A3E5269A9566968AAEA965/'.
[2020.02.03-16.32.59:153][  0]LogXGEController: Cleaning working directory: C:/Users/Graphic.SJH519-000W/AppData/Local/Temp/UnrealXGEWorkingDir/
[2020.02.03-16.32.59:153][  0]LogXGEController: Cannot use XGE Controller as Incredibuild is not installed on this machine.
[2020.02.03-16.32.59:154][  0]LogShaderCompilers: Cannot use XGE Shader Compiler as Incredibuild is not installed on this machine.
[2020.02.03-16.32.59:154][  0]LogShaderCompilers: Display: Using Local Shader Compiler.
[2020.02.03-16.33.02:115][  0]LogDerivedDataCache: Display: Max Cache Size: 512 MB
[2020.02.03-16.33.02:219][  0]LogDerivedDataCache: Loaded boot cache 0.10s 73MB C:/Users/Graphic.SJH519-000W/AppData/Local/UnrealEngine/4.23/DerivedDataCache/Boot.ddc.
[2020.02.03-16.33.02:219][  0]LogDerivedDataCache: Display: Loaded Boot cache: C:/Users/Graphic.SJH519-000W/AppData/Local/UnrealEngine/4.23/DerivedDataCache/Boot.ddc
[2020.02.03-16.33.02:219][  0]LogDerivedDataCache: FDerivedDataBackendGraph:  Pak pak cache file ../../../../../../Users/Graphic.SJH519-000W/Documents/GitHub/Stolemates/Stolenmates/DerivedDataCache/DDC.ddp not found, will not use a pak cache.
[2020.02.03-16.33.02:219][  0]LogDerivedDataCache: Unable to find inner node Pak for hierarchical cache Hierarchy.
[2020.02.03-16.33.02:219][  0]LogDerivedDataCache: FDerivedDataBackendGraph:  CompressedPak pak cache file ../../../../../../Users/Graphic.SJH519-000W/Documents/GitHub/Stolemates/Stolenmates/DerivedDataCache/Compressed.ddp not found, will not use a pak cache.
[2020.02.03-16.33.02:219][  0]LogDerivedDataCache: Unable to find inner node CompressedPak for hierarchical cache Hierarchy.
[2020.02.03-16.33.02:241][  0]LogDerivedDataCache: Display: Pak cache opened for reading ../../../Engine/DerivedDataCache/Compressed.ddp.
[2020.02.03-16.33.02:241][  0]LogDerivedDataCache: FDerivedDataBackendGraph:  EnterprisePak pak cache file ../../../Enterprise/DerivedDataCache/Compressed.ddp not found, will not use a pak cache.
[2020.02.03-16.33.02:241][  0]LogDerivedDataCache: Unable to find inner node EnterprisePak for hierarchical cache Hierarchy.
[2020.02.03-16.33.02:243][  0]LogDerivedDataCache: Using Local data cache path C:/Users/Graphic.SJH519-000W/AppData/Local/UnrealEngine/Common/DerivedDataCache: Writable
[2020.02.03-16.33.02:243][  0]LogDerivedDataCache: Shared data cache path not found in *engine.ini, will not use an Shared cache.
[2020.02.03-16.33.02:243][  0]LogDerivedDataCache: Unable to find inner node Shared for hierarchical cache Hierarchy.
[2020.02.03-16.33.02:273][  0]LogMaterial: Verifying Global Shaders for PCD3D_SM5
[2020.02.03-16.33.02:279][  0]LogSlate: Using FreeType 2.6.0
[2020.02.03-16.33.02:298][  0]LogSlate: SlateFontServices - WITH_FREETYPE: 1, WITH_HARFBUZZ: 1
[2020.02.03-16.33.02:582][  0]LogAssetRegistry: FAssetRegistry took 0.0046 seconds to start up
[2020.02.03-16.33.03:063][  0]LogInit: Selected Device Profile: [Windows]
[2020.02.03-16.33.03:423][  0]LogMeshReduction: Using QuadricMeshReduction for automatic static mesh reduction
[2020.02.03-16.33.03:423][  0]LogMeshReduction: Using SimplygonMeshReduction for automatic skeletal mesh reduction
[2020.02.03-16.33.03:423][  0]LogMeshReduction: Using ProxyLODMeshReduction for automatic mesh merging
[2020.02.03-16.33.03:423][  0]LogMeshReduction: No distributed automatic mesh merging module available
[2020.02.03-16.33.03:423][  0]LogMeshMerging: No distributed automatic mesh merging module available
[2020.02.03-16.33.03:467][  0]LogNetVersion: Stolenmates 1.0.0, NetCL: 8386587, EngineNetVer: 11, GameNetVer: 0 (Checksum: 1334032006)
[2020.02.03-16.33.04:707][  0]LogPackageLocalizationCache: Processed 12 localized package path(s) for 1 prioritized culture(s) in 0.057689 seconds
[2020.02.03-16.33.04:714][  0]LogUObjectArray: 43444 objects as part of root set at end of initial load.
[2020.02.03-16.33.04:714][  0]LogUObjectAllocator: 7548648 out of 0 bytes used by permanent object pool.
[2020.02.03-16.33.04:714][  0]LogUObjectArray: CloseDisregardForGC: 0/0 objects in disregard for GC pool
[2020.02.03-16.33.08:323][  0]LogTcpMessaging: Initializing TcpMessaging bridge
[2020.02.03-16.33.08:330][  0]LogUdpMessaging: Initializing bridge on interface 0.0.0.0:0 to multicast group 230.0.0.1:6666.
[2020.02.03-16.33.08:457][  0]SourceControl: Source control is disabled
[2020.02.03-16.33.08:457][  0]SourceControl: Source control is disabled
[2020.02.03-16.33.08:465][  0]SourceControl: Source control is disabled
[2020.02.03-16.33.08:473][  0]SourceControl: Source control is disabled
[2020.02.03-16.33.08:700][  0]LogAndroidPermission: UAndroidPermissionCallbackProxy::GetInstance
[2020.02.03-16.33.08:948][  0]LogOcInput: OculusInput pre-init called
[2020.02.03-16.33.08:959][  0]LogWindows: Failed to load 'OVRPlugin.dll' (GetLastError=126)
[2020.02.03-16.33.08:959][  0]LogWindows: File 'OVRPlugin.dll' does not exist
[2020.02.03-16.33.09:101][  0]LogEngine: Initializing Engine...
[2020.02.03-16.33.09:106][  0]LogHMD: Failed to initialize OpenVR with code 110
[2020.02.03-16.33.09:109][  0]LogStats: UGameplayTagsManager::InitializeManager -  0.001 s
[2020.02.03-16.33.09:610][  0]LogInit: Initializing FReadOnlyCVARCache
[2020.02.03-16.33.09:646][  0]LogAIModule: Creating AISystem for world Untitled
[2020.02.03-16.33.09:703][  0]LogInit: XAudio2 using 'Digital Audio (S/PDIF) (Cirrus Logic CS4208 (AB 120))' : 2 channels at 48 kHz using 16 bits per sample (channel mask 0x3)
[2020.02.03-16.33.09:766][  0]LogInit: FAudioDevice initialized.
[2020.02.03-16.33.09:766][  0]LogNetVersion: Set ProjectVersion to 1.0.0.0. Version Checksum will be recalculated on next use.
[2020.02.03-16.33.09:823][  0]LogDerivedDataCache: Saved boot cache 0.06s 73MB C:/Users/Graphic.SJH519-000W/AppData/Local/UnrealEngine/4.23/DerivedDataCache/Boot.ddc.
[2020.02.03-16.33.09:832][  0]LogInit: Texture streaming: Enabled
[2020.02.03-16.33.09:858][  0]LogEngineSessionManager: EngineSessionManager initialized
[2020.02.03-16.33.10:125][  0]LogInit: Transaction tracking system initialized
[2020.02.03-16.33.10:193][  0]BlueprintLog: New page: Editor Load
[2020.02.03-16.33.10:352][  0]LocalizationService: Localization service is disabled
[2020.02.03-16.33.10:937][  0]LogFileCache: Scanning file cache for directory 'C:/Users/Graphic.SJH519-000W/Documents/GitHub/Stolemates/Stolenmates/Content/' took 0.01s
[2020.02.03-16.33.10:937][  0]LogCook: Display: Max memory allowance for cook 16384mb min free memory 0mb
[2020.02.03-16.33.10:937][  0]LogCook: Display: Mobile HDR setting 1
[2020.02.03-16.33.11:423][  0]SourceControl: Source control is disabled
[2020.02.03-16.33.11:424][  0]Cmd: MAP LOAD FILE="../../../../../../Users/Graphic.SJH519-000W/Documents/GitHub/Stolemates/Stolenmates/Content/Levels/Final_Level.umap" TEMPLATE=0 SHOWPROGRESS=1 FEATURELEVEL=3
[2020.02.03-16.33.11:428][  0]LightingResults: New page: Lighting Build
[2020.02.03-16.33.11:434][  0]LogWorld: UWorld::CleanupWorld for Untitled, bSessionEnded=true, bCleanupResources=true
[2020.02.03-16.33.11:436][  0]MapCheck: New page: Map Check
[2020.02.03-16.33.11:436][  0]LightingResults: New page: Lighting Build
[2020.02.03-16.33.11:484][  0]LogUObjectHash: Compacting FUObjectHashTables data took   2.30ms
[2020.02.03-16.33.12:020][  0]LogLinker: Warning: While loading '../../../../../../Users/Graphic.SJH519-000W/Documents/GitHub/Stolemates/Stolenmates/Content/Blueprints/EQS_System/PowerUpSpawnLocation.uasset' failed to load '/Script/EnvironmentQueryEditor': Can't find file.
[2020.02.03-16.33.12:020][  0]LogLinker: Warning: While loading '../../../../../../Users/Graphic.SJH519-000W/Documents/GitHub/Stolemates/Stolenmates/Content/Blueprints/EQS_System/PowerUpSpawnLocation.uasset' failed to load '/Script/EnvironmentQueryEditor': Can't find file.
[2020.02.03-16.33.12:020][  0]LogLinker: Warning: While loading '../../../../../../Users/Graphic.SJH519-000W/Documents/GitHub/Stolemates/Stolenmates/Content/Blueprints/EQS_System/PowerUpSpawnLocation.uasset' failed to load '/Script/EnvironmentQueryEditor': Can't find file.
[2020.02.03-16.33.12:020][  0]LogLinker: Warning: While loading '../../../../../../Users/Graphic.SJH519-000W/Documents/GitHub/Stolemates/Stolenmates/Content/Blueprints/EQS_System/PowerUpSpawnLocation.uasset' failed to load '/Script/EnvironmentQueryEditor': Can't find file.
[2020.02.03-16.33.12:020][  0]LogLinker: Warning: While loading '../../../../../../Users/Graphic.SJH519-000W/Documents/GitHub/Stolemates/Stolenmates/Content/Blueprints/EQS_System/PowerUpSpawnLocation.uasset' failed to load '/Script/EnvironmentQueryEditor': Can't find file.
[2020.02.03-16.33.12:020][  0]LogLinker: Warning: While loading '../../../../../../Users/Graphic.SJH519-000W/Documents/GitHub/Stolemates/Stolenmates/Content/Blueprints/EQS_System/PowerUpSpawnLocation.uasset' failed to load '/Script/EnvironmentQueryEditor': Can't find file.
[2020.02.03-16.33.12:020][  0]LogLinker: Warning: While loading '../../../../../../Users/Graphic.SJH519-000W/Documents/GitHub/Stolemates/Stolenmates/Content/Blueprints/EQS_System/PowerUpSpawnLocation.uasset' failed to load '/Script/EnvironmentQueryEditor': Can't find file.
[2020.02.03-16.33.12:020][  0]LogLinker: Warning: While loading '../../../../../../Users/Graphic.SJH519-000W/Documents/GitHub/Stolemates/Stolenmates/Content/Blueprints/EQS_System/PowerUpSpawnLocation.uasset' failed to load '/Script/EnvironmentQueryEditor': Can't find file.
[2020.02.03-16.33.12:020][  0]LogLinker: Warning: While loading '../../../../../../Users/Graphic.SJH519-000W/Documents/GitHub/Stolemates/Stolenmates/Content/Blueprints/EQS_System/PowerUpSpawnLocation.uasset' failed to load '/Script/EnvironmentQueryEditor': Can't find file.
[2020.02.03-16.33.12:021][  0]LogLinker: Warning: While loading '../../../../../../Users/Graphic.SJH519-000W/Documents/GitHub/Stolemates/Stolenmates/Content/Blueprints/EQS_System/PowerUpSpawnLocation.uasset' failed to load '/Script/EnvironmentQueryEditor': Can't find file.
[2020.02.03-16.33.12:021][  0]LogLinker: Warning: While loading '../../../../../../Users/Graphic.SJH519-000W/Documents/GitHub/Stolemates/Stolenmates/Content/Blueprints/BP_GameMode.uasset' failed to load '/Script/EnvironmentQueryEditor': Can't find file.
[2020.02.03-16.33.12:021][  0]LogLinker: Warning: While loading '../../../../../../Users/Graphic.SJH519-000W/Documents/GitHub/Stolemates/Stolenmates/Content/Blueprints/BP_GameMode.uasset' failed to load '/Script/EnvironmentQueryEditor': Can't find file.
[2020.02.03-16.33.12:021][  0]LogLinker: Warning: While loading '../../../../../../Users/Graphic.SJH519-000W/Documents/GitHub/Stolemates/Stolenmates/Content/Blueprints/BP_GameMode.uasset' failed to load '/Script/EnvironmentQueryEditor': Can't find file.
[2020.02.03-16.33.12:021][  0]LogLinker: Warning: While loading '../../../../../../Users/Graphic.SJH519-000W/Documents/GitHub/Stolemates/Stolenmates/Content/Blueprints/BP_GameMode.uasset' failed to load '/Script/EnvironmentQueryEditor': Can't find file.
[2020.02.03-16.33.12:021][  0]LogLinker: Warning: While loading '../../../../../../Users/Graphic.SJH519-000W/Documents/GitHub/Stolemates/Stolenmates/Content/Blueprints/BP_GameMode.uasset' failed to load '/Script/EnvironmentQueryEditor': Can't find file.
[2020.02.03-16.33.12:021][  0]LogLinker: Warning: While loading '../../../../../../Users/Graphic.SJH519-000W/Documents/GitHub/Stolemates/Stolenmates/Content/Blueprints/BP_GameMode.uasset' failed to load '/Script/EnvironmentQueryEditor': Can't find file.
[2020.02.03-16.33.12:021][  0]LogLinker: Warning: While loading '../../../../../../Users/Graphic.SJH519-000W/Documents/GitHub/Stolemates/Stolenmates/Content/Blueprints/BP_GameMode.uasset' failed to load '/Script/EnvironmentQueryEditor': Can't find file.
[2020.02.03-16.33.12:021][  0]LogLinker: Warning: While loading '../../../../../../Users/Graphic.SJH519-000W/Documents/GitHub/Stolemates/Stolenmates/Content/Blueprints/BP_GameMode.uasset' failed to load '/Script/EnvironmentQueryEditor': Can't find file.
[2020.02.03-16.33.12:021][  0]LogLinker: Warning: While loading '../../../../../../Users/Graphic.SJH519-000W/Documents/GitHub/Stolemates/Stolenmates/Content/Blueprints/BP_GameMode.uasset' failed to load '/Script/EnvironmentQueryEditor': Can't find file.
[2020.02.03-16.33.12:021][  0]LogLinker: Warning: While loading '../../../../../../Users/Graphic.SJH519-000W/Documents/GitHub/Stolemates/Stolenmates/Content/Blueprints/BP_GameMode.uasset' failed to load '/Script/EnvironmentQueryEditor': Can't find file.
[2020.02.03-16.33.12:021][  0]LogLinker: Warning: While loading '../../../../../../Users/Graphic.SJH519-000W/Documents/GitHub/Stolemates/Stolenmates/Content/Blueprints/BP_GameMode.uasset' failed to load '/Script/EnvironmentQueryEditor': Can't find file.
[2020.02.03-16.33.12:021][  0]LogLinker: Warning: While loading '../../../../../../Users/Graphic.SJH519-000W/Documents/GitHub/Stolemates/Stolenmates/Content/Blueprints/BP_GameMode.uasset' failed to load '/Script/EnvironmentQueryEditor': Can't find file.
[2020.02.03-16.33.12:021][  0]LogLinker: Warning: While loading '../../../../../../Users/Graphic.SJH519-000W/Documents/GitHub/Stolemates/Stolenmates/Content/Blueprints/BP_GameMode.uasset' failed to load '/Script/EnvironmentQueryEditor': Can't find file.
[2020.02.03-16.33.12:021][  0]LogLinker: Warning: While loading '../../../../../../Users/Graphic.SJH519-000W/Documents/GitHub/Stolemates/Stolenmates/Content/Blueprints/BP_GameMode.uasset' failed to load '/Script/EnvironmentQueryEditor': Can't find file.
[2020.02.03-16.33.12:021][  0]LogLinker: Warning: While loading '../../../../../../Users/Graphic.SJH519-000W/Documents/GitHub/Stolemates/Stolenmates/Content/Blueprints/BP_GameMode.uasset' failed to load '/Script/EnvironmentQueryEditor': Can't find file.
[2020.02.03-16.33.12:021][  0]LogLinker: Warning: While loading '../../../../../../Users/Graphic.SJH519-000W/Documents/GitHub/Stolemates/Stolenmates/Content/Blueprints/BP_GameMode.uasset' failed to load '/Script/EnvironmentQueryEditor': Can't find file.
[2020.02.03-16.33.14:487][  0]LogAIModule: Creating AISystem for world Final_Level
[2020.02.03-16.33.14:538][  0]LogEditorServer: Finished looking for orphan Actors (0.000 secs)
[2020.02.03-16.33.14:650][  0]LogUObjectHash: Compacting FUObjectHashTables data took   3.23ms
[2020.02.03-16.33.14:650][  0]Cmd: MAP CHECKDEP NOCLEARLOG
[2020.02.03-16.33.14:650][  0]MapCheck: Map check complete: 0 Error(s), 0 Warning(s), took 0.295ms to complete.
[2020.02.03-16.33.14:650][  0]LogFileHelpers: Loading map 'Final_Level' took 3.227
[2020.02.03-16.33.14:815][  0]LogSlate: Updating window title bar state: overlay mode, drag disabled, window buttons hidden, title bar hidden
[2020.02.03-16.33.14:823][  0]LogSlate: Updating window title bar state: overlay mode, drag disabled, window buttons hidden, title bar hidden
[2020.02.03-16.33.14:832][  0]LogSlate: Updating window title bar state: overlay mode, drag disabled, window buttons hidden, title bar hidden
[2020.02.03-16.33.14:842][  0]LogSlate: Updating window title bar state: overlay mode, drag disabled, window buttons hidden, title bar hidden
[2020.02.03-16.33.14:860][  0]LogCollectionManager: Loaded 0 collections in 0.002164 seconds
[2020.02.03-16.33.14:878][  0]LogFileCache: Scanning file cache for directory 'C:/Users/Graphic.SJH519-000W/Documents/GitHub/Stolemates/Stolenmates/Saved/Collections/' took 0.00s
[2020.02.03-16.33.14:878][  0]LogFileCache: Scanning file cache for directory 'C:/Users/Graphic.SJH519-000W/Documents/GitHub/Stolemates/Stolenmates/Content/Developers/Graphic/Collections/' took 0.00s
[2020.02.03-16.33.14:878][  0]LogFileCache: Scanning file cache for directory 'C:/Users/Graphic.SJH519-000W/Documents/GitHub/Stolemates/Stolenmates/Content/Collections/' took 0.00s
[2020.02.03-16.33.14:878][  0]LogCollectionManager: Rebuilt the GUID cache for 0 collections in 0.000002 seconds
[2020.02.03-16.33.14:892][  0]LogContentBrowser: Native class hierarchy populated in 0.0125 seconds. Added 2868 classes and 682 folders.
[2020.02.03-16.33.14:903][  0]LogContentBrowser: Native class hierarchy updated for 'WidgetCarousel' in 0.0003 seconds. Added 0 classes and 0 folders.
[2020.02.03-16.33.15:237][  0]LogContentBrowser: Native class hierarchy updated for 'AddContentDialog' in 0.0005 seconds. Added 0 classes and 0 folders.
[2020.02.03-16.33.15:251][  0]LogContentBrowser: Native class hierarchy updated for 'SceneOutliner' in 0.0005 seconds. Added 1 classes and 2 folders.
[2020.02.03-16.33.15:307][  0]LogSlate: Took 0.005904 seconds to synchronously load lazily loaded font '../../../Engine/Content/Slate/Fonts/Roboto-Regular.ttf' (155K)
[2020.02.03-16.33.15:315][  0]LogSlate: Took 0.005666 seconds to synchronously load lazily loaded font '../../../Engine/Content/Slate/Fonts/Roboto-Bold.ttf' (160K)
[2020.02.03-16.33.15:327][  0]LogSlate: Took 0.005770 seconds to synchronously load lazily loaded font '../../../Engine/Content/Editor/Slate/Fonts/FontAwesome.ttf' (139K)
[2020.02.03-16.33.15:476][  0]LogRenderer: Reallocating scene render targets to support 1288x572 Format 10 NumSamples 1 (Frame:1).
[2020.02.03-16.33.15:639][  0]LogContentBrowser: Native class hierarchy updated for 'HierarchicalLODOutliner' in 0.0004 seconds. Added 0 classes and 0 folders.
[2020.02.03-16.33.15:639][  0]LogLoad: (Engine Initialization) Total time: 25.47 seconds
[2020.02.03-16.33.15:639][  0]LogLoad: (Engine Initialization) Total Blueprint compile time: 0.00 seconds
[2020.02.03-16.33.15:699][  0]LogContentStreaming: Texture pool size now 1000 MB
[2020.02.03-16.33.15:740][  0]LogSlate: Took 0.005708 seconds to synchronously load lazily loaded font '../../../Engine/Content/Slate/Fonts/Roboto-Light.ttf' (167K)
[2020.02.03-16.33.17:038][ 15]LogAssetRegistry: Asset discovery search completed in 14.4572 seconds
[2020.02.03-16.33.17:042][ 15]LogCollectionManager: Rebuilt the object cache for 0 collections in 0.000004 seconds (found 0 objects)
[2020.02.03-16.33.17:042][ 15]LogCollectionManager: Fixed up redirectors for 0 collections in 0.000046 seconds (updated 0 objects)
[2020.02.03-16.34.14:857][268]LogSlate: Took 0.000248 seconds to synchronously load lazily loaded font '../../../Engine/Content/Slate/Fonts/Roboto-Light.ttf' (167K)
[2020.02.03-16.34.14:876][268]LogFactory: FactoryCreateFile: StaticMesh with FbxFactory (0 0 C:\Users\Graphic.SJH519-000W\Downloads\RogersCenter_Final (2).FBX)
[2020.02.03-16.34.14:906][268]LogFbx: Loading FBX Scene from C:\Users\Graphic.SJH519-000W\Downloads\RogersCenter_Final (2).FBX
[2020.02.03-16.34.14:927][268]LogFbx: FBX Scene Loaded Succesfully
[2020.02.03-16.34.14:958][268]LogSlate: FSceneViewport::OnFocusLost() reason 5
[2020.02.03-16.34.16:503][268]LogSlate: Window 'FBX Import Options' being destroyed
[2020.02.03-16.34.16:796][268]LogStaticMesh: Building static mesh RogersCenter_Final__2_...
[2020.02.03-16.34.16:903][268]LogStaticMesh: Built static mesh [0.11s] /Game/Models/RogersCenter_Final__2_.RogersCenter_Final__2_
[2020.02.03-16.34.16:921][268]LogStaticMesh: Warning: RogersCenter_Final__2_ has degenerate tangent bases which will result in incorrect shading.  MikkTSpace relies on tangent bases and may result in mesh corruption, consider disabling this option.
[2020.02.03-16.34.16:921][268]LogStaticMesh: Warning: RogersCenter_Final__2_ has some nearly zero bi-normals which can create some issues. (Tolerance of 1E-4)
[2020.02.03-16.34.16:948][268]FBXImport: Warning: RogersCenter_Final__2_ has degenerate tangent bases which will result in incorrect shading.  MikkTSpace relies on tangent bases and may result in mesh corruption, consider disabling this option. 
[2020.02.03-16.34.16:948][268]FBXImport: Warning: RogersCenter_Final__2_ has some nearly zero bi-normals which can create some issues. (Tolerance of 1E-4) 
[2020.02.03-16.34.18:815][429]LogSlate: Window 'Message Log' being destroyed
[2020.02.03-16.34.18:818][429]LogSlate: Window 'Message Log' being destroyed
[2020.02.03-16.34.20:667][556]LogActorFactory: Actor Factory created RogersCenter_Final__2_
[2020.02.03-16.34.21:633][670]LogActorFactory: Actor Factory created RogersCenter_Final__2_
[2020.02.03-16.34.26:484][225]LogEditorViewport: Clicking on Actor (LMB): StaticMeshActor (RogersCenter_Final__1_)
[2020.02.03-16.34.26:997][271]Cmd: DELETE
[2020.02.03-16.34.26:997][271]Cmd: ACTOR DELETE
[2020.02.03-16.34.27:008][271]LogEditorActor: Deleted Actor: StaticMeshActor
[2020.02.03-16.34.27:057][271]LogUObjectHash: Compacting FUObjectHashTables data took   2.36ms
[2020.02.03-16.34.27:058][271]LogEditorActor: Deleted 1 Actors (0.057 secs)
[2020.02.03-16.34.27:388][307]LogEditorViewport: Clicking on Actor (LMB): StaticMeshActor (RogersCenter_Final__2_)
[2020.02.03-16.35.09:603][191]LogEditorViewport: Clicking on Actor (LMB): BP_Sky_Sphere_C (Sky Sphere)
[2020.02.03-16.35.24:127][309]LogSlate: FSceneViewport::OnFocusLost() reason 0
[2020.02.03-16.35.26:332][504]LogUObjectHash: Compacting FUObjectHashTables data took   0.93ms
[2020.02.03-16.35.28:298][504]LogSlate: Window 'Delete Assets' being destroyed
[2020.02.03-16.35.28:302][504]LogUObjectGlobals: Force Deleting 1 Package(s):
	Asset Name: /Game/Models/RogersCenter_Final_04_-_Default_BaseColor__1_.RogersCenter_Final_04_-_Default_BaseColor__1_
[2020.02.03-16.35.29:266][504]LogMaterial: Display: Missing cached shader map for material Rogers_Centre_Texture, compiling. 
[2020.02.03-16.35.29:267][504]LogMaterial: Warning: C:\Users\Graphic.SJH519-000W\Documents\GitHub\Stolemates\Stolenmates\Content\Models\Rogers_Centre_Texture.uasset: Failed to compile Material for platform PCD3D_SM5, Default Material will be used in game.
[2020.02.03-16.35.29:267][504]LogMaterial: Display: 	(Node TextureSample) Texture Sample> Missing input texture
[2020.02.03-16.35.29:270][504]LogMaterial: Display: Missing cached shader map for material Rogers_Centre_Texture, compiling. 
[2020.02.03-16.35.29:271][504]LogMaterial: Warning: C:\Users\Graphic.SJH519-000W\Documents\GitHub\Stolemates\Stolenmates\Content\Models\Rogers_Centre_Texture.uasset: Failed to compile Material for platform PCD3D_SM5, Default Material will be used in game.
[2020.02.03-16.35.29:271][504]LogMaterial: Display: 	(Node TextureSample) Texture Sample> Missing input texture
[2020.02.03-16.35.29:434][504]LogUObjectHash: Compacting FUObjectHashTables data took   2.18ms
[2020.02.03-16.35.29:480][504]LogUObjectHash: Compacting FUObjectHashTables data took   2.22ms
[2020.02.03-16.35.29:523][504]LogUObjectHash: Compacting FUObjectHashTables data took   0.78ms
[2020.02.03-16.35.33:531][896]LogUObjectHash: Compacting FUObjectHashTables data took   0.86ms
[2020.02.03-16.35.35:699][896]LogSlate: Window 'Delete Assets' being destroyed
[2020.02.03-16.35.35:703][896]LogUObjectGlobals: Force Deleting 1 Package(s):
	Asset Name: /Game/Models/RogersCenter_Final__1_.RogersCenter_Final__1_
[2020.02.03-16.35.36:069][896]LogUObjectHash: Compacting FUObjectHashTables data took   2.50ms
[2020.02.03-16.35.36:119][896]LogUObjectHash: Compacting FUObjectHashTables data took   2.45ms
[2020.02.03-16.35.36:166][896]LogUObjectHash: Compacting FUObjectHashTables data took   0.90ms
[2020.02.03-16.35.44:057][566]LogFactory: FactoryCreateFile: Texture with ReimportTextureFactory (0 0 C:\Users\Graphic.SJH519-000W\Downloads\RogersCenter_Final_04 - Default_BaseColor (2).png)
[2020.02.03-16.35.44:082][566]LogTexture: Display: Building textures: RogersCenter_Final_04_-_Default_BaseColor__2_ (AutoDXT, 1024X1024)
[2020.02.03-16.35.47:551][653]LogAssetEditorManager: Opening Asset editor for Material /Game/Models/Rogers_Centre_Texture.Rogers_Centre_Texture
[2020.02.03-16.35.47:558][653]LogMaterial: Display: Missing cached shader map for material Rogers_Centre_Texture, compiling. 
[2020.02.03-16.35.47:558][653]LogMaterial: Warning: /Engine/Transient.Rogers_Centre_Texture (no disk path found): Failed to compile Material for platform PCD3D_SM5, Default Material will be used in game.
[2020.02.03-16.35.47:558][653]LogMaterial: Display: 	(Node TextureSample) Texture Sample> Missing input texture
[2020.02.03-16.35.47:928][653]LogMaterial: Display: Missing cached shader map for material Rogers_Centre_Texture, compiling. 
[2020.02.03-16.35.47:928][653]LogMaterial: Warning: /Engine/Transient.Rogers_Centre_Texture (no disk path found): Failed to compile Material for platform PCD3D_SM5, Default Material will be used in game.
[2020.02.03-16.35.47:928][653]LogMaterial: Display: 	(Node TextureSample) Texture Sample> Missing input texture
[2020.02.03-16.35.47:933][653]LogMaterial: Display: Missing cached shader map for material Rogers_Centre_Texture, compiling. 
[2020.02.03-16.35.47:934][653]LogMaterial: Warning: /Engine/Transient.Rogers_Centre_Texture (no disk path found): Failed to compile Material for platform PCD3D_SM5, Default Material will be used in game.
[2020.02.03-16.35.47:934][653]LogMaterial: Display: 	(Node TextureSample) Texture Sample> Missing input texture
[2020.02.03-16.35.47:943][653]LogMaterial: Display: Missing cached shader map for material FMatExpressionPreview MaterialExpressionTextureSample_1, compiling. 
[2020.02.03-16.35.47:982][653]MaterialEditorStats: Error: [SM5] (Node TextureSample) Texture Sample> Missing input texture
[2020.02.03-16.35.47:996][653]LogSlate: Took 0.005980 seconds to synchronously load lazily loaded font '../../../Engine/Content/Slate/Fonts/Roboto-BoldCondensed.ttf' (158K)
[2020.02.03-16.35.49:806][772]LogMaterial: Display: Missing cached shader map for material Rogers_Centre_Texture, compiling. 
[2020.02.03-16.35.49:895][773]LogShaderCompilers: Display: Worker (1/21): shaders left to compile 21
[2020.02.03-16.35.49:895][773]LogShaderCompilers: Display: Worker (2/21): shaders left to compile 20
[2020.02.03-16.35.49:895][773]LogShaderCompilers: Display: Worker (3/21): shaders left to compile 19
[2020.02.03-16.35.49:895][773]LogShaderCompilers: Display: Worker (4/21): shaders left to compile 18
[2020.02.03-16.35.49:895][773]LogShaderCompilers: Display: Worker (5/21): shaders left to compile 17
[2020.02.03-16.35.49:895][773]LogShaderCompilers: Display: Worker (6/21): shaders left to compile 16
[2020.02.03-16.35.49:895][773]LogShaderCompilers: Display: Worker (7/21): shaders left to compile 15
[2020.02.03-16.35.49:895][773]LogShaderCompilers: Display: Worker (8/21): shaders left to compile 14
[2020.02.03-16.35.49:895][773]LogShaderCompilers: Display: Worker (9/21): shaders left to compile 13
[2020.02.03-16.35.49:895][773]LogShaderCompilers: Display: Worker (10/21): shaders left to compile 12
[2020.02.03-16.35.49:896][773]LogShaderCompilers: Display: Worker (11/21): shaders left to compile 11
[2020.02.03-16.35.49:896][773]LogShaderCompilers: Display: Worker (12/21): shaders left to compile 10
[2020.02.03-16.35.49:896][773]LogShaderCompilers: Display: Worker (13/21): shaders left to compile 9
[2020.02.03-16.35.49:896][773]LogShaderCompilers: Display: Worker (14/21): shaders left to compile 8
[2020.02.03-16.35.49:896][773]LogShaderCompilers: Display: Worker (15/21): shaders left to compile 7
[2020.02.03-16.35.49:896][773]LogShaderCompilers: Display: Worker (16/21): shaders left to compile 6
[2020.02.03-16.35.49:896][773]LogShaderCompilers: Display: Worker (17/21): shaders left to compile 5
[2020.02.03-16.35.49:896][773]LogShaderCompilers: Display: Worker (18/21): shaders left to compile 4
[2020.02.03-16.35.49:896][773]LogShaderCompilers: Display: Worker (19/21): shaders left to compile 3
[2020.02.03-16.35.49:896][773]LogShaderCompilers: Display: Worker (20/21): shaders left to compile 2
[2020.02.03-16.35.50:563][808]LogShaderCompilers: Display: Worker (8/21): shaders left to compile 1
[2020.02.03-16.35.51:150][833]MaterialEditorStats: Base pass shader: 117 instructions
[2020.02.03-16.35.51:150][833]MaterialEditorStats: Base pass shader with Volumetric Lightmap: 191 instructions
[2020.02.03-16.35.51:150][833]MaterialEditorStats: Base pass vertex shader: 40 instructions
[2020.02.03-16.35.51:150][833]MaterialEditorStats: Texture samplers: 3/16
[2020.02.03-16.35.54:437][ 22]LogMaterial: Display: Missing cached shader map for material Rogers_Centre_Texture, compiling. 
[2020.02.03-16.35.54:457][ 22]LogShaderCompilers: Display: Worker (1/21): shaders left to compile 21
[2020.02.03-16.35.54:457][ 22]LogShaderCompilers: Display: Worker (2/21): shaders left to compile 20
[2020.02.03-16.35.54:457][ 22]LogShaderCompilers: Display: Worker (3/21): shaders left to compile 19
[2020.02.03-16.35.54:457][ 22]LogShaderCompilers: Display: Worker (4/21): shaders left to compile 18
[2020.02.03-16.35.54:457][ 22]LogShaderCompilers: Display: Worker (5/21): shaders left to compile 17
[2020.02.03-16.35.54:457][ 22]LogShaderCompilers: Display: Worker (6/21): shaders left to compile 16
[2020.02.03-16.35.54:457][ 22]LogShaderCompilers: Display: Worker (7/21): shaders left to compile 15
[2020.02.03-16.35.54:457][ 22]LogShaderCompilers: Display: Worker (8/21): shaders left to compile 14
[2020.02.03-16.35.54:457][ 22]LogShaderCompilers: Display: Worker (9/21): shaders left to compile 13
[2020.02.03-16.35.54:457][ 22]LogShaderCompilers: Display: Worker (10/21): shaders left to compile 12
[2020.02.03-16.35.54:457][ 22]LogShaderCompilers: Display: Worker (11/21): shaders left to compile 11
[2020.02.03-16.35.54:457][ 22]LogShaderCompilers: Display: Worker (12/21): shaders left to compile 10
[2020.02.03-16.35.54:457][ 22]LogShaderCompilers: Display: Worker (13/21): shaders left to compile 9
[2020.02.03-16.35.54:457][ 22]LogShaderCompilers: Display: Worker (14/21): shaders left to compile 8
[2020.02.03-16.35.54:457][ 22]LogShaderCompilers: Display: Worker (15/21): shaders left to compile 7
[2020.02.03-16.35.54:457][ 22]LogShaderCompilers: Display: Worker (16/21): shaders left to compile 6
[2020.02.03-16.35.54:457][ 22]LogShaderCompilers: Display: Worker (17/21): shaders left to compile 5
[2020.02.03-16.35.54:457][ 22]LogShaderCompilers: Display: Worker (18/21): shaders left to compile 4
[2020.02.03-16.35.54:457][ 22]LogShaderCompilers: Display: Worker (19/21): shaders left to compile 3
[2020.02.03-16.35.54:458][ 22]LogShaderCompilers: Display: Worker (20/21): shaders left to compile 2
[2020.02.03-16.35.54:458][ 22]LogMaterial: Display: Missing cached shader map for material FMatExpressionPreview MaterialExpressionTextureSample_0, compiling. 
[2020.02.03-16.35.54:476][ 22]LogMaterial: Display: Missing cached shader map for material FMatExpressionPreview MaterialExpressionTextureSample_0, compiling. 
[2020.02.03-16.35.54:674][ 29]LogShaderCompilers: Display: Worker (8/21): shaders left to compile 5
[2020.02.03-16.35.54:760][ 32]LogShaderCompilers: Display: Worker (2/21): shaders left to compile 4
[2020.02.03-16.35.54:790][ 33]LogShaderCompilers: Display: Worker (1/21): shaders left to compile 3
[2020.02.03-16.35.54:790][ 33]LogShaderCompilers: Display: Worker (3/21): shaders left to compile 2
[2020.02.03-16.35.54:820][ 34]LogShaderCompilers: Display: Worker (4/21): shaders left to compile 1
[2020.02.03-16.35.55:814][105]LogMaterial: Display: Missing cached shader map for material Rogers_Centre_Texture, compiling. 
[2020.02.03-16.35.55:841][105]LogShaderCompilers: Display: Worker (1/21): shaders left to compile 21
[2020.02.03-16.35.55:841][105]LogShaderCompilers: Display: Worker (2/21): shaders left to compile 20
[2020.02.03-16.35.55:841][105]LogShaderCompilers: Display: Worker (3/21): shaders left to compile 19
[2020.02.03-16.35.55:841][105]LogShaderCompilers: Display: Worker (4/21): shaders left to compile 18
[2020.02.03-16.35.55:841][105]LogShaderCompilers: Display: Worker (5/21): shaders left to compile 17
[2020.02.03-16.35.55:841][105]LogShaderCompilers: Display: Worker (6/21): shaders left to compile 16
[2020.02.03-16.35.55:841][105]LogShaderCompilers: Display: Worker (7/21): shaders left to compile 15
[2020.02.03-16.35.55:841][105]LogShaderCompilers: Display: Worker (8/21): shaders left to compile 14
[2020.02.03-16.35.55:841][105]LogShaderCompilers: Display: Worker (9/21): shaders left to compile 13
[2020.02.03-16.35.55:841][105]LogShaderCompilers: Display: Worker (10/21): shaders left to compile 12
[2020.02.03-16.35.55:841][105]LogShaderCompilers: Display: Worker (11/21): shaders left to compile 11
[2020.02.03-16.35.55:841][105]LogShaderCompilers: Display: Worker (12/21): shaders left to compile 10
[2020.02.03-16.35.55:841][105]LogShaderCompilers: Display: Worker (13/21): shaders left to compile 9
[2020.02.03-16.35.55:841][105]LogShaderCompilers: Display: Worker (14/21): shaders left to compile 8
[2020.02.03-16.35.55:841][105]LogShaderCompilers: Display: Worker (15/21): shaders left to compile 7
[2020.02.03-16.35.55:841][105]LogShaderCompilers: Display: Worker (16/21): shaders left to compile 6
[2020.02.03-16.35.55:841][105]LogShaderCompilers: Display: Worker (17/21): shaders left to compile 5
[2020.02.03-16.35.55:841][105]LogShaderCompilers: Display: Worker (18/21): shaders left to compile 4
[2020.02.03-16.35.55:841][105]LogShaderCompilers: Display: Worker (19/21): shaders left to compile 3
[2020.02.03-16.35.55:841][105]LogShaderCompilers: Display: Worker (20/21): shaders left to compile 2
[2020.02.03-16.35.55:841][105]LogMaterial: Display: Missing cached shader map for material FMatExpressionPreview MaterialExpressionTextureSample_0, compiling. 
[2020.02.03-16.35.56:064][115]LogShaderCompilers: Display: Worker (8/21): shaders left to compile 5
[2020.02.03-16.35.56:173][119]LogShaderCompilers: Display: Worker (1/21): shaders left to compile 4
[2020.02.03-16.35.56:173][119]LogShaderCompilers: Display: Worker (3/21): shaders left to compile 3
[2020.02.03-16.35.56:200][120]LogShaderCompilers: Display: Worker (2/21): shaders left to compile 2
[2020.02.03-16.35.56:200][120]LogShaderCompilers: Display: Worker (4/21): shaders left to compile 1
[2020.02.03-16.35.56:509][132]LogMaterialEditor: Applying material Rogers_Centre_Texture
[2020.02.03-16.35.57:049][132]LogMaterial: Display: Missing cached shader map for material Rogers_Centre_Texture, compiling. 
[2020.02.03-16.35.57:109][132]LogShaderCompilers: Display: Worker (1/21): shaders left to compile 21
[2020.02.03-16.35.57:109][132]LogShaderCompilers: Display: Worker (2/21): shaders left to compile 20
[2020.02.03-16.35.57:109][132]LogShaderCompilers: Display: Worker (3/21): shaders left to compile 19
[2020.02.03-16.35.57:109][132]LogShaderCompilers: Display: Worker (4/21): shaders left to compile 18
[2020.02.03-16.35.57:109][132]LogShaderCompilers: Display: Worker (5/21): shaders left to compile 17
[2020.02.03-16.35.57:109][132]LogShaderCompilers: Display: Worker (6/21): shaders left to compile 16
[2020.02.03-16.35.57:109][132]LogShaderCompilers: Display: Worker (7/21): shaders left to compile 15
[2020.02.03-16.35.57:109][132]LogShaderCompilers: Display: Worker (8/21): shaders left to compile 14
[2020.02.03-16.35.57:109][132]LogShaderCompilers: Display: Worker (9/21): shaders left to compile 13
[2020.02.03-16.35.57:109][132]LogShaderCompilers: Display: Worker (10/21): shaders left to compile 12
[2020.02.03-16.35.57:109][132]LogShaderCompilers: Display: Worker (11/21): shaders left to compile 11
[2020.02.03-16.35.57:109][132]LogShaderCompilers: Display: Worker (12/21): shaders left to compile 10
[2020.02.03-16.35.57:109][132]LogShaderCompilers: Display: Worker (13/21): shaders left to compile 9
[2020.02.03-16.35.57:109][132]LogShaderCompilers: Display: Worker (14/21): shaders left to compile 8
[2020.02.03-16.35.57:109][132]LogShaderCompilers: Display: Worker (15/21): shaders left to compile 7
[2020.02.03-16.35.57:109][132]LogShaderCompilers: Display: Worker (16/21): shaders left to compile 6
[2020.02.03-16.35.57:109][132]LogShaderCompilers: Display: Worker (17/21): shaders left to compile 5
[2020.02.03-16.35.57:109][132]LogShaderCompilers: Display: Worker (18/21): shaders left to compile 4
[2020.02.03-16.35.57:109][132]LogShaderCompilers: Display: Worker (19/21): shaders left to compile 3
[2020.02.03-16.35.57:109][132]LogShaderCompilers: Display: Worker (20/21): shaders left to compile 2
[2020.02.03-16.35.57:124][132]LogMaterial: Display: Missing cached shader map for material Rogers_Centre_Texture, compiling. 
[2020.02.03-16.35.57:149][132]LogMaterial: Display: Missing cached shader map for material Rogers_Centre_Texture, compiling. 
[2020.02.03-16.35.57:218][132]LogUObjectHash: Compacting FUObjectHashTables data took   1.99ms
[2020.02.03-16.35.57:238][132]LogMaterial: Display: Missing cached shader map for material DebugViewMode MaterialTexCoordScale, compiling. 
[2020.02.03-16.35.57:839][132]LogShaderCompilers: Display: Worker (8/21): shaders left to compile 25
[2020.02.03-16.35.57:839][132]LogShaderCompilers: Display: Worker (1/21): shaders left to compile 24
[2020.02.03-16.35.57:839][132]LogShaderCompilers: Display: Worker (2/21): shaders left to compile 23
[2020.02.03-16.35.57:839][132]LogShaderCompilers: Display: Worker (3/21): shaders left to compile 22
[2020.02.03-16.35.57:839][132]LogShaderCompilers: Display: Worker (7/21): shaders left to compile 20
[2020.02.03-16.35.57:839][132]LogShaderCompilers: Display: Worker (9/21): shaders left to compile 18
[2020.02.03-16.35.57:840][132]LogShaderCompilers: Display: Worker (4/21): shaders left to compile 17
[2020.02.03-16.35.57:840][132]LogShaderCompilers: Display: Worker (5/21): shaders left to compile 16
[2020.02.03-16.35.57:840][132]LogShaderCompilers: Display: Worker (6/21): shaders left to compile 15
[2020.02.03-16.35.57:840][132]LogShaderCompilers: Display: Worker (12/21): shaders left to compile 14
[2020.02.03-16.35.57:840][132]LogShaderCompilers: Display: Worker (15/21): shaders left to compile 13
[2020.02.03-16.35.57:840][132]LogShaderCompilers: Display: Worker (18/21): shaders left to compile 12
[2020.02.03-16.35.57:840][132]LogShaderCompilers: Display: Worker (1/21): shaders left to compile 11
[2020.02.03-16.35.57:840][132]LogShaderCompilers: Display: Worker (6/21): shaders left to compile 10
[2020.02.03-16.35.57:840][132]LogShaderCompilers: Display: Worker (8/21): shaders left to compile 9
[2020.02.03-16.35.57:840][132]LogShaderCompilers: Display: Worker (2/21): shaders left to compile 8
[2020.02.03-16.35.57:841][132]TextureStreamingBuild: Display: Compiling optional shaders took 0.623 seconds.
[2020.02.03-16.35.57:892][132]LogUObjectHash: Compacting FUObjectHashTables data took   1.17ms
[2020.02.03-16.35.57:940][133]LogShaderCompilers: Display: Worker (10/21): shaders left to compile 7
[2020.02.03-16.35.57:940][133]LogShaderCompilers: Display: Worker (5/21): shaders left to compile 6
[2020.02.03-16.35.57:940][133]LogShaderCompilers: Display: Worker (9/21): shaders left to compile 5
[2020.02.03-16.35.57:941][133]LogShaderCompilers: Display: Worker (4/21): shaders left to compile 4
[2020.02.03-16.35.57:941][133]LogShaderCompilers: Display: Worker (11/21): shaders left to compile 3
[2020.02.03-16.35.57:941][133]LogShaderCompilers: Display: Worker (12/21): shaders left to compile 2
[2020.02.03-16.35.57:941][133]LogShaderCompilers: Display: Worker (13/21): shaders left to compile 1
[2020.02.03-16.35.58:571][163]MaterialEditorStats: Base pass shader: 120 instructions
[2020.02.03-16.35.58:571][163]MaterialEditorStats: Base pass shader with Volumetric Lightmap: 194 instructions
[2020.02.03-16.35.58:572][163]MaterialEditorStats: Base pass vertex shader: 44 instructions
[2020.02.03-16.35.58:572][163]MaterialEditorStats: Texture samplers: 4/16
[2020.02.03-16.35.58:572][163]MaterialEditorStats: Texture Lookups (Est.): VS(0), PS(1)
[2020.02.03-16.35.58:572][163]MaterialEditorStats: User interpolators: 2/4 Scalars (1/4 Vectors) (TexCoords: 2, Custom: 0)
[2020.02.03-16.35.59:609][241]LogSlate: Window 'Rogers_Centre_Texture' being destroyed
[2020.02.03-16.35.59:614][241]LogSlate: Window 'Rogers_Centre_Texture' being destroyed
[2020.02.03-16.35.59:662][241]LogWorld: UWorld::CleanupWorld for World_4, bSessionEnded=true, bCleanupResources=true
[2020.02.03-16.37.12:184][745]LogSlate: Took 0.008258 seconds to synchronously load lazily loaded font '../../../Engine/Content/Slate/Fonts/Roboto-Italic.ttf' (157K)
[2020.02.03-16.42.46:516][185]LogEditorViewport: Clicking on Actor (LMB): DirectionalLight (Light Source)
[2020.02.03-16.43.01:369][574]LogEditorViewport: Clicking on Actor (LMB): BP_Sky_Sphere_C (Sky Sphere)
[2020.02.03-16.43.08:489][776]LogSlate: FSceneViewport::OnFocusLost() reason 0
[2020.02.03-16.43.32:827][860]LogUObjectHash: Compacting FUObjectHashTables data took   2.42ms
[2020.02.03-16.43.33:208][860]LogSavePackage: Moving '../../../../../../Users/Graphic.SJH519-000W/Documents/GitHub/Stolemates/Stolenmates/Saved/Final_Level_Auto152483C7A4BBD5217E7FF519FF26FB508.tmp' to '../../../../../../Users/Graphic.SJH519-000W/Documents/GitHub/Stolemates/Stolenmates/Saved/Autosaves/Game/Levels/Final_Level_Auto1.umap'
[2020.02.03-16.43.33:232][860]LogFileHelpers: Editor autosave (incl. sublevels) for '/Game/Levels/Final_Level' took 0.457
[2020.02.03-16.43.33:232][860]LogFileHelpers: Editor autosave (incl. sublevels) for all levels took 0.457
[2020.02.03-16.43.33:233][860]OBJ SavePackage: Generating thumbnails for [1] asset(s) in package [/Game/Models/Rogers_Centre_Texture] ([1] browsable assets)...
[2020.02.03-16.43.33:271][860]OBJ SavePackage:     Rendered thumbnail for [Material /Game/Models/Rogers_Centre_Texture.Rogers_Centre_Texture]
[2020.02.03-16.43.33:271][860]OBJ SavePackage: Finished generating thumbnails for package [/Game/Models/Rogers_Centre_Texture]
[2020.02.03-16.43.33:306][860]LogSavePackage: Moving '../../../../../../Users/Graphic.SJH519-000W/Documents/GitHub/Stolemates/Stolenmates/Saved/Rogers_Centre_Texture_Auto1A12471A94D47EE8E86D8A7B4630898E9.tmp' to '../../../../../../Users/Graphic.SJH519-000W/Documents/GitHub/Stolemates/Stolenmates/Saved/Autosaves/Game/Models/Rogers_Centre_Texture_Auto1.uasset'
[2020.02.03-16.43.33:307][860]OBJ SavePackage: Generating thumbnails for [1] asset(s) in package [/Game/Models/RogersCenter_Final__2_] ([1] browsable assets)...
[2020.02.03-16.43.33:339][860]OBJ SavePackage:     Rendered thumbnail for [StaticMesh /Game/Models/RogersCenter_Final__2_.RogersCenter_Final__2_]
[2020.02.03-16.43.33:339][860]OBJ SavePackage: Finished generating thumbnails for package [/Game/Models/RogersCenter_Final__2_]
[2020.02.03-16.43.33:369][860]LogSavePackage: Moving '../../../../../../Users/Graphic.SJH519-000W/Documents/GitHub/Stolemates/Stolenmates/Saved/RogersCenter_Final__2__Auto17A552E7F4D8722CC2BDEFD911140FEB9.tmp' to '../../../../../../Users/Graphic.SJH519-000W/Documents/GitHub/Stolemates/Stolenmates/Saved/Autosaves/Game/Models/RogersCenter_Final__2__Auto1.uasset'
[2020.02.03-16.43.33:370][860]OBJ SavePackage: Generating thumbnails for [1] asset(s) in package [/Game/Models/RogersCenter_Final_04_-_Default_BaseColor__2_] ([1] browsable assets)...
[2020.02.03-16.43.33:379][860]OBJ SavePackage:     Rendered thumbnail for [Texture2D /Game/Models/RogersCenter_Final_04_-_Default_BaseColor__2_.RogersCenter_Final_04_-_Default_BaseColor__2_]
[2020.02.03-16.43.33:379][860]OBJ SavePackage: Finished generating thumbnails for package [/Game/Models/RogersCenter_Final_04_-_Default_BaseColor__2_]
[2020.02.03-16.43.33:393][860]LogSavePackage: Moving '../../../../../../Users/Graphic.SJH519-000W/Documents/GitHub/Stolemates/Stolenmates/Saved/RogersCenter_Final_04_-_Default_C544AAE54CF21676259F10A36582A387.tmp' to '../../../../../../Users/Graphic.SJH519-000W/Documents/GitHub/Stolemates/Stolenmates/Saved/Autosaves/Game/Models/RogersCenter_Final_04_-_Default_BaseColor__2__Auto1.uasset'
[2020.02.03-16.43.33:394][860]LogFileHelpers: Auto-saving content packages took 0.161
[2020.02.03-19.38.45:799][535]LogFactory: FactoryCreateFile: StaticMesh with FbxFactory (0 0 C:\Users\Graphic.SJH519-000W\Downloads\Bathroom_Fixed.fbx)
[2020.02.03-19.38.45:812][535]LogFbx: Loading FBX Scene from C:\Users\Graphic.SJH519-000W\Downloads\Bathroom_Fixed.fbx
[2020.02.03-19.38.45:824][535]LogFbx: FBX Scene Loaded Succesfully
[2020.02.03-19.38.45:837][535]LogSlate: FSceneViewport::OnFocusLost() reason 5
[2020.02.03-19.38.47:133][535]LogSlate: Window 'FBX Import Options' being destroyed
[2020.02.03-19.38.47:618][535]LogMaterial: Display: Missing cached shader map for material Material__150, compiling. 
[2020.02.03-19.38.47:639][535]LogShaderCompilers: Display: Worker (1/21): shaders left to compile 22
[2020.02.03-19.38.47:639][535]LogShaderCompilers: Display: Worker (2/21): shaders left to compile 20
[2020.02.03-19.38.47:639][535]LogShaderCompilers: Display: Worker (3/21): shaders left to compile 18
[2020.02.03-19.38.47:639][535]LogShaderCompilers: Display: Worker (4/21): shaders left to compile 16
[2020.02.03-19.38.47:639][535]LogShaderCompilers: Display: Worker (5/21): shaders left to compile 14
[2020.02.03-19.38.47:639][535]LogShaderCompilers: Display: Worker (6/21): shaders left to compile 12
[2020.02.03-19.38.47:639][535]LogShaderCompilers: Display: Worker (7/21): shaders left to compile 10
[2020.02.03-19.38.47:639][535]LogShaderCompilers: Display: Worker (8/21): shaders left to compile 8
[2020.02.03-19.38.47:639][535]LogShaderCompilers: Display: Worker (9/21): shaders left to compile 6
[2020.02.03-19.38.47:639][535]LogShaderCompilers: Display: Worker (10/21): shaders left to compile 4
[2020.02.03-19.38.47:639][535]LogShaderCompilers: Display: Worker (11/21): shaders left to compile 2
[2020.02.03-19.38.47:639][535]LogFbx: Display: Triangulating static mesh Bathroom
[2020.02.03-19.38.47:756][535]LogStaticMesh: Building static mesh Bathroom_Fixed...
[2020.02.03-19.38.47:793][535]LogStaticMesh: Built static mesh [0.04s] /Game/Models/Bathroom_Fixed.Bathroom_Fixed
[2020.02.03-19.38.47:800][535]LogStaticMesh: Warning: Bathroom_Fixed has degenerate tangent bases which will result in incorrect shading.  MikkTSpace relies on tangent bases and may result in mesh corruption, consider disabling this option.
[2020.02.03-19.38.47:800][535]LogStaticMesh: Warning: Bathroom_Fixed has some nearly zero bi-normals which can create some issues. (Tolerance of 1E-4)
[2020.02.03-19.38.47:817][535]FBXImport: Warning: Bathroom_Fixed has degenerate tangent bases which will result in incorrect shading.  MikkTSpace relies on tangent bases and may result in mesh corruption, consider disabling this option. 
[2020.02.03-19.38.47:817][535]FBXImport: Warning: Bathroom_Fixed has some nearly zero bi-normals which can create some issues. (Tolerance of 1E-4) 
[2020.02.03-19.38.49:510][614]LogSlate: Window 'Message Log' being destroyed
[2020.02.03-19.38.49:515][614]LogSlate: Window 'Message Log' being destroyed
[2020.02.03-19.38.50:299][659]LogActorFactory: Actor Factory created Bathroom_Fixed
[2020.02.03-19.38.50:975][718]LogActorFactory: Actor Factory created Bathroom_Fixed
[2020.02.03-19.39.16:959][ 61]LogSlate: FSceneViewport::OnFocusLost() reason 0
[2020.02.03-19.39.31:965][270]LogSlate: FSceneViewport::OnFocusLost() reason 0
[2020.02.03-19.39.37:474][723]LogEditorViewport: Clicking on Actor (LMB): StaticMeshActor (Bathroom_Coloured)
[2020.02.03-19.39.38:337][810]LogEditorViewport: Clicking on Actor (LMB): StaticMeshActor (Bathroom_Fixed)
[2020.02.03-19.39.38:985][844]LogSlate: FSceneViewport::OnFocusLost() reason 0
[2020.02.03-19.39.44:715][349]LogEditorViewport: Clicking on Actor (LMB): StaticMeshActor (Bathroom_Coloured)
[2020.02.03-19.39.45:814][466]LogEditorViewport: Clicking on Actor (LMB): StaticMeshActor (Bathroom_Fixed)
[2020.02.03-19.39.47:828][597]LogEditorViewport: Clicking on Actor (LMB): StaticMeshActor (Bathroom_Fixed)
[2020.02.03-19.39.48:625][686]LogEditorViewport: Clicking on Actor (LMB): StaticMeshActor (Bathroom_Coloured)
[2020.02.03-19.39.49:771][807]LogEditorViewport: Clicking on Actor (LMB): StaticMeshActor (Bathroom_Fixed)
[2020.02.03-19.39.51:211][958]LogEditorViewport: Clicking on Actor (LMB): StaticMeshActor (Bathroom_Coloured)
[2020.02.03-19.39.51:883][ 25]LogEditorViewport: Clicking on Actor (LMB): StaticMeshActor (Bathroom_Fixed)
[2020.02.03-19.39.53:730][167]LogSlate: FSceneViewport::OnFocusLost() reason 0
[2020.02.03-19.39.57:037][448]LogEditorViewport: Clicking on Actor (LMB): StaticMeshActor (Bathroom_Coloured)
[2020.02.03-19.39.58:094][561]LogEditorViewport: Clicking on Actor (LMB): StaticMeshActor (Bathroom_Fixed)
[2020.02.03-19.39.59:892][721]LogEditorViewport: Clicking on Actor (LMB): StaticMeshActor (Bathroom_Coloured)
[2020.02.03-19.40.00:466][777]LogEditorViewport: Clicking on Actor (LMB): StaticMeshActor (Bathroom_Fixed)
[2020.02.03-19.40.01:510][832]LogSlate: FSceneViewport::OnFocusLost() reason 0
[2020.02.03-19.40.05:366][207]LogEditorViewport: Clicking on Actor (LMB): StaticMeshActor (Bathroom_Coloured)
[2020.02.03-19.40.14:184][942]LogEditorViewport: Clicking on Actor (LMB): StaticMeshActor (Bathroom_Fixed)
[2020.02.03-19.40.15:440][ 23]LogSlate: FSceneViewport::OnFocusLost() reason 0
[2020.02.03-19.40.16:680][145]LogEditorViewport: Clicking on Actor (LMB): StaticMeshActor (Bathroom_Coloured)
[2020.02.03-19.40.27:539][266]LogEditorViewport: Clicking on Actor (LMB): StaticMeshActor (Bathroom_Fixed)
[2020.02.03-19.40.28:821][345]LogSlate: FSceneViewport::OnFocusLost() reason 0
[2020.02.03-19.40.38:182][292]LogEditorViewport: Clicking on Actor (LMB): StaticMeshActor (Bathroom_Coloured)
[2020.02.03-19.40.40:984][539]LogEditorViewport: Clicking on Actor (LMB): StaticMeshActor (Bathroom_Fixed)
[2020.02.03-19.40.43:891][738]LogSlate: FSceneViewport::OnFocusLost() reason 0
[2020.02.03-19.40.48:721][ 66]LogSlate: FSceneViewport::OnFocusLost() reason 0
[2020.02.03-19.40.55:670][695]LogSlate: FSceneViewport::OnFocusLost() reason 0
[2020.02.03-19.41.06:292][698]LogEditorViewport: Clicking on Actor (LMB): StaticMeshActor (Bathroom_Coloured)
[2020.02.03-19.41.07:009][765]LogEditorViewport: Clicking on Actor (LMB): StaticMeshActor (Bathroom_Fixed)
[2020.02.03-19.41.14:297][471]LogEditorViewport: Clicking on Actor (LMB): StaticMeshActor (Bathroom_Coloured)
[2020.02.03-19.41.14:813][511]Cmd: DELETE
[2020.02.03-19.41.14:814][511]Cmd: ACTOR DELETE
[2020.02.03-19.41.14:822][511]LogEditorActor: Deleted Actor: StaticMeshActor
[2020.02.03-19.41.14:870][511]LogUObjectHash: Compacting FUObjectHashTables data took   3.31ms
[2020.02.03-19.41.14:870][511]LogEditorActor: Deleted 1 Actors (0.057 secs)
[2020.02.03-19.41.22:164][346]LogEditorViewport: Clicking on Actor (LMB): StaticMeshActor (Bathroom_Fixed)
[2020.02.03-19.41.30:183][112]LogEditorViewport: Clicking on Actor (LMB): StaticMeshActor (HeartPond)
[2020.02.03-19.41.31:287][161]LogSlate: FSceneViewport::OnFocusLost() reason 0
[2020.02.03-19.41.31:451][173]LogUObjectHash: Compacting FUObjectHashTables data took   0.83ms
[2020.02.03-19.41.32:275][173]LogSlate: Window 'Save Content' being destroyed
[2020.02.03-19.41.32:337][173]LogUObjectHash: Compacting FUObjectHashTables data took   0.85ms
[2020.02.03-19.41.32:699][173]LogSavePackage: Moving '../../../../../../Users/Graphic.SJH519-000W/Documents/GitHub/Stolemates/Stolenmates/Saved/Final_LevelF6953F984AEE70AB0A22A9AE777D1380.tmp' to '../../../../../../Users/Graphic.SJH519-000W/Documents/GitHub/Stolemates/Stolenmates/Content/Levels/Final_Level.umap'
[2020.02.03-19.41.32:753][173]LogFileHelpers: Saving map 'Final_Level' took 0.463
[2020.02.03-19.41.32:773][173]Cmd: OBJ SAVEPACKAGE PACKAGE="/Game/Models/Bathroom_Fixed" FILE="../../../../../../Users/Graphic.SJH519-000W/Documents/GitHub/Stolemates/Stolenmates/Content/Models/Bathroom_Fixed.uasset" SILENT=true
[2020.02.03-19.41.32:803][173]LogSavePackage: Moving '../../../../../../Users/Graphic.SJH519-000W/Documents/GitHub/Stolemates/Stolenmates/Saved/Bathroom_Fixed16BA56104EBFEB7226207D9FD30010AC.tmp' to '../../../../../../Users/Graphic.SJH519-000W/Documents/GitHub/Stolemates/Stolenmates/Content/Models/Bathroom_Fixed.uasset'
[2020.02.03-19.41.32:825][173]Cmd: OBJ SAVEPACKAGE PACKAGE="/Game/Models/Material__150" FILE="../../../../../../Users/Graphic.SJH519-000W/Documents/GitHub/Stolemates/Stolenmates/Content/Models/Material__150.uasset" SILENT=true
[2020.02.03-19.41.32:843][173]LogSavePackage: Moving '../../../../../../Users/Graphic.SJH519-000W/Documents/GitHub/Stolemates/Stolenmates/Saved/Material__15044637C8F43FEF3A606BD59BEA9F33E07.tmp' to '../../../../../../Users/Graphic.SJH519-000W/Documents/GitHub/Stolemates/Stolenmates/Content/Models/Material__150.uasset'
[2020.02.03-19.41.32:867][173]LogSavePackage: Moving '../../../../../../Users/Graphic.SJH519-000W/Documents/GitHub/Stolemates/Stolenmates/Saved/Rogers_Centre_Texture65EF0DB24430399E3B4E0E9F5D70BBF1.tmp' to '../../../../../../Users/Graphic.SJH519-000W/Documents/GitHub/Stolemates/Stolenmates/Content/Models/Rogers_Centre_Texture.uasset'
[2020.02.03-19.41.32:937][173]LogSavePackage: Moving '../../../../../../Users/Graphic.SJH519-000W/Documents/GitHub/Stolemates/Stolenmates/Saved/RogersCenter_Final_04_-_Default_77B9035D4B55720F3BB0E4B2D32E3FE9.tmp' to '../../../../../../Users/Graphic.SJH519-000W/Documents/GitHub/Stolemates/Stolenmates/Content/Models/RogersCenter_Final_04_-_Default_BaseColor__2_.uasset'
[2020.02.03-19.41.32:967][173]LogSavePackage: Moving '../../../../../../Users/Graphic.SJH519-000W/Documents/GitHub/Stolemates/Stolenmates/Saved/RogersCenter_Final__2_48151F24479FC33CFF03E9B112DDBD11.tmp' to '../../../../../../Users/Graphic.SJH519-000W/Documents/GitHub/Stolemates/Stolenmates/Content/Models/RogersCenter_Final__2_.uasset'
[2020.02.03-19.43.21:171][136]LogSlate: FSceneViewport::OnFocusLost() reason 0
