Log file open, 04/09/20 01:44:16
LogWindows: Failed to load 'aqProf.dll' (GetLastError=126)
LogWindows: File 'aqProf.dll' does not exist
LogWindows: Failed to load 'VtuneApi.dll' (GetLastError=126)
LogWindows: File 'VtuneApi.dll' does not exist
LogWindows: Failed to load 'VtuneApi32e.dll' (GetLastError=126)
LogWindows: File 'VtuneApi32e.dll' does not exist
LogConsoleResponse: Display: Failed to find resolution value strings in scalability ini. Falling back to default.
LogInit: Display: Running engine for game: Stolenmates
LogPlatformFile: Not using cached read wrapper
LogTaskGraph: Started task graph with 5 named threads and 14 total threads with 3 sets of task threads.
LogStats: Stats thread started at 0.067803
LogD3D11RHI: Loaded GFSDK_Aftermath_Lib.x64.dll
LogICUInternationalization: ICU TimeZone Detection - Raw Offset: -5:00, Platform Override: ''
LogPluginManager: Mounting plugin Paper2D
LogPluginManager: Mounting plugin AISupport
LogPluginManager: Mounting plugin LightPropagationVolume
LogPluginManager: Mounting plugin ActorLayerUtilities
LogPluginManager: Mounting plugin AnimationSharing
LogPluginManager: Mounting plugin CLionSourceCodeAccess
LogPluginManager: Mounting plugin CodeLiteSourceCodeAccess
LogPluginManager: Mounting plugin GitSourceControl
LogPluginManager: Mounting plugin KDevelopSourceCodeAccess
LogPluginManager: Mounting plugin NullSourceCodeAccess
LogPluginManager: Mounting plugin PerforceSourceControl
LogPluginManager: Mounting plugin SubversionSourceControl
LogPluginManager: Mounting plugin UObjectPlugin
LogPluginManager: Mounting plugin VisualStudioCodeSourceCodeAccess
LogPluginManager: Mounting plugin VisualStudioSourceCodeAccess
LogPluginManager: Mounting plugin XCodeSourceCodeAccess
LogPluginManager: Mounting plugin AssetManagerEditor
LogPluginManager: Mounting plugin CryptoKeys
LogPluginManager: Mounting plugin CurveEditorTools
LogPluginManager: Mounting plugin DataValidation
LogPluginManager: Mounting plugin FacialAnimation
LogPluginManager: Mounting plugin GameplayTagsEditor
LogPluginManager: Mounting plugin MacGraphicsSwitching
LogPluginManager: Mounting plugin MaterialAnalyzer
LogPluginManager: Mounting plugin MobileLauncherProfileWizard
LogPluginManager: Mounting plugin PluginBrowser
LogPluginManager: Mounting plugin SpeedTreeImporter
LogPluginManager: Mounting plugin DatasmithContent
LogPluginManager: Mounting plugin VariantManagerContent
LogPluginManager: Mounting plugin AlembicImporter
LogPluginManager: Mounting plugin AutomationUtils
LogPluginManager: Mounting plugin BackChannel
LogPluginManager: Mounting plugin CharacterAI
LogPluginManager: Mounting plugin GeometryCache
LogPluginManager: Mounting plugin HTML5Networking
LogPluginManager: Mounting plugin PlatformCrypto
LogPluginManager: Mounting plugin ProxyLODPlugin
LogPluginManager: Mounting plugin SkeletalReduction
LogPluginManager: Mounting plugin HoudiniNiagara
LogPluginManager: Mounting plugin Niagara
LogPluginManager: Mounting plugin NiagaraExtras
LogPluginManager: Mounting plugin MagicLeap
LogPluginManager: Mounting plugin MagicLeapMedia
LogPluginManager: Mounting plugin AndroidMedia
LogPluginManager: Mounting plugin AvfMedia
LogPluginManager: Mounting plugin ImgMedia
LogPluginManager: Mounting plugin MediaCompositing
LogPluginManager: Mounting plugin MediaPlayerEditor
LogPluginManager: Mounting plugin WebMMedia
LogPluginManager: Mounting plugin WmfMedia
LogPluginManager: Mounting plugin TcpMessaging
LogPluginManager: Mounting plugin UdpMessaging
LogPluginManager: Mounting plugin ActorSequence
LogPluginManager: Mounting plugin LevelSequenceEditor
LogPluginManager: Mounting plugin MatineeToLevelSequence
LogPluginManager: Mounting plugin NetcodeUnitTest
LogPluginManager: Mounting plugin NUTUnrealEngine4
LogPluginManager: Mounting plugin OnlineSubsystemGooglePlay
LogPluginManager: Mounting plugin OnlineSubsystemIOS
LogPluginManager: Mounting plugin OnlineSubsystem
LogPluginManager: Mounting plugin OnlineSubsystemNull
LogPluginManager: Mounting plugin OnlineSubsystemUtils
LogPluginManager: Mounting plugin LauncherChunkInstaller
LogPluginManager: Mounting plugin AndroidDeviceProfileSelector
LogPluginManager: Mounting plugin AndroidMoviePlayer
LogPluginManager: Mounting plugin AndroidPermission
LogPluginManager: Mounting plugin AppleImageUtils
LogPluginManager: Mounting plugin AppleMoviePlayer
LogPluginManager: Mounting plugin ArchVisCharacter
LogPluginManager: Mounting plugin AudioCapture
LogPluginManager: Mounting plugin CableComponent
LogPluginManager: Mounting plugin CustomMeshComponent
LogPluginManager: Mounting plugin EditableMesh
LogPluginManager: Mounting plugin ExampleDeviceProfileSelector
LogPluginManager: Mounting plugin GoogleCloudMessaging
LogPluginManager: Mounting plugin IOSDeviceProfileSelector
LogPluginManager: Mounting plugin LinuxDeviceProfileSelector
LogPluginManager: Mounting plugin LocationServicesBPLibrary
LogPluginManager: Mounting plugin MobilePatchingUtils
LogPluginManager: Mounting plugin OculusVR
LogPluginManager: Mounting plugin PhysXVehicles
LogPluginManager: Mounting plugin ProceduralMeshComponent
LogPluginManager: Mounting plugin RuntimePhysXCooking
LogPluginManager: Mounting plugin SignificanceManager
LogPluginManager: Mounting plugin SteamVR
LogPluginManager: Mounting plugin WebMMoviePlayer
LogPluginManager: Mounting plugin WindowsMoviePlayer
LogPluginManager: Mounting plugin ScreenshotTools
LogInit: Using libcurl 7.55.1-DEV
LogInit:  - built for x86_64-pc-win32
LogInit:  - supports SSL with OpenSSL/1.1.1
LogInit:  - supports HTTP deflate (compression) using libz 1.2.8
LogInit:  - other features:
LogInit:      CURL_VERSION_SSL
LogInit:      CURL_VERSION_LIBZ
LogInit:      CURL_VERSION_IPV6
LogInit:      CURL_VERSION_ASYNCHDNS
LogInit:      CURL_VERSION_LARGEFILE
LogInit:      CURL_VERSION_IDN
LogInit:  CurlRequestOptions (configurable via config and command line):
LogInit:  - bVerifyPeer = true  - Libcurl will verify peer certificate
LogInit:  - bUseHttpProxy = false  - Libcurl will NOT use HTTP proxy
LogInit:  - bDontReuseConnections = false  - Libcurl will reuse connections
LogInit:  - MaxHostConnections = 16  - Libcurl will limit the number of connections to a host
LogInit:  - LocalHostAddr = Default
LogInit:  - BufferSize = 65536
LogOnline: OSS: Creating online subsystem instance for: NULL
LogInit: WinSock: version 1.1 (2.2), MaxSocks=32767, MaxUdp=65467
LogInit: Build: ++UE4+Release-4.23-CL-9631420
LogInit: Engine Version: 4.23.1-9631420+++UE4+Release-4.23
LogInit: Compatible Engine Version: 4.23.0-8386587+++UE4+Release-4.23
LogInit: Net CL: 8386587
LogInit: OS: Windows 10 (Release 1903) (), CPU: Intel(R) Core(TM) i5-4690K CPU @ 3.50GHz, GPU: NVIDIA GeForce GTX 750 Ti
LogInit: Compiled (64-bit): Oct 18 2019 02:07:44
LogInit: Compiled with Visual C++: 19.16.27030.01
LogInit: Build Configuration: Development
LogInit: Branch Name: ++UE4+Release-4.23
LogInit: Command Line:  -EpicPortal -epicusername=blon_die_ -epicuserid=93c9e6b38a17407db3f59ed76ab178f2 -epiclocale=en
LogInit: Base Directory: F:/UE_4.23/Engine/Binaries/Win64/
LogInit: Installed Engine Build: 1
LogDevObjectVersion: Number of dev versions registered: 23
LogDevObjectVersion:   Dev-Blueprints (B0D832E4-1F89-4F0D-ACCF-7EB736FD4AA2): 10
LogDevObjectVersion:   Dev-Build (E1C64328-A22C-4D53-A36C-8E866417BD8C): 0
LogDevObjectVersion:   Dev-Core (375EC13C-06E4-48FB-B500-84F0262A717E): 3
LogDevObjectVersion:   Dev-Editor (E4B068ED-F494-42E9-A231-DA0B2E46BB41): 34
LogDevObjectVersion:   Dev-Framework (CFFC743F-43B0-4480-9391-14DF171D2073): 35
LogDevObjectVersion:   Dev-Mobile (B02B49B5-BB20-44E9-A304-32B752E40360): 2
LogDevObjectVersion:   Dev-Networking (A4E4105C-59A1-49B5-A7C5-40C4547EDFEE): 0
LogDevObjectVersion:   Dev-Online (39C831C9-5AE6-47DC-9A44-9C173E1C8E7C): 0
LogDevObjectVersion:   Dev-Physics (78F01B33-EBEA-4F98-B9B4-84EACCB95AA2): 0
LogDevObjectVersion:   Dev-Platform (6631380F-2D4D-43E0-8009-CF276956A95A): 0
LogDevObjectVersion:   Dev-Rendering (12F88B9F-8875-4AFC-A67C-D90C383ABD29): 31
LogDevObjectVersion:   Dev-Sequencer (7B5AE74C-D270-4C10-A958-57980B212A5A): 11
LogDevObjectVersion:   Dev-VR (D7296918-1DD6-4BDD-9DE2-64A83CC13884): 2
LogDevObjectVersion:   Dev-LoadTimes (C2A15278-BFE7-4AFE-6C17-90FF531DF755): 1
LogDevObjectVersion:   Private-Geometry (6EACA3D4-40EC-4CC1-B786-8BED09428FC5): 3
LogDevObjectVersion:   Dev-AnimPhys (29E575DD-E0A3-4627-9D10-D276232CDCEA): 17
LogDevObjectVersion:   Dev-Anim (AF43A65D-7FD3-4947-9873-3E8ED9C1BB05): 2
LogDevObjectVersion:   Dev-ReflectionCapture (6B266CEC-1EC7-4B8F-A30B-E4D90942FC07): 1
LogDevObjectVersion:   Dev-Automation (0DF73D61-A23F-47EA-B727-89E90C41499A): 1
LogDevObjectVersion:   FortniteMain (601D1886-AC64-4F84-AA16-D3DE0DEAC7D6): 27
LogDevObjectVersion:   Dev-Enterprise (9DFFBCD6-494F-0158-E221-12823C92A888): 6
LogDevObjectVersion:   Dev-Niagara (F2AED0AC-9AFE-416F-8664-AA7FFA26D6FC): 1
LogDevObjectVersion:   Dev-Destruction (174F1F0B-B4C6-45A5-B13F-2EE8D0FB917D): 9
LogInit: Presizing for max 16777216 objects, including 0 objects not considered by GC, pre-allocating 0 bytes for permanent pool.
LogInit: Object subsystem initialized
LogConfig: Setting CVar [[con.DebugEarlyDefault:1]]
LogConfig: Setting CVar [[r.setres:1280x720]]
[2020.04.09-05.44.16:223][  0]LogConfig: Setting CVar [[r.VSync:0]]
[2020.04.09-05.44.16:223][  0]LogConfig: Setting CVar [[r.RHICmdBypass:0]]
[2020.04.09-05.44.16:223][  0]LogConfig: Applying CVar settings from Section [/Script/Engine.RendererSettings] File [C:/Users/Caleigh/Documents/GitHub/Stolemates/Stolenmates/Saved/Config/Windows/Engine.ini]
[2020.04.09-05.44.16:223][  0]LogConfig: Setting CVar [[r.GPUCrashDebugging:0]]
[2020.04.09-05.44.16:223][  0]LogConfig: Setting CVar [[r.DefaultFeature.AutoExposure.ExtendDefaultLuminanceRange:1]]
[2020.04.09-05.44.16:223][  0]LogConfig: Applying CVar settings from Section [/Script/Engine.RendererOverrideSettings] File [C:/Users/Caleigh/Documents/GitHub/Stolemates/Stolenmates/Saved/Config/Windows/Engine.ini]
[2020.04.09-05.44.16:223][  0]LogConfig: Applying CVar settings from Section [/Script/Engine.StreamingSettings] File [C:/Users/Caleigh/Documents/GitHub/Stolemates/Stolenmates/Saved/Config/Windows/Engine.ini]
[2020.04.09-05.44.16:223][  0]LogConfig: Setting CVar [[s.MinBulkDataSizeForAsyncLoading:131072]]
[2020.04.09-05.44.16:223][  0]LogConfig: Setting CVar [[s.AsyncLoadingThreadEnabled:0]]
[2020.04.09-05.44.16:223][  0]LogConfig: Setting CVar [[s.EventDrivenLoaderEnabled:1]]
[2020.04.09-05.44.16:223][  0]LogConfig: Setting CVar [[s.WarnIfTimeLimitExceeded:0]]
[2020.04.09-05.44.16:223][  0]LogConfig: Setting CVar [[s.TimeLimitExceededMultiplier:1.5]]
[2020.04.09-05.44.16:223][  0]LogConfig: Setting CVar [[s.TimeLimitExceededMinTime:0.005]]
[2020.04.09-05.44.16:223][  0]LogConfig: Setting CVar [[s.UseBackgroundLevelStreaming:1]]
[2020.04.09-05.44.16:223][  0]LogConfig: Setting CVar [[s.PriorityAsyncLoadingExtraTime:15.0]]
[2020.04.09-05.44.16:223][  0]LogConfig: Setting CVar [[s.LevelStreamingActorsUpdateTimeLimit:5.0]]
[2020.04.09-05.44.16:223][  0]LogConfig: Setting CVar [[s.PriorityLevelStreamingActorsUpdateExtraTime:5.0]]
[2020.04.09-05.44.16:223][  0]LogConfig: Setting CVar [[s.LevelStreamingComponentsRegistrationGranularity:10]]
[2020.04.09-05.44.16:223][  0]LogConfig: Setting CVar [[s.UnregisterComponentsTimeLimit:1.0]]
[2020.04.09-05.44.16:223][  0]LogConfig: Setting CVar [[s.LevelStreamingComponentsUnregistrationGranularity:5]]
[2020.04.09-05.44.16:223][  0]LogConfig: Applying CVar settings from Section [/Script/Engine.GarbageCollectionSettings] File [C:/Users/Caleigh/Documents/GitHub/Stolemates/Stolenmates/Saved/Config/Windows/Engine.ini]
[2020.04.09-05.44.16:223][  0]LogConfig: Setting CVar [[gc.MaxObjectsNotConsideredByGC:1]]
[2020.04.09-05.44.16:223][  0]LogConfig: Setting CVar [[gc.SizeOfPermanentObjectPool:0]]
[2020.04.09-05.44.16:223][  0]LogConfig: Setting CVar [[gc.FlushStreamingOnGC:0]]
[2020.04.09-05.44.16:223][  0]LogConfig: Setting CVar [[gc.NumRetriesBeforeForcingGC:10]]
[2020.04.09-05.44.16:223][  0]LogConfig: Setting CVar [[gc.AllowParallelGC:1]]
[2020.04.09-05.44.16:223][  0]LogConfig: Setting CVar [[gc.TimeBetweenPurgingPendingKillObjects:61.1]]
[2020.04.09-05.44.16:223][  0]LogConfig: Setting CVar [[gc.MaxObjectsInEditor:16777216]]
[2020.04.09-05.44.16:223][  0]LogConfig: Setting CVar [[gc.IncrementalBeginDestroyEnabled:1]]
[2020.04.09-05.44.16:223][  0]LogConfig: Setting CVar [[gc.CreateGCClusters:1]]
[2020.04.09-05.44.16:223][  0]LogConfig: Setting CVar [[gc.MinGCClusterSize:5]]
[2020.04.09-05.44.16:223][  0]LogConfig: Setting CVar [[gc.ActorClusteringEnabled:0]]
[2020.04.09-05.44.16:223][  0]LogConfig: Setting CVar [[gc.BlueprintClusteringEnabled:0]]
[2020.04.09-05.44.16:223][  0]LogConfig: Setting CVar [[gc.UseDisregardForGCOnDedicatedServers:0]]
[2020.04.09-05.44.16:223][  0]LogConfig: Applying CVar settings from Section [/Script/Engine.NetworkSettings] File [C:/Users/Caleigh/Documents/GitHub/Stolemates/Stolenmates/Saved/Config/Windows/Engine.ini]
[2020.04.09-05.44.16:223][  0]LogConfig: Applying CVar settings from Section [/Script/UnrealEd.CookerSettings] File [C:/Users/Caleigh/Documents/GitHub/Stolemates/Stolenmates/Saved/Config/Windows/Engine.ini]
[2020.04.09-05.44.16:225][  0]LogConfig: Applying CVar settings from Section [ViewDistanceQuality@3] File [C:/Users/Caleigh/Documents/GitHub/Stolemates/Stolenmates/Saved/Config/Windows/Scalability.ini]
[2020.04.09-05.44.16:225][  0]LogConfig: Setting CVar [[r.SkeletalMeshLODBias:0]]
[2020.04.09-05.44.16:225][  0]LogConfig: Setting CVar [[r.ViewDistanceScale:1.0]]
[2020.04.09-05.44.16:225][  0]LogConfig: Applying CVar settings from Section [AntiAliasingQuality@3] File [C:/Users/Caleigh/Documents/GitHub/Stolemates/Stolenmates/Saved/Config/Windows/Scalability.ini]
[2020.04.09-05.44.16:225][  0]LogConfig: Setting CVar [[r.PostProcessAAQuality:4]]
[2020.04.09-05.44.16:225][  0]LogConfig: Applying CVar settings from Section [ShadowQuality@3] File [C:/Users/Caleigh/Documents/GitHub/Stolemates/Stolenmates/Saved/Config/Windows/Scalability.ini]
[2020.04.09-05.44.16:226][  0]LogConfig: Setting CVar [[r.LightFunctionQuality:1]]
[2020.04.09-05.44.16:226][  0]LogConfig: Setting CVar [[r.ShadowQuality:5]]
[2020.04.09-05.44.16:226][  0]LogConfig: Setting CVar [[r.Shadow.CSM.MaxCascades:10]]
[2020.04.09-05.44.16:226][  0]LogConfig: Setting CVar [[r.Shadow.MaxResolution:2048]]
[2020.04.09-05.44.16:226][  0]LogConfig: Setting CVar [[r.Shadow.MaxCSMResolution:2048]]
[2020.04.09-05.44.16:226][  0]LogConfig: Setting CVar [[r.Shadow.RadiusThreshold:0.01]]
[2020.04.09-05.44.16:226][  0]LogConfig: Setting CVar [[r.Shadow.DistanceScale:1.0]]
[2020.04.09-05.44.16:226][  0]LogConfig: Setting CVar [[r.Shadow.CSM.TransitionScale:1.0]]
[2020.04.09-05.44.16:226][  0]LogConfig: Setting CVar [[r.Shadow.PreShadowResolutionFactor:1.0]]
[2020.04.09-05.44.16:226][  0]LogConfig: Setting CVar [[r.DistanceFieldShadowing:1]]
[2020.04.09-05.44.16:226][  0]LogConfig: Setting CVar [[r.DistanceFieldAO:1]]
[2020.04.09-05.44.16:226][  0]LogConfig: Setting CVar [[r.AOQuality:2]]
[2020.04.09-05.44.16:226][  0]LogConfig: Setting CVar [[r.VolumetricFog:1]]
[2020.04.09-05.44.16:226][  0]LogConfig: Setting CVar [[r.VolumetricFog.GridPixelSize:8]]
[2020.04.09-05.44.16:226][  0]LogConfig: Setting CVar [[r.VolumetricFog.GridSizeZ:128]]
[2020.04.09-05.44.16:226][  0]LogConfig: Setting CVar [[r.VolumetricFog.HistoryMissSupersampleCount:4]]
[2020.04.09-05.44.16:226][  0]LogConfig: Setting CVar [[r.LightMaxDrawDistanceScale:1]]
[2020.04.09-05.44.16:226][  0]LogConfig: Setting CVar [[r.CapsuleShadows:1]]
[2020.04.09-05.44.16:226][  0]LogConfig: Applying CVar settings from Section [PostProcessQuality@3] File [C:/Users/Caleigh/Documents/GitHub/Stolemates/Stolenmates/Saved/Config/Windows/Scalability.ini]
[2020.04.09-05.44.16:226][  0]LogConfig: Setting CVar [[r.MotionBlurQuality:4]]
[2020.04.09-05.44.16:226][  0]LogConfig: Setting CVar [[r.AmbientOcclusionMipLevelFactor:0.4]]
[2020.04.09-05.44.16:226][  0]LogConfig: Setting CVar [[r.AmbientOcclusionMaxQuality:100]]
[2020.04.09-05.44.16:226][  0]LogConfig: Setting CVar [[r.AmbientOcclusionLevels:-1]]
[2020.04.09-05.44.16:226][  0]LogConfig: Setting CVar [[r.AmbientOcclusionRadiusScale:1.0]]
[2020.04.09-05.44.16:226][  0]LogConfig: Setting CVar [[r.DepthOfFieldQuality:2]]
[2020.04.09-05.44.16:226][  0]LogConfig: Setting CVar [[r.RenderTargetPoolMin:400]]
[2020.04.09-05.44.16:226][  0]LogConfig: Setting CVar [[r.LensFlareQuality:2]]
[2020.04.09-05.44.16:226][  0]LogConfig: Setting CVar [[r.SceneColorFringeQuality:1]]
[2020.04.09-05.44.16:226][  0]LogConfig: Setting CVar [[r.EyeAdaptationQuality:2]]
[2020.04.09-05.44.16:226][  0]LogConfig: Setting CVar [[r.BloomQuality:5]]
[2020.04.09-05.44.16:226][  0]LogConfig: Setting CVar [[r.FastBlurThreshold:100]]
[2020.04.09-05.44.16:226][  0]LogConfig: Setting CVar [[r.Upscale.Quality:3]]
[2020.04.09-05.44.16:226][  0]LogConfig: Setting CVar [[r.Tonemapper.GrainQuantization:1]]
[2020.04.09-05.44.16:226][  0]LogConfig: Setting CVar [[r.LightShaftQuality:1]]
[2020.04.09-05.44.16:226][  0]LogConfig: Setting CVar [[r.Filter.SizeScale:1]]
[2020.04.09-05.44.16:226][  0]LogConfig: Setting CVar [[r.Tonemapper.Quality:5]]
[2020.04.09-05.44.16:226][  0]LogConfig: Setting CVar [[r.DOF.Gather.AccumulatorQuality:1        ; higher gathering accumulator quality]]
[2020.04.09-05.44.16:226][  0]LogConfig: Setting CVar [[r.DOF.Gather.PostfilterMethod:1          ; Median3x3 postfilering method]]
[2020.04.09-05.44.16:226][  0]LogConfig: Setting CVar [[r.DOF.Gather.EnableBokehSettings:0       ; no bokeh simulation when gathering]]
[2020.04.09-05.44.16:226][  0]LogConfig: Setting CVar [[r.DOF.Gather.RingCount:4                 ; medium number of samples when gathering]]
[2020.04.09-05.44.16:226][  0]LogConfig: Setting CVar [[r.DOF.Scatter.ForegroundCompositing:1    ; additive foreground scattering]]
[2020.04.09-05.44.16:226][  0]LogConfig: Setting CVar [[r.DOF.Scatter.BackgroundCompositing:2    ; additive background scattering]]
[2020.04.09-05.44.16:226][  0]LogConfig: Setting CVar [[r.DOF.Scatter.EnableBokehSettings:1      ; bokeh simulation when scattering]]
[2020.04.09-05.44.16:226][  0]LogConfig: Setting CVar [[r.DOF.Scatter.MaxSpriteRatio:0.1         ; only a maximum of 10% of scattered bokeh]]
[2020.04.09-05.44.16:226][  0]LogConfig: Setting CVar [[r.DOF.Recombine.Quality:1                ; cheap slight out of focus]]
[2020.04.09-05.44.16:226][  0]LogConfig: Setting CVar [[r.DOF.Recombine.EnableBokehSettings:0    ; no bokeh simulation on slight out of focus]]
[2020.04.09-05.44.16:226][  0]LogConfig: Setting CVar [[r.DOF.TemporalAAQuality:1                ; more stable temporal accumulation]]
[2020.04.09-05.44.16:226][  0]LogConfig: Setting CVar [[r.DOF.Kernel.MaxForegroundRadius:0.025]]
[2020.04.09-05.44.16:226][  0]LogConfig: Setting CVar [[r.DOF.Kernel.MaxBackgroundRadius:0.025]]
[2020.04.09-05.44.16:226][  0]LogConfig: Applying CVar settings from Section [TextureQuality@3] File [C:/Users/Caleigh/Documents/GitHub/Stolemates/Stolenmates/Saved/Config/Windows/Scalability.ini]
[2020.04.09-05.44.16:226][  0]LogConfig: Setting CVar [[r.Streaming.MipBias:0]]
[2020.04.09-05.44.16:226][  0]LogConfig: Setting CVar [[r.Streaming.AmortizeCPUToGPUCopy:0]]
[2020.04.09-05.44.16:226][  0]LogConfig: Setting CVar [[r.Streaming.MaxNumTexturesToStreamPerFrame:0]]
[2020.04.09-05.44.16:226][  0]LogConfig: Setting CVar [[r.Streaming.Boost:1]]
[2020.04.09-05.44.16:226][  0]LogConfig: Setting CVar [[r.MaxAnisotropy:8]]
[2020.04.09-05.44.16:226][  0]LogConfig: Setting CVar [[r.Streaming.LimitPoolSizeToVRAM:0]]
[2020.04.09-05.44.16:226][  0]LogConfig: Setting CVar [[r.Streaming.PoolSize:1000]]
[2020.04.09-05.44.16:226][  0]LogConfig: Setting CVar [[r.Streaming.MaxEffectiveScreenSize:0]]
[2020.04.09-05.44.16:226][  0]LogConfig: Applying CVar settings from Section [EffectsQuality@3] File [C:/Users/Caleigh/Documents/GitHub/Stolemates/Stolenmates/Saved/Config/Windows/Scalability.ini]
[2020.04.09-05.44.16:226][  0]LogConfig: Setting CVar [[r.TranslucencyLightingVolumeDim:64]]
[2020.04.09-05.44.16:226][  0]LogConfig: Setting CVar [[r.RefractionQuality:2]]
[2020.04.09-05.44.16:226][  0]LogConfig: Setting CVar [[r.SSR.Quality:3]]
[2020.04.09-05.44.16:226][  0]LogConfig: Setting CVar [[r.SceneColorFormat:4]]
[2020.04.09-05.44.16:226][  0]LogConfig: Setting CVar [[r.DetailMode:2]]
[2020.04.09-05.44.16:226][  0]LogConfig: Setting CVar [[r.TranslucencyVolumeBlur:1]]
[2020.04.09-05.44.16:226][  0]LogConfig: Setting CVar [[r.MaterialQualityLevel:1 ; High quality]]
[2020.04.09-05.44.16:226][  0]LogConfig: Setting CVar [[r.SSS.Scale:1]]
[2020.04.09-05.44.16:226][  0]LogConfig: Setting CVar [[r.SSS.SampleSet:2]]
[2020.04.09-05.44.16:226][  0]LogConfig: Setting CVar [[r.SSS.Quality:1]]
[2020.04.09-05.44.16:226][  0]LogConfig: Setting CVar [[r.SSS.HalfRes:1]]
[2020.04.09-05.44.16:226][  0]LogConfig: Setting CVar [[r.EmitterSpawnRateScale:1.0]]
[2020.04.09-05.44.16:226][  0]LogConfig: Setting CVar [[r.ParticleLightQuality:2]]
[2020.04.09-05.44.16:226][  0]LogConfig: Applying CVar settings from Section [FoliageQuality@3] File [C:/Users/Caleigh/Documents/GitHub/Stolemates/Stolenmates/Saved/Config/Windows/Scalability.ini]
[2020.04.09-05.44.16:226][  0]LogConfig: Setting CVar [[foliage.DensityScale:1.0]]
[2020.04.09-05.44.16:226][  0]LogConfig: Setting CVar [[grass.DensityScale:1.0]]
[2020.04.09-05.44.16:226][  0]LogInit: Selected Device Profile: [Windows]
[2020.04.09-05.44.16:226][  0]LogInit: Applying CVar settings loaded from the selected device profile: [Windows]
[2020.04.09-05.44.16:229][  0]LogHAL: Display: Platform has ~ 8 GB [8428769280 / 8589934592 / 8], which maps to Default [LargestMinGB=32, LargerMinGB=12, DefaultMinGB=8, SmallerMinGB=6, SmallestMinGB=0)
[2020.04.09-05.44.16:229][  0]LogInit: Going up to parent DeviceProfile []
[2020.04.09-05.44.16:229][  0]LogConfig: Applying CVar settings from Section [ViewDistanceQuality@3] File [C:/Users/Caleigh/Documents/GitHub/Stolemates/Stolenmates/Saved/Config/Windows/Scalability.ini]
[2020.04.09-05.44.16:229][  0]LogConfig: Setting CVar [[r.SkeletalMeshLODBias:0]]
[2020.04.09-05.44.16:229][  0]LogConfig: Setting CVar [[r.ViewDistanceScale:1.0]]
[2020.04.09-05.44.16:229][  0]LogConfig: Applying CVar settings from Section [AntiAliasingQuality@3] File [C:/Users/Caleigh/Documents/GitHub/Stolemates/Stolenmates/Saved/Config/Windows/Scalability.ini]
[2020.04.09-05.44.16:229][  0]LogConfig: Setting CVar [[r.PostProcessAAQuality:4]]
[2020.04.09-05.44.16:229][  0]LogConfig: Applying CVar settings from Section [ShadowQuality@3] File [C:/Users/Caleigh/Documents/GitHub/Stolemates/Stolenmates/Saved/Config/Windows/Scalability.ini]
[2020.04.09-05.44.16:229][  0]LogConfig: Setting CVar [[r.LightFunctionQuality:1]]
[2020.04.09-05.44.16:229][  0]LogConfig: Setting CVar [[r.ShadowQuality:5]]
[2020.04.09-05.44.16:229][  0]LogConfig: Setting CVar [[r.Shadow.CSM.MaxCascades:10]]
[2020.04.09-05.44.16:229][  0]LogConfig: Setting CVar [[r.Shadow.MaxResolution:2048]]
[2020.04.09-05.44.16:229][  0]LogConfig: Setting CVar [[r.Shadow.MaxCSMResolution:2048]]
[2020.04.09-05.44.16:229][  0]LogConfig: Setting CVar [[r.Shadow.RadiusThreshold:0.01]]
[2020.04.09-05.44.16:229][  0]LogConfig: Setting CVar [[r.Shadow.DistanceScale:1.0]]
[2020.04.09-05.44.16:229][  0]LogConfig: Setting CVar [[r.Shadow.CSM.TransitionScale:1.0]]
[2020.04.09-05.44.16:229][  0]LogConfig: Setting CVar [[r.Shadow.PreShadowResolutionFactor:1.0]]
[2020.04.09-05.44.16:229][  0]LogConfig: Setting CVar [[r.DistanceFieldShadowing:1]]
[2020.04.09-05.44.16:229][  0]LogConfig: Setting CVar [[r.DistanceFieldAO:1]]
[2020.04.09-05.44.16:229][  0]LogConfig: Setting CVar [[r.AOQuality:2]]
[2020.04.09-05.44.16:229][  0]LogConfig: Setting CVar [[r.VolumetricFog:1]]
[2020.04.09-05.44.16:229][  0]LogConfig: Setting CVar [[r.VolumetricFog.GridPixelSize:8]]
[2020.04.09-05.44.16:229][  0]LogConfig: Setting CVar [[r.VolumetricFog.GridSizeZ:128]]
[2020.04.09-05.44.16:229][  0]LogConfig: Setting CVar [[r.VolumetricFog.HistoryMissSupersampleCount:4]]
[2020.04.09-05.44.16:229][  0]LogConfig: Setting CVar [[r.LightMaxDrawDistanceScale:1]]
[2020.04.09-05.44.16:229][  0]LogConfig: Setting CVar [[r.CapsuleShadows:1]]
[2020.04.09-05.44.16:229][  0]LogConfig: Applying CVar settings from Section [PostProcessQuality@3] File [C:/Users/Caleigh/Documents/GitHub/Stolemates/Stolenmates/Saved/Config/Windows/Scalability.ini]
[2020.04.09-05.44.16:229][  0]LogConfig: Setting CVar [[r.MotionBlurQuality:4]]
[2020.04.09-05.44.16:229][  0]LogConfig: Setting CVar [[r.AmbientOcclusionMipLevelFactor:0.4]]
[2020.04.09-05.44.16:229][  0]LogConfig: Setting CVar [[r.AmbientOcclusionMaxQuality:100]]
[2020.04.09-05.44.16:229][  0]LogConfig: Setting CVar [[r.AmbientOcclusionLevels:-1]]
[2020.04.09-05.44.16:229][  0]LogConfig: Setting CVar [[r.AmbientOcclusionRadiusScale:1.0]]
[2020.04.09-05.44.16:229][  0]LogConfig: Setting CVar [[r.DepthOfFieldQuality:2]]
[2020.04.09-05.44.16:229][  0]LogConfig: Setting CVar [[r.RenderTargetPoolMin:400]]
[2020.04.09-05.44.16:229][  0]LogConfig: Setting CVar [[r.LensFlareQuality:2]]
[2020.04.09-05.44.16:229][  0]LogConfig: Setting CVar [[r.SceneColorFringeQuality:1]]
[2020.04.09-05.44.16:229][  0]LogConfig: Setting CVar [[r.EyeAdaptationQuality:2]]
[2020.04.09-05.44.16:229][  0]LogConfig: Setting CVar [[r.BloomQuality:5]]
[2020.04.09-05.44.16:229][  0]LogConfig: Setting CVar [[r.FastBlurThreshold:100]]
[2020.04.09-05.44.16:229][  0]LogConfig: Setting CVar [[r.Upscale.Quality:3]]
[2020.04.09-05.44.16:229][  0]LogConfig: Setting CVar [[r.Tonemapper.GrainQuantization:1]]
[2020.04.09-05.44.16:229][  0]LogConfig: Setting CVar [[r.LightShaftQuality:1]]
[2020.04.09-05.44.16:229][  0]LogConfig: Setting CVar [[r.Filter.SizeScale:1]]
[2020.04.09-05.44.16:229][  0]LogConfig: Setting CVar [[r.Tonemapper.Quality:5]]
[2020.04.09-05.44.16:229][  0]LogConfig: Setting CVar [[r.DOF.Gather.AccumulatorQuality:1        ; higher gathering accumulator quality]]
[2020.04.09-05.44.16:229][  0]LogConfig: Setting CVar [[r.DOF.Gather.PostfilterMethod:1          ; Median3x3 postfilering method]]
[2020.04.09-05.44.16:229][  0]LogConfig: Setting CVar [[r.DOF.Gather.EnableBokehSettings:0       ; no bokeh simulation when gathering]]
[2020.04.09-05.44.16:229][  0]LogConfig: Setting CVar [[r.DOF.Gather.RingCount:4                 ; medium number of samples when gathering]]
[2020.04.09-05.44.16:229][  0]LogConfig: Setting CVar [[r.DOF.Scatter.ForegroundCompositing:1    ; additive foreground scattering]]
[2020.04.09-05.44.16:229][  0]LogConfig: Setting CVar [[r.DOF.Scatter.BackgroundCompositing:2    ; additive background scattering]]
[2020.04.09-05.44.16:229][  0]LogConfig: Setting CVar [[r.DOF.Scatter.EnableBokehSettings:1      ; bokeh simulation when scattering]]
[2020.04.09-05.44.16:229][  0]LogConfig: Setting CVar [[r.DOF.Scatter.MaxSpriteRatio:0.1         ; only a maximum of 10% of scattered bokeh]]
[2020.04.09-05.44.16:229][  0]LogConfig: Setting CVar [[r.DOF.Recombine.Quality:1                ; cheap slight out of focus]]
[2020.04.09-05.44.16:229][  0]LogConfig: Setting CVar [[r.DOF.Recombine.EnableBokehSettings:0    ; no bokeh simulation on slight out of focus]]
[2020.04.09-05.44.16:229][  0]LogConfig: Setting CVar [[r.DOF.TemporalAAQuality:1                ; more stable temporal accumulation]]
[2020.04.09-05.44.16:229][  0]LogConfig: Setting CVar [[r.DOF.Kernel.MaxForegroundRadius:0.025]]
[2020.04.09-05.44.16:229][  0]LogConfig: Setting CVar [[r.DOF.Kernel.MaxBackgroundRadius:0.025]]
[2020.04.09-05.44.16:229][  0]LogConfig: Applying CVar settings from Section [TextureQuality@3] File [C:/Users/Caleigh/Documents/GitHub/Stolemates/Stolenmates/Saved/Config/Windows/Scalability.ini]
[2020.04.09-05.44.16:229][  0]LogConfig: Setting CVar [[r.Streaming.MipBias:0]]
[2020.04.09-05.44.16:229][  0]LogConfig: Setting CVar [[r.Streaming.AmortizeCPUToGPUCopy:0]]
[2020.04.09-05.44.16:229][  0]LogConfig: Setting CVar [[r.Streaming.MaxNumTexturesToStreamPerFrame:0]]
[2020.04.09-05.44.16:229][  0]LogConfig: Setting CVar [[r.Streaming.Boost:1]]
[2020.04.09-05.44.16:229][  0]LogConfig: Setting CVar [[r.MaxAnisotropy:8]]
[2020.04.09-05.44.16:229][  0]LogConfig: Setting CVar [[r.Streaming.LimitPoolSizeToVRAM:0]]
[2020.04.09-05.44.16:229][  0]LogConfig: Setting CVar [[r.Streaming.PoolSize:1000]]
[2020.04.09-05.44.16:229][  0]LogConfig: Setting CVar [[r.Streaming.MaxEffectiveScreenSize:0]]
[2020.04.09-05.44.16:229][  0]LogConfig: Applying CVar settings from Section [EffectsQuality@3] File [C:/Users/Caleigh/Documents/GitHub/Stolemates/Stolenmates/Saved/Config/Windows/Scalability.ini]
[2020.04.09-05.44.16:229][  0]LogConfig: Setting CVar [[r.TranslucencyLightingVolumeDim:64]]
[2020.04.09-05.44.16:229][  0]LogConfig: Setting CVar [[r.RefractionQuality:2]]
[2020.04.09-05.44.16:229][  0]LogConfig: Setting CVar [[r.SSR.Quality:3]]
[2020.04.09-05.44.16:229][  0]LogConfig: Setting CVar [[r.SceneColorFormat:4]]
[2020.04.09-05.44.16:229][  0]LogConfig: Setting CVar [[r.DetailMode:2]]
[2020.04.09-05.44.16:229][  0]LogConfig: Setting CVar [[r.TranslucencyVolumeBlur:1]]
[2020.04.09-05.44.16:229][  0]LogConfig: Setting CVar [[r.MaterialQualityLevel:1 ; High quality]]
[2020.04.09-05.44.16:229][  0]LogConfig: Setting CVar [[r.SSS.Scale:1]]
[2020.04.09-05.44.16:230][  0]LogConfig: Setting CVar [[r.SSS.SampleSet:2]]
[2020.04.09-05.44.16:230][  0]LogConfig: Setting CVar [[r.SSS.Quality:1]]
[2020.04.09-05.44.16:230][  0]LogConfig: Setting CVar [[r.SSS.HalfRes:1]]
[2020.04.09-05.44.16:230][  0]LogConfig: Setting CVar [[r.EmitterSpawnRateScale:1.0]]
[2020.04.09-05.44.16:230][  0]LogConfig: Setting CVar [[r.ParticleLightQuality:2]]
[2020.04.09-05.44.16:230][  0]LogConfig: Applying CVar settings from Section [FoliageQuality@3] File [C:/Users/Caleigh/Documents/GitHub/Stolemates/Stolenmates/Saved/Config/Windows/Scalability.ini]
[2020.04.09-05.44.16:230][  0]LogConfig: Setting CVar [[foliage.DensityScale:1.0]]
[2020.04.09-05.44.16:230][  0]LogConfig: Setting CVar [[grass.DensityScale:1.0]]
[2020.04.09-05.44.16:230][  0]LogConfig: Applying CVar settings from Section [Startup] File [../../../Engine/Config/ConsoleVariables.ini]
[2020.04.09-05.44.16:230][  0]LogConfig: Setting CVar [[net.UseAdaptiveNetUpdateFrequency:0]]
[2020.04.09-05.44.16:230][  0]LogConfig: Setting CVar [[p.chaos.AllowCreatePhysxBodies:1]]
[2020.04.09-05.44.16:230][  0]LogConfig: Setting CVar [[fx.SkipVectorVMBackendOptimizations:1]]
[2020.04.09-05.44.16:230][  0]LogConfig: Applying CVar settings from Section [ConsoleVariables] File [C:/Users/Caleigh/Documents/GitHub/Stolemates/Stolenmates/Saved/Config/Windows/Engine.ini]
[2020.04.09-05.44.16:230][  0]LogInit: Computer: GLADOS
[2020.04.09-05.44.16:230][  0]LogInit: User: Caleigh
[2020.04.09-05.44.16:230][  0]LogInit: CPU Page size=4096, Cores=4
[2020.04.09-05.44.16:230][  0]LogInit: High frequency timer resolution =10.000000 MHz
[2020.04.09-05.44.16:230][  0]LogMemory: Memory total: Physical=7.8GB (8GB approx)
[2020.04.09-05.44.16:230][  0]LogMemory: Platform Memory Stats for Windows
[2020.04.09-05.44.16:230][  0]LogMemory: Process Physical Memory: 101.11 MB used, 101.11 MB peak
[2020.04.09-05.44.16:230][  0]LogMemory: Process Virtual Memory: 100.38 MB used, 100.38 MB peak
[2020.04.09-05.44.16:230][  0]LogMemory: Physical Memory: 5614.12 MB used,  2424.18 MB free, 8038.30 MB total
[2020.04.09-05.44.16:230][  0]LogMemory: Virtual Memory: 4656.48 MB used,  134213072.00 MB free, 134217728.00 MB total
[2020.04.09-05.44.16:233][  0]LogWindows: WindowsPlatformFeatures enabled
[2020.04.09-05.44.16:251][  0]LogInit: Using OS detected language (en-US).
[2020.04.09-05.44.16:251][  0]LogInit: Using OS detected locale (en-CA).
[2020.04.09-05.44.16:252][  0]LogTextLocalizationManager: No specific localization for 'en-US' exists, so the 'en' localization will be used.
[2020.04.09-05.44.16:412][  0]LogInit: Setting process to per monitor DPI aware
[2020.04.09-05.44.16:437][  0]LogSlate: New Slate User Created.  User Index 0, Is Virtual User: 0
[2020.04.09-05.44.16:437][  0]LogSlate: Slate User Registered.  User Index 0, Is Virtual User: 0
[2020.04.09-05.44.16:560][  0]LogHMD: Failed to initialize OpenVR with code 110
[2020.04.09-05.44.16:560][  0]LogD3D11RHI: D3D11 adapters:
[2020.04.09-05.44.16:613][  0]LogD3D11RHI:    0. 'NVIDIA GeForce GTX 750 Ti' (Feature Level 11_0)
[2020.04.09-05.44.16:613][  0]LogD3D11RHI:       2007/0/4019 MB DedicatedVideo/DedicatedSystem/SharedSystem, Outputs:1, VendorId:0x10de
[2020.04.09-05.44.16:616][  0]LogD3D11RHI:    1. 'Microsoft Basic Render Driver' (Feature Level 11_0)
[2020.04.09-05.44.16:616][  0]LogD3D11RHI:       0/0/4019 MB DedicatedVideo/DedicatedSystem/SharedSystem, Outputs:0, VendorId:0x1414
[2020.04.09-05.44.16:616][  0]LogD3D11RHI: Chosen D3D11 Adapter: 0
[2020.04.09-05.44.16:628][  0]LogD3D11RHI: Creating new Direct3DDevice
[2020.04.09-05.44.16:628][  0]LogD3D11RHI:     GPU DeviceId: 0x1380 (for the marketing name, search the web for "GPU Device Id")
[2020.04.09-05.44.16:628][  0]LogWindows: EnumDisplayDevices:
[2020.04.09-05.44.16:628][  0]LogWindows:    0. 'NVIDIA GeForce GTX 750 Ti' (P:1 D:1)
[2020.04.09-05.44.16:628][  0]LogWindows:    1. 'NVIDIA GeForce GTX 750 Ti' (P:0 D:0)
[2020.04.09-05.44.16:629][  0]LogWindows:    2. 'NVIDIA GeForce GTX 750 Ti' (P:0 D:0)
[2020.04.09-05.44.16:629][  0]LogWindows:    3. 'NVIDIA GeForce GTX 750 Ti' (P:0 D:0)
[2020.04.09-05.44.16:629][  0]LogWindows: DebugString: FoundDriverCount:4 
[2020.04.09-05.44.16:629][  0]LogD3D11RHI:     Adapter Name: NVIDIA GeForce GTX 750 Ti
[2020.04.09-05.44.16:629][  0]LogD3D11RHI:   Driver Version: 445.75 (internal:26.21.14.4575, unified:445.75)
[2020.04.09-05.44.16:629][  0]LogD3D11RHI:      Driver Date: 3-17-2020
[2020.04.09-05.44.16:629][  0]LogRHI: Texture pool is 1405 MB (70% of 2007 MB)
[2020.04.09-05.44.16:669][  0]LogD3D11RHI: Async texture creation enabled
[2020.04.09-05.44.16:686][  0]LogD3D11RHI: GPU Timing Frequency: 1000.000000 (Debug: 2 1)
[2020.04.09-05.44.16:997][  0]LogTemp: Display: Module 'AllDesktopTargetPlatform' loaded TargetPlatform 'AllDesktop'
[2020.04.09-05.44.17:004][  0]LogTemp: Display: Module 'MacClientTargetPlatform' loaded TargetPlatform 'MacClient'
[2020.04.09-05.44.17:011][  0]LogTemp: Display: Module 'MacNoEditorTargetPlatform' loaded TargetPlatform 'MacNoEditor'
[2020.04.09-05.44.17:018][  0]LogTemp: Display: Module 'MacServerTargetPlatform' loaded TargetPlatform 'MacServer'
[2020.04.09-05.44.17:026][  0]LogTemp: Display: Module 'MacTargetPlatform' loaded TargetPlatform 'Mac'
[2020.04.09-05.44.17:033][  0]LogTemp: Display: Module 'WindowsClientTargetPlatform' loaded TargetPlatform 'WindowsClient'
[2020.04.09-05.44.17:040][  0]LogTemp: Display: Module 'WindowsNoEditorTargetPlatform' loaded TargetPlatform 'WindowsNoEditor'
[2020.04.09-05.44.17:047][  0]LogTemp: Display: Module 'WindowsServerTargetPlatform' loaded TargetPlatform 'WindowsServer'
[2020.04.09-05.44.17:051][  0]LogTemp: Display: Module 'WindowsTargetPlatform' loaded TargetPlatform 'Windows'
[2020.04.09-05.44.17:081][  0]LogTemp: Display: Module 'AndroidTargetPlatform' loaded TargetPlatform 'Android'
[2020.04.09-05.44.17:081][  0]LogTemp: Display: Module 'AndroidTargetPlatform' loaded TargetPlatform 'Android_ASTC'
[2020.04.09-05.44.17:081][  0]LogTemp: Display: Module 'AndroidTargetPlatform' loaded TargetPlatform 'Android_ATC'
[2020.04.09-05.44.17:081][  0]LogTemp: Display: Module 'AndroidTargetPlatform' loaded TargetPlatform 'Android_DXT'
[2020.04.09-05.44.17:081][  0]LogTemp: Display: Module 'AndroidTargetPlatform' loaded TargetPlatform 'Android_ETC1'
[2020.04.09-05.44.17:081][  0]LogTemp: Display: Module 'AndroidTargetPlatform' loaded TargetPlatform 'Android_ETC1a'
[2020.04.09-05.44.17:081][  0]LogTemp: Display: Module 'AndroidTargetPlatform' loaded TargetPlatform 'Android_ETC2'
[2020.04.09-05.44.17:081][  0]LogTemp: Display: Module 'AndroidTargetPlatform' loaded TargetPlatform 'Android_PVRTC'
[2020.04.09-05.44.17:081][  0]LogTemp: Display: Module 'AndroidTargetPlatform' loaded TargetPlatform 'AndroidClient'
[2020.04.09-05.44.17:081][  0]LogTemp: Display: Module 'AndroidTargetPlatform' loaded TargetPlatform 'Android_ASTCClient'
[2020.04.09-05.44.17:081][  0]LogTemp: Display: Module 'AndroidTargetPlatform' loaded TargetPlatform 'Android_ATCClient'
[2020.04.09-05.44.17:081][  0]LogTemp: Display: Module 'AndroidTargetPlatform' loaded TargetPlatform 'Android_DXTClient'
[2020.04.09-05.44.17:081][  0]LogTemp: Display: Module 'AndroidTargetPlatform' loaded TargetPlatform 'Android_ETC1Client'
[2020.04.09-05.44.17:082][  0]LogTemp: Display: Module 'AndroidTargetPlatform' loaded TargetPlatform 'Android_ETC1aClient'
[2020.04.09-05.44.17:082][  0]LogTemp: Display: Module 'AndroidTargetPlatform' loaded TargetPlatform 'Android_ETC2Client'
[2020.04.09-05.44.17:082][  0]LogTemp: Display: Module 'AndroidTargetPlatform' loaded TargetPlatform 'Android_PVRTCClient'
[2020.04.09-05.44.17:082][  0]LogTemp: Display: Module 'AndroidTargetPlatform' loaded TargetPlatform 'Android_Multi'
[2020.04.09-05.44.17:082][  0]LogTemp: Display: Module 'AndroidTargetPlatform' loaded TargetPlatform 'Android_MultiClient'
[2020.04.09-05.44.17:083][  0]LogTemp: Display: Module 'HTML5TargetPlatform' loaded TargetPlatform 'HTML5'
[2020.04.09-05.44.17:097][  0]LogTemp: Display: Module 'IOSTargetPlatform' loaded TargetPlatform 'IOSClient'
[2020.04.09-05.44.17:097][  0]LogTemp: Display: Module 'IOSTargetPlatform' loaded TargetPlatform 'IOS'
[2020.04.09-05.44.17:109][  0]LogTemp: Display: Module 'TVOSTargetPlatform' loaded TargetPlatform 'TVOSClient'
[2020.04.09-05.44.17:109][  0]LogTemp: Display: Module 'TVOSTargetPlatform' loaded TargetPlatform 'TVOS'
[2020.04.09-05.44.17:115][  0]LogTemp: Display: Module 'LinuxClientTargetPlatform' loaded TargetPlatform 'LinuxClient'
[2020.04.09-05.44.17:121][  0]LogTemp: Display: Module 'LinuxNoEditorTargetPlatform' loaded TargetPlatform 'LinuxNoEditor'
[2020.04.09-05.44.17:127][  0]LogTemp: Display: Module 'LinuxServerTargetPlatform' loaded TargetPlatform 'LinuxServer'
[2020.04.09-05.44.17:134][  0]LogTemp: Display: Module 'LinuxTargetPlatform' loaded TargetPlatform 'Linux'
[2020.04.09-05.44.17:156][  0]LogTemp: Display: Module 'LuminTargetPlatform' loaded TargetPlatform 'Lumin'
[2020.04.09-05.44.17:156][  0]LogTemp: Display: Module 'LuminTargetPlatform' loaded TargetPlatform 'LuminClient'
[2020.04.09-05.44.17:156][  0]LogTargetPlatformManager: Display: Building Assets For Windows
[2020.04.09-05.44.17:162][  0]LogAudioDebug: Display: Lib vorbis DLL was dynamically loaded.
[2020.04.09-05.44.17:193][  0]LogShaderCompilers: Guid format shader working directory is -9 characters bigger than the processId version (C:/Users/Caleigh/Documents/GitHub/Stolemates/Stolenmates/Intermediate/Shaders/WorkingDirectory/38576/).
[2020.04.09-05.44.17:193][  0]LogShaderCompilers: Cleaned the shader compiler working directory 'C:/Users/Caleigh/AppData/Local/Temp/UnrealShaderWorkingDir/AB116B4647E3AF7C75D44C943C308A69/'.
[2020.04.09-05.44.17:194][  0]LogXGEController: Cannot use XGE Controller as Incredibuild is not installed on this machine.
[2020.04.09-05.44.17:195][  0]LogShaderCompilers: Cannot use XGE Shader Compiler as Incredibuild is not installed on this machine.
[2020.04.09-05.44.17:195][  0]LogShaderCompilers: Display: Using Local Shader Compiler.
[2020.04.09-05.44.17:759][  0]LogDerivedDataCache: Display: Max Cache Size: 512 MB
[2020.04.09-05.44.17:815][  0]LogDerivedDataCache: Loaded boot cache 0.06s 82MB C:/Users/Caleigh/AppData/Local/UnrealEngine/4.23/DerivedDataCache/Boot.ddc.
[2020.04.09-05.44.17:816][  0]LogDerivedDataCache: Display: Loaded Boot cache: C:/Users/Caleigh/AppData/Local/UnrealEngine/4.23/DerivedDataCache/Boot.ddc
[2020.04.09-05.44.17:816][  0]LogDerivedDataCache: FDerivedDataBackendGraph:  Pak pak cache file C:/Users/Caleigh/Documents/GitHub/Stolemates/Stolenmates/DerivedDataCache/DDC.ddp not found, will not use a pak cache.
[2020.04.09-05.44.17:816][  0]LogDerivedDataCache: Unable to find inner node Pak for hierarchical cache Hierarchy.
[2020.04.09-05.44.17:816][  0]LogDerivedDataCache: FDerivedDataBackendGraph:  CompressedPak pak cache file C:/Users/Caleigh/Documents/GitHub/Stolemates/Stolenmates/DerivedDataCache/Compressed.ddp not found, will not use a pak cache.
[2020.04.09-05.44.17:816][  0]LogDerivedDataCache: Unable to find inner node CompressedPak for hierarchical cache Hierarchy.
[2020.04.09-05.44.17:826][  0]LogDerivedDataCache: Display: Pak cache opened for reading ../../../Engine/DerivedDataCache/Compressed.ddp.
[2020.04.09-05.44.17:826][  0]LogDerivedDataCache: FDerivedDataBackendGraph:  EnterprisePak pak cache file ../../../Enterprise/DerivedDataCache/Compressed.ddp not found, will not use a pak cache.
[2020.04.09-05.44.17:826][  0]LogDerivedDataCache: Unable to find inner node EnterprisePak for hierarchical cache Hierarchy.
[2020.04.09-05.44.17:827][  0]LogDerivedDataCache: Using Local data cache path C:/Users/Caleigh/AppData/Local/UnrealEngine/Common/DerivedDataCache: Writable
[2020.04.09-05.44.17:827][  0]LogDerivedDataCache: Shared data cache path not found in *engine.ini, will not use an Shared cache.
[2020.04.09-05.44.17:827][  0]LogDerivedDataCache: Unable to find inner node Shared for hierarchical cache Hierarchy.
[2020.04.09-05.44.17:851][  0]LogMaterial: Verifying Global Shaders for PCD3D_SM5
[2020.04.09-05.44.17:854][  0]LogSlate: Using FreeType 2.6.0
[2020.04.09-05.44.17:854][  0]LogSlate: SlateFontServices - WITH_FREETYPE: 1, WITH_HARFBUZZ: 1
[2020.04.09-05.44.17:899][  0]LogAssetRegistry: FAssetRegistry took 0.0023 seconds to start up
[2020.04.09-05.44.18:136][  0]LogInit: Selected Device Profile: [Windows]
[2020.04.09-05.44.18:271][  0]LogMeshReduction: Using QuadricMeshReduction for automatic static mesh reduction
[2020.04.09-05.44.18:271][  0]LogMeshReduction: Using SimplygonMeshReduction for automatic skeletal mesh reduction
[2020.04.09-05.44.18:271][  0]LogMeshReduction: Using ProxyLODMeshReduction for automatic mesh merging
[2020.04.09-05.44.18:271][  0]LogMeshReduction: No distributed automatic mesh merging module available
[2020.04.09-05.44.18:271][  0]LogMeshMerging: No distributed automatic mesh merging module available
[2020.04.09-05.44.18:281][  0]LogNetVersion: Stolenmates 1.0.0, NetCL: 8386587, EngineNetVer: 11, GameNetVer: 0 (Checksum: 1334032006)
[2020.04.09-05.44.18:652][  0]LogPackageLocalizationCache: Processed 15 localized package path(s) for 1 prioritized culture(s) in 0.043784 seconds
[2020.04.09-05.44.18:659][  0]LogUObjectArray: 43469 objects as part of root set at end of initial load.
[2020.04.09-05.44.18:659][  0]LogUObjectAllocator: 7553416 out of 0 bytes used by permanent object pool.
[2020.04.09-05.44.18:659][  0]LogUObjectArray: CloseDisregardForGC: 0/0 objects in disregard for GC pool
[2020.04.09-05.44.19:479][  0]LogTcpMessaging: Initializing TcpMessaging bridge
[2020.04.09-05.44.19:483][  0]LogUdpMessaging: Initializing bridge on interface 0.0.0.0:0 to multicast group 230.0.0.1:6666.
[2020.04.09-05.44.19:541][  0]SourceControl: Source control is disabled
[2020.04.09-05.44.19:541][  0]SourceControl: Source control is disabled
[2020.04.09-05.44.19:544][  0]SourceControl: Source control is disabled
[2020.04.09-05.44.19:546][  0]SourceControl: Source control is disabled
[2020.04.09-05.44.19:676][  0]LogAndroidPermission: UAndroidPermissionCallbackProxy::GetInstance
[2020.04.09-05.44.19:842][  0]LogOcInput: OculusInput pre-init called
[2020.04.09-05.44.19:848][  0]LogWindows: Failed to load 'OVRPlugin.dll' (GetLastError=126)
[2020.04.09-05.44.19:848][  0]LogWindows: File 'OVRPlugin.dll' does not exist
[2020.04.09-05.44.19:911][  0]LogEngine: Initializing Engine...
[2020.04.09-05.44.19:911][  0]LogHMD: Failed to initialize OpenVR with code 110
[2020.04.09-05.44.19:912][  0]LogStats: UGameplayTagsManager::InitializeManager -  0.000 s
[2020.04.09-05.44.20:146][  0]LogInit: Initializing FReadOnlyCVARCache
[2020.04.09-05.44.20:155][  0]LogAIModule: Creating AISystem for world Untitled
[2020.04.09-05.44.20:188][  0]LogInit: XAudio2 using 'Speakers (3- USB Audio Device)' : 2 channels at 48 kHz using 16 bits per sample (channel mask 0x3)
[2020.04.09-05.44.20:213][  0]LogInit: FAudioDevice initialized.
[2020.04.09-05.44.20:213][  0]LogNetVersion: Set ProjectVersion to 1.0.0.0. Version Checksum will be recalculated on next use.
[2020.04.09-05.44.20:311][  0]LogDerivedDataCache: Saved boot cache 0.10s 82MB C:/Users/Caleigh/AppData/Local/UnrealEngine/4.23/DerivedDataCache/Boot.ddc.
[2020.04.09-05.44.20:317][  0]LogInit: Texture streaming: Enabled
[2020.04.09-05.44.20:332][  0]LogEngineSessionManager: EngineSessionManager initialized
[2020.04.09-05.44.20:332][  0]LogEditorSessionSummary: Verbose: Initializing EditorSessionSummaryWriter for editor session tracking
[2020.04.09-05.44.20:339][  0]LogEditorSessionSummary: EditorSessionSummaryWriter initialized
[2020.04.09-05.44.20:376][  0]LogInit: Transaction tracking system initialized
[2020.04.09-05.44.20:395][  0]BlueprintLog: New page: Editor Load
[2020.04.09-05.44.20:444][  0]LocalizationService: Localization service is disabled
[2020.04.09-05.44.20:656][  0]LogFileCache: Scanning file cache for directory 'C:/Users/Caleigh/Documents/GitHub/Stolemates/Stolenmates/Content/' took 0.01s
[2020.04.09-05.44.20:656][  0]LogCook: Display: Max memory allowance for cook 16384mb min free memory 0mb
[2020.04.09-05.44.20:656][  0]LogCook: Display: Mobile HDR setting 1
[2020.04.09-05.44.20:807][  0]SourceControl: Source control is disabled
[2020.04.09-05.44.20:910][  0]LogSlate: Took 0.000139 seconds to synchronously load lazily loaded font '../../../Engine/Content/Slate/Fonts/Roboto-Regular.ttf' (155K)
[2020.04.09-05.44.28:041][  0]LogSlate: Window 'Restore Packages' being destroyed
[2020.04.09-05.44.28:042][  0]LogWindowsTextInputMethodSystem: Display: IME system now deactivated.
[2020.04.09-05.44.28:044][  0]LogWindowsTextInputMethodSystem: Display: IME system now deactivated.
[2020.04.09-05.44.39:400][  0]LogSlate: Window 'Unable to Check Out From Source Control!' being destroyed
[2020.04.09-05.44.39:400][  0]LogWindowsTextInputMethodSystem: Display: IME system now deactivated.
[2020.04.09-05.44.39:409][  0]LogWindowsTextInputMethodSystem: Display: IME system now deactivated.
[2020.04.09-05.44.39:410][  0]Cmd: MAP LOAD FILE="C:/Users/Caleigh/Documents/GitHub/Stolemates/Stolenmates/Content/Levels/Final_Level.umap" TEMPLATE=0 SHOWPROGRESS=1 FEATURELEVEL=3
[2020.04.09-05.44.39:411][  0]LightingResults: New page: Lighting Build
[2020.04.09-05.44.39:414][  0]LogWorld: UWorld::CleanupWorld for Untitled, bSessionEnded=true, bCleanupResources=true
[2020.04.09-05.44.39:415][  0]MapCheck: New page: Map Check
[2020.04.09-05.44.39:415][  0]LightingResults: New page: Lighting Build
[2020.04.09-05.44.39:443][  0]LogUObjectHash: Compacting FUObjectHashTables data took   1.85ms
[2020.04.09-05.44.39:613][  0]LogLinker: Warning: While loading 'C:/Users/Caleigh/Documents/GitHub/Stolemates/Stolenmates/Content/Blueprints/EQS_System/PowerUpSpawnLocation.uasset' failed to load '/Script/EnvironmentQueryEditor': Can't find file.
[2020.04.09-05.44.39:613][  0]LogLinker: Warning: While loading 'C:/Users/Caleigh/Documents/GitHub/Stolemates/Stolenmates/Content/Blueprints/EQS_System/PowerUpSpawnLocation.uasset' failed to load '/Script/EnvironmentQueryEditor': Can't find file.
[2020.04.09-05.44.39:613][  0]LogLinker: Warning: While loading 'C:/Users/Caleigh/Documents/GitHub/Stolemates/Stolenmates/Content/Blueprints/EQS_System/PowerUpSpawnLocation.uasset' failed to load '/Script/EnvironmentQueryEditor': Can't find file.
[2020.04.09-05.44.39:613][  0]LogLinker: Warning: While loading 'C:/Users/Caleigh/Documents/GitHub/Stolemates/Stolenmates/Content/Blueprints/EQS_System/PowerUpSpawnLocation.uasset' failed to load '/Script/EnvironmentQueryEditor': Can't find file.
[2020.04.09-05.44.39:613][  0]LogLinker: Warning: While loading 'C:/Users/Caleigh/Documents/GitHub/Stolemates/Stolenmates/Content/Blueprints/EQS_System/PowerUpSpawnLocation.uasset' failed to load '/Script/EnvironmentQueryEditor': Can't find file.
[2020.04.09-05.44.39:613][  0]LogLinker: Warning: While loading 'C:/Users/Caleigh/Documents/GitHub/Stolemates/Stolenmates/Content/Blueprints/EQS_System/PowerUpSpawnLocation.uasset' failed to load '/Script/EnvironmentQueryEditor': Can't find file.
[2020.04.09-05.44.39:613][  0]LogLinker: Warning: While loading 'C:/Users/Caleigh/Documents/GitHub/Stolemates/Stolenmates/Content/Blueprints/EQS_System/PowerUpSpawnLocation.uasset' failed to load '/Script/EnvironmentQueryEditor': Can't find file.
[2020.04.09-05.44.39:613][  0]LogLinker: Warning: While loading 'C:/Users/Caleigh/Documents/GitHub/Stolemates/Stolenmates/Content/Blueprints/EQS_System/PowerUpSpawnLocation.uasset' failed to load '/Script/EnvironmentQueryEditor': Can't find file.
[2020.04.09-05.44.39:614][  0]LogLinker: Warning: While loading 'C:/Users/Caleigh/Documents/GitHub/Stolemates/Stolenmates/Content/Blueprints/EQS_System/PowerUpSpawnLocation.uasset' failed to load '/Script/EnvironmentQueryEditor': Can't find file.
[2020.04.09-05.44.39:614][  0]LogLinker: Warning: While loading 'C:/Users/Caleigh/Documents/GitHub/Stolemates/Stolenmates/Content/Blueprints/EQS_System/PowerUpSpawnLocation.uasset' failed to load '/Script/EnvironmentQueryEditor': Can't find file.
[2020.04.09-05.44.39:614][  0]LogLinker: Warning: While loading 'C:/Users/Caleigh/Documents/GitHub/Stolemates/Stolenmates/Content/Blueprints/BP_GameMode.uasset' failed to load '/Script/EnvironmentQueryEditor': Can't find file.
[2020.04.09-05.44.39:614][  0]LogLinker: Warning: While loading 'C:/Users/Caleigh/Documents/GitHub/Stolemates/Stolenmates/Content/Blueprints/BP_GameMode.uasset' failed to load '/Script/EnvironmentQueryEditor': Can't find file.
[2020.04.09-05.44.39:614][  0]LogLinker: Warning: While loading 'C:/Users/Caleigh/Documents/GitHub/Stolemates/Stolenmates/Content/Blueprints/BP_GameMode.uasset' failed to load '/Script/EnvironmentQueryEditor': Can't find file.
[2020.04.09-05.44.39:614][  0]LogLinker: Warning: While loading 'C:/Users/Caleigh/Documents/GitHub/Stolemates/Stolenmates/Content/Blueprints/BP_GameMode.uasset' failed to load '/Script/EnvironmentQueryEditor': Can't find file.
[2020.04.09-05.44.39:614][  0]LogLinker: Warning: While loading 'C:/Users/Caleigh/Documents/GitHub/Stolemates/Stolenmates/Content/Blueprints/BP_GameMode.uasset' failed to load '/Script/EnvironmentQueryEditor': Can't find file.
[2020.04.09-05.44.39:614][  0]LogLinker: Warning: While loading 'C:/Users/Caleigh/Documents/GitHub/Stolemates/Stolenmates/Content/Blueprints/BP_GameMode.uasset' failed to load '/Script/EnvironmentQueryEditor': Can't find file.
[2020.04.09-05.44.39:614][  0]LogLinker: Warning: While loading 'C:/Users/Caleigh/Documents/GitHub/Stolemates/Stolenmates/Content/Blueprints/BP_GameMode.uasset' failed to load '/Script/EnvironmentQueryEditor': Can't find file.
[2020.04.09-05.44.39:614][  0]LogLinker: Warning: While loading 'C:/Users/Caleigh/Documents/GitHub/Stolemates/Stolenmates/Content/Blueprints/BP_GameMode.uasset' failed to load '/Script/EnvironmentQueryEditor': Can't find file.
[2020.04.09-05.44.39:614][  0]LogLinker: Warning: While loading 'C:/Users/Caleigh/Documents/GitHub/Stolemates/Stolenmates/Content/Blueprints/BP_GameMode.uasset' failed to load '/Script/EnvironmentQueryEditor': Can't find file.
[2020.04.09-05.44.39:614][  0]LogLinker: Warning: While loading 'C:/Users/Caleigh/Documents/GitHub/Stolemates/Stolenmates/Content/Blueprints/BP_GameMode.uasset' failed to load '/Script/EnvironmentQueryEditor': Can't find file.
[2020.04.09-05.44.39:614][  0]LogLinker: Warning: While loading 'C:/Users/Caleigh/Documents/GitHub/Stolemates/Stolenmates/Content/Blueprints/BP_GameMode.uasset' failed to load '/Script/EnvironmentQueryEditor': Can't find file.
[2020.04.09-05.44.39:614][  0]LogLinker: Warning: While loading 'C:/Users/Caleigh/Documents/GitHub/Stolemates/Stolenmates/Content/Blueprints/BP_GameMode.uasset' failed to load '/Script/EnvironmentQueryEditor': Can't find file.
[2020.04.09-05.44.39:614][  0]LogLinker: Warning: While loading 'C:/Users/Caleigh/Documents/GitHub/Stolemates/Stolenmates/Content/Blueprints/BP_GameMode.uasset' failed to load '/Script/EnvironmentQueryEditor': Can't find file.
[2020.04.09-05.44.39:614][  0]LogLinker: Warning: While loading 'C:/Users/Caleigh/Documents/GitHub/Stolemates/Stolenmates/Content/Blueprints/BP_GameMode.uasset' failed to load '/Script/EnvironmentQueryEditor': Can't find file.
[2020.04.09-05.44.39:614][  0]LogLinker: Warning: While loading 'C:/Users/Caleigh/Documents/GitHub/Stolemates/Stolenmates/Content/Blueprints/BP_GameMode.uasset' failed to load '/Script/EnvironmentQueryEditor': Can't find file.
[2020.04.09-05.44.39:614][  0]LogLinker: Warning: While loading 'C:/Users/Caleigh/Documents/GitHub/Stolemates/Stolenmates/Content/Blueprints/BP_GameMode.uasset' failed to load '/Script/EnvironmentQueryEditor': Can't find file.
[2020.04.09-05.44.40:400][  0]LogPhysics: Warning: UBodySetup::GetCookInfo: Triangle data from '/Game/Levels/Final_Level.Final_Level:PersistentLevel.ModelComponent_260' invalid (1536 verts, 0 indices).
[2020.04.09-05.44.40:400][  0]LogPhysics: Warning: Attempt to build physics data for /Game/Levels/Final_Level.Final_Level:PersistentLevel.ModelComponent_260.BodySetup_0 when we are unable to.
[2020.04.09-05.44.41:610][  0]LogAIModule: Creating AISystem for world Final_Level
[2020.04.09-05.44.41:673][  0]LogEditorServer: Finished looking for orphan Actors (0.000 secs)
[2020.04.09-05.44.41:803][  0]LogUObjectHash: Compacting FUObjectHashTables data took   2.82ms
[2020.04.09-05.44.41:803][  0]Cmd: MAP CHECKDEP NOCLEARLOG
[2020.04.09-05.44.41:804][  0]MapCheck: Map check complete: 0 Error(s), 0 Warning(s), took 0.38ms to complete.
[2020.04.09-05.44.41:804][  0]LogFileHelpers: Loading map 'Final_Level' took 2.394
[2020.04.09-05.44.41:867][  0]LogSlate: Updating window title bar state: overlay mode, drag disabled, window buttons hidden, title bar hidden
[2020.04.09-05.44.41:875][  0]LogSlate: Updating window title bar state: overlay mode, drag disabled, window buttons hidden, title bar hidden
[2020.04.09-05.44.41:883][  0]LogSlate: Updating window title bar state: overlay mode, drag disabled, window buttons hidden, title bar hidden
[2020.04.09-05.44.41:891][  0]LogSlate: Updating window title bar state: overlay mode, drag disabled, window buttons hidden, title bar hidden
[2020.04.09-05.44.41:922][  0]LogCollectionManager: Loaded 0 collections in 0.000939 seconds
[2020.04.09-05.44.41:931][  0]LogFileCache: Scanning file cache for directory 'C:/Users/Caleigh/Documents/GitHub/Stolemates/Stolenmates/Saved/Collections/' took 0.00s
[2020.04.09-05.44.41:931][  0]LogFileCache: Scanning file cache for directory 'C:/Users/Caleigh/Documents/GitHub/Stolemates/Stolenmates/Content/Developers/Caleigh/Collections/' took 0.00s
[2020.04.09-05.44.41:931][  0]LogFileCache: Scanning file cache for directory 'C:/Users/Caleigh/Documents/GitHub/Stolemates/Stolenmates/Content/Collections/' took 0.00s
[2020.04.09-05.44.41:931][  0]LogCollectionManager: Rebuilt the GUID cache for 0 collections in 0.000001 seconds
[2020.04.09-05.44.41:940][  0]LogContentBrowser: Native class hierarchy populated in 0.0084 seconds. Added 3008 classes and 708 folders.
[2020.04.09-05.44.41:956][  0]LogContentBrowser: Native class hierarchy updated for 'WidgetCarousel' in 0.0004 seconds. Added 0 classes and 0 folders.
[2020.04.09-05.44.42:831][  0]LogContentBrowser: Native class hierarchy updated for 'AddContentDialog' in 0.0008 seconds. Added 0 classes and 0 folders.
[2020.04.09-05.44.42:851][  0]LogSlate: Took 0.000378 seconds to synchronously load lazily loaded font '../../../Engine/Content/Slate/Fonts/Roboto-Bold.ttf' (160K)
[2020.04.09-05.44.42:868][  0]LogSlate: Took 0.010006 seconds to synchronously load lazily loaded font '../../../Engine/Content/Editor/Slate/Fonts/FontAwesome.ttf' (139K)
[2020.04.09-05.44.42:909][  0]LogRenderer: Reallocating scene render targets to support 1224x672 Format 10 NumSamples 1 (Frame:1).
[2020.04.09-05.44.43:040][  0]LogContentBrowser: Native class hierarchy updated for 'HierarchicalLODOutliner' in 0.0004 seconds. Added 0 classes and 0 folders.
[2020.04.09-05.44.43:040][  0]LogLoad: (Engine Initialization) Total time: 27.60 seconds
[2020.04.09-05.44.43:040][  0]LogLoad: (Engine Initialization) Total Blueprint compile time: 0.00 seconds
[2020.04.09-05.44.43:103][  0]LogContentStreaming: Texture pool size now 1000 MB
[2020.04.09-05.44.43:128][  0]LogSlate: Took 0.010775 seconds to synchronously load lazily loaded font '../../../Engine/Content/Slate/Fonts/Roboto-Light.ttf' (167K)
[2020.04.09-05.44.43:142][  1]LogFileCache: Retrieving MD5 hashes for directory 'C:/Users/Caleigh/Documents/GitHub/Stolemates/Stolenmates/Content/' took 0.09s
[2020.04.09-05.44.43:181][  1]LogAssetRegistry: Asset discovery search completed in 25.2828 seconds
[2020.04.09-05.44.43:185][  1]LogCollectionManager: Rebuilt the object cache for 0 collections in 0.000006 seconds (found 0 objects)
[2020.04.09-05.44.43:185][  1]LogCollectionManager: Fixed up redirectors for 0 collections in 0.000076 seconds (updated 0 objects)
[2020.04.09-05.44.44:481][  5]LogSlate: Took 0.000153 seconds to synchronously load lazily loaded font '../../../Engine/Content/Slate/Fonts/Roboto-Light.ttf' (167K)
[2020.04.09-05.45.09:533][400]LogSlate: FSceneViewport::OnFocusLost() reason 0
[2020.04.09-05.45.09:643][409]LogAssetEditorManager: Opening Asset editor for ParticleSystem /Game/Art/VFX/P_Explosion.P_Explosion
[2020.04.09-05.45.09:676][409]LogContentBrowser: Native class hierarchy updated for 'Cascade' in 0.0011 seconds. Added 2 classes and 2 folders.
[2020.04.09-05.45.21:020][962]LogSlate: FSceneViewport::OnFocusLost() reason 0
[2020.04.09-05.45.32:035][505]LogSlate: FSceneViewport::OnFocusLost() reason 0
[2020.04.09-05.45.54:547][634]LogSlate: FSceneViewport::OnFocusLost() reason 0
[2020.04.09-05.45.54:639][641]Cmd: OBJ SAVEPACKAGE PACKAGE="/Game/Art/VFX/P_Explosion" FILE="C:/Users/Caleigh/Documents/GitHub/Stolemates/Stolenmates/Content/Art/VFX/P_Explosion.uasset" SILENT=true
[2020.04.09-05.45.54:666][641]LogSavePackage: Moving 'C:/Users/Caleigh/Documents/GitHub/Stolemates/Stolenmates/Saved/P_Explosion220F695046E2CEBA8AEB99B766ADBB11.tmp' to 'C:/Users/Caleigh/Documents/GitHub/Stolemates/Stolenmates/Content/Art/VFX/P_Explosion.uasset'
[2020.04.09-05.45.59:112][862]LogSlate: FSceneViewport::OnFocusLost() reason 0
[2020.04.09-05.47.05:715][513]LogSlate: FSceneViewport::OnFocusLost() reason 0
[2020.04.09-05.47.09:906][792]LogAIModule: Creating AISystem for world Caleigh_Test
[2020.04.09-05.47.09:913][792]LogAssetEditorManager: Opening Asset editor for World /Game/Levels/Caleigh_Test.Caleigh_Test
[2020.04.09-05.47.09:936][792]LogUObjectHash: Compacting FUObjectHashTables data took   1.85ms
[2020.04.09-05.47.09:937][792]Cmd: MAP LOAD FILE="C:/Users/Caleigh/Documents/GitHub/Stolemates/Stolenmates/Content/Levels/Caleigh_Test.umap" TEMPLATE=0 SHOWPROGRESS=1 FEATURELEVEL=3
[2020.04.09-05.47.09:937][792]LightingResults: New page: Lighting Build
[2020.04.09-05.47.09:938][792]LoadErrors: New page: Loading map: Caleigh_Test.umap
[2020.04.09-05.47.09:946][792]LogWorld: UWorld::CleanupWorld for Final_Level, bSessionEnded=true, bCleanupResources=true
[2020.04.09-05.47.09:948][792]MapCheck: New page: Map Check
[2020.04.09-05.47.09:948][792]LightingResults: New page: Lighting Build
[2020.04.09-05.47.09:982][792]LogUObjectHash: Compacting FUObjectHashTables data took   2.32ms
[2020.04.09-05.47.09:985][792]LogEditorServer: Finished looking for orphan Actors (0.000 secs)
[2020.04.09-05.47.10:008][792]LogUObjectHash: Compacting FUObjectHashTables data took   1.63ms
[2020.04.09-05.47.10:019][792]Cmd: MAP CHECKDEP NOCLEARLOG
[2020.04.09-05.47.10:019][792]MapCheck: Map check complete: 0 Error(s), 0 Warning(s), took 0.109ms to complete.
[2020.04.09-05.47.10:019][792]LogFileHelpers: Loading map 'Caleigh_Test' took 0.083
[2020.04.09-05.47.14:166][238]LogEditorViewport: Clicking on Actor (LMB): Emitter (P_Explosion)
[2020.04.09-05.47.22:144][ 60]LogSlate: FSceneViewport::OnFocusLost() reason 2
[2020.04.09-05.47.37:181][785]LogTemp: Repeating last play command: Selected Viewport
[2020.04.09-05.47.37:187][785]LogBlueprintUserMessages: Early PlayInEditor Detection: Level '/Game/Levels/Caleigh_Test.Caleigh_Test:PersistentLevel' has LevelScriptBlueprint '/Game/Levels/Caleigh_Test.Caleigh_Test:PersistentLevel.Caleigh_Test' with GeneratedClass '/Game/Levels/Caleigh_Test.Caleigh_Test_C' with ClassGeneratedBy '/Game/Levels/Caleigh_Test.Caleigh_Test:PersistentLevel.Caleigh_Test'
[2020.04.09-05.47.37:187][785]LogPlayLevel: PlayLevel: No blueprints needed recompiling
[2020.04.09-05.47.37:188][785]PIE: New page: PIE session: Caleigh_Test (Apr 8, 2020, 9:47:37 PM)
[2020.04.09-05.47.37:189][785]LogOnline: OSS: Creating online subsystem instance for: NULL
[2020.04.09-05.47.37:189][785]LogPlayLevel: Creating play world package: /Game/Levels/UEDPIE_0_Caleigh_Test
[2020.04.09-05.47.37:192][785]LogPlayLevel: PIE: StaticDuplicateObject took: (0.002189s)
[2020.04.09-05.47.37:193][785]LogAIModule: Creating AISystem for world Caleigh_Test
[2020.04.09-05.47.37:207][785]LogPlayLevel: PIE: World Init took: (0.015493s)
[2020.04.09-05.47.37:207][785]LogPlayLevel: PIE: Created PIE world by copying editor world from /Game/Levels/Caleigh_Test.Caleigh_Test to /Game/Levels/UEDPIE_0_Caleigh_Test.Caleigh_Test (0.017944s)
[2020.04.09-05.47.37:229][785]LogUObjectHash: Compacting FUObjectHashTables data took   1.45ms
[2020.04.09-05.47.37:247][785]LogInit: XAudio2 using 'Speakers (3- USB Audio Device)' : 2 channels at 48 kHz using 16 bits per sample (channel mask 0x3)
[2020.04.09-05.47.37:257][785]LogInit: FAudioDevice initialized.
[2020.04.09-05.47.37:265][785]LogLoad: Game class is 'BP_GameMode_C'
[2020.04.09-05.47.37:266][785]LogWorld: Bringing World /Game/Levels/UEDPIE_0_Caleigh_Test.Caleigh_Test up for play (max tick rate 0) at 2020.04.09-01.47.37
[2020.04.09-05.47.37:266][785]LogWorld: Bringing up level for play took: 0.000922
[2020.04.09-05.47.37:266][785]LogOnline: OSS: Creating online subsystem instance for: :Context_3
[2020.04.09-05.47.37:271][785]LogContentBrowser: Native class hierarchy updated for 'MovieSceneCapture' in 0.0004 seconds. Added 20 classes and 0 folders.
[2020.04.09-05.47.37:271][785]LogActor: Warning: BP_Camera_C /Game/Levels/UEDPIE_0_Caleigh_Test.Caleigh_Test:PersistentLevel.BP_Camera_C_0 has natively added scene component(s), but none of them were set as the actor's RootComponent - picking one arbitrarily
[2020.04.09-05.47.37:271][785]LogOutputDevice: Warning: 

Script Stack (0 frames):

[2020.04.09-05.47.37:271][785]LogWindows: Windows GetLastError: The operation completed successfully. (0)
[2020.04.09-05.47.38:533][785]LogWindows: Error: === Critical error: ===
[2020.04.09-05.47.38:533][785]LogWindows: Error: 
[2020.04.09-05.47.38:533][785]LogWindows: Error: Assertion failed: (Index >= 0) & (Index < ArrayNum) [File:F:\UE_4.23\Engine\Source\Runtime\Core\Public\Containers/Array.h] [Line: 614] 
[2020.04.09-05.47.38:533][785]LogWindows: Error: Array index out of bounds: 0 from an array of size 0
[2020.04.09-05.47.38:533][785]LogWindows: Error: 
[2020.04.09-05.47.38:533][785]LogWindows: Error: 
[2020.04.09-05.47.38:533][785]LogWindows: Error: [Callstack] 0x00007ffc1f95a859 KERNELBASE.dll!UnknownFunction []
[2020.04.09-05.47.38:533][785]LogWindows: Error: [Callstack] 0x00007ffbc6a2a367 UE4Editor-Core.dll!UnknownFunction []
[2020.04.09-05.47.38:533][785]LogWindows: Error: [Callstack] 0x00007ffbc6a2cbc4 UE4Editor-Core.dll!UnknownFunction []
[2020.04.09-05.47.38:533][785]LogWindows: Error: [Callstack] 0x00007ffbc6821ada UE4Editor-Core.dll!UnknownFunction []
[2020.04.09-05.47.38:533][785]LogWindows: Error: [Callstack] 0x00007ffbc67767a3 UE4Editor-Core.dll!UnknownFunction []
[2020.04.09-05.47.38:533][785]LogWindows: Error: [Callstack] 0x00007ffbc6776eb0 UE4Editor-Core.dll!UnknownFunction []
[2020.04.09-05.47.38:533][785]LogWindows: Error: [Callstack] 0x00007ffba1a8e058 UE4Editor-Stolenmates.dll!DispatchCheckVerify<void,<lambda_18b713891a9a4a0e3be4f3e8a27e9e9c> >() [F:\UE_4.23\Engine\Source\Runtime\Core\Public\Misc\AssertionMacros.h:165]
[2020.04.09-05.47.38:533][785]LogWindows: Error: [Callstack] 0x00007ffba1a850ec UE4Editor-Stolenmates.dll!AStolenmatesGameModeBase::StartPlay() [C:\Users\Caleigh\Documents\GitHub\Stolemates\Stolenmates\Source\Stolenmates\StolenmatesGameModeBase.cpp:35]
[2020.04.09-05.47.38:533][785]LogWindows: Error: [Callstack] 0x00007ffbbc7c244e UE4Editor-Engine.dll!UnknownFunction []
[2020.04.09-05.47.38:533][785]LogWindows: Error: [Callstack] 0x00007ffbbbc6ad29 UE4Editor-Engine.dll!UnknownFunction []
[2020.04.09-05.47.38:533][785]LogWindows: Error: [Callstack] 0x00007ffbba5950b3 UE4Editor-UnrealEd.dll!UnknownFunction []
[2020.04.09-05.47.38:533][785]LogWindows: Error: [Callstack] 0x00007ffbba5b4361 UE4Editor-UnrealEd.dll!UnknownFunction []
[2020.04.09-05.47.38:533][785]LogWindows: Error: [Callstack] 0x00007ffbba5ce265 UE4Editor-UnrealEd.dll!UnknownFunction []
[2020.04.09-05.47.38:533][785]LogWindows: Error: [Callstack] 0x00007ffbba08d9b4 UE4Editor-UnrealEd.dll!UnknownFunction []
[2020.04.09-05.47.38:533][785]LogWindows: Error: [Callstack] 0x00007ffbba8e5296 UE4Editor-UnrealEd.dll!UnknownFunction []
[2020.04.09-05.47.38:533][785]LogWindows: Error: [Callstack] 0x00007ff7ef437b0a UE4Editor.exe!UnknownFunction []
[2020.04.09-05.47.38:533][785]LogWindows: Error: [Callstack] 0x00007ff7ef44a91c UE4Editor.exe!UnknownFunction []
[2020.04.09-05.47.38:533][785]LogWindows: Error: [Callstack] 0x00007ff7ef44a9fa UE4Editor.exe!UnknownFunction []
[2020.04.09-05.47.38:533][785]LogWindows: Error: [Callstack] 0x00007ff7ef45b92c UE4Editor.exe!UnknownFunction []
[2020.04.09-05.47.38:533][785]LogWindows: Error: [Callstack] 0x00007ff7ef45e60e UE4Editor.exe!UnknownFunction []
[2020.04.09-05.47.38:533][785]LogWindows: Error: [Callstack] 0x00007ffc22707bd4 KERNEL32.DLL!UnknownFunction []
[2020.04.09-05.47.38:533][785]LogWindows: Error: [Callstack] 0x00007ffc2288ced1 ntdll.dll!UnknownFunction []
[2020.04.09-05.47.38:533][785]LogWindows: Error: 
[2020.04.09-05.47.38:553][785]LogExit: Executing StaticShutdownAfterError
[2020.04.09-05.47.38:556][785]LogWindows: FPlatformMisc::RequestExit(1)
[2020.04.09-05.47.38:561][785]Log file closed, 04/09/20 01:47:38
