Log file open, 01/20/20 11:47:43
LogWindows: Failed to load 'aqProf.dll' (GetLastError=126)
LogWindows: File 'aqProf.dll' does not exist
LogWindows: Failed to load 'VtuneApi.dll' (GetLastError=126)
LogWindows: File 'VtuneApi.dll' does not exist
LogWindows: Failed to load 'VtuneApi32e.dll' (GetLastError=126)
LogWindows: File 'VtuneApi32e.dll' does not exist
LogConsoleResponse: Display: Failed to find resolution value strings in scalability ini. Falling back to default.
LogInit: Display: Running engine for game: Stolenmates
LogPlatformFile: Not using cached read wrapper
LogTaskGraph: Started task graph with 5 named threads and 23 total threads with 3 sets of task threads.
LogStats: Stats thread started at 0.178916
LogD3D11RHI: Loaded GFSDK_Aftermath_Lib.x64.dll
LogICUInternationalization: ICU TimeZone Detection - Raw Offset: -5:00, Platform Override: ''
LogPluginManager: Mounting plugin Paper2D
LogPluginManager: Mounting plugin AISupport
LogPluginManager: Mounting plugin LightPropagationVolume
LogPluginManager: Mounting plugin ActorLayerUtilities
LogPluginManager: Mounting plugin AnimationSharing
LogPluginManager: Mounting plugin CLionSourceCodeAccess
LogPluginManager: Mounting plugin CodeLiteSourceCodeAccess
LogPluginManager: Mounting plugin GitSourceControl
LogPluginManager: Mounting plugin KDevelopSourceCodeAccess
LogPluginManager: Mounting plugin NullSourceCodeAccess
LogPluginManager: Mounting plugin PerforceSourceControl
LogPluginManager: Mounting plugin SubversionSourceControl
LogPluginManager: Mounting plugin UObjectPlugin
LogPluginManager: Mounting plugin VisualStudioCodeSourceCodeAccess
LogPluginManager: Mounting plugin VisualStudioSourceCodeAccess
LogPluginManager: Mounting plugin XCodeSourceCodeAccess
LogPluginManager: Mounting plugin AssetManagerEditor
LogPluginManager: Mounting plugin CryptoKeys
LogPluginManager: Mounting plugin CurveEditorTools
LogPluginManager: Mounting plugin DataValidation
LogPluginManager: Mounting plugin FacialAnimation
LogPluginManager: Mounting plugin GameplayTagsEditor
LogPluginManager: Mounting plugin MacGraphicsSwitching
LogPluginManager: Mounting plugin MaterialAnalyzer
LogPluginManager: Mounting plugin MobileLauncherProfileWizard
LogPluginManager: Mounting plugin PluginBrowser
LogPluginManager: Mounting plugin SpeedTreeImporter
LogPluginManager: Mounting plugin DatasmithContent
LogPluginManager: Mounting plugin VariantManagerContent
LogPluginManager: Mounting plugin AlembicImporter
LogPluginManager: Mounting plugin AutomationUtils
LogPluginManager: Mounting plugin BackChannel
LogPluginManager: Mounting plugin CharacterAI
LogPluginManager: Mounting plugin GeometryCache
LogPluginManager: Mounting plugin HTML5Networking
LogPluginManager: Mounting plugin PlatformCrypto
LogPluginManager: Mounting plugin ProxyLODPlugin
LogPluginManager: Mounting plugin SkeletalReduction
LogPluginManager: Mounting plugin MagicLeap
LogPluginManager: Mounting plugin MagicLeapMedia
LogPluginManager: Mounting plugin AndroidMedia
LogPluginManager: Mounting plugin AvfMedia
LogPluginManager: Mounting plugin ImgMedia
LogPluginManager: Mounting plugin MediaCompositing
LogPluginManager: Mounting plugin MediaPlayerEditor
LogPluginManager: Mounting plugin WebMMedia
LogPluginManager: Mounting plugin WmfMedia
LogPluginManager: Mounting plugin TcpMessaging
LogPluginManager: Mounting plugin UdpMessaging
LogPluginManager: Mounting plugin ActorSequence
LogPluginManager: Mounting plugin LevelSequenceEditor
LogPluginManager: Mounting plugin MatineeToLevelSequence
LogPluginManager: Mounting plugin NetcodeUnitTest
LogPluginManager: Mounting plugin NUTUnrealEngine4
LogPluginManager: Mounting plugin OnlineSubsystemGooglePlay
LogPluginManager: Mounting plugin OnlineSubsystemIOS
LogPluginManager: Mounting plugin OnlineSubsystem
LogPluginManager: Mounting plugin OnlineSubsystemNull
LogPluginManager: Mounting plugin OnlineSubsystemUtils
LogPluginManager: Mounting plugin LauncherChunkInstaller
LogPluginManager: Mounting plugin AndroidDeviceProfileSelector
LogPluginManager: Mounting plugin AndroidMoviePlayer
LogPluginManager: Mounting plugin AndroidPermission
LogPluginManager: Mounting plugin AppleImageUtils
LogPluginManager: Mounting plugin AppleMoviePlayer
LogPluginManager: Mounting plugin ArchVisCharacter
LogPluginManager: Mounting plugin AudioCapture
LogPluginManager: Mounting plugin CableComponent
LogPluginManager: Mounting plugin CustomMeshComponent
LogPluginManager: Mounting plugin EditableMesh
LogPluginManager: Mounting plugin ExampleDeviceProfileSelector
LogPluginManager: Mounting plugin GoogleCloudMessaging
LogPluginManager: Mounting plugin IOSDeviceProfileSelector
LogPluginManager: Mounting plugin LinuxDeviceProfileSelector
LogPluginManager: Mounting plugin LocationServicesBPLibrary
LogPluginManager: Mounting plugin MobilePatchingUtils
LogPluginManager: Mounting plugin OculusVR
LogPluginManager: Mounting plugin PhysXVehicles
LogPluginManager: Mounting plugin ProceduralMeshComponent
LogPluginManager: Mounting plugin RuntimePhysXCooking
LogPluginManager: Mounting plugin SignificanceManager
LogPluginManager: Mounting plugin SteamVR
LogPluginManager: Mounting plugin WebMMoviePlayer
LogPluginManager: Mounting plugin WindowsMoviePlayer
LogPluginManager: Mounting plugin ScreenshotTools
LogInit: Using libcurl 7.55.1-DEV
LogInit:  - built for x86_64-pc-win32
LogInit:  - supports SSL with OpenSSL/1.1.1
LogInit:  - supports HTTP deflate (compression) using libz 1.2.8
LogInit:  - other features:
LogInit:      CURL_VERSION_SSL
LogInit:      CURL_VERSION_LIBZ
LogInit:      CURL_VERSION_IPV6
LogInit:      CURL_VERSION_ASYNCHDNS
LogInit:      CURL_VERSION_LARGEFILE
LogInit:      CURL_VERSION_IDN
LogInit:  CurlRequestOptions (configurable via config and command line):
LogInit:  - bVerifyPeer = true  - Libcurl will verify peer certificate
LogInit:  - bUseHttpProxy = false  - Libcurl will NOT use HTTP proxy
LogInit:  - bDontReuseConnections = false  - Libcurl will reuse connections
LogInit:  - MaxHostConnections = 16  - Libcurl will limit the number of connections to a host
LogInit:  - LocalHostAddr = Default
LogInit:  - BufferSize = 65536
LogOnline: OSS: Creating online subsystem instance for: NULL
LogInit: WinSock: version 1.1 (2.2), MaxSocks=32767, MaxUdp=65467
LogInit: Build: ++UE4+Release-4.23-CL-9631420
LogInit: Engine Version: 4.23.1-9631420+++UE4+Release-4.23
LogInit: Compatible Engine Version: 4.23.0-8386587+++UE4+Release-4.23
LogInit: Net CL: 8386587
LogInit: OS: Windows 10 (Release 1809) (), CPU: Intel(R) Core(TM) i7-7700 CPU @ 3.60GHz, GPU: NVIDIA GeForce GTX 1070
LogInit: Compiled (64-bit): Oct 18 2019 02:07:44
LogInit: Compiled with Visual C++: 19.16.27030.01
LogInit: Build Configuration: Development
LogInit: Branch Name: ++UE4+Release-4.23
LogInit: Command Line:  -skipcompile
LogInit: Base Directory: C:/Program Files/Epic Games/UE_4.23/Engine/Binaries/Win64/
LogInit: Installed Engine Build: 1
LogDevObjectVersion: Number of dev versions registered: 23
LogDevObjectVersion:   Dev-Blueprints (B0D832E4-1F89-4F0D-ACCF-7EB736FD4AA2): 10
LogDevObjectVersion:   Dev-Build (E1C64328-A22C-4D53-A36C-8E866417BD8C): 0
LogDevObjectVersion:   Dev-Core (375EC13C-06E4-48FB-B500-84F0262A717E): 3
LogDevObjectVersion:   Dev-Editor (E4B068ED-F494-42E9-A231-DA0B2E46BB41): 34
LogDevObjectVersion:   Dev-Framework (CFFC743F-43B0-4480-9391-14DF171D2073): 35
LogDevObjectVersion:   Dev-Mobile (B02B49B5-BB20-44E9-A304-32B752E40360): 2
LogDevObjectVersion:   Dev-Networking (A4E4105C-59A1-49B5-A7C5-40C4547EDFEE): 0
LogDevObjectVersion:   Dev-Online (39C831C9-5AE6-47DC-9A44-9C173E1C8E7C): 0
LogDevObjectVersion:   Dev-Physics (78F01B33-EBEA-4F98-B9B4-84EACCB95AA2): 0
LogDevObjectVersion:   Dev-Platform (6631380F-2D4D-43E0-8009-CF276956A95A): 0
LogDevObjectVersion:   Dev-Rendering (12F88B9F-8875-4AFC-A67C-D90C383ABD29): 31
LogDevObjectVersion:   Dev-Sequencer (7B5AE74C-D270-4C10-A958-57980B212A5A): 11
LogDevObjectVersion:   Dev-VR (D7296918-1DD6-4BDD-9DE2-64A83CC13884): 2
LogDevObjectVersion:   Dev-LoadTimes (C2A15278-BFE7-4AFE-6C17-90FF531DF755): 1
LogDevObjectVersion:   Private-Geometry (6EACA3D4-40EC-4CC1-B786-8BED09428FC5): 3
LogDevObjectVersion:   Dev-AnimPhys (29E575DD-E0A3-4627-9D10-D276232CDCEA): 17
LogDevObjectVersion:   Dev-Anim (AF43A65D-7FD3-4947-9873-3E8ED9C1BB05): 2
LogDevObjectVersion:   Dev-ReflectionCapture (6B266CEC-1EC7-4B8F-A30B-E4D90942FC07): 1
LogDevObjectVersion:   Dev-Automation (0DF73D61-A23F-47EA-B727-89E90C41499A): 1
LogDevObjectVersion:   FortniteMain (601D1886-AC64-4F84-AA16-D3DE0DEAC7D6): 27
LogDevObjectVersion:   Dev-Enterprise (9DFFBCD6-494F-0158-E221-12823C92A888): 6
LogDevObjectVersion:   Dev-Niagara (F2AED0AC-9AFE-416F-8664-AA7FFA26D6FC): 1
LogDevObjectVersion:   Dev-Destruction (174F1F0B-B4C6-45A5-B13F-2EE8D0FB917D): 9
LogInit: Presizing for max 16777216 objects, including 0 objects not considered by GC, pre-allocating 0 bytes for permanent pool.
LogInit: Object subsystem initialized
LogConfig: Setting CVar [[con.DebugEarlyDefault:1]]
LogConfig: Setting CVar [[r.setres:1280x720]]
[2020.01.20-16.47.43:516][  0]LogConfig: Setting CVar [[r.VSync:0]]
[2020.01.20-16.47.43:516][  0]LogConfig: Setting CVar [[r.RHICmdBypass:0]]
[2020.01.20-16.47.43:516][  0]LogConfig: Applying CVar settings from Section [/Script/Engine.RendererSettings] File [C:/Users/tbiss/Documents/GitHub/Stolemates/Stolenmates/Saved/Config/Windows/Engine.ini]
[2020.01.20-16.47.43:516][  0]LogConfig: Setting CVar [[r.GPUCrashDebugging:0]]
[2020.01.20-16.47.43:516][  0]LogConfig: Setting CVar [[r.DefaultFeature.AutoExposure.ExtendDefaultLuminanceRange:1]]
[2020.01.20-16.47.43:516][  0]LogConfig: Applying CVar settings from Section [/Script/Engine.RendererOverrideSettings] File [C:/Users/tbiss/Documents/GitHub/Stolemates/Stolenmates/Saved/Config/Windows/Engine.ini]
[2020.01.20-16.47.43:516][  0]LogConfig: Applying CVar settings from Section [/Script/Engine.StreamingSettings] File [C:/Users/tbiss/Documents/GitHub/Stolemates/Stolenmates/Saved/Config/Windows/Engine.ini]
[2020.01.20-16.47.43:516][  0]LogConfig: Setting CVar [[s.MinBulkDataSizeForAsyncLoading:131072]]
[2020.01.20-16.47.43:516][  0]LogConfig: Setting CVar [[s.AsyncLoadingThreadEnabled:0]]
[2020.01.20-16.47.43:516][  0]LogConfig: Setting CVar [[s.EventDrivenLoaderEnabled:1]]
[2020.01.20-16.47.43:517][  0]LogConfig: Setting CVar [[s.WarnIfTimeLimitExceeded:0]]
[2020.01.20-16.47.43:517][  0]LogConfig: Setting CVar [[s.TimeLimitExceededMultiplier:1.5]]
[2020.01.20-16.47.43:517][  0]LogConfig: Setting CVar [[s.TimeLimitExceededMinTime:0.005]]
[2020.01.20-16.47.43:517][  0]LogConfig: Setting CVar [[s.UseBackgroundLevelStreaming:1]]
[2020.01.20-16.47.43:517][  0]LogConfig: Setting CVar [[s.PriorityAsyncLoadingExtraTime:15.0]]
[2020.01.20-16.47.43:517][  0]LogConfig: Setting CVar [[s.LevelStreamingActorsUpdateTimeLimit:5.0]]
[2020.01.20-16.47.43:517][  0]LogConfig: Setting CVar [[s.PriorityLevelStreamingActorsUpdateExtraTime:5.0]]
[2020.01.20-16.47.43:517][  0]LogConfig: Setting CVar [[s.LevelStreamingComponentsRegistrationGranularity:10]]
[2020.01.20-16.47.43:517][  0]LogConfig: Setting CVar [[s.UnregisterComponentsTimeLimit:1.0]]
[2020.01.20-16.47.43:517][  0]LogConfig: Setting CVar [[s.LevelStreamingComponentsUnregistrationGranularity:5]]
[2020.01.20-16.47.43:517][  0]LogConfig: Applying CVar settings from Section [/Script/Engine.GarbageCollectionSettings] File [C:/Users/tbiss/Documents/GitHub/Stolemates/Stolenmates/Saved/Config/Windows/Engine.ini]
[2020.01.20-16.47.43:517][  0]LogConfig: Setting CVar [[gc.MaxObjectsNotConsideredByGC:1]]
[2020.01.20-16.47.43:517][  0]LogConfig: Setting CVar [[gc.SizeOfPermanentObjectPool:0]]
[2020.01.20-16.47.43:517][  0]LogConfig: Setting CVar [[gc.FlushStreamingOnGC:0]]
[2020.01.20-16.47.43:517][  0]LogConfig: Setting CVar [[gc.NumRetriesBeforeForcingGC:10]]
[2020.01.20-16.47.43:517][  0]LogConfig: Setting CVar [[gc.AllowParallelGC:1]]
[2020.01.20-16.47.43:518][  0]LogConfig: Setting CVar [[gc.TimeBetweenPurgingPendingKillObjects:61.1]]
[2020.01.20-16.47.43:518][  0]LogConfig: Setting CVar [[gc.MaxObjectsInEditor:16777216]]
[2020.01.20-16.47.43:518][  0]LogConfig: Setting CVar [[gc.IncrementalBeginDestroyEnabled:1]]
[2020.01.20-16.47.43:518][  0]LogConfig: Setting CVar [[gc.CreateGCClusters:1]]
[2020.01.20-16.47.43:518][  0]LogConfig: Setting CVar [[gc.MinGCClusterSize:5]]
[2020.01.20-16.47.43:518][  0]LogConfig: Setting CVar [[gc.ActorClusteringEnabled:0]]
[2020.01.20-16.47.43:518][  0]LogConfig: Setting CVar [[gc.BlueprintClusteringEnabled:0]]
[2020.01.20-16.47.43:518][  0]LogConfig: Setting CVar [[gc.UseDisregardForGCOnDedicatedServers:0]]
[2020.01.20-16.47.43:518][  0]LogConfig: Applying CVar settings from Section [/Script/Engine.NetworkSettings] File [C:/Users/tbiss/Documents/GitHub/Stolemates/Stolenmates/Saved/Config/Windows/Engine.ini]
[2020.01.20-16.47.43:518][  0]LogConfig: Applying CVar settings from Section [/Script/UnrealEd.CookerSettings] File [C:/Users/tbiss/Documents/GitHub/Stolemates/Stolenmates/Saved/Config/Windows/Engine.ini]
[2020.01.20-16.47.43:523][  0]LogConfig: Applying CVar settings from Section [ViewDistanceQuality@3] File [C:/Users/tbiss/Documents/GitHub/Stolemates/Stolenmates/Saved/Config/Windows/Scalability.ini]
[2020.01.20-16.47.43:523][  0]LogConfig: Setting CVar [[r.SkeletalMeshLODBias:0]]
[2020.01.20-16.47.43:523][  0]LogConfig: Setting CVar [[r.ViewDistanceScale:1.0]]
[2020.01.20-16.47.43:523][  0]LogConfig: Applying CVar settings from Section [AntiAliasingQuality@3] File [C:/Users/tbiss/Documents/GitHub/Stolemates/Stolenmates/Saved/Config/Windows/Scalability.ini]
[2020.01.20-16.47.43:523][  0]LogConfig: Setting CVar [[r.PostProcessAAQuality:4]]
[2020.01.20-16.47.43:523][  0]LogConfig: Applying CVar settings from Section [ShadowQuality@3] File [C:/Users/tbiss/Documents/GitHub/Stolemates/Stolenmates/Saved/Config/Windows/Scalability.ini]
[2020.01.20-16.47.43:523][  0]LogConfig: Setting CVar [[r.LightFunctionQuality:1]]
[2020.01.20-16.47.43:523][  0]LogConfig: Setting CVar [[r.ShadowQuality:5]]
[2020.01.20-16.47.43:523][  0]LogConfig: Setting CVar [[r.Shadow.CSM.MaxCascades:10]]
[2020.01.20-16.47.43:524][  0]LogConfig: Setting CVar [[r.Shadow.MaxResolution:2048]]
[2020.01.20-16.47.43:524][  0]LogConfig: Setting CVar [[r.Shadow.MaxCSMResolution:2048]]
[2020.01.20-16.47.43:524][  0]LogConfig: Setting CVar [[r.Shadow.RadiusThreshold:0.01]]
[2020.01.20-16.47.43:524][  0]LogConfig: Setting CVar [[r.Shadow.DistanceScale:1.0]]
[2020.01.20-16.47.43:524][  0]LogConfig: Setting CVar [[r.Shadow.CSM.TransitionScale:1.0]]
[2020.01.20-16.47.43:524][  0]LogConfig: Setting CVar [[r.Shadow.PreShadowResolutionFactor:1.0]]
[2020.01.20-16.47.43:524][  0]LogConfig: Setting CVar [[r.DistanceFieldShadowing:1]]
[2020.01.20-16.47.43:524][  0]LogConfig: Setting CVar [[r.DistanceFieldAO:1]]
[2020.01.20-16.47.43:524][  0]LogConfig: Setting CVar [[r.AOQuality:2]]
[2020.01.20-16.47.43:524][  0]LogConfig: Setting CVar [[r.VolumetricFog:1]]
[2020.01.20-16.47.43:524][  0]LogConfig: Setting CVar [[r.VolumetricFog.GridPixelSize:8]]
[2020.01.20-16.47.43:524][  0]LogConfig: Setting CVar [[r.VolumetricFog.GridSizeZ:128]]
[2020.01.20-16.47.43:524][  0]LogConfig: Setting CVar [[r.VolumetricFog.HistoryMissSupersampleCount:4]]
[2020.01.20-16.47.43:524][  0]LogConfig: Setting CVar [[r.LightMaxDrawDistanceScale:1]]
[2020.01.20-16.47.43:524][  0]LogConfig: Setting CVar [[r.CapsuleShadows:1]]
[2020.01.20-16.47.43:524][  0]LogConfig: Applying CVar settings from Section [PostProcessQuality@3] File [C:/Users/tbiss/Documents/GitHub/Stolemates/Stolenmates/Saved/Config/Windows/Scalability.ini]
[2020.01.20-16.47.43:524][  0]LogConfig: Setting CVar [[r.MotionBlurQuality:4]]
[2020.01.20-16.47.43:524][  0]LogConfig: Setting CVar [[r.AmbientOcclusionMipLevelFactor:0.4]]
[2020.01.20-16.47.43:524][  0]LogConfig: Setting CVar [[r.AmbientOcclusionMaxQuality:100]]
[2020.01.20-16.47.43:525][  0]LogConfig: Setting CVar [[r.AmbientOcclusionLevels:-1]]
[2020.01.20-16.47.43:525][  0]LogConfig: Setting CVar [[r.AmbientOcclusionRadiusScale:1.0]]
[2020.01.20-16.47.43:525][  0]LogConfig: Setting CVar [[r.DepthOfFieldQuality:2]]
[2020.01.20-16.47.43:525][  0]LogConfig: Setting CVar [[r.RenderTargetPoolMin:400]]
[2020.01.20-16.47.43:525][  0]LogConfig: Setting CVar [[r.LensFlareQuality:2]]
[2020.01.20-16.47.43:525][  0]LogConfig: Setting CVar [[r.SceneColorFringeQuality:1]]
[2020.01.20-16.47.43:525][  0]LogConfig: Setting CVar [[r.EyeAdaptationQuality:2]]
[2020.01.20-16.47.43:525][  0]LogConfig: Setting CVar [[r.BloomQuality:5]]
[2020.01.20-16.47.43:525][  0]LogConfig: Setting CVar [[r.FastBlurThreshold:100]]
[2020.01.20-16.47.43:525][  0]LogConfig: Setting CVar [[r.Upscale.Quality:3]]
[2020.01.20-16.47.43:525][  0]LogConfig: Setting CVar [[r.Tonemapper.GrainQuantization:1]]
[2020.01.20-16.47.43:525][  0]LogConfig: Setting CVar [[r.LightShaftQuality:1]]
[2020.01.20-16.47.43:525][  0]LogConfig: Setting CVar [[r.Filter.SizeScale:1]]
[2020.01.20-16.47.43:525][  0]LogConfig: Setting CVar [[r.Tonemapper.Quality:5]]
[2020.01.20-16.47.43:525][  0]LogConfig: Setting CVar [[r.DOF.Gather.AccumulatorQuality:1        ; higher gathering accumulator quality]]
[2020.01.20-16.47.43:525][  0]LogConfig: Setting CVar [[r.DOF.Gather.PostfilterMethod:1          ; Median3x3 postfilering method]]
[2020.01.20-16.47.43:525][  0]LogConfig: Setting CVar [[r.DOF.Gather.EnableBokehSettings:0       ; no bokeh simulation when gathering]]
[2020.01.20-16.47.43:525][  0]LogConfig: Setting CVar [[r.DOF.Gather.RingCount:4                 ; medium number of samples when gathering]]
[2020.01.20-16.47.43:525][  0]LogConfig: Setting CVar [[r.DOF.Scatter.ForegroundCompositing:1    ; additive foreground scattering]]
[2020.01.20-16.47.43:525][  0]LogConfig: Setting CVar [[r.DOF.Scatter.BackgroundCompositing:2    ; additive background scattering]]
[2020.01.20-16.47.43:525][  0]LogConfig: Setting CVar [[r.DOF.Scatter.EnableBokehSettings:1      ; bokeh simulation when scattering]]
[2020.01.20-16.47.43:526][  0]LogConfig: Setting CVar [[r.DOF.Scatter.MaxSpriteRatio:0.1         ; only a maximum of 10% of scattered bokeh]]
[2020.01.20-16.47.43:526][  0]LogConfig: Setting CVar [[r.DOF.Recombine.Quality:1                ; cheap slight out of focus]]
[2020.01.20-16.47.43:526][  0]LogConfig: Setting CVar [[r.DOF.Recombine.EnableBokehSettings:0    ; no bokeh simulation on slight out of focus]]
[2020.01.20-16.47.43:526][  0]LogConfig: Setting CVar [[r.DOF.TemporalAAQuality:1                ; more stable temporal accumulation]]
[2020.01.20-16.47.43:526][  0]LogConfig: Setting CVar [[r.DOF.Kernel.MaxForegroundRadius:0.025]]
[2020.01.20-16.47.43:526][  0]LogConfig: Setting CVar [[r.DOF.Kernel.MaxBackgroundRadius:0.025]]
[2020.01.20-16.47.43:526][  0]LogConfig: Applying CVar settings from Section [TextureQuality@3] File [C:/Users/tbiss/Documents/GitHub/Stolemates/Stolenmates/Saved/Config/Windows/Scalability.ini]
[2020.01.20-16.47.43:526][  0]LogConfig: Setting CVar [[r.Streaming.MipBias:0]]
[2020.01.20-16.47.43:526][  0]LogConfig: Setting CVar [[r.Streaming.AmortizeCPUToGPUCopy:0]]
[2020.01.20-16.47.43:526][  0]LogConfig: Setting CVar [[r.Streaming.MaxNumTexturesToStreamPerFrame:0]]
[2020.01.20-16.47.43:526][  0]LogConfig: Setting CVar [[r.Streaming.Boost:1]]
[2020.01.20-16.47.43:526][  0]LogConfig: Setting CVar [[r.MaxAnisotropy:8]]
[2020.01.20-16.47.43:526][  0]LogConfig: Setting CVar [[r.Streaming.LimitPoolSizeToVRAM:0]]
[2020.01.20-16.47.43:526][  0]LogConfig: Setting CVar [[r.Streaming.PoolSize:1000]]
[2020.01.20-16.47.43:526][  0]LogConfig: Setting CVar [[r.Streaming.MaxEffectiveScreenSize:0]]
[2020.01.20-16.47.43:526][  0]LogConfig: Applying CVar settings from Section [EffectsQuality@3] File [C:/Users/tbiss/Documents/GitHub/Stolemates/Stolenmates/Saved/Config/Windows/Scalability.ini]
[2020.01.20-16.47.43:526][  0]LogConfig: Setting CVar [[r.TranslucencyLightingVolumeDim:64]]
[2020.01.20-16.47.43:526][  0]LogConfig: Setting CVar [[r.RefractionQuality:2]]
[2020.01.20-16.47.43:527][  0]LogConfig: Setting CVar [[r.SSR.Quality:3]]
[2020.01.20-16.47.43:527][  0]LogConfig: Setting CVar [[r.SceneColorFormat:4]]
[2020.01.20-16.47.43:527][  0]LogConfig: Setting CVar [[r.DetailMode:2]]
[2020.01.20-16.47.43:527][  0]LogConfig: Setting CVar [[r.TranslucencyVolumeBlur:1]]
[2020.01.20-16.47.43:527][  0]LogConfig: Setting CVar [[r.MaterialQualityLevel:1 ; High quality]]
[2020.01.20-16.47.43:527][  0]LogConfig: Setting CVar [[r.SSS.Scale:1]]
[2020.01.20-16.47.43:527][  0]LogConfig: Setting CVar [[r.SSS.SampleSet:2]]
[2020.01.20-16.47.43:527][  0]LogConfig: Setting CVar [[r.SSS.Quality:1]]
[2020.01.20-16.47.43:527][  0]LogConfig: Setting CVar [[r.SSS.HalfRes:1]]
[2020.01.20-16.47.43:527][  0]LogConfig: Setting CVar [[r.EmitterSpawnRateScale:1.0]]
[2020.01.20-16.47.43:527][  0]LogConfig: Setting CVar [[r.ParticleLightQuality:2]]
[2020.01.20-16.47.43:527][  0]LogConfig: Applying CVar settings from Section [FoliageQuality@3] File [C:/Users/tbiss/Documents/GitHub/Stolemates/Stolenmates/Saved/Config/Windows/Scalability.ini]
[2020.01.20-16.47.43:527][  0]LogConfig: Setting CVar [[foliage.DensityScale:1.0]]
[2020.01.20-16.47.43:527][  0]LogConfig: Setting CVar [[grass.DensityScale:1.0]]
[2020.01.20-16.47.43:527][  0]LogInit: Selected Device Profile: [Windows]
[2020.01.20-16.47.43:527][  0]LogInit: Applying CVar settings loaded from the selected device profile: [Windows]
[2020.01.20-16.47.43:530][  0]LogHAL: Display: Platform has ~ 16 GB [17114079232 / 17179869184 / 16], which maps to Larger [LargestMinGB=32, LargerMinGB=12, DefaultMinGB=8, SmallerMinGB=6, SmallestMinGB=0)
[2020.01.20-16.47.43:530][  0]LogInit: Going up to parent DeviceProfile []
[2020.01.20-16.47.43:530][  0]LogConfig: Applying CVar settings from Section [ViewDistanceQuality@3] File [C:/Users/tbiss/Documents/GitHub/Stolemates/Stolenmates/Saved/Config/Windows/Scalability.ini]
[2020.01.20-16.47.43:530][  0]LogConfig: Setting CVar [[r.SkeletalMeshLODBias:0]]
[2020.01.20-16.47.43:530][  0]LogConfig: Setting CVar [[r.ViewDistanceScale:1.0]]
[2020.01.20-16.47.43:530][  0]LogConfig: Applying CVar settings from Section [AntiAliasingQuality@3] File [C:/Users/tbiss/Documents/GitHub/Stolemates/Stolenmates/Saved/Config/Windows/Scalability.ini]
[2020.01.20-16.47.43:531][  0]LogConfig: Setting CVar [[r.PostProcessAAQuality:4]]
[2020.01.20-16.47.43:531][  0]LogConfig: Applying CVar settings from Section [ShadowQuality@3] File [C:/Users/tbiss/Documents/GitHub/Stolemates/Stolenmates/Saved/Config/Windows/Scalability.ini]
[2020.01.20-16.47.43:531][  0]LogConfig: Setting CVar [[r.LightFunctionQuality:1]]
[2020.01.20-16.47.43:531][  0]LogConfig: Setting CVar [[r.ShadowQuality:5]]
[2020.01.20-16.47.43:531][  0]LogConfig: Setting CVar [[r.Shadow.CSM.MaxCascades:10]]
[2020.01.20-16.47.43:531][  0]LogConfig: Setting CVar [[r.Shadow.MaxResolution:2048]]
[2020.01.20-16.47.43:531][  0]LogConfig: Setting CVar [[r.Shadow.MaxCSMResolution:2048]]
[2020.01.20-16.47.43:531][  0]LogConfig: Setting CVar [[r.Shadow.RadiusThreshold:0.01]]
[2020.01.20-16.47.43:531][  0]LogConfig: Setting CVar [[r.Shadow.DistanceScale:1.0]]
[2020.01.20-16.47.43:531][  0]LogConfig: Setting CVar [[r.Shadow.CSM.TransitionScale:1.0]]
[2020.01.20-16.47.43:531][  0]LogConfig: Setting CVar [[r.Shadow.PreShadowResolutionFactor:1.0]]
[2020.01.20-16.47.43:531][  0]LogConfig: Setting CVar [[r.DistanceFieldShadowing:1]]
[2020.01.20-16.47.43:531][  0]LogConfig: Setting CVar [[r.DistanceFieldAO:1]]
[2020.01.20-16.47.43:531][  0]LogConfig: Setting CVar [[r.AOQuality:2]]
[2020.01.20-16.47.43:531][  0]LogConfig: Setting CVar [[r.VolumetricFog:1]]
[2020.01.20-16.47.43:531][  0]LogConfig: Setting CVar [[r.VolumetricFog.GridPixelSize:8]]
[2020.01.20-16.47.43:531][  0]LogConfig: Setting CVar [[r.VolumetricFog.GridSizeZ:128]]
[2020.01.20-16.47.43:531][  0]LogConfig: Setting CVar [[r.VolumetricFog.HistoryMissSupersampleCount:4]]
[2020.01.20-16.47.43:532][  0]LogConfig: Setting CVar [[r.LightMaxDrawDistanceScale:1]]
[2020.01.20-16.47.43:532][  0]LogConfig: Setting CVar [[r.CapsuleShadows:1]]
[2020.01.20-16.47.43:532][  0]LogConfig: Applying CVar settings from Section [PostProcessQuality@3] File [C:/Users/tbiss/Documents/GitHub/Stolemates/Stolenmates/Saved/Config/Windows/Scalability.ini]
[2020.01.20-16.47.43:532][  0]LogConfig: Setting CVar [[r.MotionBlurQuality:4]]
[2020.01.20-16.47.43:532][  0]LogConfig: Setting CVar [[r.AmbientOcclusionMipLevelFactor:0.4]]
[2020.01.20-16.47.43:532][  0]LogConfig: Setting CVar [[r.AmbientOcclusionMaxQuality:100]]
[2020.01.20-16.47.43:532][  0]LogConfig: Setting CVar [[r.AmbientOcclusionLevels:-1]]
[2020.01.20-16.47.43:532][  0]LogConfig: Setting CVar [[r.AmbientOcclusionRadiusScale:1.0]]
[2020.01.20-16.47.43:532][  0]LogConfig: Setting CVar [[r.DepthOfFieldQuality:2]]
[2020.01.20-16.47.43:532][  0]LogConfig: Setting CVar [[r.RenderTargetPoolMin:400]]
[2020.01.20-16.47.43:532][  0]LogConfig: Setting CVar [[r.LensFlareQuality:2]]
[2020.01.20-16.47.43:532][  0]LogConfig: Setting CVar [[r.SceneColorFringeQuality:1]]
[2020.01.20-16.47.43:532][  0]LogConfig: Setting CVar [[r.EyeAdaptationQuality:2]]
[2020.01.20-16.47.43:532][  0]LogConfig: Setting CVar [[r.BloomQuality:5]]
[2020.01.20-16.47.43:532][  0]LogConfig: Setting CVar [[r.FastBlurThreshold:100]]
[2020.01.20-16.47.43:532][  0]LogConfig: Setting CVar [[r.Upscale.Quality:3]]
[2020.01.20-16.47.43:532][  0]LogConfig: Setting CVar [[r.Tonemapper.GrainQuantization:1]]
[2020.01.20-16.47.43:532][  0]LogConfig: Setting CVar [[r.LightShaftQuality:1]]
[2020.01.20-16.47.43:532][  0]LogConfig: Setting CVar [[r.Filter.SizeScale:1]]
[2020.01.20-16.47.43:532][  0]LogConfig: Setting CVar [[r.Tonemapper.Quality:5]]
[2020.01.20-16.47.43:532][  0]LogConfig: Setting CVar [[r.DOF.Gather.AccumulatorQuality:1        ; higher gathering accumulator quality]]
[2020.01.20-16.47.43:532][  0]LogConfig: Setting CVar [[r.DOF.Gather.PostfilterMethod:1          ; Median3x3 postfilering method]]
[2020.01.20-16.47.43:533][  0]LogConfig: Setting CVar [[r.DOF.Gather.EnableBokehSettings:0       ; no bokeh simulation when gathering]]
[2020.01.20-16.47.43:533][  0]LogConfig: Setting CVar [[r.DOF.Gather.RingCount:4                 ; medium number of samples when gathering]]
[2020.01.20-16.47.43:533][  0]LogConfig: Setting CVar [[r.DOF.Scatter.ForegroundCompositing:1    ; additive foreground scattering]]
[2020.01.20-16.47.43:533][  0]LogConfig: Setting CVar [[r.DOF.Scatter.BackgroundCompositing:2    ; additive background scattering]]
[2020.01.20-16.47.43:533][  0]LogConfig: Setting CVar [[r.DOF.Scatter.EnableBokehSettings:1      ; bokeh simulation when scattering]]
[2020.01.20-16.47.43:533][  0]LogConfig: Setting CVar [[r.DOF.Scatter.MaxSpriteRatio:0.1         ; only a maximum of 10% of scattered bokeh]]
[2020.01.20-16.47.43:533][  0]LogConfig: Setting CVar [[r.DOF.Recombine.Quality:1                ; cheap slight out of focus]]
[2020.01.20-16.47.43:533][  0]LogConfig: Setting CVar [[r.DOF.Recombine.EnableBokehSettings:0    ; no bokeh simulation on slight out of focus]]
[2020.01.20-16.47.43:533][  0]LogConfig: Setting CVar [[r.DOF.TemporalAAQuality:1                ; more stable temporal accumulation]]
[2020.01.20-16.47.43:533][  0]LogConfig: Setting CVar [[r.DOF.Kernel.MaxForegroundRadius:0.025]]
[2020.01.20-16.47.43:533][  0]LogConfig: Setting CVar [[r.DOF.Kernel.MaxBackgroundRadius:0.025]]
[2020.01.20-16.47.43:533][  0]LogConfig: Applying CVar settings from Section [TextureQuality@3] File [C:/Users/tbiss/Documents/GitHub/Stolemates/Stolenmates/Saved/Config/Windows/Scalability.ini]
[2020.01.20-16.47.43:533][  0]LogConfig: Setting CVar [[r.Streaming.MipBias:0]]
[2020.01.20-16.47.43:533][  0]LogConfig: Setting CVar [[r.Streaming.AmortizeCPUToGPUCopy:0]]
[2020.01.20-16.47.43:533][  0]LogConfig: Setting CVar [[r.Streaming.MaxNumTexturesToStreamPerFrame:0]]
[2020.01.20-16.47.43:533][  0]LogConfig: Setting CVar [[r.Streaming.Boost:1]]
[2020.01.20-16.47.43:533][  0]LogConfig: Setting CVar [[r.MaxAnisotropy:8]]
[2020.01.20-16.47.43:533][  0]LogConfig: Setting CVar [[r.Streaming.LimitPoolSizeToVRAM:0]]
[2020.01.20-16.47.43:533][  0]LogConfig: Setting CVar [[r.Streaming.PoolSize:1000]]
[2020.01.20-16.47.43:533][  0]LogConfig: Setting CVar [[r.Streaming.MaxEffectiveScreenSize:0]]
[2020.01.20-16.47.43:533][  0]LogConfig: Applying CVar settings from Section [EffectsQuality@3] File [C:/Users/tbiss/Documents/GitHub/Stolemates/Stolenmates/Saved/Config/Windows/Scalability.ini]
[2020.01.20-16.47.43:534][  0]LogConfig: Setting CVar [[r.TranslucencyLightingVolumeDim:64]]
[2020.01.20-16.47.43:534][  0]LogConfig: Setting CVar [[r.RefractionQuality:2]]
[2020.01.20-16.47.43:534][  0]LogConfig: Setting CVar [[r.SSR.Quality:3]]
[2020.01.20-16.47.43:534][  0]LogConfig: Setting CVar [[r.SceneColorFormat:4]]
[2020.01.20-16.47.43:534][  0]LogConfig: Setting CVar [[r.DetailMode:2]]
[2020.01.20-16.47.43:534][  0]LogConfig: Setting CVar [[r.TranslucencyVolumeBlur:1]]
[2020.01.20-16.47.43:534][  0]LogConfig: Setting CVar [[r.MaterialQualityLevel:1 ; High quality]]
[2020.01.20-16.47.43:534][  0]LogConfig: Setting CVar [[r.SSS.Scale:1]]
[2020.01.20-16.47.43:534][  0]LogConfig: Setting CVar [[r.SSS.SampleSet:2]]
[2020.01.20-16.47.43:534][  0]LogConfig: Setting CVar [[r.SSS.Quality:1]]
[2020.01.20-16.47.43:534][  0]LogConfig: Setting CVar [[r.SSS.HalfRes:1]]
[2020.01.20-16.47.43:534][  0]LogConfig: Setting CVar [[r.EmitterSpawnRateScale:1.0]]
[2020.01.20-16.47.43:534][  0]LogConfig: Setting CVar [[r.ParticleLightQuality:2]]
[2020.01.20-16.47.43:534][  0]LogConfig: Applying CVar settings from Section [FoliageQuality@3] File [C:/Users/tbiss/Documents/GitHub/Stolemates/Stolenmates/Saved/Config/Windows/Scalability.ini]
[2020.01.20-16.47.43:534][  0]LogConfig: Setting CVar [[foliage.DensityScale:1.0]]
[2020.01.20-16.47.43:534][  0]LogConfig: Setting CVar [[grass.DensityScale:1.0]]
[2020.01.20-16.47.43:534][  0]LogConfig: Applying CVar settings from Section [Startup] File [../../../Engine/Config/ConsoleVariables.ini]
[2020.01.20-16.47.43:535][  0]LogConfig: Setting CVar [[net.UseAdaptiveNetUpdateFrequency:0]]
[2020.01.20-16.47.43:535][  0]LogConfig: Setting CVar [[p.chaos.AllowCreatePhysxBodies:1]]
[2020.01.20-16.47.43:535][  0]LogConfig: Applying CVar settings from Section [ConsoleVariables] File [C:/Users/tbiss/Documents/GitHub/Stolemates/Stolenmates/Saved/Config/Windows/Engine.ini]
[2020.01.20-16.47.43:535][  0]LogInit: Computer: TED-DESKTOP
[2020.01.20-16.47.43:535][  0]LogInit: User: tbiss
[2020.01.20-16.47.43:535][  0]LogInit: CPU Page size=4096, Cores=4
[2020.01.20-16.47.43:535][  0]LogInit: High frequency timer resolution =10.000000 MHz
[2020.01.20-16.47.43:535][  0]LogMemory: Memory total: Physical=15.9GB (16GB approx)
[2020.01.20-16.47.43:535][  0]LogMemory: Platform Memory Stats for Windows
[2020.01.20-16.47.43:535][  0]LogMemory: Process Physical Memory: 100.99 MB used, 101.00 MB peak
[2020.01.20-16.47.43:535][  0]LogMemory: Process Virtual Memory: 100.60 MB used, 100.60 MB peak
[2020.01.20-16.47.43:535][  0]LogMemory: Physical Memory: 7848.69 MB used,  8472.57 MB free, 16321.26 MB total
[2020.01.20-16.47.43:535][  0]LogMemory: Virtual Memory: 4682.91 MB used,  134213048.00 MB free, 134217728.00 MB total
[2020.01.20-16.47.44:034][  0]LogWindows: WindowsPlatformFeatures enabled
[2020.01.20-16.47.44:150][  0]LogInit: Using OS detected language (en-US).
[2020.01.20-16.47.44:150][  0]LogInit: Using OS detected locale (en-CA).
[2020.01.20-16.47.44:151][  0]LogTextLocalizationManager: No specific localization for 'en-US' exists, so the 'en' localization will be used.
[2020.01.20-16.47.44:304][  0]LogInit: Setting process to per monitor DPI aware
[2020.01.20-16.47.44:369][  0]LogSlate: New Slate User Created.  User Index 0, Is Virtual User: 0
[2020.01.20-16.47.44:369][  0]LogSlate: Slate User Registered.  User Index 0, Is Virtual User: 0
[2020.01.20-16.47.44:540][  0]LogHMD: Failed to initialize OpenVR with code 110
[2020.01.20-16.47.44:541][  0]LogD3D11RHI: D3D11 adapters:
[2020.01.20-16.47.44:623][  0]LogD3D11RHI:    0. 'NVIDIA GeForce GTX 1070' (Feature Level 11_0)
[2020.01.20-16.47.44:623][  0]LogD3D11RHI:       8088/0/8160 MB DedicatedVideo/DedicatedSystem/SharedSystem, Outputs:1, VendorId:0x10de
[2020.01.20-16.47.44:628][  0]LogD3D11RHI:    1. 'Microsoft Basic Render Driver' (Feature Level 11_0)
[2020.01.20-16.47.44:628][  0]LogD3D11RHI:       0/0/8160 MB DedicatedVideo/DedicatedSystem/SharedSystem, Outputs:0, VendorId:0x1414
[2020.01.20-16.47.44:628][  0]LogD3D11RHI: Chosen D3D11 Adapter: 0
[2020.01.20-16.47.44:635][  0]LogD3D11RHI: Creating new Direct3DDevice
[2020.01.20-16.47.44:635][  0]LogD3D11RHI:     GPU DeviceId: 0x1b81 (for the marketing name, search the web for "GPU Device Id")
[2020.01.20-16.47.44:636][  0]LogWindows: EnumDisplayDevices:
[2020.01.20-16.47.44:636][  0]LogWindows:    0. 'NVIDIA GeForce GTX 1070' (P:1 D:1)
[2020.01.20-16.47.44:636][  0]LogWindows:    1. 'NVIDIA GeForce GTX 1070' (P:0 D:0)
[2020.01.20-16.47.44:637][  0]LogWindows:    2. 'NVIDIA GeForce GTX 1070' (P:0 D:0)
[2020.01.20-16.47.44:637][  0]LogWindows:    3. 'NVIDIA GeForce GTX 1070' (P:0 D:0)
[2020.01.20-16.47.44:638][  0]LogWindows: DebugString: FoundDriverCount:4 
[2020.01.20-16.47.44:638][  0]LogD3D11RHI:     Adapter Name: NVIDIA GeForce GTX 1070
[2020.01.20-16.47.44:638][  0]LogD3D11RHI:   Driver Version: 419.72 (internal:25.21.14.1972, unified:419.72)
[2020.01.20-16.47.44:638][  0]LogD3D11RHI:      Driver Date: 3-18-2019
[2020.01.20-16.47.44:638][  0]LogRHI: Texture pool is 5661 MB (70% of 8088 MB)
[2020.01.20-16.47.44:679][  0]LogD3D11RHI: Async texture creation enabled
[2020.01.20-16.47.44:696][  0]LogD3D11RHI: GPU Timing Frequency: 1000.000000 (Debug: 2 1)
[2020.01.20-16.47.45:003][  0]LogTemp: Display: Module 'AllDesktopTargetPlatform' loaded TargetPlatform 'AllDesktop'
[2020.01.20-16.47.45:016][  0]LogTemp: Display: Module 'MacClientTargetPlatform' loaded TargetPlatform 'MacClient'
[2020.01.20-16.47.45:026][  0]LogTemp: Display: Module 'MacNoEditorTargetPlatform' loaded TargetPlatform 'MacNoEditor'
[2020.01.20-16.47.45:038][  0]LogTemp: Display: Module 'MacServerTargetPlatform' loaded TargetPlatform 'MacServer'
[2020.01.20-16.47.45:049][  0]LogTemp: Display: Module 'MacTargetPlatform' loaded TargetPlatform 'Mac'
[2020.01.20-16.47.45:061][  0]LogTemp: Display: Module 'WindowsClientTargetPlatform' loaded TargetPlatform 'WindowsClient'
[2020.01.20-16.47.45:074][  0]LogTemp: Display: Module 'WindowsNoEditorTargetPlatform' loaded TargetPlatform 'WindowsNoEditor'
[2020.01.20-16.47.45:087][  0]LogTemp: Display: Module 'WindowsServerTargetPlatform' loaded TargetPlatform 'WindowsServer'
[2020.01.20-16.47.45:094][  0]LogTemp: Display: Module 'WindowsTargetPlatform' loaded TargetPlatform 'Windows'
[2020.01.20-16.47.45:140][  0]LogTemp: Display: Module 'AndroidTargetPlatform' loaded TargetPlatform 'Android'
[2020.01.20-16.47.45:140][  0]LogTemp: Display: Module 'AndroidTargetPlatform' loaded TargetPlatform 'Android_ASTC'
[2020.01.20-16.47.45:140][  0]LogTemp: Display: Module 'AndroidTargetPlatform' loaded TargetPlatform 'Android_ATC'
[2020.01.20-16.47.45:140][  0]LogTemp: Display: Module 'AndroidTargetPlatform' loaded TargetPlatform 'Android_DXT'
[2020.01.20-16.47.45:140][  0]LogTemp: Display: Module 'AndroidTargetPlatform' loaded TargetPlatform 'Android_ETC1'
[2020.01.20-16.47.45:140][  0]LogTemp: Display: Module 'AndroidTargetPlatform' loaded TargetPlatform 'Android_ETC1a'
[2020.01.20-16.47.45:140][  0]LogTemp: Display: Module 'AndroidTargetPlatform' loaded TargetPlatform 'Android_ETC2'
[2020.01.20-16.47.45:140][  0]LogTemp: Display: Module 'AndroidTargetPlatform' loaded TargetPlatform 'Android_PVRTC'
[2020.01.20-16.47.45:140][  0]LogTemp: Display: Module 'AndroidTargetPlatform' loaded TargetPlatform 'AndroidClient'
[2020.01.20-16.47.45:141][  0]LogTemp: Display: Module 'AndroidTargetPlatform' loaded TargetPlatform 'Android_ASTCClient'
[2020.01.20-16.47.45:141][  0]LogTemp: Display: Module 'AndroidTargetPlatform' loaded TargetPlatform 'Android_ATCClient'
[2020.01.20-16.47.45:141][  0]LogTemp: Display: Module 'AndroidTargetPlatform' loaded TargetPlatform 'Android_DXTClient'
[2020.01.20-16.47.45:141][  0]LogTemp: Display: Module 'AndroidTargetPlatform' loaded TargetPlatform 'Android_ETC1Client'
[2020.01.20-16.47.45:141][  0]LogTemp: Display: Module 'AndroidTargetPlatform' loaded TargetPlatform 'Android_ETC1aClient'
[2020.01.20-16.47.45:141][  0]LogTemp: Display: Module 'AndroidTargetPlatform' loaded TargetPlatform 'Android_ETC2Client'
[2020.01.20-16.47.45:141][  0]LogTemp: Display: Module 'AndroidTargetPlatform' loaded TargetPlatform 'Android_PVRTCClient'
[2020.01.20-16.47.45:141][  0]LogTemp: Display: Module 'AndroidTargetPlatform' loaded TargetPlatform 'Android_Multi'
[2020.01.20-16.47.45:141][  0]LogTemp: Display: Module 'AndroidTargetPlatform' loaded TargetPlatform 'Android_MultiClient'
[2020.01.20-16.47.45:145][  0]LogTemp: Display: Module 'HTML5TargetPlatform' loaded TargetPlatform 'HTML5'
[2020.01.20-16.47.45:175][  0]LogTemp: Display: Module 'IOSTargetPlatform' loaded TargetPlatform 'IOSClient'
[2020.01.20-16.47.45:176][  0]LogTemp: Display: Module 'IOSTargetPlatform' loaded TargetPlatform 'IOS'
[2020.01.20-16.47.45:193][  0]LogTemp: Display: Module 'TVOSTargetPlatform' loaded TargetPlatform 'TVOSClient'
[2020.01.20-16.47.45:193][  0]LogTemp: Display: Module 'TVOSTargetPlatform' loaded TargetPlatform 'TVOS'
[2020.01.20-16.47.45:202][  0]LogTemp: Display: Module 'LinuxClientTargetPlatform' loaded TargetPlatform 'LinuxClient'
[2020.01.20-16.47.45:210][  0]LogTemp: Display: Module 'LinuxNoEditorTargetPlatform' loaded TargetPlatform 'LinuxNoEditor'
[2020.01.20-16.47.45:219][  0]LogTemp: Display: Module 'LinuxServerTargetPlatform' loaded TargetPlatform 'LinuxServer'
[2020.01.20-16.47.45:229][  0]LogTemp: Display: Module 'LinuxTargetPlatform' loaded TargetPlatform 'Linux'
[2020.01.20-16.47.45:255][  0]LogTemp: Display: Module 'LuminTargetPlatform' loaded TargetPlatform 'Lumin'
[2020.01.20-16.47.45:255][  0]LogTemp: Display: Module 'LuminTargetPlatform' loaded TargetPlatform 'LuminClient'
[2020.01.20-16.47.45:255][  0]LogTargetPlatformManager: Display: Building Assets For Windows
[2020.01.20-16.47.45:273][  0]LogAudioDebug: Display: Lib vorbis DLL was dynamically loaded.
[2020.01.20-16.47.45:386][  0]LogShaderCompilers: Guid format shader working directory is -24 characters bigger than the processId version (../../../../../../Users/tbiss/Documents/GitHub/Stolemates/Stolenmates/Intermediate/Shaders/WorkingDirectory/20600/).
[2020.01.20-16.47.45:387][  0]LogShaderCompilers: Cleaned the shader compiler working directory 'C:/Users/tbiss/AppData/Local/Temp/UnrealShaderWorkingDir/ED3F38944D42226DDBBEF0A77D2E498C/'.
[2020.01.20-16.47.45:390][  0]LogXGEController: Cleaning working directory: C:/Users/tbiss/AppData/Local/Temp/UnrealXGEWorkingDir/
[2020.01.20-16.47.45:390][  0]LogXGEController: Cannot use XGE Controller as Incredibuild is not installed on this machine.
[2020.01.20-16.47.45:390][  0]LogShaderCompilers: Cannot use XGE Shader Compiler as Incredibuild is not installed on this machine.
[2020.01.20-16.47.45:390][  0]LogShaderCompilers: Display: Using Local Shader Compiler.
[2020.01.20-16.47.45:986][  0]LogDerivedDataCache: Display: Max Cache Size: 512 MB
[2020.01.20-16.47.46:043][  0]LogDerivedDataCache: Loaded boot cache 0.06s 73MB C:/Users/tbiss/AppData/Local/UnrealEngine/4.23/DerivedDataCache/Boot.ddc.
[2020.01.20-16.47.46:043][  0]LogDerivedDataCache: Display: Loaded Boot cache: C:/Users/tbiss/AppData/Local/UnrealEngine/4.23/DerivedDataCache/Boot.ddc
[2020.01.20-16.47.46:044][  0]LogDerivedDataCache: FDerivedDataBackendGraph:  Pak pak cache file ../../../../../../Users/tbiss/Documents/GitHub/Stolemates/Stolenmates/DerivedDataCache/DDC.ddp not found, will not use a pak cache.
[2020.01.20-16.47.46:044][  0]LogDerivedDataCache: Unable to find inner node Pak for hierarchical cache Hierarchy.
[2020.01.20-16.47.46:044][  0]LogDerivedDataCache: FDerivedDataBackendGraph:  CompressedPak pak cache file ../../../../../../Users/tbiss/Documents/GitHub/Stolemates/Stolenmates/DerivedDataCache/Compressed.ddp not found, will not use a pak cache.
[2020.01.20-16.47.46:044][  0]LogDerivedDataCache: Unable to find inner node CompressedPak for hierarchical cache Hierarchy.
[2020.01.20-16.47.46:054][  0]LogDerivedDataCache: Display: Pak cache opened for reading ../../../Engine/DerivedDataCache/Compressed.ddp.
[2020.01.20-16.47.46:054][  0]LogDerivedDataCache: FDerivedDataBackendGraph:  EnterprisePak pak cache file ../../../Enterprise/DerivedDataCache/Compressed.ddp not found, will not use a pak cache.
[2020.01.20-16.47.46:054][  0]LogDerivedDataCache: Unable to find inner node EnterprisePak for hierarchical cache Hierarchy.
[2020.01.20-16.47.46:057][  0]LogDerivedDataCache: Using Local data cache path C:/Users/tbiss/AppData/Local/UnrealEngine/Common/DerivedDataCache: Writable
[2020.01.20-16.47.46:057][  0]LogDerivedDataCache: Shared data cache path not found in *engine.ini, will not use an Shared cache.
[2020.01.20-16.47.46:057][  0]LogDerivedDataCache: Unable to find inner node Shared for hierarchical cache Hierarchy.
[2020.01.20-16.47.46:078][  0]LogMaterial: Verifying Global Shaders for PCD3D_SM5
[2020.01.20-16.47.46:080][  0]LogSlate: Using FreeType 2.6.0
[2020.01.20-16.47.46:081][  0]LogSlate: SlateFontServices - WITH_FREETYPE: 1, WITH_HARFBUZZ: 1
[2020.01.20-16.47.46:140][  0]LogAssetRegistry: FAssetRegistry took 0.0061 seconds to start up
[2020.01.20-16.47.46:393][  0]LogInit: Selected Device Profile: [Windows]
[2020.01.20-16.47.46:543][  0]LogMeshReduction: Using QuadricMeshReduction for automatic static mesh reduction
[2020.01.20-16.47.46:543][  0]LogMeshReduction: Using SimplygonMeshReduction for automatic skeletal mesh reduction
[2020.01.20-16.47.46:544][  0]LogMeshReduction: Using ProxyLODMeshReduction for automatic mesh merging
[2020.01.20-16.47.46:544][  0]LogMeshReduction: No distributed automatic mesh merging module available
[2020.01.20-16.47.46:544][  0]LogMeshMerging: No distributed automatic mesh merging module available
[2020.01.20-16.47.46:557][  0]LogNetVersion: Stolenmates 1.0.0, NetCL: 8386587, EngineNetVer: 11, GameNetVer: 0 (Checksum: 1334032006)
[2020.01.20-16.47.46:981][  0]LogPackageLocalizationCache: Processed 12 localized package path(s) for 1 prioritized culture(s) in 0.054309 seconds
[2020.01.20-16.47.46:989][  0]LogUObjectArray: 43444 objects as part of root set at end of initial load.
[2020.01.20-16.47.46:989][  0]LogUObjectAllocator: 7548648 out of 0 bytes used by permanent object pool.
[2020.01.20-16.47.46:989][  0]LogUObjectArray: CloseDisregardForGC: 0/0 objects in disregard for GC pool
[2020.01.20-16.47.47:974][  0]LogTcpMessaging: Initializing TcpMessaging bridge
[2020.01.20-16.47.47:982][  0]LogUdpMessaging: Initializing bridge on interface 0.0.0.0:0 to multicast group 230.0.0.1:6666.
[2020.01.20-16.47.48:082][  0]SourceControl: Source control is disabled
[2020.01.20-16.47.48:082][  0]SourceControl: Source control is disabled
[2020.01.20-16.47.48:086][  0]SourceControl: Source control is disabled
[2020.01.20-16.47.48:089][  0]SourceControl: Source control is disabled
[2020.01.20-16.47.48:262][  0]LogAndroidPermission: UAndroidPermissionCallbackProxy::GetInstance
[2020.01.20-16.47.48:456][  0]LogOcInput: OculusInput pre-init called
[2020.01.20-16.47.48:471][  0]LogWindows: Failed to load 'OVRPlugin.dll' (GetLastError=126)
[2020.01.20-16.47.48:471][  0]LogWindows: File 'OVRPlugin.dll' does not exist
[2020.01.20-16.47.48:552][  0]LogEngine: Initializing Engine...
[2020.01.20-16.47.48:553][  0]LogHMD: Failed to initialize OpenVR with code 110
[2020.01.20-16.47.48:554][  0]LogStats: UGameplayTagsManager::InitializeManager -  0.000 s
[2020.01.20-16.47.48:764][  0]LogInit: Initializing FReadOnlyCVARCache
[2020.01.20-16.47.48:785][  0]LogAIModule: Creating AISystem for world Untitled
[2020.01.20-16.47.48:869][  0]LogInit: XAudio2 using 'Speakers (Bose Revolve SoundLink)' : 2 channels at 48 kHz using 16 bits per sample (channel mask 0x3)
[2020.01.20-16.47.48:901][  0]LogInit: FAudioDevice initialized.
[2020.01.20-16.47.48:901][  0]LogNetVersion: Set ProjectVersion to 1.0.0.0. Version Checksum will be recalculated on next use.
[2020.01.20-16.47.48:977][  0]LogDerivedDataCache: Saved boot cache 0.07s 73MB C:/Users/tbiss/AppData/Local/UnrealEngine/4.23/DerivedDataCache/Boot.ddc.
[2020.01.20-16.47.48:988][  0]LogInit: Texture streaming: Enabled
[2020.01.20-16.47.49:021][  0]LogEngineSessionManager: EngineSessionManager initialized
[2020.01.20-16.47.49:021][  0]LogEngineSessionManager: EngineSessionManager sent abnormal shutdown report. Type=Debugger, SessionId={20E457F4-43FF-A678-455E-98B7FE742EBD}
[2020.01.20-16.47.49:021][  0]LogEngineSessionManager: EngineSessionManager sent abnormal shutdown report. Type=Debugger, SessionId={A6CBD674-4820-4A76-1148-4F95835296CD}
[2020.01.20-16.47.49:021][  0]LogEngineSessionManager: EngineSessionManager sent abnormal shutdown report. Type=Debugger, SessionId={4E7487FC-46BA-EB73-7024-2080BC4CD835}
[2020.01.20-16.47.49:021][  0]LogEditorSessionSummary: Verbose: Initializing EditorSessionSummaryWriter for editor session tracking
[2020.01.20-16.47.49:022][  0]LogEditorSessionSummary: EditorSessionSummaryWriter initialized
[2020.01.20-16.47.49:080][  0]LogInit: Transaction tracking system initialized
[2020.01.20-16.47.49:128][  0]BlueprintLog: New page: Editor Load
[2020.01.20-16.47.49:259][  0]LocalizationService: Localization service is disabled
[2020.01.20-16.47.49:538][  0]LogFileCache: Scanning file cache for directory 'C:/Users/tbiss/Documents/GitHub/Stolemates/Stolenmates/Content/' took 0.00s
[2020.01.20-16.47.49:538][  0]LogCook: Display: Max memory allowance for cook 16384mb min free memory 0mb
[2020.01.20-16.47.49:538][  0]LogCook: Display: Mobile HDR setting 1
[2020.01.20-16.47.49:804][  0]SourceControl: Source control is disabled
[2020.01.20-16.47.49:804][  0]Cmd: MAP LOAD FILE="../../../../../../Users/tbiss/Documents/GitHub/Stolemates/Stolenmates/Content/Levels/CondensedLevel.umap" TEMPLATE=0 SHOWPROGRESS=1 FEATURELEVEL=3
[2020.01.20-16.47.49:805][  0]LightingResults: New page: Lighting Build
[2020.01.20-16.47.49:808][  0]LogWorld: UWorld::CleanupWorld for Untitled, bSessionEnded=true, bCleanupResources=true
[2020.01.20-16.47.49:809][  0]MapCheck: New page: Map Check
[2020.01.20-16.47.49:809][  0]LightingResults: New page: Lighting Build
[2020.01.20-16.47.49:834][  0]LogUObjectHash: Compacting FUObjectHashTables data took   1.94ms
[2020.01.20-16.47.49:973][  0]LogLinker: Warning: While loading '../../../../../../Users/tbiss/Documents/GitHub/Stolemates/Stolenmates/Content/Blueprints/EQS_System/PowerUpSpawnLocation.uasset' failed to load '/Script/EnvironmentQueryEditor': Can't find file.
[2020.01.20-16.47.49:974][  0]LogLinker: Warning: While loading '../../../../../../Users/tbiss/Documents/GitHub/Stolemates/Stolenmates/Content/Blueprints/EQS_System/PowerUpSpawnLocation.uasset' failed to load '/Script/EnvironmentQueryEditor': Can't find file.
[2020.01.20-16.47.49:974][  0]LogLinker: Warning: While loading '../../../../../../Users/tbiss/Documents/GitHub/Stolemates/Stolenmates/Content/Blueprints/EQS_System/PowerUpSpawnLocation.uasset' failed to load '/Script/EnvironmentQueryEditor': Can't find file.
[2020.01.20-16.47.49:974][  0]LogLinker: Warning: While loading '../../../../../../Users/tbiss/Documents/GitHub/Stolemates/Stolenmates/Content/Blueprints/EQS_System/PowerUpSpawnLocation.uasset' failed to load '/Script/EnvironmentQueryEditor': Can't find file.
[2020.01.20-16.47.49:974][  0]LogLinker: Warning: While loading '../../../../../../Users/tbiss/Documents/GitHub/Stolemates/Stolenmates/Content/Blueprints/EQS_System/PowerUpSpawnLocation.uasset' failed to load '/Script/EnvironmentQueryEditor': Can't find file.
[2020.01.20-16.47.49:974][  0]LogLinker: Warning: While loading '../../../../../../Users/tbiss/Documents/GitHub/Stolemates/Stolenmates/Content/Blueprints/EQS_System/PowerUpSpawnLocation.uasset' failed to load '/Script/EnvironmentQueryEditor': Can't find file.
[2020.01.20-16.47.49:974][  0]LogLinker: Warning: While loading '../../../../../../Users/tbiss/Documents/GitHub/Stolemates/Stolenmates/Content/Blueprints/EQS_System/PowerUpSpawnLocation.uasset' failed to load '/Script/EnvironmentQueryEditor': Can't find file.
[2020.01.20-16.47.49:974][  0]LogLinker: Warning: While loading '../../../../../../Users/tbiss/Documents/GitHub/Stolemates/Stolenmates/Content/Blueprints/EQS_System/PowerUpSpawnLocation.uasset' failed to load '/Script/EnvironmentQueryEditor': Can't find file.
[2020.01.20-16.47.49:975][  0]LogLinker: Warning: While loading '../../../../../../Users/tbiss/Documents/GitHub/Stolemates/Stolenmates/Content/Blueprints/EQS_System/PowerUpSpawnLocation.uasset' failed to load '/Script/EnvironmentQueryEditor': Can't find file.
[2020.01.20-16.47.49:975][  0]LogLinker: Warning: While loading '../../../../../../Users/tbiss/Documents/GitHub/Stolemates/Stolenmates/Content/Blueprints/EQS_System/PowerUpSpawnLocation.uasset' failed to load '/Script/EnvironmentQueryEditor': Can't find file.
[2020.01.20-16.47.49:975][  0]LogLinker: Warning: While loading '../../../../../../Users/tbiss/Documents/GitHub/Stolemates/Stolenmates/Content/Blueprints/BP_GameMode.uasset' failed to load '/Script/EnvironmentQueryEditor': Can't find file.
[2020.01.20-16.47.49:975][  0]LogLinker: Warning: While loading '../../../../../../Users/tbiss/Documents/GitHub/Stolemates/Stolenmates/Content/Blueprints/BP_GameMode.uasset' failed to load '/Script/EnvironmentQueryEditor': Can't find file.
[2020.01.20-16.47.49:975][  0]LogLinker: Warning: While loading '../../../../../../Users/tbiss/Documents/GitHub/Stolemates/Stolenmates/Content/Blueprints/BP_GameMode.uasset' failed to load '/Script/EnvironmentQueryEditor': Can't find file.
[2020.01.20-16.47.49:975][  0]LogLinker: Warning: While loading '../../../../../../Users/tbiss/Documents/GitHub/Stolemates/Stolenmates/Content/Blueprints/BP_GameMode.uasset' failed to load '/Script/EnvironmentQueryEditor': Can't find file.
[2020.01.20-16.47.49:976][  0]LogLinker: Warning: While loading '../../../../../../Users/tbiss/Documents/GitHub/Stolemates/Stolenmates/Content/Blueprints/BP_GameMode.uasset' failed to load '/Script/EnvironmentQueryEditor': Can't find file.
[2020.01.20-16.47.49:976][  0]LogLinker: Warning: While loading '../../../../../../Users/tbiss/Documents/GitHub/Stolemates/Stolenmates/Content/Blueprints/BP_GameMode.uasset' failed to load '/Script/EnvironmentQueryEditor': Can't find file.
[2020.01.20-16.47.49:976][  0]LogLinker: Warning: While loading '../../../../../../Users/tbiss/Documents/GitHub/Stolemates/Stolenmates/Content/Blueprints/BP_GameMode.uasset' failed to load '/Script/EnvironmentQueryEditor': Can't find file.
[2020.01.20-16.47.49:976][  0]LogLinker: Warning: While loading '../../../../../../Users/tbiss/Documents/GitHub/Stolemates/Stolenmates/Content/Blueprints/BP_GameMode.uasset' failed to load '/Script/EnvironmentQueryEditor': Can't find file.
[2020.01.20-16.47.49:976][  0]LogLinker: Warning: While loading '../../../../../../Users/tbiss/Documents/GitHub/Stolemates/Stolenmates/Content/Blueprints/BP_GameMode.uasset' failed to load '/Script/EnvironmentQueryEditor': Can't find file.
[2020.01.20-16.47.49:976][  0]LogLinker: Warning: While loading '../../../../../../Users/tbiss/Documents/GitHub/Stolemates/Stolenmates/Content/Blueprints/BP_GameMode.uasset' failed to load '/Script/EnvironmentQueryEditor': Can't find file.
[2020.01.20-16.47.49:976][  0]LogLinker: Warning: While loading '../../../../../../Users/tbiss/Documents/GitHub/Stolemates/Stolenmates/Content/Blueprints/BP_GameMode.uasset' failed to load '/Script/EnvironmentQueryEditor': Can't find file.
[2020.01.20-16.47.49:976][  0]LogLinker: Warning: While loading '../../../../../../Users/tbiss/Documents/GitHub/Stolemates/Stolenmates/Content/Blueprints/BP_GameMode.uasset' failed to load '/Script/EnvironmentQueryEditor': Can't find file.
[2020.01.20-16.47.49:976][  0]LogLinker: Warning: While loading '../../../../../../Users/tbiss/Documents/GitHub/Stolemates/Stolenmates/Content/Blueprints/BP_GameMode.uasset' failed to load '/Script/EnvironmentQueryEditor': Can't find file.
[2020.01.20-16.47.49:977][  0]LogLinker: Warning: While loading '../../../../../../Users/tbiss/Documents/GitHub/Stolemates/Stolenmates/Content/Blueprints/BP_GameMode.uasset' failed to load '/Script/EnvironmentQueryEditor': Can't find file.
[2020.01.20-16.47.49:977][  0]LogLinker: Warning: While loading '../../../../../../Users/tbiss/Documents/GitHub/Stolemates/Stolenmates/Content/Blueprints/BP_GameMode.uasset' failed to load '/Script/EnvironmentQueryEditor': Can't find file.
[2020.01.20-16.47.49:977][  0]LogLinker: Warning: While loading '../../../../../../Users/tbiss/Documents/GitHub/Stolemates/Stolenmates/Content/Blueprints/BP_GameMode.uasset' failed to load '/Script/EnvironmentQueryEditor': Can't find file.
[2020.01.20-16.47.50:200][  0]LogAIModule: Creating AISystem for world CondensedLevel
[2020.01.20-16.47.50:213][  0]LogEditorServer: Finished looking for orphan Actors (0.000 secs)
[2020.01.20-16.47.50:256][  0]LogUObjectHash: Compacting FUObjectHashTables data took   2.01ms
[2020.01.20-16.47.50:257][  0]Cmd: MAP CHECKDEP NOCLEARLOG
[2020.01.20-16.47.50:257][  0]MapCheck: Map check complete: 0 Error(s), 0 Warning(s), took 0.277ms to complete.
[2020.01.20-16.47.50:257][  0]LogFileHelpers: Loading map 'CondensedLevel' took 0.453
[2020.01.20-16.47.50:393][  0]LogSlate: Updating window title bar state: overlay mode, drag disabled, window buttons hidden, title bar hidden
[2020.01.20-16.47.50:399][  0]LogSlate: Updating window title bar state: overlay mode, drag disabled, window buttons hidden, title bar hidden
[2020.01.20-16.47.50:405][  0]LogSlate: Updating window title bar state: overlay mode, drag disabled, window buttons hidden, title bar hidden
[2020.01.20-16.47.50:411][  0]LogSlate: Updating window title bar state: overlay mode, drag disabled, window buttons hidden, title bar hidden
[2020.01.20-16.47.50:419][  0]LogCollectionManager: Loaded 0 collections in 0.002205 seconds
[2020.01.20-16.47.50:433][  0]LogFileCache: Scanning file cache for directory 'C:/Users/tbiss/Documents/GitHub/Stolemates/Stolenmates/Saved/Collections/' took 0.00s
[2020.01.20-16.47.50:433][  0]LogFileCache: Scanning file cache for directory 'C:/Users/tbiss/Documents/GitHub/Stolemates/Stolenmates/Content/Developers/tbiss/Collections/' took 0.00s
[2020.01.20-16.47.50:433][  0]LogFileCache: Scanning file cache for directory 'C:/Users/tbiss/Documents/GitHub/Stolemates/Stolenmates/Content/Collections/' took 0.00s
[2020.01.20-16.47.50:433][  0]LogCollectionManager: Rebuilt the GUID cache for 0 collections in 0.000001 seconds
[2020.01.20-16.47.50:442][  0]LogContentBrowser: Native class hierarchy populated in 0.0083 seconds. Added 2868 classes and 682 folders.
[2020.01.20-16.47.50:449][  0]LogContentBrowser: Native class hierarchy updated for 'WidgetCarousel' in 0.0003 seconds. Added 0 classes and 0 folders.
[2020.01.20-16.47.50:493][  0]LogContentBrowser: Native class hierarchy updated for 'AddContentDialog' in 0.0003 seconds. Added 0 classes and 0 folders.
[2020.01.20-16.47.50:501][  0]LogContentBrowser: Native class hierarchy updated for 'SceneOutliner' in 0.0005 seconds. Added 1 classes and 2 folders.
[2020.01.20-16.47.50:513][  0]LogSlate: Took 0.000219 seconds to synchronously load lazily loaded font '../../../Engine/Content/Slate/Fonts/Roboto-Regular.ttf' (155K)
[2020.01.20-16.47.50:515][  0]LogSlate: Took 0.000188 seconds to synchronously load lazily loaded font '../../../Engine/Content/Slate/Fonts/Roboto-Bold.ttf' (160K)
[2020.01.20-16.47.50:521][  0]LogSlate: Took 0.000239 seconds to synchronously load lazily loaded font '../../../Engine/Content/Editor/Slate/Fonts/FontAwesome.ttf' (139K)
[2020.01.20-16.47.50:576][  0]LogRenderer: Reallocating scene render targets to support 1208x600 Format 10 NumSamples 1 (Frame:1).
[2020.01.20-16.47.50:777][  0]LogContentBrowser: Native class hierarchy updated for 'HierarchicalLODOutliner' in 0.0003 seconds. Added 0 classes and 0 folders.
[2020.01.20-16.47.50:777][  0]LogLoad: (Engine Initialization) Total time: 8.79 seconds
[2020.01.20-16.47.50:778][  0]LogLoad: (Engine Initialization) Total Blueprint compile time: 0.00 seconds
[2020.01.20-16.47.50:822][  0]LogAssetRegistry: Asset discovery search completed in 4.6850 seconds
[2020.01.20-16.47.50:825][  0]LogCollectionManager: Rebuilt the object cache for 0 collections in 0.000005 seconds (found 0 objects)
[2020.01.20-16.47.50:826][  0]LogCollectionManager: Fixed up redirectors for 0 collections in 0.000172 seconds (updated 0 objects)
[2020.01.20-16.47.50:827][  0]LogContentStreaming: Texture pool size now 1000 MB
[2020.01.20-16.47.50:846][  0]LogSlate: Took 0.000193 seconds to synchronously load lazily loaded font '../../../Engine/Content/Slate/Fonts/Roboto-Light.ttf' (167K)
[2020.01.20-16.47.50:944][  2]LogActor: Warning: BP_Heart_C /Engine/Transient.World_1:PersistentLevel.BP_Heart_C_0 has natively added scene component(s), but none of them were set as the actor's RootComponent - picking one arbitrarily
[2020.01.20-16.47.52:373][168]LogSlate: FSceneViewport::OnFocusLost() reason 0
[2020.01.20-16.47.52:448][177]LogTemp: Repeating last play command: Selected Viewport
[2020.01.20-16.47.52:456][177]LogBlueprintUserMessages: Early PlayInEditor Detection: Level '/Game/Levels/CondensedLevel.CondensedLevel:PersistentLevel' has LevelScriptBlueprint '/Game/Levels/CondensedLevel.CondensedLevel:PersistentLevel.CondensedLevel' with GeneratedClass '/Game/Levels/CondensedLevel.CondensedLevel_C' with ClassGeneratedBy '/Game/Levels/CondensedLevel.CondensedLevel:PersistentLevel.CondensedLevel'
[2020.01.20-16.47.52:456][177]LogPlayLevel: PlayLevel: No blueprints needed recompiling
[2020.01.20-16.47.52:456][177]PIE: New page: PIE session: CondensedLevel (Jan 20, 2020, 6:47:52 AM)
[2020.01.20-16.47.52:458][177]LogOnline: OSS: Creating online subsystem instance for: NULL
[2020.01.20-16.47.52:461][177]LogPlayLevel: Creating play world package: /Game/Levels/UEDPIE_0_CondensedLevel
[2020.01.20-16.47.52:471][177]LogPlayLevel: PIE: StaticDuplicateObject took: (0.009941s)
[2020.01.20-16.47.52:473][177]LogAIModule: Creating AISystem for world CondensedLevel
[2020.01.20-16.47.52:473][177]LogPlayLevel: PIE: World Init took: (0.001859s)
[2020.01.20-16.47.52:473][177]LogPlayLevel: PIE: Created PIE world by copying editor world from /Game/Levels/CondensedLevel.CondensedLevel to /Game/Levels/UEDPIE_0_CondensedLevel.CondensedLevel (0.012500s)
[2020.01.20-16.47.52:497][177]LogUObjectHash: Compacting FUObjectHashTables data took   1.77ms
[2020.01.20-16.47.52:512][177]LogInit: XAudio2 using 'Speakers (Bose Revolve SoundLink)' : 2 channels at 48 kHz using 16 bits per sample (channel mask 0x3)
[2020.01.20-16.47.52:524][177]LogInit: FAudioDevice initialized.
[2020.01.20-16.47.52:540][177]LogLoad: Game class is 'BP_GameMode_C'
[2020.01.20-16.47.52:545][177]LogWorld: Bringing World /Game/Levels/UEDPIE_0_CondensedLevel.CondensedLevel up for play (max tick rate 0) at 2020.01.20-11.47.52
[2020.01.20-16.47.52:546][177]LogWorld: Bringing up level for play took: 0.004314
[2020.01.20-16.47.52:546][177]LogOnline: OSS: Creating online subsystem instance for: :Context_5
[2020.01.20-16.47.52:554][177]LogContentBrowser: Native class hierarchy updated for 'MovieSceneCapture' in 0.0003 seconds. Added 20 classes and 0 folders.
[2020.01.20-16.47.52:556][177]LogActor: Warning: BP_Camera_C /Game/Levels/UEDPIE_0_CondensedLevel.CondensedLevel:PersistentLevel.BP_Camera_C_0 has natively added scene component(s), but none of them were set as the actor's RootComponent - picking one arbitrarily
[2020.01.20-16.47.52:557][177]LogPlayerManagement: Error: Failed to Create Player: A local player already exists for controller ID 0,
[2020.01.20-16.47.52:558][177]LogSlate: New Slate User Created.  User Index 1, Is Virtual User: 0
[2020.01.20-16.47.52:558][177]LogSlate: Slate User Registered.  User Index 1, Is Virtual User: 0
[2020.01.20-16.47.52:562][177]LogSlate: New Slate User Created.  User Index 2, Is Virtual User: 0
[2020.01.20-16.47.52:562][177]LogSlate: Slate User Registered.  User Index 2, Is Virtual User: 0
[2020.01.20-16.47.52:564][177]LogSlate: New Slate User Created.  User Index 3, Is Virtual User: 0
[2020.01.20-16.47.52:564][177]LogSlate: Slate User Registered.  User Index 3, Is Virtual User: 0
[2020.01.20-16.47.52:567][177]PIE: Play in editor start time for /Game/Levels/UEDPIE_0_CondensedLevel -0.364
[2020.01.20-16.47.52:567][177]LogBlueprintUserMessages: Late PlayInEditor Detection: Level '/Game/Levels/CondensedLevel.CondensedLevel:PersistentLevel' has LevelScriptBlueprint '/Game/Levels/CondensedLevel.CondensedLevel:PersistentLevel.CondensedLevel' with GeneratedClass '/Game/Levels/CondensedLevel.CondensedLevel_C' with ClassGeneratedBy '/Game/Levels/CondensedLevel.CondensedLevel:PersistentLevel.CondensedLevel'
[2020.01.20-16.48.09:592][215]LogBlueprintUserMessages: Early EndPlayMap Detection: Level '/Game/Levels/CondensedLevel.CondensedLevel:PersistentLevel' has LevelScriptBlueprint '/Game/Levels/CondensedLevel.CondensedLevel:PersistentLevel.CondensedLevel' with GeneratedClass '/Game/Levels/CondensedLevel.CondensedLevel_C' with ClassGeneratedBy '/Game/Levels/CondensedLevel.CondensedLevel:PersistentLevel.CondensedLevel'
[2020.01.20-16.48.09:593][215]LogSlate: Updating window title bar state: overlay mode, drag disabled, window buttons hidden, title bar hidden
[2020.01.20-16.48.09:593][215]LogWorld: BeginTearingDown for /Game/Levels/UEDPIE_0_CondensedLevel
[2020.01.20-16.48.09:594][215]LogWorld: UWorld::CleanupWorld for CondensedLevel, bSessionEnded=true, bCleanupResources=true
[2020.01.20-16.48.09:606][215]LogPlayLevel: Display: Shutting down PIE online subsystems
[2020.01.20-16.48.09:606][215]LogBlueprintUserMessages: Late EndPlayMap Detection: Level '/Game/Levels/CondensedLevel.CondensedLevel:PersistentLevel' has LevelScriptBlueprint '/Game/Levels/CondensedLevel.CondensedLevel:PersistentLevel.CondensedLevel' with GeneratedClass '/Game/Levels/CondensedLevel.CondensedLevel_C' with ClassGeneratedBy '/Game/Levels/CondensedLevel.CondensedLevel:PersistentLevel.CondensedLevel'
[2020.01.20-16.48.09:630][215]LogSlate: Updating window title bar state: overlay mode, drag disabled, window buttons hidden, title bar hidden
[2020.01.20-16.48.09:634][215]LogUObjectHash: Compacting FUObjectHashTables data took   2.03ms
[2020.01.20-16.48.09:696][220]LogPlayLevel: Display: Destroying online subsystem :Context_5
[2020.01.20-16.48.17:681][ 79]LogSlate: FSceneViewport::OnFocusLost() reason 0
[2020.01.20-16.48.17:847][ 95]LogSlate: Took 0.000172 seconds to synchronously load lazily loaded font '../../../Engine/Content/Slate/Fonts/Roboto-Light.ttf' (167K)
[2020.01.20-16.48.17:855][ 95]LogAssetEditorManager: Opening Asset editor for Blueprint /Game/Blueprints/BP_CN_Tower_Launch.BP_CN_Tower_Launch
[2020.01.20-16.48.18:051][ 95]LogContentBrowser: Native class hierarchy updated for 'BlueprintGraph' in 0.0005 seconds. Added 121 classes and 0 folders.
[2020.01.20-16.48.18:729][ 95]LogSlate: Took 0.000222 seconds to synchronously load lazily loaded font '../../../Engine/Content/Slate/Fonts/Roboto-BoldCondensed.ttf' (158K)
[2020.01.20-16.48.20:369][273]LogSlate: Took 0.000256 seconds to synchronously load lazily loaded font '../../../Engine/Content/Slate/Fonts/Roboto-Italic.ttf' (157K)
[2020.01.20-16.48.20:387][275]LogSlate: Window 'BP_CN_Tower_Launch' being destroyed
[2020.01.20-16.48.44:391][111]BlueprintLog: New page: Compile BP_CN_Tower_Launch
[2020.01.20-16.48.44:564][111]LogUObjectHash: Compacting FUObjectHashTables data took   3.03ms
[2020.01.20-16.48.44:969][152]Cmd: OBJ SAVEPACKAGE PACKAGE="/Game/Blueprints/BP_CN_Tower_Launch" FILE="../../../../../../Users/tbiss/Documents/GitHub/Stolemates/Stolenmates/Content/Blueprints/BP_CN_Tower_Launch.uasset" SILENT=true
[2020.01.20-16.48.45:008][152]LogSavePackage: Moving '../../../../../../Users/tbiss/Documents/GitHub/Stolemates/Stolenmates/Saved/BP_CN_Tower_Launch921ACCE34F841747BCBDF495A6E6AFD0.tmp' to '../../../../../../Users/tbiss/Documents/GitHub/Stolemates/Stolenmates/Content/Blueprints/BP_CN_Tower_Launch.uasset'
[2020.01.20-16.48.46:348][302]LogTemp: Repeating last play command: Selected Viewport
[2020.01.20-16.48.46:358][302]LogBlueprintUserMessages: Early PlayInEditor Detection: Level '/Game/Levels/CondensedLevel.CondensedLevel:PersistentLevel' has LevelScriptBlueprint '/Game/Levels/CondensedLevel.CondensedLevel:PersistentLevel.CondensedLevel' with GeneratedClass '/Game/Levels/CondensedLevel.CondensedLevel_C' with ClassGeneratedBy '/Game/Levels/CondensedLevel.CondensedLevel:PersistentLevel.CondensedLevel'
[2020.01.20-16.48.46:358][302]LogPlayLevel: PlayLevel: No blueprints needed recompiling
[2020.01.20-16.48.46:358][302]PIE: New page: PIE session: CondensedLevel (Jan 20, 2020, 6:48:46 AM)
[2020.01.20-16.48.46:358][302]LogPlayLevel: Creating play world package: /Game/Levels/UEDPIE_0_CondensedLevel
[2020.01.20-16.48.46:368][302]LogPlayLevel: PIE: StaticDuplicateObject took: (0.008986s)
[2020.01.20-16.48.46:369][302]LogAIModule: Creating AISystem for world CondensedLevel
[2020.01.20-16.48.46:369][302]LogPlayLevel: PIE: World Init took: (0.001389s)
[2020.01.20-16.48.46:369][302]LogPlayLevel: PIE: Created PIE world by copying editor world from /Game/Levels/CondensedLevel.CondensedLevel to /Game/Levels/UEDPIE_0_CondensedLevel.CondensedLevel (0.010844s)
[2020.01.20-16.48.46:403][302]LogUObjectHash: Compacting FUObjectHashTables data took   3.98ms
[2020.01.20-16.48.46:418][302]LogInit: XAudio2 using 'Speakers (Bose Revolve SoundLink)' : 2 channels at 48 kHz using 16 bits per sample (channel mask 0x3)
[2020.01.20-16.48.46:430][302]LogInit: FAudioDevice initialized.
[2020.01.20-16.48.46:440][302]LogLoad: Game class is 'BP_GameMode_C'
[2020.01.20-16.48.46:444][302]LogWorld: Bringing World /Game/Levels/UEDPIE_0_CondensedLevel.CondensedLevel up for play (max tick rate 0) at 2020.01.20-11.48.46
[2020.01.20-16.48.46:445][302]LogWorld: Bringing up level for play took: 0.003894
[2020.01.20-16.48.46:445][302]LogOnline: OSS: Creating online subsystem instance for: :Context_7
[2020.01.20-16.48.46:448][302]LogActor: Warning: BP_Camera_C /Game/Levels/UEDPIE_0_CondensedLevel.CondensedLevel:PersistentLevel.BP_Camera_C_0 has natively added scene component(s), but none of them were set as the actor's RootComponent - picking one arbitrarily
[2020.01.20-16.48.46:449][302]LogPlayerManagement: Error: Failed to Create Player: A local player already exists for controller ID 0,
[2020.01.20-16.48.46:454][302]PIE: Play in editor start time for /Game/Levels/UEDPIE_0_CondensedLevel -0.476
[2020.01.20-16.48.46:455][302]LogBlueprintUserMessages: Late PlayInEditor Detection: Level '/Game/Levels/CondensedLevel.CondensedLevel:PersistentLevel' has LevelScriptBlueprint '/Game/Levels/CondensedLevel.CondensedLevel:PersistentLevel.CondensedLevel' with GeneratedClass '/Game/Levels/CondensedLevel.CondensedLevel_C' with ClassGeneratedBy '/Game/Levels/CondensedLevel.CondensedLevel:PersistentLevel.CondensedLevel'
[2020.01.20-16.48.50:785][817]LogEditorSessionSummary: EditorSessionSummary sent report. Type=Debugger, SessionId={08DC068A-446E-9824-4957-329A504566C8}
[2020.01.20-16.48.50:785][817]LogEditorSessionSummary: EditorSessionSummary sent report. Type=Debugger, SessionId={C8EAAC1A-46FB-A002-B87C-09A36E565B9C}
[2020.01.20-16.48.50:785][817]LogEditorSessionSummary: EditorSessionSummary sent report. Type=Debugger, SessionId={6503B565-4E41-1859-6302-57AD49566707}
[2020.01.20-16.48.50:786][817]LogEditorSessionSummary: EditorSessionSummary sent report. Type=Debugger, SessionId={8155C9C4-4483-7270-140F-1BAE69D0F2BC}
[2020.01.20-16.48.50:786][817]LogEditorSessionSummary: EditorSessionSummary sent report. Type=Debugger, SessionId={20E457F4-43FF-A678-455E-98B7FE742EBD}
[2020.01.20-16.48.50:786][817]LogEditorSessionSummary: EditorSessionSummary sent report. Type=Debugger, SessionId={A6CBD674-4820-4A76-1148-4F95835296CD}
[2020.01.20-16.48.50:786][817]LogEditorSessionSummary: EditorSessionSummary sent report. Type=Debugger, SessionId={4E7487FC-46BA-EB73-7024-2080BC4CD835}
[2020.01.20-16.49.15:476][778]LogBlueprintUserMessages: Early EndPlayMap Detection: Level '/Game/Levels/CondensedLevel.CondensedLevel:PersistentLevel' has LevelScriptBlueprint '/Game/Levels/CondensedLevel.CondensedLevel:PersistentLevel.CondensedLevel' with GeneratedClass '/Game/Levels/CondensedLevel.CondensedLevel_C' with ClassGeneratedBy '/Game/Levels/CondensedLevel.CondensedLevel:PersistentLevel.CondensedLevel'
[2020.01.20-16.49.15:477][778]LogSlate: Updating window title bar state: overlay mode, drag disabled, window buttons hidden, title bar hidden
[2020.01.20-16.49.15:477][778]LogWorld: BeginTearingDown for /Game/Levels/UEDPIE_0_CondensedLevel
[2020.01.20-16.49.15:478][778]LogWorld: UWorld::CleanupWorld for CondensedLevel, bSessionEnded=true, bCleanupResources=true
[2020.01.20-16.49.15:498][778]LogPlayLevel: Display: Shutting down PIE online subsystems
[2020.01.20-16.49.15:498][778]LogBlueprintUserMessages: Late EndPlayMap Detection: Level '/Game/Levels/CondensedLevel.CondensedLevel:PersistentLevel' has LevelScriptBlueprint '/Game/Levels/CondensedLevel.CondensedLevel:PersistentLevel.CondensedLevel' with GeneratedClass '/Game/Levels/CondensedLevel.CondensedLevel_C' with ClassGeneratedBy '/Game/Levels/CondensedLevel.CondensedLevel:PersistentLevel.CondensedLevel'
[2020.01.20-16.49.15:536][778]LogSlate: Updating window title bar state: overlay mode, drag disabled, window buttons hidden, title bar hidden
[2020.01.20-16.49.15:540][778]LogUObjectHash: Compacting FUObjectHashTables data took   2.14ms
[2020.01.20-16.49.15:578][780]LogPlayLevel: Display: Destroying online subsystem :Context_7
[2020.01.20-16.49.16:912][939]LogSlate: FSceneViewport::OnFocusLost() reason 5
[2020.01.20-16.49.16:957][939]LogUObjectHash: Compacting FUObjectHashTables data took   0.74ms
[2020.01.20-16.49.17:172][939]LogSavePackage: Moving '../../../../../../Users/tbiss/Documents/GitHub/Stolemates/Stolenmates/Saved/CondensedLevelF5E69A66422574F4899125B4E8BA4A62.tmp' to '../../../../../../Users/tbiss/Documents/GitHub/Stolemates/Stolenmates/Content/Levels/CondensedLevel.umap'
[2020.01.20-16.49.18:762][114]LogUObjectHash: Compacting FUObjectHashTables data took   3.35ms
[2020.01.20-16.49.18:981][114]LogSavePackage: Moving '../../../../../../Users/tbiss/Documents/GitHub/Stolemates/Stolenmates/Saved/CondensedLevel15523B2440F02C75225DB59C4FB3D91D.tmp' to '../../../../../../Users/tbiss/Documents/GitHub/Stolemates/Stolenmates/Content/Levels/CondensedLevel.umap'
[2020.01.20-16.49.20:583][298]LogUObjectHash: Compacting FUObjectHashTables data took   2.56ms
[2020.01.20-16.49.20:636][298]LogWorld: UWorld::CleanupWorld for World_4, bSessionEnded=true, bCleanupResources=true
[2020.01.20-16.49.20:668][298]LogSlate: Window 'Stolenmates - Unreal Editor' being destroyed
[2020.01.20-16.49.20:669][298]LogWindowsTextInputMethodSystem: Display: IME system now deactivated.
[2020.01.20-16.49.20:789][299]Cmd: QUIT_EDITOR
[2020.01.20-16.49.21:815][299]LogExit: Preparing to exit.
