Log file open, 01/20/20 11:35:40
LogWindows: Failed to load 'aqProf.dll' (GetLastError=126)
LogWindows: File 'aqProf.dll' does not exist
LogWindows: Failed to load 'VtuneApi.dll' (GetLastError=126)
LogWindows: File 'VtuneApi.dll' does not exist
LogWindows: Failed to load 'VtuneApi32e.dll' (GetLastError=126)
LogWindows: File 'VtuneApi32e.dll' does not exist
LogConsoleResponse: Display: Failed to find resolution value strings in scalability ini. Falling back to default.
LogInit: Display: Running engine for game: Stolenmates
LogPlatformFile: Not using cached read wrapper
LogTaskGraph: Started task graph with 5 named threads and 23 total threads with 3 sets of task threads.
LogStats: Stats thread started at 0.148853
LogD3D11RHI: Loaded GFSDK_Aftermath_Lib.x64.dll
LogICUInternationalization: ICU TimeZone Detection - Raw Offset: -5:00, Platform Override: ''
LogPluginManager: Mounting plugin Paper2D
LogPluginManager: Mounting plugin AISupport
LogPluginManager: Mounting plugin LightPropagationVolume
LogPluginManager: Mounting plugin ActorLayerUtilities
LogPluginManager: Mounting plugin AnimationSharing
LogPluginManager: Mounting plugin CLionSourceCodeAccess
LogPluginManager: Mounting plugin CodeLiteSourceCodeAccess
LogPluginManager: Mounting plugin GitSourceControl
LogPluginManager: Mounting plugin KDevelopSourceCodeAccess
LogPluginManager: Mounting plugin NullSourceCodeAccess
LogPluginManager: Mounting plugin PerforceSourceControl
LogPluginManager: Mounting plugin SubversionSourceControl
LogPluginManager: Mounting plugin UObjectPlugin
LogPluginManager: Mounting plugin VisualStudioCodeSourceCodeAccess
LogPluginManager: Mounting plugin VisualStudioSourceCodeAccess
LogPluginManager: Mounting plugin XCodeSourceCodeAccess
LogPluginManager: Mounting plugin AssetManagerEditor
LogPluginManager: Mounting plugin CryptoKeys
LogPluginManager: Mounting plugin CurveEditorTools
LogPluginManager: Mounting plugin DataValidation
LogPluginManager: Mounting plugin FacialAnimation
LogPluginManager: Mounting plugin GameplayTagsEditor
LogPluginManager: Mounting plugin MacGraphicsSwitching
LogPluginManager: Mounting plugin MaterialAnalyzer
LogPluginManager: Mounting plugin MobileLauncherProfileWizard
LogPluginManager: Mounting plugin PluginBrowser
LogPluginManager: Mounting plugin SpeedTreeImporter
LogPluginManager: Mounting plugin DatasmithContent
LogPluginManager: Mounting plugin VariantManagerContent
LogPluginManager: Mounting plugin AlembicImporter
LogPluginManager: Mounting plugin AutomationUtils
LogPluginManager: Mounting plugin BackChannel
LogPluginManager: Mounting plugin CharacterAI
LogPluginManager: Mounting plugin GeometryCache
LogPluginManager: Mounting plugin HTML5Networking
LogPluginManager: Mounting plugin PlatformCrypto
LogPluginManager: Mounting plugin ProxyLODPlugin
LogPluginManager: Mounting plugin SkeletalReduction
LogPluginManager: Mounting plugin MagicLeap
LogPluginManager: Mounting plugin MagicLeapMedia
LogPluginManager: Mounting plugin AndroidMedia
LogPluginManager: Mounting plugin AvfMedia
LogPluginManager: Mounting plugin ImgMedia
LogPluginManager: Mounting plugin MediaCompositing
LogPluginManager: Mounting plugin MediaPlayerEditor
LogPluginManager: Mounting plugin WebMMedia
LogPluginManager: Mounting plugin WmfMedia
LogPluginManager: Mounting plugin TcpMessaging
LogPluginManager: Mounting plugin UdpMessaging
LogPluginManager: Mounting plugin ActorSequence
LogPluginManager: Mounting plugin LevelSequenceEditor
LogPluginManager: Mounting plugin MatineeToLevelSequence
LogPluginManager: Mounting plugin NetcodeUnitTest
LogPluginManager: Mounting plugin NUTUnrealEngine4
LogPluginManager: Mounting plugin OnlineSubsystemGooglePlay
LogPluginManager: Mounting plugin OnlineSubsystemIOS
LogPluginManager: Mounting plugin OnlineSubsystem
LogPluginManager: Mounting plugin OnlineSubsystemNull
LogPluginManager: Mounting plugin OnlineSubsystemUtils
LogPluginManager: Mounting plugin LauncherChunkInstaller
LogPluginManager: Mounting plugin AndroidDeviceProfileSelector
LogPluginManager: Mounting plugin AndroidMoviePlayer
LogPluginManager: Mounting plugin AndroidPermission
LogPluginManager: Mounting plugin AppleImageUtils
LogPluginManager: Mounting plugin AppleMoviePlayer
LogPluginManager: Mounting plugin ArchVisCharacter
LogPluginManager: Mounting plugin AudioCapture
LogPluginManager: Mounting plugin CableComponent
LogPluginManager: Mounting plugin CustomMeshComponent
LogPluginManager: Mounting plugin EditableMesh
LogPluginManager: Mounting plugin ExampleDeviceProfileSelector
LogPluginManager: Mounting plugin GoogleCloudMessaging
LogPluginManager: Mounting plugin IOSDeviceProfileSelector
LogPluginManager: Mounting plugin LinuxDeviceProfileSelector
LogPluginManager: Mounting plugin LocationServicesBPLibrary
LogPluginManager: Mounting plugin MobilePatchingUtils
LogPluginManager: Mounting plugin OculusVR
LogPluginManager: Mounting plugin PhysXVehicles
LogPluginManager: Mounting plugin ProceduralMeshComponent
LogPluginManager: Mounting plugin RuntimePhysXCooking
LogPluginManager: Mounting plugin SignificanceManager
LogPluginManager: Mounting plugin SteamVR
LogPluginManager: Mounting plugin WebMMoviePlayer
LogPluginManager: Mounting plugin WindowsMoviePlayer
LogPluginManager: Mounting plugin ScreenshotTools
LogInit: Using libcurl 7.55.1-DEV
LogInit:  - built for x86_64-pc-win32
LogInit:  - supports SSL with OpenSSL/1.1.1
LogInit:  - supports HTTP deflate (compression) using libz 1.2.8
LogInit:  - other features:
LogInit:      CURL_VERSION_SSL
LogInit:      CURL_VERSION_LIBZ
LogInit:      CURL_VERSION_IPV6
LogInit:      CURL_VERSION_ASYNCHDNS
LogInit:      CURL_VERSION_LARGEFILE
LogInit:      CURL_VERSION_IDN
LogInit:  CurlRequestOptions (configurable via config and command line):
LogInit:  - bVerifyPeer = true  - Libcurl will verify peer certificate
LogInit:  - bUseHttpProxy = false  - Libcurl will NOT use HTTP proxy
LogInit:  - bDontReuseConnections = false  - Libcurl will reuse connections
LogInit:  - MaxHostConnections = 16  - Libcurl will limit the number of connections to a host
LogInit:  - LocalHostAddr = Default
LogInit:  - BufferSize = 65536
LogOnline: OSS: Creating online subsystem instance for: NULL
LogInit: WinSock: version 1.1 (2.2), MaxSocks=32767, MaxUdp=65467
LogInit: Build: ++UE4+Release-4.23-CL-9631420
LogInit: Engine Version: 4.23.1-9631420+++UE4+Release-4.23
LogInit: Compatible Engine Version: 4.23.0-8386587+++UE4+Release-4.23
LogInit: Net CL: 8386587
LogInit: OS: Windows 10 (Release 1809) (), CPU: Intel(R) Core(TM) i7-7700 CPU @ 3.60GHz, GPU: NVIDIA GeForce GTX 1070
LogInit: Compiled (64-bit): Oct 18 2019 02:07:44
LogInit: Compiled with Visual C++: 19.16.27030.01
LogInit: Build Configuration: Development
LogInit: Branch Name: ++UE4+Release-4.23
LogInit: Command Line:  -skipcompile
LogInit: Base Directory: C:/Program Files/Epic Games/UE_4.23/Engine/Binaries/Win64/
LogInit: Installed Engine Build: 1
LogDevObjectVersion: Number of dev versions registered: 23
LogDevObjectVersion:   Dev-Blueprints (B0D832E4-1F89-4F0D-ACCF-7EB736FD4AA2): 10
LogDevObjectVersion:   Dev-Build (E1C64328-A22C-4D53-A36C-8E866417BD8C): 0
LogDevObjectVersion:   Dev-Core (375EC13C-06E4-48FB-B500-84F0262A717E): 3
LogDevObjectVersion:   Dev-Editor (E4B068ED-F494-42E9-A231-DA0B2E46BB41): 34
LogDevObjectVersion:   Dev-Framework (CFFC743F-43B0-4480-9391-14DF171D2073): 35
LogDevObjectVersion:   Dev-Mobile (B02B49B5-BB20-44E9-A304-32B752E40360): 2
LogDevObjectVersion:   Dev-Networking (A4E4105C-59A1-49B5-A7C5-40C4547EDFEE): 0
LogDevObjectVersion:   Dev-Online (39C831C9-5AE6-47DC-9A44-9C173E1C8E7C): 0
LogDevObjectVersion:   Dev-Physics (78F01B33-EBEA-4F98-B9B4-84EACCB95AA2): 0
LogDevObjectVersion:   Dev-Platform (6631380F-2D4D-43E0-8009-CF276956A95A): 0
LogDevObjectVersion:   Dev-Rendering (12F88B9F-8875-4AFC-A67C-D90C383ABD29): 31
LogDevObjectVersion:   Dev-Sequencer (7B5AE74C-D270-4C10-A958-57980B212A5A): 11
LogDevObjectVersion:   Dev-VR (D7296918-1DD6-4BDD-9DE2-64A83CC13884): 2
LogDevObjectVersion:   Dev-LoadTimes (C2A15278-BFE7-4AFE-6C17-90FF531DF755): 1
LogDevObjectVersion:   Private-Geometry (6EACA3D4-40EC-4CC1-B786-8BED09428FC5): 3
LogDevObjectVersion:   Dev-AnimPhys (29E575DD-E0A3-4627-9D10-D276232CDCEA): 17
LogDevObjectVersion:   Dev-Anim (AF43A65D-7FD3-4947-9873-3E8ED9C1BB05): 2
LogDevObjectVersion:   Dev-ReflectionCapture (6B266CEC-1EC7-4B8F-A30B-E4D90942FC07): 1
LogDevObjectVersion:   Dev-Automation (0DF73D61-A23F-47EA-B727-89E90C41499A): 1
LogDevObjectVersion:   FortniteMain (601D1886-AC64-4F84-AA16-D3DE0DEAC7D6): 27
LogDevObjectVersion:   Dev-Enterprise (9DFFBCD6-494F-0158-E221-12823C92A888): 6
LogDevObjectVersion:   Dev-Niagara (F2AED0AC-9AFE-416F-8664-AA7FFA26D6FC): 1
LogDevObjectVersion:   Dev-Destruction (174F1F0B-B4C6-45A5-B13F-2EE8D0FB917D): 9
LogInit: Presizing for max 16777216 objects, including 0 objects not considered by GC, pre-allocating 0 bytes for permanent pool.
LogInit: Object subsystem initialized
LogConfig: Setting CVar [[con.DebugEarlyDefault:1]]
LogConfig: Setting CVar [[r.setres:1280x720]]
[2020.01.20-16.35.41:037][  0]LogConfig: Setting CVar [[r.VSync:0]]
[2020.01.20-16.35.41:037][  0]LogConfig: Setting CVar [[r.RHICmdBypass:0]]
[2020.01.20-16.35.41:037][  0]LogConfig: Applying CVar settings from Section [/Script/Engine.RendererSettings] File [C:/Users/tbiss/Documents/GitHub/Stolemates/Stolenmates/Saved/Config/Windows/Engine.ini]
[2020.01.20-16.35.41:037][  0]LogConfig: Setting CVar [[r.GPUCrashDebugging:0]]
[2020.01.20-16.35.41:037][  0]LogConfig: Setting CVar [[r.DefaultFeature.AutoExposure.ExtendDefaultLuminanceRange:1]]
[2020.01.20-16.35.41:038][  0]LogConfig: Applying CVar settings from Section [/Script/Engine.RendererOverrideSettings] File [C:/Users/tbiss/Documents/GitHub/Stolemates/Stolenmates/Saved/Config/Windows/Engine.ini]
[2020.01.20-16.35.41:038][  0]LogConfig: Applying CVar settings from Section [/Script/Engine.StreamingSettings] File [C:/Users/tbiss/Documents/GitHub/Stolemates/Stolenmates/Saved/Config/Windows/Engine.ini]
[2020.01.20-16.35.41:038][  0]LogConfig: Setting CVar [[s.MinBulkDataSizeForAsyncLoading:131072]]
[2020.01.20-16.35.41:038][  0]LogConfig: Setting CVar [[s.AsyncLoadingThreadEnabled:0]]
[2020.01.20-16.35.41:038][  0]LogConfig: Setting CVar [[s.EventDrivenLoaderEnabled:1]]
[2020.01.20-16.35.41:038][  0]LogConfig: Setting CVar [[s.WarnIfTimeLimitExceeded:0]]
[2020.01.20-16.35.41:038][  0]LogConfig: Setting CVar [[s.TimeLimitExceededMultiplier:1.5]]
[2020.01.20-16.35.41:038][  0]LogConfig: Setting CVar [[s.TimeLimitExceededMinTime:0.005]]
[2020.01.20-16.35.41:038][  0]LogConfig: Setting CVar [[s.UseBackgroundLevelStreaming:1]]
[2020.01.20-16.35.41:038][  0]LogConfig: Setting CVar [[s.PriorityAsyncLoadingExtraTime:15.0]]
[2020.01.20-16.35.41:038][  0]LogConfig: Setting CVar [[s.LevelStreamingActorsUpdateTimeLimit:5.0]]
[2020.01.20-16.35.41:038][  0]LogConfig: Setting CVar [[s.PriorityLevelStreamingActorsUpdateExtraTime:5.0]]
[2020.01.20-16.35.41:038][  0]LogConfig: Setting CVar [[s.LevelStreamingComponentsRegistrationGranularity:10]]
[2020.01.20-16.35.41:038][  0]LogConfig: Setting CVar [[s.UnregisterComponentsTimeLimit:1.0]]
[2020.01.20-16.35.41:038][  0]LogConfig: Setting CVar [[s.LevelStreamingComponentsUnregistrationGranularity:5]]
[2020.01.20-16.35.41:038][  0]LogConfig: Applying CVar settings from Section [/Script/Engine.GarbageCollectionSettings] File [C:/Users/tbiss/Documents/GitHub/Stolemates/Stolenmates/Saved/Config/Windows/Engine.ini]
[2020.01.20-16.35.41:038][  0]LogConfig: Setting CVar [[gc.MaxObjectsNotConsideredByGC:1]]
[2020.01.20-16.35.41:038][  0]LogConfig: Setting CVar [[gc.SizeOfPermanentObjectPool:0]]
[2020.01.20-16.35.41:038][  0]LogConfig: Setting CVar [[gc.FlushStreamingOnGC:0]]
[2020.01.20-16.35.41:038][  0]LogConfig: Setting CVar [[gc.NumRetriesBeforeForcingGC:10]]
[2020.01.20-16.35.41:038][  0]LogConfig: Setting CVar [[gc.AllowParallelGC:1]]
[2020.01.20-16.35.41:039][  0]LogConfig: Setting CVar [[gc.TimeBetweenPurgingPendingKillObjects:61.1]]
[2020.01.20-16.35.41:039][  0]LogConfig: Setting CVar [[gc.MaxObjectsInEditor:16777216]]
[2020.01.20-16.35.41:039][  0]LogConfig: Setting CVar [[gc.IncrementalBeginDestroyEnabled:1]]
[2020.01.20-16.35.41:039][  0]LogConfig: Setting CVar [[gc.CreateGCClusters:1]]
[2020.01.20-16.35.41:039][  0]LogConfig: Setting CVar [[gc.MinGCClusterSize:5]]
[2020.01.20-16.35.41:039][  0]LogConfig: Setting CVar [[gc.ActorClusteringEnabled:0]]
[2020.01.20-16.35.41:039][  0]LogConfig: Setting CVar [[gc.BlueprintClusteringEnabled:0]]
[2020.01.20-16.35.41:039][  0]LogConfig: Setting CVar [[gc.UseDisregardForGCOnDedicatedServers:0]]
[2020.01.20-16.35.41:039][  0]LogConfig: Applying CVar settings from Section [/Script/Engine.NetworkSettings] File [C:/Users/tbiss/Documents/GitHub/Stolemates/Stolenmates/Saved/Config/Windows/Engine.ini]
[2020.01.20-16.35.41:039][  0]LogConfig: Applying CVar settings from Section [/Script/UnrealEd.CookerSettings] File [C:/Users/tbiss/Documents/GitHub/Stolemates/Stolenmates/Saved/Config/Windows/Engine.ini]
[2020.01.20-16.35.41:043][  0]LogConfig: Applying CVar settings from Section [ViewDistanceQuality@3] File [C:/Users/tbiss/Documents/GitHub/Stolemates/Stolenmates/Saved/Config/Windows/Scalability.ini]
[2020.01.20-16.35.41:044][  0]LogConfig: Setting CVar [[r.SkeletalMeshLODBias:0]]
[2020.01.20-16.35.41:044][  0]LogConfig: Setting CVar [[r.ViewDistanceScale:1.0]]
[2020.01.20-16.35.41:044][  0]LogConfig: Applying CVar settings from Section [AntiAliasingQuality@3] File [C:/Users/tbiss/Documents/GitHub/Stolemates/Stolenmates/Saved/Config/Windows/Scalability.ini]
[2020.01.20-16.35.41:044][  0]LogConfig: Setting CVar [[r.PostProcessAAQuality:4]]
[2020.01.20-16.35.41:044][  0]LogConfig: Applying CVar settings from Section [ShadowQuality@3] File [C:/Users/tbiss/Documents/GitHub/Stolemates/Stolenmates/Saved/Config/Windows/Scalability.ini]
[2020.01.20-16.35.41:044][  0]LogConfig: Setting CVar [[r.LightFunctionQuality:1]]
[2020.01.20-16.35.41:044][  0]LogConfig: Setting CVar [[r.ShadowQuality:5]]
[2020.01.20-16.35.41:044][  0]LogConfig: Setting CVar [[r.Shadow.CSM.MaxCascades:10]]
[2020.01.20-16.35.41:044][  0]LogConfig: Setting CVar [[r.Shadow.MaxResolution:2048]]
[2020.01.20-16.35.41:044][  0]LogConfig: Setting CVar [[r.Shadow.MaxCSMResolution:2048]]
[2020.01.20-16.35.41:044][  0]LogConfig: Setting CVar [[r.Shadow.RadiusThreshold:0.01]]
[2020.01.20-16.35.41:044][  0]LogConfig: Setting CVar [[r.Shadow.DistanceScale:1.0]]
[2020.01.20-16.35.41:044][  0]LogConfig: Setting CVar [[r.Shadow.CSM.TransitionScale:1.0]]
[2020.01.20-16.35.41:044][  0]LogConfig: Setting CVar [[r.Shadow.PreShadowResolutionFactor:1.0]]
[2020.01.20-16.35.41:044][  0]LogConfig: Setting CVar [[r.DistanceFieldShadowing:1]]
[2020.01.20-16.35.41:044][  0]LogConfig: Setting CVar [[r.DistanceFieldAO:1]]
[2020.01.20-16.35.41:044][  0]LogConfig: Setting CVar [[r.AOQuality:2]]
[2020.01.20-16.35.41:044][  0]LogConfig: Setting CVar [[r.VolumetricFog:1]]
[2020.01.20-16.35.41:044][  0]LogConfig: Setting CVar [[r.VolumetricFog.GridPixelSize:8]]
[2020.01.20-16.35.41:044][  0]LogConfig: Setting CVar [[r.VolumetricFog.GridSizeZ:128]]
[2020.01.20-16.35.41:045][  0]LogConfig: Setting CVar [[r.VolumetricFog.HistoryMissSupersampleCount:4]]
[2020.01.20-16.35.41:045][  0]LogConfig: Setting CVar [[r.LightMaxDrawDistanceScale:1]]
[2020.01.20-16.35.41:045][  0]LogConfig: Setting CVar [[r.CapsuleShadows:1]]
[2020.01.20-16.35.41:045][  0]LogConfig: Applying CVar settings from Section [PostProcessQuality@3] File [C:/Users/tbiss/Documents/GitHub/Stolemates/Stolenmates/Saved/Config/Windows/Scalability.ini]
[2020.01.20-16.35.41:045][  0]LogConfig: Setting CVar [[r.MotionBlurQuality:4]]
[2020.01.20-16.35.41:045][  0]LogConfig: Setting CVar [[r.AmbientOcclusionMipLevelFactor:0.4]]
[2020.01.20-16.35.41:045][  0]LogConfig: Setting CVar [[r.AmbientOcclusionMaxQuality:100]]
[2020.01.20-16.35.41:045][  0]LogConfig: Setting CVar [[r.AmbientOcclusionLevels:-1]]
[2020.01.20-16.35.41:045][  0]LogConfig: Setting CVar [[r.AmbientOcclusionRadiusScale:1.0]]
[2020.01.20-16.35.41:045][  0]LogConfig: Setting CVar [[r.DepthOfFieldQuality:2]]
[2020.01.20-16.35.41:045][  0]LogConfig: Setting CVar [[r.RenderTargetPoolMin:400]]
[2020.01.20-16.35.41:045][  0]LogConfig: Setting CVar [[r.LensFlareQuality:2]]
[2020.01.20-16.35.41:045][  0]LogConfig: Setting CVar [[r.SceneColorFringeQuality:1]]
[2020.01.20-16.35.41:045][  0]LogConfig: Setting CVar [[r.EyeAdaptationQuality:2]]
[2020.01.20-16.35.41:045][  0]LogConfig: Setting CVar [[r.BloomQuality:5]]
[2020.01.20-16.35.41:045][  0]LogConfig: Setting CVar [[r.FastBlurThreshold:100]]
[2020.01.20-16.35.41:045][  0]LogConfig: Setting CVar [[r.Upscale.Quality:3]]
[2020.01.20-16.35.41:045][  0]LogConfig: Setting CVar [[r.Tonemapper.GrainQuantization:1]]
[2020.01.20-16.35.41:045][  0]LogConfig: Setting CVar [[r.LightShaftQuality:1]]
[2020.01.20-16.35.41:045][  0]LogConfig: Setting CVar [[r.Filter.SizeScale:1]]
[2020.01.20-16.35.41:045][  0]LogConfig: Setting CVar [[r.Tonemapper.Quality:5]]
[2020.01.20-16.35.41:045][  0]LogConfig: Setting CVar [[r.DOF.Gather.AccumulatorQuality:1        ; higher gathering accumulator quality]]
[2020.01.20-16.35.41:046][  0]LogConfig: Setting CVar [[r.DOF.Gather.PostfilterMethod:1          ; Median3x3 postfilering method]]
[2020.01.20-16.35.41:046][  0]LogConfig: Setting CVar [[r.DOF.Gather.EnableBokehSettings:0       ; no bokeh simulation when gathering]]
[2020.01.20-16.35.41:046][  0]LogConfig: Setting CVar [[r.DOF.Gather.RingCount:4                 ; medium number of samples when gathering]]
[2020.01.20-16.35.41:046][  0]LogConfig: Setting CVar [[r.DOF.Scatter.ForegroundCompositing:1    ; additive foreground scattering]]
[2020.01.20-16.35.41:046][  0]LogConfig: Setting CVar [[r.DOF.Scatter.BackgroundCompositing:2    ; additive background scattering]]
[2020.01.20-16.35.41:046][  0]LogConfig: Setting CVar [[r.DOF.Scatter.EnableBokehSettings:1      ; bokeh simulation when scattering]]
[2020.01.20-16.35.41:046][  0]LogConfig: Setting CVar [[r.DOF.Scatter.MaxSpriteRatio:0.1         ; only a maximum of 10% of scattered bokeh]]
[2020.01.20-16.35.41:046][  0]LogConfig: Setting CVar [[r.DOF.Recombine.Quality:1                ; cheap slight out of focus]]
[2020.01.20-16.35.41:046][  0]LogConfig: Setting CVar [[r.DOF.Recombine.EnableBokehSettings:0    ; no bokeh simulation on slight out of focus]]
[2020.01.20-16.35.41:046][  0]LogConfig: Setting CVar [[r.DOF.TemporalAAQuality:1                ; more stable temporal accumulation]]
[2020.01.20-16.35.41:046][  0]LogConfig: Setting CVar [[r.DOF.Kernel.MaxForegroundRadius:0.025]]
[2020.01.20-16.35.41:046][  0]LogConfig: Setting CVar [[r.DOF.Kernel.MaxBackgroundRadius:0.025]]
[2020.01.20-16.35.41:046][  0]LogConfig: Applying CVar settings from Section [TextureQuality@3] File [C:/Users/tbiss/Documents/GitHub/Stolemates/Stolenmates/Saved/Config/Windows/Scalability.ini]
[2020.01.20-16.35.41:046][  0]LogConfig: Setting CVar [[r.Streaming.MipBias:0]]
[2020.01.20-16.35.41:046][  0]LogConfig: Setting CVar [[r.Streaming.AmortizeCPUToGPUCopy:0]]
[2020.01.20-16.35.41:046][  0]LogConfig: Setting CVar [[r.Streaming.MaxNumTexturesToStreamPerFrame:0]]
[2020.01.20-16.35.41:046][  0]LogConfig: Setting CVar [[r.Streaming.Boost:1]]
[2020.01.20-16.35.41:046][  0]LogConfig: Setting CVar [[r.MaxAnisotropy:8]]
[2020.01.20-16.35.41:046][  0]LogConfig: Setting CVar [[r.Streaming.LimitPoolSizeToVRAM:0]]
[2020.01.20-16.35.41:046][  0]LogConfig: Setting CVar [[r.Streaming.PoolSize:1000]]
[2020.01.20-16.35.41:047][  0]LogConfig: Setting CVar [[r.Streaming.MaxEffectiveScreenSize:0]]
[2020.01.20-16.35.41:047][  0]LogConfig: Applying CVar settings from Section [EffectsQuality@3] File [C:/Users/tbiss/Documents/GitHub/Stolemates/Stolenmates/Saved/Config/Windows/Scalability.ini]
[2020.01.20-16.35.41:047][  0]LogConfig: Setting CVar [[r.TranslucencyLightingVolumeDim:64]]
[2020.01.20-16.35.41:047][  0]LogConfig: Setting CVar [[r.RefractionQuality:2]]
[2020.01.20-16.35.41:047][  0]LogConfig: Setting CVar [[r.SSR.Quality:3]]
[2020.01.20-16.35.41:047][  0]LogConfig: Setting CVar [[r.SceneColorFormat:4]]
[2020.01.20-16.35.41:047][  0]LogConfig: Setting CVar [[r.DetailMode:2]]
[2020.01.20-16.35.41:047][  0]LogConfig: Setting CVar [[r.TranslucencyVolumeBlur:1]]
[2020.01.20-16.35.41:047][  0]LogConfig: Setting CVar [[r.MaterialQualityLevel:1 ; High quality]]
[2020.01.20-16.35.41:047][  0]LogConfig: Setting CVar [[r.SSS.Scale:1]]
[2020.01.20-16.35.41:047][  0]LogConfig: Setting CVar [[r.SSS.SampleSet:2]]
[2020.01.20-16.35.41:047][  0]LogConfig: Setting CVar [[r.SSS.Quality:1]]
[2020.01.20-16.35.41:047][  0]LogConfig: Setting CVar [[r.SSS.HalfRes:1]]
[2020.01.20-16.35.41:047][  0]LogConfig: Setting CVar [[r.EmitterSpawnRateScale:1.0]]
[2020.01.20-16.35.41:047][  0]LogConfig: Setting CVar [[r.ParticleLightQuality:2]]
[2020.01.20-16.35.41:047][  0]LogConfig: Applying CVar settings from Section [FoliageQuality@3] File [C:/Users/tbiss/Documents/GitHub/Stolemates/Stolenmates/Saved/Config/Windows/Scalability.ini]
[2020.01.20-16.35.41:047][  0]LogConfig: Setting CVar [[foliage.DensityScale:1.0]]
[2020.01.20-16.35.41:047][  0]LogConfig: Setting CVar [[grass.DensityScale:1.0]]
[2020.01.20-16.35.41:047][  0]LogInit: Selected Device Profile: [Windows]
[2020.01.20-16.35.41:047][  0]LogInit: Applying CVar settings loaded from the selected device profile: [Windows]
[2020.01.20-16.35.41:050][  0]LogHAL: Display: Platform has ~ 16 GB [17114079232 / 17179869184 / 16], which maps to Larger [LargestMinGB=32, LargerMinGB=12, DefaultMinGB=8, SmallerMinGB=6, SmallestMinGB=0)
[2020.01.20-16.35.41:050][  0]LogInit: Going up to parent DeviceProfile []
[2020.01.20-16.35.41:050][  0]LogConfig: Applying CVar settings from Section [ViewDistanceQuality@3] File [C:/Users/tbiss/Documents/GitHub/Stolemates/Stolenmates/Saved/Config/Windows/Scalability.ini]
[2020.01.20-16.35.41:050][  0]LogConfig: Setting CVar [[r.SkeletalMeshLODBias:0]]
[2020.01.20-16.35.41:050][  0]LogConfig: Setting CVar [[r.ViewDistanceScale:1.0]]
[2020.01.20-16.35.41:051][  0]LogConfig: Applying CVar settings from Section [AntiAliasingQuality@3] File [C:/Users/tbiss/Documents/GitHub/Stolemates/Stolenmates/Saved/Config/Windows/Scalability.ini]
[2020.01.20-16.35.41:051][  0]LogConfig: Setting CVar [[r.PostProcessAAQuality:4]]
[2020.01.20-16.35.41:051][  0]LogConfig: Applying CVar settings from Section [ShadowQuality@3] File [C:/Users/tbiss/Documents/GitHub/Stolemates/Stolenmates/Saved/Config/Windows/Scalability.ini]
[2020.01.20-16.35.41:051][  0]LogConfig: Setting CVar [[r.LightFunctionQuality:1]]
[2020.01.20-16.35.41:051][  0]LogConfig: Setting CVar [[r.ShadowQuality:5]]
[2020.01.20-16.35.41:051][  0]LogConfig: Setting CVar [[r.Shadow.CSM.MaxCascades:10]]
[2020.01.20-16.35.41:051][  0]LogConfig: Setting CVar [[r.Shadow.MaxResolution:2048]]
[2020.01.20-16.35.41:051][  0]LogConfig: Setting CVar [[r.Shadow.MaxCSMResolution:2048]]
[2020.01.20-16.35.41:051][  0]LogConfig: Setting CVar [[r.Shadow.RadiusThreshold:0.01]]
[2020.01.20-16.35.41:051][  0]LogConfig: Setting CVar [[r.Shadow.DistanceScale:1.0]]
[2020.01.20-16.35.41:051][  0]LogConfig: Setting CVar [[r.Shadow.CSM.TransitionScale:1.0]]
[2020.01.20-16.35.41:051][  0]LogConfig: Setting CVar [[r.Shadow.PreShadowResolutionFactor:1.0]]
[2020.01.20-16.35.41:051][  0]LogConfig: Setting CVar [[r.DistanceFieldShadowing:1]]
[2020.01.20-16.35.41:051][  0]LogConfig: Setting CVar [[r.DistanceFieldAO:1]]
[2020.01.20-16.35.41:051][  0]LogConfig: Setting CVar [[r.AOQuality:2]]
[2020.01.20-16.35.41:051][  0]LogConfig: Setting CVar [[r.VolumetricFog:1]]
[2020.01.20-16.35.41:052][  0]LogConfig: Setting CVar [[r.VolumetricFog.GridPixelSize:8]]
[2020.01.20-16.35.41:052][  0]LogConfig: Setting CVar [[r.VolumetricFog.GridSizeZ:128]]
[2020.01.20-16.35.41:052][  0]LogConfig: Setting CVar [[r.VolumetricFog.HistoryMissSupersampleCount:4]]
[2020.01.20-16.35.41:052][  0]LogConfig: Setting CVar [[r.LightMaxDrawDistanceScale:1]]
[2020.01.20-16.35.41:052][  0]LogConfig: Setting CVar [[r.CapsuleShadows:1]]
[2020.01.20-16.35.41:052][  0]LogConfig: Applying CVar settings from Section [PostProcessQuality@3] File [C:/Users/tbiss/Documents/GitHub/Stolemates/Stolenmates/Saved/Config/Windows/Scalability.ini]
[2020.01.20-16.35.41:052][  0]LogConfig: Setting CVar [[r.MotionBlurQuality:4]]
[2020.01.20-16.35.41:052][  0]LogConfig: Setting CVar [[r.AmbientOcclusionMipLevelFactor:0.4]]
[2020.01.20-16.35.41:052][  0]LogConfig: Setting CVar [[r.AmbientOcclusionMaxQuality:100]]
[2020.01.20-16.35.41:052][  0]LogConfig: Setting CVar [[r.AmbientOcclusionLevels:-1]]
[2020.01.20-16.35.41:052][  0]LogConfig: Setting CVar [[r.AmbientOcclusionRadiusScale:1.0]]
[2020.01.20-16.35.41:052][  0]LogConfig: Setting CVar [[r.DepthOfFieldQuality:2]]
[2020.01.20-16.35.41:052][  0]LogConfig: Setting CVar [[r.RenderTargetPoolMin:400]]
[2020.01.20-16.35.41:052][  0]LogConfig: Setting CVar [[r.LensFlareQuality:2]]
[2020.01.20-16.35.41:052][  0]LogConfig: Setting CVar [[r.SceneColorFringeQuality:1]]
[2020.01.20-16.35.41:052][  0]LogConfig: Setting CVar [[r.EyeAdaptationQuality:2]]
[2020.01.20-16.35.41:052][  0]LogConfig: Setting CVar [[r.BloomQuality:5]]
[2020.01.20-16.35.41:052][  0]LogConfig: Setting CVar [[r.FastBlurThreshold:100]]
[2020.01.20-16.35.41:052][  0]LogConfig: Setting CVar [[r.Upscale.Quality:3]]
[2020.01.20-16.35.41:052][  0]LogConfig: Setting CVar [[r.Tonemapper.GrainQuantization:1]]
[2020.01.20-16.35.41:052][  0]LogConfig: Setting CVar [[r.LightShaftQuality:1]]
[2020.01.20-16.35.41:053][  0]LogConfig: Setting CVar [[r.Filter.SizeScale:1]]
[2020.01.20-16.35.41:053][  0]LogConfig: Setting CVar [[r.Tonemapper.Quality:5]]
[2020.01.20-16.35.41:053][  0]LogConfig: Setting CVar [[r.DOF.Gather.AccumulatorQuality:1        ; higher gathering accumulator quality]]
[2020.01.20-16.35.41:053][  0]LogConfig: Setting CVar [[r.DOF.Gather.PostfilterMethod:1          ; Median3x3 postfilering method]]
[2020.01.20-16.35.41:053][  0]LogConfig: Setting CVar [[r.DOF.Gather.EnableBokehSettings:0       ; no bokeh simulation when gathering]]
[2020.01.20-16.35.41:053][  0]LogConfig: Setting CVar [[r.DOF.Gather.RingCount:4                 ; medium number of samples when gathering]]
[2020.01.20-16.35.41:053][  0]LogConfig: Setting CVar [[r.DOF.Scatter.ForegroundCompositing:1    ; additive foreground scattering]]
[2020.01.20-16.35.41:053][  0]LogConfig: Setting CVar [[r.DOF.Scatter.BackgroundCompositing:2    ; additive background scattering]]
[2020.01.20-16.35.41:053][  0]LogConfig: Setting CVar [[r.DOF.Scatter.EnableBokehSettings:1      ; bokeh simulation when scattering]]
[2020.01.20-16.35.41:053][  0]LogConfig: Setting CVar [[r.DOF.Scatter.MaxSpriteRatio:0.1         ; only a maximum of 10% of scattered bokeh]]
[2020.01.20-16.35.41:053][  0]LogConfig: Setting CVar [[r.DOF.Recombine.Quality:1                ; cheap slight out of focus]]
[2020.01.20-16.35.41:053][  0]LogConfig: Setting CVar [[r.DOF.Recombine.EnableBokehSettings:0    ; no bokeh simulation on slight out of focus]]
[2020.01.20-16.35.41:053][  0]LogConfig: Setting CVar [[r.DOF.TemporalAAQuality:1                ; more stable temporal accumulation]]
[2020.01.20-16.35.41:053][  0]LogConfig: Setting CVar [[r.DOF.Kernel.MaxForegroundRadius:0.025]]
[2020.01.20-16.35.41:053][  0]LogConfig: Setting CVar [[r.DOF.Kernel.MaxBackgroundRadius:0.025]]
[2020.01.20-16.35.41:053][  0]LogConfig: Applying CVar settings from Section [TextureQuality@3] File [C:/Users/tbiss/Documents/GitHub/Stolemates/Stolenmates/Saved/Config/Windows/Scalability.ini]
[2020.01.20-16.35.41:053][  0]LogConfig: Setting CVar [[r.Streaming.MipBias:0]]
[2020.01.20-16.35.41:053][  0]LogConfig: Setting CVar [[r.Streaming.AmortizeCPUToGPUCopy:0]]
[2020.01.20-16.35.41:053][  0]LogConfig: Setting CVar [[r.Streaming.MaxNumTexturesToStreamPerFrame:0]]
[2020.01.20-16.35.41:053][  0]LogConfig: Setting CVar [[r.Streaming.Boost:1]]
[2020.01.20-16.35.41:053][  0]LogConfig: Setting CVar [[r.MaxAnisotropy:8]]
[2020.01.20-16.35.41:053][  0]LogConfig: Setting CVar [[r.Streaming.LimitPoolSizeToVRAM:0]]
[2020.01.20-16.35.41:054][  0]LogConfig: Setting CVar [[r.Streaming.PoolSize:1000]]
[2020.01.20-16.35.41:054][  0]LogConfig: Setting CVar [[r.Streaming.MaxEffectiveScreenSize:0]]
[2020.01.20-16.35.41:054][  0]LogConfig: Applying CVar settings from Section [EffectsQuality@3] File [C:/Users/tbiss/Documents/GitHub/Stolemates/Stolenmates/Saved/Config/Windows/Scalability.ini]
[2020.01.20-16.35.41:054][  0]LogConfig: Setting CVar [[r.TranslucencyLightingVolumeDim:64]]
[2020.01.20-16.35.41:054][  0]LogConfig: Setting CVar [[r.RefractionQuality:2]]
[2020.01.20-16.35.41:054][  0]LogConfig: Setting CVar [[r.SSR.Quality:3]]
[2020.01.20-16.35.41:054][  0]LogConfig: Setting CVar [[r.SceneColorFormat:4]]
[2020.01.20-16.35.41:054][  0]LogConfig: Setting CVar [[r.DetailMode:2]]
[2020.01.20-16.35.41:054][  0]LogConfig: Setting CVar [[r.TranslucencyVolumeBlur:1]]
[2020.01.20-16.35.41:054][  0]LogConfig: Setting CVar [[r.MaterialQualityLevel:1 ; High quality]]
[2020.01.20-16.35.41:054][  0]LogConfig: Setting CVar [[r.SSS.Scale:1]]
[2020.01.20-16.35.41:054][  0]LogConfig: Setting CVar [[r.SSS.SampleSet:2]]
[2020.01.20-16.35.41:054][  0]LogConfig: Setting CVar [[r.SSS.Quality:1]]
[2020.01.20-16.35.41:054][  0]LogConfig: Setting CVar [[r.SSS.HalfRes:1]]
[2020.01.20-16.35.41:054][  0]LogConfig: Setting CVar [[r.EmitterSpawnRateScale:1.0]]
[2020.01.20-16.35.41:054][  0]LogConfig: Setting CVar [[r.ParticleLightQuality:2]]
[2020.01.20-16.35.41:054][  0]LogConfig: Applying CVar settings from Section [FoliageQuality@3] File [C:/Users/tbiss/Documents/GitHub/Stolemates/Stolenmates/Saved/Config/Windows/Scalability.ini]
[2020.01.20-16.35.41:054][  0]LogConfig: Setting CVar [[foliage.DensityScale:1.0]]
[2020.01.20-16.35.41:054][  0]LogConfig: Setting CVar [[grass.DensityScale:1.0]]
[2020.01.20-16.35.41:054][  0]LogConfig: Applying CVar settings from Section [Startup] File [../../../Engine/Config/ConsoleVariables.ini]
[2020.01.20-16.35.41:055][  0]LogConfig: Setting CVar [[net.UseAdaptiveNetUpdateFrequency:0]]
[2020.01.20-16.35.41:055][  0]LogConfig: Setting CVar [[p.chaos.AllowCreatePhysxBodies:1]]
[2020.01.20-16.35.41:055][  0]LogConfig: Applying CVar settings from Section [ConsoleVariables] File [C:/Users/tbiss/Documents/GitHub/Stolemates/Stolenmates/Saved/Config/Windows/Engine.ini]
[2020.01.20-16.35.41:055][  0]LogInit: Computer: TED-DESKTOP
[2020.01.20-16.35.41:055][  0]LogInit: User: tbiss
[2020.01.20-16.35.41:055][  0]LogInit: CPU Page size=4096, Cores=4
[2020.01.20-16.35.41:055][  0]LogInit: High frequency timer resolution =10.000000 MHz
[2020.01.20-16.35.41:055][  0]LogMemory: Memory total: Physical=15.9GB (16GB approx)
[2020.01.20-16.35.41:055][  0]LogMemory: Platform Memory Stats for Windows
[2020.01.20-16.35.41:055][  0]LogMemory: Process Physical Memory: 101.04 MB used, 101.04 MB peak
[2020.01.20-16.35.41:055][  0]LogMemory: Process Virtual Memory: 100.67 MB used, 100.67 MB peak
[2020.01.20-16.35.41:055][  0]LogMemory: Physical Memory: 7254.99 MB used,  9066.27 MB free, 16321.26 MB total
[2020.01.20-16.35.41:055][  0]LogMemory: Virtual Memory: 4682.91 MB used,  134213048.00 MB free, 134217728.00 MB total
[2020.01.20-16.35.41:579][  0]LogWindows: WindowsPlatformFeatures enabled
[2020.01.20-16.35.41:682][  0]LogInit: Using OS detected language (en-US).
[2020.01.20-16.35.41:682][  0]LogInit: Using OS detected locale (en-CA).
[2020.01.20-16.35.41:683][  0]LogTextLocalizationManager: No specific localization for 'en-US' exists, so the 'en' localization will be used.
[2020.01.20-16.35.41:857][  0]LogInit: Setting process to per monitor DPI aware
[2020.01.20-16.35.41:921][  0]LogSlate: New Slate User Created.  User Index 0, Is Virtual User: 0
[2020.01.20-16.35.41:921][  0]LogSlate: Slate User Registered.  User Index 0, Is Virtual User: 0
[2020.01.20-16.35.42:077][  0]LogHMD: Failed to initialize OpenVR with code 110
[2020.01.20-16.35.42:077][  0]LogD3D11RHI: D3D11 adapters:
[2020.01.20-16.35.42:163][  0]LogD3D11RHI:    0. 'NVIDIA GeForce GTX 1070' (Feature Level 11_0)
[2020.01.20-16.35.42:163][  0]LogD3D11RHI:       8088/0/8160 MB DedicatedVideo/DedicatedSystem/SharedSystem, Outputs:1, VendorId:0x10de
[2020.01.20-16.35.42:169][  0]LogD3D11RHI:    1. 'Microsoft Basic Render Driver' (Feature Level 11_0)
[2020.01.20-16.35.42:169][  0]LogD3D11RHI:       0/0/8160 MB DedicatedVideo/DedicatedSystem/SharedSystem, Outputs:0, VendorId:0x1414
[2020.01.20-16.35.42:169][  0]LogD3D11RHI: Chosen D3D11 Adapter: 0
[2020.01.20-16.35.42:178][  0]LogD3D11RHI: Creating new Direct3DDevice
[2020.01.20-16.35.42:178][  0]LogD3D11RHI:     GPU DeviceId: 0x1b81 (for the marketing name, search the web for "GPU Device Id")
[2020.01.20-16.35.42:178][  0]LogWindows: EnumDisplayDevices:
[2020.01.20-16.35.42:178][  0]LogWindows:    0. 'NVIDIA GeForce GTX 1070' (P:1 D:1)
[2020.01.20-16.35.42:179][  0]LogWindows:    1. 'NVIDIA GeForce GTX 1070' (P:0 D:0)
[2020.01.20-16.35.42:179][  0]LogWindows:    2. 'NVIDIA GeForce GTX 1070' (P:0 D:0)
[2020.01.20-16.35.42:180][  0]LogWindows:    3. 'NVIDIA GeForce GTX 1070' (P:0 D:0)
[2020.01.20-16.35.42:180][  0]LogWindows: DebugString: FoundDriverCount:4 
[2020.01.20-16.35.42:180][  0]LogD3D11RHI:     Adapter Name: NVIDIA GeForce GTX 1070
[2020.01.20-16.35.42:180][  0]LogD3D11RHI:   Driver Version: 419.72 (internal:25.21.14.1972, unified:419.72)
[2020.01.20-16.35.42:180][  0]LogD3D11RHI:      Driver Date: 3-18-2019
[2020.01.20-16.35.42:180][  0]LogRHI: Texture pool is 5661 MB (70% of 8088 MB)
[2020.01.20-16.35.42:223][  0]LogD3D11RHI: Async texture creation enabled
[2020.01.20-16.35.42:239][  0]LogD3D11RHI: GPU Timing Frequency: 1000.000000 (Debug: 2 1)
[2020.01.20-16.35.42:523][  0]LogTemp: Display: Module 'AllDesktopTargetPlatform' loaded TargetPlatform 'AllDesktop'
[2020.01.20-16.35.42:535][  0]LogTemp: Display: Module 'MacClientTargetPlatform' loaded TargetPlatform 'MacClient'
[2020.01.20-16.35.42:546][  0]LogTemp: Display: Module 'MacNoEditorTargetPlatform' loaded TargetPlatform 'MacNoEditor'
[2020.01.20-16.35.42:556][  0]LogTemp: Display: Module 'MacServerTargetPlatform' loaded TargetPlatform 'MacServer'
[2020.01.20-16.35.42:567][  0]LogTemp: Display: Module 'MacTargetPlatform' loaded TargetPlatform 'Mac'
[2020.01.20-16.35.42:578][  0]LogTemp: Display: Module 'WindowsClientTargetPlatform' loaded TargetPlatform 'WindowsClient'
[2020.01.20-16.35.42:588][  0]LogTemp: Display: Module 'WindowsNoEditorTargetPlatform' loaded TargetPlatform 'WindowsNoEditor'
[2020.01.20-16.35.42:600][  0]LogTemp: Display: Module 'WindowsServerTargetPlatform' loaded TargetPlatform 'WindowsServer'
[2020.01.20-16.35.42:609][  0]LogTemp: Display: Module 'WindowsTargetPlatform' loaded TargetPlatform 'Windows'
[2020.01.20-16.35.42:643][  0]LogTemp: Display: Module 'AndroidTargetPlatform' loaded TargetPlatform 'Android'
[2020.01.20-16.35.42:643][  0]LogTemp: Display: Module 'AndroidTargetPlatform' loaded TargetPlatform 'Android_ASTC'
[2020.01.20-16.35.42:643][  0]LogTemp: Display: Module 'AndroidTargetPlatform' loaded TargetPlatform 'Android_ATC'
[2020.01.20-16.35.42:643][  0]LogTemp: Display: Module 'AndroidTargetPlatform' loaded TargetPlatform 'Android_DXT'
[2020.01.20-16.35.42:643][  0]LogTemp: Display: Module 'AndroidTargetPlatform' loaded TargetPlatform 'Android_ETC1'
[2020.01.20-16.35.42:643][  0]LogTemp: Display: Module 'AndroidTargetPlatform' loaded TargetPlatform 'Android_ETC1a'
[2020.01.20-16.35.42:643][  0]LogTemp: Display: Module 'AndroidTargetPlatform' loaded TargetPlatform 'Android_ETC2'
[2020.01.20-16.35.42:643][  0]LogTemp: Display: Module 'AndroidTargetPlatform' loaded TargetPlatform 'Android_PVRTC'
[2020.01.20-16.35.42:643][  0]LogTemp: Display: Module 'AndroidTargetPlatform' loaded TargetPlatform 'AndroidClient'
[2020.01.20-16.35.42:643][  0]LogTemp: Display: Module 'AndroidTargetPlatform' loaded TargetPlatform 'Android_ASTCClient'
[2020.01.20-16.35.42:643][  0]LogTemp: Display: Module 'AndroidTargetPlatform' loaded TargetPlatform 'Android_ATCClient'
[2020.01.20-16.35.42:644][  0]LogTemp: Display: Module 'AndroidTargetPlatform' loaded TargetPlatform 'Android_DXTClient'
[2020.01.20-16.35.42:644][  0]LogTemp: Display: Module 'AndroidTargetPlatform' loaded TargetPlatform 'Android_ETC1Client'
[2020.01.20-16.35.42:644][  0]LogTemp: Display: Module 'AndroidTargetPlatform' loaded TargetPlatform 'Android_ETC1aClient'
[2020.01.20-16.35.42:644][  0]LogTemp: Display: Module 'AndroidTargetPlatform' loaded TargetPlatform 'Android_ETC2Client'
[2020.01.20-16.35.42:644][  0]LogTemp: Display: Module 'AndroidTargetPlatform' loaded TargetPlatform 'Android_PVRTCClient'
[2020.01.20-16.35.42:644][  0]LogTemp: Display: Module 'AndroidTargetPlatform' loaded TargetPlatform 'Android_Multi'
[2020.01.20-16.35.42:644][  0]LogTemp: Display: Module 'AndroidTargetPlatform' loaded TargetPlatform 'Android_MultiClient'
[2020.01.20-16.35.42:648][  0]LogTemp: Display: Module 'HTML5TargetPlatform' loaded TargetPlatform 'HTML5'
[2020.01.20-16.35.42:674][  0]LogTemp: Display: Module 'IOSTargetPlatform' loaded TargetPlatform 'IOSClient'
[2020.01.20-16.35.42:675][  0]LogTemp: Display: Module 'IOSTargetPlatform' loaded TargetPlatform 'IOS'
[2020.01.20-16.35.42:690][  0]LogTemp: Display: Module 'TVOSTargetPlatform' loaded TargetPlatform 'TVOSClient'
[2020.01.20-16.35.42:690][  0]LogTemp: Display: Module 'TVOSTargetPlatform' loaded TargetPlatform 'TVOS'
[2020.01.20-16.35.42:701][  0]LogTemp: Display: Module 'LinuxClientTargetPlatform' loaded TargetPlatform 'LinuxClient'
[2020.01.20-16.35.42:711][  0]LogTemp: Display: Module 'LinuxNoEditorTargetPlatform' loaded TargetPlatform 'LinuxNoEditor'
[2020.01.20-16.35.42:722][  0]LogTemp: Display: Module 'LinuxServerTargetPlatform' loaded TargetPlatform 'LinuxServer'
[2020.01.20-16.35.42:734][  0]LogTemp: Display: Module 'LinuxTargetPlatform' loaded TargetPlatform 'Linux'
[2020.01.20-16.35.42:760][  0]LogTemp: Display: Module 'LuminTargetPlatform' loaded TargetPlatform 'Lumin'
[2020.01.20-16.35.42:760][  0]LogTemp: Display: Module 'LuminTargetPlatform' loaded TargetPlatform 'LuminClient'
[2020.01.20-16.35.42:760][  0]LogTargetPlatformManager: Display: Building Assets For Windows
[2020.01.20-16.35.42:778][  0]LogAudioDebug: Display: Lib vorbis DLL was dynamically loaded.
[2020.01.20-16.35.42:885][  0]LogShaderCompilers: Guid format shader working directory is -24 characters bigger than the processId version (../../../../../../Users/tbiss/Documents/GitHub/Stolemates/Stolenmates/Intermediate/Shaders/WorkingDirectory/23356/).
[2020.01.20-16.35.42:886][  0]LogShaderCompilers: Cleaned the shader compiler working directory 'C:/Users/tbiss/AppData/Local/Temp/UnrealShaderWorkingDir/7C8C2E974711F0EC88165AA73234B834/'.
[2020.01.20-16.35.42:888][  0]LogXGEController: Cleaning working directory: C:/Users/tbiss/AppData/Local/Temp/UnrealXGEWorkingDir/
[2020.01.20-16.35.42:889][  0]LogXGEController: Cannot use XGE Controller as Incredibuild is not installed on this machine.
[2020.01.20-16.35.42:889][  0]LogShaderCompilers: Cannot use XGE Shader Compiler as Incredibuild is not installed on this machine.
[2020.01.20-16.35.42:889][  0]LogShaderCompilers: Display: Using Local Shader Compiler.
[2020.01.20-16.35.43:426][  0]LogDerivedDataCache: Display: Max Cache Size: 512 MB
[2020.01.20-16.35.43:474][  0]LogDerivedDataCache: Loaded boot cache 0.05s 73MB C:/Users/tbiss/AppData/Local/UnrealEngine/4.23/DerivedDataCache/Boot.ddc.
[2020.01.20-16.35.43:474][  0]LogDerivedDataCache: Display: Loaded Boot cache: C:/Users/tbiss/AppData/Local/UnrealEngine/4.23/DerivedDataCache/Boot.ddc
[2020.01.20-16.35.43:475][  0]LogDerivedDataCache: FDerivedDataBackendGraph:  Pak pak cache file ../../../../../../Users/tbiss/Documents/GitHub/Stolemates/Stolenmates/DerivedDataCache/DDC.ddp not found, will not use a pak cache.
[2020.01.20-16.35.43:475][  0]LogDerivedDataCache: Unable to find inner node Pak for hierarchical cache Hierarchy.
[2020.01.20-16.35.43:475][  0]LogDerivedDataCache: FDerivedDataBackendGraph:  CompressedPak pak cache file ../../../../../../Users/tbiss/Documents/GitHub/Stolemates/Stolenmates/DerivedDataCache/Compressed.ddp not found, will not use a pak cache.
[2020.01.20-16.35.43:475][  0]LogDerivedDataCache: Unable to find inner node CompressedPak for hierarchical cache Hierarchy.
[2020.01.20-16.35.43:485][  0]LogDerivedDataCache: Display: Pak cache opened for reading ../../../Engine/DerivedDataCache/Compressed.ddp.
[2020.01.20-16.35.43:485][  0]LogDerivedDataCache: FDerivedDataBackendGraph:  EnterprisePak pak cache file ../../../Enterprise/DerivedDataCache/Compressed.ddp not found, will not use a pak cache.
[2020.01.20-16.35.43:485][  0]LogDerivedDataCache: Unable to find inner node EnterprisePak for hierarchical cache Hierarchy.
[2020.01.20-16.35.43:488][  0]LogDerivedDataCache: Using Local data cache path C:/Users/tbiss/AppData/Local/UnrealEngine/Common/DerivedDataCache: Writable
[2020.01.20-16.35.43:488][  0]LogDerivedDataCache: Shared data cache path not found in *engine.ini, will not use an Shared cache.
[2020.01.20-16.35.43:488][  0]LogDerivedDataCache: Unable to find inner node Shared for hierarchical cache Hierarchy.
[2020.01.20-16.35.43:506][  0]LogMaterial: Verifying Global Shaders for PCD3D_SM5
[2020.01.20-16.35.43:508][  0]LogSlate: Using FreeType 2.6.0
[2020.01.20-16.35.43:509][  0]LogSlate: SlateFontServices - WITH_FREETYPE: 1, WITH_HARFBUZZ: 1
[2020.01.20-16.35.43:565][  0]LogAssetRegistry: FAssetRegistry took 0.0047 seconds to start up
[2020.01.20-16.35.43:792][  0]LogInit: Selected Device Profile: [Windows]
[2020.01.20-16.35.43:944][  0]LogMeshReduction: Using QuadricMeshReduction for automatic static mesh reduction
[2020.01.20-16.35.43:944][  0]LogMeshReduction: Using SimplygonMeshReduction for automatic skeletal mesh reduction
[2020.01.20-16.35.43:944][  0]LogMeshReduction: Using ProxyLODMeshReduction for automatic mesh merging
[2020.01.20-16.35.43:944][  0]LogMeshReduction: No distributed automatic mesh merging module available
[2020.01.20-16.35.43:944][  0]LogMeshMerging: No distributed automatic mesh merging module available
[2020.01.20-16.35.43:953][  0]LogNetVersion: Stolenmates 1.0.0, NetCL: 8386587, EngineNetVer: 11, GameNetVer: 0 (Checksum: 1334032006)
[2020.01.20-16.35.44:325][  0]LogPackageLocalizationCache: Processed 12 localized package path(s) for 1 prioritized culture(s) in 0.048893 seconds
[2020.01.20-16.35.44:331][  0]LogUObjectArray: 43444 objects as part of root set at end of initial load.
[2020.01.20-16.35.44:331][  0]LogUObjectAllocator: 7548648 out of 0 bytes used by permanent object pool.
[2020.01.20-16.35.44:331][  0]LogUObjectArray: CloseDisregardForGC: 0/0 objects in disregard for GC pool
[2020.01.20-16.35.45:281][  0]LogTcpMessaging: Initializing TcpMessaging bridge
[2020.01.20-16.35.45:287][  0]LogUdpMessaging: Initializing bridge on interface 0.0.0.0:0 to multicast group 230.0.0.1:6666.
[2020.01.20-16.35.45:396][  0]SourceControl: Source control is disabled
[2020.01.20-16.35.45:396][  0]SourceControl: Source control is disabled
[2020.01.20-16.35.45:399][  0]SourceControl: Source control is disabled
[2020.01.20-16.35.45:403][  0]SourceControl: Source control is disabled
[2020.01.20-16.35.45:568][  0]LogAndroidPermission: UAndroidPermissionCallbackProxy::GetInstance
[2020.01.20-16.35.45:754][  0]LogOcInput: OculusInput pre-init called
[2020.01.20-16.35.45:770][  0]LogWindows: Failed to load 'OVRPlugin.dll' (GetLastError=126)
[2020.01.20-16.35.45:770][  0]LogWindows: File 'OVRPlugin.dll' does not exist
[2020.01.20-16.35.45:857][  0]LogEngine: Initializing Engine...
[2020.01.20-16.35.45:859][  0]LogHMD: Failed to initialize OpenVR with code 110
[2020.01.20-16.35.45:860][  0]LogStats: UGameplayTagsManager::InitializeManager -  0.000 s
[2020.01.20-16.35.46:051][  0]LogInit: Initializing FReadOnlyCVARCache
[2020.01.20-16.35.46:067][  0]LogAIModule: Creating AISystem for world Untitled
[2020.01.20-16.35.46:150][  0]LogInit: XAudio2 using 'Speakers (Bose Revolve SoundLink)' : 2 channels at 48 kHz using 16 bits per sample (channel mask 0x3)
[2020.01.20-16.35.46:181][  0]LogInit: FAudioDevice initialized.
[2020.01.20-16.35.46:181][  0]LogNetVersion: Set ProjectVersion to 1.0.0.0. Version Checksum will be recalculated on next use.
[2020.01.20-16.35.46:286][  0]LogDerivedDataCache: Saved boot cache 0.10s 73MB C:/Users/tbiss/AppData/Local/UnrealEngine/4.23/DerivedDataCache/Boot.ddc.
[2020.01.20-16.35.46:307][  0]LogInit: Texture streaming: Enabled
[2020.01.20-16.35.46:356][  0]LogEngineSessionManager: EngineSessionManager initialized
[2020.01.20-16.35.46:357][  0]LogEngineSessionManager: EngineSessionManager sent abnormal shutdown report. Type=Debugger, SessionId={6503B565-4E41-1859-6302-57AD49566707}
[2020.01.20-16.35.46:357][  0]LogEditorSessionSummary: Verbose: Initializing EditorSessionSummaryWriter for editor session tracking
[2020.01.20-16.35.46:358][  0]LogEditorSessionSummary: EditorSessionSummaryWriter initialized
[2020.01.20-16.35.46:415][  0]LogInit: Transaction tracking system initialized
[2020.01.20-16.35.46:468][  0]BlueprintLog: New page: Editor Load
[2020.01.20-16.35.46:595][  0]LocalizationService: Localization service is disabled
[2020.01.20-16.35.46:878][  0]LogFileCache: Scanning file cache for directory 'C:/Users/tbiss/Documents/GitHub/Stolemates/Stolenmates/Content/' took 0.00s
[2020.01.20-16.35.46:878][  0]LogCook: Display: Max memory allowance for cook 16384mb min free memory 0mb
[2020.01.20-16.35.46:878][  0]LogCook: Display: Mobile HDR setting 1
[2020.01.20-16.35.47:143][  0]SourceControl: Source control is disabled
[2020.01.20-16.35.47:143][  0]Cmd: MAP LOAD FILE="../../../../../../Users/tbiss/Documents/GitHub/Stolemates/Stolenmates/Content/Levels/CondensedLevel.umap" TEMPLATE=0 SHOWPROGRESS=1 FEATURELEVEL=3
[2020.01.20-16.35.47:144][  0]LightingResults: New page: Lighting Build
[2020.01.20-16.35.47:147][  0]LogWorld: UWorld::CleanupWorld for Untitled, bSessionEnded=true, bCleanupResources=true
[2020.01.20-16.35.47:147][  0]MapCheck: New page: Map Check
[2020.01.20-16.35.47:147][  0]LightingResults: New page: Lighting Build
[2020.01.20-16.35.47:171][  0]LogUObjectHash: Compacting FUObjectHashTables data took   1.38ms
[2020.01.20-16.35.47:302][  0]LogLinker: Warning: While loading '../../../../../../Users/tbiss/Documents/GitHub/Stolemates/Stolenmates/Content/Blueprints/EQS_System/PowerUpSpawnLocation.uasset' failed to load '/Script/EnvironmentQueryEditor': Can't find file.
[2020.01.20-16.35.47:303][  0]LogLinker: Warning: While loading '../../../../../../Users/tbiss/Documents/GitHub/Stolemates/Stolenmates/Content/Blueprints/EQS_System/PowerUpSpawnLocation.uasset' failed to load '/Script/EnvironmentQueryEditor': Can't find file.
[2020.01.20-16.35.47:303][  0]LogLinker: Warning: While loading '../../../../../../Users/tbiss/Documents/GitHub/Stolemates/Stolenmates/Content/Blueprints/EQS_System/PowerUpSpawnLocation.uasset' failed to load '/Script/EnvironmentQueryEditor': Can't find file.
[2020.01.20-16.35.47:303][  0]LogLinker: Warning: While loading '../../../../../../Users/tbiss/Documents/GitHub/Stolemates/Stolenmates/Content/Blueprints/EQS_System/PowerUpSpawnLocation.uasset' failed to load '/Script/EnvironmentQueryEditor': Can't find file.
[2020.01.20-16.35.47:303][  0]LogLinker: Warning: While loading '../../../../../../Users/tbiss/Documents/GitHub/Stolemates/Stolenmates/Content/Blueprints/EQS_System/PowerUpSpawnLocation.uasset' failed to load '/Script/EnvironmentQueryEditor': Can't find file.
[2020.01.20-16.35.47:303][  0]LogLinker: Warning: While loading '../../../../../../Users/tbiss/Documents/GitHub/Stolemates/Stolenmates/Content/Blueprints/EQS_System/PowerUpSpawnLocation.uasset' failed to load '/Script/EnvironmentQueryEditor': Can't find file.
[2020.01.20-16.35.47:304][  0]LogLinker: Warning: While loading '../../../../../../Users/tbiss/Documents/GitHub/Stolemates/Stolenmates/Content/Blueprints/EQS_System/PowerUpSpawnLocation.uasset' failed to load '/Script/EnvironmentQueryEditor': Can't find file.
[2020.01.20-16.35.47:304][  0]LogLinker: Warning: While loading '../../../../../../Users/tbiss/Documents/GitHub/Stolemates/Stolenmates/Content/Blueprints/EQS_System/PowerUpSpawnLocation.uasset' failed to load '/Script/EnvironmentQueryEditor': Can't find file.
[2020.01.20-16.35.47:304][  0]LogLinker: Warning: While loading '../../../../../../Users/tbiss/Documents/GitHub/Stolemates/Stolenmates/Content/Blueprints/EQS_System/PowerUpSpawnLocation.uasset' failed to load '/Script/EnvironmentQueryEditor': Can't find file.
[2020.01.20-16.35.47:304][  0]LogLinker: Warning: While loading '../../../../../../Users/tbiss/Documents/GitHub/Stolemates/Stolenmates/Content/Blueprints/EQS_System/PowerUpSpawnLocation.uasset' failed to load '/Script/EnvironmentQueryEditor': Can't find file.
[2020.01.20-16.35.47:304][  0]LogLinker: Warning: While loading '../../../../../../Users/tbiss/Documents/GitHub/Stolemates/Stolenmates/Content/Blueprints/BP_GameMode.uasset' failed to load '/Script/EnvironmentQueryEditor': Can't find file.
[2020.01.20-16.35.47:305][  0]LogLinker: Warning: While loading '../../../../../../Users/tbiss/Documents/GitHub/Stolemates/Stolenmates/Content/Blueprints/BP_GameMode.uasset' failed to load '/Script/EnvironmentQueryEditor': Can't find file.
[2020.01.20-16.35.47:305][  0]LogLinker: Warning: While loading '../../../../../../Users/tbiss/Documents/GitHub/Stolemates/Stolenmates/Content/Blueprints/BP_GameMode.uasset' failed to load '/Script/EnvironmentQueryEditor': Can't find file.
[2020.01.20-16.35.47:305][  0]LogLinker: Warning: While loading '../../../../../../Users/tbiss/Documents/GitHub/Stolemates/Stolenmates/Content/Blueprints/BP_GameMode.uasset' failed to load '/Script/EnvironmentQueryEditor': Can't find file.
[2020.01.20-16.35.47:305][  0]LogLinker: Warning: While loading '../../../../../../Users/tbiss/Documents/GitHub/Stolemates/Stolenmates/Content/Blueprints/BP_GameMode.uasset' failed to load '/Script/EnvironmentQueryEditor': Can't find file.
[2020.01.20-16.35.47:305][  0]LogLinker: Warning: While loading '../../../../../../Users/tbiss/Documents/GitHub/Stolemates/Stolenmates/Content/Blueprints/BP_GameMode.uasset' failed to load '/Script/EnvironmentQueryEditor': Can't find file.
[2020.01.20-16.35.47:305][  0]LogLinker: Warning: While loading '../../../../../../Users/tbiss/Documents/GitHub/Stolemates/Stolenmates/Content/Blueprints/BP_GameMode.uasset' failed to load '/Script/EnvironmentQueryEditor': Can't find file.
[2020.01.20-16.35.47:306][  0]LogLinker: Warning: While loading '../../../../../../Users/tbiss/Documents/GitHub/Stolemates/Stolenmates/Content/Blueprints/BP_GameMode.uasset' failed to load '/Script/EnvironmentQueryEditor': Can't find file.
[2020.01.20-16.35.47:306][  0]LogLinker: Warning: While loading '../../../../../../Users/tbiss/Documents/GitHub/Stolemates/Stolenmates/Content/Blueprints/BP_GameMode.uasset' failed to load '/Script/EnvironmentQueryEditor': Can't find file.
[2020.01.20-16.35.47:306][  0]LogLinker: Warning: While loading '../../../../../../Users/tbiss/Documents/GitHub/Stolemates/Stolenmates/Content/Blueprints/BP_GameMode.uasset' failed to load '/Script/EnvironmentQueryEditor': Can't find file.
[2020.01.20-16.35.47:306][  0]LogLinker: Warning: While loading '../../../../../../Users/tbiss/Documents/GitHub/Stolemates/Stolenmates/Content/Blueprints/BP_GameMode.uasset' failed to load '/Script/EnvironmentQueryEditor': Can't find file.
[2020.01.20-16.35.47:306][  0]LogLinker: Warning: While loading '../../../../../../Users/tbiss/Documents/GitHub/Stolemates/Stolenmates/Content/Blueprints/BP_GameMode.uasset' failed to load '/Script/EnvironmentQueryEditor': Can't find file.
[2020.01.20-16.35.47:306][  0]LogLinker: Warning: While loading '../../../../../../Users/tbiss/Documents/GitHub/Stolemates/Stolenmates/Content/Blueprints/BP_GameMode.uasset' failed to load '/Script/EnvironmentQueryEditor': Can't find file.
[2020.01.20-16.35.47:307][  0]LogLinker: Warning: While loading '../../../../../../Users/tbiss/Documents/GitHub/Stolemates/Stolenmates/Content/Blueprints/BP_GameMode.uasset' failed to load '/Script/EnvironmentQueryEditor': Can't find file.
[2020.01.20-16.35.47:307][  0]LogLinker: Warning: While loading '../../../../../../Users/tbiss/Documents/GitHub/Stolemates/Stolenmates/Content/Blueprints/BP_GameMode.uasset' failed to load '/Script/EnvironmentQueryEditor': Can't find file.
[2020.01.20-16.35.47:307][  0]LogLinker: Warning: While loading '../../../../../../Users/tbiss/Documents/GitHub/Stolemates/Stolenmates/Content/Blueprints/BP_GameMode.uasset' failed to load '/Script/EnvironmentQueryEditor': Can't find file.
[2020.01.20-16.35.47:529][  0]LogAIModule: Creating AISystem for world CondensedLevel
[2020.01.20-16.35.47:544][  0]LogEditorServer: Finished looking for orphan Actors (0.000 secs)
[2020.01.20-16.35.47:585][  0]LogUObjectHash: Compacting FUObjectHashTables data took   2.05ms
[2020.01.20-16.35.47:585][  0]Cmd: MAP CHECKDEP NOCLEARLOG
[2020.01.20-16.35.47:585][  0]MapCheck: Map check complete: 0 Error(s), 0 Warning(s), took 0.253ms to complete.
[2020.01.20-16.35.47:585][  0]LogFileHelpers: Loading map 'CondensedLevel' took 0.442
[2020.01.20-16.35.47:702][  0]LogSlate: Updating window title bar state: overlay mode, drag disabled, window buttons hidden, title bar hidden
[2020.01.20-16.35.47:708][  0]LogSlate: Updating window title bar state: overlay mode, drag disabled, window buttons hidden, title bar hidden
[2020.01.20-16.35.47:714][  0]LogSlate: Updating window title bar state: overlay mode, drag disabled, window buttons hidden, title bar hidden
[2020.01.20-16.35.47:720][  0]LogSlate: Updating window title bar state: overlay mode, drag disabled, window buttons hidden, title bar hidden
[2020.01.20-16.35.47:735][  0]LogCollectionManager: Loaded 0 collections in 0.004102 seconds
[2020.01.20-16.35.47:756][  0]LogFileCache: Scanning file cache for directory 'C:/Users/tbiss/Documents/GitHub/Stolemates/Stolenmates/Saved/Collections/' took 0.00s
[2020.01.20-16.35.47:756][  0]LogFileCache: Scanning file cache for directory 'C:/Users/tbiss/Documents/GitHub/Stolemates/Stolenmates/Content/Developers/tbiss/Collections/' took 0.01s
[2020.01.20-16.35.47:756][  0]LogFileCache: Scanning file cache for directory 'C:/Users/tbiss/Documents/GitHub/Stolemates/Stolenmates/Content/Collections/' took 0.00s
[2020.01.20-16.35.47:756][  0]LogCollectionManager: Rebuilt the GUID cache for 0 collections in 0.000002 seconds
[2020.01.20-16.35.47:766][  0]LogContentBrowser: Native class hierarchy populated in 0.0095 seconds. Added 2868 classes and 682 folders.
[2020.01.20-16.35.47:775][  0]LogContentBrowser: Native class hierarchy updated for 'WidgetCarousel' in 0.0004 seconds. Added 0 classes and 0 folders.
[2020.01.20-16.35.47:840][  0]LogContentBrowser: Native class hierarchy updated for 'AddContentDialog' in 0.0006 seconds. Added 0 classes and 0 folders.
[2020.01.20-16.35.47:853][  0]LogContentBrowser: Native class hierarchy updated for 'SceneOutliner' in 0.0006 seconds. Added 1 classes and 2 folders.
[2020.01.20-16.35.47:873][  0]LogSlate: Took 0.000230 seconds to synchronously load lazily loaded font '../../../Engine/Content/Slate/Fonts/Roboto-Regular.ttf' (155K)
[2020.01.20-16.35.47:875][  0]LogSlate: Took 0.000205 seconds to synchronously load lazily loaded font '../../../Engine/Content/Slate/Fonts/Roboto-Bold.ttf' (160K)
[2020.01.20-16.35.47:881][  0]LogSlate: Took 0.000185 seconds to synchronously load lazily loaded font '../../../Engine/Content/Editor/Slate/Fonts/FontAwesome.ttf' (139K)
[2020.01.20-16.35.47:941][  0]LogRenderer: Reallocating scene render targets to support 1208x600 Format 10 NumSamples 1 (Frame:1).
[2020.01.20-16.35.48:103][  0]LogContentBrowser: Native class hierarchy updated for 'HierarchicalLODOutliner' in 0.0004 seconds. Added 0 classes and 0 folders.
[2020.01.20-16.35.48:103][  0]LogLoad: (Engine Initialization) Total time: 8.55 seconds
[2020.01.20-16.35.48:103][  0]LogLoad: (Engine Initialization) Total Blueprint compile time: 0.00 seconds
[2020.01.20-16.35.48:170][  0]LogAssetRegistry: Asset discovery search completed in 4.6085 seconds
[2020.01.20-16.35.48:173][  0]LogCollectionManager: Rebuilt the object cache for 0 collections in 0.000003 seconds (found 0 objects)
[2020.01.20-16.35.48:173][  0]LogCollectionManager: Fixed up redirectors for 0 collections in 0.000131 seconds (updated 0 objects)
[2020.01.20-16.35.48:175][  0]LogContentStreaming: Texture pool size now 1000 MB
[2020.01.20-16.35.48:190][  0]LogSlate: Took 0.000148 seconds to synchronously load lazily loaded font '../../../Engine/Content/Slate/Fonts/Roboto-Light.ttf' (167K)
[2020.01.20-16.35.48:316][  2]LogActor: Warning: BP_Heart_C /Engine/Transient.World_1:PersistentLevel.BP_Heart_C_0 has natively added scene component(s), but none of them were set as the actor's RootComponent - picking one arbitrarily
[2020.01.20-16.35.48:990][ 72]LogSlate: FSceneViewport::OnFocusLost() reason 0
[2020.01.20-16.35.49:066][ 81]LogTemp: Repeating last play command: Selected Viewport
[2020.01.20-16.35.49:075][ 81]LogBlueprintUserMessages: Early PlayInEditor Detection: Level '/Game/Levels/CondensedLevel.CondensedLevel:PersistentLevel' has LevelScriptBlueprint '/Game/Levels/CondensedLevel.CondensedLevel:PersistentLevel.CondensedLevel' with GeneratedClass '/Game/Levels/CondensedLevel.CondensedLevel_C' with ClassGeneratedBy '/Game/Levels/CondensedLevel.CondensedLevel:PersistentLevel.CondensedLevel'
[2020.01.20-16.35.49:075][ 81]LogPlayLevel: PlayLevel: No blueprints needed recompiling
[2020.01.20-16.35.49:076][ 81]PIE: New page: PIE session: CondensedLevel (Jan 20, 2020, 6:35:49 AM)
[2020.01.20-16.35.49:077][ 81]LogOnline: OSS: Creating online subsystem instance for: NULL
[2020.01.20-16.35.49:079][ 81]LogPlayLevel: Creating play world package: /Game/Levels/UEDPIE_0_CondensedLevel
[2020.01.20-16.35.49:087][ 81]LogPlayLevel: PIE: StaticDuplicateObject took: (0.008550s)
[2020.01.20-16.35.49:088][ 81]LogAIModule: Creating AISystem for world CondensedLevel
[2020.01.20-16.35.49:088][ 81]LogPlayLevel: PIE: World Init took: (0.001327s)
[2020.01.20-16.35.49:088][ 81]LogPlayLevel: PIE: Created PIE world by copying editor world from /Game/Levels/CondensedLevel.CondensedLevel to /Game/Levels/UEDPIE_0_CondensedLevel.CondensedLevel (0.010459s)
[2020.01.20-16.35.49:109][ 81]LogUObjectHash: Compacting FUObjectHashTables data took   1.27ms
[2020.01.20-16.35.49:123][ 81]LogInit: XAudio2 using 'Speakers (Bose Revolve SoundLink)' : 2 channels at 48 kHz using 16 bits per sample (channel mask 0x3)
[2020.01.20-16.35.49:135][ 81]LogInit: FAudioDevice initialized.
[2020.01.20-16.35.49:147][ 81]LogLoad: Game class is 'BP_GameMode_C'
[2020.01.20-16.35.49:152][ 81]LogWorld: Bringing World /Game/Levels/UEDPIE_0_CondensedLevel.CondensedLevel up for play (max tick rate 0) at 2020.01.20-11.35.49
[2020.01.20-16.35.49:153][ 81]LogWorld: Bringing up level for play took: 0.004794
[2020.01.20-16.35.49:154][ 81]LogOnline: OSS: Creating online subsystem instance for: :Context_5
[2020.01.20-16.35.49:161][ 81]LogContentBrowser: Native class hierarchy updated for 'MovieSceneCapture' in 0.0003 seconds. Added 20 classes and 0 folders.
[2020.01.20-16.35.49:162][ 81]LogActor: Warning: BP_Camera_C /Game/Levels/UEDPIE_0_CondensedLevel.CondensedLevel:PersistentLevel.BP_Camera_C_0 has natively added scene component(s), but none of them were set as the actor's RootComponent - picking one arbitrarily
[2020.01.20-16.35.49:163][ 81]LogPlayerManagement: Error: Failed to Create Player: A local player already exists for controller ID 0,
[2020.01.20-16.35.49:164][ 81]LogSlate: New Slate User Created.  User Index 1, Is Virtual User: 0
[2020.01.20-16.35.49:164][ 81]LogSlate: Slate User Registered.  User Index 1, Is Virtual User: 0
[2020.01.20-16.35.49:167][ 81]LogSlate: New Slate User Created.  User Index 2, Is Virtual User: 0
[2020.01.20-16.35.49:167][ 81]LogSlate: Slate User Registered.  User Index 2, Is Virtual User: 0
[2020.01.20-16.35.49:168][ 81]LogSlate: New Slate User Created.  User Index 3, Is Virtual User: 0
[2020.01.20-16.35.49:169][ 81]LogSlate: Slate User Registered.  User Index 3, Is Virtual User: 0
[2020.01.20-16.35.49:171][ 81]PIE: Play in editor start time for /Game/Levels/UEDPIE_0_CondensedLevel 0.24
[2020.01.20-16.35.49:172][ 81]LogBlueprintUserMessages: Late PlayInEditor Detection: Level '/Game/Levels/CondensedLevel.CondensedLevel:PersistentLevel' has LevelScriptBlueprint '/Game/Levels/CondensedLevel.CondensedLevel:PersistentLevel.CondensedLevel' with GeneratedClass '/Game/Levels/CondensedLevel.CondensedLevel_C' with ClassGeneratedBy '/Game/Levels/CondensedLevel.CondensedLevel:PersistentLevel.CondensedLevel'
