Log file open, 12/08/19 19:03:30
LogWindows: Failed to load 'aqProf.dll' (GetLastError=126)
LogWindows: File 'aqProf.dll' does not exist
LogWindows: Failed to load 'VtuneApi.dll' (GetLastError=126)
LogWindows: File 'VtuneApi.dll' does not exist
LogWindows: Failed to load 'VtuneApi32e.dll' (GetLastError=126)
LogWindows: File 'VtuneApi32e.dll' does not exist
LogConsoleResponse: Display: Failed to find resolution value strings in scalability ini. Falling back to default.
LogInit: Display: Running engine for game: Stolenmates
LogPlatformFile: Not using cached read wrapper
LogTaskGraph: Started task graph with 5 named threads and 20 total threads with 3 sets of task threads.
LogStats: Stats thread started at 2.997673
LogD3D11RHI: Loaded GFSDK_Aftermath_Lib.x64.dll
LogICUInternationalization: ICU TimeZone Detection - Raw Offset: -5:00, Platform Override: ''
LogPluginManager: Mounting plugin Paper2D
LogPluginManager: Mounting plugin AISupport
LogPluginManager: Mounting plugin LightPropagationVolume
LogPluginManager: Mounting plugin ActorLayerUtilities
LogPluginManager: Mounting plugin AnimationSharing
LogPluginManager: Mounting plugin CLionSourceCodeAccess
LogPluginManager: Mounting plugin CodeLiteSourceCodeAccess
LogPluginManager: Mounting plugin GitSourceControl
LogPluginManager: Mounting plugin KDevelopSourceCodeAccess
LogPluginManager: Mounting plugin NullSourceCodeAccess
LogPluginManager: Mounting plugin PerforceSourceControl
LogPluginManager: Mounting plugin SubversionSourceControl
LogPluginManager: Mounting plugin UObjectPlugin
LogPluginManager: Mounting plugin VisualStudioCodeSourceCodeAccess
LogPluginManager: Mounting plugin VisualStudioSourceCodeAccess
LogPluginManager: Mounting plugin XCodeSourceCodeAccess
LogPluginManager: Mounting plugin AssetManagerEditor
LogPluginManager: Mounting plugin CryptoKeys
LogPluginManager: Mounting plugin CurveEditorTools
LogPluginManager: Mounting plugin DataValidation
LogPluginManager: Mounting plugin FacialAnimation
LogPluginManager: Mounting plugin GameplayTagsEditor
LogPluginManager: Mounting plugin MacGraphicsSwitching
LogPluginManager: Mounting plugin MaterialAnalyzer
LogPluginManager: Mounting plugin MobileLauncherProfileWizard
LogPluginManager: Mounting plugin PluginBrowser
LogPluginManager: Mounting plugin SpeedTreeImporter
LogPluginManager: Mounting plugin DatasmithContent
LogPluginManager: Mounting plugin VariantManagerContent
LogPluginManager: Mounting plugin AlembicImporter
LogPluginManager: Mounting plugin AutomationUtils
LogPluginManager: Mounting plugin BackChannel
LogPluginManager: Mounting plugin CharacterAI
LogPluginManager: Mounting plugin GeometryCache
LogPluginManager: Mounting plugin HTML5Networking
LogPluginManager: Mounting plugin PlatformCrypto
LogPluginManager: Mounting plugin ProxyLODPlugin
LogPluginManager: Mounting plugin SkeletalReduction
LogPluginManager: Mounting plugin MagicLeap
LogPluginManager: Mounting plugin MagicLeapMedia
LogPluginManager: Mounting plugin AndroidMedia
LogPluginManager: Mounting plugin AvfMedia
LogPluginManager: Mounting plugin ImgMedia
LogPluginManager: Mounting plugin MediaCompositing
LogPluginManager: Mounting plugin MediaPlayerEditor
LogPluginManager: Mounting plugin WebMMedia
LogPluginManager: Mounting plugin WmfMedia
LogPluginManager: Mounting plugin TcpMessaging
LogPluginManager: Mounting plugin UdpMessaging
LogPluginManager: Mounting plugin ActorSequence
LogPluginManager: Mounting plugin LevelSequenceEditor
LogPluginManager: Mounting plugin MatineeToLevelSequence
LogPluginManager: Mounting plugin NetcodeUnitTest
LogPluginManager: Mounting plugin NUTUnrealEngine4
LogPluginManager: Mounting plugin OnlineSubsystemGooglePlay
LogPluginManager: Mounting plugin OnlineSubsystemIOS
LogPluginManager: Mounting plugin OnlineSubsystem
LogPluginManager: Mounting plugin OnlineSubsystemNull
LogPluginManager: Mounting plugin OnlineSubsystemUtils
LogPluginManager: Mounting plugin LauncherChunkInstaller
LogPluginManager: Mounting plugin AndroidDeviceProfileSelector
LogPluginManager: Mounting plugin AndroidMoviePlayer
LogPluginManager: Mounting plugin AndroidPermission
LogPluginManager: Mounting plugin AppleImageUtils
LogPluginManager: Mounting plugin AppleMoviePlayer
LogPluginManager: Mounting plugin ArchVisCharacter
LogPluginManager: Mounting plugin AudioCapture
LogPluginManager: Mounting plugin CableComponent
LogPluginManager: Mounting plugin CustomMeshComponent
LogPluginManager: Mounting plugin EditableMesh
LogPluginManager: Mounting plugin ExampleDeviceProfileSelector
LogPluginManager: Mounting plugin GoogleCloudMessaging
LogPluginManager: Mounting plugin IOSDeviceProfileSelector
LogPluginManager: Mounting plugin LinuxDeviceProfileSelector
LogPluginManager: Mounting plugin LocationServicesBPLibrary
LogPluginManager: Mounting plugin MobilePatchingUtils
LogPluginManager: Mounting plugin OculusVR
LogPluginManager: Mounting plugin PhysXVehicles
LogPluginManager: Mounting plugin ProceduralMeshComponent
LogPluginManager: Mounting plugin RuntimePhysXCooking
LogPluginManager: Mounting plugin SignificanceManager
LogPluginManager: Mounting plugin SteamVR
LogPluginManager: Mounting plugin WebMMoviePlayer
LogPluginManager: Mounting plugin WindowsMoviePlayer
LogPluginManager: Mounting plugin ScreenshotTools
LogInit: Using libcurl 7.55.1-DEV
LogInit:  - built for x86_64-pc-win32
LogInit:  - supports SSL with OpenSSL/1.1.1
LogInit:  - supports HTTP deflate (compression) using libz 1.2.8
LogInit:  - other features:
LogInit:      CURL_VERSION_SSL
LogInit:      CURL_VERSION_LIBZ
LogInit:      CURL_VERSION_IPV6
LogInit:      CURL_VERSION_ASYNCHDNS
LogInit:      CURL_VERSION_LARGEFILE
LogInit:      CURL_VERSION_IDN
LogInit:  CurlRequestOptions (configurable via config and command line):
LogInit:  - bVerifyPeer = true  - Libcurl will verify peer certificate
LogInit:  - bUseHttpProxy = false  - Libcurl will NOT use HTTP proxy
LogInit:  - bDontReuseConnections = false  - Libcurl will reuse connections
LogInit:  - MaxHostConnections = 16  - Libcurl will limit the number of connections to a host
LogInit:  - LocalHostAddr = Default
LogInit:  - BufferSize = 65536
LogOnline: OSS: Creating online subsystem instance for: NULL
LogInit: WinSock: version 1.1 (2.2), MaxSocks=32767, MaxUdp=65467
LogInit: Build: ++UE4+Release-4.23-CL-9631420
LogInit: Engine Version: 4.23.1-9631420+++UE4+Release-4.23
LogInit: Compatible Engine Version: 4.23.0-8386587+++UE4+Release-4.23
LogInit: Net CL: 8386587
LogInit: OS: Windows 10 (Release 1903) (), CPU: Intel(R) Core(TM) i5-8500 CPU @ 3.00GHz, GPU: Radeon Pro 570X
LogInit: Compiled (64-bit): Oct 18 2019 02:07:44
LogInit: Compiled with Visual C++: 19.16.27030.01
LogInit: Build Configuration: Development
LogInit: Branch Name: ++UE4+Release-4.23
LogInit: Command Line:  -skipcompile
LogInit: Base Directory: C:/Program Files/Epic Games/UE_4.23/Engine/Binaries/Win64/
LogInit: Installed Engine Build: 1
LogDevObjectVersion: Number of dev versions registered: 23
LogDevObjectVersion:   Dev-Blueprints (B0D832E4-1F89-4F0D-ACCF-7EB736FD4AA2): 10
LogDevObjectVersion:   Dev-Build (E1C64328-A22C-4D53-A36C-8E866417BD8C): 0
LogDevObjectVersion:   Dev-Core (375EC13C-06E4-48FB-B500-84F0262A717E): 3
LogDevObjectVersion:   Dev-Editor (E4B068ED-F494-42E9-A231-DA0B2E46BB41): 34
LogDevObjectVersion:   Dev-Framework (CFFC743F-43B0-4480-9391-14DF171D2073): 35
LogDevObjectVersion:   Dev-Mobile (B02B49B5-BB20-44E9-A304-32B752E40360): 2
LogDevObjectVersion:   Dev-Networking (A4E4105C-59A1-49B5-A7C5-40C4547EDFEE): 0
LogDevObjectVersion:   Dev-Online (39C831C9-5AE6-47DC-9A44-9C173E1C8E7C): 0
LogDevObjectVersion:   Dev-Physics (78F01B33-EBEA-4F98-B9B4-84EACCB95AA2): 0
LogDevObjectVersion:   Dev-Platform (6631380F-2D4D-43E0-8009-CF276956A95A): 0
LogDevObjectVersion:   Dev-Rendering (12F88B9F-8875-4AFC-A67C-D90C383ABD29): 31
LogDevObjectVersion:   Dev-Sequencer (7B5AE74C-D270-4C10-A958-57980B212A5A): 11
LogDevObjectVersion:   Dev-VR (D7296918-1DD6-4BDD-9DE2-64A83CC13884): 2
LogDevObjectVersion:   Dev-LoadTimes (C2A15278-BFE7-4AFE-6C17-90FF531DF755): 1
LogDevObjectVersion:   Private-Geometry (6EACA3D4-40EC-4CC1-B786-8BED09428FC5): 3
LogDevObjectVersion:   Dev-AnimPhys (29E575DD-E0A3-4627-9D10-D276232CDCEA): 17
LogDevObjectVersion:   Dev-Anim (AF43A65D-7FD3-4947-9873-3E8ED9C1BB05): 2
LogDevObjectVersion:   Dev-ReflectionCapture (6B266CEC-1EC7-4B8F-A30B-E4D90942FC07): 1
LogDevObjectVersion:   Dev-Automation (0DF73D61-A23F-47EA-B727-89E90C41499A): 1
LogDevObjectVersion:   FortniteMain (601D1886-AC64-4F84-AA16-D3DE0DEAC7D6): 27
LogDevObjectVersion:   Dev-Enterprise (9DFFBCD6-494F-0158-E221-12823C92A888): 6
LogDevObjectVersion:   Dev-Niagara (F2AED0AC-9AFE-416F-8664-AA7FFA26D6FC): 1
LogDevObjectVersion:   Dev-Destruction (174F1F0B-B4C6-45A5-B13F-2EE8D0FB917D): 9
LogInit: Presizing for max 16777216 objects, including 0 objects not considered by GC, pre-allocating 0 bytes for permanent pool.
LogInit: Object subsystem initialized
LogConfig: Setting CVar [[con.DebugEarlyDefault:1]]
LogConfig: Setting CVar [[r.setres:1280x720]]
[2019.12.09-00.03.34:502][  0]LogConfig: Setting CVar [[r.VSync:0]]
[2019.12.09-00.03.34:502][  0]LogConfig: Setting CVar [[r.RHICmdBypass:0]]
[2019.12.09-00.03.34:519][  0]LogConfig: Applying CVar settings from Section [/Script/Engine.RendererSettings] File [C:/GitHub/Stolemates/Stolenmates/Saved/Config/Windows/Engine.ini]
[2019.12.09-00.03.34:520][  0]LogConfig: Setting CVar [[r.GPUCrashDebugging:0]]
[2019.12.09-00.03.34:520][  0]LogConfig: Setting CVar [[r.DefaultFeature.AutoExposure.ExtendDefaultLuminanceRange:1]]
[2019.12.09-00.03.34:520][  0]LogConfig: Applying CVar settings from Section [/Script/Engine.RendererOverrideSettings] File [C:/GitHub/Stolemates/Stolenmates/Saved/Config/Windows/Engine.ini]
[2019.12.09-00.03.34:520][  0]LogConfig: Applying CVar settings from Section [/Script/Engine.StreamingSettings] File [C:/GitHub/Stolemates/Stolenmates/Saved/Config/Windows/Engine.ini]
[2019.12.09-00.03.34:521][  0]LogConfig: Setting CVar [[s.MinBulkDataSizeForAsyncLoading:131072]]
[2019.12.09-00.03.34:521][  0]LogConfig: Setting CVar [[s.AsyncLoadingThreadEnabled:0]]
[2019.12.09-00.03.34:521][  0]LogConfig: Setting CVar [[s.EventDrivenLoaderEnabled:1]]
[2019.12.09-00.03.34:521][  0]LogConfig: Setting CVar [[s.WarnIfTimeLimitExceeded:0]]
[2019.12.09-00.03.34:521][  0]LogConfig: Setting CVar [[s.TimeLimitExceededMultiplier:1.5]]
[2019.12.09-00.03.34:522][  0]LogConfig: Setting CVar [[s.TimeLimitExceededMinTime:0.005]]
[2019.12.09-00.03.34:522][  0]LogConfig: Setting CVar [[s.UseBackgroundLevelStreaming:1]]
[2019.12.09-00.03.34:522][  0]LogConfig: Setting CVar [[s.PriorityAsyncLoadingExtraTime:15.0]]
[2019.12.09-00.03.34:522][  0]LogConfig: Setting CVar [[s.LevelStreamingActorsUpdateTimeLimit:5.0]]
[2019.12.09-00.03.34:522][  0]LogConfig: Setting CVar [[s.PriorityLevelStreamingActorsUpdateExtraTime:5.0]]
[2019.12.09-00.03.34:523][  0]LogConfig: Setting CVar [[s.LevelStreamingComponentsRegistrationGranularity:10]]
[2019.12.09-00.03.34:523][  0]LogConfig: Setting CVar [[s.UnregisterComponentsTimeLimit:1.0]]
[2019.12.09-00.03.34:523][  0]LogConfig: Setting CVar [[s.LevelStreamingComponentsUnregistrationGranularity:5]]
[2019.12.09-00.03.34:523][  0]LogConfig: Applying CVar settings from Section [/Script/Engine.GarbageCollectionSettings] File [C:/GitHub/Stolemates/Stolenmates/Saved/Config/Windows/Engine.ini]
[2019.12.09-00.03.34:524][  0]LogConfig: Setting CVar [[gc.MaxObjectsNotConsideredByGC:1]]
[2019.12.09-00.03.34:524][  0]LogConfig: Setting CVar [[gc.SizeOfPermanentObjectPool:0]]
[2019.12.09-00.03.34:524][  0]LogConfig: Setting CVar [[gc.FlushStreamingOnGC:0]]
[2019.12.09-00.03.34:524][  0]LogConfig: Setting CVar [[gc.NumRetriesBeforeForcingGC:10]]
[2019.12.09-00.03.34:525][  0]LogConfig: Setting CVar [[gc.AllowParallelGC:1]]
[2019.12.09-00.03.34:525][  0]LogConfig: Setting CVar [[gc.TimeBetweenPurgingPendingKillObjects:61.1]]
[2019.12.09-00.03.34:525][  0]LogConfig: Setting CVar [[gc.MaxObjectsInEditor:16777216]]
[2019.12.09-00.03.34:525][  0]LogConfig: Setting CVar [[gc.IncrementalBeginDestroyEnabled:1]]
[2019.12.09-00.03.34:525][  0]LogConfig: Setting CVar [[gc.CreateGCClusters:1]]
[2019.12.09-00.03.34:525][  0]LogConfig: Setting CVar [[gc.MinGCClusterSize:5]]
[2019.12.09-00.03.34:526][  0]LogConfig: Setting CVar [[gc.ActorClusteringEnabled:0]]
[2019.12.09-00.03.34:526][  0]LogConfig: Setting CVar [[gc.BlueprintClusteringEnabled:0]]
[2019.12.09-00.03.34:526][  0]LogConfig: Setting CVar [[gc.UseDisregardForGCOnDedicatedServers:0]]
[2019.12.09-00.03.34:526][  0]LogConfig: Applying CVar settings from Section [/Script/Engine.NetworkSettings] File [C:/GitHub/Stolemates/Stolenmates/Saved/Config/Windows/Engine.ini]
[2019.12.09-00.03.34:527][  0]LogConfig: Applying CVar settings from Section [/Script/UnrealEd.CookerSettings] File [C:/GitHub/Stolemates/Stolenmates/Saved/Config/Windows/Engine.ini]
[2019.12.09-00.03.34:601][  0]LogConfig: Applying CVar settings from Section [ViewDistanceQuality@3] File [C:/GitHub/Stolemates/Stolenmates/Saved/Config/Windows/Scalability.ini]
[2019.12.09-00.03.34:602][  0]LogConfig: Setting CVar [[r.SkeletalMeshLODBias:0]]
[2019.12.09-00.03.34:602][  0]LogConfig: Setting CVar [[r.ViewDistanceScale:1.0]]
[2019.12.09-00.03.34:602][  0]LogConfig: Applying CVar settings from Section [AntiAliasingQuality@3] File [C:/GitHub/Stolemates/Stolenmates/Saved/Config/Windows/Scalability.ini]
[2019.12.09-00.03.34:602][  0]LogConfig: Setting CVar [[r.PostProcessAAQuality:4]]
[2019.12.09-00.03.34:602][  0]LogConfig: Applying CVar settings from Section [ShadowQuality@3] File [C:/GitHub/Stolemates/Stolenmates/Saved/Config/Windows/Scalability.ini]
[2019.12.09-00.03.34:602][  0]LogConfig: Setting CVar [[r.LightFunctionQuality:1]]
[2019.12.09-00.03.34:602][  0]LogConfig: Setting CVar [[r.ShadowQuality:5]]
[2019.12.09-00.03.34:602][  0]LogConfig: Setting CVar [[r.Shadow.CSM.MaxCascades:10]]
[2019.12.09-00.03.34:602][  0]LogConfig: Setting CVar [[r.Shadow.MaxResolution:2048]]
[2019.12.09-00.03.34:603][  0]LogConfig: Setting CVar [[r.Shadow.MaxCSMResolution:2048]]
[2019.12.09-00.03.34:603][  0]LogConfig: Setting CVar [[r.Shadow.RadiusThreshold:0.01]]
[2019.12.09-00.03.34:603][  0]LogConfig: Setting CVar [[r.Shadow.DistanceScale:1.0]]
[2019.12.09-00.03.34:603][  0]LogConfig: Setting CVar [[r.Shadow.CSM.TransitionScale:1.0]]
[2019.12.09-00.03.34:603][  0]LogConfig: Setting CVar [[r.Shadow.PreShadowResolutionFactor:1.0]]
[2019.12.09-00.03.34:603][  0]LogConfig: Setting CVar [[r.DistanceFieldShadowing:1]]
[2019.12.09-00.03.34:603][  0]LogConfig: Setting CVar [[r.DistanceFieldAO:1]]
[2019.12.09-00.03.34:603][  0]LogConfig: Setting CVar [[r.AOQuality:2]]
[2019.12.09-00.03.34:603][  0]LogConfig: Setting CVar [[r.VolumetricFog:1]]
[2019.12.09-00.03.34:604][  0]LogConfig: Setting CVar [[r.VolumetricFog.GridPixelSize:8]]
[2019.12.09-00.03.34:604][  0]LogConfig: Setting CVar [[r.VolumetricFog.GridSizeZ:128]]
[2019.12.09-00.03.34:604][  0]LogConfig: Setting CVar [[r.VolumetricFog.HistoryMissSupersampleCount:4]]
[2019.12.09-00.03.34:604][  0]LogConfig: Setting CVar [[r.LightMaxDrawDistanceScale:1]]
[2019.12.09-00.03.34:604][  0]LogConfig: Setting CVar [[r.CapsuleShadows:1]]
[2019.12.09-00.03.34:604][  0]LogConfig: Applying CVar settings from Section [PostProcessQuality@3] File [C:/GitHub/Stolemates/Stolenmates/Saved/Config/Windows/Scalability.ini]
[2019.12.09-00.03.34:604][  0]LogConfig: Setting CVar [[r.MotionBlurQuality:4]]
[2019.12.09-00.03.34:604][  0]LogConfig: Setting CVar [[r.AmbientOcclusionMipLevelFactor:0.4]]
[2019.12.09-00.03.34:604][  0]LogConfig: Setting CVar [[r.AmbientOcclusionMaxQuality:100]]
[2019.12.09-00.03.34:605][  0]LogConfig: Setting CVar [[r.AmbientOcclusionLevels:-1]]
[2019.12.09-00.03.34:605][  0]LogConfig: Setting CVar [[r.AmbientOcclusionRadiusScale:1.0]]
[2019.12.09-00.03.34:605][  0]LogConfig: Setting CVar [[r.DepthOfFieldQuality:2]]
[2019.12.09-00.03.34:605][  0]LogConfig: Setting CVar [[r.RenderTargetPoolMin:400]]
[2019.12.09-00.03.34:605][  0]LogConfig: Setting CVar [[r.LensFlareQuality:2]]
[2019.12.09-00.03.34:605][  0]LogConfig: Setting CVar [[r.SceneColorFringeQuality:1]]
[2019.12.09-00.03.34:605][  0]LogConfig: Setting CVar [[r.EyeAdaptationQuality:2]]
[2019.12.09-00.03.34:605][  0]LogConfig: Setting CVar [[r.BloomQuality:5]]
[2019.12.09-00.03.34:605][  0]LogConfig: Setting CVar [[r.FastBlurThreshold:100]]
[2019.12.09-00.03.34:605][  0]LogConfig: Setting CVar [[r.Upscale.Quality:3]]
[2019.12.09-00.03.34:606][  0]LogConfig: Setting CVar [[r.Tonemapper.GrainQuantization:1]]
[2019.12.09-00.03.34:606][  0]LogConfig: Setting CVar [[r.LightShaftQuality:1]]
[2019.12.09-00.03.34:606][  0]LogConfig: Setting CVar [[r.Filter.SizeScale:1]]
[2019.12.09-00.03.34:606][  0]LogConfig: Setting CVar [[r.Tonemapper.Quality:5]]
[2019.12.09-00.03.34:606][  0]LogConfig: Setting CVar [[r.DOF.Gather.AccumulatorQuality:1        ; higher gathering accumulator quality]]
[2019.12.09-00.03.34:606][  0]LogConfig: Setting CVar [[r.DOF.Gather.PostfilterMethod:1          ; Median3x3 postfilering method]]
[2019.12.09-00.03.34:606][  0]LogConfig: Setting CVar [[r.DOF.Gather.EnableBokehSettings:0       ; no bokeh simulation when gathering]]
[2019.12.09-00.03.34:607][  0]LogConfig: Setting CVar [[r.DOF.Gather.RingCount:4                 ; medium number of samples when gathering]]
[2019.12.09-00.03.34:607][  0]LogConfig: Setting CVar [[r.DOF.Scatter.ForegroundCompositing:1    ; additive foreground scattering]]
[2019.12.09-00.03.34:607][  0]LogConfig: Setting CVar [[r.DOF.Scatter.BackgroundCompositing:2    ; additive background scattering]]
[2019.12.09-00.03.34:607][  0]LogConfig: Setting CVar [[r.DOF.Scatter.EnableBokehSettings:1      ; bokeh simulation when scattering]]
[2019.12.09-00.03.34:607][  0]LogConfig: Setting CVar [[r.DOF.Scatter.MaxSpriteRatio:0.1         ; only a maximum of 10% of scattered bokeh]]
[2019.12.09-00.03.34:607][  0]LogConfig: Setting CVar [[r.DOF.Recombine.Quality:1                ; cheap slight out of focus]]
[2019.12.09-00.03.34:607][  0]LogConfig: Setting CVar [[r.DOF.Recombine.EnableBokehSettings:0    ; no bokeh simulation on slight out of focus]]
[2019.12.09-00.03.34:607][  0]LogConfig: Setting CVar [[r.DOF.TemporalAAQuality:1                ; more stable temporal accumulation]]
[2019.12.09-00.03.34:607][  0]LogConfig: Setting CVar [[r.DOF.Kernel.MaxForegroundRadius:0.025]]
[2019.12.09-00.03.34:607][  0]LogConfig: Setting CVar [[r.DOF.Kernel.MaxBackgroundRadius:0.025]]
[2019.12.09-00.03.34:608][  0]LogConfig: Applying CVar settings from Section [TextureQuality@3] File [C:/GitHub/Stolemates/Stolenmates/Saved/Config/Windows/Scalability.ini]
[2019.12.09-00.03.34:608][  0]LogConfig: Setting CVar [[r.Streaming.MipBias:0]]
[2019.12.09-00.03.34:608][  0]LogConfig: Setting CVar [[r.Streaming.AmortizeCPUToGPUCopy:0]]
[2019.12.09-00.03.34:608][  0]LogConfig: Setting CVar [[r.Streaming.MaxNumTexturesToStreamPerFrame:0]]
[2019.12.09-00.03.34:608][  0]LogConfig: Setting CVar [[r.Streaming.Boost:1]]
[2019.12.09-00.03.34:608][  0]LogConfig: Setting CVar [[r.MaxAnisotropy:8]]
[2019.12.09-00.03.34:608][  0]LogConfig: Setting CVar [[r.Streaming.LimitPoolSizeToVRAM:0]]
[2019.12.09-00.03.34:609][  0]LogConfig: Setting CVar [[r.Streaming.PoolSize:1000]]
[2019.12.09-00.03.34:609][  0]LogConfig: Setting CVar [[r.Streaming.MaxEffectiveScreenSize:0]]
[2019.12.09-00.03.34:609][  0]LogConfig: Applying CVar settings from Section [EffectsQuality@3] File [C:/GitHub/Stolemates/Stolenmates/Saved/Config/Windows/Scalability.ini]
[2019.12.09-00.03.34:609][  0]LogConfig: Setting CVar [[r.TranslucencyLightingVolumeDim:64]]
[2019.12.09-00.03.34:609][  0]LogConfig: Setting CVar [[r.RefractionQuality:2]]
[2019.12.09-00.03.34:609][  0]LogConfig: Setting CVar [[r.SSR.Quality:3]]
[2019.12.09-00.03.34:609][  0]LogConfig: Setting CVar [[r.SceneColorFormat:4]]
[2019.12.09-00.03.34:609][  0]LogConfig: Setting CVar [[r.DetailMode:2]]
[2019.12.09-00.03.34:609][  0]LogConfig: Setting CVar [[r.TranslucencyVolumeBlur:1]]
[2019.12.09-00.03.34:609][  0]LogConfig: Setting CVar [[r.MaterialQualityLevel:1 ; High quality]]
[2019.12.09-00.03.34:610][  0]LogConfig: Setting CVar [[r.SSS.Scale:1]]
[2019.12.09-00.03.34:610][  0]LogConfig: Setting CVar [[r.SSS.SampleSet:2]]
[2019.12.09-00.03.34:610][  0]LogConfig: Setting CVar [[r.SSS.Quality:1]]
[2019.12.09-00.03.34:610][  0]LogConfig: Setting CVar [[r.SSS.HalfRes:1]]
[2019.12.09-00.03.34:610][  0]LogConfig: Setting CVar [[r.EmitterSpawnRateScale:1.0]]
[2019.12.09-00.03.34:610][  0]LogConfig: Setting CVar [[r.ParticleLightQuality:2]]
[2019.12.09-00.03.34:610][  0]LogConfig: Applying CVar settings from Section [FoliageQuality@3] File [C:/GitHub/Stolemates/Stolenmates/Saved/Config/Windows/Scalability.ini]
[2019.12.09-00.03.34:610][  0]LogConfig: Setting CVar [[foliage.DensityScale:1.0]]
[2019.12.09-00.03.34:610][  0]LogConfig: Setting CVar [[grass.DensityScale:1.0]]
[2019.12.09-00.03.34:619][  0]LogInit: Selected Device Profile: [Windows]
[2019.12.09-00.03.34:620][  0]LogInit: Applying CVar settings loaded from the selected device profile: [Windows]
[2019.12.09-00.03.34:685][  0]LogHAL: Display: Platform has ~ 32 GB [34229874688 / 34359738368 / 32], which maps to Largest [LargestMinGB=32, LargerMinGB=12, DefaultMinGB=8, SmallerMinGB=6, SmallestMinGB=0)
[2019.12.09-00.03.34:685][  0]LogInit: Going up to parent DeviceProfile []
[2019.12.09-00.03.34:685][  0]LogConfig: Applying CVar settings from Section [ViewDistanceQuality@3] File [C:/GitHub/Stolemates/Stolenmates/Saved/Config/Windows/Scalability.ini]
[2019.12.09-00.03.34:685][  0]LogConfig: Setting CVar [[r.SkeletalMeshLODBias:0]]
[2019.12.09-00.03.34:686][  0]LogConfig: Setting CVar [[r.ViewDistanceScale:1.0]]
[2019.12.09-00.03.34:686][  0]LogConfig: Applying CVar settings from Section [AntiAliasingQuality@3] File [C:/GitHub/Stolemates/Stolenmates/Saved/Config/Windows/Scalability.ini]
[2019.12.09-00.03.34:686][  0]LogConfig: Setting CVar [[r.PostProcessAAQuality:4]]
[2019.12.09-00.03.34:686][  0]LogConfig: Applying CVar settings from Section [ShadowQuality@3] File [C:/GitHub/Stolemates/Stolenmates/Saved/Config/Windows/Scalability.ini]
[2019.12.09-00.03.34:686][  0]LogConfig: Setting CVar [[r.LightFunctionQuality:1]]
[2019.12.09-00.03.34:686][  0]LogConfig: Setting CVar [[r.ShadowQuality:5]]
[2019.12.09-00.03.34:686][  0]LogConfig: Setting CVar [[r.Shadow.CSM.MaxCascades:10]]
[2019.12.09-00.03.34:686][  0]LogConfig: Setting CVar [[r.Shadow.MaxResolution:2048]]
[2019.12.09-00.03.34:687][  0]LogConfig: Setting CVar [[r.Shadow.MaxCSMResolution:2048]]
[2019.12.09-00.03.34:687][  0]LogConfig: Setting CVar [[r.Shadow.RadiusThreshold:0.01]]
[2019.12.09-00.03.34:687][  0]LogConfig: Setting CVar [[r.Shadow.DistanceScale:1.0]]
[2019.12.09-00.03.34:687][  0]LogConfig: Setting CVar [[r.Shadow.CSM.TransitionScale:1.0]]
[2019.12.09-00.03.34:687][  0]LogConfig: Setting CVar [[r.Shadow.PreShadowResolutionFactor:1.0]]
[2019.12.09-00.03.34:687][  0]LogConfig: Setting CVar [[r.DistanceFieldShadowing:1]]
[2019.12.09-00.03.34:687][  0]LogConfig: Setting CVar [[r.DistanceFieldAO:1]]
[2019.12.09-00.03.34:687][  0]LogConfig: Setting CVar [[r.AOQuality:2]]
[2019.12.09-00.03.34:687][  0]LogConfig: Setting CVar [[r.VolumetricFog:1]]
[2019.12.09-00.03.34:688][  0]LogConfig: Setting CVar [[r.VolumetricFog.GridPixelSize:8]]
[2019.12.09-00.03.34:688][  0]LogConfig: Setting CVar [[r.VolumetricFog.GridSizeZ:128]]
[2019.12.09-00.03.34:688][  0]LogConfig: Setting CVar [[r.VolumetricFog.HistoryMissSupersampleCount:4]]
[2019.12.09-00.03.34:688][  0]LogConfig: Setting CVar [[r.LightMaxDrawDistanceScale:1]]
[2019.12.09-00.03.34:688][  0]LogConfig: Setting CVar [[r.CapsuleShadows:1]]
[2019.12.09-00.03.34:688][  0]LogConfig: Applying CVar settings from Section [PostProcessQuality@3] File [C:/GitHub/Stolemates/Stolenmates/Saved/Config/Windows/Scalability.ini]
[2019.12.09-00.03.34:688][  0]LogConfig: Setting CVar [[r.MotionBlurQuality:4]]
[2019.12.09-00.03.34:689][  0]LogConfig: Setting CVar [[r.AmbientOcclusionMipLevelFactor:0.4]]
[2019.12.09-00.03.34:689][  0]LogConfig: Setting CVar [[r.AmbientOcclusionMaxQuality:100]]
[2019.12.09-00.03.34:689][  0]LogConfig: Setting CVar [[r.AmbientOcclusionLevels:-1]]
[2019.12.09-00.03.34:689][  0]LogConfig: Setting CVar [[r.AmbientOcclusionRadiusScale:1.0]]
[2019.12.09-00.03.34:689][  0]LogConfig: Setting CVar [[r.DepthOfFieldQuality:2]]
[2019.12.09-00.03.34:689][  0]LogConfig: Setting CVar [[r.RenderTargetPoolMin:400]]
[2019.12.09-00.03.34:690][  0]LogConfig: Setting CVar [[r.LensFlareQuality:2]]
[2019.12.09-00.03.34:690][  0]LogConfig: Setting CVar [[r.SceneColorFringeQuality:1]]
[2019.12.09-00.03.34:690][  0]LogConfig: Setting CVar [[r.EyeAdaptationQuality:2]]
[2019.12.09-00.03.34:690][  0]LogConfig: Setting CVar [[r.BloomQuality:5]]
[2019.12.09-00.03.34:690][  0]LogConfig: Setting CVar [[r.FastBlurThreshold:100]]
[2019.12.09-00.03.34:690][  0]LogConfig: Setting CVar [[r.Upscale.Quality:3]]
[2019.12.09-00.03.34:690][  0]LogConfig: Setting CVar [[r.Tonemapper.GrainQuantization:1]]
[2019.12.09-00.03.34:691][  0]LogConfig: Setting CVar [[r.LightShaftQuality:1]]
[2019.12.09-00.03.34:691][  0]LogConfig: Setting CVar [[r.Filter.SizeScale:1]]
[2019.12.09-00.03.34:691][  0]LogConfig: Setting CVar [[r.Tonemapper.Quality:5]]
[2019.12.09-00.03.34:691][  0]LogConfig: Setting CVar [[r.DOF.Gather.AccumulatorQuality:1        ; higher gathering accumulator quality]]
[2019.12.09-00.03.34:691][  0]LogConfig: Setting CVar [[r.DOF.Gather.PostfilterMethod:1          ; Median3x3 postfilering method]]
[2019.12.09-00.03.34:691][  0]LogConfig: Setting CVar [[r.DOF.Gather.EnableBokehSettings:0       ; no bokeh simulation when gathering]]
[2019.12.09-00.03.34:691][  0]LogConfig: Setting CVar [[r.DOF.Gather.RingCount:4                 ; medium number of samples when gathering]]
[2019.12.09-00.03.34:691][  0]LogConfig: Setting CVar [[r.DOF.Scatter.ForegroundCompositing:1    ; additive foreground scattering]]
[2019.12.09-00.03.34:692][  0]LogConfig: Setting CVar [[r.DOF.Scatter.BackgroundCompositing:2    ; additive background scattering]]
[2019.12.09-00.03.34:692][  0]LogConfig: Setting CVar [[r.DOF.Scatter.EnableBokehSettings:1      ; bokeh simulation when scattering]]
[2019.12.09-00.03.34:692][  0]LogConfig: Setting CVar [[r.DOF.Scatter.MaxSpriteRatio:0.1         ; only a maximum of 10% of scattered bokeh]]
[2019.12.09-00.03.34:692][  0]LogConfig: Setting CVar [[r.DOF.Recombine.Quality:1                ; cheap slight out of focus]]
[2019.12.09-00.03.34:692][  0]LogConfig: Setting CVar [[r.DOF.Recombine.EnableBokehSettings:0    ; no bokeh simulation on slight out of focus]]
[2019.12.09-00.03.34:692][  0]LogConfig: Setting CVar [[r.DOF.TemporalAAQuality:1                ; more stable temporal accumulation]]
[2019.12.09-00.03.34:692][  0]LogConfig: Setting CVar [[r.DOF.Kernel.MaxForegroundRadius:0.025]]
[2019.12.09-00.03.34:693][  0]LogConfig: Setting CVar [[r.DOF.Kernel.MaxBackgroundRadius:0.025]]
[2019.12.09-00.03.34:693][  0]LogConfig: Applying CVar settings from Section [TextureQuality@3] File [C:/GitHub/Stolemates/Stolenmates/Saved/Config/Windows/Scalability.ini]
[2019.12.09-00.03.34:693][  0]LogConfig: Setting CVar [[r.Streaming.MipBias:0]]
[2019.12.09-00.03.34:693][  0]LogConfig: Setting CVar [[r.Streaming.AmortizeCPUToGPUCopy:0]]
[2019.12.09-00.03.34:693][  0]LogConfig: Setting CVar [[r.Streaming.MaxNumTexturesToStreamPerFrame:0]]
[2019.12.09-00.03.34:693][  0]LogConfig: Setting CVar [[r.Streaming.Boost:1]]
[2019.12.09-00.03.34:693][  0]LogConfig: Setting CVar [[r.MaxAnisotropy:8]]
[2019.12.09-00.03.34:693][  0]LogConfig: Setting CVar [[r.Streaming.LimitPoolSizeToVRAM:0]]
[2019.12.09-00.03.34:693][  0]LogConfig: Setting CVar [[r.Streaming.PoolSize:1000]]
[2019.12.09-00.03.34:694][  0]LogConfig: Setting CVar [[r.Streaming.MaxEffectiveScreenSize:0]]
[2019.12.09-00.03.34:694][  0]LogConfig: Applying CVar settings from Section [EffectsQuality@3] File [C:/GitHub/Stolemates/Stolenmates/Saved/Config/Windows/Scalability.ini]
[2019.12.09-00.03.34:694][  0]LogConfig: Setting CVar [[r.TranslucencyLightingVolumeDim:64]]
[2019.12.09-00.03.34:694][  0]LogConfig: Setting CVar [[r.RefractionQuality:2]]
[2019.12.09-00.03.34:694][  0]LogConfig: Setting CVar [[r.SSR.Quality:3]]
[2019.12.09-00.03.34:694][  0]LogConfig: Setting CVar [[r.SceneColorFormat:4]]
[2019.12.09-00.03.34:694][  0]LogConfig: Setting CVar [[r.DetailMode:2]]
[2019.12.09-00.03.34:694][  0]LogConfig: Setting CVar [[r.TranslucencyVolumeBlur:1]]
[2019.12.09-00.03.34:695][  0]LogConfig: Setting CVar [[r.MaterialQualityLevel:1 ; High quality]]
[2019.12.09-00.03.34:695][  0]LogConfig: Setting CVar [[r.SSS.Scale:1]]
[2019.12.09-00.03.34:695][  0]LogConfig: Setting CVar [[r.SSS.SampleSet:2]]
[2019.12.09-00.03.34:695][  0]LogConfig: Setting CVar [[r.SSS.Quality:1]]
[2019.12.09-00.03.34:695][  0]LogConfig: Setting CVar [[r.SSS.HalfRes:1]]
[2019.12.09-00.03.34:695][  0]LogConfig: Setting CVar [[r.EmitterSpawnRateScale:1.0]]
[2019.12.09-00.03.34:695][  0]LogConfig: Setting CVar [[r.ParticleLightQuality:2]]
[2019.12.09-00.03.34:696][  0]LogConfig: Applying CVar settings from Section [FoliageQuality@3] File [C:/GitHub/Stolemates/Stolenmates/Saved/Config/Windows/Scalability.ini]
[2019.12.09-00.03.34:696][  0]LogConfig: Setting CVar [[foliage.DensityScale:1.0]]
[2019.12.09-00.03.34:696][  0]LogConfig: Setting CVar [[grass.DensityScale:1.0]]
[2019.12.09-00.03.34:696][  0]LogConfig: Applying CVar settings from Section [Startup] File [../../../Engine/Config/ConsoleVariables.ini]
[2019.12.09-00.03.34:696][  0]LogConfig: Setting CVar [[net.UseAdaptiveNetUpdateFrequency:0]]
[2019.12.09-00.03.34:696][  0]LogConfig: Setting CVar [[p.chaos.AllowCreatePhysxBodies:1]]
[2019.12.09-00.03.34:697][  0]LogConfig: Applying CVar settings from Section [ConsoleVariables] File [C:/GitHub/Stolemates/Stolenmates/Saved/Config/Windows/Engine.ini]
[2019.12.09-00.03.34:731][  0]LogInit: Computer: DESKTOP-62J68M8
[2019.12.09-00.03.34:731][  0]LogInit: User: ec17k
[2019.12.09-00.03.34:731][  0]LogInit: CPU Page size=4096, Cores=6
[2019.12.09-00.03.34:732][  0]LogInit: High frequency timer resolution =10.000000 MHz
[2019.12.09-00.03.34:732][  0]LogMemory: Memory total: Physical=31.9GB (32GB approx)
[2019.12.09-00.03.34:732][  0]LogMemory: Platform Memory Stats for Windows
[2019.12.09-00.03.34:732][  0]LogMemory: Process Physical Memory: 101.90 MB used, 101.90 MB peak
[2019.12.09-00.03.34:732][  0]LogMemory: Process Virtual Memory: 98.72 MB used, 98.72 MB peak
[2019.12.09-00.03.34:732][  0]LogMemory: Physical Memory: 9893.30 MB used,  22750.85 MB free, 32644.15 MB total
[2019.12.09-00.03.34:733][  0]LogMemory: Virtual Memory: 4648.32 MB used,  134213080.00 MB free, 134217728.00 MB total
[2019.12.09-00.03.34:767][  0]LogWindows: WindowsPlatformFeatures enabled
[2019.12.09-00.03.36:339][  0]LogInit: Using OS detected language (en-US).
[2019.12.09-00.03.36:339][  0]LogInit: Using OS detected locale (en-US).
[2019.12.09-00.03.36:343][  0]LogTextLocalizationManager: No specific localization for 'en-US' exists, so the 'en' localization will be used.
[2019.12.09-00.03.37:123][  0]LogInit: Setting process to per monitor DPI aware
[2019.12.09-00.03.37:731][  0]LogSlate: New Slate User Created.  User Index 0, Is Virtual User: 0
[2019.12.09-00.03.37:732][  0]LogSlate: Slate User Registered.  User Index 0, Is Virtual User: 0
[2019.12.09-00.03.38:296][  0]LogHMD: Failed to initialize OpenVR with code 110
[2019.12.09-00.03.38:297][  0]LogD3D11RHI: D3D11 adapters:
[2019.12.09-00.03.38:514][  0]LogD3D11RHI:    0. 'Radeon Pro 570X' (Feature Level 11_0)
[2019.12.09-00.03.38:515][  0]LogD3D11RHI:       4076/0/16322 MB DedicatedVideo/DedicatedSystem/SharedSystem, Outputs:1, VendorId:0x1002
[2019.12.09-00.03.38:547][  0]LogD3D11RHI:    1. 'Microsoft Basic Render Driver' (Feature Level 11_0)
[2019.12.09-00.03.38:547][  0]LogD3D11RHI:       0/0/16322 MB DedicatedVideo/DedicatedSystem/SharedSystem, Outputs:0, VendorId:0x1414
[2019.12.09-00.03.38:547][  0]LogD3D11RHI: Chosen D3D11 Adapter: 0
[2019.12.09-00.03.38:588][  0]LogD3D11RHI: Creating new Direct3DDevice
[2019.12.09-00.03.38:588][  0]LogD3D11RHI:     GPU DeviceId: 0x67df (for the marketing name, search the web for "GPU Device Id")
[2019.12.09-00.03.38:588][  0]LogWindows: EnumDisplayDevices:
[2019.12.09-00.03.38:588][  0]LogWindows:    0. 'Radeon Pro 570X' (P:1 D:1)
[2019.12.09-00.03.38:589][  0]LogWindows:    1. 'Radeon Pro 570X' (P:0 D:0)
[2019.12.09-00.03.38:589][  0]LogWindows:    2. 'Radeon Pro 570X' (P:0 D:0)
[2019.12.09-00.03.38:590][  0]LogWindows:    3. 'Radeon Pro 570X' (P:0 D:0)
[2019.12.09-00.03.38:591][  0]LogWindows:    4. 'Radeon Pro 570X' (P:0 D:0)
[2019.12.09-00.03.38:591][  0]LogWindows:    5. 'Radeon Pro 570X' (P:0 D:0)
[2019.12.09-00.03.38:592][  0]LogWindows:    6. 'Radeon Pro 570X' (P:0 D:0)
[2019.12.09-00.03.38:592][  0]LogWindows:    7. 'Radeon Pro 570X' (P:0 D:0)
[2019.12.09-00.03.38:593][  0]LogWindows: DebugString: FoundDriverCount:8 
[2019.12.09-00.03.38:593][  0]LogD3D11RHI:     Adapter Name: Radeon Pro 570X
[2019.12.09-00.03.38:593][  0]LogD3D11RHI:   Driver Version: Adrenalin 18.50.24 (internal:25.20.15024.4, unified:25.20.15024.4)
[2019.12.09-00.03.38:593][  0]LogD3D11RHI:      Driver Date: 2-19-2019
[2019.12.09-00.03.38:594][  0]LogRHI: Texture pool is 2853 MB (70% of 4076 MB)
[2019.12.09-00.03.38:781][  0]LogD3D11RHI: Async texture creation enabled
[2019.12.09-00.03.38:890][  0]LogD3D11RHI: GPU Timing Frequency: 25.000000 (Debug: 2 1)
[2019.12.09-00.03.39:470][  0]LogTemp: Display: Module 'AllDesktopTargetPlatform' loaded TargetPlatform 'AllDesktop'
[2019.12.09-00.03.39:508][  0]LogTemp: Display: Module 'MacClientTargetPlatform' loaded TargetPlatform 'MacClient'
[2019.12.09-00.03.39:534][  0]LogTemp: Display: Module 'MacNoEditorTargetPlatform' loaded TargetPlatform 'MacNoEditor'
[2019.12.09-00.03.39:553][  0]LogTemp: Display: Module 'MacServerTargetPlatform' loaded TargetPlatform 'MacServer'
[2019.12.09-00.03.39:602][  0]LogTemp: Display: Module 'MacTargetPlatform' loaded TargetPlatform 'Mac'
[2019.12.09-00.03.39:696][  0]LogTemp: Display: Module 'WindowsClientTargetPlatform' loaded TargetPlatform 'WindowsClient'
[2019.12.09-00.03.39:776][  0]LogTemp: Display: Module 'WindowsNoEditorTargetPlatform' loaded TargetPlatform 'WindowsNoEditor'
[2019.12.09-00.03.39:795][  0]LogTemp: Display: Module 'WindowsServerTargetPlatform' loaded TargetPlatform 'WindowsServer'
[2019.12.09-00.03.39:806][  0]LogTemp: Display: Module 'WindowsTargetPlatform' loaded TargetPlatform 'Windows'
[2019.12.09-00.03.39:874][  0]LogTemp: Display: Module 'AndroidTargetPlatform' loaded TargetPlatform 'Android'
[2019.12.09-00.03.39:874][  0]LogTemp: Display: Module 'AndroidTargetPlatform' loaded TargetPlatform 'Android_ASTC'
[2019.12.09-00.03.39:875][  0]LogTemp: Display: Module 'AndroidTargetPlatform' loaded TargetPlatform 'Android_ATC'
[2019.12.09-00.03.39:875][  0]LogTemp: Display: Module 'AndroidTargetPlatform' loaded TargetPlatform 'Android_DXT'
[2019.12.09-00.03.39:875][  0]LogTemp: Display: Module 'AndroidTargetPlatform' loaded TargetPlatform 'Android_ETC1'
[2019.12.09-00.03.39:875][  0]LogTemp: Display: Module 'AndroidTargetPlatform' loaded TargetPlatform 'Android_ETC1a'
[2019.12.09-00.03.39:875][  0]LogTemp: Display: Module 'AndroidTargetPlatform' loaded TargetPlatform 'Android_ETC2'
[2019.12.09-00.03.39:875][  0]LogTemp: Display: Module 'AndroidTargetPlatform' loaded TargetPlatform 'Android_PVRTC'
[2019.12.09-00.03.39:875][  0]LogTemp: Display: Module 'AndroidTargetPlatform' loaded TargetPlatform 'AndroidClient'
[2019.12.09-00.03.39:875][  0]LogTemp: Display: Module 'AndroidTargetPlatform' loaded TargetPlatform 'Android_ASTCClient'
[2019.12.09-00.03.39:875][  0]LogTemp: Display: Module 'AndroidTargetPlatform' loaded TargetPlatform 'Android_ATCClient'
[2019.12.09-00.03.39:875][  0]LogTemp: Display: Module 'AndroidTargetPlatform' loaded TargetPlatform 'Android_DXTClient'
[2019.12.09-00.03.39:875][  0]LogTemp: Display: Module 'AndroidTargetPlatform' loaded TargetPlatform 'Android_ETC1Client'
[2019.12.09-00.03.39:875][  0]LogTemp: Display: Module 'AndroidTargetPlatform' loaded TargetPlatform 'Android_ETC1aClient'
[2019.12.09-00.03.39:875][  0]LogTemp: Display: Module 'AndroidTargetPlatform' loaded TargetPlatform 'Android_ETC2Client'
[2019.12.09-00.03.39:876][  0]LogTemp: Display: Module 'AndroidTargetPlatform' loaded TargetPlatform 'Android_PVRTCClient'
[2019.12.09-00.03.39:876][  0]LogTemp: Display: Module 'AndroidTargetPlatform' loaded TargetPlatform 'Android_Multi'
[2019.12.09-00.03.39:876][  0]LogTemp: Display: Module 'AndroidTargetPlatform' loaded TargetPlatform 'Android_MultiClient'
[2019.12.09-00.03.39:957][  0]LogTemp: Display: Module 'HTML5TargetPlatform' loaded TargetPlatform 'HTML5'
[2019.12.09-00.03.40:076][  0]LogTemp: Display: Module 'IOSTargetPlatform' loaded TargetPlatform 'IOSClient'
[2019.12.09-00.03.40:076][  0]LogTemp: Display: Module 'IOSTargetPlatform' loaded TargetPlatform 'IOS'
[2019.12.09-00.03.40:116][  0]LogTemp: Display: Module 'TVOSTargetPlatform' loaded TargetPlatform 'TVOSClient'
[2019.12.09-00.03.40:116][  0]LogTemp: Display: Module 'TVOSTargetPlatform' loaded TargetPlatform 'TVOS'
[2019.12.09-00.03.40:205][  0]LogTemp: Display: Module 'LinuxClientTargetPlatform' loaded TargetPlatform 'LinuxClient'
[2019.12.09-00.03.40:247][  0]LogTemp: Display: Module 'LinuxNoEditorTargetPlatform' loaded TargetPlatform 'LinuxNoEditor'
[2019.12.09-00.03.40:269][  0]LogTemp: Display: Module 'LinuxServerTargetPlatform' loaded TargetPlatform 'LinuxServer'
[2019.12.09-00.03.40:299][  0]LogTemp: Display: Module 'LinuxTargetPlatform' loaded TargetPlatform 'Linux'
[2019.12.09-00.03.40:344][  0]LogTemp: Display: Module 'LuminTargetPlatform' loaded TargetPlatform 'Lumin'
[2019.12.09-00.03.40:344][  0]LogTemp: Display: Module 'LuminTargetPlatform' loaded TargetPlatform 'LuminClient'
[2019.12.09-00.03.40:344][  0]LogTargetPlatformManager: Display: Building Assets For Windows
[2019.12.09-00.03.40:553][  0]LogAudioDebug: Display: Lib vorbis DLL was dynamically loaded.
[2019.12.09-00.03.41:354][  0]LogShaderCompilers: Guid format shader working directory is 0 characters bigger than the processId version (../../../../../../GitHub/Stolemates/Stolenmates/Intermediate/Shaders/WorkingDirectory/208/).
[2019.12.09-00.03.41:354][  0]LogShaderCompilers: Cleaned the shader compiler working directory 'C:/Users/ec17k/AppData/Local/Temp/UnrealShaderWorkingDir/B1BB3FA0413781CEB1E199BEEE2E770C/'.
[2019.12.09-00.03.41:372][  0]LogXGEController: Cleaning working directory: C:/Users/ec17k/AppData/Local/Temp/UnrealXGEWorkingDir/
[2019.12.09-00.03.41:373][  0]LogXGEController: Cannot use XGE Controller as Incredibuild is not installed on this machine.
[2019.12.09-00.03.41:373][  0]LogShaderCompilers: Cannot use XGE Shader Compiler as Incredibuild is not installed on this machine.
[2019.12.09-00.03.41:373][  0]LogShaderCompilers: Display: Using Local Shader Compiler.
[2019.12.09-00.03.43:328][  0]LogDerivedDataCache: Display: Max Cache Size: 512 MB
[2019.12.09-00.03.44:342][  0]LogDerivedDataCache: Loaded boot cache 1.01s 73MB C:/Users/ec17k/AppData/Local/UnrealEngine/4.23/DerivedDataCache/Boot.ddc.
[2019.12.09-00.03.44:343][  0]LogDerivedDataCache: Display: Loaded Boot cache: C:/Users/ec17k/AppData/Local/UnrealEngine/4.23/DerivedDataCache/Boot.ddc
[2019.12.09-00.03.44:343][  0]LogDerivedDataCache: FDerivedDataBackendGraph:  Pak pak cache file ../../../../../../GitHub/Stolemates/Stolenmates/DerivedDataCache/DDC.ddp not found, will not use a pak cache.
[2019.12.09-00.03.44:344][  0]LogDerivedDataCache: Unable to find inner node Pak for hierarchical cache Hierarchy.
[2019.12.09-00.03.44:344][  0]LogDerivedDataCache: FDerivedDataBackendGraph:  CompressedPak pak cache file ../../../../../../GitHub/Stolemates/Stolenmates/DerivedDataCache/Compressed.ddp not found, will not use a pak cache.
[2019.12.09-00.03.44:345][  0]LogDerivedDataCache: Unable to find inner node CompressedPak for hierarchical cache Hierarchy.
[2019.12.09-00.03.44:407][  0]LogDerivedDataCache: Display: Pak cache opened for reading ../../../Engine/DerivedDataCache/Compressed.ddp.
[2019.12.09-00.03.44:407][  0]LogDerivedDataCache: FDerivedDataBackendGraph:  EnterprisePak pak cache file ../../../Enterprise/DerivedDataCache/Compressed.ddp not found, will not use a pak cache.
[2019.12.09-00.03.44:408][  0]LogDerivedDataCache: Unable to find inner node EnterprisePak for hierarchical cache Hierarchy.
[2019.12.09-00.03.44:428][  0]LogDerivedDataCache: Using Local data cache path C:/Users/ec17k/AppData/Local/UnrealEngine/Common/DerivedDataCache: Writable
[2019.12.09-00.03.44:428][  0]LogDerivedDataCache: Shared data cache path not found in *engine.ini, will not use an Shared cache.
[2019.12.09-00.03.44:428][  0]LogDerivedDataCache: Unable to find inner node Shared for hierarchical cache Hierarchy.
[2019.12.09-00.03.44:476][  0]LogMaterial: Verifying Global Shaders for PCD3D_SM5
[2019.12.09-00.03.44:610][  0]LogSlate: Using FreeType 2.6.0
[2019.12.09-00.03.44:644][  0]LogSlate: SlateFontServices - WITH_FREETYPE: 1, WITH_HARFBUZZ: 1
[2019.12.09-00.03.45:044][  0]LogAssetRegistry: FAssetRegistry took 0.0067 seconds to start up
[2019.12.09-00.03.49:263][  0]LogInit: Selected Device Profile: [Windows]
[2019.12.09-00.03.50:537][  0]LogMeshReduction: Using QuadricMeshReduction for automatic static mesh reduction
[2019.12.09-00.03.50:537][  0]LogMeshReduction: Using SimplygonMeshReduction for automatic skeletal mesh reduction
[2019.12.09-00.03.50:538][  0]LogMeshReduction: Using ProxyLODMeshReduction for automatic mesh merging
[2019.12.09-00.03.50:538][  0]LogMeshReduction: No distributed automatic mesh merging module available
[2019.12.09-00.03.50:538][  0]LogMeshMerging: No distributed automatic mesh merging module available
[2019.12.09-00.03.50:939][  0]LogNetVersion: Stolenmates 1.0.0, NetCL: 8386587, EngineNetVer: 11, GameNetVer: 0 (Checksum: 1334032006)
[2019.12.09-00.03.56:511][  0]LogPackageLocalizationCache: Processed 12 localized package path(s) for 1 prioritized culture(s) in 0.058204 seconds
[2019.12.09-00.03.56:535][  0]LogUObjectArray: 43444 objects as part of root set at end of initial load.
[2019.12.09-00.03.56:536][  0]LogUObjectAllocator: 7548648 out of 0 bytes used by permanent object pool.
[2019.12.09-00.03.56:536][  0]LogUObjectArray: CloseDisregardForGC: 0/0 objects in disregard for GC pool
[2019.12.09-00.04.08:099][  0]LogTcpMessaging: Initializing TcpMessaging bridge
[2019.12.09-00.04.08:240][  0]LogUdpMessaging: Initializing bridge on interface 0.0.0.0:0 to multicast group 230.0.0.1:6666.
[2019.12.09-00.04.09:221][  0]SourceControl: Source control is disabled
[2019.12.09-00.04.09:222][  0]SourceControl: Source control is disabled
[2019.12.09-00.04.09:292][  0]SourceControl: Source control is disabled
[2019.12.09-00.04.09:307][  0]SourceControl: Source control is disabled
[2019.12.09-00.04.10:709][  0]LogAndroidPermission: UAndroidPermissionCallbackProxy::GetInstance
[2019.12.09-00.04.11:414][  0]LogOcInput: OculusInput pre-init called
[2019.12.09-00.04.11:461][  0]LogWindows: Failed to load 'OVRPlugin.dll' (GetLastError=126)
[2019.12.09-00.04.11:462][  0]LogWindows: File 'OVRPlugin.dll' does not exist
[2019.12.09-00.04.12:601][  0]LogEngine: Initializing Engine...
[2019.12.09-00.04.12:656][  0]LogHMD: Failed to initialize OpenVR with code 110
[2019.12.09-00.04.12:657][  0]LogStats: UGameplayTagsManager::InitializeManager -  0.000 s
[2019.12.09-00.04.13:301][  0]LogInit: Initializing FReadOnlyCVARCache
[2019.12.09-00.04.13:772][  0]LogAIModule: Creating AISystem for world Untitled
[2019.12.09-00.04.13:992][  0]LogInit: XAudio2 using 'Speakers (Cirrus Logic CS8409 (AB 16))' : 4 channels at 48 kHz using 32 bits per sample (channel mask 0x33)
[2019.12.09-00.04.14:013][  0]LogInit: FAudioDevice initialized.
[2019.12.09-00.04.14:013][  0]LogNetVersion: Set ProjectVersion to 1.0.0.0. Version Checksum will be recalculated on next use.
[2019.12.09-00.04.14:360][  0]LogDerivedDataCache: Saved boot cache 0.35s 73MB C:/Users/ec17k/AppData/Local/UnrealEngine/4.23/DerivedDataCache/Boot.ddc.
[2019.12.09-00.04.14:364][  0]LogInit: Texture streaming: Enabled
[2019.12.09-00.04.14:602][  0]LogEngineSessionManager: EngineSessionManager initialized
[2019.12.09-00.04.14:602][  0]LogEditorSessionSummary: Verbose: Initializing EditorSessionSummaryWriter for editor session tracking
[2019.12.09-00.04.14:608][  0]LogEditorSessionSummary: EditorSessionSummaryWriter initialized
[2019.12.09-00.04.14:856][  0]LogInit: Transaction tracking system initialized
[2019.12.09-00.04.15:506][  0]BlueprintLog: New page: Editor Load
[2019.12.09-00.04.16:962][  0]LocalizationService: Localization service is disabled
[2019.12.09-00.04.19:092][  0]LogFileCache: Scanning file cache for directory 'C:/GitHub/Stolemates/Stolenmates/Content/' took 0.01s
[2019.12.09-00.04.19:092][  0]LogCook: Display: Max memory allowance for cook 16384mb min free memory 0mb
[2019.12.09-00.04.19:093][  0]LogCook: Display: Mobile HDR setting 1
[2019.12.09-00.04.21:972][  0]SourceControl: Source control is disabled
[2019.12.09-00.04.22:021][  0]Cmd: MAP LOAD FILE="../../../../../../GitHub/Stolemates/Stolenmates/Content/Levels/City.umap" TEMPLATE=0 SHOWPROGRESS=1 FEATURELEVEL=3
[2019.12.09-00.04.22:028][  0]LightingResults: New page: Lighting Build
[2019.12.09-00.04.22:097][  0]LogWorld: UWorld::CleanupWorld for Untitled, bSessionEnded=true, bCleanupResources=true
[2019.12.09-00.04.22:134][  0]MapCheck: New page: Map Check
[2019.12.09-00.04.22:134][  0]LightingResults: New page: Lighting Build
[2019.12.09-00.04.22:411][  0]LogUObjectHash: Compacting FUObjectHashTables data took   1.41ms
[2019.12.09-00.04.24:078][  0]LogBlueprint: Error: [Compiler PowerUp_LoveBomb] This blueprint (self) is not a AIController, therefore ' Target ' must have a connection.
[2019.12.09-00.04.26:665][  0]LogAIModule: Creating AISystem for world City
[2019.12.09-00.04.27:218][  0]LogEditorServer: Finished looking for orphan Actors (0.000 secs)
[2019.12.09-00.04.27:388][  0]LogUObjectHash: Compacting FUObjectHashTables data took   3.10ms
[2019.12.09-00.04.27:388][  0]Cmd: MAP CHECKDEP NOCLEARLOG
[2019.12.09-00.04.27:395][  0]MapCheck: Map check complete: 0 Error(s), 0 Warning(s), took 6.324ms to complete.
[2019.12.09-00.04.27:395][  0]LogFileHelpers: Loading map 'City' took 5.395
[2019.12.09-00.04.28:123][  0]LogSlate: Updating window title bar state: overlay mode, drag disabled, window buttons hidden, title bar hidden
[2019.12.09-00.04.28:155][  0]LogSlate: Updating window title bar state: overlay mode, drag disabled, window buttons hidden, title bar hidden
[2019.12.09-00.04.28:168][  0]LogSlate: Updating window title bar state: overlay mode, drag disabled, window buttons hidden, title bar hidden
[2019.12.09-00.04.28:179][  0]LogSlate: Updating window title bar state: overlay mode, drag disabled, window buttons hidden, title bar hidden
[2019.12.09-00.04.28:344][  0]LogCollectionManager: Loaded 0 collections in 0.002843 seconds
[2019.12.09-00.04.28:448][  0]LogFileCache: Scanning file cache for directory 'C:/GitHub/Stolemates/Stolenmates/Saved/Collections/' took 0.00s
[2019.12.09-00.04.28:448][  0]LogFileCache: Scanning file cache for directory 'C:/GitHub/Stolemates/Stolenmates/Content/Developers/ec17k/Collections/' took 0.00s
[2019.12.09-00.04.28:448][  0]LogFileCache: Scanning file cache for directory 'C:/GitHub/Stolemates/Stolenmates/Content/Collections/' took 0.00s
[2019.12.09-00.04.28:448][  0]LogCollectionManager: Rebuilt the GUID cache for 0 collections in 0.000003 seconds
[2019.12.09-00.04.28:490][  0]LogContentBrowser: Native class hierarchy populated in 0.0384 seconds. Added 2874 classes and 684 folders.
[2019.12.09-00.04.28:692][  0]LogContentBrowser: Native class hierarchy updated for 'WidgetCarousel' in 0.0007 seconds. Added 0 classes and 0 folders.
[2019.12.09-00.04.32:391][  0]LogContentBrowser: Native class hierarchy updated for 'AddContentDialog' in 0.0004 seconds. Added 0 classes and 0 folders.
[2019.12.09-00.04.32:505][  0]LogContentBrowser: Native class hierarchy updated for 'SceneOutliner' in 0.0014 seconds. Added 1 classes and 2 folders.
[2019.12.09-00.04.32:830][  0]LogSlate: Took 0.020669 seconds to synchronously load lazily loaded font '../../../Engine/Content/Slate/Fonts/Roboto-Regular.ttf' (155K)
[2019.12.09-00.04.32:870][  0]LogSlate: Took 0.015534 seconds to synchronously load lazily loaded font '../../../Engine/Content/Slate/Fonts/Roboto-Bold.ttf' (160K)
[2019.12.09-00.04.32:949][  0]LogSlate: Took 0.018285 seconds to synchronously load lazily loaded font '../../../Engine/Content/Editor/Slate/Fonts/FontAwesome.ttf' (139K)
[2019.12.09-00.04.33:293][  0]LogRenderer: Reallocating scene render targets to support 1616x796 Format 10 NumSamples 1 (Frame:1).
[2019.12.09-00.04.33:705][  0]LogContentBrowser: Native class hierarchy updated for 'HierarchicalLODOutliner' in 0.0004 seconds. Added 0 classes and 0 folders.
[2019.12.09-00.04.33:705][  0]LogLoad: (Engine Initialization) Total time: 71.06 seconds
[2019.12.09-00.04.33:705][  0]LogLoad: (Engine Initialization) Total Blueprint compile time: 0.00 seconds
[2019.12.09-00.04.34:202][  0]LogContentStreaming: Texture pool size now 1000 MB
[2019.12.09-00.04.34:962][  4]LogSlate: Took 0.003888 seconds to synchronously load lazily loaded font '../../../Engine/Content/Slate/Fonts/Roboto-Light.ttf' (167K)
[2019.12.09-00.04.36:080][ 21]LogAssetRegistry: Asset discovery search completed in 51.0394 seconds
[2019.12.09-00.04.36:084][ 21]LogCollectionManager: Rebuilt the object cache for 0 collections in 0.000005 seconds (found 0 objects)
[2019.12.09-00.04.36:084][ 21]LogCollectionManager: Fixed up redirectors for 0 collections in 0.000202 seconds (updated 0 objects)
[2019.12.09-00.04.44:660][602]LogSlate: FSceneViewport::OnFocusLost() reason 0
[2019.12.09-00.04.44:841][613]LogAssetEditorManager: Opening Asset editor for Blueprint /Game/Blueprints/Base_PowerUp.Base_PowerUp
[2019.12.09-00.04.45:644][613]LogContentBrowser: Native class hierarchy updated for 'BlueprintGraph' in 0.0012 seconds. Added 121 classes and 0 folders.
[2019.12.09-00.04.47:465][613]LogSlate: Took 0.012705 seconds to synchronously load lazily loaded font '../../../Engine/Content/Slate/Fonts/Roboto-BoldCondensed.ttf' (158K)
[2019.12.09-00.04.47:794][614]LogSlate: Took 0.001648 seconds to synchronously load lazily loaded font '../../../Engine/Content/Slate/Fonts/Roboto-Italic.ttf' (157K)
[2019.12.09-00.05.33:729][905]LogEditorSessionSummary: EditorSessionSummary sent report. Type=Shutdown, SessionId={0BE82598-4EB7-70F7-0E26-768A44109B12}
[2019.12.09-00.06.29:189][332]LogAssetEditorManager: Opening Asset editor for Blueprint /Game/Blueprints/PowerUp_Catfish.PowerUp_Catfish
[2019.12.09-00.06.29:457][332]LogAssetEditorManager: Opening Asset editor for Blueprint /Game/Blueprints/PowerUp_LoveBomb.PowerUp_LoveBomb
[2019.12.09-00.06.29:737][332]LogAssetEditorManager: Opening Asset editor for Blueprint /Game/Blueprints/PowerUp_LoveStruck.PowerUp_LoveStruck
[2019.12.09-00.06.30:001][332]LogAssetEditorManager: Opening Asset editor for Blueprint /Game/Blueprints/BP_Player.BP_Player
[2019.12.09-03.35.54:168][249]LogInit: XAudio2 using 'Headphones (Ivan’s AirPods Stereo)' : 2 channels at 44.1 kHz using 16 bits per sample (channel mask 0x3)
[2019.12.09-03.44.44:250][832]LogInit: XAudio2 using 'Headphones (Ivan’s AirPods Stereo)' : 2 channels at 44.1 kHz using 16 bits per sample (channel mask 0x3)
[2019.12.09-03.44.44:581][833]LogInit: XAudio2 using 'Headphones (Cirrus Logic CS8409 (AB 16))' : 2 channels at 48 kHz using 32 bits per sample (channel mask 0x3)
[2019.12.09-03.54.46:409][628]LogAudio: Warning: Current Audio Device with ID {0.0.0.00000000}.{ab4ffd2c-a733-4db7-9267-b3b4043b9d42} was removed. Shutting down audio device.
[2019.12.09-03.54.46:409][628]LogInit: XAudio2 using 'Headphones (Ivan’s AirPods Stereo)' : 2 channels at 44.1 kHz using 16 bits per sample (channel mask 0x3)
[2019.12.09-03.56.20:966][910]LogAudio: Warning: Current Audio Device with ID {0.0.0.00000000}.{0cd02ab1-44b3-4549-8971-ced4ff1ea500} was removed. Shutting down audio device.
[2019.12.09-03.56.20:966][910]LogInit: XAudio2 using 'Speakers (Cirrus Logic CS8409 (AB 16))' : 4 channels at 48 kHz using 32 bits per sample (channel mask 0x33)
[2019.12.09-04.11.41:233][652]LogD3D11RHI: Timed out while waiting for GPU to catch up. (0.5 s) (ErrorCode 00000001)
[2019.12.09-04.23.27:484][859]LogSlate: Window 'PowerUp_LoveBomb' being destroyed
[2019.12.09-04.23.27:503][859]LogSlate: Window 'PowerUp_LoveBomb' being destroyed
[2019.12.09-04.23.27:533][859]LogWorld: UWorld::CleanupWorld for World_6, bSessionEnded=true, bCleanupResources=true
[2019.12.09-04.23.27:604][859]LogActorComponent: UnregisterComponent: (/Engine/Transient.EditorFloorComp) Not registered. Aborting.
[2019.12.09-04.23.27:604][859]LogWorld: UWorld::CleanupWorld for World_8, bSessionEnded=true, bCleanupResources=true
[2019.12.09-04.23.29:426][ 49]LogUObjectHash: Compacting FUObjectHashTables data took   3.10ms
[2019.12.09-04.23.29:523][ 49]LogActorComponent: UnregisterComponent: (/Engine/Transient.EditorFloorComp) Not registered. Aborting.
[2019.12.09-04.23.29:523][ 49]LogWorld: UWorld::CleanupWorld for World_7, bSessionEnded=true, bCleanupResources=true
[2019.12.09-04.23.29:556][ 49]LogActorComponent: UnregisterComponent: (/Engine/Transient.EditorFloorComp) Not registered. Aborting.
[2019.12.09-04.23.29:556][ 49]LogWorld: UWorld::CleanupWorld for World_9, bSessionEnded=true, bCleanupResources=true
[2019.12.09-04.23.29:591][ 49]LogActorComponent: UnregisterComponent: (/Engine/Transient.EditorFloorComp) Not registered. Aborting.
[2019.12.09-04.23.29:591][ 49]LogWorld: UWorld::CleanupWorld for World_10, bSessionEnded=true, bCleanupResources=true
[2019.12.09-04.23.29:627][ 49]LogSlate: Window 'Stolenmates - Unreal Editor' being destroyed
[2019.12.09-04.23.29:628][ 49]LogWindowsTextInputMethodSystem: Display: IME system now deactivated.
[2019.12.09-04.23.29:990][ 50]Cmd: QUIT_EDITOR
[2019.12.09-04.23.30:180][ 50]LogExit: Preparing to exit.
[2019.12.09-04.23.31:282][ 50]LogWorld: UWorld::CleanupWorld for World_0, bSessionEnded=true, bCleanupResources=true
[2019.12.09-04.23.31:284][ 50]LogWorld: UWorld::CleanupWorld for World_1, bSessionEnded=true, bCleanupResources=true
[2019.12.09-04.23.31:286][ 50]LogWorld: UWorld::CleanupWorld for World_2, bSessionEnded=true, bCleanupResources=true
[2019.12.09-04.23.31:288][ 50]LogWorld: UWorld::CleanupWorld for World_3, bSessionEnded=true, bCleanupResources=true
[2019.12.09-04.23.31:290][ 50]LogWorld: UWorld::CleanupWorld for World_4, bSessionEnded=true, bCleanupResources=true
[2019.12.09-04.23.31:291][ 50]LogWorld: UWorld::CleanupWorld for World_5, bSessionEnded=true, bCleanupResources=true
[2019.12.09-04.23.31:293][ 50]LogWorld: UWorld::CleanupWorld for World_11, bSessionEnded=true, bCleanupResources=true
[2019.12.09-04.23.31:456][ 50]LogDemo: Cleaned up 0 splitscreen connections with owner deletion
[2019.12.09-04.23.31:470][ 50]LogWorld: UWorld::CleanupWorld for None, bSessionEnded=true, bCleanupResources=true
[2019.12.09-04.23.31:470][ 50]LogExit: Editor shut down
[2019.12.09-04.23.31:470][ 50]LogExit: Transaction tracking system shut down
[2019.12.09-04.23.32:264][ 50]LogExit: Object subsystem successfully closed.
[2019.12.09-04.23.32:673][ 50]LogShaderCompilers: Display: Shaders left to compile 0
[2019.12.09-04.23.33:340][ 50]LogModuleManager: Shutting down and abandoning module BlueprintGraph (674)
[2019.12.09-04.23.33:341][ 50]LogModuleManager: Shutting down and abandoning module HierarchicalLODOutliner (672)
[2019.12.09-04.23.33:341][ 50]LogModuleManager: Shutting down and abandoning module SceneOutliner (670)
[2019.12.09-04.23.33:341][ 50]LogModuleManager: Shutting down and abandoning module AddContentDialog (668)
[2019.12.09-04.23.33:342][ 50]LogModuleManager: Shutting down and abandoning module WidgetCarousel (667)
[2019.12.09-04.23.33:343][ 50]LogModuleManager: Shutting down and abandoning module EditorWidgets (664)
[2019.12.09-04.23.33:343][ 50]LogModuleManager: Shutting down and abandoning module CollectionManager (662)
[2019.12.09-04.23.33:343][ 50]LogModuleManager: Shutting down and abandoning module StatsViewer (660)
[2019.12.09-04.23.33:344][ 50]LogModuleManager: Shutting down and abandoning module VirtualTexturingEditor (658)
[2019.12.09-04.23.33:344][ 50]LogModuleManager: Shutting down and abandoning module FoliageEdit (656)
[2019.12.09-04.23.33:359][ 50]LogModuleManager: Shutting down and abandoning module LandscapeEditor (654)
[2019.12.09-04.23.33:385][ 50]LogModuleManager: Shutting down and abandoning module MeshPaintMode (652)
[2019.12.09-04.23.33:385][ 50]LogModuleManager: Shutting down and abandoning module SceneDepthPickerMode (650)
[2019.12.09-04.23.33:385][ 50]LogModuleManager: Shutting down and abandoning module ActorPickerMode (648)
[2019.12.09-04.23.33:385][ 50]LogModuleManager: Shutting down and abandoning module GeometryMode (646)
[2019.12.09-04.23.33:385][ 50]LogModuleManager: Shutting down and abandoning module TextureAlignMode (644)
[2019.12.09-04.23.33:385][ 50]LogModuleManager: Shutting down and abandoning module BspMode (642)
[2019.12.09-04.23.33:385][ 50]LogModuleManager: Shutting down and abandoning module PIEPreviewDeviceProfileSelector (640)
[2019.12.09-04.23.33:386][ 50]LogModuleManager: Shutting down and abandoning module SequenceRecorderSections (638)
[2019.12.09-04.23.33:386][ 50]LogModuleManager: Shutting down and abandoning module AutomationWorker (636)
[2019.12.09-04.23.33:386][ 50]LogModuleManager: Shutting down and abandoning module OculusMR (634)
[2019.12.09-04.23.33:386][ 50]LogModuleManager: Shutting down and abandoning module AudioCaptureEditor (632)
[2019.12.09-04.23.33:386][ 50]LogModuleManager: Shutting down and abandoning module MatineeToLevelSequence (630)
[2019.12.09-04.23.33:386][ 50]LogModuleManager: Shutting down and abandoning module LevelSequenceEditor (628)
[2019.12.09-04.23.33:394][ 50]LogModuleManager: Shutting down and abandoning module PlacementMode (627)
[2019.12.09-04.23.33:394][ 50]LogModuleManager: Shutting down and abandoning module MaterialEditor (626)
[2019.12.09-04.23.33:400][ 50]LogModuleManager: Shutting down and abandoning module ActorSequenceEditor (622)
[2019.12.09-04.23.33:400][ 50]LogModuleManager: Shutting down and abandoning module WmfMediaFactory (620)
[2019.12.09-04.23.33:400][ 50]LogModuleManager: Shutting down and abandoning module WmfMediaEditor (618)
[2019.12.09-04.23.33:400][ 50]LogModuleManager: Shutting down and abandoning module WebMMediaFactory (616)
[2019.12.09-04.23.33:400][ 50]LogModuleManager: Shutting down and abandoning module WebMMediaEditor (614)
[2019.12.09-04.23.33:400][ 50]LogModuleManager: Shutting down and abandoning module WebMMedia (612)
[2019.12.09-04.23.33:400][ 50]LogModuleManager: Shutting down and abandoning module MediaPlayerEditor (610)
[2019.12.09-04.23.33:400][ 50]LogModuleManager: Shutting down and abandoning module MediaCompositingEditor (608)
[2019.12.09-04.23.33:400][ 50]LogModuleManager: Shutting down and abandoning module SequenceRecorder (607)
[2019.12.09-04.23.33:401][ 50]LogModuleManager: Shutting down and abandoning module OpenExrWrapper (604)
[2019.12.09-04.23.33:401][ 50]LogModuleManager: Shutting down and abandoning module ImgMediaFactory (602)
[2019.12.09-04.23.33:401][ 50]LogModuleManager: Shutting down and abandoning module ImgMediaEditor (600)
[2019.12.09-04.23.33:401][ 50]LogModuleManager: Shutting down and abandoning module AvfMediaFactory (598)
[2019.12.09-04.23.33:401][ 50]LogModuleManager: Shutting down and abandoning module AvfMediaEditor (596)
[2019.12.09-04.23.33:401][ 50]LogModuleManager: Shutting down and abandoning module AndroidMediaFactory (594)
[2019.12.09-04.23.33:401][ 50]LogModuleManager: Shutting down and abandoning module AndroidMediaEditor (592)
[2019.12.09-04.23.33:401][ 50]LogModuleManager: Shutting down and abandoning module MagicLeapCameraPreviewFactory (590)
[2019.12.09-04.23.33:401][ 50]LogModuleManager: Shutting down and abandoning module MagicLeapMediaCodecFactory (588)
[2019.12.09-04.23.33:401][ 50]LogModuleManager: Shutting down and abandoning module MagicLeapMediaFactory (586)
[2019.12.09-04.23.33:401][ 50]LogModuleManager: Shutting down and abandoning module MagicLeapMediaEditor (584)
[2019.12.09-04.23.33:401][ 50]LogModuleManager: Shutting down and abandoning module CharacterAI (582)
[2019.12.09-04.23.33:401][ 50]LogModuleManager: Shutting down and abandoning module SmartSnapping (580)
[2019.12.09-04.23.33:401][ 50]LogModuleManager: Shutting down and abandoning module SessionServices (578)
[2019.12.09-04.23.33:401][ 50]LogModuleManager: Shutting down and abandoning module MeshPaint (576)
[2019.12.09-04.23.33:454][ 50]LogModuleManager: Shutting down and abandoning module ViewportSnapping (574)
[2019.12.09-04.23.33:454][ 50]LogModuleManager: Shutting down and abandoning module ViewportInteraction (572)
[2019.12.09-04.23.33:455][ 50]LogModuleManager: Shutting down and abandoning module ClothPainter (570)
[2019.12.09-04.23.33:489][ 50]LogModuleManager: Shutting down and abandoning module SkeletalMeshEditor (569)
[2019.12.09-04.23.33:508][ 50]LogModuleManager: Shutting down and abandoning module LogVisualizer (566)
[2019.12.09-04.23.33:512][ 50]LogModuleManager: Shutting down and abandoning module IntroTutorials (564)
[2019.12.09-04.23.33:521][ 50]LogModuleManager: Shutting down and abandoning module GameProjectGeneration (563)
[2019.12.09-04.23.33:521][ 50]LogModuleManager: Shutting down and abandoning module LuminPlatformEditor (560)
[2019.12.09-04.23.33:521][ 50]LogModuleManager: Shutting down and abandoning module IOSPlatformEditor (558)
[2019.12.09-04.23.33:521][ 50]LogModuleManager: Shutting down and abandoning module HTML5PlatformEditor (556)
[2019.12.09-04.23.33:522][ 50]LogModuleManager: Shutting down and abandoning module AndroidPlatformEditor (554)
[2019.12.09-04.23.33:522][ 50]LogModuleManager: Shutting down and abandoning module AndroidDeviceDetection (553)
[2019.12.09-04.23.34:224][ 50]LogModuleManager: Shutting down and abandoning module WindowsPlatformEditor (550)
[2019.12.09-04.23.34:224][ 50]LogModuleManager: Shutting down and abandoning module LuminRuntimeSettings (548)
[2019.12.09-04.23.34:224][ 50]LogModuleManager: Shutting down and abandoning module IOSRuntimeSettings (546)
[2019.12.09-04.23.34:224][ 50]LogModuleManager: Shutting down and abandoning module AndroidRuntimeSettings (544)
[2019.12.09-04.23.34:224][ 50]LogModuleManager: Shutting down and abandoning module TimeManagementEditor (542)
[2019.12.09-04.23.34:224][ 50]LogModuleManager: Shutting down and abandoning module InputBindingEditor (540)
[2019.12.09-04.23.34:224][ 50]LogModuleManager: Shutting down and abandoning module MergeActors (538)
[2019.12.09-04.23.34:477][ 50]LogModuleManager: Shutting down and abandoning module LocalizationDashboard (536)
[2019.12.09-04.23.34:477][ 50]LogModuleManager: Shutting down and abandoning module LocalizationService (535)
[2019.12.09-04.23.34:477][ 50]LogModuleManager: Shutting down and abandoning module HardwareTargeting (532)
[2019.12.09-04.23.34:477][ 50]LogModuleManager: Shutting down and abandoning module DeviceProfileEditor (530)
[2019.12.09-04.23.34:477][ 50]LogModuleManager: Shutting down and abandoning module UndoHistory (528)
[2019.12.09-04.23.34:477][ 50]LogModuleManager: Shutting down and abandoning module XmlParser (526)
[2019.12.09-04.23.34:477][ 50]LogModuleManager: Shutting down and abandoning module Blutility (524)
[2019.12.09-04.23.34:477][ 50]LogModuleManager: Shutting down and abandoning module ProjectSettingsViewer (522)
[2019.12.09-04.23.34:477][ 50]LogModuleManager: Shutting down and abandoning module ProjectTargetPlatformEditor (521)
[2019.12.09-04.23.34:477][ 50]LogModuleManager: Shutting down and abandoning module EditorSettingsViewer (518)
[2019.12.09-04.23.34:478][ 50]LogModuleManager: Shutting down and abandoning module SettingsEditor (516)
[2019.12.09-04.23.34:478][ 50]LogModuleManager: Shutting down and abandoning module ProjectLauncher (514)
[2019.12.09-04.23.34:526][ 50]LogModuleManager: Shutting down and abandoning module SessionFrontend (512)
[2019.12.09-04.23.34:526][ 50]LogModuleManager: Shutting down and abandoning module ProfilerClient (510)
[2019.12.09-04.23.34:526][ 50]LogModuleManager: Shutting down and abandoning module DeviceManager (508)
[2019.12.09-04.23.34:526][ 50]LogModuleManager: Shutting down and abandoning module TargetDeviceServices (507)
[2019.12.09-04.23.34:570][ 50]LogModuleManager: Shutting down and abandoning module AutomationController (504)
[2019.12.09-04.23.34:570][ 50]LogModuleManager: Shutting down and abandoning module AutomationWindow (502)
[2019.12.09-04.23.34:651][ 50]LogModuleManager: Shutting down and abandoning module Layers (500)
[2019.12.09-04.23.34:817][ 50]LogModuleManager: Shutting down and abandoning module ComponentVisualizers (498)
[2019.12.09-04.23.34:817][ 50]LogModuleManager: Shutting down and abandoning module DetailCustomizations (496)
[2019.12.09-04.23.34:817][ 50]LogModuleManager: Shutting down and abandoning module PackagesDialog (494)
[2019.12.09-04.23.34:873][ 50]LogModuleManager: Shutting down and abandoning module AnimationBlueprintEditor (492)
[2019.12.09-04.23.34:873][ 50]LogModuleManager: Shutting down and abandoning module Persona (490)
[2019.12.09-04.23.34:884][ 50]LogModuleManager: Shutting down and abandoning module AdvancedPreviewScene (489)
[2019.12.09-04.23.34:884][ 50]LogModuleManager: Shutting down and abandoning module AnimGraph (487)
[2019.12.09-04.23.34:884][ 50]LogModuleManager: Shutting down and abandoning module Kismet (484)
[2019.12.09-04.23.34:892][ 50]LogModuleManager: Shutting down and abandoning module KismetWidgets (483)
[2019.12.09-04.23.34:893][ 50]LogModuleManager: Shutting down and abandoning module GraphEditor (480)
[2019.12.09-04.23.34:893][ 50]LogModuleManager: Shutting down and abandoning module StructViewer (478)
[2019.12.09-04.23.34:893][ 50]LogModuleManager: Shutting down and abandoning module ClassViewer (476)
[2019.12.09-04.23.34:893][ 50]LogModuleManager: Shutting down and abandoning module Toolbox (474)
[2019.12.09-04.23.34:894][ 50]LogModuleManager: Shutting down and abandoning module DesktopPlatform (473)
[2019.12.09-04.23.34:894][ 50]LogModuleManager: Shutting down and abandoning module ModuleUI (470)
[2019.12.09-04.23.34:894][ 50]LogModuleManager: Shutting down and abandoning module MovieSceneTools (468)
[2019.12.09-04.23.34:894][ 50]LogModuleManager: Shutting down and abandoning module OutputLog (466)
[2019.12.09-04.23.34:894][ 50]LogModuleManager: Shutting down and abandoning module GammaUI (464)
[2019.12.09-04.23.34:895][ 50]LogModuleManager: Shutting down and abandoning module Documentation (462)
[2019.12.09-04.23.34:895][ 50]LogModuleManager: Shutting down and abandoning module LiveCoding (460)
[2019.12.09-04.23.34:895][ 50]LogModuleManager: Shutting down and abandoning module LevelSequence (458)
[2019.12.09-04.23.34:895][ 50]LogModuleManager: Shutting down and abandoning module MovieSceneTracks (456)
[2019.12.09-04.23.34:895][ 50]LogModuleManager: Shutting down and abandoning module MovieScene (454)
[2019.12.09-04.23.34:895][ 50]LogModuleManager: Shutting down and abandoning module StreamingPauseRendering (452)
[2019.12.09-04.23.34:896][ 50]LogModuleManager: Shutting down and abandoning module LauncherPlatform (450)
[2019.12.09-04.23.34:896][ 50]LogModuleManager: Shutting down and abandoning module AnalyticsET (448)
[2019.12.09-04.23.34:896][ 50]LogModuleManager: Shutting down and abandoning module PortalServices (446)
[2019.12.09-04.23.34:896][ 50]LogModuleManager: Shutting down and abandoning module PortalRpc (444)
[2019.12.09-04.23.34:896][ 50]LogModuleManager: Shutting down and abandoning module MessagingRpc (442)
[2019.12.09-04.23.34:896][ 50]LogModuleManager: Shutting down and abandoning module AIModule (440)
[2019.12.09-04.23.34:896][ 50]LogModuleManager: Shutting down and abandoning module GameplayDebugger (439)
[2019.12.09-04.23.34:897][ 50]LogModuleManager: Shutting down and abandoning module AITestSuite (437)
[2019.12.09-04.23.34:897][ 50]LogModuleManager: Shutting down and abandoning module NavigationSystem (435)
[2019.12.09-04.23.34:897][ 50]LogModuleManager: Shutting down and abandoning module ImageWriteQueue (432)
[2019.12.09-04.23.34:920][ 50]LogModuleManager: Shutting down and abandoning module ProfilerService (430)
[2019.12.09-04.23.34:962][ 50]LogModuleManager: Shutting down and abandoning module TaskGraph (428)
[2019.12.09-04.23.34:962][ 50]LogModuleManager: Shutting down and abandoning module ScreenshotTools (426)
[2019.12.09-04.23.34:962][ 50]LogModuleManager: Shutting down and abandoning module SteamVRController (424)
[2019.12.09-04.23.34:962][ 50]LogModuleManager: Shutting down and abandoning module ProceduralMeshComponentEditor (422)
[2019.12.09-04.23.34:962][ 50]LogModuleManager: Shutting down and abandoning module ProceduralMeshComponent (420)
[2019.12.09-04.23.34:962][ 50]LogModuleManager: Shutting down and abandoning module OculusEditor (418)
[2019.12.09-04.23.34:962][ 50]LogModuleManager: Shutting down and abandoning module OculusInput (416)
[2019.12.09-04.23.34:962][ 50]LogModuleManager: Shutting down and abandoning module MobilePatchingUtils (414)
[2019.12.09-04.23.34:962][ 50]LogModuleManager: Shutting down and abandoning module EditableMesh (412)
[2019.12.09-04.23.34:997][ 50]LogModuleManager: Shutting down and abandoning module CustomMeshComponent (410)
[2019.12.09-04.23.34:997][ 50]LogModuleManager: Shutting down and abandoning module CableComponent (408)
[2019.12.09-04.23.34:997][ 50]LogModuleManager: Shutting down and abandoning module AudioCapture (406)
[2019.12.09-04.23.34:997][ 50]LogModuleManager: Shutting down and abandoning module ArchVisCharacter (404)
[2019.12.09-04.23.34:997][ 50]LogModuleManager: Shutting down and abandoning module AppleImageUtilsBlueprintSupport (402)
[2019.12.09-04.23.34:997][ 50]LogModuleManager: Shutting down and abandoning module AppleImageUtils (400)
[2019.12.09-04.23.34:997][ 50]LogModuleManager: Shutting down and abandoning module AndroidPermission (398)
[2019.12.09-04.23.34:998][ 50]LogModuleManager: Shutting down and abandoning module NUTUnrealEngine4 (396)
[2019.12.09-04.23.34:998][ 50]LogModuleManager: Shutting down and abandoning module NetcodeUnitTest (394)
[2019.12.09-04.23.34:998][ 50]LogModuleManager: Shutting down and abandoning module MediaCompositing (392)
[2019.12.09-04.23.34:998][ 50]LogModuleManager: Shutting down and abandoning module ImgMedia (390)
[2019.12.09-04.23.34:998][ 50]LogModuleManager: Shutting down and abandoning module MagicLeapHelperVulkan (388)
[2019.12.09-04.23.34:998][ 50]LogModuleManager: Shutting down and abandoning module MagicLeapHelperOpenGL (386)
[2019.12.09-04.23.34:998][ 50]LogModuleManager: Shutting down and abandoning module MagicLeapAudio (384)
[2019.12.09-04.23.34:999][ 50]LogModuleManager: Shutting down and abandoning module HTML5Networking (382)
[2019.12.09-04.23.34:999][ 50]LogModuleManager: Shutting down and abandoning module GeometryCacheTracks (380)
[2019.12.09-04.23.34:999][ 50]LogModuleManager: Shutting down and abandoning module GeometryCacheSequencer (378)
[2019.12.09-04.23.34:999][ 50]LogModuleManager: Shutting down and abandoning module BackChannel (376)
[2019.12.09-04.23.34:999][ 50]LogModuleManager: Shutting down and abandoning module AutomationUtilsEditor (374)
[2019.12.09-04.23.34:999][ 50]LogModuleManager: Shutting down and abandoning module AutomationUtils (372)
[2019.12.09-04.23.34:999][ 50]LogModuleManager: Shutting down and abandoning module AlembicImporter (370)
[2019.12.09-04.23.34:999][ 50]LogModuleManager: Shutting down and abandoning module AlembicLibrary (369)
[2019.12.09-04.23.34:999][ 50]LogModuleManager: Shutting down and abandoning module GeometryCache (368)
[2019.12.09-04.23.34:999][ 50]LogModuleManager: Shutting down and abandoning module GeometryCacheEd (367)
[2019.12.09-04.23.34:999][ 50]LogModuleManager: Shutting down and abandoning module VariantManagerContent (362)
[2019.12.09-04.23.34:999][ 50]LogModuleManager: Shutting down and abandoning module DatasmithContentEditor (360)
[2019.12.09-04.23.34:999][ 50]LogModuleManager: Shutting down and abandoning module SpeedTreeImporter (358)
[2019.12.09-04.23.34:999][ 50]LogModuleManager: Shutting down and abandoning module PluginBrowser (356)
[2019.12.09-04.23.35:000][ 50]LogModuleManager: Shutting down and abandoning module MobileLauncherProfileWizard (354)
[2019.12.09-04.23.35:006][ 50]LogModuleManager: Shutting down and abandoning module MaterialAnalyzer (352)
[2019.12.09-04.23.35:006][ 50]LogModuleManager: Shutting down and abandoning module CurveEditorTools (350)
[2019.12.09-04.23.35:006][ 50]LogModuleManager: Shutting down and abandoning module CurveEditor (349)
[2019.12.09-04.23.35:033][ 50]LogModuleManager: Shutting down and abandoning module CryptoKeysOpenSSL (346)
[2019.12.09-04.23.35:033][ 50]LogModuleManager: Shutting down and abandoning module CryptoKeys (344)
[2019.12.09-04.23.35:033][ 50]LogModuleManager: Shutting down and abandoning module VisualStudioSourceCodeAccess (342)
[2019.12.09-04.23.35:033][ 50]LogModuleManager: Shutting down and abandoning module VisualStudioCodeSourceCodeAccess (340)
[2019.12.09-04.23.35:033][ 50]LogModuleManager: Shutting down and abandoning module UObjectPlugin (338)
[2019.12.09-04.23.35:033][ 50]LogModuleManager: Shutting down and abandoning module SubversionSourceControl (336)
[2019.12.09-04.23.35:033][ 50]LogModuleManager: Shutting down and abandoning module PerforceSourceControl (334)
[2019.12.09-04.23.35:049][ 50]LogModuleManager: Shutting down and abandoning module GitSourceControl (332)
[2019.12.09-04.23.35:049][ 50]LogModuleManager: Shutting down and abandoning module SourceControl (331)
[2019.12.09-04.23.35:049][ 50]LogModuleManager: Shutting down and abandoning module CLionSourceCodeAccess (328)
[2019.12.09-04.23.35:049][ 50]LogModuleManager: Shutting down and abandoning module AnimationSharingEd (326)
[2019.12.09-04.23.35:049][ 50]LogModuleManager: Shutting down and abandoning module ActorLayerUtilitiesEditor (324)
[2019.12.09-04.23.35:049][ 50]LogModuleManager: Shutting down and abandoning module ActorLayerUtilities (322)
[2019.12.09-04.23.35:050][ 50]LogModuleManager: Shutting down and abandoning module LightPropagationVolumeEditor (320)
[2019.12.09-04.23.35:050][ 50]LogModuleManager: Shutting down and abandoning module PaperTiledImporter (318)
[2019.12.09-04.23.35:050][ 50]LogModuleManager: Shutting down and abandoning module PaperSpriteSheetImporter (316)
[2019.12.09-04.23.35:050][ 50]LogModuleManager: Shutting down and abandoning module Paper2DEditor (314)
[2019.12.09-04.23.35:050][ 50]LogModuleManager: Shutting down and abandoning module Stolenmates (312)
[2019.12.09-04.23.35:050][ 50]LogModuleManager: Shutting down and abandoning module SignificanceManager (310)
[2019.12.09-04.23.35:050][ 50]LogModuleManager: Shutting down and abandoning module RuntimePhysXCooking (308)
[2019.12.09-04.23.35:050][ 50]LogModuleManager: Shutting down and abandoning module PhysXVehiclesEditor (306)
[2019.12.09-04.23.35:050][ 50]LogModuleManager: Shutting down and abandoning module LocationServicesBPLibrary (302)
[2019.12.09-04.23.35:050][ 50]LogModuleManager: Shutting down and abandoning module ActorSequence (300)
[2019.12.09-04.23.35:050][ 50]LogModuleManager: Shutting down and abandoning module UdpMessaging (298)
[2019.12.09-04.23.35:151][ 50]LogModuleManager: Shutting down and abandoning module TcpMessaging (296)
[2019.12.09-04.23.35:252][ 50]LogModuleManager: Shutting down and abandoning module MagicLeapIdentity (294)
[2019.12.09-04.23.35:252][ 50]LogModuleManager: Shutting down and abandoning module MagicLeapSecureStorage (292)
[2019.12.09-04.23.35:252][ 50]LogModuleManager: Shutting down and abandoning module MagicLeapHandTracking (290)
[2019.12.09-04.23.35:252][ 50]LogModuleManager: Shutting down and abandoning module MagicLeapEyeTracker (288)
[2019.12.09-04.23.35:252][ 50]LogModuleManager: Shutting down and abandoning module MagicLeapController (286)
[2019.12.09-04.23.35:252][ 50]LogSlate: Slate User Destroyed.  User Index 0, Is Virtual User: 0
[2019.12.09-04.23.35:252][ 50]LogModuleManager: Shutting down and abandoning module MagicLeapAR (284)
[2019.12.09-04.23.35:252][ 50]LogModuleManager: Shutting down and abandoning module AugmentedReality (283)
[2019.12.09-04.23.35:253][ 50]LogModuleManager: Shutting down and abandoning module GameplayTagsEditor (280)
[2019.12.09-04.23.35:279][ 50]LogModuleManager: Shutting down and abandoning module FacialAnimationEditor (278)
[2019.12.09-04.23.35:279][ 50]LogModuleManager: Shutting down and abandoning module FacialAnimation (276)
[2019.12.09-04.23.35:279][ 50]LogModuleManager: Shutting down and abandoning module DataValidation (274)
[2019.12.09-04.23.35:279][ 50]LogModuleManager: Shutting down and abandoning module AssetManagerEditor (272)
[2019.12.09-04.23.35:279][ 50]LogModuleManager: Shutting down and abandoning module LevelEditor (271)
[2019.12.09-04.23.35:295][ 50]LogModuleManager: Shutting down and abandoning module PixelInspectorModule (270)
[2019.12.09-04.23.35:295][ 50]LogModuleManager: Shutting down and abandoning module CommonMenuExtensions (268)
[2019.12.09-04.23.35:295][ 50]LogModuleManager: Shutting down and abandoning module MainFrame (266)
[2019.12.09-04.23.35:295][ 50]LogModuleManager: Shutting down and abandoning module HotReload (265)
[2019.12.09-04.23.35:295][ 50]LogModuleManager: Shutting down and abandoning module ContentBrowser (261)
[2019.12.09-04.23.35:296][ 50]LogModuleManager: Shutting down and abandoning module TreeMap (259)
[2019.12.09-04.23.35:296][ 50]LogModuleManager: Shutting down and abandoning module AnimationSharing (256)
[2019.12.09-04.23.35:296][ 50]LogModuleManager: Shutting down and abandoning module LightPropagationVolumeRuntime (254)
[2019.12.09-04.23.35:296][ 50]LogModuleManager: Shutting down and abandoning module Paper2D (252)
[2019.12.09-04.23.35:296][ 50]LogModuleManager: Shutting down and abandoning module WindowsMoviePlayer (250)
[2019.12.09-04.23.35:298][ 50]LogModuleManager: Shutting down and abandoning module WebMMoviePlayer (248)
[2019.12.09-04.23.35:298][ 50]LogModuleManager: Shutting down and abandoning module NetworkReplayStreaming (246)
[2019.12.09-04.23.35:298][ 50]LogModuleManager: Shutting down and abandoning module PacketHandler (244)
[2019.12.09-04.23.35:299][ 50]LogModuleManager: Shutting down and abandoning module ClothingSystemEditor (242)
[2019.12.09-04.23.35:299][ 50]LogModuleManager: Shutting down and abandoning module ClothingSystemRuntime (240)
[2019.12.09-04.23.35:299][ 50]LogModuleManager: Shutting down and abandoning module MediaAssets (238)
[2019.12.09-04.23.35:299][ 50]LogModuleManager: Shutting down and abandoning module Overlay (236)
[2019.12.09-04.23.35:299][ 50]LogModuleManager: Shutting down and abandoning module OverlayEditor (235)
[2019.12.09-04.23.35:299][ 50]LogModuleManager: Shutting down and abandoning module EnvironmentQueryEditor (232)
[2019.12.09-04.23.35:314][ 50]LogModuleManager: Shutting down and abandoning module VREditor (230)
[2019.12.09-04.23.35:334][ 50]LogModuleManager: Shutting down and abandoning module StringTableEditor (228)
[2019.12.09-04.23.35:334][ 50]LogModuleManager: Shutting down and abandoning module GameplayTasksEditor (226)
[2019.12.09-04.23.35:334][ 50]LogModuleManager: Shutting down and abandoning module BehaviorTreeEditor (224)
[2019.12.09-04.23.35:358][ 50]LogModuleManager: Shutting down and abandoning module FunctionalTesting (222)
[2019.12.09-04.23.35:358][ 50]LogModuleManager: Shutting down and abandoning module CollisionAnalyzer (220)
[2019.12.09-04.23.35:359][ 50]LogModuleManager: Shutting down and abandoning module WorkspaceMenuStructure (219)
[2019.12.09-04.23.35:359][ 50]LogModuleManager: Shutting down and abandoning module UMG (216)
[2019.12.09-04.23.35:376][ 50]LogModuleManager: Shutting down and abandoning module UMGEditor (215)
[2019.12.09-04.23.35:376][ 50]LogModuleManager: Shutting down and abandoning module Sequencer (214)
[2019.12.09-04.23.35:391][ 50]LogModuleManager: Shutting down and abandoning module MessageLog (211)
[2019.12.09-04.23.35:391][ 50]LogModuleManager: Shutting down and abandoning module SlateReflector (206)
[2019.12.09-04.23.35:401][ 50]LogModuleManager: Shutting down and abandoning module Slate (204)
[2019.12.09-04.23.35:402][ 50]LogModuleManager: Shutting down and abandoning module LandscapeEditorUtilities (202)
[2019.12.09-04.23.35:402][ 50]LogModuleManager: Shutting down and abandoning module EditorStyle (200)
[2019.12.09-04.23.35:403][ 50]LogModuleManager: Shutting down and abandoning module UnrealEd (198)
[2019.12.09-04.23.35:403][ 50]LogModuleManager: Shutting down and abandoning module MRMesh (196)
[2019.12.09-04.23.35:403][ 50]LogModuleManager: Shutting down and abandoning module SourceCodeAccess (194)
[2019.12.09-04.23.35:403][ 50]LogModuleManager: Shutting down and abandoning module HeadMountedDisplay (192)
[2019.12.09-04.23.35:403][ 50]LogModuleManager: Shutting down and abandoning module XAudio2 (190)
[2019.12.09-04.23.35:403][ 50]LogModuleManager: Shutting down and abandoning module Networking (188)
[2019.12.09-04.23.35:403][ 50]LogModuleManager: Shutting down and abandoning module Core (186)
[2019.12.09-04.23.35:403][ 50]LogModuleManager: Shutting down and abandoning module KismetCompiler (184)
[2019.12.09-04.23.35:403][ 50]LogModuleManager: Shutting down and abandoning module MeshUtilities (182)
[2019.12.09-04.23.35:403][ 50]LogModuleManager: Shutting down and abandoning module MeshMergeUtilities (181)
[2019.12.09-04.23.35:403][ 50]LogModuleManager: Shutting down and abandoning module MeshReductionInterface (180)
[2019.12.09-04.23.35:403][ 50]LogModuleManager: Shutting down and abandoning module SkeletalMeshReduction (179)
[2019.12.09-04.23.35:404][ 50]LogModuleManager: Shutting down and abandoning module ProxyLODMeshReduction (177)
[2019.12.09-04.23.35:418][ 50]LogModuleManager: Shutting down and abandoning module QuadricMeshReduction (175)
[2019.12.09-04.23.35:418][ 50]LogModuleManager: Shutting down and abandoning module MaterialBaking (171)
[2019.12.09-04.23.35:418][ 50]LogModuleManager: Shutting down and abandoning module NullInstallBundleManager (166)
[2019.12.09-04.23.35:418][ 50]LogModuleManager: Shutting down and abandoning module DerivedDataCache (164)
[2019.12.09-04.23.35:418][ 50]LogDerivedDataCache: Shutdown
[2019.12.09-04.23.35:418][ 50]LogModuleManager: Shutting down and abandoning module XGEController (162)
[2019.12.09-04.23.35:418][ 50]LogXGEController: Cleaning working directory: C:/Users/ec17k/AppData/Local/Temp/UnrealXGEWorkingDir/
[2019.12.09-04.23.35:418][ 50]LogModuleManager: Shutting down and abandoning module TargetPlatform (160)
[2019.12.09-04.23.35:418][ 50]LogModuleManager: Shutting down and abandoning module VulkanShaderFormat (159)
[2019.12.09-04.23.35:419][ 50]LogModuleManager: Shutting down and abandoning module ShaderFormatVectorVM (157)
[2019.12.09-04.23.35:419][ 50]LogModuleManager: Shutting down and abandoning module ShaderFormatOpenGL (155)
[2019.12.09-04.23.35:419][ 50]LogModuleManager: Shutting down and abandoning module ShaderFormatD3D (153)
[2019.12.09-04.23.35:419][ 50]LogModuleManager: Shutting down and abandoning module MetalShaderFormat (151)
[2019.12.09-04.23.35:422][ 50]LogModuleManager: Shutting down and abandoning module TextureFormatUncompressed (149)
[2019.12.09-04.23.35:422][ 50]LogModuleManager: Shutting down and abandoning module TextureFormatPVR (147)
[2019.12.09-04.23.35:422][ 50]LogModuleManager: Shutting down and abandoning module TextureFormatDXT (145)
[2019.12.09-04.23.35:422][ 50]LogModuleManager: Shutting down and abandoning module TextureFormatIntelISPCTexComp (143)
[2019.12.09-04.23.35:430][ 50]LogModuleManager: Shutting down and abandoning module TextureFormatASTC (141)
[2019.12.09-04.23.35:430][ 50]LogModuleManager: Shutting down and abandoning module ImageWrapper (140)
[2019.12.09-04.23.35:430][ 50]LogModuleManager: Shutting down and abandoning module TextureFormatAndroid (137)
[2019.12.09-04.23.35:430][ 50]LogModuleManager: Shutting down and abandoning module AudioFormatOpus (135)
[2019.12.09-04.23.35:431][ 50]LogModuleManager: Shutting down and abandoning module AudioFormatOgg (133)
[2019.12.09-04.23.35:431][ 50]LogModuleManager: Shutting down and abandoning module AudioFormatADPCM (131)
[2019.12.09-04.23.35:431][ 50]LogModuleManager: Shutting down and abandoning module LuminTargetPlatform (129)
[2019.12.09-04.23.35:431][ 50]LogModuleManager: Shutting down and abandoning module LinuxTargetPlatform (127)
[2019.12.09-04.23.35:431][ 50]LogModuleManager: Shutting down and abandoning module LinuxServerTargetPlatform (125)
[2019.12.09-04.23.35:432][ 50]LogModuleManager: Shutting down and abandoning module LinuxNoEditorTargetPlatform (123)
[2019.12.09-04.23.35:432][ 50]LogModuleManager: Shutting down and abandoning module LinuxClientTargetPlatform (121)
[2019.12.09-04.23.35:432][ 50]LogModuleManager: Shutting down and abandoning module TVOSTargetPlatform (119)
[2019.12.09-04.23.35:432][ 50]LogModuleManager: Shutting down and abandoning module Messaging (117)
[2019.12.09-04.23.35:433][ 50]LogModuleManager: Shutting down and abandoning module IOSTargetPlatform (115)
[2019.12.09-04.23.35:433][ 50]LogModuleManager: Shutting down and abandoning module HTML5TargetPlatform (113)
[2019.12.09-04.23.35:433][ 50]LogModuleManager: Shutting down and abandoning module AndroidTargetPlatform (111)
[2019.12.09-04.23.35:440][ 50]LogModuleManager: Shutting down and abandoning module WindowsTargetPlatform (109)
[2019.12.09-04.23.35:441][ 50]LogModuleManager: Shutting down and abandoning module WindowsServerTargetPlatform (107)
[2019.12.09-04.23.35:441][ 50]LogModuleManager: Shutting down and abandoning module WindowsNoEditorTargetPlatform (105)
[2019.12.09-04.23.35:441][ 50]LogModuleManager: Shutting down and abandoning module WindowsClientTargetPlatform (103)
[2019.12.09-04.23.35:441][ 50]LogModuleManager: Shutting down and abandoning module MacTargetPlatform (101)
[2019.12.09-04.23.35:441][ 50]LogModuleManager: Shutting down and abandoning module MacServerTargetPlatform (99)
[2019.12.09-04.23.35:441][ 50]LogModuleManager: Shutting down and abandoning module MacNoEditorTargetPlatform (97)
[2019.12.09-04.23.35:441][ 50]LogModuleManager: Shutting down and abandoning module MacClientTargetPlatform (95)
[2019.12.09-04.23.35:441][ 50]LogModuleManager: Shutting down and abandoning module AllDesktopTargetPlatform (93)
[2019.12.09-04.23.35:441][ 50]LogModuleManager: Shutting down and abandoning module InputCore (90)
[2019.12.09-04.23.35:441][ 50]LogModuleManager: Shutting down and abandoning module Settings (88)
[2019.12.09-04.23.35:441][ 50]LogModuleManager: Shutting down and abandoning module DirectoryWatcher (86)
[2019.12.09-04.23.35:441][ 50]LogModuleManager: Shutting down and abandoning module PhysXCooking (84)
[2019.12.09-04.23.35:441][ 50]LogModuleManager: Shutting down and abandoning module WindowsPlatformFeatures (82)
[2019.12.09-04.23.35:442][ 50]LogModuleManager: Shutting down and abandoning module GameplayMediaEncoder (81)
[2019.12.09-04.23.35:442][ 50]LogModuleManager: Shutting down and abandoning module SteamVR (78)
[2019.12.09-04.23.35:442][ 50]LogHMD: Freeing OpenVRDLLHandle.
[2019.12.09-04.23.35:442][ 50]LogModuleManager: Shutting down and abandoning module OculusHMD (76)
[2019.12.09-04.23.35:442][ 50]LogModuleManager: Shutting down and abandoning module ExampleDeviceProfileSelector (74)
[2019.12.09-04.23.35:442][ 50]LogModuleManager: Shutting down and abandoning module LauncherChunkInstaller (72)
[2019.12.09-04.23.35:442][ 50]LogModuleManager: Shutting down and abandoning module OnlineBlueprintSupport (70)
[2019.12.09-04.23.35:442][ 50]LogModuleManager: Shutting down and abandoning module OnlineSubsystem (66)
[2019.12.09-04.23.35:452][ 50]LogModuleManager: Shutting down and abandoning module XMPP (61)
[2019.12.09-04.23.35:475][ 50]LogModuleManager: Shutting down and abandoning module WebSockets (60)
[2019.12.09-04.23.35:514][ 50]LogModuleManager: Shutting down and abandoning module HTTP (57)
[2019.12.09-04.23.35:514][ 50]LogHttp: Display: Http module shutting down, but needs to wait on 1 outstanding Http requests:
[2019.12.09-04.23.35:514][ 50]LogHttp: Display: 	verb=[POST] url=[https://datarouter.ol.epicgames.com/datarouter/api/v1/public/data?SessionID=%7B7A344DF0-47A4-816D-9729-6189BB90FECB%7D&AppID=UEEditor.Rocket.Release&AppVersion=4.23.1-9631420%2B%2B%2BUE4%2BRelease-4.23&UserID=50f451f547a3644f583f9cb05d60b2e1%7C3adf68855cbe4bd4b65e704eeccefee8%7C86e2f517-2f37-4b95-8d44-c1862f2aaa99&AppEnvironment=datacollector-binary&UploadType=eteventstream] status=Processing
[2019.12.09-04.23.35:547][ 50]LogModuleManager: Shutting down and abandoning module SSL (56)
[2019.12.09-04.23.35:549][ 50]LogModuleManager: Shutting down and abandoning module WmfMedia (52)
[2019.12.09-04.23.35:552][ 50]LogModuleManager: Shutting down and abandoning module Media (51)
[2019.12.09-04.23.35:554][ 50]LogModuleManager: Shutting down and abandoning module MagicLeap (48)
[2019.12.09-04.23.35:555][ 50]LogModuleManager: Shutting down and abandoning module DatasmithContent (46)
[2019.12.09-04.23.35:555][ 50]LogModuleManager: Shutting down and abandoning module AISupportModule (44)
[2019.12.09-04.23.35:555][ 50]LogModuleManager: Shutting down and abandoning module PlatformCryptoOpenSSL (42)
[2019.12.09-04.23.35:555][ 50]LogModuleManager: Shutting down and abandoning module PlatformCrypto (40)
[2019.12.09-04.23.35:555][ 50]LogModuleManager: Shutting down and abandoning module AnimationModifiers (38)
[2019.12.09-04.23.35:555][ 50]LogModuleManager: Shutting down and abandoning module PropertyEditor (37)
[2019.12.09-04.23.35:555][ 50]LogModuleManager: Shutting down and abandoning module AudioEditor (34)
[2019.12.09-04.23.35:577][ 50]LogModuleManager: Shutting down and abandoning module TextureCompressor (32)
[2019.12.09-04.23.35:578][ 50]LogModuleManager: Shutting down and abandoning module RenderCore (30)
[2019.12.09-04.23.35:578][ 50]LogModuleManager: Shutting down and abandoning module Landscape (28)
[2019.12.09-04.23.35:578][ 50]LogModuleManager: Shutting down and abandoning module SlateRHIRenderer (26)
[2019.12.09-04.23.35:596][ 50]LogModuleManager: Shutting down and abandoning module OpenGLDrv (24)
[2019.12.09-04.23.35:606][ 50]LogModuleManager: Shutting down and abandoning module D3D11RHI (22)
[2019.12.09-04.23.35:606][ 50]LogModuleManager: Shutting down and abandoning module AnimGraphRuntime (20)
[2019.12.09-04.23.35:606][ 50]LogModuleManager: Shutting down and abandoning module Renderer (18)
[2019.12.09-04.23.35:606][ 50]LogModuleManager: Shutting down and abandoning module Engine (16)
[2019.12.09-04.23.35:606][ 50]LogModuleManager: Shutting down and abandoning module CoreUObject (14)
[2019.12.09-04.23.35:606][ 50]LogModuleManager: Shutting down and abandoning module NetworkFile (12)
[2019.12.09-04.23.35:606][ 50]LogModuleManager: Shutting down and abandoning module CookedIterativeFile (10)
[2019.12.09-04.23.35:606][ 50]LogModuleManager: Shutting down and abandoning module StreamingFile (8)
[2019.12.09-04.23.35:607][ 50]LogModuleManager: Shutting down and abandoning module SandboxFile (6)
[2019.12.09-04.23.35:607][ 50]LogModuleManager: Shutting down and abandoning module PakFile (4)
[2019.12.09-04.23.35:607][ 50]LogModuleManager: Shutting down and abandoning module RSA (3)
[2019.12.09-04.23.35:607][ 50]LogD3D11RHI: Shutdown
[2019.12.09-04.23.35:607][ 50]LogD3D11RHI: CleanupD3DDevice
[2019.12.09-04.23.35:619][ 50]LogRendererCore: FGlobalDynamicReadBuffer::Cleanup()
[2019.12.09-04.23.35:619][ 50]LogRendererCore: FGlobalDynamicReadBuffer::Cleanup()
[2019.12.09-04.23.35:619][ 50]LogRendererCore: FGlobalDynamicReadBuffer::Cleanup()
[2019.12.09-04.23.35:928][ 50]LogD3D11RHI: ~FD3D11DynamicRHI
[2019.12.09-04.23.35:939][ 50]LogExit: Exiting.
[2019.12.09-04.23.35:951][ 50]Log file closed, 12/08/19 23:23:35
