Log file open, 11/28/19 10:25:59
LogWindows: Failed to load 'aqProf.dll' (GetLastError=126)
LogWindows: File 'aqProf.dll' does not exist
LogWindows: Failed to load 'VtuneApi.dll' (GetLastError=126)
LogWindows: File 'VtuneApi.dll' does not exist
LogWindows: Failed to load 'VtuneApi32e.dll' (GetLastError=126)
LogWindows: File 'VtuneApi32e.dll' does not exist
LogConsoleResponse: Display: Failed to find resolution value strings in scalability ini. Falling back to default.
LogInit: Display: Running engine for game: Stolenmates
LogPlatformFile: Not using cached read wrapper
LogTaskGraph: Started task graph with 5 named threads and 23 total threads with 3 sets of task threads.
LogStats: Stats thread started at 0.161695
LogD3D11RHI: Loaded GFSDK_Aftermath_Lib.x64.dll
LogICUInternationalization: ICU TimeZone Detection - Raw Offset: -5:00, Platform Override: ''
LogPluginManager: Mounting plugin Paper2D
LogPluginManager: Mounting plugin AISupport
LogPluginManager: Mounting plugin LightPropagationVolume
LogPluginManager: Mounting plugin ActorLayerUtilities
LogPluginManager: Mounting plugin AnimationSharing
LogPluginManager: Mounting plugin CLionSourceCodeAccess
LogPluginManager: Mounting plugin CodeLiteSourceCodeAccess
LogPluginManager: Mounting plugin GitSourceControl
LogPluginManager: Mounting plugin KDevelopSourceCodeAccess
LogPluginManager: Mounting plugin NullSourceCodeAccess
LogPluginManager: Mounting plugin PerforceSourceControl
LogPluginManager: Mounting plugin SubversionSourceControl
LogPluginManager: Mounting plugin UObjectPlugin
LogPluginManager: Mounting plugin VisualStudioCodeSourceCodeAccess
LogPluginManager: Mounting plugin VisualStudioSourceCodeAccess
LogPluginManager: Mounting plugin XCodeSourceCodeAccess
LogPluginManager: Mounting plugin AssetManagerEditor
LogPluginManager: Mounting plugin CryptoKeys
LogPluginManager: Mounting plugin CurveEditorTools
LogPluginManager: Mounting plugin DataValidation
LogPluginManager: Mounting plugin FacialAnimation
LogPluginManager: Mounting plugin GameplayTagsEditor
LogPluginManager: Mounting plugin MacGraphicsSwitching
LogPluginManager: Mounting plugin MaterialAnalyzer
LogPluginManager: Mounting plugin MobileLauncherProfileWizard
LogPluginManager: Mounting plugin PluginBrowser
LogPluginManager: Mounting plugin SpeedTreeImporter
LogPluginManager: Mounting plugin DatasmithContent
LogPluginManager: Mounting plugin VariantManagerContent
LogPluginManager: Mounting plugin AlembicImporter
LogPluginManager: Mounting plugin AutomationUtils
LogPluginManager: Mounting plugin BackChannel
LogPluginManager: Mounting plugin CharacterAI
LogPluginManager: Mounting plugin GeometryCache
LogPluginManager: Mounting plugin HTML5Networking
LogPluginManager: Mounting plugin PlatformCrypto
LogPluginManager: Mounting plugin ProxyLODPlugin
LogPluginManager: Mounting plugin SkeletalReduction
LogPluginManager: Mounting plugin MagicLeap
LogPluginManager: Mounting plugin MagicLeapMedia
LogPluginManager: Mounting plugin AndroidMedia
LogPluginManager: Mounting plugin AvfMedia
LogPluginManager: Mounting plugin ImgMedia
LogPluginManager: Mounting plugin MediaCompositing
LogPluginManager: Mounting plugin MediaPlayerEditor
LogPluginManager: Mounting plugin WebMMedia
LogPluginManager: Mounting plugin WmfMedia
LogPluginManager: Mounting plugin TcpMessaging
LogPluginManager: Mounting plugin UdpMessaging
LogPluginManager: Mounting plugin ActorSequence
LogPluginManager: Mounting plugin LevelSequenceEditor
LogPluginManager: Mounting plugin MatineeToLevelSequence
LogPluginManager: Mounting plugin NetcodeUnitTest
LogPluginManager: Mounting plugin NUTUnrealEngine4
LogPluginManager: Mounting plugin OnlineSubsystemGooglePlay
LogPluginManager: Mounting plugin OnlineSubsystemIOS
LogPluginManager: Mounting plugin OnlineSubsystem
LogPluginManager: Mounting plugin OnlineSubsystemNull
LogPluginManager: Mounting plugin OnlineSubsystemUtils
LogPluginManager: Mounting plugin LauncherChunkInstaller
LogPluginManager: Mounting plugin AndroidDeviceProfileSelector
LogPluginManager: Mounting plugin AndroidMoviePlayer
LogPluginManager: Mounting plugin AndroidPermission
LogPluginManager: Mounting plugin AppleImageUtils
LogPluginManager: Mounting plugin AppleMoviePlayer
LogPluginManager: Mounting plugin ArchVisCharacter
LogPluginManager: Mounting plugin AudioCapture
LogPluginManager: Mounting plugin CableComponent
LogPluginManager: Mounting plugin CustomMeshComponent
LogPluginManager: Mounting plugin EditableMesh
LogPluginManager: Mounting plugin ExampleDeviceProfileSelector
LogPluginManager: Mounting plugin GoogleCloudMessaging
LogPluginManager: Mounting plugin IOSDeviceProfileSelector
LogPluginManager: Mounting plugin LinuxDeviceProfileSelector
LogPluginManager: Mounting plugin LocationServicesBPLibrary
LogPluginManager: Mounting plugin MobilePatchingUtils
LogPluginManager: Mounting plugin OculusVR
LogPluginManager: Mounting plugin PhysXVehicles
LogPluginManager: Mounting plugin ProceduralMeshComponent
LogPluginManager: Mounting plugin RuntimePhysXCooking
LogPluginManager: Mounting plugin SignificanceManager
LogPluginManager: Mounting plugin SteamVR
LogPluginManager: Mounting plugin WebMMoviePlayer
LogPluginManager: Mounting plugin WindowsMoviePlayer
LogPluginManager: Mounting plugin ScreenshotTools
LogInit: Using libcurl 7.55.1-DEV
LogInit:  - built for x86_64-pc-win32
LogInit:  - supports SSL with OpenSSL/1.1.1
LogInit:  - supports HTTP deflate (compression) using libz 1.2.8
LogInit:  - other features:
LogInit:      CURL_VERSION_SSL
LogInit:      CURL_VERSION_LIBZ
LogInit:      CURL_VERSION_IPV6
LogInit:      CURL_VERSION_ASYNCHDNS
LogInit:      CURL_VERSION_LARGEFILE
LogInit:      CURL_VERSION_IDN
LogInit:  CurlRequestOptions (configurable via config and command line):
LogInit:  - bVerifyPeer = true  - Libcurl will verify peer certificate
LogInit:  - bUseHttpProxy = false  - Libcurl will NOT use HTTP proxy
LogInit:  - bDontReuseConnections = false  - Libcurl will reuse connections
LogInit:  - MaxHostConnections = 16  - Libcurl will limit the number of connections to a host
LogInit:  - LocalHostAddr = Default
LogInit:  - BufferSize = 65536
LogOnline: OSS: Creating online subsystem instance for: NULL
LogInit: WinSock: version 1.1 (2.2), MaxSocks=32767, MaxUdp=65467
LogInit: Build: ++UE4+Release-4.23-CL-9631420
LogInit: Engine Version: 4.23.1-9631420+++UE4+Release-4.23
LogInit: Compatible Engine Version: 4.23.0-8386587+++UE4+Release-4.23
LogInit: Net CL: 8386587
LogInit: OS: Windows 10 (Release 1809) (), CPU: Intel(R) Core(TM) i7-7700 CPU @ 3.60GHz, GPU: NVIDIA GeForce GTX 1070
LogInit: Compiled (64-bit): Oct 18 2019 02:07:44
LogInit: Compiled with Visual C++: 19.16.27030.01
LogInit: Build Configuration: Development
LogInit: Branch Name: ++UE4+Release-4.23
LogInit: Command Line:  -skipcompile
LogInit: Base Directory: C:/Program Files/Epic Games/UE_4.23/Engine/Binaries/Win64/
LogInit: Installed Engine Build: 1
LogDevObjectVersion: Number of dev versions registered: 23
LogDevObjectVersion:   Dev-Blueprints (B0D832E4-1F89-4F0D-ACCF-7EB736FD4AA2): 10
LogDevObjectVersion:   Dev-Build (E1C64328-A22C-4D53-A36C-8E866417BD8C): 0
LogDevObjectVersion:   Dev-Core (375EC13C-06E4-48FB-B500-84F0262A717E): 3
LogDevObjectVersion:   Dev-Editor (E4B068ED-F494-42E9-A231-DA0B2E46BB41): 34
LogDevObjectVersion:   Dev-Framework (CFFC743F-43B0-4480-9391-14DF171D2073): 35
LogDevObjectVersion:   Dev-Mobile (B02B49B5-BB20-44E9-A304-32B752E40360): 2
LogDevObjectVersion:   Dev-Networking (A4E4105C-59A1-49B5-A7C5-40C4547EDFEE): 0
LogDevObjectVersion:   Dev-Online (39C831C9-5AE6-47DC-9A44-9C173E1C8E7C): 0
LogDevObjectVersion:   Dev-Physics (78F01B33-EBEA-4F98-B9B4-84EACCB95AA2): 0
LogDevObjectVersion:   Dev-Platform (6631380F-2D4D-43E0-8009-CF276956A95A): 0
LogDevObjectVersion:   Dev-Rendering (12F88B9F-8875-4AFC-A67C-D90C383ABD29): 31
LogDevObjectVersion:   Dev-Sequencer (7B5AE74C-D270-4C10-A958-57980B212A5A): 11
LogDevObjectVersion:   Dev-VR (D7296918-1DD6-4BDD-9DE2-64A83CC13884): 2
LogDevObjectVersion:   Dev-LoadTimes (C2A15278-BFE7-4AFE-6C17-90FF531DF755): 1
LogDevObjectVersion:   Private-Geometry (6EACA3D4-40EC-4CC1-B786-8BED09428FC5): 3
LogDevObjectVersion:   Dev-AnimPhys (29E575DD-E0A3-4627-9D10-D276232CDCEA): 17
LogDevObjectVersion:   Dev-Anim (AF43A65D-7FD3-4947-9873-3E8ED9C1BB05): 2
LogDevObjectVersion:   Dev-ReflectionCapture (6B266CEC-1EC7-4B8F-A30B-E4D90942FC07): 1
LogDevObjectVersion:   Dev-Automation (0DF73D61-A23F-47EA-B727-89E90C41499A): 1
LogDevObjectVersion:   FortniteMain (601D1886-AC64-4F84-AA16-D3DE0DEAC7D6): 27
LogDevObjectVersion:   Dev-Enterprise (9DFFBCD6-494F-0158-E221-12823C92A888): 6
LogDevObjectVersion:   Dev-Niagara (F2AED0AC-9AFE-416F-8664-AA7FFA26D6FC): 1
LogDevObjectVersion:   Dev-Destruction (174F1F0B-B4C6-45A5-B13F-2EE8D0FB917D): 9
LogInit: Presizing for max 16777216 objects, including 0 objects not considered by GC, pre-allocating 0 bytes for permanent pool.
LogInit: Object subsystem initialized
LogConfig: Setting CVar [[con.DebugEarlyDefault:1]]
LogConfig: Setting CVar [[r.setres:1280x720]]
[2019.11.28-15.25.59:692][  0]LogConfig: Setting CVar [[r.VSync:0]]
[2019.11.28-15.25.59:692][  0]LogConfig: Setting CVar [[r.RHICmdBypass:0]]
[2019.11.28-15.25.59:692][  0]LogConfig: Applying CVar settings from Section [/Script/Engine.RendererSettings] File [C:/Users/tbiss/Documents/GitHub/Stolemates/Stolenmates/Saved/Config/Windows/Engine.ini]
[2019.11.28-15.25.59:692][  0]LogConfig: Setting CVar [[r.GPUCrashDebugging:0]]
[2019.11.28-15.25.59:692][  0]LogConfig: Setting CVar [[r.DefaultFeature.AutoExposure.ExtendDefaultLuminanceRange:1]]
[2019.11.28-15.25.59:692][  0]LogConfig: Applying CVar settings from Section [/Script/Engine.RendererOverrideSettings] File [C:/Users/tbiss/Documents/GitHub/Stolemates/Stolenmates/Saved/Config/Windows/Engine.ini]
[2019.11.28-15.25.59:692][  0]LogConfig: Applying CVar settings from Section [/Script/Engine.StreamingSettings] File [C:/Users/tbiss/Documents/GitHub/Stolemates/Stolenmates/Saved/Config/Windows/Engine.ini]
[2019.11.28-15.25.59:692][  0]LogConfig: Setting CVar [[s.MinBulkDataSizeForAsyncLoading:131072]]
[2019.11.28-15.25.59:692][  0]LogConfig: Setting CVar [[s.AsyncLoadingThreadEnabled:0]]
[2019.11.28-15.25.59:692][  0]LogConfig: Setting CVar [[s.EventDrivenLoaderEnabled:1]]
[2019.11.28-15.25.59:692][  0]LogConfig: Setting CVar [[s.WarnIfTimeLimitExceeded:0]]
[2019.11.28-15.25.59:692][  0]LogConfig: Setting CVar [[s.TimeLimitExceededMultiplier:1.5]]
[2019.11.28-15.25.59:692][  0]LogConfig: Setting CVar [[s.TimeLimitExceededMinTime:0.005]]
[2019.11.28-15.25.59:692][  0]LogConfig: Setting CVar [[s.UseBackgroundLevelStreaming:1]]
[2019.11.28-15.25.59:692][  0]LogConfig: Setting CVar [[s.PriorityAsyncLoadingExtraTime:15.0]]
[2019.11.28-15.25.59:692][  0]LogConfig: Setting CVar [[s.LevelStreamingActorsUpdateTimeLimit:5.0]]
[2019.11.28-15.25.59:692][  0]LogConfig: Setting CVar [[s.PriorityLevelStreamingActorsUpdateExtraTime:5.0]]
[2019.11.28-15.25.59:692][  0]LogConfig: Setting CVar [[s.LevelStreamingComponentsRegistrationGranularity:10]]
[2019.11.28-15.25.59:693][  0]LogConfig: Setting CVar [[s.UnregisterComponentsTimeLimit:1.0]]
[2019.11.28-15.25.59:693][  0]LogConfig: Setting CVar [[s.LevelStreamingComponentsUnregistrationGranularity:5]]
[2019.11.28-15.25.59:693][  0]LogConfig: Applying CVar settings from Section [/Script/Engine.GarbageCollectionSettings] File [C:/Users/tbiss/Documents/GitHub/Stolemates/Stolenmates/Saved/Config/Windows/Engine.ini]
[2019.11.28-15.25.59:693][  0]LogConfig: Setting CVar [[gc.MaxObjectsNotConsideredByGC:1]]
[2019.11.28-15.25.59:693][  0]LogConfig: Setting CVar [[gc.SizeOfPermanentObjectPool:0]]
[2019.11.28-15.25.59:693][  0]LogConfig: Setting CVar [[gc.FlushStreamingOnGC:0]]
[2019.11.28-15.25.59:693][  0]LogConfig: Setting CVar [[gc.NumRetriesBeforeForcingGC:10]]
[2019.11.28-15.25.59:693][  0]LogConfig: Setting CVar [[gc.AllowParallelGC:1]]
[2019.11.28-15.25.59:693][  0]LogConfig: Setting CVar [[gc.TimeBetweenPurgingPendingKillObjects:61.1]]
[2019.11.28-15.25.59:693][  0]LogConfig: Setting CVar [[gc.MaxObjectsInEditor:16777216]]
[2019.11.28-15.25.59:693][  0]LogConfig: Setting CVar [[gc.IncrementalBeginDestroyEnabled:1]]
[2019.11.28-15.25.59:693][  0]LogConfig: Setting CVar [[gc.CreateGCClusters:1]]
[2019.11.28-15.25.59:693][  0]LogConfig: Setting CVar [[gc.MinGCClusterSize:5]]
[2019.11.28-15.25.59:693][  0]LogConfig: Setting CVar [[gc.ActorClusteringEnabled:0]]
[2019.11.28-15.25.59:693][  0]LogConfig: Setting CVar [[gc.BlueprintClusteringEnabled:0]]
[2019.11.28-15.25.59:693][  0]LogConfig: Setting CVar [[gc.UseDisregardForGCOnDedicatedServers:0]]
[2019.11.28-15.25.59:693][  0]LogConfig: Applying CVar settings from Section [/Script/Engine.NetworkSettings] File [C:/Users/tbiss/Documents/GitHub/Stolemates/Stolenmates/Saved/Config/Windows/Engine.ini]
[2019.11.28-15.25.59:693][  0]LogConfig: Applying CVar settings from Section [/Script/UnrealEd.CookerSettings] File [C:/Users/tbiss/Documents/GitHub/Stolemates/Stolenmates/Saved/Config/Windows/Engine.ini]
[2019.11.28-15.25.59:697][  0]LogConfig: Applying CVar settings from Section [ViewDistanceQuality@3] File [C:/Users/tbiss/Documents/GitHub/Stolemates/Stolenmates/Saved/Config/Windows/Scalability.ini]
[2019.11.28-15.25.59:698][  0]LogConfig: Setting CVar [[r.SkeletalMeshLODBias:0]]
[2019.11.28-15.25.59:698][  0]LogConfig: Setting CVar [[r.ViewDistanceScale:1.0]]
[2019.11.28-15.25.59:698][  0]LogConfig: Applying CVar settings from Section [AntiAliasingQuality@3] File [C:/Users/tbiss/Documents/GitHub/Stolemates/Stolenmates/Saved/Config/Windows/Scalability.ini]
[2019.11.28-15.25.59:698][  0]LogConfig: Setting CVar [[r.PostProcessAAQuality:4]]
[2019.11.28-15.25.59:698][  0]LogConfig: Applying CVar settings from Section [ShadowQuality@3] File [C:/Users/tbiss/Documents/GitHub/Stolemates/Stolenmates/Saved/Config/Windows/Scalability.ini]
[2019.11.28-15.25.59:698][  0]LogConfig: Setting CVar [[r.LightFunctionQuality:1]]
[2019.11.28-15.25.59:698][  0]LogConfig: Setting CVar [[r.ShadowQuality:5]]
[2019.11.28-15.25.59:698][  0]LogConfig: Setting CVar [[r.Shadow.CSM.MaxCascades:10]]
[2019.11.28-15.25.59:698][  0]LogConfig: Setting CVar [[r.Shadow.MaxResolution:2048]]
[2019.11.28-15.25.59:698][  0]LogConfig: Setting CVar [[r.Shadow.MaxCSMResolution:2048]]
[2019.11.28-15.25.59:698][  0]LogConfig: Setting CVar [[r.Shadow.RadiusThreshold:0.01]]
[2019.11.28-15.25.59:698][  0]LogConfig: Setting CVar [[r.Shadow.DistanceScale:1.0]]
[2019.11.28-15.25.59:698][  0]LogConfig: Setting CVar [[r.Shadow.CSM.TransitionScale:1.0]]
[2019.11.28-15.25.59:698][  0]LogConfig: Setting CVar [[r.Shadow.PreShadowResolutionFactor:1.0]]
[2019.11.28-15.25.59:698][  0]LogConfig: Setting CVar [[r.DistanceFieldShadowing:1]]
[2019.11.28-15.25.59:698][  0]LogConfig: Setting CVar [[r.DistanceFieldAO:1]]
[2019.11.28-15.25.59:698][  0]LogConfig: Setting CVar [[r.AOQuality:2]]
[2019.11.28-15.25.59:698][  0]LogConfig: Setting CVar [[r.VolumetricFog:1]]
[2019.11.28-15.25.59:698][  0]LogConfig: Setting CVar [[r.VolumetricFog.GridPixelSize:8]]
[2019.11.28-15.25.59:698][  0]LogConfig: Setting CVar [[r.VolumetricFog.GridSizeZ:128]]
[2019.11.28-15.25.59:699][  0]LogConfig: Setting CVar [[r.VolumetricFog.HistoryMissSupersampleCount:4]]
[2019.11.28-15.25.59:699][  0]LogConfig: Setting CVar [[r.LightMaxDrawDistanceScale:1]]
[2019.11.28-15.25.59:699][  0]LogConfig: Setting CVar [[r.CapsuleShadows:1]]
[2019.11.28-15.25.59:699][  0]LogConfig: Applying CVar settings from Section [PostProcessQuality@3] File [C:/Users/tbiss/Documents/GitHub/Stolemates/Stolenmates/Saved/Config/Windows/Scalability.ini]
[2019.11.28-15.25.59:699][  0]LogConfig: Setting CVar [[r.MotionBlurQuality:4]]
[2019.11.28-15.25.59:699][  0]LogConfig: Setting CVar [[r.AmbientOcclusionMipLevelFactor:0.4]]
[2019.11.28-15.25.59:699][  0]LogConfig: Setting CVar [[r.AmbientOcclusionMaxQuality:100]]
[2019.11.28-15.25.59:699][  0]LogConfig: Setting CVar [[r.AmbientOcclusionLevels:-1]]
[2019.11.28-15.25.59:699][  0]LogConfig: Setting CVar [[r.AmbientOcclusionRadiusScale:1.0]]
[2019.11.28-15.25.59:699][  0]LogConfig: Setting CVar [[r.DepthOfFieldQuality:2]]
[2019.11.28-15.25.59:699][  0]LogConfig: Setting CVar [[r.RenderTargetPoolMin:400]]
[2019.11.28-15.25.59:699][  0]LogConfig: Setting CVar [[r.LensFlareQuality:2]]
[2019.11.28-15.25.59:699][  0]LogConfig: Setting CVar [[r.SceneColorFringeQuality:1]]
[2019.11.28-15.25.59:699][  0]LogConfig: Setting CVar [[r.EyeAdaptationQuality:2]]
[2019.11.28-15.25.59:699][  0]LogConfig: Setting CVar [[r.BloomQuality:5]]
[2019.11.28-15.25.59:699][  0]LogConfig: Setting CVar [[r.FastBlurThreshold:100]]
[2019.11.28-15.25.59:699][  0]LogConfig: Setting CVar [[r.Upscale.Quality:3]]
[2019.11.28-15.25.59:699][  0]LogConfig: Setting CVar [[r.Tonemapper.GrainQuantization:1]]
[2019.11.28-15.25.59:700][  0]LogConfig: Setting CVar [[r.LightShaftQuality:1]]
[2019.11.28-15.25.59:700][  0]LogConfig: Setting CVar [[r.Filter.SizeScale:1]]
[2019.11.28-15.25.59:700][  0]LogConfig: Setting CVar [[r.Tonemapper.Quality:5]]
[2019.11.28-15.25.59:700][  0]LogConfig: Setting CVar [[r.DOF.Gather.AccumulatorQuality:1        ; higher gathering accumulator quality]]
[2019.11.28-15.25.59:700][  0]LogConfig: Setting CVar [[r.DOF.Gather.PostfilterMethod:1          ; Median3x3 postfilering method]]
[2019.11.28-15.25.59:700][  0]LogConfig: Setting CVar [[r.DOF.Gather.EnableBokehSettings:0       ; no bokeh simulation when gathering]]
[2019.11.28-15.25.59:700][  0]LogConfig: Setting CVar [[r.DOF.Gather.RingCount:4                 ; medium number of samples when gathering]]
[2019.11.28-15.25.59:700][  0]LogConfig: Setting CVar [[r.DOF.Scatter.ForegroundCompositing:1    ; additive foreground scattering]]
[2019.11.28-15.25.59:700][  0]LogConfig: Setting CVar [[r.DOF.Scatter.BackgroundCompositing:2    ; additive background scattering]]
[2019.11.28-15.25.59:700][  0]LogConfig: Setting CVar [[r.DOF.Scatter.EnableBokehSettings:1      ; bokeh simulation when scattering]]
[2019.11.28-15.25.59:700][  0]LogConfig: Setting CVar [[r.DOF.Scatter.MaxSpriteRatio:0.1         ; only a maximum of 10% of scattered bokeh]]
[2019.11.28-15.25.59:700][  0]LogConfig: Setting CVar [[r.DOF.Recombine.Quality:1                ; cheap slight out of focus]]
[2019.11.28-15.25.59:700][  0]LogConfig: Setting CVar [[r.DOF.Recombine.EnableBokehSettings:0    ; no bokeh simulation on slight out of focus]]
[2019.11.28-15.25.59:700][  0]LogConfig: Setting CVar [[r.DOF.TemporalAAQuality:1                ; more stable temporal accumulation]]
[2019.11.28-15.25.59:700][  0]LogConfig: Setting CVar [[r.DOF.Kernel.MaxForegroundRadius:0.025]]
[2019.11.28-15.25.59:700][  0]LogConfig: Setting CVar [[r.DOF.Kernel.MaxBackgroundRadius:0.025]]
[2019.11.28-15.25.59:700][  0]LogConfig: Applying CVar settings from Section [TextureQuality@3] File [C:/Users/tbiss/Documents/GitHub/Stolemates/Stolenmates/Saved/Config/Windows/Scalability.ini]
[2019.11.28-15.25.59:700][  0]LogConfig: Setting CVar [[r.Streaming.MipBias:0]]
[2019.11.28-15.25.59:700][  0]LogConfig: Setting CVar [[r.Streaming.AmortizeCPUToGPUCopy:0]]
[2019.11.28-15.25.59:700][  0]LogConfig: Setting CVar [[r.Streaming.MaxNumTexturesToStreamPerFrame:0]]
[2019.11.28-15.25.59:700][  0]LogConfig: Setting CVar [[r.Streaming.Boost:1]]
[2019.11.28-15.25.59:700][  0]LogConfig: Setting CVar [[r.MaxAnisotropy:8]]
[2019.11.28-15.25.59:701][  0]LogConfig: Setting CVar [[r.Streaming.LimitPoolSizeToVRAM:0]]
[2019.11.28-15.25.59:701][  0]LogConfig: Setting CVar [[r.Streaming.PoolSize:1000]]
[2019.11.28-15.25.59:701][  0]LogConfig: Setting CVar [[r.Streaming.MaxEffectiveScreenSize:0]]
[2019.11.28-15.25.59:701][  0]LogConfig: Applying CVar settings from Section [EffectsQuality@3] File [C:/Users/tbiss/Documents/GitHub/Stolemates/Stolenmates/Saved/Config/Windows/Scalability.ini]
[2019.11.28-15.25.59:701][  0]LogConfig: Setting CVar [[r.TranslucencyLightingVolumeDim:64]]
[2019.11.28-15.25.59:701][  0]LogConfig: Setting CVar [[r.RefractionQuality:2]]
[2019.11.28-15.25.59:701][  0]LogConfig: Setting CVar [[r.SSR.Quality:3]]
[2019.11.28-15.25.59:701][  0]LogConfig: Setting CVar [[r.SceneColorFormat:4]]
[2019.11.28-15.25.59:701][  0]LogConfig: Setting CVar [[r.DetailMode:2]]
[2019.11.28-15.25.59:701][  0]LogConfig: Setting CVar [[r.TranslucencyVolumeBlur:1]]
[2019.11.28-15.25.59:701][  0]LogConfig: Setting CVar [[r.MaterialQualityLevel:1 ; High quality]]
[2019.11.28-15.25.59:701][  0]LogConfig: Setting CVar [[r.SSS.Scale:1]]
[2019.11.28-15.25.59:701][  0]LogConfig: Setting CVar [[r.SSS.SampleSet:2]]
[2019.11.28-15.25.59:701][  0]LogConfig: Setting CVar [[r.SSS.Quality:1]]
[2019.11.28-15.25.59:701][  0]LogConfig: Setting CVar [[r.SSS.HalfRes:1]]
[2019.11.28-15.25.59:701][  0]LogConfig: Setting CVar [[r.EmitterSpawnRateScale:1.0]]
[2019.11.28-15.25.59:701][  0]LogConfig: Setting CVar [[r.ParticleLightQuality:2]]
[2019.11.28-15.25.59:701][  0]LogConfig: Applying CVar settings from Section [FoliageQuality@3] File [C:/Users/tbiss/Documents/GitHub/Stolemates/Stolenmates/Saved/Config/Windows/Scalability.ini]
[2019.11.28-15.25.59:701][  0]LogConfig: Setting CVar [[foliage.DensityScale:1.0]]
[2019.11.28-15.25.59:701][  0]LogConfig: Setting CVar [[grass.DensityScale:1.0]]
[2019.11.28-15.25.59:701][  0]LogInit: Selected Device Profile: [Windows]
[2019.11.28-15.25.59:702][  0]LogInit: Applying CVar settings loaded from the selected device profile: [Windows]
[2019.11.28-15.25.59:704][  0]LogHAL: Display: Platform has ~ 16 GB [17114079232 / 17179869184 / 16], which maps to Larger [LargestMinGB=32, LargerMinGB=12, DefaultMinGB=8, SmallerMinGB=6, SmallestMinGB=0)
[2019.11.28-15.25.59:704][  0]LogInit: Going up to parent DeviceProfile []
[2019.11.28-15.25.59:704][  0]LogConfig: Applying CVar settings from Section [ViewDistanceQuality@3] File [C:/Users/tbiss/Documents/GitHub/Stolemates/Stolenmates/Saved/Config/Windows/Scalability.ini]
[2019.11.28-15.25.59:705][  0]LogConfig: Setting CVar [[r.SkeletalMeshLODBias:0]]
[2019.11.28-15.25.59:705][  0]LogConfig: Setting CVar [[r.ViewDistanceScale:1.0]]
[2019.11.28-15.25.59:705][  0]LogConfig: Applying CVar settings from Section [AntiAliasingQuality@3] File [C:/Users/tbiss/Documents/GitHub/Stolemates/Stolenmates/Saved/Config/Windows/Scalability.ini]
[2019.11.28-15.25.59:705][  0]LogConfig: Setting CVar [[r.PostProcessAAQuality:4]]
[2019.11.28-15.25.59:705][  0]LogConfig: Applying CVar settings from Section [ShadowQuality@3] File [C:/Users/tbiss/Documents/GitHub/Stolemates/Stolenmates/Saved/Config/Windows/Scalability.ini]
[2019.11.28-15.25.59:705][  0]LogConfig: Setting CVar [[r.LightFunctionQuality:1]]
[2019.11.28-15.25.59:705][  0]LogConfig: Setting CVar [[r.ShadowQuality:5]]
[2019.11.28-15.25.59:705][  0]LogConfig: Setting CVar [[r.Shadow.CSM.MaxCascades:10]]
[2019.11.28-15.25.59:705][  0]LogConfig: Setting CVar [[r.Shadow.MaxResolution:2048]]
[2019.11.28-15.25.59:705][  0]LogConfig: Setting CVar [[r.Shadow.MaxCSMResolution:2048]]
[2019.11.28-15.25.59:705][  0]LogConfig: Setting CVar [[r.Shadow.RadiusThreshold:0.01]]
[2019.11.28-15.25.59:705][  0]LogConfig: Setting CVar [[r.Shadow.DistanceScale:1.0]]
[2019.11.28-15.25.59:705][  0]LogConfig: Setting CVar [[r.Shadow.CSM.TransitionScale:1.0]]
[2019.11.28-15.25.59:705][  0]LogConfig: Setting CVar [[r.Shadow.PreShadowResolutionFactor:1.0]]
[2019.11.28-15.25.59:705][  0]LogConfig: Setting CVar [[r.DistanceFieldShadowing:1]]
[2019.11.28-15.25.59:705][  0]LogConfig: Setting CVar [[r.DistanceFieldAO:1]]
[2019.11.28-15.25.59:706][  0]LogConfig: Setting CVar [[r.AOQuality:2]]
[2019.11.28-15.25.59:706][  0]LogConfig: Setting CVar [[r.VolumetricFog:1]]
[2019.11.28-15.25.59:706][  0]LogConfig: Setting CVar [[r.VolumetricFog.GridPixelSize:8]]
[2019.11.28-15.25.59:706][  0]LogConfig: Setting CVar [[r.VolumetricFog.GridSizeZ:128]]
[2019.11.28-15.25.59:706][  0]LogConfig: Setting CVar [[r.VolumetricFog.HistoryMissSupersampleCount:4]]
[2019.11.28-15.25.59:706][  0]LogConfig: Setting CVar [[r.LightMaxDrawDistanceScale:1]]
[2019.11.28-15.25.59:706][  0]LogConfig: Setting CVar [[r.CapsuleShadows:1]]
[2019.11.28-15.25.59:706][  0]LogConfig: Applying CVar settings from Section [PostProcessQuality@3] File [C:/Users/tbiss/Documents/GitHub/Stolemates/Stolenmates/Saved/Config/Windows/Scalability.ini]
[2019.11.28-15.25.59:706][  0]LogConfig: Setting CVar [[r.MotionBlurQuality:4]]
[2019.11.28-15.25.59:706][  0]LogConfig: Setting CVar [[r.AmbientOcclusionMipLevelFactor:0.4]]
[2019.11.28-15.25.59:706][  0]LogConfig: Setting CVar [[r.AmbientOcclusionMaxQuality:100]]
[2019.11.28-15.25.59:706][  0]LogConfig: Setting CVar [[r.AmbientOcclusionLevels:-1]]
[2019.11.28-15.25.59:706][  0]LogConfig: Setting CVar [[r.AmbientOcclusionRadiusScale:1.0]]
[2019.11.28-15.25.59:706][  0]LogConfig: Setting CVar [[r.DepthOfFieldQuality:2]]
[2019.11.28-15.25.59:706][  0]LogConfig: Setting CVar [[r.RenderTargetPoolMin:400]]
[2019.11.28-15.25.59:706][  0]LogConfig: Setting CVar [[r.LensFlareQuality:2]]
[2019.11.28-15.25.59:706][  0]LogConfig: Setting CVar [[r.SceneColorFringeQuality:1]]
[2019.11.28-15.25.59:706][  0]LogConfig: Setting CVar [[r.EyeAdaptationQuality:2]]
[2019.11.28-15.25.59:706][  0]LogConfig: Setting CVar [[r.BloomQuality:5]]
[2019.11.28-15.25.59:706][  0]LogConfig: Setting CVar [[r.FastBlurThreshold:100]]
[2019.11.28-15.25.59:707][  0]LogConfig: Setting CVar [[r.Upscale.Quality:3]]
[2019.11.28-15.25.59:707][  0]LogConfig: Setting CVar [[r.Tonemapper.GrainQuantization:1]]
[2019.11.28-15.25.59:707][  0]LogConfig: Setting CVar [[r.LightShaftQuality:1]]
[2019.11.28-15.25.59:707][  0]LogConfig: Setting CVar [[r.Filter.SizeScale:1]]
[2019.11.28-15.25.59:707][  0]LogConfig: Setting CVar [[r.Tonemapper.Quality:5]]
[2019.11.28-15.25.59:707][  0]LogConfig: Setting CVar [[r.DOF.Gather.AccumulatorQuality:1        ; higher gathering accumulator quality]]
[2019.11.28-15.25.59:707][  0]LogConfig: Setting CVar [[r.DOF.Gather.PostfilterMethod:1          ; Median3x3 postfilering method]]
[2019.11.28-15.25.59:707][  0]LogConfig: Setting CVar [[r.DOF.Gather.EnableBokehSettings:0       ; no bokeh simulation when gathering]]
[2019.11.28-15.25.59:707][  0]LogConfig: Setting CVar [[r.DOF.Gather.RingCount:4                 ; medium number of samples when gathering]]
[2019.11.28-15.25.59:707][  0]LogConfig: Setting CVar [[r.DOF.Scatter.ForegroundCompositing:1    ; additive foreground scattering]]
[2019.11.28-15.25.59:707][  0]LogConfig: Setting CVar [[r.DOF.Scatter.BackgroundCompositing:2    ; additive background scattering]]
[2019.11.28-15.25.59:707][  0]LogConfig: Setting CVar [[r.DOF.Scatter.EnableBokehSettings:1      ; bokeh simulation when scattering]]
[2019.11.28-15.25.59:707][  0]LogConfig: Setting CVar [[r.DOF.Scatter.MaxSpriteRatio:0.1         ; only a maximum of 10% of scattered bokeh]]
[2019.11.28-15.25.59:707][  0]LogConfig: Setting CVar [[r.DOF.Recombine.Quality:1                ; cheap slight out of focus]]
[2019.11.28-15.25.59:707][  0]LogConfig: Setting CVar [[r.DOF.Recombine.EnableBokehSettings:0    ; no bokeh simulation on slight out of focus]]
[2019.11.28-15.25.59:707][  0]LogConfig: Setting CVar [[r.DOF.TemporalAAQuality:1                ; more stable temporal accumulation]]
[2019.11.28-15.25.59:707][  0]LogConfig: Setting CVar [[r.DOF.Kernel.MaxForegroundRadius:0.025]]
[2019.11.28-15.25.59:707][  0]LogConfig: Setting CVar [[r.DOF.Kernel.MaxBackgroundRadius:0.025]]
[2019.11.28-15.25.59:707][  0]LogConfig: Applying CVar settings from Section [TextureQuality@3] File [C:/Users/tbiss/Documents/GitHub/Stolemates/Stolenmates/Saved/Config/Windows/Scalability.ini]
[2019.11.28-15.25.59:707][  0]LogConfig: Setting CVar [[r.Streaming.MipBias:0]]
[2019.11.28-15.25.59:707][  0]LogConfig: Setting CVar [[r.Streaming.AmortizeCPUToGPUCopy:0]]
[2019.11.28-15.25.59:708][  0]LogConfig: Setting CVar [[r.Streaming.MaxNumTexturesToStreamPerFrame:0]]
[2019.11.28-15.25.59:708][  0]LogConfig: Setting CVar [[r.Streaming.Boost:1]]
[2019.11.28-15.25.59:708][  0]LogConfig: Setting CVar [[r.MaxAnisotropy:8]]
[2019.11.28-15.25.59:708][  0]LogConfig: Setting CVar [[r.Streaming.LimitPoolSizeToVRAM:0]]
[2019.11.28-15.25.59:708][  0]LogConfig: Setting CVar [[r.Streaming.PoolSize:1000]]
[2019.11.28-15.25.59:708][  0]LogConfig: Setting CVar [[r.Streaming.MaxEffectiveScreenSize:0]]
[2019.11.28-15.25.59:708][  0]LogConfig: Applying CVar settings from Section [EffectsQuality@3] File [C:/Users/tbiss/Documents/GitHub/Stolemates/Stolenmates/Saved/Config/Windows/Scalability.ini]
[2019.11.28-15.25.59:708][  0]LogConfig: Setting CVar [[r.TranslucencyLightingVolumeDim:64]]
[2019.11.28-15.25.59:708][  0]LogConfig: Setting CVar [[r.RefractionQuality:2]]
[2019.11.28-15.25.59:708][  0]LogConfig: Setting CVar [[r.SSR.Quality:3]]
[2019.11.28-15.25.59:708][  0]LogConfig: Setting CVar [[r.SceneColorFormat:4]]
[2019.11.28-15.25.59:708][  0]LogConfig: Setting CVar [[r.DetailMode:2]]
[2019.11.28-15.25.59:708][  0]LogConfig: Setting CVar [[r.TranslucencyVolumeBlur:1]]
[2019.11.28-15.25.59:708][  0]LogConfig: Setting CVar [[r.MaterialQualityLevel:1 ; High quality]]
[2019.11.28-15.25.59:708][  0]LogConfig: Setting CVar [[r.SSS.Scale:1]]
[2019.11.28-15.25.59:708][  0]LogConfig: Setting CVar [[r.SSS.SampleSet:2]]
[2019.11.28-15.25.59:708][  0]LogConfig: Setting CVar [[r.SSS.Quality:1]]
[2019.11.28-15.25.59:708][  0]LogConfig: Setting CVar [[r.SSS.HalfRes:1]]
[2019.11.28-15.25.59:708][  0]LogConfig: Setting CVar [[r.EmitterSpawnRateScale:1.0]]
[2019.11.28-15.25.59:708][  0]LogConfig: Setting CVar [[r.ParticleLightQuality:2]]
[2019.11.28-15.25.59:708][  0]LogConfig: Applying CVar settings from Section [FoliageQuality@3] File [C:/Users/tbiss/Documents/GitHub/Stolemates/Stolenmates/Saved/Config/Windows/Scalability.ini]
[2019.11.28-15.25.59:708][  0]LogConfig: Setting CVar [[foliage.DensityScale:1.0]]
[2019.11.28-15.25.59:708][  0]LogConfig: Setting CVar [[grass.DensityScale:1.0]]
[2019.11.28-15.25.59:709][  0]LogConfig: Applying CVar settings from Section [Startup] File [../../../Engine/Config/ConsoleVariables.ini]
[2019.11.28-15.25.59:709][  0]LogConfig: Setting CVar [[net.UseAdaptiveNetUpdateFrequency:0]]
[2019.11.28-15.25.59:709][  0]LogConfig: Setting CVar [[p.chaos.AllowCreatePhysxBodies:1]]
[2019.11.28-15.25.59:709][  0]LogConfig: Applying CVar settings from Section [ConsoleVariables] File [C:/Users/tbiss/Documents/GitHub/Stolemates/Stolenmates/Saved/Config/Windows/Engine.ini]
[2019.11.28-15.25.59:709][  0]LogInit: Computer: TED-DESKTOP
[2019.11.28-15.25.59:709][  0]LogInit: User: tbiss
[2019.11.28-15.25.59:709][  0]LogInit: CPU Page size=4096, Cores=4
[2019.11.28-15.25.59:709][  0]LogInit: High frequency timer resolution =10.000000 MHz
[2019.11.28-15.25.59:709][  0]LogMemory: Memory total: Physical=15.9GB (16GB approx)
[2019.11.28-15.25.59:709][  0]LogMemory: Platform Memory Stats for Windows
[2019.11.28-15.25.59:709][  0]LogMemory: Process Physical Memory: 102.18 MB used, 102.19 MB peak
[2019.11.28-15.25.59:709][  0]LogMemory: Process Virtual Memory: 99.08 MB used, 99.08 MB peak
[2019.11.28-15.25.59:709][  0]LogMemory: Physical Memory: 7086.25 MB used,  9235.01 MB free, 16321.26 MB total
[2019.11.28-15.25.59:710][  0]LogMemory: Virtual Memory: 4681.35 MB used,  134213048.00 MB free, 134217728.00 MB total
[2019.11.28-15.26.00:132][  0]LogWindows: WindowsPlatformFeatures enabled
[2019.11.28-15.26.00:239][  0]LogInit: Using OS detected language (en-US).
[2019.11.28-15.26.00:239][  0]LogInit: Using OS detected locale (en-CA).
[2019.11.28-15.26.00:241][  0]LogTextLocalizationManager: No specific localization for 'en-US' exists, so the 'en' localization will be used.
[2019.11.28-15.26.00:403][  0]LogInit: Setting process to per monitor DPI aware
[2019.11.28-15.26.00:468][  0]LogSlate: New Slate User Created.  User Index 0, Is Virtual User: 0
[2019.11.28-15.26.00:468][  0]LogSlate: Slate User Registered.  User Index 0, Is Virtual User: 0
[2019.11.28-15.26.00:654][  0]LogHMD: Failed to initialize OpenVR with code 110
[2019.11.28-15.26.00:654][  0]LogD3D11RHI: D3D11 adapters:
[2019.11.28-15.26.00:735][  0]LogD3D11RHI:    0. 'NVIDIA GeForce GTX 1070' (Feature Level 11_0)
[2019.11.28-15.26.00:735][  0]LogD3D11RHI:       8088/0/8160 MB DedicatedVideo/DedicatedSystem/SharedSystem, Outputs:1, VendorId:0x10de
[2019.11.28-15.26.00:741][  0]LogD3D11RHI:    1. 'Microsoft Basic Render Driver' (Feature Level 11_0)
[2019.11.28-15.26.00:741][  0]LogD3D11RHI:       0/0/8160 MB DedicatedVideo/DedicatedSystem/SharedSystem, Outputs:0, VendorId:0x1414
[2019.11.28-15.26.00:741][  0]LogD3D11RHI: Chosen D3D11 Adapter: 0
[2019.11.28-15.26.00:749][  0]LogD3D11RHI: Creating new Direct3DDevice
[2019.11.28-15.26.00:750][  0]LogD3D11RHI:     GPU DeviceId: 0x1b81 (for the marketing name, search the web for "GPU Device Id")
[2019.11.28-15.26.00:750][  0]LogWindows: EnumDisplayDevices:
[2019.11.28-15.26.00:750][  0]LogWindows:    0. 'NVIDIA GeForce GTX 1070' (P:1 D:1)
[2019.11.28-15.26.00:751][  0]LogWindows:    1. 'NVIDIA GeForce GTX 1070' (P:0 D:0)
[2019.11.28-15.26.00:751][  0]LogWindows:    2. 'NVIDIA GeForce GTX 1070' (P:0 D:0)
[2019.11.28-15.26.00:751][  0]LogWindows:    3. 'NVIDIA GeForce GTX 1070' (P:0 D:0)
[2019.11.28-15.26.00:752][  0]LogWindows: DebugString: FoundDriverCount:4 
[2019.11.28-15.26.00:752][  0]LogD3D11RHI:     Adapter Name: NVIDIA GeForce GTX 1070
[2019.11.28-15.26.00:752][  0]LogD3D11RHI:   Driver Version: 419.72 (internal:25.21.14.1972, unified:419.72)
[2019.11.28-15.26.00:752][  0]LogD3D11RHI:      Driver Date: 3-18-2019
[2019.11.28-15.26.00:752][  0]LogRHI: Texture pool is 5661 MB (70% of 8088 MB)
[2019.11.28-15.26.00:793][  0]LogD3D11RHI: Async texture creation enabled
[2019.11.28-15.26.00:810][  0]LogD3D11RHI: GPU Timing Frequency: 1000.000000 (Debug: 2 1)
[2019.11.28-15.26.01:115][  0]LogTemp: Display: Module 'AllDesktopTargetPlatform' loaded TargetPlatform 'AllDesktop'
[2019.11.28-15.26.01:127][  0]LogTemp: Display: Module 'MacClientTargetPlatform' loaded TargetPlatform 'MacClient'
[2019.11.28-15.26.01:138][  0]LogTemp: Display: Module 'MacNoEditorTargetPlatform' loaded TargetPlatform 'MacNoEditor'
[2019.11.28-15.26.01:149][  0]LogTemp: Display: Module 'MacServerTargetPlatform' loaded TargetPlatform 'MacServer'
[2019.11.28-15.26.01:161][  0]LogTemp: Display: Module 'MacTargetPlatform' loaded TargetPlatform 'Mac'
[2019.11.28-15.26.01:172][  0]LogTemp: Display: Module 'WindowsClientTargetPlatform' loaded TargetPlatform 'WindowsClient'
[2019.11.28-15.26.01:182][  0]LogTemp: Display: Module 'WindowsNoEditorTargetPlatform' loaded TargetPlatform 'WindowsNoEditor'
[2019.11.28-15.26.01:192][  0]LogTemp: Display: Module 'WindowsServerTargetPlatform' loaded TargetPlatform 'WindowsServer'
[2019.11.28-15.26.01:199][  0]LogTemp: Display: Module 'WindowsTargetPlatform' loaded TargetPlatform 'Windows'
[2019.11.28-15.26.01:233][  0]LogTemp: Display: Module 'AndroidTargetPlatform' loaded TargetPlatform 'Android'
[2019.11.28-15.26.01:233][  0]LogTemp: Display: Module 'AndroidTargetPlatform' loaded TargetPlatform 'Android_ASTC'
[2019.11.28-15.26.01:233][  0]LogTemp: Display: Module 'AndroidTargetPlatform' loaded TargetPlatform 'Android_ATC'
[2019.11.28-15.26.01:234][  0]LogTemp: Display: Module 'AndroidTargetPlatform' loaded TargetPlatform 'Android_DXT'
[2019.11.28-15.26.01:234][  0]LogTemp: Display: Module 'AndroidTargetPlatform' loaded TargetPlatform 'Android_ETC1'
[2019.11.28-15.26.01:234][  0]LogTemp: Display: Module 'AndroidTargetPlatform' loaded TargetPlatform 'Android_ETC1a'
[2019.11.28-15.26.01:234][  0]LogTemp: Display: Module 'AndroidTargetPlatform' loaded TargetPlatform 'Android_ETC2'
[2019.11.28-15.26.01:234][  0]LogTemp: Display: Module 'AndroidTargetPlatform' loaded TargetPlatform 'Android_PVRTC'
[2019.11.28-15.26.01:234][  0]LogTemp: Display: Module 'AndroidTargetPlatform' loaded TargetPlatform 'AndroidClient'
[2019.11.28-15.26.01:234][  0]LogTemp: Display: Module 'AndroidTargetPlatform' loaded TargetPlatform 'Android_ASTCClient'
[2019.11.28-15.26.01:234][  0]LogTemp: Display: Module 'AndroidTargetPlatform' loaded TargetPlatform 'Android_ATCClient'
[2019.11.28-15.26.01:234][  0]LogTemp: Display: Module 'AndroidTargetPlatform' loaded TargetPlatform 'Android_DXTClient'
[2019.11.28-15.26.01:234][  0]LogTemp: Display: Module 'AndroidTargetPlatform' loaded TargetPlatform 'Android_ETC1Client'
[2019.11.28-15.26.01:234][  0]LogTemp: Display: Module 'AndroidTargetPlatform' loaded TargetPlatform 'Android_ETC1aClient'
[2019.11.28-15.26.01:234][  0]LogTemp: Display: Module 'AndroidTargetPlatform' loaded TargetPlatform 'Android_ETC2Client'
[2019.11.28-15.26.01:235][  0]LogTemp: Display: Module 'AndroidTargetPlatform' loaded TargetPlatform 'Android_PVRTCClient'
[2019.11.28-15.26.01:235][  0]LogTemp: Display: Module 'AndroidTargetPlatform' loaded TargetPlatform 'Android_Multi'
[2019.11.28-15.26.01:235][  0]LogTemp: Display: Module 'AndroidTargetPlatform' loaded TargetPlatform 'Android_MultiClient'
[2019.11.28-15.26.01:240][  0]LogTemp: Display: Module 'HTML5TargetPlatform' loaded TargetPlatform 'HTML5'
[2019.11.28-15.26.01:269][  0]LogTemp: Display: Module 'IOSTargetPlatform' loaded TargetPlatform 'IOSClient'
[2019.11.28-15.26.01:269][  0]LogTemp: Display: Module 'IOSTargetPlatform' loaded TargetPlatform 'IOS'
[2019.11.28-15.26.01:286][  0]LogTemp: Display: Module 'TVOSTargetPlatform' loaded TargetPlatform 'TVOSClient'
[2019.11.28-15.26.01:286][  0]LogTemp: Display: Module 'TVOSTargetPlatform' loaded TargetPlatform 'TVOS'
[2019.11.28-15.26.01:295][  0]LogTemp: Display: Module 'LinuxClientTargetPlatform' loaded TargetPlatform 'LinuxClient'
[2019.11.28-15.26.01:304][  0]LogTemp: Display: Module 'LinuxNoEditorTargetPlatform' loaded TargetPlatform 'LinuxNoEditor'
[2019.11.28-15.26.01:313][  0]LogTemp: Display: Module 'LinuxServerTargetPlatform' loaded TargetPlatform 'LinuxServer'
[2019.11.28-15.26.01:323][  0]LogTemp: Display: Module 'LinuxTargetPlatform' loaded TargetPlatform 'Linux'
[2019.11.28-15.26.01:349][  0]LogTemp: Display: Module 'LuminTargetPlatform' loaded TargetPlatform 'Lumin'
[2019.11.28-15.26.01:349][  0]LogTemp: Display: Module 'LuminTargetPlatform' loaded TargetPlatform 'LuminClient'
[2019.11.28-15.26.01:349][  0]LogTargetPlatformManager: Display: Building Assets For Windows
[2019.11.28-15.26.01:369][  0]LogAudioDebug: Display: Lib vorbis DLL was dynamically loaded.
[2019.11.28-15.26.01:476][  0]LogShaderCompilers: Guid format shader working directory is -24 characters bigger than the processId version (../../../../../../Users/tbiss/Documents/GitHub/Stolemates/Stolenmates/Intermediate/Shaders/WorkingDirectory/15132/).
[2019.11.28-15.26.01:477][  0]LogShaderCompilers: Cleaned the shader compiler working directory 'C:/Users/tbiss/AppData/Local/Temp/UnrealShaderWorkingDir/E26F85EA4419E3805F1199A3ADDDE872/'.
[2019.11.28-15.26.01:479][  0]LogXGEController: Cleaning working directory: C:/Users/tbiss/AppData/Local/Temp/UnrealXGEWorkingDir/
[2019.11.28-15.26.01:480][  0]LogXGEController: Cannot use XGE Controller as Incredibuild is not installed on this machine.
[2019.11.28-15.26.01:480][  0]LogShaderCompilers: Cannot use XGE Shader Compiler as Incredibuild is not installed on this machine.
[2019.11.28-15.26.01:480][  0]LogShaderCompilers: Display: Using Local Shader Compiler.
[2019.11.28-15.26.02:013][  0]LogDerivedDataCache: Display: Max Cache Size: 512 MB
[2019.11.28-15.26.02:066][  0]LogDerivedDataCache: Loaded boot cache 0.05s 73MB C:/Users/tbiss/AppData/Local/UnrealEngine/4.23/DerivedDataCache/Boot.ddc.
[2019.11.28-15.26.02:066][  0]LogDerivedDataCache: Display: Loaded Boot cache: C:/Users/tbiss/AppData/Local/UnrealEngine/4.23/DerivedDataCache/Boot.ddc
[2019.11.28-15.26.02:066][  0]LogDerivedDataCache: FDerivedDataBackendGraph:  Pak pak cache file ../../../../../../Users/tbiss/Documents/GitHub/Stolemates/Stolenmates/DerivedDataCache/DDC.ddp not found, will not use a pak cache.
[2019.11.28-15.26.02:066][  0]LogDerivedDataCache: Unable to find inner node Pak for hierarchical cache Hierarchy.
[2019.11.28-15.26.02:066][  0]LogDerivedDataCache: FDerivedDataBackendGraph:  CompressedPak pak cache file ../../../../../../Users/tbiss/Documents/GitHub/Stolemates/Stolenmates/DerivedDataCache/Compressed.ddp not found, will not use a pak cache.
[2019.11.28-15.26.02:066][  0]LogDerivedDataCache: Unable to find inner node CompressedPak for hierarchical cache Hierarchy.
[2019.11.28-15.26.02:076][  0]LogDerivedDataCache: Display: Pak cache opened for reading ../../../Engine/DerivedDataCache/Compressed.ddp.
[2019.11.28-15.26.02:077][  0]LogDerivedDataCache: FDerivedDataBackendGraph:  EnterprisePak pak cache file ../../../Enterprise/DerivedDataCache/Compressed.ddp not found, will not use a pak cache.
[2019.11.28-15.26.02:077][  0]LogDerivedDataCache: Unable to find inner node EnterprisePak for hierarchical cache Hierarchy.
[2019.11.28-15.26.02:079][  0]LogDerivedDataCache: Using Local data cache path C:/Users/tbiss/AppData/Local/UnrealEngine/Common/DerivedDataCache: Writable
[2019.11.28-15.26.02:080][  0]LogDerivedDataCache: Shared data cache path not found in *engine.ini, will not use an Shared cache.
[2019.11.28-15.26.02:080][  0]LogDerivedDataCache: Unable to find inner node Shared for hierarchical cache Hierarchy.
[2019.11.28-15.26.02:098][  0]LogMaterial: Verifying Global Shaders for PCD3D_SM5
[2019.11.28-15.26.02:100][  0]LogSlate: Using FreeType 2.6.0
[2019.11.28-15.26.02:101][  0]LogSlate: SlateFontServices - WITH_FREETYPE: 1, WITH_HARFBUZZ: 1
[2019.11.28-15.26.02:157][  0]LogAssetRegistry: FAssetRegistry took 0.0049 seconds to start up
[2019.11.28-15.26.02:383][  0]LogInit: Selected Device Profile: [Windows]
[2019.11.28-15.26.02:538][  0]LogMeshReduction: Using QuadricMeshReduction for automatic static mesh reduction
[2019.11.28-15.26.02:538][  0]LogMeshReduction: Using SimplygonMeshReduction for automatic skeletal mesh reduction
[2019.11.28-15.26.02:538][  0]LogMeshReduction: Using ProxyLODMeshReduction for automatic mesh merging
[2019.11.28-15.26.02:538][  0]LogMeshReduction: No distributed automatic mesh merging module available
[2019.11.28-15.26.02:538][  0]LogMeshMerging: No distributed automatic mesh merging module available
[2019.11.28-15.26.02:547][  0]LogNetVersion: Stolenmates 1.0.0, NetCL: 8386587, EngineNetVer: 11, GameNetVer: 0 (Checksum: 1334032006)
[2019.11.28-15.26.02:924][  0]LogPackageLocalizationCache: Processed 12 localized package path(s) for 1 prioritized culture(s) in 0.052257 seconds
[2019.11.28-15.26.02:930][  0]LogUObjectArray: 43444 objects as part of root set at end of initial load.
[2019.11.28-15.26.02:930][  0]LogUObjectAllocator: 7548648 out of 0 bytes used by permanent object pool.
[2019.11.28-15.26.02:930][  0]LogUObjectArray: CloseDisregardForGC: 0/0 objects in disregard for GC pool
[2019.11.28-15.26.03:914][  0]LogTcpMessaging: Initializing TcpMessaging bridge
[2019.11.28-15.26.03:923][  0]LogUdpMessaging: Initializing bridge on interface 0.0.0.0:0 to multicast group 230.0.0.1:6666.
[2019.11.28-15.26.04:033][  0]SourceControl: Source control is disabled
[2019.11.28-15.26.04:033][  0]SourceControl: Source control is disabled
[2019.11.28-15.26.04:036][  0]SourceControl: Source control is disabled
[2019.11.28-15.26.04:039][  0]SourceControl: Source control is disabled
[2019.11.28-15.26.04:219][  0]LogAndroidPermission: UAndroidPermissionCallbackProxy::GetInstance
[2019.11.28-15.26.04:411][  0]LogOcInput: OculusInput pre-init called
[2019.11.28-15.26.04:424][  0]LogWindows: Failed to load 'OVRPlugin.dll' (GetLastError=126)
[2019.11.28-15.26.04:425][  0]LogWindows: File 'OVRPlugin.dll' does not exist
[2019.11.28-15.26.04:509][  0]LogEngine: Initializing Engine...
[2019.11.28-15.26.04:510][  0]LogHMD: Failed to initialize OpenVR with code 110
[2019.11.28-15.26.04:512][  0]LogStats: UGameplayTagsManager::InitializeManager -  0.000 s
[2019.11.28-15.26.04:711][  0]LogInit: Initializing FReadOnlyCVARCache
[2019.11.28-15.26.04:733][  0]LogAIModule: Creating AISystem for world Untitled
[2019.11.28-15.26.04:757][  0]LogInit: XAudio2 using 'Speakers (Bose Revolve SoundLink)' : 2 channels at 48 kHz using 16 bits per sample (channel mask 0x3)
[2019.11.28-15.26.04:818][  0]LogInit: FAudioDevice initialized.
[2019.11.28-15.26.04:818][  0]LogNetVersion: Set ProjectVersion to 1.0.0.0. Version Checksum will be recalculated on next use.
[2019.11.28-15.26.04:909][  0]LogDerivedDataCache: Saved boot cache 0.09s 73MB C:/Users/tbiss/AppData/Local/UnrealEngine/4.23/DerivedDataCache/Boot.ddc.
[2019.11.28-15.26.04:914][  0]LogInit: Texture streaming: Enabled
[2019.11.28-15.26.04:947][  0]LogEngineSessionManager: EngineSessionManager initialized
[2019.11.28-15.26.04:947][  0]LogEditorSessionSummary: Verbose: Initializing EditorSessionSummaryWriter for editor session tracking
[2019.11.28-15.26.04:949][  0]LogEditorSessionSummary: EditorSessionSummaryWriter initialized
[2019.11.28-15.26.05:015][  0]LogInit: Transaction tracking system initialized
[2019.11.28-15.26.05:068][  0]BlueprintLog: New page: Editor Load
[2019.11.28-15.26.05:186][  0]LocalizationService: Localization service is disabled
[2019.11.28-15.26.05:473][  0]LogFileCache: Scanning file cache for directory 'C:/Users/tbiss/Documents/GitHub/Stolemates/Stolenmates/Content/' took 0.00s
[2019.11.28-15.26.05:473][  0]LogCook: Display: Max memory allowance for cook 16384mb min free memory 0mb
[2019.11.28-15.26.05:473][  0]LogCook: Display: Mobile HDR setting 1
[2019.11.28-15.26.05:740][  0]SourceControl: Source control is disabled
[2019.11.28-15.26.05:740][  0]Cmd: MAP LOAD FILE="../../../../../../Users/tbiss/Documents/GitHub/Stolemates/Stolenmates/Content/Levels/City.umap" TEMPLATE=0 SHOWPROGRESS=1 FEATURELEVEL=3
[2019.11.28-15.26.05:741][  0]LightingResults: New page: Lighting Build
[2019.11.28-15.26.05:743][  0]LogWorld: UWorld::CleanupWorld for Untitled, bSessionEnded=true, bCleanupResources=true
[2019.11.28-15.26.05:744][  0]MapCheck: New page: Map Check
[2019.11.28-15.26.05:744][  0]LightingResults: New page: Lighting Build
[2019.11.28-15.26.05:768][  0]LogUObjectHash: Compacting FUObjectHashTables data took   1.45ms
[2019.11.28-15.26.06:124][  0]LogAIModule: Creating AISystem for world City
[2019.11.28-15.26.06:139][  0]LogEditorServer: Finished looking for orphan Actors (0.000 secs)
[2019.11.28-15.26.06:174][  0]LogUObjectHash: Compacting FUObjectHashTables data took   2.38ms
[2019.11.28-15.26.06:174][  0]Cmd: MAP CHECKDEP NOCLEARLOG
[2019.11.28-15.26.06:174][  0]MapCheck: Map check complete: 0 Error(s), 0 Warning(s), took 0.18ms to complete.
[2019.11.28-15.26.06:174][  0]LogFileHelpers: Loading map 'City' took 0.434
[2019.11.28-15.26.06:274][  0]LogSlate: Updating window title bar state: overlay mode, drag disabled, window buttons hidden, title bar hidden
[2019.11.28-15.26.06:281][  0]LogSlate: Updating window title bar state: overlay mode, drag disabled, window buttons hidden, title bar hidden
[2019.11.28-15.26.06:288][  0]LogSlate: Updating window title bar state: overlay mode, drag disabled, window buttons hidden, title bar hidden
[2019.11.28-15.26.06:294][  0]LogSlate: Updating window title bar state: overlay mode, drag disabled, window buttons hidden, title bar hidden
[2019.11.28-15.26.06:303][  0]LogCollectionManager: Loaded 0 collections in 0.002032 seconds
[2019.11.28-15.26.06:317][  0]LogFileCache: Scanning file cache for directory 'C:/Users/tbiss/Documents/GitHub/Stolemates/Stolenmates/Saved/Collections/' took 0.00s
[2019.11.28-15.26.06:317][  0]LogFileCache: Scanning file cache for directory 'C:/Users/tbiss/Documents/GitHub/Stolemates/Stolenmates/Content/Developers/tbiss/Collections/' took 0.00s
[2019.11.28-15.26.06:317][  0]LogFileCache: Scanning file cache for directory 'C:/Users/tbiss/Documents/GitHub/Stolemates/Stolenmates/Content/Collections/' took 0.00s
[2019.11.28-15.26.06:318][  0]LogCollectionManager: Rebuilt the GUID cache for 0 collections in 0.000001 seconds
[2019.11.28-15.26.06:326][  0]LogContentBrowser: Native class hierarchy populated in 0.0084 seconds. Added 2874 classes and 684 folders.
[2019.11.28-15.26.06:334][  0]LogContentBrowser: Native class hierarchy updated for 'WidgetCarousel' in 0.0003 seconds. Added 0 classes and 0 folders.
[2019.11.28-15.26.06:379][  0]LogContentBrowser: Native class hierarchy updated for 'AddContentDialog' in 0.0003 seconds. Added 0 classes and 0 folders.
[2019.11.28-15.26.06:387][  0]LogContentBrowser: Native class hierarchy updated for 'SceneOutliner' in 0.0005 seconds. Added 1 classes and 2 folders.
[2019.11.28-15.26.06:399][  0]LogSlate: Took 0.000231 seconds to synchronously load lazily loaded font '../../../Engine/Content/Slate/Fonts/Roboto-Regular.ttf' (155K)
[2019.11.28-15.26.06:401][  0]LogSlate: Took 0.000230 seconds to synchronously load lazily loaded font '../../../Engine/Content/Slate/Fonts/Roboto-Bold.ttf' (160K)
[2019.11.28-15.26.06:408][  0]LogSlate: Took 0.000257 seconds to synchronously load lazily loaded font '../../../Engine/Content/Editor/Slate/Fonts/FontAwesome.ttf' (139K)
[2019.11.28-15.26.06:461][  0]LogRenderer: Reallocating scene render targets to support 1208x572 Format 10 NumSamples 1 (Frame:1).
[2019.11.28-15.26.06:589][  0]LogContentBrowser: Native class hierarchy updated for 'HierarchicalLODOutliner' in 0.0007 seconds. Added 0 classes and 0 folders.
[2019.11.28-15.26.06:590][  0]LogLoad: (Engine Initialization) Total time: 8.50 seconds
[2019.11.28-15.26.06:590][  0]LogLoad: (Engine Initialization) Total Blueprint compile time: 0.00 seconds
[2019.11.28-15.26.06:663][  0]LogAssetRegistry: Asset discovery search completed in 4.5093 seconds
[2019.11.28-15.26.06:666][  0]LogCollectionManager: Rebuilt the object cache for 0 collections in 0.000003 seconds (found 0 objects)
[2019.11.28-15.26.06:666][  0]LogCollectionManager: Fixed up redirectors for 0 collections in 0.000200 seconds (updated 0 objects)
[2019.11.28-15.26.06:673][  0]LogContentStreaming: Texture pool size now 1000 MB
[2019.11.28-15.26.06:686][  0]LogSlate: Took 0.000237 seconds to synchronously load lazily loaded font '../../../Engine/Content/Slate/Fonts/Roboto-Light.ttf' (167K)
[2019.11.28-15.26.06:759][  2]LogActor: Warning: BP_Heart_C /Engine/Transient.World_2:PersistentLevel.BP_Heart_C_0 has natively added scene component(s), but none of them were set as the actor's RootComponent - picking one arbitrarily
[2019.11.28-15.26.08:176][161]LogSlate: FSceneViewport::OnFocusLost() reason 0
[2019.11.28-15.26.09:900][364]LogSlate: Took 0.000157 seconds to synchronously load lazily loaded font '../../../Engine/Content/Slate/Fonts/Roboto-Light.ttf' (167K)
[2019.11.28-15.26.09:921][364]LogAIModule: Creating AISystem for world TestLevel
[2019.11.28-15.26.09:926][364]LogAssetEditorManager: Opening Asset editor for World /Game/Levels/TestLevel.TestLevel
[2019.11.28-15.26.09:950][364]LogUObjectHash: Compacting FUObjectHashTables data took   1.26ms
[2019.11.28-15.26.09:951][364]Cmd: MAP LOAD FILE="../../../../../../Users/tbiss/Documents/GitHub/Stolemates/Stolenmates/Content/Levels/TestLevel.umap" TEMPLATE=0 SHOWPROGRESS=1 FEATURELEVEL=3
[2019.11.28-15.26.09:951][364]LightingResults: New page: Lighting Build
[2019.11.28-15.26.09:951][364]LoadErrors: New page: Loading map: TestLevel.umap
[2019.11.28-15.26.09:952][364]LogWorld: UWorld::CleanupWorld for City, bSessionEnded=true, bCleanupResources=true
[2019.11.28-15.26.09:952][364]MapCheck: New page: Map Check
[2019.11.28-15.26.09:952][364]LightingResults: New page: Lighting Build
[2019.11.28-15.26.09:976][364]LogUObjectHash: Compacting FUObjectHashTables data took   1.78ms
[2019.11.28-15.26.09:978][364]LogEditorServer: Finished looking for orphan Actors (0.000 secs)
[2019.11.28-15.26.10:002][364]LogUObjectHash: Compacting FUObjectHashTables data took   1.43ms
[2019.11.28-15.26.10:034][364]Cmd: MAP CHECKDEP NOCLEARLOG
[2019.11.28-15.26.10:035][364]MapCheck: Map check complete: 0 Error(s), 0 Warning(s), took 0.241ms to complete.
[2019.11.28-15.26.10:035][364]LogFileHelpers: Loading map 'TestLevel' took 0.085
[2019.11.28-15.26.10:819][447]LogTemp: Repeating last play command: Selected Viewport
[2019.11.28-15.26.10:832][447]LogBlueprintUserMessages: Early PlayInEditor Detection: Level '/Game/Levels/TestLevel.TestLevel:PersistentLevel' has LevelScriptBlueprint '/Game/Levels/TestLevel.TestLevel:PersistentLevel.TestLevel' with GeneratedClass '/Game/Levels/TestLevel.TestLevel_C' with ClassGeneratedBy '/Game/Levels/TestLevel.TestLevel:PersistentLevel.TestLevel'
[2019.11.28-15.26.10:832][447]LogPlayLevel: PlayLevel: No blueprints needed recompiling
[2019.11.28-15.26.10:832][447]PIE: New page: PIE session: TestLevel (Nov 28, 2019, 5:26:10 AM)
[2019.11.28-15.26.10:834][447]LogOnline: OSS: Creating online subsystem instance for: NULL
[2019.11.28-15.26.10:836][447]LogPlayLevel: Creating play world package: /Game/Levels/UEDPIE_0_TestLevel
[2019.11.28-15.26.10:839][447]LogPlayLevel: PIE: StaticDuplicateObject took: (0.003272s)
[2019.11.28-15.26.10:840][447]LogAIModule: Creating AISystem for world TestLevel
[2019.11.28-15.26.10:841][447]LogPlayLevel: PIE: World Init took: (0.001037s)
[2019.11.28-15.26.10:841][447]LogPlayLevel: PIE: Created PIE world by copying editor world from /Game/Levels/TestLevel.TestLevel to /Game/Levels/UEDPIE_0_TestLevel.TestLevel (0.004855s)
[2019.11.28-15.26.10:864][447]LogUObjectHash: Compacting FUObjectHashTables data took   1.24ms
[2019.11.28-15.26.10:878][447]LogInit: XAudio2 using 'Speakers (Bose Revolve SoundLink)' : 2 channels at 48 kHz using 16 bits per sample (channel mask 0x3)
[2019.11.28-15.26.10:891][447]LogInit: FAudioDevice initialized.
[2019.11.28-15.26.10:904][447]LogLoad: Game class is 'BP_GameMode_C'
[2019.11.28-15.26.10:906][447]LogWorld: Bringing World /Game/Levels/UEDPIE_0_TestLevel.TestLevel up for play (max tick rate 0) at 2019.11.28-10.26.10
[2019.11.28-15.26.10:906][447]LogWorld: Bringing up level for play took: 0.000903
[2019.11.28-15.26.10:906][447]LogOnline: OSS: Creating online subsystem instance for: :Context_6
[2019.11.28-15.26.10:914][447]LogContentBrowser: Native class hierarchy updated for 'MovieSceneCapture' in 0.0003 seconds. Added 20 classes and 0 folders.
[2019.11.28-15.26.10:916][447]LogActor: Warning: BP_Camera_C /Game/Levels/UEDPIE_0_TestLevel.TestLevel:PersistentLevel.BP_Camera_C_0 has natively added scene component(s), but none of them were set as the actor's RootComponent - picking one arbitrarily
[2019.11.28-15.26.10:916][447]LogPlayerManagement: Error: Failed to Create Player: A local player already exists for controller ID 0,
[2019.11.28-15.26.10:918][447]LogSlate: New Slate User Created.  User Index 1, Is Virtual User: 0
[2019.11.28-15.26.10:918][447]LogSlate: Slate User Registered.  User Index 1, Is Virtual User: 0
[2019.11.28-15.26.10:921][447]LogSlate: New Slate User Created.  User Index 2, Is Virtual User: 0
[2019.11.28-15.26.10:921][447]LogSlate: Slate User Registered.  User Index 2, Is Virtual User: 0
[2019.11.28-15.26.10:923][447]LogSlate: New Slate User Created.  User Index 3, Is Virtual User: 0
[2019.11.28-15.26.10:923][447]LogSlate: Slate User Registered.  User Index 3, Is Virtual User: 0
[2019.11.28-15.26.10:926][447]PIE: Play in editor start time for /Game/Levels/UEDPIE_0_TestLevel -0.655
[2019.11.28-15.26.10:926][447]LogBlueprintUserMessages: Late PlayInEditor Detection: Level '/Game/Levels/TestLevel.TestLevel:PersistentLevel' has LevelScriptBlueprint '/Game/Levels/TestLevel.TestLevel:PersistentLevel.TestLevel' with GeneratedClass '/Game/Levels/TestLevel.TestLevel_C' with ClassGeneratedBy '/Game/Levels/TestLevel.TestLevel:PersistentLevel.TestLevel'
[2019.11.28-15.26.14:656][891]LogBlueprintUserMessages: Early EndPlayMap Detection: Level '/Game/Levels/TestLevel.TestLevel:PersistentLevel' has LevelScriptBlueprint '/Game/Levels/TestLevel.TestLevel:PersistentLevel.TestLevel' with GeneratedClass '/Game/Levels/TestLevel.TestLevel_C' with ClassGeneratedBy '/Game/Levels/TestLevel.TestLevel:PersistentLevel.TestLevel'
[2019.11.28-15.26.14:657][891]LogSlate: Updating window title bar state: overlay mode, drag disabled, window buttons hidden, title bar hidden
[2019.11.28-15.26.14:657][891]LogWorld: BeginTearingDown for /Game/Levels/UEDPIE_0_TestLevel
[2019.11.28-15.26.14:657][891]LogWorld: UWorld::CleanupWorld for TestLevel, bSessionEnded=true, bCleanupResources=true
[2019.11.28-15.26.14:672][891]LogPlayLevel: Display: Shutting down PIE online subsystems
[2019.11.28-15.26.14:672][891]LogBlueprintUserMessages: Late EndPlayMap Detection: Level '/Game/Levels/TestLevel.TestLevel:PersistentLevel' has LevelScriptBlueprint '/Game/Levels/TestLevel.TestLevel:PersistentLevel.TestLevel' with GeneratedClass '/Game/Levels/TestLevel.TestLevel_C' with ClassGeneratedBy '/Game/Levels/TestLevel.TestLevel:PersistentLevel.TestLevel'
[2019.11.28-15.26.14:697][891]LogSlate: Updating window title bar state: overlay mode, drag disabled, window buttons hidden, title bar hidden
[2019.11.28-15.26.14:700][891]LogUObjectHash: Compacting FUObjectHashTables data took   1.48ms
[2019.11.28-15.26.14:759][897]LogPlayLevel: Display: Destroying online subsystem :Context_6
[2019.11.28-15.26.15:648][  4]LogSlate: FSceneViewport::OnFocusLost() reason 0
[2019.11.28-15.26.15:727][ 11]LogUObjectHash: Compacting FUObjectHashTables data took   0.53ms
[2019.11.28-15.26.15:789][ 11]LogSlate: Window 'Stolenmates - Unreal Editor' being destroyed
[2019.11.28-15.26.15:790][ 11]LogWindowsTextInputMethodSystem: Display: IME system now deactivated.
[2019.11.28-15.26.15:901][ 12]Cmd: QUIT_EDITOR
[2019.11.28-15.26.16:214][ 12]LogExit: Preparing to exit.
[2019.11.28-15.26.16:376][ 12]LogWorld: UWorld::CleanupWorld for World_0, bSessionEnded=true, bCleanupResources=true
[2019.11.28-15.26.16:376][ 12]LogWorld: UWorld::CleanupWorld for World_1, bSessionEnded=true, bCleanupResources=true
[2019.11.28-15.26.16:376][ 12]LogWorld: UWorld::CleanupWorld for World_2, bSessionEnded=true, bCleanupResources=true
[2019.11.28-15.26.16:377][ 12]LogWorld: UWorld::CleanupWorld for World_3, bSessionEnded=true, bCleanupResources=true
[2019.11.28-15.26.16:377][ 12]LogWorld: UWorld::CleanupWorld for World_4, bSessionEnded=true, bCleanupResources=true
[2019.11.28-15.26.16:388][ 12]LogDemo: Cleaned up 0 splitscreen connections with owner deletion
[2019.11.28-15.26.16:400][ 12]LogWorld: UWorld::CleanupWorld for None, bSessionEnded=true, bCleanupResources=true
[2019.11.28-15.26.16:400][ 12]LogExit: Editor shut down
[2019.11.28-15.26.16:401][ 12]LogExit: Transaction tracking system shut down
[2019.11.28-15.26.16:698][ 12]LogExit: Object subsystem successfully closed.
[2019.11.28-15.26.16:719][ 12]LogShaderCompilers: Display: Shaders left to compile 0
[2019.11.28-15.26.16:775][ 12]LogModuleManager: Shutting down and abandoning module MovieSceneCapture (676)
[2019.11.28-15.26.16:776][ 12]LogModuleManager: Shutting down and abandoning module Voice (674)
[2019.11.28-15.26.16:776][ 12]LogModuleManager: Shutting down and abandoning module HierarchicalLODOutliner (672)
[2019.11.28-15.26.16:776][ 12]LogModuleManager: Shutting down and abandoning module SceneOutliner (670)
[2019.11.28-15.26.16:776][ 12]LogModuleManager: Shutting down and abandoning module AddContentDialog (668)
[2019.11.28-15.26.16:776][ 12]LogModuleManager: Shutting down and abandoning module WidgetCarousel (667)
[2019.11.28-15.26.16:777][ 12]LogModuleManager: Shutting down and abandoning module EditorWidgets (664)
[2019.11.28-15.26.16:777][ 12]LogModuleManager: Shutting down and abandoning module CollectionManager (662)
[2019.11.28-15.26.16:777][ 12]LogModuleManager: Shutting down and abandoning module StatsViewer (660)
[2019.11.28-15.26.16:777][ 12]LogModuleManager: Shutting down and abandoning module VirtualTexturingEditor (658)
[2019.11.28-15.26.16:777][ 12]LogModuleManager: Shutting down and abandoning module FoliageEdit (656)
[2019.11.28-15.26.16:777][ 12]LogModuleManager: Shutting down and abandoning module LandscapeEditor (654)
[2019.11.28-15.26.16:778][ 12]LogModuleManager: Shutting down and abandoning module MeshPaintMode (652)
[2019.11.28-15.26.16:778][ 12]LogModuleManager: Shutting down and abandoning module SceneDepthPickerMode (650)
[2019.11.28-15.26.16:778][ 12]LogModuleManager: Shutting down and abandoning module ActorPickerMode (648)
[2019.11.28-15.26.16:778][ 12]LogModuleManager: Shutting down and abandoning module GeometryMode (646)
[2019.11.28-15.26.16:778][ 12]LogModuleManager: Shutting down and abandoning module TextureAlignMode (644)
[2019.11.28-15.26.16:778][ 12]LogModuleManager: Shutting down and abandoning module BspMode (642)
[2019.11.28-15.26.16:778][ 12]LogModuleManager: Shutting down and abandoning module PIEPreviewDeviceProfileSelector (640)
[2019.11.28-15.26.16:778][ 12]LogModuleManager: Shutting down and abandoning module SequenceRecorderSections (638)
[2019.11.28-15.26.16:779][ 12]LogModuleManager: Shutting down and abandoning module AutomationWorker (636)
[2019.11.28-15.26.16:779][ 12]LogModuleManager: Shutting down and abandoning module OculusMR (634)
[2019.11.28-15.26.16:779][ 12]LogModuleManager: Shutting down and abandoning module AudioCaptureEditor (632)
[2019.11.28-15.26.16:779][ 12]LogModuleManager: Shutting down and abandoning module MatineeToLevelSequence (630)
[2019.11.28-15.26.16:779][ 12]LogModuleManager: Shutting down and abandoning module LevelSequenceEditor (628)
[2019.11.28-15.26.16:779][ 12]LogModuleManager: Shutting down and abandoning module PlacementMode (627)
[2019.11.28-15.26.16:779][ 12]LogModuleManager: Shutting down and abandoning module MaterialEditor (626)
[2019.11.28-15.26.16:780][ 12]LogModuleManager: Shutting down and abandoning module ActorSequenceEditor (622)
[2019.11.28-15.26.16:780][ 12]LogModuleManager: Shutting down and abandoning module WmfMediaFactory (620)
[2019.11.28-15.26.16:780][ 12]LogModuleManager: Shutting down and abandoning module WmfMediaEditor (618)
[2019.11.28-15.26.16:780][ 12]LogModuleManager: Shutting down and abandoning module WebMMediaFactory (616)
[2019.11.28-15.26.16:780][ 12]LogModuleManager: Shutting down and abandoning module WebMMediaEditor (614)
[2019.11.28-15.26.16:780][ 12]LogModuleManager: Shutting down and abandoning module WebMMedia (612)
[2019.11.28-15.26.16:780][ 12]LogModuleManager: Shutting down and abandoning module MediaPlayerEditor (610)
[2019.11.28-15.26.16:780][ 12]LogModuleManager: Shutting down and abandoning module MediaCompositingEditor (608)
[2019.11.28-15.26.16:781][ 12]LogModuleManager: Shutting down and abandoning module SequenceRecorder (607)
[2019.11.28-15.26.16:781][ 12]LogModuleManager: Shutting down and abandoning module OpenExrWrapper (604)
[2019.11.28-15.26.16:781][ 12]LogModuleManager: Shutting down and abandoning module ImgMediaFactory (602)
[2019.11.28-15.26.16:781][ 12]LogModuleManager: Shutting down and abandoning module ImgMediaEditor (600)
[2019.11.28-15.26.16:781][ 12]LogModuleManager: Shutting down and abandoning module AvfMediaFactory (598)
[2019.11.28-15.26.16:781][ 12]LogModuleManager: Shutting down and abandoning module AvfMediaEditor (596)
[2019.11.28-15.26.16:781][ 12]LogModuleManager: Shutting down and abandoning module AndroidMediaFactory (594)
[2019.11.28-15.26.16:781][ 12]LogModuleManager: Shutting down and abandoning module AndroidMediaEditor (592)
[2019.11.28-15.26.16:781][ 12]LogModuleManager: Shutting down and abandoning module MagicLeapCameraPreviewFactory (590)
[2019.11.28-15.26.16:782][ 12]LogModuleManager: Shutting down and abandoning module MagicLeapMediaCodecFactory (588)
[2019.11.28-15.26.16:782][ 12]LogModuleManager: Shutting down and abandoning module MagicLeapMediaFactory (586)
[2019.11.28-15.26.16:782][ 12]LogModuleManager: Shutting down and abandoning module MagicLeapMediaEditor (584)
[2019.11.28-15.26.16:782][ 12]LogModuleManager: Shutting down and abandoning module CharacterAI (582)
[2019.11.28-15.26.16:782][ 12]LogModuleManager: Shutting down and abandoning module SmartSnapping (580)
[2019.11.28-15.26.16:782][ 12]LogModuleManager: Shutting down and abandoning module SessionServices (578)
[2019.11.28-15.26.16:782][ 12]LogModuleManager: Shutting down and abandoning module MeshPaint (576)
[2019.11.28-15.26.16:782][ 12]LogModuleManager: Shutting down and abandoning module ViewportSnapping (574)
[2019.11.28-15.26.16:783][ 12]LogModuleManager: Shutting down and abandoning module ViewportInteraction (572)
[2019.11.28-15.26.16:783][ 12]LogModuleManager: Shutting down and abandoning module ClothPainter (570)
[2019.11.28-15.26.16:783][ 12]LogModuleManager: Shutting down and abandoning module SkeletalMeshEditor (569)
[2019.11.28-15.26.16:783][ 12]LogModuleManager: Shutting down and abandoning module LogVisualizer (566)
[2019.11.28-15.26.16:783][ 12]LogModuleManager: Shutting down and abandoning module IntroTutorials (564)
[2019.11.28-15.26.16:783][ 12]LogModuleManager: Shutting down and abandoning module GameProjectGeneration (563)
[2019.11.28-15.26.16:783][ 12]LogModuleManager: Shutting down and abandoning module LuminPlatformEditor (560)
[2019.11.28-15.26.16:783][ 12]LogModuleManager: Shutting down and abandoning module IOSPlatformEditor (558)
[2019.11.28-15.26.16:784][ 12]LogModuleManager: Shutting down and abandoning module HTML5PlatformEditor (556)
[2019.11.28-15.26.16:784][ 12]LogModuleManager: Shutting down and abandoning module AndroidPlatformEditor (554)
[2019.11.28-15.26.16:784][ 12]LogModuleManager: Shutting down and abandoning module AndroidDeviceDetection (553)
