Log file open, 10/30/20 17:58:27
LogWindows: Failed to load 'aqProf.dll' (GetLastError=126)
LogWindows: File 'aqProf.dll' does not exist
LogWindows: Failed to load 'VtuneApi.dll' (GetLastError=126)
LogWindows: File 'VtuneApi.dll' does not exist
LogWindows: Failed to load 'VtuneApi32e.dll' (GetLastError=126)
LogWindows: File 'VtuneApi32e.dll' does not exist
LogConsoleResponse: Display: Failed to find resolution value strings in scalability ini. Falling back to default.
LogInit: Display: Running engine for game: Stolenmates
LogPlatformFile: Not using cached read wrapper
LogTaskGraph: Started task graph with 5 named threads and 35 total threads with 3 sets of task threads.
LogStats: Stats thread started at 0.077000
LogD3D11RHI: Loaded GFSDK_Aftermath_Lib.x64.dll
LogICUInternationalization: ICU TimeZone Detection - Raw Offset: -5:00, Platform Override: ''
LogPluginManager: Mounting plugin Paper2D
LogPluginManager: Mounting plugin AISupport
LogPluginManager: Mounting plugin LightPropagationVolume
LogPluginManager: Mounting plugin ActorLayerUtilities
LogPluginManager: Mounting plugin AnimationSharing
LogPluginManager: Mounting plugin CLionSourceCodeAccess
LogPluginManager: Mounting plugin CodeLiteSourceCodeAccess
LogPluginManager: Mounting plugin GitSourceControl
LogPluginManager: Mounting plugin KDevelopSourceCodeAccess
LogPluginManager: Mounting plugin NullSourceCodeAccess
LogPluginManager: Mounting plugin PerforceSourceControl
LogPluginManager: Mounting plugin SubversionSourceControl
LogPluginManager: Mounting plugin UObjectPlugin
LogPluginManager: Mounting plugin VisualStudioCodeSourceCodeAccess
LogPluginManager: Mounting plugin VisualStudioSourceCodeAccess
LogPluginManager: Mounting plugin XCodeSourceCodeAccess
LogPluginManager: Mounting plugin AssetManagerEditor
LogPluginManager: Mounting plugin CryptoKeys
LogPluginManager: Mounting plugin CurveEditorTools
LogPluginManager: Mounting plugin DataValidation
LogPluginManager: Mounting plugin FacialAnimation
LogPluginManager: Mounting plugin GameplayTagsEditor
LogPluginManager: Mounting plugin MacGraphicsSwitching
LogPluginManager: Mounting plugin MaterialAnalyzer
LogPluginManager: Mounting plugin MobileLauncherProfileWizard
LogPluginManager: Mounting plugin PluginBrowser
LogPluginManager: Mounting plugin SpeedTreeImporter
LogPluginManager: Mounting plugin DatasmithContent
LogPluginManager: Mounting plugin VariantManagerContent
LogPluginManager: Mounting plugin AlembicImporter
LogPluginManager: Mounting plugin AutomationUtils
LogPluginManager: Mounting plugin BackChannel
LogPluginManager: Mounting plugin CharacterAI
LogPluginManager: Mounting plugin GeometryCache
LogPluginManager: Mounting plugin HTML5Networking
LogPluginManager: Mounting plugin PlatformCrypto
LogPluginManager: Mounting plugin ProxyLODPlugin
LogPluginManager: Mounting plugin SkeletalReduction
LogPluginManager: Mounting plugin HoudiniNiagara
LogPluginManager: Mounting plugin Niagara
LogPluginManager: Mounting plugin NiagaraExtras
LogPluginManager: Mounting plugin MagicLeap
LogPluginManager: Mounting plugin MagicLeapMedia
LogPluginManager: Mounting plugin AndroidMedia
LogPluginManager: Mounting plugin AvfMedia
LogPluginManager: Mounting plugin ImgMedia
LogPluginManager: Mounting plugin MediaCompositing
LogPluginManager: Mounting plugin MediaPlayerEditor
LogPluginManager: Mounting plugin WebMMedia
LogPluginManager: Mounting plugin WmfMedia
LogPluginManager: Mounting plugin TcpMessaging
LogPluginManager: Mounting plugin UdpMessaging
LogPluginManager: Mounting plugin ActorSequence
LogPluginManager: Mounting plugin LevelSequenceEditor
LogPluginManager: Mounting plugin MatineeToLevelSequence
LogPluginManager: Mounting plugin NetcodeUnitTest
LogPluginManager: Mounting plugin NUTUnrealEngine4
LogPluginManager: Mounting plugin OnlineSubsystemGooglePlay
LogPluginManager: Mounting plugin OnlineSubsystemIOS
LogPluginManager: Mounting plugin OnlineSubsystem
LogPluginManager: Mounting plugin OnlineSubsystemNull
LogPluginManager: Mounting plugin OnlineSubsystemUtils
LogPluginManager: Mounting plugin LauncherChunkInstaller
LogPluginManager: Mounting plugin AndroidDeviceProfileSelector
LogPluginManager: Mounting plugin AndroidMoviePlayer
LogPluginManager: Mounting plugin AndroidPermission
LogPluginManager: Mounting plugin AppleImageUtils
LogPluginManager: Mounting plugin AppleMoviePlayer
LogPluginManager: Mounting plugin ArchVisCharacter
LogPluginManager: Mounting plugin AudioCapture
LogPluginManager: Mounting plugin CableComponent
LogPluginManager: Mounting plugin CustomMeshComponent
LogPluginManager: Mounting plugin EditableMesh
LogPluginManager: Mounting plugin ExampleDeviceProfileSelector
LogPluginManager: Mounting plugin GoogleCloudMessaging
LogPluginManager: Mounting plugin IOSDeviceProfileSelector
LogPluginManager: Mounting plugin LinuxDeviceProfileSelector
LogPluginManager: Mounting plugin LocationServicesBPLibrary
LogPluginManager: Mounting plugin MobilePatchingUtils
LogPluginManager: Mounting plugin OculusVR
LogPluginManager: Mounting plugin PhysXVehicles
LogPluginManager: Mounting plugin ProceduralMeshComponent
LogPluginManager: Mounting plugin RuntimePhysXCooking
LogPluginManager: Mounting plugin SignificanceManager
LogPluginManager: Mounting plugin SteamVR
LogPluginManager: Mounting plugin WebMMoviePlayer
LogPluginManager: Mounting plugin WindowsMoviePlayer
LogPluginManager: Mounting plugin ScreenshotTools
LogInit: Using libcurl 7.55.1-DEV
LogInit:  - built for x86_64-pc-win32
LogInit:  - supports SSL with OpenSSL/1.1.1
LogInit:  - supports HTTP deflate (compression) using libz 1.2.8
LogInit:  - other features:
LogInit:      CURL_VERSION_SSL
LogInit:      CURL_VERSION_LIBZ
LogInit:      CURL_VERSION_IPV6
LogInit:      CURL_VERSION_ASYNCHDNS
LogInit:      CURL_VERSION_LARGEFILE
LogInit:      CURL_VERSION_IDN
LogInit:  CurlRequestOptions (configurable via config and command line):
LogInit:  - bVerifyPeer = true  - Libcurl will verify peer certificate
LogInit:  - bUseHttpProxy = false  - Libcurl will NOT use HTTP proxy
LogInit:  - bDontReuseConnections = false  - Libcurl will reuse connections
LogInit:  - MaxHostConnections = 16  - Libcurl will limit the number of connections to a host
LogInit:  - LocalHostAddr = Default
LogInit:  - BufferSize = 65536
LogOnline: OSS: Creating online subsystem instance for: NULL
LogInit: WinSock: version 1.1 (2.2), MaxSocks=32767, MaxUdp=65467
LogHMD: Failed initializing OVRPlugin 1.37.0
LogInit: Build: ++UE4+Release-4.23-CL-8386587
LogInit: Engine Version: 4.23.0-8386587+++UE4+Release-4.23
LogInit: Compatible Engine Version: 4.23.0-8386587+++UE4+Release-4.23
LogInit: Net CL: 8386587
LogInit: OS: Windows 10 (Release 1909) (), CPU: Intel(R) Core(TM) i7-5930K CPU @ 3.50GHz, GPU: NVIDIA GeForce GTX 980
LogInit: Compiled (64-bit): Aug 31 2019 02:04:44
LogInit: Compiled with Visual C++: 19.16.27030.01
LogInit: Build Configuration: Development
LogInit: Branch Name: ++UE4+Release-4.23
LogInit: Command Line:  -EpicPortal -epicusername=Elementalcrash -epicuserid=f54dc869c2044eaea4116c926f2d7be8 -epiclocale=en
LogInit: Base Directory: C:/Program Files/Epic Games/UE_4.23/Engine/Binaries/Win64/
LogInit: Installed Engine Build: 1
LogDevObjectVersion: Number of dev versions registered: 23
LogDevObjectVersion:   Dev-Blueprints (B0D832E4-1F89-4F0D-ACCF-7EB736FD4AA2): 10
LogDevObjectVersion:   Dev-Build (E1C64328-A22C-4D53-A36C-8E866417BD8C): 0
LogDevObjectVersion:   Dev-Core (375EC13C-06E4-48FB-B500-84F0262A717E): 3
LogDevObjectVersion:   Dev-Editor (E4B068ED-F494-42E9-A231-DA0B2E46BB41): 34
LogDevObjectVersion:   Dev-Framework (CFFC743F-43B0-4480-9391-14DF171D2073): 35
LogDevObjectVersion:   Dev-Mobile (B02B49B5-BB20-44E9-A304-32B752E40360): 2
LogDevObjectVersion:   Dev-Networking (A4E4105C-59A1-49B5-A7C5-40C4547EDFEE): 0
LogDevObjectVersion:   Dev-Online (39C831C9-5AE6-47DC-9A44-9C173E1C8E7C): 0
LogDevObjectVersion:   Dev-Physics (78F01B33-EBEA-4F98-B9B4-84EACCB95AA2): 0
LogDevObjectVersion:   Dev-Platform (6631380F-2D4D-43E0-8009-CF276956A95A): 0
LogDevObjectVersion:   Dev-Rendering (12F88B9F-8875-4AFC-A67C-D90C383ABD29): 31
LogDevObjectVersion:   Dev-Sequencer (7B5AE74C-D270-4C10-A958-57980B212A5A): 11
LogDevObjectVersion:   Dev-VR (D7296918-1DD6-4BDD-9DE2-64A83CC13884): 2
LogDevObjectVersion:   Dev-LoadTimes (C2A15278-BFE7-4AFE-6C17-90FF531DF755): 1
LogDevObjectVersion:   Private-Geometry (6EACA3D4-40EC-4CC1-B786-8BED09428FC5): 3
LogDevObjectVersion:   Dev-AnimPhys (29E575DD-E0A3-4627-9D10-D276232CDCEA): 17
LogDevObjectVersion:   Dev-Anim (AF43A65D-7FD3-4947-9873-3E8ED9C1BB05): 2
LogDevObjectVersion:   Dev-ReflectionCapture (6B266CEC-1EC7-4B8F-A30B-E4D90942FC07): 1
LogDevObjectVersion:   Dev-Automation (0DF73D61-A23F-47EA-B727-89E90C41499A): 1
LogDevObjectVersion:   FortniteMain (601D1886-AC64-4F84-AA16-D3DE0DEAC7D6): 27
LogDevObjectVersion:   Dev-Enterprise (9DFFBCD6-494F-0158-E221-12823C92A888): 6
LogDevObjectVersion:   Dev-Niagara (F2AED0AC-9AFE-416F-8664-AA7FFA26D6FC): 1
LogDevObjectVersion:   Dev-Destruction (174F1F0B-B4C6-45A5-B13F-2EE8D0FB917D): 9
LogInit: Presizing for max 16777216 objects, including 0 objects not considered by GC, pre-allocating 0 bytes for permanent pool.
LogInit: Object subsystem initialized
LogConfig: Setting CVar [[con.DebugEarlyDefault:1]]
LogConfig: Setting CVar [[r.setres:1280x720]]
[2020.10.30-21.58.28:456][  0]LogConfig: Setting CVar [[r.VSync:0]]
[2020.10.30-21.58.28:456][  0]LogConfig: Setting CVar [[r.RHICmdBypass:0]]
[2020.10.30-21.58.28:456][  0]LogConfig: Applying CVar settings from Section [/Script/Engine.RendererSettings] File [C:/Users/Daniel Cefaratti/Documents/GitHub/Stolemates/Stolenmates/Saved/Config/Windows/Engine.ini]
[2020.10.30-21.58.28:456][  0]LogConfig: Setting CVar [[r.GPUCrashDebugging:0]]
[2020.10.30-21.58.28:456][  0]LogConfig: Setting CVar [[r.DefaultFeature.AutoExposure.ExtendDefaultLuminanceRange:1]]
[2020.10.30-21.58.28:457][  0]LogConfig: Applying CVar settings from Section [/Script/Engine.RendererOverrideSettings] File [C:/Users/Daniel Cefaratti/Documents/GitHub/Stolemates/Stolenmates/Saved/Config/Windows/Engine.ini]
[2020.10.30-21.58.28:457][  0]LogConfig: Applying CVar settings from Section [/Script/Engine.StreamingSettings] File [C:/Users/Daniel Cefaratti/Documents/GitHub/Stolemates/Stolenmates/Saved/Config/Windows/Engine.ini]
[2020.10.30-21.58.28:457][  0]LogConfig: Setting CVar [[s.MinBulkDataSizeForAsyncLoading:131072]]
[2020.10.30-21.58.28:457][  0]LogConfig: Setting CVar [[s.AsyncLoadingThreadEnabled:0]]
[2020.10.30-21.58.28:457][  0]LogConfig: Setting CVar [[s.EventDrivenLoaderEnabled:1]]
[2020.10.30-21.58.28:457][  0]LogConfig: Setting CVar [[s.WarnIfTimeLimitExceeded:0]]
[2020.10.30-21.58.28:457][  0]LogConfig: Setting CVar [[s.TimeLimitExceededMultiplier:1.5]]
[2020.10.30-21.58.28:457][  0]LogConfig: Setting CVar [[s.TimeLimitExceededMinTime:0.005]]
[2020.10.30-21.58.28:457][  0]LogConfig: Setting CVar [[s.UseBackgroundLevelStreaming:1]]
[2020.10.30-21.58.28:457][  0]LogConfig: Setting CVar [[s.PriorityAsyncLoadingExtraTime:15.0]]
[2020.10.30-21.58.28:457][  0]LogConfig: Setting CVar [[s.LevelStreamingActorsUpdateTimeLimit:5.0]]
[2020.10.30-21.58.28:457][  0]LogConfig: Setting CVar [[s.PriorityLevelStreamingActorsUpdateExtraTime:5.0]]
[2020.10.30-21.58.28:457][  0]LogConfig: Setting CVar [[s.LevelStreamingComponentsRegistrationGranularity:10]]
[2020.10.30-21.58.28:457][  0]LogConfig: Setting CVar [[s.UnregisterComponentsTimeLimit:1.0]]
[2020.10.30-21.58.28:457][  0]LogConfig: Setting CVar [[s.LevelStreamingComponentsUnregistrationGranularity:5]]
[2020.10.30-21.58.28:457][  0]LogConfig: Applying CVar settings from Section [/Script/Engine.GarbageCollectionSettings] File [C:/Users/Daniel Cefaratti/Documents/GitHub/Stolemates/Stolenmates/Saved/Config/Windows/Engine.ini]
[2020.10.30-21.58.28:457][  0]LogConfig: Setting CVar [[gc.MaxObjectsNotConsideredByGC:1]]
[2020.10.30-21.58.28:457][  0]LogConfig: Setting CVar [[gc.SizeOfPermanentObjectPool:0]]
[2020.10.30-21.58.28:457][  0]LogConfig: Setting CVar [[gc.FlushStreamingOnGC:0]]
[2020.10.30-21.58.28:457][  0]LogConfig: Setting CVar [[gc.NumRetriesBeforeForcingGC:10]]
[2020.10.30-21.58.28:457][  0]LogConfig: Setting CVar [[gc.AllowParallelGC:1]]
[2020.10.30-21.58.28:457][  0]LogConfig: Setting CVar [[gc.TimeBetweenPurgingPendingKillObjects:61.1]]
[2020.10.30-21.58.28:457][  0]LogConfig: Setting CVar [[gc.MaxObjectsInEditor:16777216]]
[2020.10.30-21.58.28:457][  0]LogConfig: Setting CVar [[gc.IncrementalBeginDestroyEnabled:1]]
[2020.10.30-21.58.28:457][  0]LogConfig: Setting CVar [[gc.CreateGCClusters:1]]
[2020.10.30-21.58.28:457][  0]LogConfig: Setting CVar [[gc.MinGCClusterSize:5]]
[2020.10.30-21.58.28:457][  0]LogConfig: Setting CVar [[gc.ActorClusteringEnabled:0]]
[2020.10.30-21.58.28:457][  0]LogConfig: Setting CVar [[gc.BlueprintClusteringEnabled:0]]
[2020.10.30-21.58.28:457][  0]LogConfig: Setting CVar [[gc.UseDisregardForGCOnDedicatedServers:0]]
[2020.10.30-21.58.28:457][  0]LogConfig: Applying CVar settings from Section [/Script/Engine.NetworkSettings] File [C:/Users/Daniel Cefaratti/Documents/GitHub/Stolemates/Stolenmates/Saved/Config/Windows/Engine.ini]
[2020.10.30-21.58.28:457][  0]LogConfig: Applying CVar settings from Section [/Script/UnrealEd.CookerSettings] File [C:/Users/Daniel Cefaratti/Documents/GitHub/Stolemates/Stolenmates/Saved/Config/Windows/Engine.ini]
[2020.10.30-21.58.28:464][  0]LogConfig: Applying CVar settings from Section [ViewDistanceQuality@3] File [C:/Users/Daniel Cefaratti/Documents/GitHub/Stolemates/Stolenmates/Saved/Config/Windows/Scalability.ini]
[2020.10.30-21.58.28:464][  0]LogConfig: Setting CVar [[r.SkeletalMeshLODBias:0]]
[2020.10.30-21.58.28:464][  0]LogConfig: Setting CVar [[r.ViewDistanceScale:1.0]]
[2020.10.30-21.58.28:464][  0]LogConfig: Applying CVar settings from Section [AntiAliasingQuality@3] File [C:/Users/Daniel Cefaratti/Documents/GitHub/Stolemates/Stolenmates/Saved/Config/Windows/Scalability.ini]
[2020.10.30-21.58.28:464][  0]LogConfig: Setting CVar [[r.PostProcessAAQuality:4]]
[2020.10.30-21.58.28:464][  0]LogConfig: Applying CVar settings from Section [ShadowQuality@3] File [C:/Users/Daniel Cefaratti/Documents/GitHub/Stolemates/Stolenmates/Saved/Config/Windows/Scalability.ini]
[2020.10.30-21.58.28:464][  0]LogConfig: Setting CVar [[r.LightFunctionQuality:1]]
[2020.10.30-21.58.28:464][  0]LogConfig: Setting CVar [[r.ShadowQuality:5]]
[2020.10.30-21.58.28:464][  0]LogConfig: Setting CVar [[r.Shadow.CSM.MaxCascades:10]]
[2020.10.30-21.58.28:464][  0]LogConfig: Setting CVar [[r.Shadow.MaxResolution:2048]]
[2020.10.30-21.58.28:464][  0]LogConfig: Setting CVar [[r.Shadow.MaxCSMResolution:2048]]
[2020.10.30-21.58.28:464][  0]LogConfig: Setting CVar [[r.Shadow.RadiusThreshold:0.01]]
[2020.10.30-21.58.28:464][  0]LogConfig: Setting CVar [[r.Shadow.DistanceScale:1.0]]
[2020.10.30-21.58.28:464][  0]LogConfig: Setting CVar [[r.Shadow.CSM.TransitionScale:1.0]]
[2020.10.30-21.58.28:464][  0]LogConfig: Setting CVar [[r.Shadow.PreShadowResolutionFactor:1.0]]
[2020.10.30-21.58.28:464][  0]LogConfig: Setting CVar [[r.DistanceFieldShadowing:1]]
[2020.10.30-21.58.28:464][  0]LogConfig: Setting CVar [[r.DistanceFieldAO:1]]
[2020.10.30-21.58.28:464][  0]LogConfig: Setting CVar [[r.AOQuality:2]]
[2020.10.30-21.58.28:464][  0]LogConfig: Setting CVar [[r.VolumetricFog:1]]
[2020.10.30-21.58.28:464][  0]LogConfig: Setting CVar [[r.VolumetricFog.GridPixelSize:8]]
[2020.10.30-21.58.28:464][  0]LogConfig: Setting CVar [[r.VolumetricFog.GridSizeZ:128]]
[2020.10.30-21.58.28:464][  0]LogConfig: Setting CVar [[r.VolumetricFog.HistoryMissSupersampleCount:4]]
[2020.10.30-21.58.28:464][  0]LogConfig: Setting CVar [[r.LightMaxDrawDistanceScale:1]]
[2020.10.30-21.58.28:465][  0]LogConfig: Setting CVar [[r.CapsuleShadows:1]]
[2020.10.30-21.58.28:465][  0]LogConfig: Applying CVar settings from Section [PostProcessQuality@3] File [C:/Users/Daniel Cefaratti/Documents/GitHub/Stolemates/Stolenmates/Saved/Config/Windows/Scalability.ini]
[2020.10.30-21.58.28:465][  0]LogConfig: Setting CVar [[r.MotionBlurQuality:4]]
[2020.10.30-21.58.28:465][  0]LogConfig: Setting CVar [[r.AmbientOcclusionMipLevelFactor:0.4]]
[2020.10.30-21.58.28:465][  0]LogConfig: Setting CVar [[r.AmbientOcclusionMaxQuality:100]]
[2020.10.30-21.58.28:465][  0]LogConfig: Setting CVar [[r.AmbientOcclusionLevels:-1]]
[2020.10.30-21.58.28:465][  0]LogConfig: Setting CVar [[r.AmbientOcclusionRadiusScale:1.0]]
[2020.10.30-21.58.28:465][  0]LogConfig: Setting CVar [[r.DepthOfFieldQuality:2]]
[2020.10.30-21.58.28:465][  0]LogConfig: Setting CVar [[r.RenderTargetPoolMin:400]]
[2020.10.30-21.58.28:465][  0]LogConfig: Setting CVar [[r.LensFlareQuality:2]]
[2020.10.30-21.58.28:465][  0]LogConfig: Setting CVar [[r.SceneColorFringeQuality:1]]
[2020.10.30-21.58.28:465][  0]LogConfig: Setting CVar [[r.EyeAdaptationQuality:2]]
[2020.10.30-21.58.28:465][  0]LogConfig: Setting CVar [[r.BloomQuality:5]]
[2020.10.30-21.58.28:465][  0]LogConfig: Setting CVar [[r.FastBlurThreshold:100]]
[2020.10.30-21.58.28:465][  0]LogConfig: Setting CVar [[r.Upscale.Quality:3]]
[2020.10.30-21.58.28:465][  0]LogConfig: Setting CVar [[r.Tonemapper.GrainQuantization:1]]
[2020.10.30-21.58.28:465][  0]LogConfig: Setting CVar [[r.LightShaftQuality:1]]
[2020.10.30-21.58.28:465][  0]LogConfig: Setting CVar [[r.Filter.SizeScale:1]]
[2020.10.30-21.58.28:465][  0]LogConfig: Setting CVar [[r.Tonemapper.Quality:5]]
[2020.10.30-21.58.28:465][  0]LogConfig: Setting CVar [[r.DOF.Gather.AccumulatorQuality:1        ; higher gathering accumulator quality]]
[2020.10.30-21.58.28:465][  0]LogConfig: Setting CVar [[r.DOF.Gather.PostfilterMethod:1          ; Median3x3 postfilering method]]
[2020.10.30-21.58.28:465][  0]LogConfig: Setting CVar [[r.DOF.Gather.EnableBokehSettings:0       ; no bokeh simulation when gathering]]
[2020.10.30-21.58.28:465][  0]LogConfig: Setting CVar [[r.DOF.Gather.RingCount:4                 ; medium number of samples when gathering]]
[2020.10.30-21.58.28:465][  0]LogConfig: Setting CVar [[r.DOF.Scatter.ForegroundCompositing:1    ; additive foreground scattering]]
[2020.10.30-21.58.28:465][  0]LogConfig: Setting CVar [[r.DOF.Scatter.BackgroundCompositing:2    ; additive background scattering]]
[2020.10.30-21.58.28:465][  0]LogConfig: Setting CVar [[r.DOF.Scatter.EnableBokehSettings:1      ; bokeh simulation when scattering]]
[2020.10.30-21.58.28:465][  0]LogConfig: Setting CVar [[r.DOF.Scatter.MaxSpriteRatio:0.1         ; only a maximum of 10% of scattered bokeh]]
[2020.10.30-21.58.28:465][  0]LogConfig: Setting CVar [[r.DOF.Recombine.Quality:1                ; cheap slight out of focus]]
[2020.10.30-21.58.28:465][  0]LogConfig: Setting CVar [[r.DOF.Recombine.EnableBokehSettings:0    ; no bokeh simulation on slight out of focus]]
[2020.10.30-21.58.28:465][  0]LogConfig: Setting CVar [[r.DOF.TemporalAAQuality:1                ; more stable temporal accumulation]]
[2020.10.30-21.58.28:465][  0]LogConfig: Setting CVar [[r.DOF.Kernel.MaxForegroundRadius:0.025]]
[2020.10.30-21.58.28:465][  0]LogConfig: Setting CVar [[r.DOF.Kernel.MaxBackgroundRadius:0.025]]
[2020.10.30-21.58.28:465][  0]LogConfig: Applying CVar settings from Section [TextureQuality@3] File [C:/Users/Daniel Cefaratti/Documents/GitHub/Stolemates/Stolenmates/Saved/Config/Windows/Scalability.ini]
[2020.10.30-21.58.28:465][  0]LogConfig: Setting CVar [[r.Streaming.MipBias:0]]
[2020.10.30-21.58.28:465][  0]LogConfig: Setting CVar [[r.Streaming.AmortizeCPUToGPUCopy:0]]
[2020.10.30-21.58.28:465][  0]LogConfig: Setting CVar [[r.Streaming.MaxNumTexturesToStreamPerFrame:0]]
[2020.10.30-21.58.28:465][  0]LogConfig: Setting CVar [[r.Streaming.Boost:1]]
[2020.10.30-21.58.28:465][  0]LogConfig: Setting CVar [[r.MaxAnisotropy:8]]
[2020.10.30-21.58.28:465][  0]LogConfig: Setting CVar [[r.Streaming.LimitPoolSizeToVRAM:0]]
[2020.10.30-21.58.28:465][  0]LogConfig: Setting CVar [[r.Streaming.PoolSize:1000]]
[2020.10.30-21.58.28:465][  0]LogConfig: Setting CVar [[r.Streaming.MaxEffectiveScreenSize:0]]
[2020.10.30-21.58.28:465][  0]LogConfig: Applying CVar settings from Section [EffectsQuality@3] File [C:/Users/Daniel Cefaratti/Documents/GitHub/Stolemates/Stolenmates/Saved/Config/Windows/Scalability.ini]
[2020.10.30-21.58.28:465][  0]LogConfig: Setting CVar [[r.TranslucencyLightingVolumeDim:64]]
[2020.10.30-21.58.28:465][  0]LogConfig: Setting CVar [[r.RefractionQuality:2]]
[2020.10.30-21.58.28:465][  0]LogConfig: Setting CVar [[r.SSR.Quality:3]]
[2020.10.30-21.58.28:465][  0]LogConfig: Setting CVar [[r.SceneColorFormat:4]]
[2020.10.30-21.58.28:465][  0]LogConfig: Setting CVar [[r.DetailMode:2]]
[2020.10.30-21.58.28:465][  0]LogConfig: Setting CVar [[r.TranslucencyVolumeBlur:1]]
[2020.10.30-21.58.28:465][  0]LogConfig: Setting CVar [[r.MaterialQualityLevel:1 ; High quality]]
[2020.10.30-21.58.28:465][  0]LogConfig: Setting CVar [[r.SSS.Scale:1]]
[2020.10.30-21.58.28:465][  0]LogConfig: Setting CVar [[r.SSS.SampleSet:2]]
[2020.10.30-21.58.28:465][  0]LogConfig: Setting CVar [[r.SSS.Quality:1]]
[2020.10.30-21.58.28:465][  0]LogConfig: Setting CVar [[r.SSS.HalfRes:1]]
[2020.10.30-21.58.28:465][  0]LogConfig: Setting CVar [[r.EmitterSpawnRateScale:1.0]]
[2020.10.30-21.58.28:465][  0]LogConfig: Setting CVar [[r.ParticleLightQuality:2]]
[2020.10.30-21.58.28:465][  0]LogConfig: Applying CVar settings from Section [FoliageQuality@3] File [C:/Users/Daniel Cefaratti/Documents/GitHub/Stolemates/Stolenmates/Saved/Config/Windows/Scalability.ini]
[2020.10.30-21.58.28:465][  0]LogConfig: Setting CVar [[foliage.DensityScale:1.0]]
[2020.10.30-21.58.28:465][  0]LogConfig: Setting CVar [[grass.DensityScale:1.0]]
[2020.10.30-21.58.28:465][  0]LogInit: Selected Device Profile: [Windows]
[2020.10.30-21.58.28:465][  0]LogInit: Applying CVar settings loaded from the selected device profile: [Windows]
[2020.10.30-21.58.28:469][  0]LogHAL: Display: Platform has ~ 32 GB [34255179776 / 34359738368 / 32], which maps to Largest [LargestMinGB=32, LargerMinGB=12, DefaultMinGB=8, SmallerMinGB=6, SmallestMinGB=0)
[2020.10.30-21.58.28:469][  0]LogInit: Going up to parent DeviceProfile []
[2020.10.30-21.58.28:469][  0]LogConfig: Applying CVar settings from Section [ViewDistanceQuality@3] File [C:/Users/Daniel Cefaratti/Documents/GitHub/Stolemates/Stolenmates/Saved/Config/Windows/Scalability.ini]
[2020.10.30-21.58.28:469][  0]LogConfig: Setting CVar [[r.SkeletalMeshLODBias:0]]
[2020.10.30-21.58.28:469][  0]LogConfig: Setting CVar [[r.ViewDistanceScale:1.0]]
[2020.10.30-21.58.28:469][  0]LogConfig: Applying CVar settings from Section [AntiAliasingQuality@3] File [C:/Users/Daniel Cefaratti/Documents/GitHub/Stolemates/Stolenmates/Saved/Config/Windows/Scalability.ini]
[2020.10.30-21.58.28:469][  0]LogConfig: Setting CVar [[r.PostProcessAAQuality:4]]
[2020.10.30-21.58.28:469][  0]LogConfig: Applying CVar settings from Section [ShadowQuality@3] File [C:/Users/Daniel Cefaratti/Documents/GitHub/Stolemates/Stolenmates/Saved/Config/Windows/Scalability.ini]
[2020.10.30-21.58.28:469][  0]LogConfig: Setting CVar [[r.LightFunctionQuality:1]]
[2020.10.30-21.58.28:469][  0]LogConfig: Setting CVar [[r.ShadowQuality:5]]
[2020.10.30-21.58.28:469][  0]LogConfig: Setting CVar [[r.Shadow.CSM.MaxCascades:10]]
[2020.10.30-21.58.28:469][  0]LogConfig: Setting CVar [[r.Shadow.MaxResolution:2048]]
[2020.10.30-21.58.28:469][  0]LogConfig: Setting CVar [[r.Shadow.MaxCSMResolution:2048]]
[2020.10.30-21.58.28:469][  0]LogConfig: Setting CVar [[r.Shadow.RadiusThreshold:0.01]]
[2020.10.30-21.58.28:469][  0]LogConfig: Setting CVar [[r.Shadow.DistanceScale:1.0]]
[2020.10.30-21.58.28:469][  0]LogConfig: Setting CVar [[r.Shadow.CSM.TransitionScale:1.0]]
[2020.10.30-21.58.28:469][  0]LogConfig: Setting CVar [[r.Shadow.PreShadowResolutionFactor:1.0]]
[2020.10.30-21.58.28:469][  0]LogConfig: Setting CVar [[r.DistanceFieldShadowing:1]]
[2020.10.30-21.58.28:469][  0]LogConfig: Setting CVar [[r.DistanceFieldAO:1]]
[2020.10.30-21.58.28:469][  0]LogConfig: Setting CVar [[r.AOQuality:2]]
[2020.10.30-21.58.28:469][  0]LogConfig: Setting CVar [[r.VolumetricFog:1]]
[2020.10.30-21.58.28:469][  0]LogConfig: Setting CVar [[r.VolumetricFog.GridPixelSize:8]]
[2020.10.30-21.58.28:469][  0]LogConfig: Setting CVar [[r.VolumetricFog.GridSizeZ:128]]
[2020.10.30-21.58.28:469][  0]LogConfig: Setting CVar [[r.VolumetricFog.HistoryMissSupersampleCount:4]]
[2020.10.30-21.58.28:469][  0]LogConfig: Setting CVar [[r.LightMaxDrawDistanceScale:1]]
[2020.10.30-21.58.28:469][  0]LogConfig: Setting CVar [[r.CapsuleShadows:1]]
[2020.10.30-21.58.28:469][  0]LogConfig: Applying CVar settings from Section [PostProcessQuality@3] File [C:/Users/Daniel Cefaratti/Documents/GitHub/Stolemates/Stolenmates/Saved/Config/Windows/Scalability.ini]
[2020.10.30-21.58.28:469][  0]LogConfig: Setting CVar [[r.MotionBlurQuality:4]]
[2020.10.30-21.58.28:469][  0]LogConfig: Setting CVar [[r.AmbientOcclusionMipLevelFactor:0.4]]
[2020.10.30-21.58.28:469][  0]LogConfig: Setting CVar [[r.AmbientOcclusionMaxQuality:100]]
[2020.10.30-21.58.28:469][  0]LogConfig: Setting CVar [[r.AmbientOcclusionLevels:-1]]
[2020.10.30-21.58.28:469][  0]LogConfig: Setting CVar [[r.AmbientOcclusionRadiusScale:1.0]]
[2020.10.30-21.58.28:469][  0]LogConfig: Setting CVar [[r.DepthOfFieldQuality:2]]
[2020.10.30-21.58.28:469][  0]LogConfig: Setting CVar [[r.RenderTargetPoolMin:400]]
[2020.10.30-21.58.28:469][  0]LogConfig: Setting CVar [[r.LensFlareQuality:2]]
[2020.10.30-21.58.28:469][  0]LogConfig: Setting CVar [[r.SceneColorFringeQuality:1]]
[2020.10.30-21.58.28:469][  0]LogConfig: Setting CVar [[r.EyeAdaptationQuality:2]]
[2020.10.30-21.58.28:469][  0]LogConfig: Setting CVar [[r.BloomQuality:5]]
[2020.10.30-21.58.28:469][  0]LogConfig: Setting CVar [[r.FastBlurThreshold:100]]
[2020.10.30-21.58.28:469][  0]LogConfig: Setting CVar [[r.Upscale.Quality:3]]
[2020.10.30-21.58.28:469][  0]LogConfig: Setting CVar [[r.Tonemapper.GrainQuantization:1]]
[2020.10.30-21.58.28:469][  0]LogConfig: Setting CVar [[r.LightShaftQuality:1]]
[2020.10.30-21.58.28:469][  0]LogConfig: Setting CVar [[r.Filter.SizeScale:1]]
[2020.10.30-21.58.28:469][  0]LogConfig: Setting CVar [[r.Tonemapper.Quality:5]]
[2020.10.30-21.58.28:469][  0]LogConfig: Setting CVar [[r.DOF.Gather.AccumulatorQuality:1        ; higher gathering accumulator quality]]
[2020.10.30-21.58.28:469][  0]LogConfig: Setting CVar [[r.DOF.Gather.PostfilterMethod:1          ; Median3x3 postfilering method]]
[2020.10.30-21.58.28:469][  0]LogConfig: Setting CVar [[r.DOF.Gather.EnableBokehSettings:0       ; no bokeh simulation when gathering]]
[2020.10.30-21.58.28:469][  0]LogConfig: Setting CVar [[r.DOF.Gather.RingCount:4                 ; medium number of samples when gathering]]
[2020.10.30-21.58.28:469][  0]LogConfig: Setting CVar [[r.DOF.Scatter.ForegroundCompositing:1    ; additive foreground scattering]]
[2020.10.30-21.58.28:469][  0]LogConfig: Setting CVar [[r.DOF.Scatter.BackgroundCompositing:2    ; additive background scattering]]
[2020.10.30-21.58.28:469][  0]LogConfig: Setting CVar [[r.DOF.Scatter.EnableBokehSettings:1      ; bokeh simulation when scattering]]
[2020.10.30-21.58.28:469][  0]LogConfig: Setting CVar [[r.DOF.Scatter.MaxSpriteRatio:0.1         ; only a maximum of 10% of scattered bokeh]]
[2020.10.30-21.58.28:469][  0]LogConfig: Setting CVar [[r.DOF.Recombine.Quality:1                ; cheap slight out of focus]]
[2020.10.30-21.58.28:469][  0]LogConfig: Setting CVar [[r.DOF.Recombine.EnableBokehSettings:0    ; no bokeh simulation on slight out of focus]]
[2020.10.30-21.58.28:469][  0]LogConfig: Setting CVar [[r.DOF.TemporalAAQuality:1                ; more stable temporal accumulation]]
[2020.10.30-21.58.28:469][  0]LogConfig: Setting CVar [[r.DOF.Kernel.MaxForegroundRadius:0.025]]
[2020.10.30-21.58.28:470][  0]LogConfig: Setting CVar [[r.DOF.Kernel.MaxBackgroundRadius:0.025]]
[2020.10.30-21.58.28:470][  0]LogConfig: Applying CVar settings from Section [TextureQuality@3] File [C:/Users/Daniel Cefaratti/Documents/GitHub/Stolemates/Stolenmates/Saved/Config/Windows/Scalability.ini]
[2020.10.30-21.58.28:470][  0]LogConfig: Setting CVar [[r.Streaming.MipBias:0]]
[2020.10.30-21.58.28:470][  0]LogConfig: Setting CVar [[r.Streaming.AmortizeCPUToGPUCopy:0]]
[2020.10.30-21.58.28:470][  0]LogConfig: Setting CVar [[r.Streaming.MaxNumTexturesToStreamPerFrame:0]]
[2020.10.30-21.58.28:470][  0]LogConfig: Setting CVar [[r.Streaming.Boost:1]]
[2020.10.30-21.58.28:470][  0]LogConfig: Setting CVar [[r.MaxAnisotropy:8]]
[2020.10.30-21.58.28:470][  0]LogConfig: Setting CVar [[r.Streaming.LimitPoolSizeToVRAM:0]]
[2020.10.30-21.58.28:470][  0]LogConfig: Setting CVar [[r.Streaming.PoolSize:1000]]
[2020.10.30-21.58.28:470][  0]LogConfig: Setting CVar [[r.Streaming.MaxEffectiveScreenSize:0]]
[2020.10.30-21.58.28:470][  0]LogConfig: Applying CVar settings from Section [EffectsQuality@3] File [C:/Users/Daniel Cefaratti/Documents/GitHub/Stolemates/Stolenmates/Saved/Config/Windows/Scalability.ini]
[2020.10.30-21.58.28:470][  0]LogConfig: Setting CVar [[r.TranslucencyLightingVolumeDim:64]]
[2020.10.30-21.58.28:470][  0]LogConfig: Setting CVar [[r.RefractionQuality:2]]
[2020.10.30-21.58.28:470][  0]LogConfig: Setting CVar [[r.SSR.Quality:3]]
[2020.10.30-21.58.28:470][  0]LogConfig: Setting CVar [[r.SceneColorFormat:4]]
[2020.10.30-21.58.28:470][  0]LogConfig: Setting CVar [[r.DetailMode:2]]
[2020.10.30-21.58.28:470][  0]LogConfig: Setting CVar [[r.TranslucencyVolumeBlur:1]]
[2020.10.30-21.58.28:470][  0]LogConfig: Setting CVar [[r.MaterialQualityLevel:1 ; High quality]]
[2020.10.30-21.58.28:470][  0]LogConfig: Setting CVar [[r.SSS.Scale:1]]
[2020.10.30-21.58.28:470][  0]LogConfig: Setting CVar [[r.SSS.SampleSet:2]]
[2020.10.30-21.58.28:470][  0]LogConfig: Setting CVar [[r.SSS.Quality:1]]
[2020.10.30-21.58.28:470][  0]LogConfig: Setting CVar [[r.SSS.HalfRes:1]]
[2020.10.30-21.58.28:470][  0]LogConfig: Setting CVar [[r.EmitterSpawnRateScale:1.0]]
[2020.10.30-21.58.28:470][  0]LogConfig: Setting CVar [[r.ParticleLightQuality:2]]
[2020.10.30-21.58.28:470][  0]LogConfig: Applying CVar settings from Section [FoliageQuality@3] File [C:/Users/Daniel Cefaratti/Documents/GitHub/Stolemates/Stolenmates/Saved/Config/Windows/Scalability.ini]
[2020.10.30-21.58.28:470][  0]LogConfig: Setting CVar [[foliage.DensityScale:1.0]]
[2020.10.30-21.58.28:470][  0]LogConfig: Setting CVar [[grass.DensityScale:1.0]]
[2020.10.30-21.58.28:470][  0]LogConfig: Applying CVar settings from Section [Startup] File [../../../Engine/Config/ConsoleVariables.ini]
[2020.10.30-21.58.28:470][  0]LogConfig: Setting CVar [[net.UseAdaptiveNetUpdateFrequency:0]]
[2020.10.30-21.58.28:470][  0]LogConfig: Setting CVar [[p.chaos.AllowCreatePhysxBodies:1]]
[2020.10.30-21.58.28:470][  0]LogConfig: Setting CVar [[fx.SkipVectorVMBackendOptimizations:1]]
[2020.10.30-21.58.28:470][  0]LogConfig: Applying CVar settings from Section [ConsoleVariables] File [C:/Users/Daniel Cefaratti/Documents/GitHub/Stolemates/Stolenmates/Saved/Config/Windows/Engine.ini]
[2020.10.30-21.58.28:470][  0]LogInit: Computer: DESKTOP-H7UGAO4
[2020.10.30-21.58.28:470][  0]LogInit: User: DanielCefaratti
[2020.10.30-21.58.28:470][  0]LogInit: CPU Page size=4096, Cores=6
[2020.10.30-21.58.28:470][  0]LogInit: High frequency timer resolution =10.000000 MHz
[2020.10.30-21.58.28:470][  0]LogMemory: Memory total: Physical=31.9GB (32GB approx)
[2020.10.30-21.58.28:470][  0]LogMemory: Platform Memory Stats for Windows
[2020.10.30-21.58.28:470][  0]LogMemory: Process Physical Memory: 109.36 MB used, 109.36 MB peak
[2020.10.30-21.58.28:471][  0]LogMemory: Process Virtual Memory: 104.18 MB used, 104.18 MB peak
[2020.10.30-21.58.28:471][  0]LogMemory: Physical Memory: 15961.92 MB used,  16706.37 MB free, 32668.29 MB total
[2020.10.30-21.58.28:471][  0]LogMemory: Virtual Memory: 4707.85 MB used,  134213024.00 MB free, 134217728.00 MB total
[2020.10.30-21.58.28:474][  0]LogWindows: WindowsPlatformFeatures enabled
[2020.10.30-21.58.28:502][  0]LogInit: Using OS detected language (en-US).
[2020.10.30-21.58.28:502][  0]LogInit: Using OS detected locale (en-CA).
[2020.10.30-21.58.28:503][  0]LogTextLocalizationManager: No specific localization for 'en-US' exists, so the 'en' localization will be used.
[2020.10.30-21.58.28:677][  0]LogInit: Setting process to per monitor DPI aware
[2020.10.30-21.58.28:724][  0]LogSlate: New Slate User Created.  User Index 0, Is Virtual User: 0
[2020.10.30-21.58.28:724][  0]LogSlate: Slate User Registered.  User Index 0, Is Virtual User: 0
[2020.10.30-21.58.28:932][  0]LogHMD: Failed to initialize OpenVR with code 110
[2020.10.30-21.58.28:932][  0]LogD3D11RHI: D3D11 adapters:
[2020.10.30-21.58.28:982][  0]LogD3D11RHI:    0. 'NVIDIA GeForce GTX 980' (Feature Level 11_0)
[2020.10.30-21.58.28:982][  0]LogD3D11RHI:       4053/0/16334 MB DedicatedVideo/DedicatedSystem/SharedSystem, Outputs:2, VendorId:0x10de
[2020.10.30-21.58.28:985][  0]LogD3D11RHI:    1. 'Microsoft Basic Render Driver' (Feature Level 11_0)
[2020.10.30-21.58.28:985][  0]LogD3D11RHI:       0/0/16334 MB DedicatedVideo/DedicatedSystem/SharedSystem, Outputs:0, VendorId:0x1414
[2020.10.30-21.58.28:985][  0]LogD3D11RHI: Chosen D3D11 Adapter: 0
[2020.10.30-21.58.28:995][  0]LogD3D11RHI: Creating new Direct3DDevice
[2020.10.30-21.58.28:995][  0]LogD3D11RHI:     GPU DeviceId: 0x13c0 (for the marketing name, search the web for "GPU Device Id")
[2020.10.30-21.58.28:995][  0]LogWindows: EnumDisplayDevices:
[2020.10.30-21.58.28:995][  0]LogWindows:    0. 'NVIDIA GeForce GTX 980' (P:0 D:1)
[2020.10.30-21.58.28:995][  0]LogWindows:    1. 'NVIDIA GeForce GTX 980' (P:1 D:1)
[2020.10.30-21.58.28:996][  0]LogWindows:    2. 'NVIDIA GeForce GTX 980' (P:0 D:0)
[2020.10.30-21.58.28:996][  0]LogWindows:    3. 'NVIDIA GeForce GTX 980' (P:0 D:0)
[2020.10.30-21.58.28:996][  0]LogWindows: DebugString: FoundDriverCount:4 
[2020.10.30-21.58.28:996][  0]LogD3D11RHI:     Adapter Name: NVIDIA GeForce GTX 980
[2020.10.30-21.58.28:996][  0]LogD3D11RHI:   Driver Version: 432.00 (internal:26.21.14.3200, unified:432.00)
[2020.10.30-21.58.28:996][  0]LogD3D11RHI:      Driver Date: 7-24-2019
[2020.10.30-21.58.28:996][  0]LogRHI: Texture pool is 2837 MB (70% of 4053 MB)
[2020.10.30-21.58.29:039][  0]LogD3D11RHI: Async texture creation enabled
[2020.10.30-21.58.29:052][  0]LogD3D11RHI: GPU Timing Frequency: 1000.000000 (Debug: 2 1)
[2020.10.30-21.58.29:447][  0]LogTemp: Display: Module 'AllDesktopTargetPlatform' loaded TargetPlatform 'AllDesktop'
[2020.10.30-21.58.29:456][  0]LogTemp: Display: Module 'MacClientTargetPlatform' loaded TargetPlatform 'MacClient'
[2020.10.30-21.58.29:466][  0]LogTemp: Display: Module 'MacNoEditorTargetPlatform' loaded TargetPlatform 'MacNoEditor'
[2020.10.30-21.58.29:475][  0]LogTemp: Display: Module 'MacServerTargetPlatform' loaded TargetPlatform 'MacServer'
[2020.10.30-21.58.29:491][  0]LogTemp: Display: Module 'MacTargetPlatform' loaded TargetPlatform 'Mac'
[2020.10.30-21.58.29:501][  0]LogTemp: Display: Module 'WindowsClientTargetPlatform' loaded TargetPlatform 'WindowsClient'
[2020.10.30-21.58.29:511][  0]LogTemp: Display: Module 'WindowsNoEditorTargetPlatform' loaded TargetPlatform 'WindowsNoEditor'
[2020.10.30-21.58.29:520][  0]LogTemp: Display: Module 'WindowsServerTargetPlatform' loaded TargetPlatform 'WindowsServer'
[2020.10.30-21.58.29:525][  0]LogTemp: Display: Module 'WindowsTargetPlatform' loaded TargetPlatform 'Windows'
[2020.10.30-21.58.29:565][  0]LogTemp: Display: Module 'AndroidTargetPlatform' loaded TargetPlatform 'Android'
[2020.10.30-21.58.29:565][  0]LogTemp: Display: Module 'AndroidTargetPlatform' loaded TargetPlatform 'Android_ASTC'
[2020.10.30-21.58.29:565][  0]LogTemp: Display: Module 'AndroidTargetPlatform' loaded TargetPlatform 'Android_ATC'
[2020.10.30-21.58.29:566][  0]LogTemp: Display: Module 'AndroidTargetPlatform' loaded TargetPlatform 'Android_DXT'
[2020.10.30-21.58.29:566][  0]LogTemp: Display: Module 'AndroidTargetPlatform' loaded TargetPlatform 'Android_ETC1'
[2020.10.30-21.58.29:566][  0]LogTemp: Display: Module 'AndroidTargetPlatform' loaded TargetPlatform 'Android_ETC1a'
[2020.10.30-21.58.29:566][  0]LogTemp: Display: Module 'AndroidTargetPlatform' loaded TargetPlatform 'Android_ETC2'
[2020.10.30-21.58.29:566][  0]LogTemp: Display: Module 'AndroidTargetPlatform' loaded TargetPlatform 'Android_PVRTC'
[2020.10.30-21.58.29:566][  0]LogTemp: Display: Module 'AndroidTargetPlatform' loaded TargetPlatform 'AndroidClient'
[2020.10.30-21.58.29:566][  0]LogTemp: Display: Module 'AndroidTargetPlatform' loaded TargetPlatform 'Android_ASTCClient'
[2020.10.30-21.58.29:566][  0]LogTemp: Display: Module 'AndroidTargetPlatform' loaded TargetPlatform 'Android_ATCClient'
[2020.10.30-21.58.29:566][  0]LogTemp: Display: Module 'AndroidTargetPlatform' loaded TargetPlatform 'Android_DXTClient'
[2020.10.30-21.58.29:566][  0]LogTemp: Display: Module 'AndroidTargetPlatform' loaded TargetPlatform 'Android_ETC1Client'
[2020.10.30-21.58.29:566][  0]LogTemp: Display: Module 'AndroidTargetPlatform' loaded TargetPlatform 'Android_ETC1aClient'
[2020.10.30-21.58.29:566][  0]LogTemp: Display: Module 'AndroidTargetPlatform' loaded TargetPlatform 'Android_ETC2Client'
[2020.10.30-21.58.29:566][  0]LogTemp: Display: Module 'AndroidTargetPlatform' loaded TargetPlatform 'Android_PVRTCClient'
[2020.10.30-21.58.29:566][  0]LogTemp: Display: Module 'AndroidTargetPlatform' loaded TargetPlatform 'Android_Multi'
[2020.10.30-21.58.29:566][  0]LogTemp: Display: Module 'AndroidTargetPlatform' loaded TargetPlatform 'Android_MultiClient'
[2020.10.30-21.58.29:568][  0]LogTemp: Display: Module 'HTML5TargetPlatform' loaded TargetPlatform 'HTML5'
[2020.10.30-21.58.29:591][  0]LogTemp: Display: Module 'IOSTargetPlatform' loaded TargetPlatform 'IOSClient'
[2020.10.30-21.58.29:591][  0]LogTemp: Display: Module 'IOSTargetPlatform' loaded TargetPlatform 'IOS'
[2020.10.30-21.58.29:606][  0]LogTemp: Display: Module 'TVOSTargetPlatform' loaded TargetPlatform 'TVOSClient'
[2020.10.30-21.58.29:606][  0]LogTemp: Display: Module 'TVOSTargetPlatform' loaded TargetPlatform 'TVOS'
[2020.10.30-21.58.29:617][  0]LogTemp: Display: Module 'LinuxClientTargetPlatform' loaded TargetPlatform 'LinuxClient'
[2020.10.30-21.58.29:633][  0]LogTemp: Display: Module 'LinuxNoEditorTargetPlatform' loaded TargetPlatform 'LinuxNoEditor'
[2020.10.30-21.58.29:643][  0]LogTemp: Display: Module 'LinuxServerTargetPlatform' loaded TargetPlatform 'LinuxServer'
[2020.10.30-21.58.29:665][  0]LogTemp: Display: Module 'LinuxTargetPlatform' loaded TargetPlatform 'Linux'
[2020.10.30-21.58.29:697][  0]LogTemp: Display: Module 'LuminTargetPlatform' loaded TargetPlatform 'Lumin'
[2020.10.30-21.58.29:698][  0]LogTemp: Display: Module 'LuminTargetPlatform' loaded TargetPlatform 'LuminClient'
[2020.10.30-21.58.29:698][  0]LogTargetPlatformManager: Display: Building Assets For Windows
[2020.10.30-21.58.29:707][  0]LogAudioDebug: Display: Lib vorbis DLL was dynamically loaded.
[2020.10.30-21.58.29:781][  0]LogShaderCompilers: Guid format shader working directory is -24 characters bigger than the processId version (../../../../../../Users/Daniel Cefaratti/Documents/GitHub/Stolemates/Stolenmates/Intermediate/Shaders/WorkingDirectory/29556/).
[2020.10.30-21.58.29:781][  0]LogShaderCompilers: Cleaned the shader compiler working directory 'C:/Users/Daniel Cefaratti/AppData/Local/Temp/UnrealShaderWorkingDir/DDB88A5D4EFA180B9F768F8DFA869F55/'.
[2020.10.30-21.58.29:784][  0]LogXGEController: Cannot use XGE Controller as Incredibuild is not installed on this machine.
[2020.10.30-21.58.29:784][  0]LogShaderCompilers: Cannot use XGE Shader Compiler as Incredibuild is not installed on this machine.
[2020.10.30-21.58.29:784][  0]LogShaderCompilers: Display: Using Local Shader Compiler.
[2020.10.30-21.58.30:593][  0]LogDerivedDataCache: Display: Max Cache Size: 512 MB
[2020.10.30-21.58.30:659][  0]LogDerivedDataCache: Loaded boot cache 0.06s 86MB C:/Users/Daniel Cefaratti/AppData/Local/UnrealEngine/4.23/DerivedDataCache/Boot.ddc.
[2020.10.30-21.58.30:659][  0]LogDerivedDataCache: Display: Loaded Boot cache: C:/Users/Daniel Cefaratti/AppData/Local/UnrealEngine/4.23/DerivedDataCache/Boot.ddc
[2020.10.30-21.58.30:659][  0]LogDerivedDataCache: FDerivedDataBackendGraph:  Pak pak cache file ../../../../../../Users/Daniel Cefaratti/Documents/GitHub/Stolemates/Stolenmates/DerivedDataCache/DDC.ddp not found, will not use a pak cache.
[2020.10.30-21.58.30:659][  0]LogDerivedDataCache: Unable to find inner node Pak for hierarchical cache Hierarchy.
[2020.10.30-21.58.30:659][  0]LogDerivedDataCache: FDerivedDataBackendGraph:  CompressedPak pak cache file ../../../../../../Users/Daniel Cefaratti/Documents/GitHub/Stolemates/Stolenmates/DerivedDataCache/Compressed.ddp not found, will not use a pak cache.
[2020.10.30-21.58.30:659][  0]LogDerivedDataCache: Unable to find inner node CompressedPak for hierarchical cache Hierarchy.
[2020.10.30-21.58.30:670][  0]LogDerivedDataCache: Display: Pak cache opened for reading ../../../Engine/DerivedDataCache/Compressed.ddp.
[2020.10.30-21.58.30:671][  0]LogDerivedDataCache: FDerivedDataBackendGraph:  EnterprisePak pak cache file ../../../Enterprise/DerivedDataCache/Compressed.ddp not found, will not use a pak cache.
[2020.10.30-21.58.30:671][  0]LogDerivedDataCache: Unable to find inner node EnterprisePak for hierarchical cache Hierarchy.
[2020.10.30-21.58.30:672][  0]LogDerivedDataCache: Using Local data cache path C:/Users/Daniel Cefaratti/AppData/Local/UnrealEngine/Common/DerivedDataCache: Writable
[2020.10.30-21.58.30:672][  0]LogDerivedDataCache: Shared data cache path not found in *engine.ini, will not use an Shared cache.
[2020.10.30-21.58.30:672][  0]LogDerivedDataCache: Unable to find inner node Shared for hierarchical cache Hierarchy.
[2020.10.30-21.58.30:695][  0]LogMaterial: Verifying Global Shaders for PCD3D_SM5
[2020.10.30-21.58.30:697][  0]LogSlate: Using FreeType 2.6.0
[2020.10.30-21.58.30:698][  0]LogSlate: SlateFontServices - WITH_FREETYPE: 1, WITH_HARFBUZZ: 1
[2020.10.30-21.58.30:759][  0]LogAssetRegistry: FAssetRegistry took 0.0027 seconds to start up
[2020.10.30-21.58.31:058][  0]LogInit: Selected Device Profile: [Windows]
[2020.10.30-21.58.31:224][  0]LogMeshReduction: Using QuadricMeshReduction for automatic static mesh reduction
[2020.10.30-21.58.31:224][  0]LogMeshReduction: Using SimplygonMeshReduction for automatic skeletal mesh reduction
[2020.10.30-21.58.31:224][  0]LogMeshReduction: Using ProxyLODMeshReduction for automatic mesh merging
[2020.10.30-21.58.31:224][  0]LogMeshReduction: No distributed automatic mesh merging module available
[2020.10.30-21.58.31:224][  0]LogMeshMerging: No distributed automatic mesh merging module available
[2020.10.30-21.58.31:234][  0]LogNetVersion: Stolenmates 1.0.0, NetCL: 8386587, EngineNetVer: 11, GameNetVer: 0 (Checksum: 1334032006)
[2020.10.30-21.58.31:696][  0]LogPackageLocalizationCache: Processed 15 localized package path(s) for 1 prioritized culture(s) in 0.065820 seconds
[2020.10.30-21.58.31:703][  0]LogUObjectArray: 43469 objects as part of root set at end of initial load.
[2020.10.30-21.58.31:703][  0]LogUObjectAllocator: 7553416 out of 0 bytes used by permanent object pool.
[2020.10.30-21.58.31:703][  0]LogUObjectArray: CloseDisregardForGC: 0/0 objects in disregard for GC pool
[2020.10.30-21.58.32:740][  0]LogTcpMessaging: Initializing TcpMessaging bridge
[2020.10.30-21.58.32:743][  0]LogUdpMessaging: Initializing bridge on interface 0.0.0.0:0 to multicast group 230.0.0.1:6666.
[2020.10.30-21.58.32:821][  0]SourceControl: Source control is disabled
[2020.10.30-21.58.32:821][  0]SourceControl: Source control is disabled
[2020.10.30-21.58.32:823][  0]SourceControl: Source control is disabled
[2020.10.30-21.58.32:824][  0]SourceControl: Source control is disabled
[2020.10.30-21.58.32:945][  0]LogAndroidPermission: UAndroidPermissionCallbackProxy::GetInstance
[2020.10.30-21.58.33:272][  0]LogOcInput: OculusInput pre-init called
[2020.10.30-21.58.33:901][  0]LogEngine: Initializing Engine...
[2020.10.30-21.58.33:902][  0]LogHMD: Failed to initialize OpenVR with code 110
[2020.10.30-21.58.33:903][  0]LogStats: UGameplayTagsManager::InitializeManager -  0.000 s
[2020.10.30-21.58.34:157][  0]LogInit: Initializing FReadOnlyCVARCache
[2020.10.30-21.58.34:172][  0]LogAIModule: Creating AISystem for world Untitled
[2020.10.30-21.58.34:251][  0]LogInit: XAudio2 using 'Speakers (G433 Gaming Headset)' : 2 channels at 48 kHz using 16 bits per sample (channel mask 0x3)
[2020.10.30-21.58.34:271][  0]LogInit: FAudioDevice initialized.
[2020.10.30-21.58.34:271][  0]LogNetVersion: Set ProjectVersion to 1.0.0.0. Version Checksum will be recalculated on next use.
[2020.10.30-21.58.34:353][  0]LogDerivedDataCache: Saved boot cache 0.08s 86MB C:/Users/Daniel Cefaratti/AppData/Local/UnrealEngine/4.23/DerivedDataCache/Boot.ddc.
[2020.10.30-21.58.34:366][  0]LogInit: Texture streaming: Enabled
[2020.10.30-21.58.34:386][  0]LogEngineSessionManager: EngineSessionManager initialized
[2020.10.30-21.58.34:462][  0]LogInit: Transaction tracking system initialized
[2020.10.30-21.58.34:497][  0]BlueprintLog: New page: Editor Load
[2020.10.30-21.58.34:579][  0]LocalizationService: Localization service is disabled
[2020.10.30-21.58.34:627][  0]LogLinker: Warning: Failed to load '/Game/FirstPersonBP/FirstPersonOverview': Can't find file.
[2020.10.30-21.58.34:628][  0]LogLinker: Warning: Failed to load '/Game/FirstPersonBP/FirstPersonOverview': Can't find file.
[2020.10.30-21.58.34:628][  0]LogUObjectGlobals: Warning: Failed to find object 'Class /Game/FirstPersonBP/FirstPersonOverview.FirstPersonOverview_C'
[2020.10.30-21.58.34:842][  0]LogFileCache: Scanning file cache for directory 'C:/Users/Daniel Cefaratti/Documents/GitHub/Stolemates/Stolenmates/Content/' took 0.01s
[2020.10.30-21.58.34:842][  0]LogCook: Display: Max memory allowance for cook 16384mb min free memory 0mb
[2020.10.30-21.58.34:842][  0]LogCook: Display: Mobile HDR setting 1
[2020.10.30-21.58.35:032][  0]SourceControl: Source control is disabled
[2020.10.30-21.58.35:032][  0]Cmd: MAP LOAD FILE="../../../../../../Users/Daniel Cefaratti/Documents/GitHub/Stolemates/Stolenmates/Content/Levels/Final_Level.umap" TEMPLATE=0 SHOWPROGRESS=1 FEATURELEVEL=3
[2020.10.30-21.58.35:039][  0]LightingResults: New page: Lighting Build
[2020.10.30-21.58.35:042][  0]LogWorld: UWorld::CleanupWorld for Untitled, bSessionEnded=true, bCleanupResources=true
[2020.10.30-21.58.35:042][  0]MapCheck: New page: Map Check
[2020.10.30-21.58.35:042][  0]LightingResults: New page: Lighting Build
[2020.10.30-21.58.35:077][  0]LogUObjectHash: Compacting FUObjectHashTables data took   1.88ms
[2020.10.30-21.58.35:548][  0]LogLinker: Warning: While loading '../../../../../../Users/Daniel Cefaratti/Documents/GitHub/Stolemates/Stolenmates/Content/Blueprints/EQS_System/PowerUpSpawnLocation.uasset' failed to load '/Script/EnvironmentQueryEditor': Can't find file.
[2020.10.30-21.58.35:548][  0]LogLinker: Warning: While loading '../../../../../../Users/Daniel Cefaratti/Documents/GitHub/Stolemates/Stolenmates/Content/Blueprints/EQS_System/PowerUpSpawnLocation.uasset' failed to load '/Script/EnvironmentQueryEditor': Can't find file.
[2020.10.30-21.58.35:548][  0]LogLinker: Warning: While loading '../../../../../../Users/Daniel Cefaratti/Documents/GitHub/Stolemates/Stolenmates/Content/Blueprints/EQS_System/PowerUpSpawnLocation.uasset' failed to load '/Script/EnvironmentQueryEditor': Can't find file.
[2020.10.30-21.58.35:548][  0]LogLinker: Warning: While loading '../../../../../../Users/Daniel Cefaratti/Documents/GitHub/Stolemates/Stolenmates/Content/Blueprints/EQS_System/PowerUpSpawnLocation.uasset' failed to load '/Script/EnvironmentQueryEditor': Can't find file.
[2020.10.30-21.58.35:548][  0]LogLinker: Warning: While loading '../../../../../../Users/Daniel Cefaratti/Documents/GitHub/Stolemates/Stolenmates/Content/Blueprints/EQS_System/PowerUpSpawnLocation.uasset' failed to load '/Script/EnvironmentQueryEditor': Can't find file.
[2020.10.30-21.58.35:548][  0]LogLinker: Warning: While loading '../../../../../../Users/Daniel Cefaratti/Documents/GitHub/Stolemates/Stolenmates/Content/Blueprints/EQS_System/PowerUpSpawnLocation.uasset' failed to load '/Script/EnvironmentQueryEditor': Can't find file.
[2020.10.30-21.58.35:548][  0]LogLinker: Warning: While loading '../../../../../../Users/Daniel Cefaratti/Documents/GitHub/Stolemates/Stolenmates/Content/Blueprints/EQS_System/PowerUpSpawnLocation.uasset' failed to load '/Script/EnvironmentQueryEditor': Can't find file.
[2020.10.30-21.58.35:548][  0]LogLinker: Warning: While loading '../../../../../../Users/Daniel Cefaratti/Documents/GitHub/Stolemates/Stolenmates/Content/Blueprints/EQS_System/PowerUpSpawnLocation.uasset' failed to load '/Script/EnvironmentQueryEditor': Can't find file.
[2020.10.30-21.58.35:548][  0]LogLinker: Warning: While loading '../../../../../../Users/Daniel Cefaratti/Documents/GitHub/Stolemates/Stolenmates/Content/Blueprints/EQS_System/PowerUpSpawnLocation.uasset' failed to load '/Script/EnvironmentQueryEditor': Can't find file.
[2020.10.30-21.58.35:548][  0]LogLinker: Warning: While loading '../../../../../../Users/Daniel Cefaratti/Documents/GitHub/Stolemates/Stolenmates/Content/Blueprints/EQS_System/PowerUpSpawnLocation.uasset' failed to load '/Script/EnvironmentQueryEditor': Can't find file.
[2020.10.30-21.58.35:548][  0]LogLinker: Warning: While loading '../../../../../../Users/Daniel Cefaratti/Documents/GitHub/Stolemates/Stolenmates/Content/Blueprints/BP_GameMode.uasset' failed to load '/Script/EnvironmentQueryEditor': Can't find file.
[2020.10.30-21.58.35:548][  0]LogLinker: Warning: While loading '../../../../../../Users/Daniel Cefaratti/Documents/GitHub/Stolemates/Stolenmates/Content/Blueprints/BP_GameMode.uasset' failed to load '/Script/EnvironmentQueryEditor': Can't find file.
[2020.10.30-21.58.35:548][  0]LogLinker: Warning: While loading '../../../../../../Users/Daniel Cefaratti/Documents/GitHub/Stolemates/Stolenmates/Content/Blueprints/BP_GameMode.uasset' failed to load '/Script/EnvironmentQueryEditor': Can't find file.
[2020.10.30-21.58.35:548][  0]LogLinker: Warning: While loading '../../../../../../Users/Daniel Cefaratti/Documents/GitHub/Stolemates/Stolenmates/Content/Blueprints/BP_GameMode.uasset' failed to load '/Script/EnvironmentQueryEditor': Can't find file.
[2020.10.30-21.58.35:548][  0]LogLinker: Warning: While loading '../../../../../../Users/Daniel Cefaratti/Documents/GitHub/Stolemates/Stolenmates/Content/Blueprints/BP_GameMode.uasset' failed to load '/Script/EnvironmentQueryEditor': Can't find file.
[2020.10.30-21.58.35:548][  0]LogLinker: Warning: While loading '../../../../../../Users/Daniel Cefaratti/Documents/GitHub/Stolemates/Stolenmates/Content/Blueprints/BP_GameMode.uasset' failed to load '/Script/EnvironmentQueryEditor': Can't find file.
[2020.10.30-21.58.35:548][  0]LogLinker: Warning: While loading '../../../../../../Users/Daniel Cefaratti/Documents/GitHub/Stolemates/Stolenmates/Content/Blueprints/BP_GameMode.uasset' failed to load '/Script/EnvironmentQueryEditor': Can't find file.
[2020.10.30-21.58.35:549][  0]LogLinker: Warning: While loading '../../../../../../Users/Daniel Cefaratti/Documents/GitHub/Stolemates/Stolenmates/Content/Blueprints/BP_GameMode.uasset' failed to load '/Script/EnvironmentQueryEditor': Can't find file.
[2020.10.30-21.58.35:549][  0]LogLinker: Warning: While loading '../../../../../../Users/Daniel Cefaratti/Documents/GitHub/Stolemates/Stolenmates/Content/Blueprints/BP_GameMode.uasset' failed to load '/Script/EnvironmentQueryEditor': Can't find file.
[2020.10.30-21.58.35:549][  0]LogLinker: Warning: While loading '../../../../../../Users/Daniel Cefaratti/Documents/GitHub/Stolemates/Stolenmates/Content/Blueprints/BP_GameMode.uasset' failed to load '/Script/EnvironmentQueryEditor': Can't find file.
[2020.10.30-21.58.35:549][  0]LogLinker: Warning: While loading '../../../../../../Users/Daniel Cefaratti/Documents/GitHub/Stolemates/Stolenmates/Content/Blueprints/BP_GameMode.uasset' failed to load '/Script/EnvironmentQueryEditor': Can't find file.
[2020.10.30-21.58.35:549][  0]LogLinker: Warning: While loading '../../../../../../Users/Daniel Cefaratti/Documents/GitHub/Stolemates/Stolenmates/Content/Blueprints/BP_GameMode.uasset' failed to load '/Script/EnvironmentQueryEditor': Can't find file.
[2020.10.30-21.58.35:549][  0]LogLinker: Warning: While loading '../../../../../../Users/Daniel Cefaratti/Documents/GitHub/Stolemates/Stolenmates/Content/Blueprints/BP_GameMode.uasset' failed to load '/Script/EnvironmentQueryEditor': Can't find file.
[2020.10.30-21.58.35:549][  0]LogLinker: Warning: While loading '../../../../../../Users/Daniel Cefaratti/Documents/GitHub/Stolemates/Stolenmates/Content/Blueprints/BP_GameMode.uasset' failed to load '/Script/EnvironmentQueryEditor': Can't find file.
[2020.10.30-21.58.35:549][  0]LogLinker: Warning: While loading '../../../../../../Users/Daniel Cefaratti/Documents/GitHub/Stolemates/Stolenmates/Content/Blueprints/BP_GameMode.uasset' failed to load '/Script/EnvironmentQueryEditor': Can't find file.
[2020.10.30-21.58.35:549][  0]LogLinker: Warning: While loading '../../../../../../Users/Daniel Cefaratti/Documents/GitHub/Stolemates/Stolenmates/Content/Blueprints/BP_GameMode.uasset' failed to load '/Script/EnvironmentQueryEditor': Can't find file.
[2020.10.30-21.58.35:749][  0]LogLinker: Warning: While loading '../../../../../../Users/Daniel Cefaratti/Documents/GitHub/Stolemates/Stolenmates/Content/Levels/Final_Level.umap' failed to load '/Game/Levels/Final_Level_BuiltData': Can't find file.
[2020.10.30-21.58.35:749][  0]LogLinker: Warning: While loading '../../../../../../Users/Daniel Cefaratti/Documents/GitHub/Stolemates/Stolenmates/Content/Levels/Final_Level.umap' failed to load '/Game/Levels/Final_Level_BuiltData': Can't find file.
[2020.10.30-21.58.37:370][  0]LogLinker: Warning: While loading '../../../../../../Users/Daniel Cefaratti/Documents/GitHub/Stolemates/Stolenmates/Content/Levels/Final_Level.umap' failed to load '/Game/Levels/Final_Level_BuiltData': Can't find file.
[2020.10.30-21.58.37:370][  0]LogLinker: Warning: While loading '../../../../../../Users/Daniel Cefaratti/Documents/GitHub/Stolemates/Stolenmates/Content/Levels/Final_Level.umap' failed to load '/Game/Levels/Final_Level_BuiltData': Can't find file.
[2020.10.30-21.58.37:384][  0]LogLinker: Warning: Failed to load '/Game/Levels/Final_Level_BuiltData': Can't find file.
[2020.10.30-21.58.37:384][  0]LogLinker: Warning: Failed to load '/Game/Levels/Final_Level_BuiltData': Can't find file.
[2020.10.30-21.58.37:384][  0]LogLinker: Warning: Failed to load '/Game/Levels/Final_Level_BuiltData': Can't find file.
[2020.10.30-21.58.37:384][  0]LogLinker: Warning: Failed to load '/Game/Levels/Final_Level_BuiltData': Can't find file.
[2020.10.30-21.58.37:616][  0]LogLinker: Warning: While loading '../../../../../../Users/Daniel Cefaratti/Documents/GitHub/Stolemates/Stolenmates/Content/Levels/Final_Level.umap' failed to load '/Game/Levels/Final_Level_BuiltData': Can't find file.
[2020.10.30-21.58.37:616][  0]LoadErrors: Failed to load /Game/Levels/Final_Level_BuiltData.Final_Level_BuiltData Referenced by PersistentLevel
[2020.10.30-21.58.37:617][  0]LogLinker: Warning: While loading '../../../../../../Users/Daniel Cefaratti/Documents/GitHub/Stolemates/Stolenmates/Content/Levels/Final_Level.umap' failed to load '/Game/Levels/Final_Level_BuiltData': Can't find file.
[2020.10.30-21.58.37:617][  0]LoadErrors: Failed to load /Game/Levels/Final_Level_BuiltData.Final_Level_BuiltData Referenced by PersistentLevel
[2020.10.30-21.58.41:859][  0]LogMaterial: Display: Missing cached shader map for material DirtPaint, compiling. 
[2020.10.30-21.58.42:008][  0]LogShaderCompilers: Display: Worker (1/9): shaders left to compile 58
[2020.10.30-21.58.42:008][  0]LogShaderCompilers: Display: Worker (2/9): shaders left to compile 51
[2020.10.30-21.58.42:008][  0]LogShaderCompilers: Display: Worker (3/9): shaders left to compile 44
[2020.10.30-21.58.42:008][  0]LogShaderCompilers: Display: Worker (4/9): shaders left to compile 37
[2020.10.30-21.58.42:008][  0]LogShaderCompilers: Display: Worker (5/9): shaders left to compile 30
[2020.10.30-21.58.42:008][  0]LogShaderCompilers: Display: Worker (6/9): shaders left to compile 23
[2020.10.30-21.58.42:008][  0]LogShaderCompilers: Display: Worker (7/9): shaders left to compile 16
[2020.10.30-21.58.42:008][  0]LogShaderCompilers: Display: Worker (8/9): shaders left to compile 9
[2020.10.30-21.58.42:008][  0]LogShaderCompilers: Display: Worker (9/9): shaders left to compile 2
[2020.10.30-21.58.42:008][  0]LogMaterial: Display: Missing cached shader map for material Pavement, compiling. 
[2020.10.30-21.58.42:031][  0]LogMaterial: Display: Missing cached shader map for material Water, compiling. 
[2020.10.30-21.58.42:167][  0]LogAIModule: Creating AISystem for world Final_Level
[2020.10.30-21.58.42:352][  0]LogEditorServer: Finished looking for orphan Actors (0.000 secs)
[2020.10.30-21.58.42:651][  0]LogUObjectHash: Compacting FUObjectHashTables data took   4.94ms
[2020.10.30-21.58.42:651][  0]Cmd: MAP CHECKDEP NOCLEARLOG
[2020.10.30-21.58.42:652][  0]MapCheck: Map check complete: 0 Error(s), 0 Warning(s), took 0.651ms to complete.
[2020.10.30-21.58.42:652][  0]LogFileHelpers: Loading map 'Final_Level' took 7.620
[2020.10.30-21.58.42:894][  0]LogSlate: Updating window title bar state: overlay mode, drag disabled, window buttons hidden, title bar hidden
[2020.10.30-21.58.42:909][  0]LogSlate: Updating window title bar state: overlay mode, drag disabled, window buttons hidden, title bar hidden
[2020.10.30-21.58.42:923][  0]LogSlate: Updating window title bar state: overlay mode, drag disabled, window buttons hidden, title bar hidden
[2020.10.30-21.58.42:937][  0]LogSlate: Updating window title bar state: overlay mode, drag disabled, window buttons hidden, title bar hidden
[2020.10.30-21.58.42:966][  0]LogCollectionManager: Loaded 0 collections in 0.003192 seconds
[2020.10.30-21.58.42:997][  0]LogFileCache: Scanning file cache for directory 'C:/Users/Daniel Cefaratti/Documents/GitHub/Stolemates/Stolenmates/Saved/Collections/' took 0.00s
[2020.10.30-21.58.42:997][  0]LogFileCache: Scanning file cache for directory 'C:/Users/Daniel Cefaratti/Documents/GitHub/Stolemates/Stolenmates/Content/Developers/DanielCefaratti/Collections/' took 0.00s
[2020.10.30-21.58.42:997][  0]LogFileCache: Scanning file cache for directory 'C:/Users/Daniel Cefaratti/Documents/GitHub/Stolemates/Stolenmates/Content/Collections/' took 0.00s
[2020.10.30-21.58.42:997][  0]LogCollectionManager: Rebuilt the GUID cache for 0 collections in 0.000002 seconds
[2020.10.30-21.58.43:016][  0]LogContentBrowser: Native class hierarchy populated in 0.0161 seconds. Added 3008 classes and 706 folders.
[2020.10.30-21.58.43:045][  0]LogContentBrowser: Native class hierarchy updated for 'WidgetCarousel' in 0.0005 seconds. Added 0 classes and 0 folders.
[2020.10.30-21.58.43:636][  0]LogShaderCompilers: Display: Worker (9/9): shaders left to compile 62
[2020.10.30-21.58.43:636][  0]LogContentBrowser: Native class hierarchy updated for 'AddContentDialog' in 0.0005 seconds. Added 0 classes and 0 folders.
[2020.10.30-21.58.43:659][  0]LogContentBrowser: Native class hierarchy updated for 'SceneOutliner' in 0.0006 seconds. Added 1 classes and 2 folders.
[2020.10.30-21.58.43:756][  0]LogSlate: Took 0.000222 seconds to synchronously load lazily loaded font '../../../Engine/Content/Slate/Fonts/Roboto-Regular.ttf' (155K)
[2020.10.30-21.58.43:759][  0]LogSlate: Took 0.000247 seconds to synchronously load lazily loaded font '../../../Engine/Content/Slate/Fonts/Roboto-Bold.ttf' (160K)
[2020.10.30-21.58.43:782][  0]LogSlate: Took 0.010650 seconds to synchronously load lazily loaded font '../../../Engine/Content/Editor/Slate/Fonts/FontAwesome.ttf' (139K)
[2020.10.30-21.58.43:996][  0]LogRenderer: Reallocating scene render targets to support 1208x572 Format 10 NumSamples 1 (Frame:1).
[2020.10.30-21.58.44:273][  0]LogContentBrowser: Native class hierarchy updated for 'HierarchicalLODOutliner' in 0.0007 seconds. Added 0 classes and 0 folders.
[2020.10.30-21.58.44:273][  0]LogLoad: (Engine Initialization) Total time: 17.76 seconds
[2020.10.30-21.58.44:273][  0]LogLoad: (Engine Initialization) Total Blueprint compile time: 0.00 seconds
[2020.10.30-21.58.44:353][  0]LogContentStreaming: Texture pool size now 1000 MB
[2020.10.30-21.58.44:362][  0]LogSlate: FSceneViewport::OnFocusLost() reason 5
[2020.10.30-21.58.44:437][  0]LogSlate: Took 0.013552 seconds to synchronously load lazily loaded font '../../../Engine/Content/Slate/Fonts/Roboto-Light.ttf' (167K)
[2020.10.30-21.58.44:835][ 17]LogShaderCompilers: Display: Worker (1/9): shaders left to compile 55
[2020.10.30-21.58.45:142][ 36]LogShaderCompilers: Display: Worker (4/9): shaders left to compile 48
[2020.10.30-21.58.45:216][ 40]LogShaderCompilers: Display: Worker (3/9): shaders left to compile 41
[2020.10.30-21.58.45:577][ 48]LogShaderCompilers: Display: Worker (2/9): shaders left to compile 35
[2020.10.30-21.58.45:656][ 54]LogSlate: Window 'Message Log' being destroyed
[2020.10.30-21.58.45:662][ 54]LogSlate: Window 'Message Log' being destroyed
[2020.10.30-21.58.46:228][ 94]LogShaderCompilers: Display: Worker (5/9): shaders left to compile 30
[2020.10.30-21.58.46:446][110]LogSlate: FSceneViewport::OnFocusLost() reason 0
[2020.10.30-21.58.46:728][134]LogShaderCompilers: Display: Worker (6/9): shaders left to compile 26
[2020.10.30-21.58.46:951][152]LogShaderCompilers: Display: Worker (7/9): shaders left to compile 22
[2020.10.30-21.58.47:321][189]LogShaderCompilers: Display: Worker (8/9): shaders left to compile 19
[2020.10.30-21.58.47:723][229]LogShaderCompilers: Display: Worker (5/9): shaders left to compile 16
[2020.10.30-21.58.47:731][230]LogShaderCompilers: Display: Worker (2/9): shaders left to compile 13
[2020.10.30-21.58.47:833][241]LogShaderCompilers: Display: Worker (6/9): shaders left to compile 11
[2020.10.30-21.58.48:757][337]LogShaderCompilers: Display: Worker (7/9): shaders left to compile 9
[2020.10.30-21.58.48:774][339]LogShaderCompilers: Display: Worker (1/9): shaders left to compile 7
[2020.10.30-21.58.48:824][345]LogShaderCompilers: Display: Worker (6/9): shaders left to compile 6
[2020.10.30-21.58.48:893][353]LogShaderCompilers: Display: Worker (3/9): shaders left to compile 5
[2020.10.30-21.58.48:939][358]LogShaderCompilers: Display: Worker (2/9): shaders left to compile 4
[2020.10.30-21.58.49:007][366]LogShaderCompilers: Display: Worker (8/9): shaders left to compile 3
[2020.10.30-21.58.49:068][372]LogShaderCompilers: Display: Worker (4/9): shaders left to compile 2
[2020.10.30-21.58.49:237][390]LogShaderCompilers: Display: Worker (5/9): shaders left to compile 1
[2020.10.30-21.58.49:494][419]LogFileCache: Retrieving MD5 hashes for directory 'C:/Users/Daniel Cefaratti/Documents/GitHub/Stolemates/Stolenmates/Content/' took 5.20s
[2020.10.30-21.58.49:766][443]LogAssetRegistry: Asset discovery search completed in 19.0078 seconds
[2020.10.30-21.58.49:771][443]LogCollectionManager: Rebuilt the object cache for 0 collections in 0.000006 seconds (found 0 objects)
[2020.10.30-21.58.49:771][443]LogCollectionManager: Fixed up redirectors for 0 collections in 0.000073 seconds (updated 0 objects)
[2020.10.30-21.59.00:693][987]LogActor: Warning: BP_Heart_C /Engine/Transient.World_4:PersistentLevel.BP_Heart_C_0 has natively added scene component(s), but none of them were set as the actor's RootComponent - picking one arbitrarily
[2020.10.30-21.59.06:539][339]LogSlate: Took 0.000226 seconds to synchronously load lazily loaded font '../../../Engine/Content/Slate/Fonts/Roboto-Light.ttf' (167K)
[2020.10.30-21.59.06:547][339]LogAssetEditorManager: Opening Asset editor for Blueprint /Game/Blueprints/BoxSpawn_Loc.BoxSpawn_Loc
[2020.10.30-21.59.06:849][339]LogContentBrowser: Native class hierarchy updated for 'BlueprintGraph' in 0.0007 seconds. Added 121 classes and 0 folders.
[2020.10.30-21.59.10:687][643]BlueprintLog: New page: Compile BoxSpawn_Loc
[2020.10.30-21.59.10:929][643]LogUObjectHash: Compacting FUObjectHashTables data took   4.29ms
[2020.10.30-21.59.12:906][863]LogSlate: Window 'BoxSpawn_Loc' being destroyed
[2020.10.30-21.59.12:910][863]LogWorld: UWorld::CleanupWorld for World_5, bSessionEnded=true, bCleanupResources=true
[2020.10.30-21.59.12:967][863]LogAssetEditorManager: Opening Asset editor for Blueprint /Game/Blueprints/BoxSpawn_Loc.BoxSpawn_Loc
[2020.10.30-21.59.13:346][863]LogSlate: Took 0.007428 seconds to synchronously load lazily loaded font '../../../Engine/Content/Slate/Fonts/Roboto-BoldCondensed.ttf' (158K)
[2020.10.30-22.08.44:511][395]LogUObjectHash: Compacting FUObjectHashTables data took   4.45ms
[2020.10.30-22.08.44:511][395]LogFileHelpers: Editor autosave (incl. sublevels) for '/Game/Levels/Final_Level' took 0.049
[2020.10.30-22.08.44:514][395]OBJ SavePackage: Generating thumbnails for [0] asset(s) in package [/Game/Blueprints/BoxSpawn_Loc] ([1] browsable assets)...
[2020.10.30-22.08.44:514][395]OBJ SavePackage: Finished generating thumbnails for package [/Game/Blueprints/BoxSpawn_Loc]
[2020.10.30-22.08.44:575][395]LogSavePackage: Moving '../../../../../../Users/Daniel Cefaratti/Documents/GitHub/Stolemates/Stolenmates/Saved/BoxSpawn_Loc_Auto1EE0C67694DE07B292251FD87BCD37DE1.tmp' to '../../../../../../Users/Daniel Cefaratti/Documents/GitHub/Stolemates/Stolenmates/Saved/Autosaves/Game/Blueprints/BoxSpawn_Loc_Auto1.uasset'
[2020.10.30-22.08.44:578][395]LogFileHelpers: Auto-saving content packages took 0.066
[2020.10.31-05.39.16:800][384]LogAudio: Warning: Current Audio Device with ID {0.0.0.00000000}.{bd8e0f31-2618-490c-ac5f-3d4dbecd8640} was removed. Shutting down audio device.
[2020.10.31-05.39.16:800][384]LogInit: XAudio2 using 'ASUS VP278 (NVIDIA High Definition Audio)' : 2 channels at 48 kHz using 16 bits per sample (channel mask 0x3)
[2020.10.31-05.39.16:969][385]LogInit: XAudio2 using 'ASUS VP278 (NVIDIA High Definition Audio)' : 2 channels at 48 kHz using 16 bits per sample (channel mask 0x3)
[2020.10.31-05.39.22:419][401]LogInit: XAudio2 using 'Speakers (G433 Gaming Headset)' : 2 channels at 48 kHz using 16 bits per sample (channel mask 0x3)
[2020.10.31-05.39.22:684][402]LogInit: XAudio2 using 'Speakers (G433 Gaming Headset)' : 2 channels at 48 kHz using 16 bits per sample (channel mask 0x3)
[2020.11.03-15.02.57:239][789]LogUObjectHash: Compacting FUObjectHashTables data took   6.29ms
[2020.11.03-15.02.57:239][789]LogFileHelpers: Editor autosave (incl. sublevels) for '/Game/Levels/Final_Level' took 0.080
[2020.11.03-15.02.57:241][789]OBJ SavePackage: Generating thumbnails for [0] asset(s) in package [/Game/Blueprints/BoxSpawn_Loc] ([1] browsable assets)...
[2020.11.03-15.02.57:241][789]OBJ SavePackage: Finished generating thumbnails for package [/Game/Blueprints/BoxSpawn_Loc]
[2020.11.03-15.02.57:319][789]LogSavePackage: Moving '../../../../../../Users/Daniel Cefaratti/Documents/GitHub/Stolemates/Stolenmates/Saved/BoxSpawn_Loc_Auto20E957C3E42E6C02CB6982286B898B3B8.tmp' to '../../../../../../Users/Daniel Cefaratti/Documents/GitHub/Stolemates/Stolenmates/Saved/Autosaves/Game/Blueprints/BoxSpawn_Loc_Auto2.uasset'
[2020.11.03-15.02.57:320][789]LogFileHelpers: Auto-saving content packages took 0.080
[2020.11.03-16.51.23:100][330]LogSlate: Prevented a slow task dialog from being summoned while a context menu was open
[2020.11.03-16.52.33:681][ 61]LogSlate: Prevented a slow task dialog from being summoned while a context menu was open
[2020.11.03-16.53.00:498][927]LogSlate: Took 0.008041 seconds to synchronously load lazily loaded font '../../../Engine/Content/Slate/Fonts/Roboto-Italic.ttf' (157K)
[2020.11.03-16.54.03:057][711]BlueprintLog: New page: Compile BoxSpawn_Loc
[2020.11.03-16.54.03:061][711]LogBlueprint: Error: [Compiler BoxSpawn_Loc] The current value (ObjectTypeQuery1) of the ' Object Types ' pin is invalid: Array inputs (like 'Object Types') must have an input wired into them (try connecting a MakeArray node).
[2020.11.03-16.54.03:452][711]LogUObjectHash: Compacting FUObjectHashTables data took   6.88ms
[2020.11.03-16.54.45:181][637]LogUObjectHash: Compacting FUObjectHashTables data took   4.07ms
[2020.11.03-16.54.45:181][637]LogFileHelpers: Editor autosave (incl. sublevels) for '/Game/Levels/Final_Level' took 0.056
[2020.11.03-16.54.45:184][637]OBJ SavePackage: Generating thumbnails for [0] asset(s) in package [/Game/Blueprints/BoxSpawn_Loc] ([1] browsable assets)...
[2020.11.03-16.54.45:184][637]OBJ SavePackage: Finished generating thumbnails for package [/Game/Blueprints/BoxSpawn_Loc]
[2020.11.03-16.54.45:241][637]LogSavePackage: Moving '../../../../../../Users/Daniel Cefaratti/Documents/GitHub/Stolemates/Stolenmates/Saved/BoxSpawn_Loc_Auto3DB6E45DE48CED3C6081397B93A175F1A.tmp' to '../../../../../../Users/Daniel Cefaratti/Documents/GitHub/Stolemates/Stolenmates/Saved/Autosaves/Game/Blueprints/BoxSpawn_Loc_Auto3.uasset'
[2020.11.03-16.54.45:243][637]LogFileHelpers: Auto-saving content packages took 0.060
[2020.11.03-17.00.05:215][753]BlueprintLog: New page: Compile BoxSpawn_Loc
[2020.11.03-17.00.05:482][753]LogUObjectHash: Compacting FUObjectHashTables data took   4.72ms
[2020.11.03-17.00.26:319][ 32]Cmd: OBJ SAVEPACKAGE PACKAGE="/Game/Blueprints/BoxSpawn_Loc" FILE="../../../../../../Users/Daniel Cefaratti/Documents/GitHub/Stolemates/Stolenmates/Content/Blueprints/BoxSpawn_Loc.uasset" SILENT=true
[2020.11.03-17.00.26:359][ 32]LogSavePackage: Moving '../../../../../../Users/Daniel Cefaratti/Documents/GitHub/Stolemates/Stolenmates/Saved/BoxSpawn_LocD72EF1CE488D738A50438B820604630A.tmp' to '../../../../../../Users/Daniel Cefaratti/Documents/GitHub/Stolemates/Stolenmates/Content/Blueprints/BoxSpawn_Loc.uasset'
[2020.11.03-17.00.27:093][103]LogSlate: Window 'BoxSpawn_Loc' being destroyed
[2020.11.03-17.00.27:097][103]LogSlate: Window 'BoxSpawn_Loc' being destroyed
[2020.11.03-17.00.27:098][103]LogWorld: UWorld::CleanupWorld for World_6, bSessionEnded=true, bCleanupResources=true
[2020.11.03-18.09.04:515][105]LogAssetEditorManager: Opening Asset editor for Blueprint /Game/Blueprints/BoxSpawn_Loc.BoxSpawn_Loc
[2020.11.03-18.11.30:231][293]LogSlate: Window 'BoxSpawn_Loc' being destroyed
[2020.11.03-18.11.30:236][293]LogSlate: Window 'BoxSpawn_Loc' being destroyed
[2020.11.03-18.11.30:245][293]LogWorld: UWorld::CleanupWorld for World_7, bSessionEnded=true, bCleanupResources=true
[2020.11.03-18.11.31:696][400]LogAssetEditorManager: Opening Asset editor for Blueprint /Game/Blueprints/BoxSpawn_Loc.BoxSpawn_Loc
[2020.11.03-19.32.30:410][ 23]LogUObjectHash: Compacting FUObjectHashTables data took  20.73ms
[2020.11.03-19.32.30:411][ 23]LogFileHelpers: Editor autosave (incl. sublevels) for '/Game/Levels/Final_Level' took 0.098
[2020.11.03-19.32.30:413][ 23]OBJ SavePackage: Generating thumbnails for [0] asset(s) in package [/Game/Blueprints/BoxSpawn_Loc] ([1] browsable assets)...
[2020.11.03-19.32.30:413][ 23]OBJ SavePackage: Finished generating thumbnails for package [/Game/Blueprints/BoxSpawn_Loc]
[2020.11.03-19.32.30:469][ 23]LogSavePackage: Moving '../../../../../../Users/Daniel Cefaratti/Documents/GitHub/Stolemates/Stolenmates/Saved/BoxSpawn_Loc_Auto49DB49179435A9F6964CEFCBC4E910A49.tmp' to '../../../../../../Users/Daniel Cefaratti/Documents/GitHub/Stolemates/Stolenmates/Saved/Autosaves/Game/Blueprints/BoxSpawn_Loc_Auto4.uasset'
[2020.11.03-19.32.30:471][ 23]LogFileHelpers: Auto-saving content packages took 0.058
[2020.11.03-19.36.32:711][113]LogEditorTransaction: Undo Move Node
[2020.11.03-19.36.33:145][142]LogEditorTransaction: Undo Move Node
[2020.11.03-19.36.33:529][177]LogEditorTransaction: Undo Move Node
[2020.11.03-19.36.33:942][218]LogEditorTransaction: Undo Delete current selection
[2020.11.03-19.36.34:320][254]LogEditorTransaction: Undo Delete current selection
[2020.11.03-19.36.34:874][308]LogEditorTransaction: Undo Delete current selection
[2020.11.03-19.38.17:251][571]BlueprintLog: New page: Compile BoxSpawn_Loc
[2020.11.03-19.38.17:563][571]LogUObjectHash: Compacting FUObjectHashTables data took   4.59ms
[2020.11.03-19.40.17:527][192]Cmd: OBJ SAVEPACKAGE PACKAGE="/Game/Blueprints/BoxSpawn_Loc" FILE="../../../../../../Users/Daniel Cefaratti/Documents/GitHub/Stolemates/Stolenmates/Content/Blueprints/BoxSpawn_Loc.uasset" SILENT=true
[2020.11.03-19.40.17:564][192]LogSavePackage: Moving '../../../../../../Users/Daniel Cefaratti/Documents/GitHub/Stolemates/Stolenmates/Saved/BoxSpawn_Loc293F6D6944C6B1E97A65E0BCDED179E8.tmp' to '../../../../../../Users/Daniel Cefaratti/Documents/GitHub/Stolemates/Stolenmates/Content/Blueprints/BoxSpawn_Loc.uasset'
[2020.11.03-19.40.18:877][325]LogSlate: Window 'BoxSpawn_Loc' being destroyed
[2020.11.03-19.40.18:882][325]LogSlate: Window 'BoxSpawn_Loc' being destroyed
[2020.11.03-19.40.18:889][325]LogWorld: UWorld::CleanupWorld for World_8, bSessionEnded=true, bCleanupResources=true
[2020.11.03-19.40.46:338][698]LogAssetEditorManager: Opening Asset editor for Blueprint /Game/Blueprints/BoxSpawn_Loc.BoxSpawn_Loc
[2020.11.03-19.40.50:484][ 28]BlueprintLog: New page: Compile BoxSpawn_Loc
[2020.11.03-19.40.50:789][ 28]LogUObjectHash: Compacting FUObjectHashTables data took   4.75ms
[2020.11.03-19.40.52:353][169]Cmd: OBJ SAVEPACKAGE PACKAGE="/Game/Blueprints/BoxSpawn_Loc" FILE="../../../../../../Users/Daniel Cefaratti/Documents/GitHub/Stolemates/Stolenmates/Content/Blueprints/BoxSpawn_Loc.uasset" SILENT=true
[2020.11.03-19.40.52:386][169]LogSavePackage: Moving '../../../../../../Users/Daniel Cefaratti/Documents/GitHub/Stolemates/Stolenmates/Saved/BoxSpawn_LocA13A963F4D41B8983A9302928FEBB34E.tmp' to '../../../../../../Users/Daniel Cefaratti/Documents/GitHub/Stolemates/Stolenmates/Content/Blueprints/BoxSpawn_Loc.uasset'
[2020.11.03-19.40.52:959][220]Cmd: OBJ SAVEPACKAGE PACKAGE="/Game/Blueprints/BoxSpawn_Loc" FILE="../../../../../../Users/Daniel Cefaratti/Documents/GitHub/Stolemates/Stolenmates/Content/Blueprints/BoxSpawn_Loc.uasset" SILENT=true
[2020.11.03-19.40.52:987][220]LogSavePackage: Moving '../../../../../../Users/Daniel Cefaratti/Documents/GitHub/Stolemates/Stolenmates/Saved/BoxSpawn_LocD7677A0A401FB8BAE4265F92A2A1189D.tmp' to '../../../../../../Users/Daniel Cefaratti/Documents/GitHub/Stolemates/Stolenmates/Content/Blueprints/BoxSpawn_Loc.uasset'
[2020.11.03-19.40.53:134][231]Cmd: OBJ SAVEPACKAGE PACKAGE="/Game/Blueprints/BoxSpawn_Loc" FILE="../../../../../../Users/Daniel Cefaratti/Documents/GitHub/Stolemates/Stolenmates/Content/Blueprints/BoxSpawn_Loc.uasset" SILENT=true
[2020.11.03-19.40.53:163][231]LogSavePackage: Moving '../../../../../../Users/Daniel Cefaratti/Documents/GitHub/Stolemates/Stolenmates/Saved/BoxSpawn_Loc65092DB94ED9395F07361AA7F631FE26.tmp' to '../../../../../../Users/Daniel Cefaratti/Documents/GitHub/Stolemates/Stolenmates/Content/Blueprints/BoxSpawn_Loc.uasset'
[2020.11.03-19.40.53:299][241]Cmd: OBJ SAVEPACKAGE PACKAGE="/Game/Blueprints/BoxSpawn_Loc" FILE="../../../../../../Users/Daniel Cefaratti/Documents/GitHub/Stolemates/Stolenmates/Content/Blueprints/BoxSpawn_Loc.uasset" SILENT=true
[2020.11.03-19.40.53:328][241]LogSavePackage: Moving '../../../../../../Users/Daniel Cefaratti/Documents/GitHub/Stolemates/Stolenmates/Saved/BoxSpawn_LocAD57B5CD4A3BCCF3BB3593B12FA59545.tmp' to '../../../../../../Users/Daniel Cefaratti/Documents/GitHub/Stolemates/Stolenmates/Content/Blueprints/BoxSpawn_Loc.uasset'
[2020.11.03-19.44.48:175][207]BlueprintLog: New page: Compile BoxSpawn_Loc
[2020.11.03-19.44.48:443][207]LogUObjectHash: Compacting FUObjectHashTables data took   4.39ms
[2020.11.03-19.44.49:311][292]Cmd: OBJ SAVEPACKAGE PACKAGE="/Game/Blueprints/BoxSpawn_Loc" FILE="../../../../../../Users/Daniel Cefaratti/Documents/GitHub/Stolemates/Stolenmates/Content/Blueprints/BoxSpawn_Loc.uasset" SILENT=true
[2020.11.03-19.44.49:344][292]LogSavePackage: Moving '../../../../../../Users/Daniel Cefaratti/Documents/GitHub/Stolemates/Stolenmates/Saved/BoxSpawn_LocEF5F646B4EA445409CA93BB180E9C0EA.tmp' to '../../../../../../Users/Daniel Cefaratti/Documents/GitHub/Stolemates/Stolenmates/Content/Blueprints/BoxSpawn_Loc.uasset'
