Log file open, 02/10/20 00:19:04
LogWindows: Failed to load 'aqProf.dll' (GetLastError=126)
LogWindows: File 'aqProf.dll' does not exist
LogWindows: Failed to load 'VtuneApi.dll' (GetLastError=126)
LogWindows: File 'VtuneApi.dll' does not exist
LogWindows: Failed to load 'VtuneApi32e.dll' (GetLastError=126)
LogWindows: File 'VtuneApi32e.dll' does not exist
LogConsoleResponse: Display: Failed to find resolution value strings in scalability ini. Falling back to default.
LogInit: Display: Running engine for game: Stolenmates
LogPlatformFile: Not using cached read wrapper
LogTaskGraph: Started task graph with 5 named threads and 23 total threads with 3 sets of task threads.
LogStats: Stats thread started at 0.151214
LogD3D11RHI: Loaded GFSDK_Aftermath_Lib.x64.dll
LogICUInternationalization: ICU TimeZone Detection - Raw Offset: -5:00, Platform Override: ''
LogPluginManager: Mounting plugin Paper2D
LogPluginManager: Mounting plugin AISupport
LogPluginManager: Mounting plugin LightPropagationVolume
LogPluginManager: Mounting plugin ActorLayerUtilities
LogPluginManager: Mounting plugin AnimationSharing
LogPluginManager: Mounting plugin CLionSourceCodeAccess
LogPluginManager: Mounting plugin CodeLiteSourceCodeAccess
LogPluginManager: Mounting plugin GitSourceControl
LogPluginManager: Mounting plugin KDevelopSourceCodeAccess
LogPluginManager: Mounting plugin NullSourceCodeAccess
LogPluginManager: Mounting plugin PerforceSourceControl
LogPluginManager: Mounting plugin SubversionSourceControl
LogPluginManager: Mounting plugin UObjectPlugin
LogPluginManager: Mounting plugin VisualStudioCodeSourceCodeAccess
LogPluginManager: Mounting plugin VisualStudioSourceCodeAccess
LogPluginManager: Mounting plugin XCodeSourceCodeAccess
LogPluginManager: Mounting plugin AssetManagerEditor
LogPluginManager: Mounting plugin CryptoKeys
LogPluginManager: Mounting plugin CurveEditorTools
LogPluginManager: Mounting plugin DataValidation
LogPluginManager: Mounting plugin FacialAnimation
LogPluginManager: Mounting plugin GameplayTagsEditor
LogPluginManager: Mounting plugin MacGraphicsSwitching
LogPluginManager: Mounting plugin MaterialAnalyzer
LogPluginManager: Mounting plugin MobileLauncherProfileWizard
LogPluginManager: Mounting plugin PluginBrowser
LogPluginManager: Mounting plugin SpeedTreeImporter
LogPluginManager: Mounting plugin DatasmithContent
LogPluginManager: Mounting plugin VariantManagerContent
LogPluginManager: Mounting plugin AlembicImporter
LogPluginManager: Mounting plugin AutomationUtils
LogPluginManager: Mounting plugin BackChannel
LogPluginManager: Mounting plugin CharacterAI
LogPluginManager: Mounting plugin GeometryCache
LogPluginManager: Mounting plugin HTML5Networking
LogPluginManager: Mounting plugin PlatformCrypto
LogPluginManager: Mounting plugin ProxyLODPlugin
LogPluginManager: Mounting plugin SkeletalReduction
LogPluginManager: Mounting plugin MagicLeap
LogPluginManager: Mounting plugin MagicLeapMedia
LogPluginManager: Mounting plugin AndroidMedia
LogPluginManager: Mounting plugin AvfMedia
LogPluginManager: Mounting plugin ImgMedia
LogPluginManager: Mounting plugin MediaCompositing
LogPluginManager: Mounting plugin MediaPlayerEditor
LogPluginManager: Mounting plugin WebMMedia
LogPluginManager: Mounting plugin WmfMedia
LogPluginManager: Mounting plugin TcpMessaging
LogPluginManager: Mounting plugin UdpMessaging
LogPluginManager: Mounting plugin ActorSequence
LogPluginManager: Mounting plugin LevelSequenceEditor
LogPluginManager: Mounting plugin MatineeToLevelSequence
LogPluginManager: Mounting plugin NetcodeUnitTest
LogPluginManager: Mounting plugin NUTUnrealEngine4
LogPluginManager: Mounting plugin OnlineSubsystemGooglePlay
LogPluginManager: Mounting plugin OnlineSubsystemIOS
LogPluginManager: Mounting plugin OnlineSubsystem
LogPluginManager: Mounting plugin OnlineSubsystemNull
LogPluginManager: Mounting plugin OnlineSubsystemUtils
LogPluginManager: Mounting plugin LauncherChunkInstaller
LogPluginManager: Mounting plugin AndroidDeviceProfileSelector
LogPluginManager: Mounting plugin AndroidMoviePlayer
LogPluginManager: Mounting plugin AndroidPermission
LogPluginManager: Mounting plugin AppleImageUtils
LogPluginManager: Mounting plugin AppleMoviePlayer
LogPluginManager: Mounting plugin ArchVisCharacter
LogPluginManager: Mounting plugin AudioCapture
LogPluginManager: Mounting plugin CableComponent
LogPluginManager: Mounting plugin CustomMeshComponent
LogPluginManager: Mounting plugin EditableMesh
LogPluginManager: Mounting plugin ExampleDeviceProfileSelector
LogPluginManager: Mounting plugin GoogleCloudMessaging
LogPluginManager: Mounting plugin IOSDeviceProfileSelector
LogPluginManager: Mounting plugin LinuxDeviceProfileSelector
LogPluginManager: Mounting plugin LocationServicesBPLibrary
LogPluginManager: Mounting plugin MobilePatchingUtils
LogPluginManager: Mounting plugin OculusVR
LogPluginManager: Mounting plugin PhysXVehicles
LogPluginManager: Mounting plugin ProceduralMeshComponent
LogPluginManager: Mounting plugin RuntimePhysXCooking
LogPluginManager: Mounting plugin SignificanceManager
LogPluginManager: Mounting plugin SteamVR
LogPluginManager: Mounting plugin WebMMoviePlayer
LogPluginManager: Mounting plugin WindowsMoviePlayer
LogPluginManager: Mounting plugin ScreenshotTools
LogInit: Using libcurl 7.55.1-DEV
LogInit:  - built for x86_64-pc-win32
LogInit:  - supports SSL with OpenSSL/1.1.1
LogInit:  - supports HTTP deflate (compression) using libz 1.2.8
LogInit:  - other features:
LogInit:      CURL_VERSION_SSL
LogInit:      CURL_VERSION_LIBZ
LogInit:      CURL_VERSION_IPV6
LogInit:      CURL_VERSION_ASYNCHDNS
LogInit:      CURL_VERSION_LARGEFILE
LogInit:      CURL_VERSION_IDN
LogInit:  CurlRequestOptions (configurable via config and command line):
LogInit:  - bVerifyPeer = true  - Libcurl will verify peer certificate
LogInit:  - bUseHttpProxy = false  - Libcurl will NOT use HTTP proxy
LogInit:  - bDontReuseConnections = false  - Libcurl will reuse connections
LogInit:  - MaxHostConnections = 16  - Libcurl will limit the number of connections to a host
LogInit:  - LocalHostAddr = Default
LogInit:  - BufferSize = 65536
LogOnline: OSS: Creating online subsystem instance for: NULL
LogInit: WinSock: version 1.1 (2.2), MaxSocks=32767, MaxUdp=65467
LogInit: Build: ++UE4+Release-4.23-CL-9631420
LogInit: Engine Version: 4.23.1-9631420+++UE4+Release-4.23
LogInit: Compatible Engine Version: 4.23.0-8386587+++UE4+Release-4.23
LogInit: Net CL: 8386587
LogInit: OS: Windows 10 (Release 1809) (), CPU: Intel(R) Core(TM) i7-7700 CPU @ 3.60GHz, GPU: NVIDIA GeForce GTX 1070
LogInit: Compiled (64-bit): Oct 18 2019 02:07:44
LogInit: Compiled with Visual C++: 19.16.27030.01
LogInit: Build Configuration: Development
LogInit: Branch Name: ++UE4+Release-4.23
LogInit: Command Line:  -skipcompile
LogInit: Base Directory: C:/Program Files/Epic Games/UE_4.23/Engine/Binaries/Win64/
LogInit: Installed Engine Build: 1
LogDevObjectVersion: Number of dev versions registered: 23
LogDevObjectVersion:   Dev-Blueprints (B0D832E4-1F89-4F0D-ACCF-7EB736FD4AA2): 10
LogDevObjectVersion:   Dev-Build (E1C64328-A22C-4D53-A36C-8E866417BD8C): 0
LogDevObjectVersion:   Dev-Core (375EC13C-06E4-48FB-B500-84F0262A717E): 3
LogDevObjectVersion:   Dev-Editor (E4B068ED-F494-42E9-A231-DA0B2E46BB41): 34
LogDevObjectVersion:   Dev-Framework (CFFC743F-43B0-4480-9391-14DF171D2073): 35
LogDevObjectVersion:   Dev-Mobile (B02B49B5-BB20-44E9-A304-32B752E40360): 2
LogDevObjectVersion:   Dev-Networking (A4E4105C-59A1-49B5-A7C5-40C4547EDFEE): 0
LogDevObjectVersion:   Dev-Online (39C831C9-5AE6-47DC-9A44-9C173E1C8E7C): 0
LogDevObjectVersion:   Dev-Physics (78F01B33-EBEA-4F98-B9B4-84EACCB95AA2): 0
LogDevObjectVersion:   Dev-Platform (6631380F-2D4D-43E0-8009-CF276956A95A): 0
LogDevObjectVersion:   Dev-Rendering (12F88B9F-8875-4AFC-A67C-D90C383ABD29): 31
LogDevObjectVersion:   Dev-Sequencer (7B5AE74C-D270-4C10-A958-57980B212A5A): 11
LogDevObjectVersion:   Dev-VR (D7296918-1DD6-4BDD-9DE2-64A83CC13884): 2
LogDevObjectVersion:   Dev-LoadTimes (C2A15278-BFE7-4AFE-6C17-90FF531DF755): 1
LogDevObjectVersion:   Private-Geometry (6EACA3D4-40EC-4CC1-B786-8BED09428FC5): 3
LogDevObjectVersion:   Dev-AnimPhys (29E575DD-E0A3-4627-9D10-D276232CDCEA): 17
LogDevObjectVersion:   Dev-Anim (AF43A65D-7FD3-4947-9873-3E8ED9C1BB05): 2
LogDevObjectVersion:   Dev-ReflectionCapture (6B266CEC-1EC7-4B8F-A30B-E4D90942FC07): 1
LogDevObjectVersion:   Dev-Automation (0DF73D61-A23F-47EA-B727-89E90C41499A): 1
LogDevObjectVersion:   FortniteMain (601D1886-AC64-4F84-AA16-D3DE0DEAC7D6): 27
LogDevObjectVersion:   Dev-Enterprise (9DFFBCD6-494F-0158-E221-12823C92A888): 6
LogDevObjectVersion:   Dev-Niagara (F2AED0AC-9AFE-416F-8664-AA7FFA26D6FC): 1
LogDevObjectVersion:   Dev-Destruction (174F1F0B-B4C6-45A5-B13F-2EE8D0FB917D): 9
LogInit: Presizing for max 16777216 objects, including 0 objects not considered by GC, pre-allocating 0 bytes for permanent pool.
LogInit: Object subsystem initialized
LogConfig: Setting CVar [[con.DebugEarlyDefault:1]]
LogConfig: Setting CVar [[r.setres:1280x720]]
[2020.02.10-05.19.04:997][  0]LogConfig: Setting CVar [[r.VSync:0]]
[2020.02.10-05.19.04:997][  0]LogConfig: Setting CVar [[r.RHICmdBypass:0]]
[2020.02.10-05.19.04:997][  0]LogConfig: Applying CVar settings from Section [/Script/Engine.RendererSettings] File [C:/Users/tbiss/Documents/GitHub/Stolemates/Stolenmates/Saved/Config/Windows/Engine.ini]
[2020.02.10-05.19.04:998][  0]LogConfig: Setting CVar [[r.GPUCrashDebugging:0]]
[2020.02.10-05.19.04:998][  0]LogConfig: Setting CVar [[r.DefaultFeature.AutoExposure.ExtendDefaultLuminanceRange:1]]
[2020.02.10-05.19.04:998][  0]LogConfig: Applying CVar settings from Section [/Script/Engine.RendererOverrideSettings] File [C:/Users/tbiss/Documents/GitHub/Stolemates/Stolenmates/Saved/Config/Windows/Engine.ini]
[2020.02.10-05.19.04:998][  0]LogConfig: Applying CVar settings from Section [/Script/Engine.StreamingSettings] File [C:/Users/tbiss/Documents/GitHub/Stolemates/Stolenmates/Saved/Config/Windows/Engine.ini]
[2020.02.10-05.19.04:998][  0]LogConfig: Setting CVar [[s.MinBulkDataSizeForAsyncLoading:131072]]
[2020.02.10-05.19.04:998][  0]LogConfig: Setting CVar [[s.AsyncLoadingThreadEnabled:0]]
[2020.02.10-05.19.04:998][  0]LogConfig: Setting CVar [[s.EventDrivenLoaderEnabled:1]]
[2020.02.10-05.19.04:998][  0]LogConfig: Setting CVar [[s.WarnIfTimeLimitExceeded:0]]
[2020.02.10-05.19.04:998][  0]LogConfig: Setting CVar [[s.TimeLimitExceededMultiplier:1.5]]
[2020.02.10-05.19.04:998][  0]LogConfig: Setting CVar [[s.TimeLimitExceededMinTime:0.005]]
[2020.02.10-05.19.04:998][  0]LogConfig: Setting CVar [[s.UseBackgroundLevelStreaming:1]]
[2020.02.10-05.19.04:998][  0]LogConfig: Setting CVar [[s.PriorityAsyncLoadingExtraTime:15.0]]
[2020.02.10-05.19.04:998][  0]LogConfig: Setting CVar [[s.LevelStreamingActorsUpdateTimeLimit:5.0]]
[2020.02.10-05.19.04:998][  0]LogConfig: Setting CVar [[s.PriorityLevelStreamingActorsUpdateExtraTime:5.0]]
[2020.02.10-05.19.04:998][  0]LogConfig: Setting CVar [[s.LevelStreamingComponentsRegistrationGranularity:10]]
[2020.02.10-05.19.04:998][  0]LogConfig: Setting CVar [[s.UnregisterComponentsTimeLimit:1.0]]
[2020.02.10-05.19.04:999][  0]LogConfig: Setting CVar [[s.LevelStreamingComponentsUnregistrationGranularity:5]]
[2020.02.10-05.19.04:999][  0]LogConfig: Applying CVar settings from Section [/Script/Engine.GarbageCollectionSettings] File [C:/Users/tbiss/Documents/GitHub/Stolemates/Stolenmates/Saved/Config/Windows/Engine.ini]
[2020.02.10-05.19.04:999][  0]LogConfig: Setting CVar [[gc.MaxObjectsNotConsideredByGC:1]]
[2020.02.10-05.19.04:999][  0]LogConfig: Setting CVar [[gc.SizeOfPermanentObjectPool:0]]
[2020.02.10-05.19.04:999][  0]LogConfig: Setting CVar [[gc.FlushStreamingOnGC:0]]
[2020.02.10-05.19.04:999][  0]LogConfig: Setting CVar [[gc.NumRetriesBeforeForcingGC:10]]
[2020.02.10-05.19.04:999][  0]LogConfig: Setting CVar [[gc.AllowParallelGC:1]]
[2020.02.10-05.19.04:999][  0]LogConfig: Setting CVar [[gc.TimeBetweenPurgingPendingKillObjects:61.1]]
[2020.02.10-05.19.04:999][  0]LogConfig: Setting CVar [[gc.MaxObjectsInEditor:16777216]]
[2020.02.10-05.19.04:999][  0]LogConfig: Setting CVar [[gc.IncrementalBeginDestroyEnabled:1]]
[2020.02.10-05.19.04:999][  0]LogConfig: Setting CVar [[gc.CreateGCClusters:1]]
[2020.02.10-05.19.04:999][  0]LogConfig: Setting CVar [[gc.MinGCClusterSize:5]]
[2020.02.10-05.19.04:999][  0]LogConfig: Setting CVar [[gc.ActorClusteringEnabled:0]]
[2020.02.10-05.19.04:999][  0]LogConfig: Setting CVar [[gc.BlueprintClusteringEnabled:0]]
[2020.02.10-05.19.04:999][  0]LogConfig: Setting CVar [[gc.UseDisregardForGCOnDedicatedServers:0]]
[2020.02.10-05.19.04:999][  0]LogConfig: Applying CVar settings from Section [/Script/Engine.NetworkSettings] File [C:/Users/tbiss/Documents/GitHub/Stolemates/Stolenmates/Saved/Config/Windows/Engine.ini]
[2020.02.10-05.19.04:999][  0]LogConfig: Applying CVar settings from Section [/Script/UnrealEd.CookerSettings] File [C:/Users/tbiss/Documents/GitHub/Stolemates/Stolenmates/Saved/Config/Windows/Engine.ini]
[2020.02.10-05.19.05:019][  0]LogConfig: Applying CVar settings from Section [ViewDistanceQuality@3] File [C:/Users/tbiss/Documents/GitHub/Stolemates/Stolenmates/Saved/Config/Windows/Scalability.ini]
[2020.02.10-05.19.05:019][  0]LogConfig: Setting CVar [[r.SkeletalMeshLODBias:0]]
[2020.02.10-05.19.05:019][  0]LogConfig: Setting CVar [[r.ViewDistanceScale:1.0]]
[2020.02.10-05.19.05:019][  0]LogConfig: Applying CVar settings from Section [AntiAliasingQuality@3] File [C:/Users/tbiss/Documents/GitHub/Stolemates/Stolenmates/Saved/Config/Windows/Scalability.ini]
[2020.02.10-05.19.05:019][  0]LogConfig: Setting CVar [[r.PostProcessAAQuality:4]]
[2020.02.10-05.19.05:019][  0]LogConfig: Applying CVar settings from Section [ShadowQuality@3] File [C:/Users/tbiss/Documents/GitHub/Stolemates/Stolenmates/Saved/Config/Windows/Scalability.ini]
[2020.02.10-05.19.05:019][  0]LogConfig: Setting CVar [[r.LightFunctionQuality:1]]
[2020.02.10-05.19.05:019][  0]LogConfig: Setting CVar [[r.ShadowQuality:5]]
[2020.02.10-05.19.05:019][  0]LogConfig: Setting CVar [[r.Shadow.CSM.MaxCascades:10]]
[2020.02.10-05.19.05:019][  0]LogConfig: Setting CVar [[r.Shadow.MaxResolution:2048]]
[2020.02.10-05.19.05:019][  0]LogConfig: Setting CVar [[r.Shadow.MaxCSMResolution:2048]]
[2020.02.10-05.19.05:019][  0]LogConfig: Setting CVar [[r.Shadow.RadiusThreshold:0.01]]
[2020.02.10-05.19.05:019][  0]LogConfig: Setting CVar [[r.Shadow.DistanceScale:1.0]]
[2020.02.10-05.19.05:019][  0]LogConfig: Setting CVar [[r.Shadow.CSM.TransitionScale:1.0]]
[2020.02.10-05.19.05:019][  0]LogConfig: Setting CVar [[r.Shadow.PreShadowResolutionFactor:1.0]]
[2020.02.10-05.19.05:019][  0]LogConfig: Setting CVar [[r.DistanceFieldShadowing:1]]
[2020.02.10-05.19.05:020][  0]LogConfig: Setting CVar [[r.DistanceFieldAO:1]]
[2020.02.10-05.19.05:020][  0]LogConfig: Setting CVar [[r.AOQuality:2]]
[2020.02.10-05.19.05:020][  0]LogConfig: Setting CVar [[r.VolumetricFog:1]]
[2020.02.10-05.19.05:020][  0]LogConfig: Setting CVar [[r.VolumetricFog.GridPixelSize:8]]
[2020.02.10-05.19.05:020][  0]LogConfig: Setting CVar [[r.VolumetricFog.GridSizeZ:128]]
[2020.02.10-05.19.05:020][  0]LogConfig: Setting CVar [[r.VolumetricFog.HistoryMissSupersampleCount:4]]
[2020.02.10-05.19.05:020][  0]LogConfig: Setting CVar [[r.LightMaxDrawDistanceScale:1]]
[2020.02.10-05.19.05:020][  0]LogConfig: Setting CVar [[r.CapsuleShadows:1]]
[2020.02.10-05.19.05:020][  0]LogConfig: Applying CVar settings from Section [PostProcessQuality@3] File [C:/Users/tbiss/Documents/GitHub/Stolemates/Stolenmates/Saved/Config/Windows/Scalability.ini]
[2020.02.10-05.19.05:020][  0]LogConfig: Setting CVar [[r.MotionBlurQuality:4]]
[2020.02.10-05.19.05:020][  0]LogConfig: Setting CVar [[r.AmbientOcclusionMipLevelFactor:0.4]]
[2020.02.10-05.19.05:020][  0]LogConfig: Setting CVar [[r.AmbientOcclusionMaxQuality:100]]
[2020.02.10-05.19.05:020][  0]LogConfig: Setting CVar [[r.AmbientOcclusionLevels:-1]]
[2020.02.10-05.19.05:020][  0]LogConfig: Setting CVar [[r.AmbientOcclusionRadiusScale:1.0]]
[2020.02.10-05.19.05:020][  0]LogConfig: Setting CVar [[r.DepthOfFieldQuality:2]]
[2020.02.10-05.19.05:020][  0]LogConfig: Setting CVar [[r.RenderTargetPoolMin:400]]
[2020.02.10-05.19.05:020][  0]LogConfig: Setting CVar [[r.LensFlareQuality:2]]
[2020.02.10-05.19.05:020][  0]LogConfig: Setting CVar [[r.SceneColorFringeQuality:1]]
[2020.02.10-05.19.05:020][  0]LogConfig: Setting CVar [[r.EyeAdaptationQuality:2]]
[2020.02.10-05.19.05:021][  0]LogConfig: Setting CVar [[r.BloomQuality:5]]
[2020.02.10-05.19.05:021][  0]LogConfig: Setting CVar [[r.FastBlurThreshold:100]]
[2020.02.10-05.19.05:021][  0]LogConfig: Setting CVar [[r.Upscale.Quality:3]]
[2020.02.10-05.19.05:021][  0]LogConfig: Setting CVar [[r.Tonemapper.GrainQuantization:1]]
[2020.02.10-05.19.05:021][  0]LogConfig: Setting CVar [[r.LightShaftQuality:1]]
[2020.02.10-05.19.05:021][  0]LogConfig: Setting CVar [[r.Filter.SizeScale:1]]
[2020.02.10-05.19.05:021][  0]LogConfig: Setting CVar [[r.Tonemapper.Quality:5]]
[2020.02.10-05.19.05:021][  0]LogConfig: Setting CVar [[r.DOF.Gather.AccumulatorQuality:1        ; higher gathering accumulator quality]]
[2020.02.10-05.19.05:021][  0]LogConfig: Setting CVar [[r.DOF.Gather.PostfilterMethod:1          ; Median3x3 postfilering method]]
[2020.02.10-05.19.05:021][  0]LogConfig: Setting CVar [[r.DOF.Gather.EnableBokehSettings:0       ; no bokeh simulation when gathering]]
[2020.02.10-05.19.05:021][  0]LogConfig: Setting CVar [[r.DOF.Gather.RingCount:4                 ; medium number of samples when gathering]]
[2020.02.10-05.19.05:021][  0]LogConfig: Setting CVar [[r.DOF.Scatter.ForegroundCompositing:1    ; additive foreground scattering]]
[2020.02.10-05.19.05:021][  0]LogConfig: Setting CVar [[r.DOF.Scatter.BackgroundCompositing:2    ; additive background scattering]]
[2020.02.10-05.19.05:021][  0]LogConfig: Setting CVar [[r.DOF.Scatter.EnableBokehSettings:1      ; bokeh simulation when scattering]]
[2020.02.10-05.19.05:021][  0]LogConfig: Setting CVar [[r.DOF.Scatter.MaxSpriteRatio:0.1         ; only a maximum of 10% of scattered bokeh]]
[2020.02.10-05.19.05:021][  0]LogConfig: Setting CVar [[r.DOF.Recombine.Quality:1                ; cheap slight out of focus]]
[2020.02.10-05.19.05:021][  0]LogConfig: Setting CVar [[r.DOF.Recombine.EnableBokehSettings:0    ; no bokeh simulation on slight out of focus]]
[2020.02.10-05.19.05:021][  0]LogConfig: Setting CVar [[r.DOF.TemporalAAQuality:1                ; more stable temporal accumulation]]
[2020.02.10-05.19.05:021][  0]LogConfig: Setting CVar [[r.DOF.Kernel.MaxForegroundRadius:0.025]]
[2020.02.10-05.19.05:021][  0]LogConfig: Setting CVar [[r.DOF.Kernel.MaxBackgroundRadius:0.025]]
[2020.02.10-05.19.05:021][  0]LogConfig: Applying CVar settings from Section [TextureQuality@3] File [C:/Users/tbiss/Documents/GitHub/Stolemates/Stolenmates/Saved/Config/Windows/Scalability.ini]
[2020.02.10-05.19.05:022][  0]LogConfig: Setting CVar [[r.Streaming.MipBias:0]]
[2020.02.10-05.19.05:022][  0]LogConfig: Setting CVar [[r.Streaming.AmortizeCPUToGPUCopy:0]]
[2020.02.10-05.19.05:022][  0]LogConfig: Setting CVar [[r.Streaming.MaxNumTexturesToStreamPerFrame:0]]
[2020.02.10-05.19.05:022][  0]LogConfig: Setting CVar [[r.Streaming.Boost:1]]
[2020.02.10-05.19.05:022][  0]LogConfig: Setting CVar [[r.MaxAnisotropy:8]]
[2020.02.10-05.19.05:022][  0]LogConfig: Setting CVar [[r.Streaming.LimitPoolSizeToVRAM:0]]
[2020.02.10-05.19.05:022][  0]LogConfig: Setting CVar [[r.Streaming.PoolSize:1000]]
[2020.02.10-05.19.05:022][  0]LogConfig: Setting CVar [[r.Streaming.MaxEffectiveScreenSize:0]]
[2020.02.10-05.19.05:022][  0]LogConfig: Applying CVar settings from Section [EffectsQuality@3] File [C:/Users/tbiss/Documents/GitHub/Stolemates/Stolenmates/Saved/Config/Windows/Scalability.ini]
[2020.02.10-05.19.05:022][  0]LogConfig: Setting CVar [[r.TranslucencyLightingVolumeDim:64]]
[2020.02.10-05.19.05:022][  0]LogConfig: Setting CVar [[r.RefractionQuality:2]]
[2020.02.10-05.19.05:022][  0]LogConfig: Setting CVar [[r.SSR.Quality:3]]
[2020.02.10-05.19.05:022][  0]LogConfig: Setting CVar [[r.SceneColorFormat:4]]
[2020.02.10-05.19.05:022][  0]LogConfig: Setting CVar [[r.DetailMode:2]]
[2020.02.10-05.19.05:022][  0]LogConfig: Setting CVar [[r.TranslucencyVolumeBlur:1]]
[2020.02.10-05.19.05:022][  0]LogConfig: Setting CVar [[r.MaterialQualityLevel:1 ; High quality]]
[2020.02.10-05.19.05:022][  0]LogConfig: Setting CVar [[r.SSS.Scale:1]]
[2020.02.10-05.19.05:022][  0]LogConfig: Setting CVar [[r.SSS.SampleSet:2]]
[2020.02.10-05.19.05:022][  0]LogConfig: Setting CVar [[r.SSS.Quality:1]]
[2020.02.10-05.19.05:022][  0]LogConfig: Setting CVar [[r.SSS.HalfRes:1]]
[2020.02.10-05.19.05:023][  0]LogConfig: Setting CVar [[r.EmitterSpawnRateScale:1.0]]
[2020.02.10-05.19.05:023][  0]LogConfig: Setting CVar [[r.ParticleLightQuality:2]]
[2020.02.10-05.19.05:023][  0]LogConfig: Applying CVar settings from Section [FoliageQuality@3] File [C:/Users/tbiss/Documents/GitHub/Stolemates/Stolenmates/Saved/Config/Windows/Scalability.ini]
[2020.02.10-05.19.05:023][  0]LogConfig: Setting CVar [[foliage.DensityScale:1.0]]
[2020.02.10-05.19.05:023][  0]LogConfig: Setting CVar [[grass.DensityScale:1.0]]
[2020.02.10-05.19.05:023][  0]LogInit: Selected Device Profile: [Windows]
[2020.02.10-05.19.05:023][  0]LogInit: Applying CVar settings loaded from the selected device profile: [Windows]
[2020.02.10-05.19.05:026][  0]LogHAL: Display: Platform has ~ 16 GB [17114079232 / 17179869184 / 16], which maps to Larger [LargestMinGB=32, LargerMinGB=12, DefaultMinGB=8, SmallerMinGB=6, SmallestMinGB=0)
[2020.02.10-05.19.05:026][  0]LogInit: Going up to parent DeviceProfile []
[2020.02.10-05.19.05:026][  0]LogConfig: Applying CVar settings from Section [ViewDistanceQuality@3] File [C:/Users/tbiss/Documents/GitHub/Stolemates/Stolenmates/Saved/Config/Windows/Scalability.ini]
[2020.02.10-05.19.05:026][  0]LogConfig: Setting CVar [[r.SkeletalMeshLODBias:0]]
[2020.02.10-05.19.05:026][  0]LogConfig: Setting CVar [[r.ViewDistanceScale:1.0]]
[2020.02.10-05.19.05:026][  0]LogConfig: Applying CVar settings from Section [AntiAliasingQuality@3] File [C:/Users/tbiss/Documents/GitHub/Stolemates/Stolenmates/Saved/Config/Windows/Scalability.ini]
[2020.02.10-05.19.05:026][  0]LogConfig: Setting CVar [[r.PostProcessAAQuality:4]]
[2020.02.10-05.19.05:026][  0]LogConfig: Applying CVar settings from Section [ShadowQuality@3] File [C:/Users/tbiss/Documents/GitHub/Stolemates/Stolenmates/Saved/Config/Windows/Scalability.ini]
[2020.02.10-05.19.05:026][  0]LogConfig: Setting CVar [[r.LightFunctionQuality:1]]
[2020.02.10-05.19.05:026][  0]LogConfig: Setting CVar [[r.ShadowQuality:5]]
[2020.02.10-05.19.05:026][  0]LogConfig: Setting CVar [[r.Shadow.CSM.MaxCascades:10]]
[2020.02.10-05.19.05:026][  0]LogConfig: Setting CVar [[r.Shadow.MaxResolution:2048]]
[2020.02.10-05.19.05:026][  0]LogConfig: Setting CVar [[r.Shadow.MaxCSMResolution:2048]]
[2020.02.10-05.19.05:026][  0]LogConfig: Setting CVar [[r.Shadow.RadiusThreshold:0.01]]
[2020.02.10-05.19.05:026][  0]LogConfig: Setting CVar [[r.Shadow.DistanceScale:1.0]]
[2020.02.10-05.19.05:026][  0]LogConfig: Setting CVar [[r.Shadow.CSM.TransitionScale:1.0]]
[2020.02.10-05.19.05:026][  0]LogConfig: Setting CVar [[r.Shadow.PreShadowResolutionFactor:1.0]]
[2020.02.10-05.19.05:027][  0]LogConfig: Setting CVar [[r.DistanceFieldShadowing:1]]
[2020.02.10-05.19.05:027][  0]LogConfig: Setting CVar [[r.DistanceFieldAO:1]]
[2020.02.10-05.19.05:027][  0]LogConfig: Setting CVar [[r.AOQuality:2]]
[2020.02.10-05.19.05:027][  0]LogConfig: Setting CVar [[r.VolumetricFog:1]]
[2020.02.10-05.19.05:027][  0]LogConfig: Setting CVar [[r.VolumetricFog.GridPixelSize:8]]
[2020.02.10-05.19.05:027][  0]LogConfig: Setting CVar [[r.VolumetricFog.GridSizeZ:128]]
[2020.02.10-05.19.05:027][  0]LogConfig: Setting CVar [[r.VolumetricFog.HistoryMissSupersampleCount:4]]
[2020.02.10-05.19.05:027][  0]LogConfig: Setting CVar [[r.LightMaxDrawDistanceScale:1]]
[2020.02.10-05.19.05:027][  0]LogConfig: Setting CVar [[r.CapsuleShadows:1]]
[2020.02.10-05.19.05:027][  0]LogConfig: Applying CVar settings from Section [PostProcessQuality@3] File [C:/Users/tbiss/Documents/GitHub/Stolemates/Stolenmates/Saved/Config/Windows/Scalability.ini]
[2020.02.10-05.19.05:027][  0]LogConfig: Setting CVar [[r.MotionBlurQuality:4]]
[2020.02.10-05.19.05:027][  0]LogConfig: Setting CVar [[r.AmbientOcclusionMipLevelFactor:0.4]]
[2020.02.10-05.19.05:027][  0]LogConfig: Setting CVar [[r.AmbientOcclusionMaxQuality:100]]
[2020.02.10-05.19.05:027][  0]LogConfig: Setting CVar [[r.AmbientOcclusionLevels:-1]]
[2020.02.10-05.19.05:027][  0]LogConfig: Setting CVar [[r.AmbientOcclusionRadiusScale:1.0]]
[2020.02.10-05.19.05:027][  0]LogConfig: Setting CVar [[r.DepthOfFieldQuality:2]]
[2020.02.10-05.19.05:027][  0]LogConfig: Setting CVar [[r.RenderTargetPoolMin:400]]
[2020.02.10-05.19.05:027][  0]LogConfig: Setting CVar [[r.LensFlareQuality:2]]
[2020.02.10-05.19.05:027][  0]LogConfig: Setting CVar [[r.SceneColorFringeQuality:1]]
[2020.02.10-05.19.05:027][  0]LogConfig: Setting CVar [[r.EyeAdaptationQuality:2]]
[2020.02.10-05.19.05:028][  0]LogConfig: Setting CVar [[r.BloomQuality:5]]
[2020.02.10-05.19.05:028][  0]LogConfig: Setting CVar [[r.FastBlurThreshold:100]]
[2020.02.10-05.19.05:028][  0]LogConfig: Setting CVar [[r.Upscale.Quality:3]]
[2020.02.10-05.19.05:028][  0]LogConfig: Setting CVar [[r.Tonemapper.GrainQuantization:1]]
[2020.02.10-05.19.05:028][  0]LogConfig: Setting CVar [[r.LightShaftQuality:1]]
[2020.02.10-05.19.05:028][  0]LogConfig: Setting CVar [[r.Filter.SizeScale:1]]
[2020.02.10-05.19.05:028][  0]LogConfig: Setting CVar [[r.Tonemapper.Quality:5]]
[2020.02.10-05.19.05:028][  0]LogConfig: Setting CVar [[r.DOF.Gather.AccumulatorQuality:1        ; higher gathering accumulator quality]]
[2020.02.10-05.19.05:028][  0]LogConfig: Setting CVar [[r.DOF.Gather.PostfilterMethod:1          ; Median3x3 postfilering method]]
[2020.02.10-05.19.05:028][  0]LogConfig: Setting CVar [[r.DOF.Gather.EnableBokehSettings:0       ; no bokeh simulation when gathering]]
[2020.02.10-05.19.05:028][  0]LogConfig: Setting CVar [[r.DOF.Gather.RingCount:4                 ; medium number of samples when gathering]]
[2020.02.10-05.19.05:028][  0]LogConfig: Setting CVar [[r.DOF.Scatter.ForegroundCompositing:1    ; additive foreground scattering]]
[2020.02.10-05.19.05:028][  0]LogConfig: Setting CVar [[r.DOF.Scatter.BackgroundCompositing:2    ; additive background scattering]]
[2020.02.10-05.19.05:028][  0]LogConfig: Setting CVar [[r.DOF.Scatter.EnableBokehSettings:1      ; bokeh simulation when scattering]]
[2020.02.10-05.19.05:028][  0]LogConfig: Setting CVar [[r.DOF.Scatter.MaxSpriteRatio:0.1         ; only a maximum of 10% of scattered bokeh]]
[2020.02.10-05.19.05:028][  0]LogConfig: Setting CVar [[r.DOF.Recombine.Quality:1                ; cheap slight out of focus]]
[2020.02.10-05.19.05:028][  0]LogConfig: Setting CVar [[r.DOF.Recombine.EnableBokehSettings:0    ; no bokeh simulation on slight out of focus]]
[2020.02.10-05.19.05:028][  0]LogConfig: Setting CVar [[r.DOF.TemporalAAQuality:1                ; more stable temporal accumulation]]
[2020.02.10-05.19.05:028][  0]LogConfig: Setting CVar [[r.DOF.Kernel.MaxForegroundRadius:0.025]]
[2020.02.10-05.19.05:028][  0]LogConfig: Setting CVar [[r.DOF.Kernel.MaxBackgroundRadius:0.025]]
[2020.02.10-05.19.05:028][  0]LogConfig: Applying CVar settings from Section [TextureQuality@3] File [C:/Users/tbiss/Documents/GitHub/Stolemates/Stolenmates/Saved/Config/Windows/Scalability.ini]
[2020.02.10-05.19.05:029][  0]LogConfig: Setting CVar [[r.Streaming.MipBias:0]]
[2020.02.10-05.19.05:029][  0]LogConfig: Setting CVar [[r.Streaming.AmortizeCPUToGPUCopy:0]]
[2020.02.10-05.19.05:029][  0]LogConfig: Setting CVar [[r.Streaming.MaxNumTexturesToStreamPerFrame:0]]
[2020.02.10-05.19.05:029][  0]LogConfig: Setting CVar [[r.Streaming.Boost:1]]
[2020.02.10-05.19.05:029][  0]LogConfig: Setting CVar [[r.MaxAnisotropy:8]]
[2020.02.10-05.19.05:029][  0]LogConfig: Setting CVar [[r.Streaming.LimitPoolSizeToVRAM:0]]
[2020.02.10-05.19.05:029][  0]LogConfig: Setting CVar [[r.Streaming.PoolSize:1000]]
[2020.02.10-05.19.05:029][  0]LogConfig: Setting CVar [[r.Streaming.MaxEffectiveScreenSize:0]]
[2020.02.10-05.19.05:029][  0]LogConfig: Applying CVar settings from Section [EffectsQuality@3] File [C:/Users/tbiss/Documents/GitHub/Stolemates/Stolenmates/Saved/Config/Windows/Scalability.ini]
[2020.02.10-05.19.05:029][  0]LogConfig: Setting CVar [[r.TranslucencyLightingVolumeDim:64]]
[2020.02.10-05.19.05:029][  0]LogConfig: Setting CVar [[r.RefractionQuality:2]]
[2020.02.10-05.19.05:029][  0]LogConfig: Setting CVar [[r.SSR.Quality:3]]
[2020.02.10-05.19.05:029][  0]LogConfig: Setting CVar [[r.SceneColorFormat:4]]
[2020.02.10-05.19.05:029][  0]LogConfig: Setting CVar [[r.DetailMode:2]]
[2020.02.10-05.19.05:029][  0]LogConfig: Setting CVar [[r.TranslucencyVolumeBlur:1]]
[2020.02.10-05.19.05:029][  0]LogConfig: Setting CVar [[r.MaterialQualityLevel:1 ; High quality]]
[2020.02.10-05.19.05:029][  0]LogConfig: Setting CVar [[r.SSS.Scale:1]]
[2020.02.10-05.19.05:029][  0]LogConfig: Setting CVar [[r.SSS.SampleSet:2]]
[2020.02.10-05.19.05:029][  0]LogConfig: Setting CVar [[r.SSS.Quality:1]]
[2020.02.10-05.19.05:029][  0]LogConfig: Setting CVar [[r.SSS.HalfRes:1]]
[2020.02.10-05.19.05:029][  0]LogConfig: Setting CVar [[r.EmitterSpawnRateScale:1.0]]
[2020.02.10-05.19.05:030][  0]LogConfig: Setting CVar [[r.ParticleLightQuality:2]]
[2020.02.10-05.19.05:030][  0]LogConfig: Applying CVar settings from Section [FoliageQuality@3] File [C:/Users/tbiss/Documents/GitHub/Stolemates/Stolenmates/Saved/Config/Windows/Scalability.ini]
[2020.02.10-05.19.05:030][  0]LogConfig: Setting CVar [[foliage.DensityScale:1.0]]
[2020.02.10-05.19.05:030][  0]LogConfig: Setting CVar [[grass.DensityScale:1.0]]
[2020.02.10-05.19.05:030][  0]LogConfig: Applying CVar settings from Section [Startup] File [../../../Engine/Config/ConsoleVariables.ini]
[2020.02.10-05.19.05:030][  0]LogConfig: Setting CVar [[net.UseAdaptiveNetUpdateFrequency:0]]
[2020.02.10-05.19.05:030][  0]LogConfig: Setting CVar [[p.chaos.AllowCreatePhysxBodies:1]]
[2020.02.10-05.19.05:030][  0]LogConfig: Applying CVar settings from Section [ConsoleVariables] File [C:/Users/tbiss/Documents/GitHub/Stolemates/Stolenmates/Saved/Config/Windows/Engine.ini]
[2020.02.10-05.19.05:030][  0]LogInit: Computer: TED-DESKTOP
[2020.02.10-05.19.05:030][  0]LogInit: User: tbiss
[2020.02.10-05.19.05:030][  0]LogInit: CPU Page size=4096, Cores=4
[2020.02.10-05.19.05:030][  0]LogInit: High frequency timer resolution =10.000000 MHz
[2020.02.10-05.19.05:031][  0]LogMemory: Memory total: Physical=15.9GB (16GB approx)
[2020.02.10-05.19.05:031][  0]LogMemory: Platform Memory Stats for Windows
[2020.02.10-05.19.05:031][  0]LogMemory: Process Physical Memory: 101.63 MB used, 101.64 MB peak
[2020.02.10-05.19.05:031][  0]LogMemory: Process Virtual Memory: 100.77 MB used, 100.77 MB peak
[2020.02.10-05.19.05:031][  0]LogMemory: Physical Memory: 7031.56 MB used,  9289.70 MB free, 16321.26 MB total
[2020.02.10-05.19.05:031][  0]LogMemory: Virtual Memory: 4687.73 MB used,  134213040.00 MB free, 134217728.00 MB total
[2020.02.10-05.19.05:638][  0]LogWindows: WindowsPlatformFeatures enabled
[2020.02.10-05.19.05:754][  0]LogInit: Using OS detected language (en-US).
[2020.02.10-05.19.05:754][  0]LogInit: Using OS detected locale (en-CA).
[2020.02.10-05.19.05:755][  0]LogTextLocalizationManager: No specific localization for 'en-US' exists, so the 'en' localization will be used.
[2020.02.10-05.19.05:911][  0]LogInit: Setting process to per monitor DPI aware
[2020.02.10-05.19.05:971][  0]LogSlate: New Slate User Created.  User Index 0, Is Virtual User: 0
[2020.02.10-05.19.05:971][  0]LogSlate: Slate User Registered.  User Index 0, Is Virtual User: 0
[2020.02.10-05.19.06:136][  0]LogHMD: Failed to initialize OpenVR with code 110
[2020.02.10-05.19.06:136][  0]LogD3D11RHI: D3D11 adapters:
[2020.02.10-05.19.06:229][  0]LogD3D11RHI:    0. 'NVIDIA GeForce GTX 1070' (Feature Level 11_0)
[2020.02.10-05.19.06:229][  0]LogD3D11RHI:       8088/0/8160 MB DedicatedVideo/DedicatedSystem/SharedSystem, Outputs:1, VendorId:0x10de
[2020.02.10-05.19.06:234][  0]LogD3D11RHI:    1. 'Microsoft Basic Render Driver' (Feature Level 11_0)
[2020.02.10-05.19.06:234][  0]LogD3D11RHI:       0/0/8160 MB DedicatedVideo/DedicatedSystem/SharedSystem, Outputs:0, VendorId:0x1414
[2020.02.10-05.19.06:234][  0]LogD3D11RHI: Chosen D3D11 Adapter: 0
[2020.02.10-05.19.06:243][  0]LogD3D11RHI: Creating new Direct3DDevice
[2020.02.10-05.19.06:243][  0]LogD3D11RHI:     GPU DeviceId: 0x1b81 (for the marketing name, search the web for "GPU Device Id")
[2020.02.10-05.19.06:243][  0]LogWindows: EnumDisplayDevices:
[2020.02.10-05.19.06:243][  0]LogWindows:    0. 'NVIDIA GeForce GTX 1070' (P:1 D:1)
[2020.02.10-05.19.06:244][  0]LogWindows:    1. 'NVIDIA GeForce GTX 1070' (P:0 D:0)
[2020.02.10-05.19.06:245][  0]LogWindows:    2. 'NVIDIA GeForce GTX 1070' (P:0 D:0)
[2020.02.10-05.19.06:245][  0]LogWindows:    3. 'NVIDIA GeForce GTX 1070' (P:0 D:0)
[2020.02.10-05.19.06:246][  0]LogWindows: DebugString: FoundDriverCount:4 
[2020.02.10-05.19.06:246][  0]LogD3D11RHI:     Adapter Name: NVIDIA GeForce GTX 1070
[2020.02.10-05.19.06:246][  0]LogD3D11RHI:   Driver Version: 419.72 (internal:25.21.14.1972, unified:419.72)
[2020.02.10-05.19.06:246][  0]LogD3D11RHI:      Driver Date: 3-18-2019
[2020.02.10-05.19.06:246][  0]LogRHI: Texture pool is 5661 MB (70% of 8088 MB)
[2020.02.10-05.19.06:289][  0]LogD3D11RHI: Async texture creation enabled
[2020.02.10-05.19.06:304][  0]LogD3D11RHI: GPU Timing Frequency: 1000.000000 (Debug: 2 1)
[2020.02.10-05.19.06:589][  0]LogTemp: Display: Module 'AllDesktopTargetPlatform' loaded TargetPlatform 'AllDesktop'
[2020.02.10-05.19.06:600][  0]LogTemp: Display: Module 'MacClientTargetPlatform' loaded TargetPlatform 'MacClient'
[2020.02.10-05.19.06:611][  0]LogTemp: Display: Module 'MacNoEditorTargetPlatform' loaded TargetPlatform 'MacNoEditor'
[2020.02.10-05.19.06:622][  0]LogTemp: Display: Module 'MacServerTargetPlatform' loaded TargetPlatform 'MacServer'
[2020.02.10-05.19.06:635][  0]LogTemp: Display: Module 'MacTargetPlatform' loaded TargetPlatform 'Mac'
[2020.02.10-05.19.06:645][  0]LogTemp: Display: Module 'WindowsClientTargetPlatform' loaded TargetPlatform 'WindowsClient'
[2020.02.10-05.19.06:657][  0]LogTemp: Display: Module 'WindowsNoEditorTargetPlatform' loaded TargetPlatform 'WindowsNoEditor'
[2020.02.10-05.19.06:667][  0]LogTemp: Display: Module 'WindowsServerTargetPlatform' loaded TargetPlatform 'WindowsServer'
[2020.02.10-05.19.06:674][  0]LogTemp: Display: Module 'WindowsTargetPlatform' loaded TargetPlatform 'Windows'
[2020.02.10-05.19.06:705][  0]LogTemp: Display: Module 'AndroidTargetPlatform' loaded TargetPlatform 'Android'
[2020.02.10-05.19.06:705][  0]LogTemp: Display: Module 'AndroidTargetPlatform' loaded TargetPlatform 'Android_ASTC'
[2020.02.10-05.19.06:706][  0]LogTemp: Display: Module 'AndroidTargetPlatform' loaded TargetPlatform 'Android_ATC'
[2020.02.10-05.19.06:706][  0]LogTemp: Display: Module 'AndroidTargetPlatform' loaded TargetPlatform 'Android_DXT'
[2020.02.10-05.19.06:706][  0]LogTemp: Display: Module 'AndroidTargetPlatform' loaded TargetPlatform 'Android_ETC1'
[2020.02.10-05.19.06:706][  0]LogTemp: Display: Module 'AndroidTargetPlatform' loaded TargetPlatform 'Android_ETC1a'
[2020.02.10-05.19.06:706][  0]LogTemp: Display: Module 'AndroidTargetPlatform' loaded TargetPlatform 'Android_ETC2'
[2020.02.10-05.19.06:706][  0]LogTemp: Display: Module 'AndroidTargetPlatform' loaded TargetPlatform 'Android_PVRTC'
[2020.02.10-05.19.06:706][  0]LogTemp: Display: Module 'AndroidTargetPlatform' loaded TargetPlatform 'AndroidClient'
[2020.02.10-05.19.06:706][  0]LogTemp: Display: Module 'AndroidTargetPlatform' loaded TargetPlatform 'Android_ASTCClient'
[2020.02.10-05.19.06:706][  0]LogTemp: Display: Module 'AndroidTargetPlatform' loaded TargetPlatform 'Android_ATCClient'
[2020.02.10-05.19.06:707][  0]LogTemp: Display: Module 'AndroidTargetPlatform' loaded TargetPlatform 'Android_DXTClient'
[2020.02.10-05.19.06:707][  0]LogTemp: Display: Module 'AndroidTargetPlatform' loaded TargetPlatform 'Android_ETC1Client'
[2020.02.10-05.19.06:707][  0]LogTemp: Display: Module 'AndroidTargetPlatform' loaded TargetPlatform 'Android_ETC1aClient'
[2020.02.10-05.19.06:707][  0]LogTemp: Display: Module 'AndroidTargetPlatform' loaded TargetPlatform 'Android_ETC2Client'
[2020.02.10-05.19.06:707][  0]LogTemp: Display: Module 'AndroidTargetPlatform' loaded TargetPlatform 'Android_PVRTCClient'
[2020.02.10-05.19.06:707][  0]LogTemp: Display: Module 'AndroidTargetPlatform' loaded TargetPlatform 'Android_Multi'
[2020.02.10-05.19.06:707][  0]LogTemp: Display: Module 'AndroidTargetPlatform' loaded TargetPlatform 'Android_MultiClient'
[2020.02.10-05.19.06:711][  0]LogTemp: Display: Module 'HTML5TargetPlatform' loaded TargetPlatform 'HTML5'
[2020.02.10-05.19.06:738][  0]LogTemp: Display: Module 'IOSTargetPlatform' loaded TargetPlatform 'IOSClient'
[2020.02.10-05.19.06:738][  0]LogTemp: Display: Module 'IOSTargetPlatform' loaded TargetPlatform 'IOS'
[2020.02.10-05.19.06:754][  0]LogTemp: Display: Module 'TVOSTargetPlatform' loaded TargetPlatform 'TVOSClient'
[2020.02.10-05.19.06:755][  0]LogTemp: Display: Module 'TVOSTargetPlatform' loaded TargetPlatform 'TVOS'
[2020.02.10-05.19.06:764][  0]LogTemp: Display: Module 'LinuxClientTargetPlatform' loaded TargetPlatform 'LinuxClient'
[2020.02.10-05.19.06:774][  0]LogTemp: Display: Module 'LinuxNoEditorTargetPlatform' loaded TargetPlatform 'LinuxNoEditor'
[2020.02.10-05.19.06:783][  0]LogTemp: Display: Module 'LinuxServerTargetPlatform' loaded TargetPlatform 'LinuxServer'
[2020.02.10-05.19.06:794][  0]LogTemp: Display: Module 'LinuxTargetPlatform' loaded TargetPlatform 'Linux'
[2020.02.10-05.19.06:820][  0]LogTemp: Display: Module 'LuminTargetPlatform' loaded TargetPlatform 'Lumin'
[2020.02.10-05.19.06:820][  0]LogTemp: Display: Module 'LuminTargetPlatform' loaded TargetPlatform 'LuminClient'
[2020.02.10-05.19.06:821][  0]LogTargetPlatformManager: Display: Building Assets For Windows
[2020.02.10-05.19.06:840][  0]LogAudioDebug: Display: Lib vorbis DLL was dynamically loaded.
[2020.02.10-05.19.06:951][  0]LogShaderCompilers: Guid format shader working directory is -24 characters bigger than the processId version (../../../../../../Users/tbiss/Documents/GitHub/Stolemates/Stolenmates/Intermediate/Shaders/WorkingDirectory/31168/).
[2020.02.10-05.19.06:951][  0]LogShaderCompilers: Cleaned the shader compiler working directory 'C:/Users/tbiss/AppData/Local/Temp/UnrealShaderWorkingDir/EFFDE2EA4742730906B9089FACD31BB1/'.
[2020.02.10-05.19.06:954][  0]LogXGEController: Cleaning working directory: C:/Users/tbiss/AppData/Local/Temp/UnrealXGEWorkingDir/
[2020.02.10-05.19.06:954][  0]LogXGEController: Cannot use XGE Controller as Incredibuild is not installed on this machine.
[2020.02.10-05.19.06:954][  0]LogShaderCompilers: Cannot use XGE Shader Compiler as Incredibuild is not installed on this machine.
[2020.02.10-05.19.06:954][  0]LogShaderCompilers: Display: Using Local Shader Compiler.
[2020.02.10-05.19.07:497][  0]LogDerivedDataCache: Display: Max Cache Size: 512 MB
[2020.02.10-05.19.07:547][  0]LogDerivedDataCache: Loaded boot cache 0.05s 73MB C:/Users/tbiss/AppData/Local/UnrealEngine/4.23/DerivedDataCache/Boot.ddc.
[2020.02.10-05.19.07:547][  0]LogDerivedDataCache: Display: Loaded Boot cache: C:/Users/tbiss/AppData/Local/UnrealEngine/4.23/DerivedDataCache/Boot.ddc
[2020.02.10-05.19.07:547][  0]LogDerivedDataCache: FDerivedDataBackendGraph:  Pak pak cache file ../../../../../../Users/tbiss/Documents/GitHub/Stolemates/Stolenmates/DerivedDataCache/DDC.ddp not found, will not use a pak cache.
[2020.02.10-05.19.07:547][  0]LogDerivedDataCache: Unable to find inner node Pak for hierarchical cache Hierarchy.
[2020.02.10-05.19.07:547][  0]LogDerivedDataCache: FDerivedDataBackendGraph:  CompressedPak pak cache file ../../../../../../Users/tbiss/Documents/GitHub/Stolemates/Stolenmates/DerivedDataCache/Compressed.ddp not found, will not use a pak cache.
[2020.02.10-05.19.07:547][  0]LogDerivedDataCache: Unable to find inner node CompressedPak for hierarchical cache Hierarchy.
[2020.02.10-05.19.07:557][  0]LogDerivedDataCache: Display: Pak cache opened for reading ../../../Engine/DerivedDataCache/Compressed.ddp.
[2020.02.10-05.19.07:557][  0]LogDerivedDataCache: FDerivedDataBackendGraph:  EnterprisePak pak cache file ../../../Enterprise/DerivedDataCache/Compressed.ddp not found, will not use a pak cache.
[2020.02.10-05.19.07:558][  0]LogDerivedDataCache: Unable to find inner node EnterprisePak for hierarchical cache Hierarchy.
[2020.02.10-05.19.07:560][  0]LogDerivedDataCache: Using Local data cache path C:/Users/tbiss/AppData/Local/UnrealEngine/Common/DerivedDataCache: Writable
[2020.02.10-05.19.07:561][  0]LogDerivedDataCache: Shared data cache path not found in *engine.ini, will not use an Shared cache.
[2020.02.10-05.19.07:561][  0]LogDerivedDataCache: Unable to find inner node Shared for hierarchical cache Hierarchy.
[2020.02.10-05.19.07:579][  0]LogMaterial: Verifying Global Shaders for PCD3D_SM5
[2020.02.10-05.19.07:581][  0]LogSlate: Using FreeType 2.6.0
[2020.02.10-05.19.07:582][  0]LogSlate: SlateFontServices - WITH_FREETYPE: 1, WITH_HARFBUZZ: 1
[2020.02.10-05.19.07:646][  0]LogAssetRegistry: FAssetRegistry took 0.0045 seconds to start up
[2020.02.10-05.19.07:876][  0]LogInit: Selected Device Profile: [Windows]
[2020.02.10-05.19.08:037][  0]LogMeshReduction: Using QuadricMeshReduction for automatic static mesh reduction
[2020.02.10-05.19.08:037][  0]LogMeshReduction: Using SimplygonMeshReduction for automatic skeletal mesh reduction
[2020.02.10-05.19.08:037][  0]LogMeshReduction: Using ProxyLODMeshReduction for automatic mesh merging
[2020.02.10-05.19.08:037][  0]LogMeshReduction: No distributed automatic mesh merging module available
[2020.02.10-05.19.08:037][  0]LogMeshMerging: No distributed automatic mesh merging module available
[2020.02.10-05.19.08:049][  0]LogNetVersion: Stolenmates 1.0.0, NetCL: 8386587, EngineNetVer: 11, GameNetVer: 0 (Checksum: 1334032006)
[2020.02.10-05.19.08:422][  0]LogPackageLocalizationCache: Processed 12 localized package path(s) for 1 prioritized culture(s) in 0.049252 seconds
[2020.02.10-05.19.08:430][  0]LogUObjectArray: 43444 objects as part of root set at end of initial load.
[2020.02.10-05.19.08:430][  0]LogUObjectAllocator: 7548648 out of 0 bytes used by permanent object pool.
[2020.02.10-05.19.08:431][  0]LogUObjectArray: CloseDisregardForGC: 0/0 objects in disregard for GC pool
[2020.02.10-05.19.09:364][  0]LogTcpMessaging: Initializing TcpMessaging bridge
[2020.02.10-05.19.09:371][  0]LogUdpMessaging: Initializing bridge on interface 0.0.0.0:0 to multicast group 230.0.0.1:6666.
[2020.02.10-05.19.09:481][  0]SourceControl: Source control is disabled
[2020.02.10-05.19.09:481][  0]SourceControl: Source control is disabled
[2020.02.10-05.19.09:484][  0]SourceControl: Source control is disabled
[2020.02.10-05.19.09:487][  0]SourceControl: Source control is disabled
[2020.02.10-05.19.09:616][  0]LogAndroidPermission: UAndroidPermissionCallbackProxy::GetInstance
[2020.02.10-05.19.09:834][  0]LogOcInput: OculusInput pre-init called
[2020.02.10-05.19.09:848][  0]LogWindows: Failed to load 'OVRPlugin.dll' (GetLastError=126)
[2020.02.10-05.19.09:848][  0]LogWindows: File 'OVRPlugin.dll' does not exist
[2020.02.10-05.19.09:925][  0]LogEngine: Initializing Engine...
[2020.02.10-05.19.09:925][  0]LogHMD: Failed to initialize OpenVR with code 110
[2020.02.10-05.19.09:926][  0]LogStats: UGameplayTagsManager::InitializeManager -  0.000 s
[2020.02.10-05.19.10:115][  0]LogInit: Initializing FReadOnlyCVARCache
[2020.02.10-05.19.10:133][  0]LogAIModule: Creating AISystem for world Untitled
[2020.02.10-05.19.10:153][  0]LogInit: XAudio2 using 'Speakers (Bose Revolve SoundLink)' : 2 channels at 48 kHz using 16 bits per sample (channel mask 0x3)
[2020.02.10-05.19.10:194][  0]LogInit: FAudioDevice initialized.
[2020.02.10-05.19.10:194][  0]LogNetVersion: Set ProjectVersion to 1.0.0.0. Version Checksum will be recalculated on next use.
[2020.02.10-05.19.10:292][  0]LogDerivedDataCache: Saved boot cache 0.10s 73MB C:/Users/tbiss/AppData/Local/UnrealEngine/4.23/DerivedDataCache/Boot.ddc.
[2020.02.10-05.19.10:298][  0]LogInit: Texture streaming: Enabled
[2020.02.10-05.19.10:321][  0]LogEngineSessionManager: EngineSessionManager initialized
[2020.02.10-05.19.10:322][  0]LogEditorSessionSummary: Verbose: Initializing EditorSessionSummaryWriter for editor session tracking
[2020.02.10-05.19.10:323][  0]LogEditorSessionSummary: EditorSessionSummaryWriter initialized
[2020.02.10-05.19.10:412][  0]LogInit: Transaction tracking system initialized
[2020.02.10-05.19.10:475][  0]BlueprintLog: New page: Editor Load
[2020.02.10-05.19.10:596][  0]LocalizationService: Localization service is disabled
[2020.02.10-05.19.10:845][  0]LogFileCache: Scanning file cache for directory 'C:/Users/tbiss/Documents/GitHub/Stolemates/Stolenmates/Content/' took 0.00s
[2020.02.10-05.19.10:846][  0]LogCook: Display: Max memory allowance for cook 16384mb min free memory 0mb
[2020.02.10-05.19.10:846][  0]LogCook: Display: Mobile HDR setting 1
[2020.02.10-05.19.11:068][  0]SourceControl: Source control is disabled
[2020.02.10-05.19.11:068][  0]Cmd: MAP LOAD FILE="../../../../../../Users/tbiss/Documents/GitHub/Stolemates/Stolenmates/Content/Levels/CondensedLevel.umap" TEMPLATE=0 SHOWPROGRESS=1 FEATURELEVEL=3
[2020.02.10-05.19.11:069][  0]LightingResults: New page: Lighting Build
[2020.02.10-05.19.11:072][  0]LogWorld: UWorld::CleanupWorld for Untitled, bSessionEnded=true, bCleanupResources=true
[2020.02.10-05.19.11:072][  0]MapCheck: New page: Map Check
[2020.02.10-05.19.11:073][  0]LightingResults: New page: Lighting Build
[2020.02.10-05.19.11:096][  0]LogUObjectHash: Compacting FUObjectHashTables data took   1.38ms
[2020.02.10-05.19.11:232][  0]LogLinker: Warning: While loading '../../../../../../Users/tbiss/Documents/GitHub/Stolemates/Stolenmates/Content/Blueprints/EQS_System/PowerUpSpawnLocation.uasset' failed to load '/Script/EnvironmentQueryEditor': Can't find file.
[2020.02.10-05.19.11:232][  0]LogLinker: Warning: While loading '../../../../../../Users/tbiss/Documents/GitHub/Stolemates/Stolenmates/Content/Blueprints/EQS_System/PowerUpSpawnLocation.uasset' failed to load '/Script/EnvironmentQueryEditor': Can't find file.
[2020.02.10-05.19.11:232][  0]LogLinker: Warning: While loading '../../../../../../Users/tbiss/Documents/GitHub/Stolemates/Stolenmates/Content/Blueprints/EQS_System/PowerUpSpawnLocation.uasset' failed to load '/Script/EnvironmentQueryEditor': Can't find file.
[2020.02.10-05.19.11:232][  0]LogLinker: Warning: While loading '../../../../../../Users/tbiss/Documents/GitHub/Stolemates/Stolenmates/Content/Blueprints/EQS_System/PowerUpSpawnLocation.uasset' failed to load '/Script/EnvironmentQueryEditor': Can't find file.
[2020.02.10-05.19.11:232][  0]LogLinker: Warning: While loading '../../../../../../Users/tbiss/Documents/GitHub/Stolemates/Stolenmates/Content/Blueprints/EQS_System/PowerUpSpawnLocation.uasset' failed to load '/Script/EnvironmentQueryEditor': Can't find file.
[2020.02.10-05.19.11:233][  0]LogLinker: Warning: While loading '../../../../../../Users/tbiss/Documents/GitHub/Stolemates/Stolenmates/Content/Blueprints/EQS_System/PowerUpSpawnLocation.uasset' failed to load '/Script/EnvironmentQueryEditor': Can't find file.
[2020.02.10-05.19.11:233][  0]LogLinker: Warning: While loading '../../../../../../Users/tbiss/Documents/GitHub/Stolemates/Stolenmates/Content/Blueprints/EQS_System/PowerUpSpawnLocation.uasset' failed to load '/Script/EnvironmentQueryEditor': Can't find file.
[2020.02.10-05.19.11:233][  0]LogLinker: Warning: While loading '../../../../../../Users/tbiss/Documents/GitHub/Stolemates/Stolenmates/Content/Blueprints/EQS_System/PowerUpSpawnLocation.uasset' failed to load '/Script/EnvironmentQueryEditor': Can't find file.
[2020.02.10-05.19.11:233][  0]LogLinker: Warning: While loading '../../../../../../Users/tbiss/Documents/GitHub/Stolemates/Stolenmates/Content/Blueprints/EQS_System/PowerUpSpawnLocation.uasset' failed to load '/Script/EnvironmentQueryEditor': Can't find file.
[2020.02.10-05.19.11:234][  0]LogLinker: Warning: While loading '../../../../../../Users/tbiss/Documents/GitHub/Stolemates/Stolenmates/Content/Blueprints/EQS_System/PowerUpSpawnLocation.uasset' failed to load '/Script/EnvironmentQueryEditor': Can't find file.
[2020.02.10-05.19.11:234][  0]LogLinker: Warning: While loading '../../../../../../Users/tbiss/Documents/GitHub/Stolemates/Stolenmates/Content/Blueprints/BP_GameMode.uasset' failed to load '/Script/EnvironmentQueryEditor': Can't find file.
[2020.02.10-05.19.11:234][  0]LogLinker: Warning: While loading '../../../../../../Users/tbiss/Documents/GitHub/Stolemates/Stolenmates/Content/Blueprints/BP_GameMode.uasset' failed to load '/Script/EnvironmentQueryEditor': Can't find file.
[2020.02.10-05.19.11:234][  0]LogLinker: Warning: While loading '../../../../../../Users/tbiss/Documents/GitHub/Stolemates/Stolenmates/Content/Blueprints/BP_GameMode.uasset' failed to load '/Script/EnvironmentQueryEditor': Can't find file.
[2020.02.10-05.19.11:234][  0]LogLinker: Warning: While loading '../../../../../../Users/tbiss/Documents/GitHub/Stolemates/Stolenmates/Content/Blueprints/BP_GameMode.uasset' failed to load '/Script/EnvironmentQueryEditor': Can't find file.
[2020.02.10-05.19.11:234][  0]LogLinker: Warning: While loading '../../../../../../Users/tbiss/Documents/GitHub/Stolemates/Stolenmates/Content/Blueprints/BP_GameMode.uasset' failed to load '/Script/EnvironmentQueryEditor': Can't find file.
[2020.02.10-05.19.11:234][  0]LogLinker: Warning: While loading '../../../../../../Users/tbiss/Documents/GitHub/Stolemates/Stolenmates/Content/Blueprints/BP_GameMode.uasset' failed to load '/Script/EnvironmentQueryEditor': Can't find file.
[2020.02.10-05.19.11:234][  0]LogLinker: Warning: While loading '../../../../../../Users/tbiss/Documents/GitHub/Stolemates/Stolenmates/Content/Blueprints/BP_GameMode.uasset' failed to load '/Script/EnvironmentQueryEditor': Can't find file.
[2020.02.10-05.19.11:235][  0]LogLinker: Warning: While loading '../../../../../../Users/tbiss/Documents/GitHub/Stolemates/Stolenmates/Content/Blueprints/BP_GameMode.uasset' failed to load '/Script/EnvironmentQueryEditor': Can't find file.
[2020.02.10-05.19.11:235][  0]LogLinker: Warning: While loading '../../../../../../Users/tbiss/Documents/GitHub/Stolemates/Stolenmates/Content/Blueprints/BP_GameMode.uasset' failed to load '/Script/EnvironmentQueryEditor': Can't find file.
[2020.02.10-05.19.11:235][  0]LogLinker: Warning: While loading '../../../../../../Users/tbiss/Documents/GitHub/Stolemates/Stolenmates/Content/Blueprints/BP_GameMode.uasset' failed to load '/Script/EnvironmentQueryEditor': Can't find file.
[2020.02.10-05.19.11:235][  0]LogLinker: Warning: While loading '../../../../../../Users/tbiss/Documents/GitHub/Stolemates/Stolenmates/Content/Blueprints/BP_GameMode.uasset' failed to load '/Script/EnvironmentQueryEditor': Can't find file.
[2020.02.10-05.19.11:235][  0]LogLinker: Warning: While loading '../../../../../../Users/tbiss/Documents/GitHub/Stolemates/Stolenmates/Content/Blueprints/BP_GameMode.uasset' failed to load '/Script/EnvironmentQueryEditor': Can't find file.
[2020.02.10-05.19.11:235][  0]LogLinker: Warning: While loading '../../../../../../Users/tbiss/Documents/GitHub/Stolemates/Stolenmates/Content/Blueprints/BP_GameMode.uasset' failed to load '/Script/EnvironmentQueryEditor': Can't find file.
[2020.02.10-05.19.11:235][  0]LogLinker: Warning: While loading '../../../../../../Users/tbiss/Documents/GitHub/Stolemates/Stolenmates/Content/Blueprints/BP_GameMode.uasset' failed to load '/Script/EnvironmentQueryEditor': Can't find file.
[2020.02.10-05.19.11:236][  0]LogLinker: Warning: While loading '../../../../../../Users/tbiss/Documents/GitHub/Stolemates/Stolenmates/Content/Blueprints/BP_GameMode.uasset' failed to load '/Script/EnvironmentQueryEditor': Can't find file.
[2020.02.10-05.19.11:236][  0]LogLinker: Warning: While loading '../../../../../../Users/tbiss/Documents/GitHub/Stolemates/Stolenmates/Content/Blueprints/BP_GameMode.uasset' failed to load '/Script/EnvironmentQueryEditor': Can't find file.
[2020.02.10-05.19.11:482][  0]LogAIModule: Creating AISystem for world CondensedLevel
[2020.02.10-05.19.11:498][  0]LogEditorServer: Finished looking for orphan Actors (0.000 secs)
[2020.02.10-05.19.11:537][  0]LogUObjectHash: Compacting FUObjectHashTables data took   2.06ms
[2020.02.10-05.19.11:538][  0]Cmd: MAP CHECKDEP NOCLEARLOG
[2020.02.10-05.19.11:538][  0]MapCheck: Map check complete: 0 Error(s), 0 Warning(s), took 0.346ms to complete.
[2020.02.10-05.19.11:538][  0]LogFileHelpers: Loading map 'CondensedLevel' took 0.470
[2020.02.10-05.19.11:681][  0]LogSlate: Updating window title bar state: overlay mode, drag disabled, window buttons hidden, title bar hidden
[2020.02.10-05.19.11:688][  0]LogSlate: Updating window title bar state: overlay mode, drag disabled, window buttons hidden, title bar hidden
[2020.02.10-05.19.11:695][  0]LogSlate: Updating window title bar state: overlay mode, drag disabled, window buttons hidden, title bar hidden
[2020.02.10-05.19.11:703][  0]LogSlate: Updating window title bar state: overlay mode, drag disabled, window buttons hidden, title bar hidden
[2020.02.10-05.19.11:711][  0]LogCollectionManager: Loaded 0 collections in 0.001954 seconds
[2020.02.10-05.19.11:724][  0]LogFileCache: Scanning file cache for directory 'C:/Users/tbiss/Documents/GitHub/Stolemates/Stolenmates/Saved/Collections/' took 0.00s
[2020.02.10-05.19.11:724][  0]LogFileCache: Scanning file cache for directory 'C:/Users/tbiss/Documents/GitHub/Stolemates/Stolenmates/Content/Developers/tbiss/Collections/' took 0.00s
[2020.02.10-05.19.11:724][  0]LogFileCache: Scanning file cache for directory 'C:/Users/tbiss/Documents/GitHub/Stolemates/Stolenmates/Content/Collections/' took 0.00s
[2020.02.10-05.19.11:724][  0]LogCollectionManager: Rebuilt the GUID cache for 0 collections in 0.000002 seconds
[2020.02.10-05.19.11:733][  0]LogContentBrowser: Native class hierarchy populated in 0.0079 seconds. Added 2868 classes and 682 folders.
[2020.02.10-05.19.11:741][  0]LogContentBrowser: Native class hierarchy updated for 'WidgetCarousel' in 0.0003 seconds. Added 0 classes and 0 folders.
[2020.02.10-05.19.11:785][  0]LogContentBrowser: Native class hierarchy updated for 'AddContentDialog' in 0.0003 seconds. Added 0 classes and 0 folders.
[2020.02.10-05.19.11:792][  0]LogContentBrowser: Native class hierarchy updated for 'SceneOutliner' in 0.0004 seconds. Added 1 classes and 2 folders.
[2020.02.10-05.19.11:802][  0]LogSlate: Took 0.000205 seconds to synchronously load lazily loaded font '../../../Engine/Content/Slate/Fonts/Roboto-Regular.ttf' (155K)
[2020.02.10-05.19.11:804][  0]LogSlate: Took 0.000154 seconds to synchronously load lazily loaded font '../../../Engine/Content/Slate/Fonts/Roboto-Bold.ttf' (160K)
[2020.02.10-05.19.11:810][  0]LogSlate: Took 0.000242 seconds to synchronously load lazily loaded font '../../../Engine/Content/Editor/Slate/Fonts/FontAwesome.ttf' (139K)
[2020.02.10-05.19.11:866][  0]LogRenderer: Reallocating scene render targets to support 1208x600 Format 10 NumSamples 1 (Frame:1).
[2020.02.10-05.19.12:035][  0]LogContentBrowser: Native class hierarchy updated for 'HierarchicalLODOutliner' in 0.0003 seconds. Added 0 classes and 0 folders.
[2020.02.10-05.19.12:035][  0]LogLoad: (Engine Initialization) Total time: 8.62 seconds
[2020.02.10-05.19.12:035][  0]LogLoad: (Engine Initialization) Total Blueprint compile time: 0.00 seconds
[2020.02.10-05.19.12:078][  0]LogAssetRegistry: Asset discovery search completed in 4.4355 seconds
[2020.02.10-05.19.12:082][  0]LogCollectionManager: Rebuilt the object cache for 0 collections in 0.000007 seconds (found 0 objects)
[2020.02.10-05.19.12:082][  0]LogCollectionManager: Fixed up redirectors for 0 collections in 0.000199 seconds (updated 0 objects)
[2020.02.10-05.19.12:083][  0]LogContentStreaming: Texture pool size now 1000 MB
[2020.02.10-05.19.12:098][  0]LogSlate: Took 0.000197 seconds to synchronously load lazily loaded font '../../../Engine/Content/Slate/Fonts/Roboto-Light.ttf' (167K)
[2020.02.10-05.19.12:179][  2]LogActor: Warning: BP_Heart_C /Engine/Transient.World_1:PersistentLevel.BP_Heart_C_0 has natively added scene component(s), but none of them were set as the actor's RootComponent - picking one arbitrarily
[2020.02.10-05.19.13:812][192]LogEditorViewport: Clicking on Actor (LMB): StaticMeshActor (Stolemates_Condensed_Map)
[2020.02.10-05.19.15:172][347]LogSlate: FSceneViewport::OnFocusLost() reason 0
[2020.02.10-05.19.15:533][390]LogTemp: Repeating last play command: Selected Viewport
[2020.02.10-05.19.15:542][390]LogBlueprintUserMessages: Early PlayInEditor Detection: Level '/Game/Levels/CondensedLevel.CondensedLevel:PersistentLevel' has LevelScriptBlueprint '/Game/Levels/CondensedLevel.CondensedLevel:PersistentLevel.CondensedLevel' with GeneratedClass '/Game/Levels/CondensedLevel.CondensedLevel_C' with ClassGeneratedBy '/Game/Levels/CondensedLevel.CondensedLevel:PersistentLevel.CondensedLevel'
[2020.02.10-05.19.15:543][390]LogPlayLevel: PlayLevel: No blueprints needed recompiling
[2020.02.10-05.19.15:543][390]PIE: New page: PIE session: CondensedLevel (Feb 9, 2020, 7:19:15 PM)
[2020.02.10-05.19.15:545][390]LogOnline: OSS: Creating online subsystem instance for: NULL
[2020.02.10-05.19.15:547][390]LogPlayLevel: Creating play world package: /Game/Levels/UEDPIE_0_CondensedLevel
[2020.02.10-05.19.15:558][390]LogPlayLevel: PIE: StaticDuplicateObject took: (0.011358s)
[2020.02.10-05.19.15:560][390]LogAIModule: Creating AISystem for world CondensedLevel
[2020.02.10-05.19.15:560][390]LogPlayLevel: PIE: World Init took: (0.001626s)
[2020.02.10-05.19.15:560][390]LogPlayLevel: PIE: Created PIE world by copying editor world from /Game/Levels/CondensedLevel.CondensedLevel to /Game/Levels/UEDPIE_0_CondensedLevel.CondensedLevel (0.013598s)
[2020.02.10-05.19.15:583][390]LogUObjectHash: Compacting FUObjectHashTables data took   1.43ms
[2020.02.10-05.19.15:598][390]LogInit: XAudio2 using 'Speakers (Bose Revolve SoundLink)' : 2 channels at 48 kHz using 16 bits per sample (channel mask 0x3)
[2020.02.10-05.19.15:610][390]LogInit: FAudioDevice initialized.
[2020.02.10-05.19.15:626][390]LogLoad: Game class is 'BP_GameMode_C'
[2020.02.10-05.19.15:630][390]LogWorld: Bringing World /Game/Levels/UEDPIE_0_CondensedLevel.CondensedLevel up for play (max tick rate 0) at 2020.02.10-00.19.15
[2020.02.10-05.19.15:631][390]LogWorld: Bringing up level for play took: 0.004140
[2020.02.10-05.19.15:632][390]LogOnline: OSS: Creating online subsystem instance for: :Context_8
[2020.02.10-05.19.15:639][390]LogContentBrowser: Native class hierarchy updated for 'MovieSceneCapture' in 0.0003 seconds. Added 20 classes and 0 folders.
[2020.02.10-05.19.15:641][390]LogActor: Warning: BP_Camera_C /Game/Levels/UEDPIE_0_CondensedLevel.CondensedLevel:PersistentLevel.BP_Camera_C_0 has natively added scene component(s), but none of them were set as the actor's RootComponent - picking one arbitrarily
[2020.02.10-05.19.15:641][390]LogPlayerManagement: Error: Failed to Create Player: A local player already exists for controller ID 0,
[2020.02.10-05.19.15:642][390]LogSlate: New Slate User Created.  User Index 1, Is Virtual User: 0
[2020.02.10-05.19.15:642][390]LogSlate: Slate User Registered.  User Index 1, Is Virtual User: 0
[2020.02.10-05.19.15:644][390]LogSlate: New Slate User Created.  User Index 2, Is Virtual User: 0
[2020.02.10-05.19.15:645][390]LogSlate: Slate User Registered.  User Index 2, Is Virtual User: 0
[2020.02.10-05.19.15:647][390]LogSlate: New Slate User Created.  User Index 3, Is Virtual User: 0
[2020.02.10-05.19.15:647][390]LogSlate: Slate User Registered.  User Index 3, Is Virtual User: 0
[2020.02.10-05.19.15:649][390]PIE: Play in editor start time for /Game/Levels/UEDPIE_0_CondensedLevel 0.581
[2020.02.10-05.19.15:650][390]LogBlueprintUserMessages: Late PlayInEditor Detection: Level '/Game/Levels/CondensedLevel.CondensedLevel:PersistentLevel' has LevelScriptBlueprint '/Game/Levels/CondensedLevel.CondensedLevel:PersistentLevel.CondensedLevel' with GeneratedClass '/Game/Levels/CondensedLevel.CondensedLevel_C' with ClassGeneratedBy '/Game/Levels/CondensedLevel.CondensedLevel:PersistentLevel.CondensedLevel'
[2020.02.10-05.19.19:575][857]LogBlueprintUserMessages: Early EndPlayMap Detection: Level '/Game/Levels/CondensedLevel.CondensedLevel:PersistentLevel' has LevelScriptBlueprint '/Game/Levels/CondensedLevel.CondensedLevel:PersistentLevel.CondensedLevel' with GeneratedClass '/Game/Levels/CondensedLevel.CondensedLevel_C' with ClassGeneratedBy '/Game/Levels/CondensedLevel.CondensedLevel:PersistentLevel.CondensedLevel'
[2020.02.10-05.19.19:576][857]LogSlate: Updating window title bar state: overlay mode, drag disabled, window buttons hidden, title bar hidden
[2020.02.10-05.19.19:576][857]LogWorld: BeginTearingDown for /Game/Levels/UEDPIE_0_CondensedLevel
[2020.02.10-05.19.19:577][857]LogWorld: UWorld::CleanupWorld for CondensedLevel, bSessionEnded=true, bCleanupResources=true
[2020.02.10-05.19.19:589][857]LogPlayLevel: Display: Shutting down PIE online subsystems
[2020.02.10-05.19.19:590][857]LogBlueprintUserMessages: Late EndPlayMap Detection: Level '/Game/Levels/CondensedLevel.CondensedLevel:PersistentLevel' has LevelScriptBlueprint '/Game/Levels/CondensedLevel.CondensedLevel:PersistentLevel.CondensedLevel' with GeneratedClass '/Game/Levels/CondensedLevel.CondensedLevel_C' with ClassGeneratedBy '/Game/Levels/CondensedLevel.CondensedLevel:PersistentLevel.CondensedLevel'
[2020.02.10-05.19.19:615][857]LogSlate: Updating window title bar state: overlay mode, drag disabled, window buttons hidden, title bar hidden
[2020.02.10-05.19.19:619][857]LogUObjectHash: Compacting FUObjectHashTables data took   1.59ms
[2020.02.10-05.19.19:680][861]LogPlayLevel: Display: Destroying online subsystem :Context_8
[2020.02.10-05.19.21:074][  1]LogSlate: FSceneViewport::OnFocusLost() reason 0
[2020.02.10-05.19.22:219][103]LogSlate: Took 0.000157 seconds to synchronously load lazily loaded font '../../../Engine/Content/Slate/Fonts/Roboto-Light.ttf' (167K)
[2020.02.10-05.19.22:227][103]LogAssetEditorManager: Opening Asset editor for Blueprint /Game/Blueprints/BP_LoveBomb.BP_LoveBomb
[2020.02.10-05.19.22:410][103]LogContentBrowser: Native class hierarchy updated for 'BlueprintGraph' in 0.0005 seconds. Added 121 classes and 0 folders.
[2020.02.10-05.19.23:157][103]LogSlate: Took 0.000252 seconds to synchronously load lazily loaded font '../../../Engine/Content/Slate/Fonts/Roboto-BoldCondensed.ttf' (158K)
[2020.02.10-05.19.23:221][104]LogSlate: Took 0.000217 seconds to synchronously load lazily loaded font '../../../Engine/Content/Slate/Fonts/Roboto-Italic.ttf' (157K)
[2020.02.10-05.19.33:021][232]BlueprintLog: New page: Compile BP_LoveBomb
[2020.02.10-05.19.33:189][232]LogUObjectHash: Compacting FUObjectHashTables data took   2.91ms
[2020.02.10-05.19.33:697][284]Cmd: OBJ SAVEPACKAGE PACKAGE="/Game/Blueprints/BP_LoveBomb" FILE="../../../../../../Users/tbiss/Documents/GitHub/Stolemates/Stolenmates/Content/Blueprints/BP_LoveBomb.uasset" SILENT=true
[2020.02.10-05.19.33:736][284]LogSavePackage: Moving '../../../../../../Users/tbiss/Documents/GitHub/Stolemates/Stolenmates/Saved/BP_LoveBomb78C82B8745D4CF818A29E5A48F6405DB.tmp' to '../../../../../../Users/tbiss/Documents/GitHub/Stolemates/Stolenmates/Content/Blueprints/BP_LoveBomb.uasset'
[2020.02.10-05.19.37:996][731]LogAssetEditorManager: Opening Asset editor for Blueprint /Game/Blueprints/BP_Tracking.BP_Tracking
[2020.02.10-05.19.39:682][892]LogSlate: Window 'BP_Tracking' being destroyed
[2020.02.10-05.20.03:442][663]LogAssetEditorManager: Opening Asset editor for Blueprint /Game/Blueprints/BP_CN_Tower_Launch.BP_CN_Tower_Launch
[2020.02.10-05.20.08:148][168]LogTemp: Repeating last play command: Selected Viewport
[2020.02.10-05.20.08:159][168]LogBlueprintUserMessages: Early PlayInEditor Detection: Level '/Game/Levels/CondensedLevel.CondensedLevel:PersistentLevel' has LevelScriptBlueprint '/Game/Levels/CondensedLevel.CondensedLevel:PersistentLevel.CondensedLevel' with GeneratedClass '/Game/Levels/CondensedLevel.CondensedLevel_C' with ClassGeneratedBy '/Game/Levels/CondensedLevel.CondensedLevel:PersistentLevel.CondensedLevel'
[2020.02.10-05.20.08:159][168]LogPlayLevel: PlayLevel: No blueprints needed recompiling
[2020.02.10-05.20.08:159][168]PIE: New page: PIE session: CondensedLevel (Feb 9, 2020, 7:20:08 PM)
[2020.02.10-05.20.08:160][168]LogPlayLevel: Creating play world package: /Game/Levels/UEDPIE_0_CondensedLevel
[2020.02.10-05.20.08:170][168]LogPlayLevel: PIE: StaticDuplicateObject took: (0.010765s)
[2020.02.10-05.20.08:172][168]LogAIModule: Creating AISystem for world CondensedLevel
[2020.02.10-05.20.08:172][168]LogPlayLevel: PIE: World Init took: (0.001324s)
[2020.02.10-05.20.08:172][168]LogPlayLevel: PIE: Created PIE world by copying editor world from /Game/Levels/CondensedLevel.CondensedLevel to /Game/Levels/UEDPIE_0_CondensedLevel.CondensedLevel (0.012448s)
[2020.02.10-05.20.08:203][168]LogUObjectHash: Compacting FUObjectHashTables data took   2.91ms
[2020.02.10-05.20.08:217][168]LogInit: XAudio2 using 'Speakers (Bose Revolve SoundLink)' : 2 channels at 48 kHz using 16 bits per sample (channel mask 0x3)
[2020.02.10-05.20.08:229][168]LogInit: FAudioDevice initialized.
[2020.02.10-05.20.08:240][168]LogLoad: Game class is 'BP_GameMode_C'
[2020.02.10-05.20.08:244][168]LogWorld: Bringing World /Game/Levels/UEDPIE_0_CondensedLevel.CondensedLevel up for play (max tick rate 0) at 2020.02.10-00.20.08
[2020.02.10-05.20.08:245][168]LogWorld: Bringing up level for play took: 0.003760
[2020.02.10-05.20.08:245][168]LogOnline: OSS: Creating online subsystem instance for: :Context_12
[2020.02.10-05.20.08:249][168]LogActor: Warning: BP_Camera_C /Game/Levels/UEDPIE_0_CondensedLevel.CondensedLevel:PersistentLevel.BP_Camera_C_0 has natively added scene component(s), but none of them were set as the actor's RootComponent - picking one arbitrarily
[2020.02.10-05.20.11:588][168]LogPlayerManagement: Error: Failed to Create Player: A local player already exists for controller ID 0,
[2020.02.10-05.20.11:595][168]PIE: Play in editor start time for /Game/Levels/UEDPIE_0_CondensedLevel 2.525
[2020.02.10-05.20.11:595][168]LogBlueprintUserMessages: Late PlayInEditor Detection: Level '/Game/Levels/CondensedLevel.CondensedLevel:PersistentLevel' has LevelScriptBlueprint '/Game/Levels/CondensedLevel.CondensedLevel:PersistentLevel.CondensedLevel' with GeneratedClass '/Game/Levels/CondensedLevel.CondensedLevel_C' with ClassGeneratedBy '/Game/Levels/CondensedLevel.CondensedLevel:PersistentLevel.CondensedLevel'
[2020.02.10-05.20.11:616][169]LogCharacterMovement: Warning: GetSimulationTimeStep() - Max iterations 8 hit while remaining time 0.069863 > MaxSimulationTimeStep (0.050) for 'BP_Player_C_0', movement 'Walking'
[2020.02.10-05.20.11:616][169]LogCharacterMovement: Warning: GetSimulationTimeStep() - Max iterations 8 hit while remaining time 0.097490 > MaxSimulationTimeStep (0.050) for 'BP_Player_C_1', movement 'Walking'
[2020.02.10-05.20.11:617][169]LogCharacterMovement: Warning: GetSimulationTimeStep() - Max iterations 8 hit while remaining time 0.069863 > MaxSimulationTimeStep (0.050) for 'BP_Player_C_2', movement 'Walking'
[2020.02.10-05.20.11:617][169]LogCharacterMovement: Warning: GetSimulationTimeStep() - Max iterations 8 hit while remaining time 0.100000 > MaxSimulationTimeStep (0.050) for 'BP_Player_C_3', movement 'Walking'
[2020.02.10-05.20.12:659][175]LogSlate: FSceneViewport::OnFocusLost() reason 0
