Log file open, 12/05/19 16:15:34
LogWindows: Failed to load 'aqProf.dll' (GetLastError=126)
LogWindows: File 'aqProf.dll' does not exist
LogWindows: Failed to load 'VtuneApi.dll' (GetLastError=126)
LogWindows: File 'VtuneApi.dll' does not exist
LogWindows: Failed to load 'VtuneApi32e.dll' (GetLastError=126)
LogWindows: File 'VtuneApi32e.dll' does not exist
LogConsoleResponse: Display: Failed to find resolution value strings in scalability ini. Falling back to default.
LogInit: Display: Running engine for game: Stolenmates
LogPlatformFile: Not using cached read wrapper
LogTaskGraph: Started task graph with 5 named threads and 23 total threads with 3 sets of task threads.
LogStats: Stats thread started at 0.160439
LogD3D11RHI: Loaded GFSDK_Aftermath_Lib.x64.dll
LogICUInternationalization: ICU TimeZone Detection - Raw Offset: -5:00, Platform Override: ''
LogPluginManager: Mounting plugin Paper2D
LogPluginManager: Mounting plugin AISupport
LogPluginManager: Mounting plugin LightPropagationVolume
LogPluginManager: Mounting plugin ActorLayerUtilities
LogPluginManager: Mounting plugin AnimationSharing
LogPluginManager: Mounting plugin CLionSourceCodeAccess
LogPluginManager: Mounting plugin CodeLiteSourceCodeAccess
LogPluginManager: Mounting plugin GitSourceControl
LogPluginManager: Mounting plugin KDevelopSourceCodeAccess
LogPluginManager: Mounting plugin NullSourceCodeAccess
LogPluginManager: Mounting plugin PerforceSourceControl
LogPluginManager: Mounting plugin SubversionSourceControl
LogPluginManager: Mounting plugin UObjectPlugin
LogPluginManager: Mounting plugin VisualStudioCodeSourceCodeAccess
LogPluginManager: Mounting plugin VisualStudioSourceCodeAccess
LogPluginManager: Mounting plugin XCodeSourceCodeAccess
LogPluginManager: Mounting plugin AssetManagerEditor
LogPluginManager: Mounting plugin CryptoKeys
LogPluginManager: Mounting plugin CurveEditorTools
LogPluginManager: Mounting plugin DataValidation
LogPluginManager: Mounting plugin FacialAnimation
LogPluginManager: Mounting plugin GameplayTagsEditor
LogPluginManager: Mounting plugin MacGraphicsSwitching
LogPluginManager: Mounting plugin MaterialAnalyzer
LogPluginManager: Mounting plugin MobileLauncherProfileWizard
LogPluginManager: Mounting plugin PluginBrowser
LogPluginManager: Mounting plugin SpeedTreeImporter
LogPluginManager: Mounting plugin DatasmithContent
LogPluginManager: Mounting plugin VariantManagerContent
LogPluginManager: Mounting plugin AlembicImporter
LogPluginManager: Mounting plugin AutomationUtils
LogPluginManager: Mounting plugin BackChannel
LogPluginManager: Mounting plugin CharacterAI
LogPluginManager: Mounting plugin GeometryCache
LogPluginManager: Mounting plugin HTML5Networking
LogPluginManager: Mounting plugin PlatformCrypto
LogPluginManager: Mounting plugin ProxyLODPlugin
LogPluginManager: Mounting plugin SkeletalReduction
LogPluginManager: Mounting plugin MagicLeap
LogPluginManager: Mounting plugin MagicLeapMedia
LogPluginManager: Mounting plugin AndroidMedia
LogPluginManager: Mounting plugin AvfMedia
LogPluginManager: Mounting plugin ImgMedia
LogPluginManager: Mounting plugin MediaCompositing
LogPluginManager: Mounting plugin MediaPlayerEditor
LogPluginManager: Mounting plugin WebMMedia
LogPluginManager: Mounting plugin WmfMedia
LogPluginManager: Mounting plugin TcpMessaging
LogPluginManager: Mounting plugin UdpMessaging
LogPluginManager: Mounting plugin ActorSequence
LogPluginManager: Mounting plugin LevelSequenceEditor
LogPluginManager: Mounting plugin MatineeToLevelSequence
LogPluginManager: Mounting plugin NetcodeUnitTest
LogPluginManager: Mounting plugin NUTUnrealEngine4
LogPluginManager: Mounting plugin OnlineSubsystemGooglePlay
LogPluginManager: Mounting plugin OnlineSubsystemIOS
LogPluginManager: Mounting plugin OnlineSubsystem
LogPluginManager: Mounting plugin OnlineSubsystemNull
LogPluginManager: Mounting plugin OnlineSubsystemUtils
LogPluginManager: Mounting plugin LauncherChunkInstaller
LogPluginManager: Mounting plugin AndroidDeviceProfileSelector
LogPluginManager: Mounting plugin AndroidMoviePlayer
LogPluginManager: Mounting plugin AndroidPermission
LogPluginManager: Mounting plugin AppleImageUtils
LogPluginManager: Mounting plugin AppleMoviePlayer
LogPluginManager: Mounting plugin ArchVisCharacter
LogPluginManager: Mounting plugin AudioCapture
LogPluginManager: Mounting plugin CableComponent
LogPluginManager: Mounting plugin CustomMeshComponent
LogPluginManager: Mounting plugin EditableMesh
LogPluginManager: Mounting plugin ExampleDeviceProfileSelector
LogPluginManager: Mounting plugin GoogleCloudMessaging
LogPluginManager: Mounting plugin IOSDeviceProfileSelector
LogPluginManager: Mounting plugin LinuxDeviceProfileSelector
LogPluginManager: Mounting plugin LocationServicesBPLibrary
LogPluginManager: Mounting plugin MobilePatchingUtils
LogPluginManager: Mounting plugin OculusVR
LogPluginManager: Mounting plugin PhysXVehicles
LogPluginManager: Mounting plugin ProceduralMeshComponent
LogPluginManager: Mounting plugin RuntimePhysXCooking
LogPluginManager: Mounting plugin SignificanceManager
LogPluginManager: Mounting plugin SteamVR
LogPluginManager: Mounting plugin WebMMoviePlayer
LogPluginManager: Mounting plugin WindowsMoviePlayer
LogPluginManager: Mounting plugin ScreenshotTools
LogInit: Using libcurl 7.55.1-DEV
LogInit:  - built for x86_64-pc-win32
LogInit:  - supports SSL with OpenSSL/1.1.1
LogInit:  - supports HTTP deflate (compression) using libz 1.2.8
LogInit:  - other features:
LogInit:      CURL_VERSION_SSL
LogInit:      CURL_VERSION_LIBZ
LogInit:      CURL_VERSION_IPV6
LogInit:      CURL_VERSION_ASYNCHDNS
LogInit:      CURL_VERSION_LARGEFILE
LogInit:      CURL_VERSION_IDN
LogInit:  CurlRequestOptions (configurable via config and command line):
LogInit:  - bVerifyPeer = true  - Libcurl will verify peer certificate
LogInit:  - bUseHttpProxy = false  - Libcurl will NOT use HTTP proxy
LogInit:  - bDontReuseConnections = false  - Libcurl will reuse connections
LogInit:  - MaxHostConnections = 16  - Libcurl will limit the number of connections to a host
LogInit:  - LocalHostAddr = Default
LogInit:  - BufferSize = 65536
LogOnline: OSS: Creating online subsystem instance for: NULL
LogInit: WinSock: version 1.1 (2.2), MaxSocks=32767, MaxUdp=65467
LogInit: Build: ++UE4+Release-4.23-CL-9631420
LogInit: Engine Version: 4.23.1-9631420+++UE4+Release-4.23
LogInit: Compatible Engine Version: 4.23.0-8386587+++UE4+Release-4.23
LogInit: Net CL: 8386587
LogInit: OS: Windows 10 (Release 1809) (), CPU: Intel(R) Core(TM) i7-7700 CPU @ 3.60GHz, GPU: NVIDIA GeForce GTX 1070
LogInit: Compiled (64-bit): Oct 18 2019 02:07:44
LogInit: Compiled with Visual C++: 19.16.27030.01
LogInit: Build Configuration: Development
LogInit: Branch Name: ++UE4+Release-4.23
LogInit: Command Line:  -skipcompile
LogInit: Base Directory: C:/Program Files/Epic Games/UE_4.23/Engine/Binaries/Win64/
LogInit: Installed Engine Build: 1
LogDevObjectVersion: Number of dev versions registered: 23
LogDevObjectVersion:   Dev-Blueprints (B0D832E4-1F89-4F0D-ACCF-7EB736FD4AA2): 10
LogDevObjectVersion:   Dev-Build (E1C64328-A22C-4D53-A36C-8E866417BD8C): 0
LogDevObjectVersion:   Dev-Core (375EC13C-06E4-48FB-B500-84F0262A717E): 3
LogDevObjectVersion:   Dev-Editor (E4B068ED-F494-42E9-A231-DA0B2E46BB41): 34
LogDevObjectVersion:   Dev-Framework (CFFC743F-43B0-4480-9391-14DF171D2073): 35
LogDevObjectVersion:   Dev-Mobile (B02B49B5-BB20-44E9-A304-32B752E40360): 2
LogDevObjectVersion:   Dev-Networking (A4E4105C-59A1-49B5-A7C5-40C4547EDFEE): 0
LogDevObjectVersion:   Dev-Online (39C831C9-5AE6-47DC-9A44-9C173E1C8E7C): 0
LogDevObjectVersion:   Dev-Physics (78F01B33-EBEA-4F98-B9B4-84EACCB95AA2): 0
LogDevObjectVersion:   Dev-Platform (6631380F-2D4D-43E0-8009-CF276956A95A): 0
LogDevObjectVersion:   Dev-Rendering (12F88B9F-8875-4AFC-A67C-D90C383ABD29): 31
LogDevObjectVersion:   Dev-Sequencer (7B5AE74C-D270-4C10-A958-57980B212A5A): 11
LogDevObjectVersion:   Dev-VR (D7296918-1DD6-4BDD-9DE2-64A83CC13884): 2
LogDevObjectVersion:   Dev-LoadTimes (C2A15278-BFE7-4AFE-6C17-90FF531DF755): 1
LogDevObjectVersion:   Private-Geometry (6EACA3D4-40EC-4CC1-B786-8BED09428FC5): 3
LogDevObjectVersion:   Dev-AnimPhys (29E575DD-E0A3-4627-9D10-D276232CDCEA): 17
LogDevObjectVersion:   Dev-Anim (AF43A65D-7FD3-4947-9873-3E8ED9C1BB05): 2
LogDevObjectVersion:   Dev-ReflectionCapture (6B266CEC-1EC7-4B8F-A30B-E4D90942FC07): 1
LogDevObjectVersion:   Dev-Automation (0DF73D61-A23F-47EA-B727-89E90C41499A): 1
LogDevObjectVersion:   FortniteMain (601D1886-AC64-4F84-AA16-D3DE0DEAC7D6): 27
LogDevObjectVersion:   Dev-Enterprise (9DFFBCD6-494F-0158-E221-12823C92A888): 6
LogDevObjectVersion:   Dev-Niagara (F2AED0AC-9AFE-416F-8664-AA7FFA26D6FC): 1
LogDevObjectVersion:   Dev-Destruction (174F1F0B-B4C6-45A5-B13F-2EE8D0FB917D): 9
LogInit: Presizing for max 16777216 objects, including 0 objects not considered by GC, pre-allocating 0 bytes for permanent pool.
LogInit: Object subsystem initialized
LogConfig: Setting CVar [[con.DebugEarlyDefault:1]]
LogConfig: Setting CVar [[r.setres:1280x720]]
[2019.12.05-21.15.34:667][  0]LogConfig: Setting CVar [[r.VSync:0]]
[2019.12.05-21.15.34:668][  0]LogConfig: Setting CVar [[r.RHICmdBypass:0]]
[2019.12.05-21.15.34:668][  0]LogConfig: Applying CVar settings from Section [/Script/Engine.RendererSettings] File [C:/Users/tbiss/Documents/GitHub/Stolemates/Stolenmates/Saved/Config/Windows/Engine.ini]
[2019.12.05-21.15.34:668][  0]LogConfig: Setting CVar [[r.GPUCrashDebugging:0]]
[2019.12.05-21.15.34:668][  0]LogConfig: Setting CVar [[r.DefaultFeature.AutoExposure.ExtendDefaultLuminanceRange:1]]
[2019.12.05-21.15.34:668][  0]LogConfig: Applying CVar settings from Section [/Script/Engine.RendererOverrideSettings] File [C:/Users/tbiss/Documents/GitHub/Stolemates/Stolenmates/Saved/Config/Windows/Engine.ini]
[2019.12.05-21.15.34:668][  0]LogConfig: Applying CVar settings from Section [/Script/Engine.StreamingSettings] File [C:/Users/tbiss/Documents/GitHub/Stolemates/Stolenmates/Saved/Config/Windows/Engine.ini]
[2019.12.05-21.15.34:668][  0]LogConfig: Setting CVar [[s.MinBulkDataSizeForAsyncLoading:131072]]
[2019.12.05-21.15.34:668][  0]LogConfig: Setting CVar [[s.AsyncLoadingThreadEnabled:0]]
[2019.12.05-21.15.34:668][  0]LogConfig: Setting CVar [[s.EventDrivenLoaderEnabled:1]]
[2019.12.05-21.15.34:668][  0]LogConfig: Setting CVar [[s.WarnIfTimeLimitExceeded:0]]
[2019.12.05-21.15.34:668][  0]LogConfig: Setting CVar [[s.TimeLimitExceededMultiplier:1.5]]
[2019.12.05-21.15.34:668][  0]LogConfig: Setting CVar [[s.TimeLimitExceededMinTime:0.005]]
[2019.12.05-21.15.34:668][  0]LogConfig: Setting CVar [[s.UseBackgroundLevelStreaming:1]]
[2019.12.05-21.15.34:668][  0]LogConfig: Setting CVar [[s.PriorityAsyncLoadingExtraTime:15.0]]
[2019.12.05-21.15.34:668][  0]LogConfig: Setting CVar [[s.LevelStreamingActorsUpdateTimeLimit:5.0]]
[2019.12.05-21.15.34:668][  0]LogConfig: Setting CVar [[s.PriorityLevelStreamingActorsUpdateExtraTime:5.0]]
[2019.12.05-21.15.34:668][  0]LogConfig: Setting CVar [[s.LevelStreamingComponentsRegistrationGranularity:10]]
[2019.12.05-21.15.34:669][  0]LogConfig: Setting CVar [[s.UnregisterComponentsTimeLimit:1.0]]
[2019.12.05-21.15.34:669][  0]LogConfig: Setting CVar [[s.LevelStreamingComponentsUnregistrationGranularity:5]]
[2019.12.05-21.15.34:669][  0]LogConfig: Applying CVar settings from Section [/Script/Engine.GarbageCollectionSettings] File [C:/Users/tbiss/Documents/GitHub/Stolemates/Stolenmates/Saved/Config/Windows/Engine.ini]
[2019.12.05-21.15.34:669][  0]LogConfig: Setting CVar [[gc.MaxObjectsNotConsideredByGC:1]]
[2019.12.05-21.15.34:669][  0]LogConfig: Setting CVar [[gc.SizeOfPermanentObjectPool:0]]
[2019.12.05-21.15.34:669][  0]LogConfig: Setting CVar [[gc.FlushStreamingOnGC:0]]
[2019.12.05-21.15.34:669][  0]LogConfig: Setting CVar [[gc.NumRetriesBeforeForcingGC:10]]
[2019.12.05-21.15.34:669][  0]LogConfig: Setting CVar [[gc.AllowParallelGC:1]]
[2019.12.05-21.15.34:669][  0]LogConfig: Setting CVar [[gc.TimeBetweenPurgingPendingKillObjects:61.1]]
[2019.12.05-21.15.34:669][  0]LogConfig: Setting CVar [[gc.MaxObjectsInEditor:16777216]]
[2019.12.05-21.15.34:669][  0]LogConfig: Setting CVar [[gc.IncrementalBeginDestroyEnabled:1]]
[2019.12.05-21.15.34:669][  0]LogConfig: Setting CVar [[gc.CreateGCClusters:1]]
[2019.12.05-21.15.34:669][  0]LogConfig: Setting CVar [[gc.MinGCClusterSize:5]]
[2019.12.05-21.15.34:669][  0]LogConfig: Setting CVar [[gc.ActorClusteringEnabled:0]]
[2019.12.05-21.15.34:669][  0]LogConfig: Setting CVar [[gc.BlueprintClusteringEnabled:0]]
[2019.12.05-21.15.34:669][  0]LogConfig: Setting CVar [[gc.UseDisregardForGCOnDedicatedServers:0]]
[2019.12.05-21.15.34:669][  0]LogConfig: Applying CVar settings from Section [/Script/Engine.NetworkSettings] File [C:/Users/tbiss/Documents/GitHub/Stolemates/Stolenmates/Saved/Config/Windows/Engine.ini]
[2019.12.05-21.15.34:670][  0]LogConfig: Applying CVar settings from Section [/Script/UnrealEd.CookerSettings] File [C:/Users/tbiss/Documents/GitHub/Stolemates/Stolenmates/Saved/Config/Windows/Engine.ini]
[2019.12.05-21.15.34:677][  0]LogConfig: Applying CVar settings from Section [ViewDistanceQuality@3] File [C:/Users/tbiss/Documents/GitHub/Stolemates/Stolenmates/Saved/Config/Windows/Scalability.ini]
[2019.12.05-21.15.34:677][  0]LogConfig: Setting CVar [[r.SkeletalMeshLODBias:0]]
[2019.12.05-21.15.34:677][  0]LogConfig: Setting CVar [[r.ViewDistanceScale:1.0]]
[2019.12.05-21.15.34:677][  0]LogConfig: Applying CVar settings from Section [AntiAliasingQuality@3] File [C:/Users/tbiss/Documents/GitHub/Stolemates/Stolenmates/Saved/Config/Windows/Scalability.ini]
[2019.12.05-21.15.34:677][  0]LogConfig: Setting CVar [[r.PostProcessAAQuality:4]]
[2019.12.05-21.15.34:677][  0]LogConfig: Applying CVar settings from Section [ShadowQuality@3] File [C:/Users/tbiss/Documents/GitHub/Stolemates/Stolenmates/Saved/Config/Windows/Scalability.ini]
[2019.12.05-21.15.34:677][  0]LogConfig: Setting CVar [[r.LightFunctionQuality:1]]
[2019.12.05-21.15.34:677][  0]LogConfig: Setting CVar [[r.ShadowQuality:5]]
[2019.12.05-21.15.34:677][  0]LogConfig: Setting CVar [[r.Shadow.CSM.MaxCascades:10]]
[2019.12.05-21.15.34:678][  0]LogConfig: Setting CVar [[r.Shadow.MaxResolution:2048]]
[2019.12.05-21.15.34:678][  0]LogConfig: Setting CVar [[r.Shadow.MaxCSMResolution:2048]]
[2019.12.05-21.15.34:678][  0]LogConfig: Setting CVar [[r.Shadow.RadiusThreshold:0.01]]
[2019.12.05-21.15.34:678][  0]LogConfig: Setting CVar [[r.Shadow.DistanceScale:1.0]]
[2019.12.05-21.15.34:678][  0]LogConfig: Setting CVar [[r.Shadow.CSM.TransitionScale:1.0]]
[2019.12.05-21.15.34:678][  0]LogConfig: Setting CVar [[r.Shadow.PreShadowResolutionFactor:1.0]]
[2019.12.05-21.15.34:678][  0]LogConfig: Setting CVar [[r.DistanceFieldShadowing:1]]
[2019.12.05-21.15.34:678][  0]LogConfig: Setting CVar [[r.DistanceFieldAO:1]]
[2019.12.05-21.15.34:678][  0]LogConfig: Setting CVar [[r.AOQuality:2]]
[2019.12.05-21.15.34:678][  0]LogConfig: Setting CVar [[r.VolumetricFog:1]]
[2019.12.05-21.15.34:678][  0]LogConfig: Setting CVar [[r.VolumetricFog.GridPixelSize:8]]
[2019.12.05-21.15.34:678][  0]LogConfig: Setting CVar [[r.VolumetricFog.GridSizeZ:128]]
[2019.12.05-21.15.34:678][  0]LogConfig: Setting CVar [[r.VolumetricFog.HistoryMissSupersampleCount:4]]
[2019.12.05-21.15.34:678][  0]LogConfig: Setting CVar [[r.LightMaxDrawDistanceScale:1]]
[2019.12.05-21.15.34:679][  0]LogConfig: Setting CVar [[r.CapsuleShadows:1]]
[2019.12.05-21.15.34:679][  0]LogConfig: Applying CVar settings from Section [PostProcessQuality@3] File [C:/Users/tbiss/Documents/GitHub/Stolemates/Stolenmates/Saved/Config/Windows/Scalability.ini]
[2019.12.05-21.15.34:679][  0]LogConfig: Setting CVar [[r.MotionBlurQuality:4]]
[2019.12.05-21.15.34:679][  0]LogConfig: Setting CVar [[r.AmbientOcclusionMipLevelFactor:0.4]]
[2019.12.05-21.15.34:679][  0]LogConfig: Setting CVar [[r.AmbientOcclusionMaxQuality:100]]
[2019.12.05-21.15.34:679][  0]LogConfig: Setting CVar [[r.AmbientOcclusionLevels:-1]]
[2019.12.05-21.15.34:679][  0]LogConfig: Setting CVar [[r.AmbientOcclusionRadiusScale:1.0]]
[2019.12.05-21.15.34:679][  0]LogConfig: Setting CVar [[r.DepthOfFieldQuality:2]]
[2019.12.05-21.15.34:679][  0]LogConfig: Setting CVar [[r.RenderTargetPoolMin:400]]
[2019.12.05-21.15.34:679][  0]LogConfig: Setting CVar [[r.LensFlareQuality:2]]
[2019.12.05-21.15.34:679][  0]LogConfig: Setting CVar [[r.SceneColorFringeQuality:1]]
[2019.12.05-21.15.34:679][  0]LogConfig: Setting CVar [[r.EyeAdaptationQuality:2]]
[2019.12.05-21.15.34:679][  0]LogConfig: Setting CVar [[r.BloomQuality:5]]
[2019.12.05-21.15.34:679][  0]LogConfig: Setting CVar [[r.FastBlurThreshold:100]]
[2019.12.05-21.15.34:679][  0]LogConfig: Setting CVar [[r.Upscale.Quality:3]]
[2019.12.05-21.15.34:679][  0]LogConfig: Setting CVar [[r.Tonemapper.GrainQuantization:1]]
[2019.12.05-21.15.34:679][  0]LogConfig: Setting CVar [[r.LightShaftQuality:1]]
[2019.12.05-21.15.34:679][  0]LogConfig: Setting CVar [[r.Filter.SizeScale:1]]
[2019.12.05-21.15.34:679][  0]LogConfig: Setting CVar [[r.Tonemapper.Quality:5]]
[2019.12.05-21.15.34:679][  0]LogConfig: Setting CVar [[r.DOF.Gather.AccumulatorQuality:1        ; higher gathering accumulator quality]]
[2019.12.05-21.15.34:680][  0]LogConfig: Setting CVar [[r.DOF.Gather.PostfilterMethod:1          ; Median3x3 postfilering method]]
[2019.12.05-21.15.34:680][  0]LogConfig: Setting CVar [[r.DOF.Gather.EnableBokehSettings:0       ; no bokeh simulation when gathering]]
[2019.12.05-21.15.34:680][  0]LogConfig: Setting CVar [[r.DOF.Gather.RingCount:4                 ; medium number of samples when gathering]]
[2019.12.05-21.15.34:680][  0]LogConfig: Setting CVar [[r.DOF.Scatter.ForegroundCompositing:1    ; additive foreground scattering]]
[2019.12.05-21.15.34:680][  0]LogConfig: Setting CVar [[r.DOF.Scatter.BackgroundCompositing:2    ; additive background scattering]]
[2019.12.05-21.15.34:680][  0]LogConfig: Setting CVar [[r.DOF.Scatter.EnableBokehSettings:1      ; bokeh simulation when scattering]]
[2019.12.05-21.15.34:680][  0]LogConfig: Setting CVar [[r.DOF.Scatter.MaxSpriteRatio:0.1         ; only a maximum of 10% of scattered bokeh]]
[2019.12.05-21.15.34:680][  0]LogConfig: Setting CVar [[r.DOF.Recombine.Quality:1                ; cheap slight out of focus]]
[2019.12.05-21.15.34:680][  0]LogConfig: Setting CVar [[r.DOF.Recombine.EnableBokehSettings:0    ; no bokeh simulation on slight out of focus]]
[2019.12.05-21.15.34:680][  0]LogConfig: Setting CVar [[r.DOF.TemporalAAQuality:1                ; more stable temporal accumulation]]
[2019.12.05-21.15.34:680][  0]LogConfig: Setting CVar [[r.DOF.Kernel.MaxForegroundRadius:0.025]]
[2019.12.05-21.15.34:680][  0]LogConfig: Setting CVar [[r.DOF.Kernel.MaxBackgroundRadius:0.025]]
[2019.12.05-21.15.34:680][  0]LogConfig: Applying CVar settings from Section [TextureQuality@3] File [C:/Users/tbiss/Documents/GitHub/Stolemates/Stolenmates/Saved/Config/Windows/Scalability.ini]
[2019.12.05-21.15.34:680][  0]LogConfig: Setting CVar [[r.Streaming.MipBias:0]]
[2019.12.05-21.15.34:680][  0]LogConfig: Setting CVar [[r.Streaming.AmortizeCPUToGPUCopy:0]]
[2019.12.05-21.15.34:680][  0]LogConfig: Setting CVar [[r.Streaming.MaxNumTexturesToStreamPerFrame:0]]
[2019.12.05-21.15.34:680][  0]LogConfig: Setting CVar [[r.Streaming.Boost:1]]
[2019.12.05-21.15.34:680][  0]LogConfig: Setting CVar [[r.MaxAnisotropy:8]]
[2019.12.05-21.15.34:680][  0]LogConfig: Setting CVar [[r.Streaming.LimitPoolSizeToVRAM:0]]
[2019.12.05-21.15.34:680][  0]LogConfig: Setting CVar [[r.Streaming.PoolSize:1000]]
[2019.12.05-21.15.34:680][  0]LogConfig: Setting CVar [[r.Streaming.MaxEffectiveScreenSize:0]]
[2019.12.05-21.15.34:681][  0]LogConfig: Applying CVar settings from Section [EffectsQuality@3] File [C:/Users/tbiss/Documents/GitHub/Stolemates/Stolenmates/Saved/Config/Windows/Scalability.ini]
[2019.12.05-21.15.34:681][  0]LogConfig: Setting CVar [[r.TranslucencyLightingVolumeDim:64]]
[2019.12.05-21.15.34:681][  0]LogConfig: Setting CVar [[r.RefractionQuality:2]]
[2019.12.05-21.15.34:681][  0]LogConfig: Setting CVar [[r.SSR.Quality:3]]
[2019.12.05-21.15.34:681][  0]LogConfig: Setting CVar [[r.SceneColorFormat:4]]
[2019.12.05-21.15.34:681][  0]LogConfig: Setting CVar [[r.DetailMode:2]]
[2019.12.05-21.15.34:681][  0]LogConfig: Setting CVar [[r.TranslucencyVolumeBlur:1]]
[2019.12.05-21.15.34:681][  0]LogConfig: Setting CVar [[r.MaterialQualityLevel:1 ; High quality]]
[2019.12.05-21.15.34:681][  0]LogConfig: Setting CVar [[r.SSS.Scale:1]]
[2019.12.05-21.15.34:681][  0]LogConfig: Setting CVar [[r.SSS.SampleSet:2]]
[2019.12.05-21.15.34:681][  0]LogConfig: Setting CVar [[r.SSS.Quality:1]]
[2019.12.05-21.15.34:681][  0]LogConfig: Setting CVar [[r.SSS.HalfRes:1]]
[2019.12.05-21.15.34:681][  0]LogConfig: Setting CVar [[r.EmitterSpawnRateScale:1.0]]
[2019.12.05-21.15.34:681][  0]LogConfig: Setting CVar [[r.ParticleLightQuality:2]]
[2019.12.05-21.15.34:681][  0]LogConfig: Applying CVar settings from Section [FoliageQuality@3] File [C:/Users/tbiss/Documents/GitHub/Stolemates/Stolenmates/Saved/Config/Windows/Scalability.ini]
[2019.12.05-21.15.34:681][  0]LogConfig: Setting CVar [[foliage.DensityScale:1.0]]
[2019.12.05-21.15.34:681][  0]LogConfig: Setting CVar [[grass.DensityScale:1.0]]
[2019.12.05-21.15.34:681][  0]LogInit: Selected Device Profile: [Windows]
[2019.12.05-21.15.34:681][  0]LogInit: Applying CVar settings loaded from the selected device profile: [Windows]
[2019.12.05-21.15.34:685][  0]LogHAL: Display: Platform has ~ 16 GB [17114079232 / 17179869184 / 16], which maps to Larger [LargestMinGB=32, LargerMinGB=12, DefaultMinGB=8, SmallerMinGB=6, SmallestMinGB=0)
[2019.12.05-21.15.34:685][  0]LogInit: Going up to parent DeviceProfile []
[2019.12.05-21.15.34:685][  0]LogConfig: Applying CVar settings from Section [ViewDistanceQuality@3] File [C:/Users/tbiss/Documents/GitHub/Stolemates/Stolenmates/Saved/Config/Windows/Scalability.ini]
[2019.12.05-21.15.34:685][  0]LogConfig: Setting CVar [[r.SkeletalMeshLODBias:0]]
[2019.12.05-21.15.34:685][  0]LogConfig: Setting CVar [[r.ViewDistanceScale:1.0]]
[2019.12.05-21.15.34:685][  0]LogConfig: Applying CVar settings from Section [AntiAliasingQuality@3] File [C:/Users/tbiss/Documents/GitHub/Stolemates/Stolenmates/Saved/Config/Windows/Scalability.ini]
[2019.12.05-21.15.34:685][  0]LogConfig: Setting CVar [[r.PostProcessAAQuality:4]]
[2019.12.05-21.15.34:685][  0]LogConfig: Applying CVar settings from Section [ShadowQuality@3] File [C:/Users/tbiss/Documents/GitHub/Stolemates/Stolenmates/Saved/Config/Windows/Scalability.ini]
[2019.12.05-21.15.34:685][  0]LogConfig: Setting CVar [[r.LightFunctionQuality:1]]
[2019.12.05-21.15.34:685][  0]LogConfig: Setting CVar [[r.ShadowQuality:5]]
[2019.12.05-21.15.34:685][  0]LogConfig: Setting CVar [[r.Shadow.CSM.MaxCascades:10]]
[2019.12.05-21.15.34:685][  0]LogConfig: Setting CVar [[r.Shadow.MaxResolution:2048]]
[2019.12.05-21.15.34:685][  0]LogConfig: Setting CVar [[r.Shadow.MaxCSMResolution:2048]]
[2019.12.05-21.15.34:685][  0]LogConfig: Setting CVar [[r.Shadow.RadiusThreshold:0.01]]
[2019.12.05-21.15.34:685][  0]LogConfig: Setting CVar [[r.Shadow.DistanceScale:1.0]]
[2019.12.05-21.15.34:685][  0]LogConfig: Setting CVar [[r.Shadow.CSM.TransitionScale:1.0]]
[2019.12.05-21.15.34:686][  0]LogConfig: Setting CVar [[r.Shadow.PreShadowResolutionFactor:1.0]]
[2019.12.05-21.15.34:686][  0]LogConfig: Setting CVar [[r.DistanceFieldShadowing:1]]
[2019.12.05-21.15.34:686][  0]LogConfig: Setting CVar [[r.DistanceFieldAO:1]]
[2019.12.05-21.15.34:686][  0]LogConfig: Setting CVar [[r.AOQuality:2]]
[2019.12.05-21.15.34:686][  0]LogConfig: Setting CVar [[r.VolumetricFog:1]]
[2019.12.05-21.15.34:686][  0]LogConfig: Setting CVar [[r.VolumetricFog.GridPixelSize:8]]
[2019.12.05-21.15.34:686][  0]LogConfig: Setting CVar [[r.VolumetricFog.GridSizeZ:128]]
[2019.12.05-21.15.34:686][  0]LogConfig: Setting CVar [[r.VolumetricFog.HistoryMissSupersampleCount:4]]
[2019.12.05-21.15.34:686][  0]LogConfig: Setting CVar [[r.LightMaxDrawDistanceScale:1]]
[2019.12.05-21.15.34:686][  0]LogConfig: Setting CVar [[r.CapsuleShadows:1]]
[2019.12.05-21.15.34:686][  0]LogConfig: Applying CVar settings from Section [PostProcessQuality@3] File [C:/Users/tbiss/Documents/GitHub/Stolemates/Stolenmates/Saved/Config/Windows/Scalability.ini]
[2019.12.05-21.15.34:686][  0]LogConfig: Setting CVar [[r.MotionBlurQuality:4]]
[2019.12.05-21.15.34:686][  0]LogConfig: Setting CVar [[r.AmbientOcclusionMipLevelFactor:0.4]]
[2019.12.05-21.15.34:686][  0]LogConfig: Setting CVar [[r.AmbientOcclusionMaxQuality:100]]
[2019.12.05-21.15.34:686][  0]LogConfig: Setting CVar [[r.AmbientOcclusionLevels:-1]]
[2019.12.05-21.15.34:686][  0]LogConfig: Setting CVar [[r.AmbientOcclusionRadiusScale:1.0]]
[2019.12.05-21.15.34:686][  0]LogConfig: Setting CVar [[r.DepthOfFieldQuality:2]]
[2019.12.05-21.15.34:686][  0]LogConfig: Setting CVar [[r.RenderTargetPoolMin:400]]
[2019.12.05-21.15.34:686][  0]LogConfig: Setting CVar [[r.LensFlareQuality:2]]
[2019.12.05-21.15.34:686][  0]LogConfig: Setting CVar [[r.SceneColorFringeQuality:1]]
[2019.12.05-21.15.34:686][  0]LogConfig: Setting CVar [[r.EyeAdaptationQuality:2]]
[2019.12.05-21.15.34:687][  0]LogConfig: Setting CVar [[r.BloomQuality:5]]
[2019.12.05-21.15.34:687][  0]LogConfig: Setting CVar [[r.FastBlurThreshold:100]]
[2019.12.05-21.15.34:687][  0]LogConfig: Setting CVar [[r.Upscale.Quality:3]]
[2019.12.05-21.15.34:687][  0]LogConfig: Setting CVar [[r.Tonemapper.GrainQuantization:1]]
[2019.12.05-21.15.34:687][  0]LogConfig: Setting CVar [[r.LightShaftQuality:1]]
[2019.12.05-21.15.34:687][  0]LogConfig: Setting CVar [[r.Filter.SizeScale:1]]
[2019.12.05-21.15.34:687][  0]LogConfig: Setting CVar [[r.Tonemapper.Quality:5]]
[2019.12.05-21.15.34:687][  0]LogConfig: Setting CVar [[r.DOF.Gather.AccumulatorQuality:1        ; higher gathering accumulator quality]]
[2019.12.05-21.15.34:687][  0]LogConfig: Setting CVar [[r.DOF.Gather.PostfilterMethod:1          ; Median3x3 postfilering method]]
[2019.12.05-21.15.34:687][  0]LogConfig: Setting CVar [[r.DOF.Gather.EnableBokehSettings:0       ; no bokeh simulation when gathering]]
[2019.12.05-21.15.34:687][  0]LogConfig: Setting CVar [[r.DOF.Gather.RingCount:4                 ; medium number of samples when gathering]]
[2019.12.05-21.15.34:687][  0]LogConfig: Setting CVar [[r.DOF.Scatter.ForegroundCompositing:1    ; additive foreground scattering]]
[2019.12.05-21.15.34:687][  0]LogConfig: Setting CVar [[r.DOF.Scatter.BackgroundCompositing:2    ; additive background scattering]]
[2019.12.05-21.15.34:687][  0]LogConfig: Setting CVar [[r.DOF.Scatter.EnableBokehSettings:1      ; bokeh simulation when scattering]]
[2019.12.05-21.15.34:687][  0]LogConfig: Setting CVar [[r.DOF.Scatter.MaxSpriteRatio:0.1         ; only a maximum of 10% of scattered bokeh]]
[2019.12.05-21.15.34:687][  0]LogConfig: Setting CVar [[r.DOF.Recombine.Quality:1                ; cheap slight out of focus]]
[2019.12.05-21.15.34:687][  0]LogConfig: Setting CVar [[r.DOF.Recombine.EnableBokehSettings:0    ; no bokeh simulation on slight out of focus]]
[2019.12.05-21.15.34:687][  0]LogConfig: Setting CVar [[r.DOF.TemporalAAQuality:1                ; more stable temporal accumulation]]
[2019.12.05-21.15.34:687][  0]LogConfig: Setting CVar [[r.DOF.Kernel.MaxForegroundRadius:0.025]]
[2019.12.05-21.15.34:687][  0]LogConfig: Setting CVar [[r.DOF.Kernel.MaxBackgroundRadius:0.025]]
[2019.12.05-21.15.34:687][  0]LogConfig: Applying CVar settings from Section [TextureQuality@3] File [C:/Users/tbiss/Documents/GitHub/Stolemates/Stolenmates/Saved/Config/Windows/Scalability.ini]
[2019.12.05-21.15.34:687][  0]LogConfig: Setting CVar [[r.Streaming.MipBias:0]]
[2019.12.05-21.15.34:688][  0]LogConfig: Setting CVar [[r.Streaming.AmortizeCPUToGPUCopy:0]]
[2019.12.05-21.15.34:688][  0]LogConfig: Setting CVar [[r.Streaming.MaxNumTexturesToStreamPerFrame:0]]
[2019.12.05-21.15.34:688][  0]LogConfig: Setting CVar [[r.Streaming.Boost:1]]
[2019.12.05-21.15.34:688][  0]LogConfig: Setting CVar [[r.MaxAnisotropy:8]]
[2019.12.05-21.15.34:688][  0]LogConfig: Setting CVar [[r.Streaming.LimitPoolSizeToVRAM:0]]
[2019.12.05-21.15.34:688][  0]LogConfig: Setting CVar [[r.Streaming.PoolSize:1000]]
[2019.12.05-21.15.34:688][  0]LogConfig: Setting CVar [[r.Streaming.MaxEffectiveScreenSize:0]]
[2019.12.05-21.15.34:688][  0]LogConfig: Applying CVar settings from Section [EffectsQuality@3] File [C:/Users/tbiss/Documents/GitHub/Stolemates/Stolenmates/Saved/Config/Windows/Scalability.ini]
[2019.12.05-21.15.34:688][  0]LogConfig: Setting CVar [[r.TranslucencyLightingVolumeDim:64]]
[2019.12.05-21.15.34:688][  0]LogConfig: Setting CVar [[r.RefractionQuality:2]]
[2019.12.05-21.15.34:688][  0]LogConfig: Setting CVar [[r.SSR.Quality:3]]
[2019.12.05-21.15.34:688][  0]LogConfig: Setting CVar [[r.SceneColorFormat:4]]
[2019.12.05-21.15.34:688][  0]LogConfig: Setting CVar [[r.DetailMode:2]]
[2019.12.05-21.15.34:688][  0]LogConfig: Setting CVar [[r.TranslucencyVolumeBlur:1]]
[2019.12.05-21.15.34:688][  0]LogConfig: Setting CVar [[r.MaterialQualityLevel:1 ; High quality]]
[2019.12.05-21.15.34:688][  0]LogConfig: Setting CVar [[r.SSS.Scale:1]]
[2019.12.05-21.15.34:688][  0]LogConfig: Setting CVar [[r.SSS.SampleSet:2]]
[2019.12.05-21.15.34:688][  0]LogConfig: Setting CVar [[r.SSS.Quality:1]]
[2019.12.05-21.15.34:688][  0]LogConfig: Setting CVar [[r.SSS.HalfRes:1]]
[2019.12.05-21.15.34:688][  0]LogConfig: Setting CVar [[r.EmitterSpawnRateScale:1.0]]
[2019.12.05-21.15.34:688][  0]LogConfig: Setting CVar [[r.ParticleLightQuality:2]]
[2019.12.05-21.15.34:688][  0]LogConfig: Applying CVar settings from Section [FoliageQuality@3] File [C:/Users/tbiss/Documents/GitHub/Stolemates/Stolenmates/Saved/Config/Windows/Scalability.ini]
[2019.12.05-21.15.34:688][  0]LogConfig: Setting CVar [[foliage.DensityScale:1.0]]
[2019.12.05-21.15.34:689][  0]LogConfig: Setting CVar [[grass.DensityScale:1.0]]
[2019.12.05-21.15.34:689][  0]LogConfig: Applying CVar settings from Section [Startup] File [../../../Engine/Config/ConsoleVariables.ini]
[2019.12.05-21.15.34:689][  0]LogConfig: Setting CVar [[net.UseAdaptiveNetUpdateFrequency:0]]
[2019.12.05-21.15.34:689][  0]LogConfig: Setting CVar [[p.chaos.AllowCreatePhysxBodies:1]]
[2019.12.05-21.15.34:689][  0]LogConfig: Applying CVar settings from Section [ConsoleVariables] File [C:/Users/tbiss/Documents/GitHub/Stolemates/Stolenmates/Saved/Config/Windows/Engine.ini]
[2019.12.05-21.15.34:689][  0]LogInit: Computer: TED-DESKTOP
[2019.12.05-21.15.34:689][  0]LogInit: User: tbiss
[2019.12.05-21.15.34:689][  0]LogInit: CPU Page size=4096, Cores=4
[2019.12.05-21.15.34:689][  0]LogInit: High frequency timer resolution =10.000000 MHz
[2019.12.05-21.15.34:689][  0]LogMemory: Memory total: Physical=15.9GB (16GB approx)
[2019.12.05-21.15.34:689][  0]LogMemory: Platform Memory Stats for Windows
[2019.12.05-21.15.34:689][  0]LogMemory: Process Physical Memory: 102.20 MB used, 102.20 MB peak
[2019.12.05-21.15.34:689][  0]LogMemory: Process Virtual Memory: 99.33 MB used, 99.33 MB peak
[2019.12.05-21.15.34:690][  0]LogMemory: Physical Memory: 8048.71 MB used,  8272.55 MB free, 16321.26 MB total
[2019.12.05-21.15.34:690][  0]LogMemory: Virtual Memory: 4681.35 MB used,  134213048.00 MB free, 134217728.00 MB total
[2019.12.05-21.15.35:161][  0]LogWindows: WindowsPlatformFeatures enabled
[2019.12.05-21.15.35:307][  0]LogInit: Using OS detected language (en-US).
[2019.12.05-21.15.35:307][  0]LogInit: Using OS detected locale (en-CA).
[2019.12.05-21.15.35:308][  0]LogTextLocalizationManager: No specific localization for 'en-US' exists, so the 'en' localization will be used.
[2019.12.05-21.15.35:464][  0]LogInit: Setting process to per monitor DPI aware
[2019.12.05-21.15.35:537][  0]LogSlate: New Slate User Created.  User Index 0, Is Virtual User: 0
[2019.12.05-21.15.35:537][  0]LogSlate: Slate User Registered.  User Index 0, Is Virtual User: 0
[2019.12.05-21.15.35:701][  0]LogHMD: Failed to initialize OpenVR with code 110
[2019.12.05-21.15.35:701][  0]LogD3D11RHI: D3D11 adapters:
[2019.12.05-21.15.35:788][  0]LogD3D11RHI:    0. 'NVIDIA GeForce GTX 1070' (Feature Level 11_0)
[2019.12.05-21.15.35:788][  0]LogD3D11RHI:       8088/0/8160 MB DedicatedVideo/DedicatedSystem/SharedSystem, Outputs:1, VendorId:0x10de
[2019.12.05-21.15.35:794][  0]LogD3D11RHI:    1. 'Microsoft Basic Render Driver' (Feature Level 11_0)
[2019.12.05-21.15.35:794][  0]LogD3D11RHI:       0/0/8160 MB DedicatedVideo/DedicatedSystem/SharedSystem, Outputs:0, VendorId:0x1414
[2019.12.05-21.15.35:794][  0]LogD3D11RHI: Chosen D3D11 Adapter: 0
[2019.12.05-21.15.35:803][  0]LogD3D11RHI: Creating new Direct3DDevice
[2019.12.05-21.15.35:803][  0]LogD3D11RHI:     GPU DeviceId: 0x1b81 (for the marketing name, search the web for "GPU Device Id")
[2019.12.05-21.15.35:803][  0]LogWindows: EnumDisplayDevices:
[2019.12.05-21.15.35:804][  0]LogWindows:    0. 'NVIDIA GeForce GTX 1070' (P:1 D:1)
[2019.12.05-21.15.35:804][  0]LogWindows:    1. 'NVIDIA GeForce GTX 1070' (P:0 D:0)
[2019.12.05-21.15.35:805][  0]LogWindows:    2. 'NVIDIA GeForce GTX 1070' (P:0 D:0)
[2019.12.05-21.15.35:805][  0]LogWindows:    3. 'NVIDIA GeForce GTX 1070' (P:0 D:0)
[2019.12.05-21.15.35:805][  0]LogWindows: DebugString: FoundDriverCount:4 
[2019.12.05-21.15.35:805][  0]LogD3D11RHI:     Adapter Name: NVIDIA GeForce GTX 1070
[2019.12.05-21.15.35:805][  0]LogD3D11RHI:   Driver Version: 419.72 (internal:25.21.14.1972, unified:419.72)
[2019.12.05-21.15.35:805][  0]LogD3D11RHI:      Driver Date: 3-18-2019
[2019.12.05-21.15.35:806][  0]LogRHI: Texture pool is 5661 MB (70% of 8088 MB)
[2019.12.05-21.15.35:847][  0]LogD3D11RHI: Async texture creation enabled
[2019.12.05-21.15.35:863][  0]LogD3D11RHI: GPU Timing Frequency: 1000.000000 (Debug: 2 1)
[2019.12.05-21.15.36:159][  0]LogTemp: Display: Module 'AllDesktopTargetPlatform' loaded TargetPlatform 'AllDesktop'
[2019.12.05-21.15.36:170][  0]LogTemp: Display: Module 'MacClientTargetPlatform' loaded TargetPlatform 'MacClient'
[2019.12.05-21.15.36:182][  0]LogTemp: Display: Module 'MacNoEditorTargetPlatform' loaded TargetPlatform 'MacNoEditor'
[2019.12.05-21.15.36:192][  0]LogTemp: Display: Module 'MacServerTargetPlatform' loaded TargetPlatform 'MacServer'
[2019.12.05-21.15.36:204][  0]LogTemp: Display: Module 'MacTargetPlatform' loaded TargetPlatform 'Mac'
[2019.12.05-21.15.36:215][  0]LogTemp: Display: Module 'WindowsClientTargetPlatform' loaded TargetPlatform 'WindowsClient'
[2019.12.05-21.15.36:225][  0]LogTemp: Display: Module 'WindowsNoEditorTargetPlatform' loaded TargetPlatform 'WindowsNoEditor'
[2019.12.05-21.15.36:236][  0]LogTemp: Display: Module 'WindowsServerTargetPlatform' loaded TargetPlatform 'WindowsServer'
[2019.12.05-21.15.36:242][  0]LogTemp: Display: Module 'WindowsTargetPlatform' loaded TargetPlatform 'Windows'
[2019.12.05-21.15.36:274][  0]LogTemp: Display: Module 'AndroidTargetPlatform' loaded TargetPlatform 'Android'
[2019.12.05-21.15.36:274][  0]LogTemp: Display: Module 'AndroidTargetPlatform' loaded TargetPlatform 'Android_ASTC'
[2019.12.05-21.15.36:274][  0]LogTemp: Display: Module 'AndroidTargetPlatform' loaded TargetPlatform 'Android_ATC'
[2019.12.05-21.15.36:274][  0]LogTemp: Display: Module 'AndroidTargetPlatform' loaded TargetPlatform 'Android_DXT'
[2019.12.05-21.15.36:274][  0]LogTemp: Display: Module 'AndroidTargetPlatform' loaded TargetPlatform 'Android_ETC1'
[2019.12.05-21.15.36:274][  0]LogTemp: Display: Module 'AndroidTargetPlatform' loaded TargetPlatform 'Android_ETC1a'
[2019.12.05-21.15.36:274][  0]LogTemp: Display: Module 'AndroidTargetPlatform' loaded TargetPlatform 'Android_ETC2'
[2019.12.05-21.15.36:274][  0]LogTemp: Display: Module 'AndroidTargetPlatform' loaded TargetPlatform 'Android_PVRTC'
[2019.12.05-21.15.36:274][  0]LogTemp: Display: Module 'AndroidTargetPlatform' loaded TargetPlatform 'AndroidClient'
[2019.12.05-21.15.36:274][  0]LogTemp: Display: Module 'AndroidTargetPlatform' loaded TargetPlatform 'Android_ASTCClient'
[2019.12.05-21.15.36:274][  0]LogTemp: Display: Module 'AndroidTargetPlatform' loaded TargetPlatform 'Android_ATCClient'
[2019.12.05-21.15.36:274][  0]LogTemp: Display: Module 'AndroidTargetPlatform' loaded TargetPlatform 'Android_DXTClient'
[2019.12.05-21.15.36:275][  0]LogTemp: Display: Module 'AndroidTargetPlatform' loaded TargetPlatform 'Android_ETC1Client'
[2019.12.05-21.15.36:275][  0]LogTemp: Display: Module 'AndroidTargetPlatform' loaded TargetPlatform 'Android_ETC1aClient'
[2019.12.05-21.15.36:275][  0]LogTemp: Display: Module 'AndroidTargetPlatform' loaded TargetPlatform 'Android_ETC2Client'
[2019.12.05-21.15.36:275][  0]LogTemp: Display: Module 'AndroidTargetPlatform' loaded TargetPlatform 'Android_PVRTCClient'
[2019.12.05-21.15.36:275][  0]LogTemp: Display: Module 'AndroidTargetPlatform' loaded TargetPlatform 'Android_Multi'
[2019.12.05-21.15.36:275][  0]LogTemp: Display: Module 'AndroidTargetPlatform' loaded TargetPlatform 'Android_MultiClient'
[2019.12.05-21.15.36:279][  0]LogTemp: Display: Module 'HTML5TargetPlatform' loaded TargetPlatform 'HTML5'
[2019.12.05-21.15.36:307][  0]LogTemp: Display: Module 'IOSTargetPlatform' loaded TargetPlatform 'IOSClient'
[2019.12.05-21.15.36:307][  0]LogTemp: Display: Module 'IOSTargetPlatform' loaded TargetPlatform 'IOS'
[2019.12.05-21.15.36:324][  0]LogTemp: Display: Module 'TVOSTargetPlatform' loaded TargetPlatform 'TVOSClient'
[2019.12.05-21.15.36:324][  0]LogTemp: Display: Module 'TVOSTargetPlatform' loaded TargetPlatform 'TVOS'
[2019.12.05-21.15.36:334][  0]LogTemp: Display: Module 'LinuxClientTargetPlatform' loaded TargetPlatform 'LinuxClient'
[2019.12.05-21.15.36:343][  0]LogTemp: Display: Module 'LinuxNoEditorTargetPlatform' loaded TargetPlatform 'LinuxNoEditor'
[2019.12.05-21.15.36:352][  0]LogTemp: Display: Module 'LinuxServerTargetPlatform' loaded TargetPlatform 'LinuxServer'
[2019.12.05-21.15.36:361][  0]LogTemp: Display: Module 'LinuxTargetPlatform' loaded TargetPlatform 'Linux'
[2019.12.05-21.15.36:387][  0]LogTemp: Display: Module 'LuminTargetPlatform' loaded TargetPlatform 'Lumin'
[2019.12.05-21.15.36:388][  0]LogTemp: Display: Module 'LuminTargetPlatform' loaded TargetPlatform 'LuminClient'
[2019.12.05-21.15.36:388][  0]LogTargetPlatformManager: Display: Building Assets For Windows
[2019.12.05-21.15.36:406][  0]LogAudioDebug: Display: Lib vorbis DLL was dynamically loaded.
[2019.12.05-21.15.36:517][  0]LogShaderCompilers: Guid format shader working directory is -24 characters bigger than the processId version (../../../../../../Users/tbiss/Documents/GitHub/Stolemates/Stolenmates/Intermediate/Shaders/WorkingDirectory/21676/).
[2019.12.05-21.15.36:517][  0]LogShaderCompilers: Cleaned the shader compiler working directory 'C:/Users/tbiss/AppData/Local/Temp/UnrealShaderWorkingDir/5A2287734EDCC4005408478E39250F31/'.
[2019.12.05-21.15.36:520][  0]LogXGEController: Cleaning working directory: C:/Users/tbiss/AppData/Local/Temp/UnrealXGEWorkingDir/
[2019.12.05-21.15.36:521][  0]LogXGEController: Cannot use XGE Controller as Incredibuild is not installed on this machine.
[2019.12.05-21.15.36:521][  0]LogShaderCompilers: Cannot use XGE Shader Compiler as Incredibuild is not installed on this machine.
[2019.12.05-21.15.36:521][  0]LogShaderCompilers: Display: Using Local Shader Compiler.
[2019.12.05-21.15.37:090][  0]LogDerivedDataCache: Display: Max Cache Size: 512 MB
[2019.12.05-21.15.37:142][  0]LogDerivedDataCache: Loaded boot cache 0.05s 73MB C:/Users/tbiss/AppData/Local/UnrealEngine/4.23/DerivedDataCache/Boot.ddc.
[2019.12.05-21.15.37:142][  0]LogDerivedDataCache: Display: Loaded Boot cache: C:/Users/tbiss/AppData/Local/UnrealEngine/4.23/DerivedDataCache/Boot.ddc
[2019.12.05-21.15.37:142][  0]LogDerivedDataCache: FDerivedDataBackendGraph:  Pak pak cache file ../../../../../../Users/tbiss/Documents/GitHub/Stolemates/Stolenmates/DerivedDataCache/DDC.ddp not found, will not use a pak cache.
[2019.12.05-21.15.37:143][  0]LogDerivedDataCache: Unable to find inner node Pak for hierarchical cache Hierarchy.
[2019.12.05-21.15.37:143][  0]LogDerivedDataCache: FDerivedDataBackendGraph:  CompressedPak pak cache file ../../../../../../Users/tbiss/Documents/GitHub/Stolemates/Stolenmates/DerivedDataCache/Compressed.ddp not found, will not use a pak cache.
[2019.12.05-21.15.37:143][  0]LogDerivedDataCache: Unable to find inner node CompressedPak for hierarchical cache Hierarchy.
[2019.12.05-21.15.37:152][  0]LogDerivedDataCache: Display: Pak cache opened for reading ../../../Engine/DerivedDataCache/Compressed.ddp.
[2019.12.05-21.15.37:153][  0]LogDerivedDataCache: FDerivedDataBackendGraph:  EnterprisePak pak cache file ../../../Enterprise/DerivedDataCache/Compressed.ddp not found, will not use a pak cache.
[2019.12.05-21.15.37:153][  0]LogDerivedDataCache: Unable to find inner node EnterprisePak for hierarchical cache Hierarchy.
[2019.12.05-21.15.37:155][  0]LogDerivedDataCache: Using Local data cache path C:/Users/tbiss/AppData/Local/UnrealEngine/Common/DerivedDataCache: Writable
[2019.12.05-21.15.37:156][  0]LogDerivedDataCache: Shared data cache path not found in *engine.ini, will not use an Shared cache.
[2019.12.05-21.15.37:156][  0]LogDerivedDataCache: Unable to find inner node Shared for hierarchical cache Hierarchy.
[2019.12.05-21.15.37:174][  0]LogMaterial: Verifying Global Shaders for PCD3D_SM5
[2019.12.05-21.15.37:176][  0]LogSlate: Using FreeType 2.6.0
[2019.12.05-21.15.37:177][  0]LogSlate: SlateFontServices - WITH_FREETYPE: 1, WITH_HARFBUZZ: 1
[2019.12.05-21.15.37:236][  0]LogAssetRegistry: FAssetRegistry took 0.0052 seconds to start up
[2019.12.05-21.15.37:472][  0]LogInit: Selected Device Profile: [Windows]
[2019.12.05-21.15.37:633][  0]LogMeshReduction: Using QuadricMeshReduction for automatic static mesh reduction
[2019.12.05-21.15.37:634][  0]LogMeshReduction: Using SimplygonMeshReduction for automatic skeletal mesh reduction
[2019.12.05-21.15.37:634][  0]LogMeshReduction: Using ProxyLODMeshReduction for automatic mesh merging
[2019.12.05-21.15.37:634][  0]LogMeshReduction: No distributed automatic mesh merging module available
[2019.12.05-21.15.37:634][  0]LogMeshMerging: No distributed automatic mesh merging module available
[2019.12.05-21.15.37:643][  0]LogNetVersion: Stolenmates 1.0.0, NetCL: 8386587, EngineNetVer: 11, GameNetVer: 0 (Checksum: 1334032006)
[2019.12.05-21.15.38:020][  0]LogPackageLocalizationCache: Processed 12 localized package path(s) for 1 prioritized culture(s) in 0.054169 seconds
[2019.12.05-21.15.38:028][  0]LogUObjectArray: 43444 objects as part of root set at end of initial load.
[2019.12.05-21.15.38:028][  0]LogUObjectAllocator: 7548648 out of 0 bytes used by permanent object pool.
[2019.12.05-21.15.38:028][  0]LogUObjectArray: CloseDisregardForGC: 0/0 objects in disregard for GC pool
[2019.12.05-21.15.39:007][  0]LogTcpMessaging: Initializing TcpMessaging bridge
[2019.12.05-21.15.39:015][  0]LogUdpMessaging: Initializing bridge on interface 0.0.0.0:0 to multicast group 230.0.0.1:6666.
[2019.12.05-21.15.39:124][  0]SourceControl: Source control is disabled
[2019.12.05-21.15.39:124][  0]SourceControl: Source control is disabled
[2019.12.05-21.15.39:127][  0]SourceControl: Source control is disabled
[2019.12.05-21.15.39:130][  0]SourceControl: Source control is disabled
[2019.12.05-21.15.39:310][  0]LogAndroidPermission: UAndroidPermissionCallbackProxy::GetInstance
[2019.12.05-21.15.39:492][  0]LogOcInput: OculusInput pre-init called
[2019.12.05-21.15.39:505][  0]LogWindows: Failed to load 'OVRPlugin.dll' (GetLastError=126)
[2019.12.05-21.15.39:505][  0]LogWindows: File 'OVRPlugin.dll' does not exist
[2019.12.05-21.15.39:584][  0]LogEngine: Initializing Engine...
[2019.12.05-21.15.39:585][  0]LogHMD: Failed to initialize OpenVR with code 110
[2019.12.05-21.15.39:586][  0]LogStats: UGameplayTagsManager::InitializeManager -  0.000 s
[2019.12.05-21.15.39:789][  0]LogInit: Initializing FReadOnlyCVARCache
[2019.12.05-21.15.39:808][  0]LogAIModule: Creating AISystem for world Untitled
[2019.12.05-21.15.39:884][  0]LogInit: XAudio2 using 'Speakers (Bose Revolve SoundLink)' : 2 channels at 48 kHz using 16 bits per sample (channel mask 0x3)
[2019.12.05-21.15.39:913][  0]LogInit: FAudioDevice initialized.
[2019.12.05-21.15.39:913][  0]LogNetVersion: Set ProjectVersion to 1.0.0.0. Version Checksum will be recalculated on next use.
[2019.12.05-21.15.40:025][  0]LogDerivedDataCache: Saved boot cache 0.11s 73MB C:/Users/tbiss/AppData/Local/UnrealEngine/4.23/DerivedDataCache/Boot.ddc.
[2019.12.05-21.15.40:042][  0]LogInit: Texture streaming: Enabled
[2019.12.05-21.15.40:083][  0]LogEngineSessionManager: EngineSessionManager initialized
[2019.12.05-21.15.40:083][  0]LogEngineSessionManager: EngineSessionManager sent abnormal shutdown report. Type=Debugger, SessionId={7A9E3453-4FAE-5517-34AD-19834D576B35}
[2019.12.05-21.15.40:084][  0]LogEditorSessionSummary: Verbose: Initializing EditorSessionSummaryWriter for editor session tracking
[2019.12.05-21.15.40:085][  0]LogEditorSessionSummary: EditorSessionSummaryWriter initialized
[2019.12.05-21.15.40:143][  0]LogInit: Transaction tracking system initialized
[2019.12.05-21.15.40:194][  0]BlueprintLog: New page: Editor Load
[2019.12.05-21.15.40:325][  0]LocalizationService: Localization service is disabled
[2019.12.05-21.15.40:615][  0]LogFileCache: Scanning file cache for directory 'C:/Users/tbiss/Documents/GitHub/Stolemates/Stolenmates/Content/' took 0.00s
[2019.12.05-21.15.40:615][  0]LogCook: Display: Max memory allowance for cook 16384mb min free memory 0mb
[2019.12.05-21.15.40:615][  0]LogCook: Display: Mobile HDR setting 1
[2019.12.05-21.15.40:876][  0]SourceControl: Source control is disabled
[2019.12.05-21.15.40:876][  0]Cmd: MAP LOAD FILE="../../../../../../Users/tbiss/Documents/GitHub/Stolemates/Stolenmates/Content/Levels/City.umap" TEMPLATE=0 SHOWPROGRESS=1 FEATURELEVEL=3
[2019.12.05-21.15.40:876][  0]LightingResults: New page: Lighting Build
[2019.12.05-21.15.40:879][  0]LogWorld: UWorld::CleanupWorld for Untitled, bSessionEnded=true, bCleanupResources=true
[2019.12.05-21.15.40:880][  0]MapCheck: New page: Map Check
[2019.12.05-21.15.40:880][  0]LightingResults: New page: Lighting Build
[2019.12.05-21.15.40:902][  0]LogUObjectHash: Compacting FUObjectHashTables data took   1.40ms
[2019.12.05-21.15.41:228][  0]LogAIModule: Creating AISystem for world City
[2019.12.05-21.15.41:243][  0]LogEditorServer: Finished looking for orphan Actors (0.000 secs)
[2019.12.05-21.15.41:275][  0]LogUObjectHash: Compacting FUObjectHashTables data took   1.87ms
[2019.12.05-21.15.41:275][  0]Cmd: MAP CHECKDEP NOCLEARLOG
[2019.12.05-21.15.41:275][  0]MapCheck: Map check complete: 0 Error(s), 0 Warning(s), took 0.266ms to complete.
[2019.12.05-21.15.41:275][  0]LogFileHelpers: Loading map 'City' took 0.399
[2019.12.05-21.15.41:378][  0]LogSlate: Updating window title bar state: overlay mode, drag disabled, window buttons hidden, title bar hidden
[2019.12.05-21.15.41:385][  0]LogSlate: Updating window title bar state: overlay mode, drag disabled, window buttons hidden, title bar hidden
[2019.12.05-21.15.41:391][  0]LogSlate: Updating window title bar state: overlay mode, drag disabled, window buttons hidden, title bar hidden
[2019.12.05-21.15.41:398][  0]LogSlate: Updating window title bar state: overlay mode, drag disabled, window buttons hidden, title bar hidden
[2019.12.05-21.15.41:406][  0]LogCollectionManager: Loaded 0 collections in 0.001997 seconds
[2019.12.05-21.15.41:420][  0]LogFileCache: Scanning file cache for directory 'C:/Users/tbiss/Documents/GitHub/Stolemates/Stolenmates/Saved/Collections/' took 0.00s
[2019.12.05-21.15.41:420][  0]LogFileCache: Scanning file cache for directory 'C:/Users/tbiss/Documents/GitHub/Stolemates/Stolenmates/Content/Developers/tbiss/Collections/' took 0.00s
[2019.12.05-21.15.41:420][  0]LogFileCache: Scanning file cache for directory 'C:/Users/tbiss/Documents/GitHub/Stolemates/Stolenmates/Content/Collections/' took 0.00s
[2019.12.05-21.15.41:420][  0]LogCollectionManager: Rebuilt the GUID cache for 0 collections in 0.000002 seconds
[2019.12.05-21.15.41:428][  0]LogContentBrowser: Native class hierarchy populated in 0.0077 seconds. Added 2874 classes and 684 folders.
[2019.12.05-21.15.41:438][  0]LogContentBrowser: Native class hierarchy updated for 'WidgetCarousel' in 0.0003 seconds. Added 0 classes and 0 folders.
[2019.12.05-21.15.41:483][  0]LogContentBrowser: Native class hierarchy updated for 'AddContentDialog' in 0.0003 seconds. Added 0 classes and 0 folders.
[2019.12.05-21.15.41:490][  0]LogContentBrowser: Native class hierarchy updated for 'SceneOutliner' in 0.0004 seconds. Added 1 classes and 2 folders.
[2019.12.05-21.15.41:502][  0]LogSlate: Took 0.000219 seconds to synchronously load lazily loaded font '../../../Engine/Content/Slate/Fonts/Roboto-Regular.ttf' (155K)
[2019.12.05-21.15.41:504][  0]LogSlate: Took 0.000241 seconds to synchronously load lazily loaded font '../../../Engine/Content/Slate/Fonts/Roboto-Bold.ttf' (160K)
[2019.12.05-21.15.41:510][  0]LogSlate: Took 0.000217 seconds to synchronously load lazily loaded font '../../../Engine/Content/Editor/Slate/Fonts/FontAwesome.ttf' (139K)
[2019.12.05-21.15.41:577][  0]LogRenderer: Reallocating scene render targets to support 1208x572 Format 10 NumSamples 1 (Frame:1).
[2019.12.05-21.15.41:756][  0]LogContentBrowser: Native class hierarchy updated for 'HierarchicalLODOutliner' in 0.0003 seconds. Added 0 classes and 0 folders.
[2019.12.05-21.15.41:756][  0]LogLoad: (Engine Initialization) Total time: 8.76 seconds
[2019.12.05-21.15.41:756][  0]LogLoad: (Engine Initialization) Total Blueprint compile time: 0.00 seconds
[2019.12.05-21.15.41:827][  0]LogAssetRegistry: Asset discovery search completed in 4.5938 seconds
[2019.12.05-21.15.41:830][  0]LogCollectionManager: Rebuilt the object cache for 0 collections in 0.000004 seconds (found 0 objects)
[2019.12.05-21.15.41:830][  0]LogCollectionManager: Fixed up redirectors for 0 collections in 0.000141 seconds (updated 0 objects)
[2019.12.05-21.15.41:831][  0]LogContentStreaming: Texture pool size now 1000 MB
[2019.12.05-21.15.41:848][  0]LogSlate: Took 0.000189 seconds to synchronously load lazily loaded font '../../../Engine/Content/Slate/Fonts/Roboto-Light.ttf' (167K)
[2019.12.05-21.15.43:226][156]LogSlate: FSceneViewport::OnFocusLost() reason 0
[2019.12.05-21.15.43:293][164]LogTemp: Repeating last play command: Selected Viewport
[2019.12.05-21.15.43:308][164]LogBlueprintUserMessages: Early PlayInEditor Detection: Level '/Game/Levels/City.City:PersistentLevel' has LevelScriptBlueprint '/Game/Levels/City.City:PersistentLevel.City' with GeneratedClass '/Game/Levels/City.City_C' with ClassGeneratedBy '/Game/Levels/City.City:PersistentLevel.City'
[2019.12.05-21.15.43:308][164]LogPlayLevel: PlayLevel: No blueprints needed recompiling
[2019.12.05-21.15.43:309][164]PIE: New page: PIE session: City (Dec 5, 2019, 11:15:43 AM)
[2019.12.05-21.15.43:310][164]LogOnline: OSS: Creating online subsystem instance for: NULL
[2019.12.05-21.15.43:313][164]LogPlayLevel: Creating play world package: /Game/Levels/UEDPIE_0_City
[2019.12.05-21.15.43:317][164]LogPlayLevel: PIE: StaticDuplicateObject took: (0.004381s)
[2019.12.05-21.15.43:318][164]LogAIModule: Creating AISystem for world City
[2019.12.05-21.15.43:319][164]LogPlayLevel: PIE: World Init took: (0.001344s)
[2019.12.05-21.15.43:319][164]LogPlayLevel: PIE: Created PIE world by copying editor world from /Game/Levels/City.City to /Game/Levels/UEDPIE_0_City.City (0.006251s)
[2019.12.05-21.15.43:342][164]LogUObjectHash: Compacting FUObjectHashTables data took   1.24ms
[2019.12.05-21.15.43:357][164]LogInit: XAudio2 using 'Speakers (Bose Revolve SoundLink)' : 2 channels at 48 kHz using 16 bits per sample (channel mask 0x3)
[2019.12.05-21.15.43:370][164]LogInit: FAudioDevice initialized.
[2019.12.05-21.15.43:384][164]LogLoad: Game class is 'BP_GameMode_C'
[2019.12.05-21.15.43:387][164]LogWorld: Bringing World /Game/Levels/UEDPIE_0_City.City up for play (max tick rate 0) at 2019.12.05-16.15.43
[2019.12.05-21.15.43:388][164]LogWorld: Bringing up level for play took: 0.002002
[2019.12.05-21.15.43:388][164]LogOnline: OSS: Creating online subsystem instance for: :Context_1
[2019.12.05-21.15.43:396][164]LogContentBrowser: Native class hierarchy updated for 'MovieSceneCapture' in 0.0004 seconds. Added 20 classes and 0 folders.
[2019.12.05-21.15.43:397][164]LogActor: Warning: BP_Camera_C /Game/Levels/UEDPIE_0_City.City:PersistentLevel.BP_Camera_C_0 has natively added scene component(s), but none of them were set as the actor's RootComponent - picking one arbitrarily
[2019.12.05-21.15.43:398][164]LogPlayerManagement: Error: Failed to Create Player: A local player already exists for controller ID 0,
[2019.12.05-21.15.43:399][164]LogSlate: New Slate User Created.  User Index 1, Is Virtual User: 0
[2019.12.05-21.15.43:399][164]LogSlate: Slate User Registered.  User Index 1, Is Virtual User: 0
[2019.12.05-21.15.43:401][164]LogSlate: New Slate User Created.  User Index 2, Is Virtual User: 0
[2019.12.05-21.15.43:402][164]LogSlate: Slate User Registered.  User Index 2, Is Virtual User: 0
[2019.12.05-21.15.43:403][164]LogSlate: New Slate User Created.  User Index 3, Is Virtual User: 0
[2019.12.05-21.15.43:403][164]LogSlate: Slate User Registered.  User Index 3, Is Virtual User: 0
[2019.12.05-21.15.43:406][164]PIE: Play in editor start time for /Game/Levels/UEDPIE_0_City 0.856
[2019.12.05-21.15.43:406][164]LogBlueprintUserMessages: Late PlayInEditor Detection: Level '/Game/Levels/City.City:PersistentLevel' has LevelScriptBlueprint '/Game/Levels/City.City:PersistentLevel.City' with GeneratedClass '/Game/Levels/City.City_C' with ClassGeneratedBy '/Game/Levels/City.City:PersistentLevel.City'
[2019.12.05-21.15.46:196][495]LogBlueprintUserMessages: Early EndPlayMap Detection: Level '/Game/Levels/City.City:PersistentLevel' has LevelScriptBlueprint '/Game/Levels/City.City:PersistentLevel.City' with GeneratedClass '/Game/Levels/City.City_C' with ClassGeneratedBy '/Game/Levels/City.City:PersistentLevel.City'
[2019.12.05-21.15.46:197][495]LogSlate: Updating window title bar state: overlay mode, drag disabled, window buttons hidden, title bar hidden
[2019.12.05-21.15.46:197][495]LogWorld: BeginTearingDown for /Game/Levels/UEDPIE_0_City
[2019.12.05-21.15.46:197][495]LogWorld: UWorld::CleanupWorld for City, bSessionEnded=true, bCleanupResources=true
[2019.12.05-21.15.46:208][495]LogPlayLevel: Display: Shutting down PIE online subsystems
[2019.12.05-21.15.46:208][495]LogBlueprintUserMessages: Late EndPlayMap Detection: Level '/Game/Levels/City.City:PersistentLevel' has LevelScriptBlueprint '/Game/Levels/City.City:PersistentLevel.City' with GeneratedClass '/Game/Levels/City.City_C' with ClassGeneratedBy '/Game/Levels/City.City:PersistentLevel.City'
[2019.12.05-21.15.46:234][495]LogSlate: Updating window title bar state: overlay mode, drag disabled, window buttons hidden, title bar hidden
[2019.12.05-21.15.46:237][495]LogUObjectHash: Compacting FUObjectHashTables data took   1.50ms
[2019.12.05-21.15.46:300][500]LogPlayLevel: Display: Destroying online subsystem :Context_1
[2019.12.05-21.15.50:902][ 37]LogSlate: FSceneViewport::OnFocusLost() reason 0
[2019.12.05-21.15.51:047][ 54]LogSlate: Took 0.000187 seconds to synchronously load lazily loaded font '../../../Engine/Content/Slate/Fonts/Roboto-Light.ttf' (167K)
[2019.12.05-21.15.51:073][ 54]LogAIModule: Creating AISystem for world TestLevel
[2019.12.05-21.15.51:079][ 54]LogAssetEditorManager: Opening Asset editor for World /Game/Levels/TestLevel.TestLevel
[2019.12.05-21.15.51:103][ 54]LogUObjectHash: Compacting FUObjectHashTables data took   1.29ms
[2019.12.05-21.15.51:104][ 54]Cmd: MAP LOAD FILE="../../../../../../Users/tbiss/Documents/GitHub/Stolemates/Stolenmates/Content/Levels/TestLevel.umap" TEMPLATE=0 SHOWPROGRESS=1 FEATURELEVEL=3
[2019.12.05-21.15.51:104][ 54]LightingResults: New page: Lighting Build
[2019.12.05-21.15.51:105][ 54]LoadErrors: New page: Loading map: TestLevel.umap
[2019.12.05-21.15.51:105][ 54]LogWorld: UWorld::CleanupWorld for City, bSessionEnded=true, bCleanupResources=true
[2019.12.05-21.15.51:106][ 54]MapCheck: New page: Map Check
[2019.12.05-21.15.51:106][ 54]LightingResults: New page: Lighting Build
[2019.12.05-21.15.51:128][ 54]LogUObjectHash: Compacting FUObjectHashTables data took   1.84ms
[2019.12.05-21.15.51:135][ 54]LogEditorServer: Finished looking for orphan Actors (0.000 secs)
[2019.12.05-21.15.51:161][ 54]LogUObjectHash: Compacting FUObjectHashTables data took   1.64ms
[2019.12.05-21.15.51:190][ 54]Cmd: MAP CHECKDEP NOCLEARLOG
[2019.12.05-21.15.51:191][ 54]MapCheck: Map check complete: 0 Error(s), 0 Warning(s), took 0.172ms to complete.
[2019.12.05-21.15.51:191][ 54]LogFileHelpers: Loading map 'TestLevel' took 0.088
[2019.12.05-21.15.51:908][127]LogTemp: Repeating last play command: Selected Viewport
[2019.12.05-21.15.51:920][127]LogBlueprintUserMessages: Early PlayInEditor Detection: Level '/Game/Levels/TestLevel.TestLevel:PersistentLevel' has LevelScriptBlueprint '/Game/Levels/TestLevel.TestLevel:PersistentLevel.TestLevel' with GeneratedClass '/Game/Levels/TestLevel.TestLevel_C' with ClassGeneratedBy '/Game/Levels/TestLevel.TestLevel:PersistentLevel.TestLevel'
[2019.12.05-21.15.51:920][127]LogPlayLevel: PlayLevel: No blueprints needed recompiling
[2019.12.05-21.15.51:921][127]PIE: New page: PIE session: TestLevel (Dec 5, 2019, 11:15:51 AM)
[2019.12.05-21.15.51:921][127]LogPlayLevel: Creating play world package: /Game/Levels/UEDPIE_0_TestLevel
[2019.12.05-21.15.51:924][127]LogPlayLevel: PIE: StaticDuplicateObject took: (0.002900s)
[2019.12.05-21.15.51:925][127]LogAIModule: Creating AISystem for world TestLevel
[2019.12.05-21.15.51:926][127]LogPlayLevel: PIE: World Init took: (0.001742s)
[2019.12.05-21.15.51:926][127]LogPlayLevel: PIE: Created PIE world by copying editor world from /Game/Levels/TestLevel.TestLevel to /Game/Levels/UEDPIE_0_TestLevel.TestLevel (0.005311s)
[2019.12.05-21.15.51:946][127]LogUObjectHash: Compacting FUObjectHashTables data took   1.12ms
[2019.12.05-21.15.51:960][127]LogInit: XAudio2 using 'Speakers (Bose Revolve SoundLink)' : 2 channels at 48 kHz using 16 bits per sample (channel mask 0x3)
[2019.12.05-21.15.51:972][127]LogInit: FAudioDevice initialized.
[2019.12.05-21.15.51:984][127]LogLoad: Game class is 'BP_GameMode_C'
[2019.12.05-21.15.51:985][127]LogWorld: Bringing World /Game/Levels/UEDPIE_0_TestLevel.TestLevel up for play (max tick rate 0) at 2019.12.05-16.15.51
[2019.12.05-21.15.51:985][127]LogWorld: Bringing up level for play took: 0.000706
[2019.12.05-21.15.51:986][127]LogOnline: OSS: Creating online subsystem instance for: :Context_2
[2019.12.05-21.15.51:988][127]LogActor: Warning: BP_Camera_C /Game/Levels/UEDPIE_0_TestLevel.TestLevel:PersistentLevel.BP_Camera_C_0 has natively added scene component(s), but none of them were set as the actor's RootComponent - picking one arbitrarily
[2019.12.05-21.15.51:989][127]LogPlayerManagement: Error: Failed to Create Player: A local player already exists for controller ID 0,
[2019.12.05-21.15.51:995][127]PIE: Play in editor start time for /Game/Levels/UEDPIE_0_TestLevel -0.556
[2019.12.05-21.15.51:995][127]LogBlueprintUserMessages: Late PlayInEditor Detection: Level '/Game/Levels/TestLevel.TestLevel:PersistentLevel' has LevelScriptBlueprint '/Game/Levels/TestLevel.TestLevel:PersistentLevel.TestLevel' with GeneratedClass '/Game/Levels/TestLevel.TestLevel_C' with ClassGeneratedBy '/Game/Levels/TestLevel.TestLevel:PersistentLevel.TestLevel'
[2019.12.05-21.15.55:565][550]LogBlueprintUserMessages: Early EndPlayMap Detection: Level '/Game/Levels/TestLevel.TestLevel:PersistentLevel' has LevelScriptBlueprint '/Game/Levels/TestLevel.TestLevel:PersistentLevel.TestLevel' with GeneratedClass '/Game/Levels/TestLevel.TestLevel_C' with ClassGeneratedBy '/Game/Levels/TestLevel.TestLevel:PersistentLevel.TestLevel'
[2019.12.05-21.15.55:566][550]LogSlate: Updating window title bar state: overlay mode, drag disabled, window buttons hidden, title bar hidden
[2019.12.05-21.15.55:566][550]LogWorld: BeginTearingDown for /Game/Levels/UEDPIE_0_TestLevel
[2019.12.05-21.15.55:566][550]LogWorld: UWorld::CleanupWorld for TestLevel, bSessionEnded=true, bCleanupResources=true
[2019.12.05-21.15.55:579][550]LogPlayLevel: Display: Shutting down PIE online subsystems
[2019.12.05-21.15.55:579][550]LogBlueprintUserMessages: Late EndPlayMap Detection: Level '/Game/Levels/TestLevel.TestLevel:PersistentLevel' has LevelScriptBlueprint '/Game/Levels/TestLevel.TestLevel:PersistentLevel.TestLevel' with GeneratedClass '/Game/Levels/TestLevel.TestLevel_C' with ClassGeneratedBy '/Game/Levels/TestLevel.TestLevel:PersistentLevel.TestLevel'
[2019.12.05-21.15.55:604][550]LogSlate: Updating window title bar state: overlay mode, drag disabled, window buttons hidden, title bar hidden
[2019.12.05-21.15.55:607][550]LogUObjectHash: Compacting FUObjectHashTables data took   1.31ms
[2019.12.05-21.15.55:667][555]LogPlayLevel: Display: Destroying online subsystem :Context_2
[2019.12.05-21.15.58:036][839]LogSlate: FSceneViewport::OnFocusLost() reason 0
[2019.12.05-21.15.58:125][847]LogUObjectHash: Compacting FUObjectHashTables data took   0.68ms
[2019.12.05-21.15.58:199][847]LogSlate: Window 'Stolenmates - Unreal Editor' being destroyed
[2019.12.05-21.15.58:200][847]LogWindowsTextInputMethodSystem: Display: IME system now deactivated.
[2019.12.05-21.15.58:317][848]Cmd: QUIT_EDITOR
[2019.12.05-21.15.58:989][848]LogExit: Preparing to exit.
