Log file open, 04/09/20 15:41:51
LogWindows: Failed to load 'aqProf.dll' (GetLastError=126)
LogWindows: File 'aqProf.dll' does not exist
LogWindows: Failed to load 'VtuneApi.dll' (GetLastError=126)
LogWindows: File 'VtuneApi.dll' does not exist
LogWindows: Failed to load 'VtuneApi32e.dll' (GetLastError=126)
LogWindows: File 'VtuneApi32e.dll' does not exist
LogConsoleResponse: Display: Failed to find resolution value strings in scalability ini. Falling back to default.
LogInit: Display: Running engine for game: Stolenmates
LogPlatformFile: Not using cached read wrapper
LogTaskGraph: Started task graph with 5 named threads and 23 total threads with 3 sets of task threads.
LogStats: Stats thread started at 2.372818
LogD3D11RHI: Loaded GFSDK_Aftermath_Lib.x64.dll
LogICUInternationalization: ICU TimeZone Detection - Raw Offset: -5:00, Platform Override: ''
LogPluginManager: Mounting plugin Paper2D
LogPluginManager: Mounting plugin AISupport
LogPluginManager: Mounting plugin LightPropagationVolume
LogPluginManager: Mounting plugin ActorLayerUtilities
LogPluginManager: Mounting plugin AnimationSharing
LogPluginManager: Mounting plugin CLionSourceCodeAccess
LogPluginManager: Mounting plugin CodeLiteSourceCodeAccess
LogPluginManager: Mounting plugin GitSourceControl
LogPluginManager: Mounting plugin KDevelopSourceCodeAccess
LogPluginManager: Mounting plugin NullSourceCodeAccess
LogPluginManager: Mounting plugin PerforceSourceControl
LogPluginManager: Mounting plugin SubversionSourceControl
LogPluginManager: Mounting plugin UObjectPlugin
LogPluginManager: Mounting plugin VisualStudioCodeSourceCodeAccess
LogPluginManager: Mounting plugin VisualStudioSourceCodeAccess
LogPluginManager: Mounting plugin XCodeSourceCodeAccess
LogPluginManager: Mounting plugin AssetManagerEditor
LogPluginManager: Mounting plugin CryptoKeys
LogPluginManager: Mounting plugin CurveEditorTools
LogPluginManager: Mounting plugin DataValidation
LogPluginManager: Mounting plugin FacialAnimation
LogPluginManager: Mounting plugin GameplayTagsEditor
LogPluginManager: Mounting plugin MacGraphicsSwitching
LogPluginManager: Mounting plugin MaterialAnalyzer
LogPluginManager: Mounting plugin MobileLauncherProfileWizard
LogPluginManager: Mounting plugin PluginBrowser
LogPluginManager: Mounting plugin SpeedTreeImporter
LogPluginManager: Mounting plugin DatasmithContent
LogPluginManager: Mounting plugin VariantManagerContent
LogPluginManager: Mounting plugin AlembicImporter
LogPluginManager: Mounting plugin AutomationUtils
LogPluginManager: Mounting plugin BackChannel
LogPluginManager: Mounting plugin CharacterAI
LogPluginManager: Mounting plugin GeometryCache
LogPluginManager: Mounting plugin HTML5Networking
LogPluginManager: Mounting plugin PlatformCrypto
LogPluginManager: Mounting plugin ProxyLODPlugin
LogPluginManager: Mounting plugin SkeletalReduction
LogPluginManager: Mounting plugin MagicLeap
LogPluginManager: Mounting plugin MagicLeapMedia
LogPluginManager: Mounting plugin AndroidMedia
LogPluginManager: Mounting plugin AvfMedia
LogPluginManager: Mounting plugin ImgMedia
LogPluginManager: Mounting plugin MediaCompositing
LogPluginManager: Mounting plugin MediaPlayerEditor
LogPluginManager: Mounting plugin WebMMedia
LogPluginManager: Mounting plugin WmfMedia
LogPluginManager: Mounting plugin TcpMessaging
LogPluginManager: Mounting plugin UdpMessaging
LogPluginManager: Mounting plugin ActorSequence
LogPluginManager: Mounting plugin LevelSequenceEditor
LogPluginManager: Mounting plugin MatineeToLevelSequence
LogPluginManager: Mounting plugin NetcodeUnitTest
LogPluginManager: Mounting plugin NUTUnrealEngine4
LogPluginManager: Mounting plugin OnlineSubsystemGooglePlay
LogPluginManager: Mounting plugin OnlineSubsystemIOS
LogPluginManager: Mounting plugin OnlineSubsystem
LogPluginManager: Mounting plugin OnlineSubsystemNull
LogPluginManager: Mounting plugin OnlineSubsystemUtils
LogPluginManager: Mounting plugin LauncherChunkInstaller
LogPluginManager: Mounting plugin AndroidDeviceProfileSelector
LogPluginManager: Mounting plugin AndroidMoviePlayer
LogPluginManager: Mounting plugin AndroidPermission
LogPluginManager: Mounting plugin AppleImageUtils
LogPluginManager: Mounting plugin AppleMoviePlayer
LogPluginManager: Mounting plugin ArchVisCharacter
LogPluginManager: Mounting plugin AudioCapture
LogPluginManager: Mounting plugin CableComponent
LogPluginManager: Mounting plugin CustomMeshComponent
LogPluginManager: Mounting plugin EditableMesh
LogPluginManager: Mounting plugin ExampleDeviceProfileSelector
LogPluginManager: Mounting plugin GoogleCloudMessaging
LogPluginManager: Mounting plugin IOSDeviceProfileSelector
LogPluginManager: Mounting plugin LinuxDeviceProfileSelector
LogPluginManager: Mounting plugin LocationServicesBPLibrary
LogPluginManager: Mounting plugin MobilePatchingUtils
LogPluginManager: Mounting plugin OculusVR
LogPluginManager: Mounting plugin PhysXVehicles
LogPluginManager: Mounting plugin ProceduralMeshComponent
LogPluginManager: Mounting plugin RuntimePhysXCooking
LogPluginManager: Mounting plugin SignificanceManager
LogPluginManager: Mounting plugin SteamVR
LogPluginManager: Mounting plugin WebMMoviePlayer
LogPluginManager: Mounting plugin WindowsMoviePlayer
LogPluginManager: Mounting plugin ScreenshotTools
LogInit: Warning: Incompatible or missing module: Stolenmates
Running F:/Programs/Unreal/UE_4.23/Engine/Binaries/DotNET/UnrealBuildTool.exe Development Win64 -Project="F:/C drive/Documents/Github/Stolemates/Stolenmates/Stolenmates.uproject" -TargetType=Editor -Progress -NoHotReloadFromIDE
Using 'git status' to determine working set for adaptive non-unity build (F:\C drive\Documents\Github\Stolemates).
Creating makefile for StolenmatesEditor (game project files are newer)
@progress push 5%
Parsing headers for StolenmatesEditor
  Running UnrealHeaderTool "F:\C drive\Documents\Github\Stolemates\Stolenmates\Stolenmates.uproject" "F:\C drive\Documents\Github\Stolemates\Stolenmates\Intermediate\Build\Win64\StolenmatesEditor\Development\StolenmatesEditor.uhtmanifest" -LogCmds="loginit warning, logexit warning, logdatabase error" -Unattended -WarningsAsErrors -installed
Reflection code generated for StolenmatesEditor in 30.1501469 seconds
@progress pop
Using Visual Studio 2017 14.16.27023 toolchain (C:\Program Files (x86)\Microsoft Visual Studio\2017\Community\VC\Tools\MSVC\14.16.27023) and Windows 10.0.17763.0 SDK (C:\Program Files (x86)\Windows Kits\10).
Building 12 actions with 8 processes...
  @progress 'Compiling C++ source code...' 0%
  @progress 'Compiling C++ source code...' 8%
  [1/12] Stolenmates.init.gen.cpp
  @progress 'Compiling C++ source code...' 17%
  [2/12] AbilityBaseClass.cpp
  @progress 'Compiling C++ source code...' 25%
  [3/12] Camera.cpp
  @progress 'Compiling C++ source code...' 33%
  [4/12] Camera.gen.cpp
  @progress 'Compiling C++ source code...' 42%
  [5/12] StolenmatesGameModeBase.gen.cpp
  @progress 'Compiling C++ source code...' 50%
  [6/12] AbilityBaseClass.gen.cpp
  @progress 'Compiling C++ source code...' 58%
  [7/12] StolenmatesPlayer.gen.cpp
  @progress 'Compiling C++ source code...' 67%
  [8/12] StolenmatesGameModeBase.cpp
  @progress 'Compiling C++ source code...' 75%
  [9/12] StolenmatesPlayer.cpp
  @progress 'Compiling C++ source code...' 83%
  [10/12] UE4Editor-Stolenmates.lib
     Creating library F:\C drive\Documents\Github\Stolemates\Stolenmates\Intermediate\Build\Win64\UE4Editor\Development\Stolenmates\UE4Editor-Stolenmates.lib and object F:\C drive\Documents\Github\Stolemates\Stolenmates\Intermediate\Build\Win64\UE4Editor\Development\Stolenmates\UE4Editor-Stolenmates.exp
  @progress 'Compiling C++ source code...' 92%
  [11/12] UE4Editor-Stolenmates.dll
     Creating library F:\C drive\Documents\Github\Stolemates\Stolenmates\Intermediate\Build\Win64\UE4Editor\Development\Stolenmates\UE4Editor-Stolenmates.suppressed.lib and object F:\C drive\Documents\Github\Stolemates\Stolenmates\Intermediate\Build\Win64\UE4Editor\Development\Stolenmates\UE4Editor-Stolenmates.suppressed.exp
  @progress 'Compiling C++ source code...' 100%
  [12/12] StolenmatesEditor.target
Total time in Parallel executor: 445.05 seconds
Total execution time: 486.37 seconds
LogInit: Using libcurl 7.55.1-DEV
LogInit:  - built for x86_64-pc-win32
LogInit:  - supports SSL with OpenSSL/1.1.1
LogInit:  - supports HTTP deflate (compression) using libz 1.2.8
LogInit:  - other features:
LogInit:      CURL_VERSION_SSL
LogInit:      CURL_VERSION_LIBZ
LogInit:      CURL_VERSION_IPV6
LogInit:      CURL_VERSION_ASYNCHDNS
LogInit:      CURL_VERSION_LARGEFILE
LogInit:      CURL_VERSION_IDN
LogInit:  CurlRequestOptions (configurable via config and command line):
LogInit:  - bVerifyPeer = true  - Libcurl will verify peer certificate
LogInit:  - bUseHttpProxy = false  - Libcurl will NOT use HTTP proxy
LogInit:  - bDontReuseConnections = false  - Libcurl will reuse connections
LogInit:  - MaxHostConnections = 16  - Libcurl will limit the number of connections to a host
LogInit:  - LocalHostAddr = Default
LogInit:  - BufferSize = 65536
LogOnline: OSS: Creating online subsystem instance for: NULL
LogInit: WinSock: version 1.1 (2.2), MaxSocks=32767, MaxUdp=65467
LogInit: Build: ++UE4+Release-4.23-CL-9631420
LogInit: Engine Version: 4.23.1-9631420+++UE4+Release-4.23
LogInit: Compatible Engine Version: 4.23.0-8386587+++UE4+Release-4.23
LogInit: Net CL: 8386587
LogInit: OS: Windows 10 (Release 1903) (), CPU: Intel(R) Core(TM) i7-4770K CPU @ 3.50GHz, GPU: NVIDIA GeForce GTX 1070
LogInit: Compiled (64-bit): Oct 18 2019 02:07:44
LogInit: Compiled with Visual C++: 19.16.27030.01
LogInit: Build Configuration: Development
LogInit: Branch Name: ++UE4+Release-4.23
LogInit: Command Line: 
LogInit: Base Directory: F:/Programs/Unreal/UE_4.23/Engine/Binaries/Win64/
LogInit: Installed Engine Build: 1
LogDevObjectVersion: Number of dev versions registered: 23
LogDevObjectVersion:   Dev-Blueprints (B0D832E4-1F89-4F0D-ACCF-7EB736FD4AA2): 10
LogDevObjectVersion:   Dev-Build (E1C64328-A22C-4D53-A36C-8E866417BD8C): 0
LogDevObjectVersion:   Dev-Core (375EC13C-06E4-48FB-B500-84F0262A717E): 3
LogDevObjectVersion:   Dev-Editor (E4B068ED-F494-42E9-A231-DA0B2E46BB41): 34
LogDevObjectVersion:   Dev-Framework (CFFC743F-43B0-4480-9391-14DF171D2073): 35
LogDevObjectVersion:   Dev-Mobile (B02B49B5-BB20-44E9-A304-32B752E40360): 2
LogDevObjectVersion:   Dev-Networking (A4E4105C-59A1-49B5-A7C5-40C4547EDFEE): 0
LogDevObjectVersion:   Dev-Online (39C831C9-5AE6-47DC-9A44-9C173E1C8E7C): 0
LogDevObjectVersion:   Dev-Physics (78F01B33-EBEA-4F98-B9B4-84EACCB95AA2): 0
LogDevObjectVersion:   Dev-Platform (6631380F-2D4D-43E0-8009-CF276956A95A): 0
LogDevObjectVersion:   Dev-Rendering (12F88B9F-8875-4AFC-A67C-D90C383ABD29): 31
LogDevObjectVersion:   Dev-Sequencer (7B5AE74C-D270-4C10-A958-57980B212A5A): 11
LogDevObjectVersion:   Dev-VR (D7296918-1DD6-4BDD-9DE2-64A83CC13884): 2
LogDevObjectVersion:   Dev-LoadTimes (C2A15278-BFE7-4AFE-6C17-90FF531DF755): 1
LogDevObjectVersion:   Private-Geometry (6EACA3D4-40EC-4CC1-B786-8BED09428FC5): 3
LogDevObjectVersion:   Dev-AnimPhys (29E575DD-E0A3-4627-9D10-D276232CDCEA): 17
LogDevObjectVersion:   Dev-Anim (AF43A65D-7FD3-4947-9873-3E8ED9C1BB05): 2
LogDevObjectVersion:   Dev-ReflectionCapture (6B266CEC-1EC7-4B8F-A30B-E4D90942FC07): 1
LogDevObjectVersion:   Dev-Automation (0DF73D61-A23F-47EA-B727-89E90C41499A): 1
LogDevObjectVersion:   FortniteMain (601D1886-AC64-4F84-AA16-D3DE0DEAC7D6): 27
LogDevObjectVersion:   Dev-Enterprise (9DFFBCD6-494F-0158-E221-12823C92A888): 6
LogDevObjectVersion:   Dev-Niagara (F2AED0AC-9AFE-416F-8664-AA7FFA26D6FC): 1
LogDevObjectVersion:   Dev-Destruction (174F1F0B-B4C6-45A5-B13F-2EE8D0FB917D): 9
LogInit: Presizing for max 16777216 objects, including 0 objects not considered by GC, pre-allocating 0 bytes for permanent pool.
LogInit: Object subsystem initialized
LogConfig: Setting CVar [[con.DebugEarlyDefault:1]]
LogConfig: Setting CVar [[r.setres:1280x720]]
[2020.04.09-19.50.03:386][  0]LogConfig: Setting CVar [[r.VSync:0]]
[2020.04.09-19.50.03:386][  0]LogConfig: Setting CVar [[r.RHICmdBypass:0]]
[2020.04.09-19.50.03:386][  0]LogConfig: Applying CVar settings from Section [/Script/Engine.RendererSettings] File [F:/C drive/Documents/Github/Stolemates/Stolenmates/Saved/Config/Windows/Engine.ini]
[2020.04.09-19.50.03:387][  0]LogConfig: Setting CVar [[r.GPUCrashDebugging:0]]
[2020.04.09-19.50.03:387][  0]LogConfig: Setting CVar [[r.DefaultFeature.AutoExposure.ExtendDefaultLuminanceRange:1]]
[2020.04.09-19.50.03:387][  0]LogConfig: Applying CVar settings from Section [/Script/Engine.RendererOverrideSettings] File [F:/C drive/Documents/Github/Stolemates/Stolenmates/Saved/Config/Windows/Engine.ini]
[2020.04.09-19.50.03:387][  0]LogConfig: Applying CVar settings from Section [/Script/Engine.StreamingSettings] File [F:/C drive/Documents/Github/Stolemates/Stolenmates/Saved/Config/Windows/Engine.ini]
[2020.04.09-19.50.03:387][  0]LogConfig: Setting CVar [[s.MinBulkDataSizeForAsyncLoading:131072]]
[2020.04.09-19.50.03:387][  0]LogConfig: Setting CVar [[s.AsyncLoadingThreadEnabled:0]]
[2020.04.09-19.50.03:387][  0]LogConfig: Setting CVar [[s.EventDrivenLoaderEnabled:1]]
[2020.04.09-19.50.03:387][  0]LogConfig: Setting CVar [[s.WarnIfTimeLimitExceeded:0]]
[2020.04.09-19.50.03:387][  0]LogConfig: Setting CVar [[s.TimeLimitExceededMultiplier:1.5]]
[2020.04.09-19.50.03:387][  0]LogConfig: Setting CVar [[s.TimeLimitExceededMinTime:0.005]]
[2020.04.09-19.50.03:387][  0]LogConfig: Setting CVar [[s.UseBackgroundLevelStreaming:1]]
[2020.04.09-19.50.03:387][  0]LogConfig: Setting CVar [[s.PriorityAsyncLoadingExtraTime:15.0]]
[2020.04.09-19.50.03:387][  0]LogConfig: Setting CVar [[s.LevelStreamingActorsUpdateTimeLimit:5.0]]
[2020.04.09-19.50.03:387][  0]LogConfig: Setting CVar [[s.PriorityLevelStreamingActorsUpdateExtraTime:5.0]]
[2020.04.09-19.50.03:387][  0]LogConfig: Setting CVar [[s.LevelStreamingComponentsRegistrationGranularity:10]]
[2020.04.09-19.50.03:387][  0]LogConfig: Setting CVar [[s.UnregisterComponentsTimeLimit:1.0]]
[2020.04.09-19.50.03:387][  0]LogConfig: Setting CVar [[s.LevelStreamingComponentsUnregistrationGranularity:5]]
[2020.04.09-19.50.03:387][  0]LogConfig: Applying CVar settings from Section [/Script/Engine.GarbageCollectionSettings] File [F:/C drive/Documents/Github/Stolemates/Stolenmates/Saved/Config/Windows/Engine.ini]
[2020.04.09-19.50.03:387][  0]LogConfig: Setting CVar [[gc.MaxObjectsNotConsideredByGC:1]]
[2020.04.09-19.50.03:387][  0]LogConfig: Setting CVar [[gc.SizeOfPermanentObjectPool:0]]
[2020.04.09-19.50.03:387][  0]LogConfig: Setting CVar [[gc.FlushStreamingOnGC:0]]
[2020.04.09-19.50.03:387][  0]LogConfig: Setting CVar [[gc.NumRetriesBeforeForcingGC:10]]
[2020.04.09-19.50.03:387][  0]LogConfig: Setting CVar [[gc.AllowParallelGC:1]]
[2020.04.09-19.50.03:387][  0]LogConfig: Setting CVar [[gc.TimeBetweenPurgingPendingKillObjects:61.1]]
[2020.04.09-19.50.03:387][  0]LogConfig: Setting CVar [[gc.MaxObjectsInEditor:16777216]]
[2020.04.09-19.50.03:387][  0]LogConfig: Setting CVar [[gc.IncrementalBeginDestroyEnabled:1]]
[2020.04.09-19.50.03:387][  0]LogConfig: Setting CVar [[gc.CreateGCClusters:1]]
[2020.04.09-19.50.03:387][  0]LogConfig: Setting CVar [[gc.MinGCClusterSize:5]]
[2020.04.09-19.50.03:387][  0]LogConfig: Setting CVar [[gc.ActorClusteringEnabled:0]]
[2020.04.09-19.50.03:387][  0]LogConfig: Setting CVar [[gc.BlueprintClusteringEnabled:0]]
[2020.04.09-19.50.03:387][  0]LogConfig: Setting CVar [[gc.UseDisregardForGCOnDedicatedServers:0]]
[2020.04.09-19.50.03:387][  0]LogConfig: Applying CVar settings from Section [/Script/Engine.NetworkSettings] File [F:/C drive/Documents/Github/Stolemates/Stolenmates/Saved/Config/Windows/Engine.ini]
[2020.04.09-19.50.03:387][  0]LogConfig: Applying CVar settings from Section [/Script/UnrealEd.CookerSettings] File [F:/C drive/Documents/Github/Stolemates/Stolenmates/Saved/Config/Windows/Engine.ini]
[2020.04.09-19.50.03:395][  0]LogConfig: Applying CVar settings from Section [ViewDistanceQuality@3] File [F:/C drive/Documents/Github/Stolemates/Stolenmates/Saved/Config/Windows/Scalability.ini]
[2020.04.09-19.50.03:395][  0]LogConfig: Setting CVar [[r.SkeletalMeshLODBias:0]]
[2020.04.09-19.50.03:395][  0]LogConfig: Setting CVar [[r.ViewDistanceScale:1.0]]
[2020.04.09-19.50.03:395][  0]LogConfig: Applying CVar settings from Section [AntiAliasingQuality@3] File [F:/C drive/Documents/Github/Stolemates/Stolenmates/Saved/Config/Windows/Scalability.ini]
[2020.04.09-19.50.03:395][  0]LogConfig: Setting CVar [[r.PostProcessAAQuality:4]]
[2020.04.09-19.50.03:395][  0]LogConfig: Applying CVar settings from Section [ShadowQuality@3] File [F:/C drive/Documents/Github/Stolemates/Stolenmates/Saved/Config/Windows/Scalability.ini]
[2020.04.09-19.50.03:395][  0]LogConfig: Setting CVar [[r.LightFunctionQuality:1]]
[2020.04.09-19.50.03:395][  0]LogConfig: Setting CVar [[r.ShadowQuality:5]]
[2020.04.09-19.50.03:395][  0]LogConfig: Setting CVar [[r.Shadow.CSM.MaxCascades:10]]
[2020.04.09-19.50.03:395][  0]LogConfig: Setting CVar [[r.Shadow.MaxResolution:2048]]
[2020.04.09-19.50.03:395][  0]LogConfig: Setting CVar [[r.Shadow.MaxCSMResolution:2048]]
[2020.04.09-19.50.03:395][  0]LogConfig: Setting CVar [[r.Shadow.RadiusThreshold:0.01]]
[2020.04.09-19.50.03:395][  0]LogConfig: Setting CVar [[r.Shadow.DistanceScale:1.0]]
[2020.04.09-19.50.03:395][  0]LogConfig: Setting CVar [[r.Shadow.CSM.TransitionScale:1.0]]
[2020.04.09-19.50.03:395][  0]LogConfig: Setting CVar [[r.Shadow.PreShadowResolutionFactor:1.0]]
[2020.04.09-19.50.03:395][  0]LogConfig: Setting CVar [[r.DistanceFieldShadowing:1]]
[2020.04.09-19.50.03:395][  0]LogConfig: Setting CVar [[r.DistanceFieldAO:1]]
[2020.04.09-19.50.03:395][  0]LogConfig: Setting CVar [[r.AOQuality:2]]
[2020.04.09-19.50.03:395][  0]LogConfig: Setting CVar [[r.VolumetricFog:1]]
[2020.04.09-19.50.03:395][  0]LogConfig: Setting CVar [[r.VolumetricFog.GridPixelSize:8]]
[2020.04.09-19.50.03:395][  0]LogConfig: Setting CVar [[r.VolumetricFog.GridSizeZ:128]]
[2020.04.09-19.50.03:395][  0]LogConfig: Setting CVar [[r.VolumetricFog.HistoryMissSupersampleCount:4]]
[2020.04.09-19.50.03:395][  0]LogConfig: Setting CVar [[r.LightMaxDrawDistanceScale:1]]
[2020.04.09-19.50.03:395][  0]LogConfig: Setting CVar [[r.CapsuleShadows:1]]
[2020.04.09-19.50.03:395][  0]LogConfig: Applying CVar settings from Section [PostProcessQuality@3] File [F:/C drive/Documents/Github/Stolemates/Stolenmates/Saved/Config/Windows/Scalability.ini]
[2020.04.09-19.50.03:395][  0]LogConfig: Setting CVar [[r.MotionBlurQuality:4]]
[2020.04.09-19.50.03:395][  0]LogConfig: Setting CVar [[r.AmbientOcclusionMipLevelFactor:0.4]]
[2020.04.09-19.50.03:395][  0]LogConfig: Setting CVar [[r.AmbientOcclusionMaxQuality:100]]
[2020.04.09-19.50.03:395][  0]LogConfig: Setting CVar [[r.AmbientOcclusionLevels:-1]]
[2020.04.09-19.50.03:395][  0]LogConfig: Setting CVar [[r.AmbientOcclusionRadiusScale:1.0]]
[2020.04.09-19.50.03:395][  0]LogConfig: Setting CVar [[r.DepthOfFieldQuality:2]]
[2020.04.09-19.50.03:395][  0]LogConfig: Setting CVar [[r.RenderTargetPoolMin:400]]
[2020.04.09-19.50.03:395][  0]LogConfig: Setting CVar [[r.LensFlareQuality:2]]
[2020.04.09-19.50.03:395][  0]LogConfig: Setting CVar [[r.SceneColorFringeQuality:1]]
[2020.04.09-19.50.03:395][  0]LogConfig: Setting CVar [[r.EyeAdaptationQuality:2]]
[2020.04.09-19.50.03:395][  0]LogConfig: Setting CVar [[r.BloomQuality:5]]
[2020.04.09-19.50.03:395][  0]LogConfig: Setting CVar [[r.FastBlurThreshold:100]]
[2020.04.09-19.50.03:395][  0]LogConfig: Setting CVar [[r.Upscale.Quality:3]]
[2020.04.09-19.50.03:395][  0]LogConfig: Setting CVar [[r.Tonemapper.GrainQuantization:1]]
[2020.04.09-19.50.03:395][  0]LogConfig: Setting CVar [[r.LightShaftQuality:1]]
[2020.04.09-19.50.03:395][  0]LogConfig: Setting CVar [[r.Filter.SizeScale:1]]
[2020.04.09-19.50.03:395][  0]LogConfig: Setting CVar [[r.Tonemapper.Quality:5]]
[2020.04.09-19.50.03:395][  0]LogConfig: Setting CVar [[r.DOF.Gather.AccumulatorQuality:1        ; higher gathering accumulator quality]]
[2020.04.09-19.50.03:395][  0]LogConfig: Setting CVar [[r.DOF.Gather.PostfilterMethod:1          ; Median3x3 postfilering method]]
[2020.04.09-19.50.03:395][  0]LogConfig: Setting CVar [[r.DOF.Gather.EnableBokehSettings:0       ; no bokeh simulation when gathering]]
[2020.04.09-19.50.03:395][  0]LogConfig: Setting CVar [[r.DOF.Gather.RingCount:4                 ; medium number of samples when gathering]]
[2020.04.09-19.50.03:395][  0]LogConfig: Setting CVar [[r.DOF.Scatter.ForegroundCompositing:1    ; additive foreground scattering]]
[2020.04.09-19.50.03:395][  0]LogConfig: Setting CVar [[r.DOF.Scatter.BackgroundCompositing:2    ; additive background scattering]]
[2020.04.09-19.50.03:395][  0]LogConfig: Setting CVar [[r.DOF.Scatter.EnableBokehSettings:1      ; bokeh simulation when scattering]]
[2020.04.09-19.50.03:396][  0]LogConfig: Setting CVar [[r.DOF.Scatter.MaxSpriteRatio:0.1         ; only a maximum of 10% of scattered bokeh]]
[2020.04.09-19.50.03:396][  0]LogConfig: Setting CVar [[r.DOF.Recombine.Quality:1                ; cheap slight out of focus]]
[2020.04.09-19.50.03:396][  0]LogConfig: Setting CVar [[r.DOF.Recombine.EnableBokehSettings:0    ; no bokeh simulation on slight out of focus]]
[2020.04.09-19.50.03:396][  0]LogConfig: Setting CVar [[r.DOF.TemporalAAQuality:1                ; more stable temporal accumulation]]
[2020.04.09-19.50.03:396][  0]LogConfig: Setting CVar [[r.DOF.Kernel.MaxForegroundRadius:0.025]]
[2020.04.09-19.50.03:396][  0]LogConfig: Setting CVar [[r.DOF.Kernel.MaxBackgroundRadius:0.025]]
[2020.04.09-19.50.03:396][  0]LogConfig: Applying CVar settings from Section [TextureQuality@3] File [F:/C drive/Documents/Github/Stolemates/Stolenmates/Saved/Config/Windows/Scalability.ini]
[2020.04.09-19.50.03:396][  0]LogConfig: Setting CVar [[r.Streaming.MipBias:0]]
[2020.04.09-19.50.03:396][  0]LogConfig: Setting CVar [[r.Streaming.AmortizeCPUToGPUCopy:0]]
[2020.04.09-19.50.03:396][  0]LogConfig: Setting CVar [[r.Streaming.MaxNumTexturesToStreamPerFrame:0]]
[2020.04.09-19.50.03:396][  0]LogConfig: Setting CVar [[r.Streaming.Boost:1]]
[2020.04.09-19.50.03:396][  0]LogConfig: Setting CVar [[r.MaxAnisotropy:8]]
[2020.04.09-19.50.03:396][  0]LogConfig: Setting CVar [[r.Streaming.LimitPoolSizeToVRAM:0]]
[2020.04.09-19.50.03:396][  0]LogConfig: Setting CVar [[r.Streaming.PoolSize:1000]]
[2020.04.09-19.50.03:396][  0]LogConfig: Setting CVar [[r.Streaming.MaxEffectiveScreenSize:0]]
[2020.04.09-19.50.03:396][  0]LogConfig: Applying CVar settings from Section [EffectsQuality@3] File [F:/C drive/Documents/Github/Stolemates/Stolenmates/Saved/Config/Windows/Scalability.ini]
[2020.04.09-19.50.03:396][  0]LogConfig: Setting CVar [[r.TranslucencyLightingVolumeDim:64]]
[2020.04.09-19.50.03:396][  0]LogConfig: Setting CVar [[r.RefractionQuality:2]]
[2020.04.09-19.50.03:396][  0]LogConfig: Setting CVar [[r.SSR.Quality:3]]
[2020.04.09-19.50.03:396][  0]LogConfig: Setting CVar [[r.SceneColorFormat:4]]
[2020.04.09-19.50.03:396][  0]LogConfig: Setting CVar [[r.DetailMode:2]]
[2020.04.09-19.50.03:396][  0]LogConfig: Setting CVar [[r.TranslucencyVolumeBlur:1]]
[2020.04.09-19.50.03:396][  0]LogConfig: Setting CVar [[r.MaterialQualityLevel:1 ; High quality]]
[2020.04.09-19.50.03:396][  0]LogConfig: Setting CVar [[r.SSS.Scale:1]]
[2020.04.09-19.50.03:396][  0]LogConfig: Setting CVar [[r.SSS.SampleSet:2]]
[2020.04.09-19.50.03:396][  0]LogConfig: Setting CVar [[r.SSS.Quality:1]]
[2020.04.09-19.50.03:396][  0]LogConfig: Setting CVar [[r.SSS.HalfRes:1]]
[2020.04.09-19.50.03:396][  0]LogConfig: Setting CVar [[r.EmitterSpawnRateScale:1.0]]
[2020.04.09-19.50.03:396][  0]LogConfig: Setting CVar [[r.ParticleLightQuality:2]]
[2020.04.09-19.50.03:396][  0]LogConfig: Applying CVar settings from Section [FoliageQuality@3] File [F:/C drive/Documents/Github/Stolemates/Stolenmates/Saved/Config/Windows/Scalability.ini]
[2020.04.09-19.50.03:396][  0]LogConfig: Setting CVar [[foliage.DensityScale:1.0]]
[2020.04.09-19.50.03:396][  0]LogConfig: Setting CVar [[grass.DensityScale:1.0]]
[2020.04.09-19.50.03:396][  0]LogInit: Selected Device Profile: [Windows]
[2020.04.09-19.50.03:396][  0]LogInit: Applying CVar settings loaded from the selected device profile: [Windows]
[2020.04.09-19.50.03:909][  0]LogHAL: Display: Platform has ~ 16 GB [17118347264 / 17179869184 / 16], which maps to Larger [LargestMinGB=32, LargerMinGB=12, DefaultMinGB=8, SmallerMinGB=6, SmallestMinGB=0)
[2020.04.09-19.50.03:909][  0]LogInit: Going up to parent DeviceProfile []
[2020.04.09-19.50.03:910][  0]LogConfig: Applying CVar settings from Section [ViewDistanceQuality@3] File [F:/C drive/Documents/Github/Stolemates/Stolenmates/Saved/Config/Windows/Scalability.ini]
[2020.04.09-19.50.03:910][  0]LogConfig: Setting CVar [[r.SkeletalMeshLODBias:0]]
[2020.04.09-19.50.03:910][  0]LogConfig: Setting CVar [[r.ViewDistanceScale:1.0]]
[2020.04.09-19.50.03:910][  0]LogConfig: Applying CVar settings from Section [AntiAliasingQuality@3] File [F:/C drive/Documents/Github/Stolemates/Stolenmates/Saved/Config/Windows/Scalability.ini]
[2020.04.09-19.50.03:910][  0]LogConfig: Setting CVar [[r.PostProcessAAQuality:4]]
[2020.04.09-19.50.03:910][  0]LogConfig: Applying CVar settings from Section [ShadowQuality@3] File [F:/C drive/Documents/Github/Stolemates/Stolenmates/Saved/Config/Windows/Scalability.ini]
[2020.04.09-19.50.03:910][  0]LogConfig: Setting CVar [[r.LightFunctionQuality:1]]
[2020.04.09-19.50.03:910][  0]LogConfig: Setting CVar [[r.ShadowQuality:5]]
[2020.04.09-19.50.03:910][  0]LogConfig: Setting CVar [[r.Shadow.CSM.MaxCascades:10]]
[2020.04.09-19.50.03:910][  0]LogConfig: Setting CVar [[r.Shadow.MaxResolution:2048]]
[2020.04.09-19.50.03:910][  0]LogConfig: Setting CVar [[r.Shadow.MaxCSMResolution:2048]]
[2020.04.09-19.50.03:910][  0]LogConfig: Setting CVar [[r.Shadow.RadiusThreshold:0.01]]
[2020.04.09-19.50.03:910][  0]LogConfig: Setting CVar [[r.Shadow.DistanceScale:1.0]]
[2020.04.09-19.50.03:910][  0]LogConfig: Setting CVar [[r.Shadow.CSM.TransitionScale:1.0]]
[2020.04.09-19.50.03:910][  0]LogConfig: Setting CVar [[r.Shadow.PreShadowResolutionFactor:1.0]]
[2020.04.09-19.50.03:910][  0]LogConfig: Setting CVar [[r.DistanceFieldShadowing:1]]
[2020.04.09-19.50.03:910][  0]LogConfig: Setting CVar [[r.DistanceFieldAO:1]]
[2020.04.09-19.50.03:910][  0]LogConfig: Setting CVar [[r.AOQuality:2]]
[2020.04.09-19.50.03:910][  0]LogConfig: Setting CVar [[r.VolumetricFog:1]]
[2020.04.09-19.50.03:910][  0]LogConfig: Setting CVar [[r.VolumetricFog.GridPixelSize:8]]
[2020.04.09-19.50.03:910][  0]LogConfig: Setting CVar [[r.VolumetricFog.GridSizeZ:128]]
[2020.04.09-19.50.03:910][  0]LogConfig: Setting CVar [[r.VolumetricFog.HistoryMissSupersampleCount:4]]
[2020.04.09-19.50.03:910][  0]LogConfig: Setting CVar [[r.LightMaxDrawDistanceScale:1]]
[2020.04.09-19.50.03:910][  0]LogConfig: Setting CVar [[r.CapsuleShadows:1]]
[2020.04.09-19.50.03:910][  0]LogConfig: Applying CVar settings from Section [PostProcessQuality@3] File [F:/C drive/Documents/Github/Stolemates/Stolenmates/Saved/Config/Windows/Scalability.ini]
[2020.04.09-19.50.03:910][  0]LogConfig: Setting CVar [[r.MotionBlurQuality:4]]
[2020.04.09-19.50.03:910][  0]LogConfig: Setting CVar [[r.AmbientOcclusionMipLevelFactor:0.4]]
[2020.04.09-19.50.03:910][  0]LogConfig: Setting CVar [[r.AmbientOcclusionMaxQuality:100]]
[2020.04.09-19.50.03:910][  0]LogConfig: Setting CVar [[r.AmbientOcclusionLevels:-1]]
[2020.04.09-19.50.03:910][  0]LogConfig: Setting CVar [[r.AmbientOcclusionRadiusScale:1.0]]
[2020.04.09-19.50.03:910][  0]LogConfig: Setting CVar [[r.DepthOfFieldQuality:2]]
[2020.04.09-19.50.03:910][  0]LogConfig: Setting CVar [[r.RenderTargetPoolMin:400]]
[2020.04.09-19.50.03:910][  0]LogConfig: Setting CVar [[r.LensFlareQuality:2]]
[2020.04.09-19.50.03:910][  0]LogConfig: Setting CVar [[r.SceneColorFringeQuality:1]]
[2020.04.09-19.50.03:910][  0]LogConfig: Setting CVar [[r.EyeAdaptationQuality:2]]
[2020.04.09-19.50.03:910][  0]LogConfig: Setting CVar [[r.BloomQuality:5]]
[2020.04.09-19.50.03:910][  0]LogConfig: Setting CVar [[r.FastBlurThreshold:100]]
[2020.04.09-19.50.03:910][  0]LogConfig: Setting CVar [[r.Upscale.Quality:3]]
[2020.04.09-19.50.03:910][  0]LogConfig: Setting CVar [[r.Tonemapper.GrainQuantization:1]]
[2020.04.09-19.50.03:910][  0]LogConfig: Setting CVar [[r.LightShaftQuality:1]]
[2020.04.09-19.50.03:910][  0]LogConfig: Setting CVar [[r.Filter.SizeScale:1]]
[2020.04.09-19.50.03:910][  0]LogConfig: Setting CVar [[r.Tonemapper.Quality:5]]
[2020.04.09-19.50.03:910][  0]LogConfig: Setting CVar [[r.DOF.Gather.AccumulatorQuality:1        ; higher gathering accumulator quality]]
[2020.04.09-19.50.03:910][  0]LogConfig: Setting CVar [[r.DOF.Gather.PostfilterMethod:1          ; Median3x3 postfilering method]]
[2020.04.09-19.50.03:910][  0]LogConfig: Setting CVar [[r.DOF.Gather.EnableBokehSettings:0       ; no bokeh simulation when gathering]]
[2020.04.09-19.50.03:910][  0]LogConfig: Setting CVar [[r.DOF.Gather.RingCount:4                 ; medium number of samples when gathering]]
[2020.04.09-19.50.03:910][  0]LogConfig: Setting CVar [[r.DOF.Scatter.ForegroundCompositing:1    ; additive foreground scattering]]
[2020.04.09-19.50.03:910][  0]LogConfig: Setting CVar [[r.DOF.Scatter.BackgroundCompositing:2    ; additive background scattering]]
[2020.04.09-19.50.03:910][  0]LogConfig: Setting CVar [[r.DOF.Scatter.EnableBokehSettings:1      ; bokeh simulation when scattering]]
[2020.04.09-19.50.03:910][  0]LogConfig: Setting CVar [[r.DOF.Scatter.MaxSpriteRatio:0.1         ; only a maximum of 10% of scattered bokeh]]
[2020.04.09-19.50.03:910][  0]LogConfig: Setting CVar [[r.DOF.Recombine.Quality:1                ; cheap slight out of focus]]
[2020.04.09-19.50.03:910][  0]LogConfig: Setting CVar [[r.DOF.Recombine.EnableBokehSettings:0    ; no bokeh simulation on slight out of focus]]
[2020.04.09-19.50.03:910][  0]LogConfig: Setting CVar [[r.DOF.TemporalAAQuality:1                ; more stable temporal accumulation]]
[2020.04.09-19.50.03:910][  0]LogConfig: Setting CVar [[r.DOF.Kernel.MaxForegroundRadius:0.025]]
[2020.04.09-19.50.03:910][  0]LogConfig: Setting CVar [[r.DOF.Kernel.MaxBackgroundRadius:0.025]]
[2020.04.09-19.50.03:910][  0]LogConfig: Applying CVar settings from Section [TextureQuality@3] File [F:/C drive/Documents/Github/Stolemates/Stolenmates/Saved/Config/Windows/Scalability.ini]
[2020.04.09-19.50.03:910][  0]LogConfig: Setting CVar [[r.Streaming.MipBias:0]]
[2020.04.09-19.50.03:910][  0]LogConfig: Setting CVar [[r.Streaming.AmortizeCPUToGPUCopy:0]]
[2020.04.09-19.50.03:910][  0]LogConfig: Setting CVar [[r.Streaming.MaxNumTexturesToStreamPerFrame:0]]
[2020.04.09-19.50.03:910][  0]LogConfig: Setting CVar [[r.Streaming.Boost:1]]
[2020.04.09-19.50.03:910][  0]LogConfig: Setting CVar [[r.MaxAnisotropy:8]]
[2020.04.09-19.50.03:910][  0]LogConfig: Setting CVar [[r.Streaming.LimitPoolSizeToVRAM:0]]
[2020.04.09-19.50.03:910][  0]LogConfig: Setting CVar [[r.Streaming.PoolSize:1000]]
[2020.04.09-19.50.03:910][  0]LogConfig: Setting CVar [[r.Streaming.MaxEffectiveScreenSize:0]]
[2020.04.09-19.50.03:910][  0]LogConfig: Applying CVar settings from Section [EffectsQuality@3] File [F:/C drive/Documents/Github/Stolemates/Stolenmates/Saved/Config/Windows/Scalability.ini]
[2020.04.09-19.50.03:910][  0]LogConfig: Setting CVar [[r.TranslucencyLightingVolumeDim:64]]
[2020.04.09-19.50.03:910][  0]LogConfig: Setting CVar [[r.RefractionQuality:2]]
[2020.04.09-19.50.03:910][  0]LogConfig: Setting CVar [[r.SSR.Quality:3]]
[2020.04.09-19.50.03:910][  0]LogConfig: Setting CVar [[r.SceneColorFormat:4]]
[2020.04.09-19.50.03:910][  0]LogConfig: Setting CVar [[r.DetailMode:2]]
[2020.04.09-19.50.03:910][  0]LogConfig: Setting CVar [[r.TranslucencyVolumeBlur:1]]
[2020.04.09-19.50.03:910][  0]LogConfig: Setting CVar [[r.MaterialQualityLevel:1 ; High quality]]
[2020.04.09-19.50.03:910][  0]LogConfig: Setting CVar [[r.SSS.Scale:1]]
[2020.04.09-19.50.03:910][  0]LogConfig: Setting CVar [[r.SSS.SampleSet:2]]
[2020.04.09-19.50.03:910][  0]LogConfig: Setting CVar [[r.SSS.Quality:1]]
[2020.04.09-19.50.03:910][  0]LogConfig: Setting CVar [[r.SSS.HalfRes:1]]
[2020.04.09-19.50.03:910][  0]LogConfig: Setting CVar [[r.EmitterSpawnRateScale:1.0]]
[2020.04.09-19.50.03:910][  0]LogConfig: Setting CVar [[r.ParticleLightQuality:2]]
[2020.04.09-19.50.03:910][  0]LogConfig: Applying CVar settings from Section [FoliageQuality@3] File [F:/C drive/Documents/Github/Stolemates/Stolenmates/Saved/Config/Windows/Scalability.ini]
[2020.04.09-19.50.03:910][  0]LogConfig: Setting CVar [[foliage.DensityScale:1.0]]
[2020.04.09-19.50.03:910][  0]LogConfig: Setting CVar [[grass.DensityScale:1.0]]
[2020.04.09-19.50.03:910][  0]LogConfig: Applying CVar settings from Section [Startup] File [../../../Engine/Config/ConsoleVariables.ini]
[2020.04.09-19.50.03:911][  0]LogConfig: Setting CVar [[net.UseAdaptiveNetUpdateFrequency:0]]
[2020.04.09-19.50.03:911][  0]LogConfig: Setting CVar [[p.chaos.AllowCreatePhysxBodies:1]]
[2020.04.09-19.50.03:911][  0]LogConfig: Applying CVar settings from Section [ConsoleVariables] File [F:/C drive/Documents/Github/Stolemates/Stolenmates/Saved/Config/Windows/Engine.ini]
[2020.04.09-19.50.03:911][  0]LogInit: Computer: OWNER-PC
[2020.04.09-19.50.03:911][  0]LogInit: User: Owner
[2020.04.09-19.50.03:911][  0]LogInit: CPU Page size=4096, Cores=4
[2020.04.09-19.50.03:911][  0]LogInit: High frequency timer resolution =10.000000 MHz
[2020.04.09-19.50.03:911][  0]LogMemory: Memory total: Physical=15.9GB (16GB approx)
[2020.04.09-19.50.03:911][  0]LogMemory: Platform Memory Stats for Windows
[2020.04.09-19.50.03:911][  0]LogMemory: Process Physical Memory: 105.28 MB used, 105.28 MB peak
[2020.04.09-19.50.03:911][  0]LogMemory: Process Virtual Memory: 101.50 MB used, 101.50 MB peak
[2020.04.09-19.50.03:911][  0]LogMemory: Physical Memory: 13408.75 MB used,  2916.58 MB free, 16325.33 MB total
[2020.04.09-19.50.03:911][  0]LogMemory: Virtual Memory: 4717.03 MB used,  134213008.00 MB free, 134217728.00 MB total
[2020.04.09-19.50.03:919][  0]LogWindows: WindowsPlatformFeatures enabled
[2020.04.09-19.50.05:782][  0]LogInit: Using OS detected language (en-US).
[2020.04.09-19.50.05:783][  0]LogInit: Using OS detected locale (en-US).
[2020.04.09-19.50.05:993][  0]LogTextLocalizationManager: No specific localization for 'en-US' exists, so the 'en' localization will be used.
[2020.04.09-19.50.06:573][  0]LogInit: Setting process to per monitor DPI aware
[2020.04.09-19.50.07:326][  0]LogSlate: New Slate User Created.  User Index 0, Is Virtual User: 0
[2020.04.09-19.50.07:326][  0]LogSlate: Slate User Registered.  User Index 0, Is Virtual User: 0
[2020.04.09-19.50.15:499][  0]LogHMD: Failed to initialize OpenVR with code 126
[2020.04.09-19.50.15:499][  0]LogD3D11RHI: D3D11 adapters:
[2020.04.09-19.50.15:578][  0]LogD3D11RHI:    0. 'NVIDIA GeForce GTX 1070' (Feature Level 11_0)
[2020.04.09-19.50.15:578][  0]LogD3D11RHI:       8088/0/8162 MB DedicatedVideo/DedicatedSystem/SharedSystem, Outputs:2, VendorId:0x10de
[2020.04.09-19.50.15:585][  0]LogD3D11RHI:    1. 'Microsoft Basic Render Driver' (Feature Level 11_0)
[2020.04.09-19.50.15:585][  0]LogD3D11RHI:       0/0/8162 MB DedicatedVideo/DedicatedSystem/SharedSystem, Outputs:0, VendorId:0x1414
[2020.04.09-19.50.15:585][  0]LogD3D11RHI: Chosen D3D11 Adapter: 0
[2020.04.09-19.50.15:712][  0]LogD3D11RHI: Creating new Direct3DDevice
[2020.04.09-19.50.15:712][  0]LogD3D11RHI:     GPU DeviceId: 0x1b81 (for the marketing name, search the web for "GPU Device Id")
[2020.04.09-19.50.15:712][  0]LogWindows: EnumDisplayDevices:
[2020.04.09-19.50.15:712][  0]LogWindows:    0. 'NVIDIA GeForce GTX 1070' (P:0 D:1)
[2020.04.09-19.50.15:713][  0]LogWindows:    1. 'NVIDIA GeForce GTX 1070' (P:1 D:1)
[2020.04.09-19.50.15:713][  0]LogWindows:    2. 'NVIDIA GeForce GTX 1070' (P:0 D:0)
[2020.04.09-19.50.15:713][  0]LogWindows:    3. 'NVIDIA GeForce GTX 1070' (P:0 D:0)
[2020.04.09-19.50.15:713][  0]LogWindows: DebugString: FoundDriverCount:4 
[2020.04.09-19.50.15:713][  0]LogD3D11RHI:     Adapter Name: NVIDIA GeForce GTX 1070
[2020.04.09-19.50.15:713][  0]LogD3D11RHI:   Driver Version: 432.00 (internal:26.21.14.3200, unified:432.00)
[2020.04.09-19.50.15:713][  0]LogD3D11RHI:      Driver Date: 7-24-2019
[2020.04.09-19.50.15:713][  0]LogRHI: Texture pool is 5661 MB (70% of 8088 MB)
[2020.04.09-19.50.15:761][  0]LogD3D11RHI: Async texture creation enabled
[2020.04.09-19.50.16:033][  0]LogD3D11RHI: GPU Timing Frequency: 1000.000000 (Debug: 2 1)
[2020.04.09-19.50.18:190][  0]LogTemp: Display: Module 'AllDesktopTargetPlatform' loaded TargetPlatform 'AllDesktop'
[2020.04.09-19.50.18:276][  0]LogTemp: Display: Module 'MacClientTargetPlatform' loaded TargetPlatform 'MacClient'
[2020.04.09-19.50.18:329][  0]LogTemp: Display: Module 'MacNoEditorTargetPlatform' loaded TargetPlatform 'MacNoEditor'
[2020.04.09-19.50.18:424][  0]LogTemp: Display: Module 'MacServerTargetPlatform' loaded TargetPlatform 'MacServer'
[2020.04.09-19.50.18:558][  0]LogTemp: Display: Module 'MacTargetPlatform' loaded TargetPlatform 'Mac'
[2020.04.09-19.50.18:724][  0]LogTemp: Display: Module 'WindowsClientTargetPlatform' loaded TargetPlatform 'WindowsClient'
[2020.04.09-19.50.18:892][  0]LogTemp: Display: Module 'WindowsNoEditorTargetPlatform' loaded TargetPlatform 'WindowsNoEditor'
[2020.04.09-19.50.18:995][  0]LogTemp: Display: Module 'WindowsServerTargetPlatform' loaded TargetPlatform 'WindowsServer'
[2020.04.09-19.50.19:103][  0]LogTemp: Display: Module 'WindowsTargetPlatform' loaded TargetPlatform 'Windows'
[2020.04.09-19.50.19:593][  0]LogTemp: Display: Module 'AndroidTargetPlatform' loaded TargetPlatform 'Android'
[2020.04.09-19.50.19:593][  0]LogTemp: Display: Module 'AndroidTargetPlatform' loaded TargetPlatform 'Android_ASTC'
[2020.04.09-19.50.19:593][  0]LogTemp: Display: Module 'AndroidTargetPlatform' loaded TargetPlatform 'Android_ATC'
[2020.04.09-19.50.19:593][  0]LogTemp: Display: Module 'AndroidTargetPlatform' loaded TargetPlatform 'Android_DXT'
[2020.04.09-19.50.19:593][  0]LogTemp: Display: Module 'AndroidTargetPlatform' loaded TargetPlatform 'Android_ETC1'
[2020.04.09-19.50.19:593][  0]LogTemp: Display: Module 'AndroidTargetPlatform' loaded TargetPlatform 'Android_ETC1a'
[2020.04.09-19.50.19:593][  0]LogTemp: Display: Module 'AndroidTargetPlatform' loaded TargetPlatform 'Android_ETC2'
[2020.04.09-19.50.19:593][  0]LogTemp: Display: Module 'AndroidTargetPlatform' loaded TargetPlatform 'Android_PVRTC'
[2020.04.09-19.50.19:593][  0]LogTemp: Display: Module 'AndroidTargetPlatform' loaded TargetPlatform 'AndroidClient'
[2020.04.09-19.50.19:593][  0]LogTemp: Display: Module 'AndroidTargetPlatform' loaded TargetPlatform 'Android_ASTCClient'
[2020.04.09-19.50.19:593][  0]LogTemp: Display: Module 'AndroidTargetPlatform' loaded TargetPlatform 'Android_ATCClient'
[2020.04.09-19.50.19:593][  0]LogTemp: Display: Module 'AndroidTargetPlatform' loaded TargetPlatform 'Android_DXTClient'
[2020.04.09-19.50.19:593][  0]LogTemp: Display: Module 'AndroidTargetPlatform' loaded TargetPlatform 'Android_ETC1Client'
[2020.04.09-19.50.19:593][  0]LogTemp: Display: Module 'AndroidTargetPlatform' loaded TargetPlatform 'Android_ETC1aClient'
[2020.04.09-19.50.19:593][  0]LogTemp: Display: Module 'AndroidTargetPlatform' loaded TargetPlatform 'Android_ETC2Client'
[2020.04.09-19.50.19:593][  0]LogTemp: Display: Module 'AndroidTargetPlatform' loaded TargetPlatform 'Android_PVRTCClient'
[2020.04.09-19.50.19:593][  0]LogTemp: Display: Module 'AndroidTargetPlatform' loaded TargetPlatform 'Android_Multi'
[2020.04.09-19.50.19:593][  0]LogTemp: Display: Module 'AndroidTargetPlatform' loaded TargetPlatform 'Android_MultiClient'
[2020.04.09-19.50.19:719][  0]LogTemp: Display: Module 'HTML5TargetPlatform' loaded TargetPlatform 'HTML5'
[2020.04.09-19.50.20:139][  0]LogTemp: Display: Module 'IOSTargetPlatform' loaded TargetPlatform 'IOSClient'
[2020.04.09-19.50.20:139][  0]LogTemp: Display: Module 'IOSTargetPlatform' loaded TargetPlatform 'IOS'
[2020.04.09-19.50.20:226][  0]LogTemp: Display: Module 'TVOSTargetPlatform' loaded TargetPlatform 'TVOSClient'
[2020.04.09-19.50.20:226][  0]LogTemp: Display: Module 'TVOSTargetPlatform' loaded TargetPlatform 'TVOS'
[2020.04.09-19.50.20:379][  0]LogTemp: Display: Module 'LinuxClientTargetPlatform' loaded TargetPlatform 'LinuxClient'
[2020.04.09-19.50.20:478][  0]LogTemp: Display: Module 'LinuxNoEditorTargetPlatform' loaded TargetPlatform 'LinuxNoEditor'
[2020.04.09-19.50.20:571][  0]LogTemp: Display: Module 'LinuxServerTargetPlatform' loaded TargetPlatform 'LinuxServer'
[2020.04.09-19.50.20:997][  0]LogTemp: Display: Module 'LinuxTargetPlatform' loaded TargetPlatform 'Linux'
[2020.04.09-19.50.21:145][  0]LogTemp: Display: Module 'LuminTargetPlatform' loaded TargetPlatform 'Lumin'
[2020.04.09-19.50.21:145][  0]LogTemp: Display: Module 'LuminTargetPlatform' loaded TargetPlatform 'LuminClient'
[2020.04.09-19.50.21:145][  0]LogTargetPlatformManager: Display: Building Assets For Windows
[2020.04.09-19.50.21:820][  0]LogAudioDebug: Display: Lib vorbis DLL was dynamically loaded.
[2020.04.09-19.50.24:588][  0]LogShaderCompilers: Guid format shader working directory is -20 characters bigger than the processId version (../../../../../../C drive/Documents/Github/Stolemates/Stolenmates/Intermediate/Shaders/WorkingDirectory/23800/).
[2020.04.09-19.50.24:588][  0]LogShaderCompilers: Cleaned the shader compiler working directory 'C:/Users/Owner/AppData/Local/Temp/UnrealShaderWorkingDir/92D3FA2F46C0441C7C7CA0A5D83E69AA/'.
[2020.04.09-19.50.24:634][  0]LogXGEController: Cannot use XGE Controller as Incredibuild is not installed on this machine.
[2020.04.09-19.50.24:634][  0]LogShaderCompilers: Cannot use XGE Shader Compiler as Incredibuild is not installed on this machine.
[2020.04.09-19.50.24:634][  0]LogShaderCompilers: Display: Using Local Shader Compiler.
[2020.04.09-19.50.47:227][  0]LogDerivedDataCache: Display: Max Cache Size: 512 MB
[2020.04.09-19.50.47:528][  0]LogDerivedDataCache: Loaded boot cache 0.30s 74MB C:/Users/Owner/AppData/Local/UnrealEngine/4.23/DerivedDataCache/Boot.ddc.
[2020.04.09-19.50.47:528][  0]LogDerivedDataCache: Display: Loaded Boot cache: C:/Users/Owner/AppData/Local/UnrealEngine/4.23/DerivedDataCache/Boot.ddc
[2020.04.09-19.50.47:528][  0]LogDerivedDataCache: FDerivedDataBackendGraph:  Pak pak cache file ../../../../../../C drive/Documents/Github/Stolemates/Stolenmates/DerivedDataCache/DDC.ddp not found, will not use a pak cache.
[2020.04.09-19.50.47:528][  0]LogDerivedDataCache: Unable to find inner node Pak for hierarchical cache Hierarchy.
[2020.04.09-19.50.47:528][  0]LogDerivedDataCache: FDerivedDataBackendGraph:  CompressedPak pak cache file ../../../../../../C drive/Documents/Github/Stolemates/Stolenmates/DerivedDataCache/Compressed.ddp not found, will not use a pak cache.
[2020.04.09-19.50.47:528][  0]LogDerivedDataCache: Unable to find inner node CompressedPak for hierarchical cache Hierarchy.
[2020.04.09-19.50.47:822][  0]LogDerivedDataCache: Display: Pak cache opened for reading ../../../Engine/DerivedDataCache/Compressed.ddp.
[2020.04.09-19.50.47:822][  0]LogDerivedDataCache: FDerivedDataBackendGraph:  EnterprisePak pak cache file ../../../Enterprise/DerivedDataCache/Compressed.ddp not found, will not use a pak cache.
[2020.04.09-19.50.47:822][  0]LogDerivedDataCache: Unable to find inner node EnterprisePak for hierarchical cache Hierarchy.
[2020.04.09-19.50.47:824][  0]LogDerivedDataCache: Using Local data cache path C:/Users/Owner/AppData/Local/UnrealEngine/Common/DerivedDataCache: Writable
[2020.04.09-19.50.47:824][  0]LogDerivedDataCache: Shared data cache path not found in *engine.ini, will not use an Shared cache.
[2020.04.09-19.50.47:824][  0]LogDerivedDataCache: Unable to find inner node Shared for hierarchical cache Hierarchy.
[2020.04.09-19.50.47:892][  0]LogMaterial: Verifying Global Shaders for PCD3D_SM5
[2020.04.09-19.50.47:973][  0]LogSlate: Using FreeType 2.6.0
[2020.04.09-19.50.48:330][  0]LogSlate: SlateFontServices - WITH_FREETYPE: 1, WITH_HARFBUZZ: 1
[2020.04.09-19.50.55:489][  0]LogAssetRegistry: FAssetRegistry took 0.0025 seconds to start up
[2020.04.09-19.51.08:704][  0]LogInit: Selected Device Profile: [Windows]
[2020.04.09-19.51.12:975][  0]LogMeshReduction: Using QuadricMeshReduction for automatic static mesh reduction
[2020.04.09-19.51.12:975][  0]LogMeshReduction: Using SimplygonMeshReduction for automatic skeletal mesh reduction
[2020.04.09-19.51.12:975][  0]LogMeshReduction: Using ProxyLODMeshReduction for automatic mesh merging
[2020.04.09-19.51.12:975][  0]LogMeshReduction: No distributed automatic mesh merging module available
[2020.04.09-19.51.12:976][  0]LogMeshMerging: No distributed automatic mesh merging module available
[2020.04.09-19.51.14:107][  0]LogNetVersion: Stolenmates 1.0.0, NetCL: 8386587, EngineNetVer: 11, GameNetVer: 0 (Checksum: 1334032006)
[2020.04.09-19.51.28:071][  0]LogPackageLocalizationCache: Processed 12 localized package path(s) for 1 prioritized culture(s) in 0.478984 seconds
[2020.04.09-19.51.28:081][  0]LogUObjectArray: 43444 objects as part of root set at end of initial load.
[2020.04.09-19.51.28:081][  0]LogUObjectAllocator: 7548648 out of 0 bytes used by permanent object pool.
[2020.04.09-19.51.28:081][  0]LogUObjectArray: CloseDisregardForGC: 0/0 objects in disregard for GC pool
[2020.04.09-19.52.58:307][  0]LogTcpMessaging: Initializing TcpMessaging bridge
[2020.04.09-19.52.58:348][  0]LogUdpMessaging: Initializing bridge on interface 0.0.0.0:0 to multicast group 230.0.0.1:6666.
[2020.04.09-19.53.01:017][  0]SourceControl: Source control is disabled
[2020.04.09-19.53.01:017][  0]SourceControl: Source control is disabled
[2020.04.09-19.53.01:741][  0]SourceControl: Source control is disabled
[2020.04.09-19.53.01:827][  0]SourceControl: Source control is disabled
[2020.04.09-19.53.06:098][  0]LogAndroidPermission: UAndroidPermissionCallbackProxy::GetInstance
[2020.04.09-19.53.08:597][  0]LogOcInput: OculusInput pre-init called
[2020.04.09-19.53.09:072][  0]LogWindows: Failed to load 'OVRPlugin.dll' (GetLastError=126)
[2020.04.09-19.53.09:072][  0]LogWindows: File 'OVRPlugin.dll' does not exist
[2020.04.09-19.53.12:944][  0]LogEngine: Initializing Engine...
[2020.04.09-19.53.13:290][  0]LogHMD: Failed to initialize OpenVR with code 126
[2020.04.09-19.53.13:767][  0]LogStats: UGameplayTagsManager::InitializeManager -  0.034 s
[2020.04.09-19.53.15:707][  0]LogInit: Initializing FReadOnlyCVARCache
[2020.04.09-19.53.17:539][  0]LogAIModule: Creating AISystem for world Untitled
[2020.04.09-19.53.17:562][  0]LogInit: XAudio2 using 'Speakers (High Definition Audio Device)' : 2 channels at 44.1 kHz using 16 bits per sample (channel mask 0x3)
[2020.04.09-19.53.17:602][  0]LogInit: FAudioDevice initialized.
[2020.04.09-19.53.17:602][  0]LogNetVersion: Set ProjectVersion to 1.0.0.0. Version Checksum will be recalculated on next use.
[2020.04.09-19.53.17:767][  0]LogDerivedDataCache: Saved boot cache 0.17s 74MB C:/Users/Owner/AppData/Local/UnrealEngine/4.23/DerivedDataCache/Boot.ddc.
[2020.04.09-19.53.17:776][  0]LogInit: Texture streaming: Enabled
[2020.04.09-19.53.18:286][  0]LogEngineSessionManager: EngineSessionManager initialized
[2020.04.09-19.53.18:286][  0]LogEditorSessionSummary: Verbose: Initializing EditorSessionSummaryWriter for editor session tracking
[2020.04.09-19.53.18:287][  0]LogEditorSessionSummary: EditorSessionSummaryWriter initialized
[2020.04.09-19.53.19:161][  0]LogInit: Transaction tracking system initialized
[2020.04.09-19.53.21:941][  0]BlueprintLog: New page: Editor Load
[2020.04.09-19.53.25:899][  0]LocalizationService: Localization service is disabled
[2020.04.09-19.53.37:607][  0]LogFileCache: Scanning file cache for directory 'F:/C drive/Documents/Github/Stolemates/Stolenmates/Content/' took 0.04s
[2020.04.09-19.53.37:607][  0]LogCook: Display: Max memory allowance for cook 16384mb min free memory 0mb
[2020.04.09-19.53.37:624][  0]LogCook: Display: Mobile HDR setting 1
[2020.04.09-19.53.52:164][  0]SourceControl: Source control is disabled
[2020.04.09-19.53.52:164][  0]Cmd: MAP LOAD FILE="../../../../../../C drive/Documents/Github/Stolemates/Stolenmates/Content/Levels/Final_Level.umap" TEMPLATE=0 SHOWPROGRESS=1 FEATURELEVEL=3
[2020.04.09-19.53.52:201][  0]LightingResults: New page: Lighting Build
[2020.04.09-19.53.52:565][  0]LogWorld: UWorld::CleanupWorld for Untitled, bSessionEnded=true, bCleanupResources=true
[2020.04.09-19.53.52:566][  0]MapCheck: New page: Map Check
[2020.04.09-19.53.52:566][  0]LightingResults: New page: Lighting Build
[2020.04.09-19.53.52:588][  0]LogUObjectHash: Compacting FUObjectHashTables data took   1.71ms
[2020.04.09-19.53.54:625][  0]LogLinker: Warning: While loading '../../../../../../C drive/Documents/Github/Stolemates/Stolenmates/Content/Blueprints/EQS_System/PowerUpSpawnLocation.uasset' failed to load '/Script/EnvironmentQueryEditor': Can't find file.
[2020.04.09-19.53.54:625][  0]LogLinker: Warning: While loading '../../../../../../C drive/Documents/Github/Stolemates/Stolenmates/Content/Blueprints/EQS_System/PowerUpSpawnLocation.uasset' failed to load '/Script/EnvironmentQueryEditor': Can't find file.
[2020.04.09-19.53.54:625][  0]LogLinker: Warning: While loading '../../../../../../C drive/Documents/Github/Stolemates/Stolenmates/Content/Blueprints/EQS_System/PowerUpSpawnLocation.uasset' failed to load '/Script/EnvironmentQueryEditor': Can't find file.
[2020.04.09-19.53.54:625][  0]LogLinker: Warning: While loading '../../../../../../C drive/Documents/Github/Stolemates/Stolenmates/Content/Blueprints/EQS_System/PowerUpSpawnLocation.uasset' failed to load '/Script/EnvironmentQueryEditor': Can't find file.
[2020.04.09-19.53.54:625][  0]LogLinker: Warning: While loading '../../../../../../C drive/Documents/Github/Stolemates/Stolenmates/Content/Blueprints/EQS_System/PowerUpSpawnLocation.uasset' failed to load '/Script/EnvironmentQueryEditor': Can't find file.
[2020.04.09-19.53.54:625][  0]LogLinker: Warning: While loading '../../../../../../C drive/Documents/Github/Stolemates/Stolenmates/Content/Blueprints/EQS_System/PowerUpSpawnLocation.uasset' failed to load '/Script/EnvironmentQueryEditor': Can't find file.
[2020.04.09-19.53.54:625][  0]LogLinker: Warning: While loading '../../../../../../C drive/Documents/Github/Stolemates/Stolenmates/Content/Blueprints/EQS_System/PowerUpSpawnLocation.uasset' failed to load '/Script/EnvironmentQueryEditor': Can't find file.
[2020.04.09-19.53.54:625][  0]LogLinker: Warning: While loading '../../../../../../C drive/Documents/Github/Stolemates/Stolenmates/Content/Blueprints/EQS_System/PowerUpSpawnLocation.uasset' failed to load '/Script/EnvironmentQueryEditor': Can't find file.
[2020.04.09-19.53.54:625][  0]LogLinker: Warning: While loading '../../../../../../C drive/Documents/Github/Stolemates/Stolenmates/Content/Blueprints/EQS_System/PowerUpSpawnLocation.uasset' failed to load '/Script/EnvironmentQueryEditor': Can't find file.
[2020.04.09-19.53.54:625][  0]LogLinker: Warning: While loading '../../../../../../C drive/Documents/Github/Stolemates/Stolenmates/Content/Blueprints/EQS_System/PowerUpSpawnLocation.uasset' failed to load '/Script/EnvironmentQueryEditor': Can't find file.
[2020.04.09-19.53.54:625][  0]LogLinker: Warning: While loading '../../../../../../C drive/Documents/Github/Stolemates/Stolenmates/Content/Blueprints/BP_GameMode.uasset' failed to load '/Script/EnvironmentQueryEditor': Can't find file.
[2020.04.09-19.53.54:625][  0]LogLinker: Warning: While loading '../../../../../../C drive/Documents/Github/Stolemates/Stolenmates/Content/Blueprints/BP_GameMode.uasset' failed to load '/Script/EnvironmentQueryEditor': Can't find file.
[2020.04.09-19.53.54:625][  0]LogLinker: Warning: While loading '../../../../../../C drive/Documents/Github/Stolemates/Stolenmates/Content/Blueprints/BP_GameMode.uasset' failed to load '/Script/EnvironmentQueryEditor': Can't find file.
[2020.04.09-19.53.54:625][  0]LogLinker: Warning: While loading '../../../../../../C drive/Documents/Github/Stolemates/Stolenmates/Content/Blueprints/BP_GameMode.uasset' failed to load '/Script/EnvironmentQueryEditor': Can't find file.
[2020.04.09-19.53.54:625][  0]LogLinker: Warning: While loading '../../../../../../C drive/Documents/Github/Stolemates/Stolenmates/Content/Blueprints/BP_GameMode.uasset' failed to load '/Script/EnvironmentQueryEditor': Can't find file.
[2020.04.09-19.53.54:625][  0]LogLinker: Warning: While loading '../../../../../../C drive/Documents/Github/Stolemates/Stolenmates/Content/Blueprints/BP_GameMode.uasset' failed to load '/Script/EnvironmentQueryEditor': Can't find file.
[2020.04.09-19.53.54:625][  0]LogLinker: Warning: While loading '../../../../../../C drive/Documents/Github/Stolemates/Stolenmates/Content/Blueprints/BP_GameMode.uasset' failed to load '/Script/EnvironmentQueryEditor': Can't find file.
[2020.04.09-19.53.54:625][  0]LogLinker: Warning: While loading '../../../../../../C drive/Documents/Github/Stolemates/Stolenmates/Content/Blueprints/BP_GameMode.uasset' failed to load '/Script/EnvironmentQueryEditor': Can't find file.
[2020.04.09-19.53.54:625][  0]LogLinker: Warning: While loading '../../../../../../C drive/Documents/Github/Stolemates/Stolenmates/Content/Blueprints/BP_GameMode.uasset' failed to load '/Script/EnvironmentQueryEditor': Can't find file.
[2020.04.09-19.53.54:625][  0]LogLinker: Warning: While loading '../../../../../../C drive/Documents/Github/Stolemates/Stolenmates/Content/Blueprints/BP_GameMode.uasset' failed to load '/Script/EnvironmentQueryEditor': Can't find file.
[2020.04.09-19.53.54:625][  0]LogLinker: Warning: While loading '../../../../../../C drive/Documents/Github/Stolemates/Stolenmates/Content/Blueprints/BP_GameMode.uasset' failed to load '/Script/EnvironmentQueryEditor': Can't find file.
[2020.04.09-19.53.54:625][  0]LogLinker: Warning: While loading '../../../../../../C drive/Documents/Github/Stolemates/Stolenmates/Content/Blueprints/BP_GameMode.uasset' failed to load '/Script/EnvironmentQueryEditor': Can't find file.
[2020.04.09-19.53.54:625][  0]LogLinker: Warning: While loading '../../../../../../C drive/Documents/Github/Stolemates/Stolenmates/Content/Blueprints/BP_GameMode.uasset' failed to load '/Script/EnvironmentQueryEditor': Can't find file.
[2020.04.09-19.53.54:625][  0]LogLinker: Warning: While loading '../../../../../../C drive/Documents/Github/Stolemates/Stolenmates/Content/Blueprints/BP_GameMode.uasset' failed to load '/Script/EnvironmentQueryEditor': Can't find file.
[2020.04.09-19.53.54:626][  0]LogLinker: Warning: While loading '../../../../../../C drive/Documents/Github/Stolemates/Stolenmates/Content/Blueprints/BP_GameMode.uasset' failed to load '/Script/EnvironmentQueryEditor': Can't find file.
[2020.04.09-19.53.54:626][  0]LogLinker: Warning: While loading '../../../../../../C drive/Documents/Github/Stolemates/Stolenmates/Content/Blueprints/BP_GameMode.uasset' failed to load '/Script/EnvironmentQueryEditor': Can't find file.
[2020.04.09-19.54.00:855][  0]LogTexture: Display: Building textures: stolemates_logo (BGRA8, 4084X1455)
[2020.04.09-19.54.00:855][  0]LogMaterial: Display: Missing cached shader map for material CapturedMaterial, compiling. 
[2020.04.09-19.54.02:050][  0]LogShaderCompilers: Display: Worker (1/5): shaders left to compile 25
[2020.04.09-19.54.02:050][  0]LogShaderCompilers: Display: Worker (2/5): shaders left to compile 19
[2020.04.09-19.54.02:050][  0]LogShaderCompilers: Display: Worker (3/5): shaders left to compile 13
[2020.04.09-19.54.02:050][  0]LogShaderCompilers: Display: Worker (4/5): shaders left to compile 7
[2020.04.09-19.54.02:050][  0]LogShaderCompilers: Display: Worker (5/5): shaders left to compile 1
[2020.04.09-19.54.02:069][  0]LogPhysics: Warning: UBodySetup::GetCookInfo: Triangle data from '/Game/Levels/Final_Level.Final_Level:PersistentLevel.ModelComponent_972' invalid (1588 verts, 0 indices).
[2020.04.09-19.54.02:069][  0]LogPhysics: Warning: Attempt to build physics data for /Game/Levels/Final_Level.Final_Level:PersistentLevel.ModelComponent_972.BodySetup_0 when we are unable to.
[2020.04.09-19.54.04:421][  0]LogAIModule: Creating AISystem for world Final_Level
[2020.04.09-19.54.04:778][  0]LogEditorServer: Finished looking for orphan Actors (0.000 secs)
[2020.04.09-19.54.05:103][  0]LogUObjectHash: Compacting FUObjectHashTables data took   4.56ms
[2020.04.09-19.54.05:103][  0]Cmd: MAP CHECKDEP NOCLEARLOG
[2020.04.09-19.54.05:113][  0]MapCheck: Map check complete: 0 Error(s), 0 Warning(s), took 9.821ms to complete.
[2020.04.09-19.54.05:113][  0]LogFileHelpers: Loading map 'Final_Level' took 12.949
[2020.04.09-19.54.05:695][  0]LogSlate: Updating window title bar state: overlay mode, drag disabled, window buttons hidden, title bar hidden
[2020.04.09-19.54.05:702][  0]LogSlate: Updating window title bar state: overlay mode, drag disabled, window buttons hidden, title bar hidden
[2020.04.09-19.54.05:711][  0]LogSlate: Updating window title bar state: overlay mode, drag disabled, window buttons hidden, title bar hidden
[2020.04.09-19.54.05:718][  0]LogSlate: Updating window title bar state: overlay mode, drag disabled, window buttons hidden, title bar hidden
[2020.04.09-19.54.05:774][  0]LogCollectionManager: Loaded 0 collections in 0.001816 seconds
[2020.04.09-19.54.05:875][  0]LogFileCache: Scanning file cache for directory 'F:/C drive/Documents/Github/Stolemates/Stolenmates/Saved/Collections/' took 0.00s
[2020.04.09-19.54.05:876][  0]LogFileCache: Scanning file cache for directory 'F:/C drive/Documents/Github/Stolemates/Stolenmates/Content/Developers/Owner/Collections/' took 0.00s
[2020.04.09-19.54.05:876][  0]LogFileCache: Scanning file cache for directory 'F:/C drive/Documents/Github/Stolemates/Stolenmates/Content/Collections/' took 0.00s
[2020.04.09-19.54.05:876][  0]LogCollectionManager: Rebuilt the GUID cache for 0 collections in 0.000001 seconds
[2020.04.09-19.54.05:936][  0]LogContentBrowser: Native class hierarchy populated in 0.0371 seconds. Added 2868 classes and 682 folders.
[2020.04.09-19.54.06:001][  0]LogContentBrowser: Native class hierarchy updated for 'WidgetCarousel' in 0.0003 seconds. Added 0 classes and 0 folders.
[2020.04.09-19.54.07:431][  0]LogContentBrowser: Native class hierarchy updated for 'AddContentDialog' in 0.0003 seconds. Added 0 classes and 0 folders.
[2020.04.09-19.54.07:453][  0]LogContentBrowser: Native class hierarchy updated for 'SceneOutliner' in 0.0003 seconds. Added 1 classes and 2 folders.
[2020.04.09-19.54.07:912][  0]LogSlate: Took 0.017835 seconds to synchronously load lazily loaded font '../../../Engine/Content/Slate/Fonts/Roboto-Regular.ttf' (155K)
[2020.04.09-19.54.07:926][  0]LogSlate: Took 0.011816 seconds to synchronously load lazily loaded font '../../../Engine/Content/Slate/Fonts/Roboto-Bold.ttf' (160K)
[2020.04.09-19.54.07:942][  0]LogSlate: Took 0.012747 seconds to synchronously load lazily loaded font '../../../Engine/Content/Editor/Slate/Fonts/FontAwesome.ttf' (139K)
[2020.04.09-19.54.08:231][  0]LogRenderer: Reallocating scene render targets to support 1172x604 Format 10 NumSamples 1 (Frame:1).
[2020.04.09-19.54.08:637][  0]LogContentBrowser: Native class hierarchy updated for 'HierarchicalLODOutliner' in 0.0003 seconds. Added 0 classes and 0 folders.
[2020.04.09-19.54.08:637][  0]LogLoad: (Engine Initialization) Total time: 758.03 seconds
[2020.04.09-19.54.08:638][  0]LogLoad: (Engine Initialization) Total Blueprint compile time: 0.00 seconds
[2020.04.09-19.54.08:776][  0]LogContentStreaming: Texture pool size now 1000 MB
[2020.04.09-19.54.08:910][  0]LogSlate: Took 0.017671 seconds to synchronously load lazily loaded font '../../../Engine/Content/Slate/Fonts/Roboto-Light.ttf' (167K)
[2020.04.09-19.54.08:971][  1]LogAssetRegistry: Asset discovery search completed in 193.4827 seconds
[2020.04.09-19.54.08:975][  1]LogCollectionManager: Rebuilt the object cache for 0 collections in 0.000007 seconds (found 0 objects)
[2020.04.09-19.54.08:975][  1]LogCollectionManager: Fixed up redirectors for 0 collections in 0.000082 seconds (updated 0 objects)
[2020.04.09-20.02.09:183][827]LogEditorSessionSummary: EditorSessionSummary sent report. Type=Shutdown, SessionId={83EA01D6-497E-E74E-EF2B-29BF4977E05F}
[2020.04.09-20.11.12:135][991]LogSlate: FSceneViewport::OnFocusLost() reason 0
[2020.04.09-20.11.12:296][  9]LogSlate: Took 0.000166 seconds to synchronously load lazily loaded font '../../../Engine/Content/Slate/Fonts/Roboto-Light.ttf' (167K)
[2020.04.09-20.11.12:588][  9]LogAIModule: Creating AISystem for world HUDLEVEL
[2020.04.09-20.11.12:616][  9]LogAssetEditorManager: Opening Asset editor for World /Game/Levels/HUDLEVEL.HUDLEVEL
[2020.04.09-20.11.12:652][  9]LogUObjectHash: Compacting FUObjectHashTables data took   2.48ms
[2020.04.09-20.11.12:670][  9]Cmd: MAP LOAD FILE="../../../../../../C drive/Documents/Github/Stolemates/Stolenmates/Content/Levels/HUDLEVEL.umap" TEMPLATE=0 SHOWPROGRESS=1 FEATURELEVEL=3
[2020.04.09-20.11.12:670][  9]LightingResults: New page: Lighting Build
[2020.04.09-20.11.12:670][  9]LoadErrors: New page: Loading map: HUDLEVEL.umap
[2020.04.09-20.11.12:685][  9]LogWorld: UWorld::CleanupWorld for Final_Level, bSessionEnded=true, bCleanupResources=true
[2020.04.09-20.11.12:698][  9]MapCheck: New page: Map Check
[2020.04.09-20.11.12:698][  9]LightingResults: New page: Lighting Build
[2020.04.09-20.11.12:731][  9]LogUObjectHash: Compacting FUObjectHashTables data took   2.48ms
[2020.04.09-20.11.12:802][  9]LogEditorServer: Finished looking for orphan Actors (0.000 secs)
[2020.04.09-20.11.12:826][  9]LogUObjectHash: Compacting FUObjectHashTables data took   1.96ms
[2020.04.09-20.11.12:851][  9]Cmd: MAP CHECKDEP NOCLEARLOG
[2020.04.09-20.11.12:851][  9]MapCheck: Map check complete: 0 Error(s), 0 Warning(s), took 0.07ms to complete.
[2020.04.09-20.11.12:851][  9]LogFileHelpers: Loading map 'HUDLEVEL' took 0.198
[2020.04.09-20.11.12:920][ 12]LogRenderer: Reallocating scene render targets to support 1172x1024 Format 10 NumSamples 1 (Frame:1).
[2020.04.09-20.11.14:348][177]LogTemp: Repeating last play command: Selected Viewport
[2020.04.09-20.11.14:380][177]LogBlueprintUserMessages: Early PlayInEditor Detection: Level '/Game/Levels/HUDLEVEL.HUDLEVEL:PersistentLevel' has LevelScriptBlueprint '/Game/Levels/HUDLEVEL.HUDLEVEL:PersistentLevel.HUDLEVEL' with GeneratedClass '/Game/Levels/HUDLEVEL.HUDLEVEL_C' with ClassGeneratedBy '/Game/Levels/HUDLEVEL.HUDLEVEL:PersistentLevel.HUDLEVEL'
[2020.04.09-20.11.14:394][177]LogPlayLevel: PlayLevel: No blueprints needed recompiling
[2020.04.09-20.11.14:411][177]PIE: New page: PIE session: HUDLEVEL (Apr 9, 2020, 12:11:14 PM)
[2020.04.09-20.11.14:413][177]LogOnline: OSS: Creating online subsystem instance for: NULL
[2020.04.09-20.11.14:436][177]LogPlayLevel: Creating play world package: /Game/Levels/UEDPIE_0_HUDLEVEL
[2020.04.09-20.11.14:452][177]LogPlayLevel: PIE: StaticDuplicateObject took: (0.016676s)
[2020.04.09-20.11.14:453][177]LogAIModule: Creating AISystem for world HUDLEVEL
[2020.04.09-20.11.14:467][177]LogPlayLevel: PIE: World Init took: (0.014087s)
[2020.04.09-20.11.14:467][177]LogPlayLevel: PIE: Created PIE world by copying editor world from /Game/Levels/HUDLEVEL.HUDLEVEL to /Game/Levels/UEDPIE_0_HUDLEVEL.HUDLEVEL (0.031047s)
[2020.04.09-20.11.14:489][177]LogUObjectHash: Compacting FUObjectHashTables data took   1.54ms
[2020.04.09-20.11.14:530][177]LogInit: XAudio2 using 'Speakers (High Definition Audio Device)' : 2 channels at 44.1 kHz using 16 bits per sample (channel mask 0x3)
[2020.04.09-20.11.14:547][177]LogInit: FAudioDevice initialized.
[2020.04.09-20.11.14:566][177]LogLoad: Game class is 'BP_GameMode_C'
[2020.04.09-20.11.14:592][177]LogWorld: Bringing World /Game/Levels/UEDPIE_0_HUDLEVEL.HUDLEVEL up for play (max tick rate 0) at 2020.04.09-16.11.14
[2020.04.09-20.11.14:599][177]LogWorld: Bringing up level for play took: 0.007530
[2020.04.09-20.11.14:628][177]LogOnline: OSS: Creating online subsystem instance for: :Context_1
[2020.04.09-20.11.14:679][177]LogContentBrowser: Native class hierarchy updated for 'MovieSceneCapture' in 0.0004 seconds. Added 20 classes and 0 folders.
[2020.04.09-20.11.14:785][177]LogActor: Warning: BP_Camera_C /Game/Levels/UEDPIE_0_HUDLEVEL.HUDLEVEL:PersistentLevel.BP_Camera_C_0 has natively added scene component(s), but none of them were set as the actor's RootComponent - picking one arbitrarily
[2020.04.09-20.11.14:785][177]LogOutputDevice: Warning: 

Script Stack (0 frames):

[2020.04.09-20.11.14:785][177]LogWindows: Windows GetLastError: The operation completed successfully. (0)
[2020.04.09-20.11.24:748][177]LogWindows: Error: === Critical error: ===
[2020.04.09-20.11.24:748][177]LogWindows: Error: 
[2020.04.09-20.11.24:748][177]LogWindows: Error: Assertion failed: (Index >= 0) & (Index < ArrayNum) [File:F:\Programs\Unreal\UE_4.23\Engine\Source\Runtime\Core\Public\Containers/Array.h] [Line: 614] 
[2020.04.09-20.11.24:748][177]LogWindows: Error: Array index out of bounds: 0 from an array of size 0
[2020.04.09-20.11.24:748][177]LogWindows: Error: 
[2020.04.09-20.11.24:748][177]LogWindows: Error: 
[2020.04.09-20.11.24:748][177]LogWindows: Error: [Callstack] 0x00007ffa41f4a859 KERNELBASE.dll!UnknownFunction []
[2020.04.09-20.11.24:748][177]LogWindows: Error: [Callstack] 0x00007ffa0233a367 UE4Editor-Core.dll!UnknownFunction []
[2020.04.09-20.11.24:748][177]LogWindows: Error: [Callstack] 0x00007ffa0233cbc4 UE4Editor-Core.dll!UnknownFunction []
[2020.04.09-20.11.24:748][177]LogWindows: Error: [Callstack] 0x00007ffa02131ada UE4Editor-Core.dll!UnknownFunction []
[2020.04.09-20.11.24:748][177]LogWindows: Error: [Callstack] 0x00007ffa020867a3 UE4Editor-Core.dll!UnknownFunction []
[2020.04.09-20.11.24:748][177]LogWindows: Error: [Callstack] 0x00007ffa02086eb0 UE4Editor-Core.dll!UnknownFunction []
[2020.04.09-20.11.24:748][177]LogWindows: Error: [Callstack] 0x00007ffa2abef058 UE4Editor-Stolenmates.dll!DispatchCheckVerify<void,<lambda_aae997db0dc3a7c3d4cb89a93e151533> >() [f:\programs\unreal\ue_4.23\engine\source\runtime\core\public\misc\assertionmacros.h:165]
[2020.04.09-20.11.24:748][177]LogWindows: Error: [Callstack] 0x00007ffa2abe521d UE4Editor-Stolenmates.dll!AStolenmatesGameModeBase::StartPlay() [f:\c drive\documents\github\stolemates\stolenmates\source\stolenmates\stolenmatesgamemodebase.cpp:35]
[2020.04.09-20.11.24:748][177]LogWindows: Error: [Callstack] 0x00007ff9f599244e UE4Editor-Engine.dll!UnknownFunction []
[2020.04.09-20.11.24:748][177]LogWindows: Error: [Callstack] 0x00007ff9f4e3ad29 UE4Editor-Engine.dll!UnknownFunction []
[2020.04.09-20.11.24:748][177]LogWindows: Error: [Callstack] 0x00007ff9d38e50b3 UE4Editor-UnrealEd.dll!UnknownFunction []
[2020.04.09-20.11.24:748][177]LogWindows: Error: [Callstack] 0x00007ff9d3904361 UE4Editor-UnrealEd.dll!UnknownFunction []
[2020.04.09-20.11.24:748][177]LogWindows: Error: [Callstack] 0x00007ff9d391e265 UE4Editor-UnrealEd.dll!UnknownFunction []
[2020.04.09-20.11.24:748][177]LogWindows: Error: [Callstack] 0x00007ff9d33dd9b4 UE4Editor-UnrealEd.dll!UnknownFunction []
[2020.04.09-20.11.24:748][177]LogWindows: Error: [Callstack] 0x00007ff9d3c35296 UE4Editor-UnrealEd.dll!UnknownFunction []
[2020.04.09-20.11.24:748][177]LogWindows: Error: [Callstack] 0x00007ff788377b0a UE4Editor.exe!UnknownFunction []
[2020.04.09-20.11.24:748][177]LogWindows: Error: [Callstack] 0x00007ff78838a91c UE4Editor.exe!UnknownFunction []
[2020.04.09-20.11.24:748][177]LogWindows: Error: [Callstack] 0x00007ff78838a9fa UE4Editor.exe!UnknownFunction []
[2020.04.09-20.11.24:748][177]LogWindows: Error: [Callstack] 0x00007ff78839b92c UE4Editor.exe!UnknownFunction []
[2020.04.09-20.11.24:748][177]LogWindows: Error: [Callstack] 0x00007ff78839e60e UE4Editor.exe!UnknownFunction []
[2020.04.09-20.11.24:748][177]LogWindows: Error: [Callstack] 0x00007ffa43047bd4 KERNEL32.DLL!UnknownFunction []
[2020.04.09-20.11.24:748][177]LogWindows: Error: [Callstack] 0x00007ffa44feced1 ntdll.dll!UnknownFunction []
[2020.04.09-20.11.24:748][177]LogWindows: Error: 
[2020.04.09-20.11.24:865][177]LogExit: Executing StaticShutdownAfterError
[2020.04.09-20.11.24:898][177]LogWindows: FPlatformMisc::RequestExit(1)
[2020.04.09-20.11.24:951][177]Log file closed, 04/09/20 16:11:24
