Log file open, 12/05/19 16:18:54
LogWindows: Failed to load 'aqProf.dll' (GetLastError=126)
LogWindows: File 'aqProf.dll' does not exist
LogWindows: Failed to load 'VtuneApi.dll' (GetLastError=126)
LogWindows: File 'VtuneApi.dll' does not exist
LogWindows: Failed to load 'VtuneApi32e.dll' (GetLastError=126)
LogWindows: File 'VtuneApi32e.dll' does not exist
LogConsoleResponse: Display: Failed to find resolution value strings in scalability ini. Falling back to default.
LogInit: Display: Running engine for game: Stolenmates
LogPlatformFile: Not using cached read wrapper
LogTaskGraph: Started task graph with 5 named threads and 23 total threads with 3 sets of task threads.
LogStats: Stats thread started at 0.155918
LogD3D11RHI: Loaded GFSDK_Aftermath_Lib.x64.dll
LogICUInternationalization: ICU TimeZone Detection - Raw Offset: -5:00, Platform Override: ''
LogPluginManager: Mounting plugin Paper2D
LogPluginManager: Mounting plugin AISupport
LogPluginManager: Mounting plugin LightPropagationVolume
LogPluginManager: Mounting plugin ActorLayerUtilities
LogPluginManager: Mounting plugin AnimationSharing
LogPluginManager: Mounting plugin CLionSourceCodeAccess
LogPluginManager: Mounting plugin CodeLiteSourceCodeAccess
LogPluginManager: Mounting plugin GitSourceControl
LogPluginManager: Mounting plugin KDevelopSourceCodeAccess
LogPluginManager: Mounting plugin NullSourceCodeAccess
LogPluginManager: Mounting plugin PerforceSourceControl
LogPluginManager: Mounting plugin SubversionSourceControl
LogPluginManager: Mounting plugin UObjectPlugin
LogPluginManager: Mounting plugin VisualStudioCodeSourceCodeAccess
LogPluginManager: Mounting plugin VisualStudioSourceCodeAccess
LogPluginManager: Mounting plugin XCodeSourceCodeAccess
LogPluginManager: Mounting plugin AssetManagerEditor
LogPluginManager: Mounting plugin CryptoKeys
LogPluginManager: Mounting plugin CurveEditorTools
LogPluginManager: Mounting plugin DataValidation
LogPluginManager: Mounting plugin FacialAnimation
LogPluginManager: Mounting plugin GameplayTagsEditor
LogPluginManager: Mounting plugin MacGraphicsSwitching
LogPluginManager: Mounting plugin MaterialAnalyzer
LogPluginManager: Mounting plugin MobileLauncherProfileWizard
LogPluginManager: Mounting plugin PluginBrowser
LogPluginManager: Mounting plugin SpeedTreeImporter
LogPluginManager: Mounting plugin DatasmithContent
LogPluginManager: Mounting plugin VariantManagerContent
LogPluginManager: Mounting plugin AlembicImporter
LogPluginManager: Mounting plugin AutomationUtils
LogPluginManager: Mounting plugin BackChannel
LogPluginManager: Mounting plugin CharacterAI
LogPluginManager: Mounting plugin GeometryCache
LogPluginManager: Mounting plugin HTML5Networking
LogPluginManager: Mounting plugin PlatformCrypto
LogPluginManager: Mounting plugin ProxyLODPlugin
LogPluginManager: Mounting plugin SkeletalReduction
LogPluginManager: Mounting plugin MagicLeap
LogPluginManager: Mounting plugin MagicLeapMedia
LogPluginManager: Mounting plugin AndroidMedia
LogPluginManager: Mounting plugin AvfMedia
LogPluginManager: Mounting plugin ImgMedia
LogPluginManager: Mounting plugin MediaCompositing
LogPluginManager: Mounting plugin MediaPlayerEditor
LogPluginManager: Mounting plugin WebMMedia
LogPluginManager: Mounting plugin WmfMedia
LogPluginManager: Mounting plugin TcpMessaging
LogPluginManager: Mounting plugin UdpMessaging
LogPluginManager: Mounting plugin ActorSequence
LogPluginManager: Mounting plugin LevelSequenceEditor
LogPluginManager: Mounting plugin MatineeToLevelSequence
LogPluginManager: Mounting plugin NetcodeUnitTest
LogPluginManager: Mounting plugin NUTUnrealEngine4
LogPluginManager: Mounting plugin OnlineSubsystemGooglePlay
LogPluginManager: Mounting plugin OnlineSubsystemIOS
LogPluginManager: Mounting plugin OnlineSubsystem
LogPluginManager: Mounting plugin OnlineSubsystemNull
LogPluginManager: Mounting plugin OnlineSubsystemUtils
LogPluginManager: Mounting plugin LauncherChunkInstaller
LogPluginManager: Mounting plugin AndroidDeviceProfileSelector
LogPluginManager: Mounting plugin AndroidMoviePlayer
LogPluginManager: Mounting plugin AndroidPermission
LogPluginManager: Mounting plugin AppleImageUtils
LogPluginManager: Mounting plugin AppleMoviePlayer
LogPluginManager: Mounting plugin ArchVisCharacter
LogPluginManager: Mounting plugin AudioCapture
LogPluginManager: Mounting plugin CableComponent
LogPluginManager: Mounting plugin CustomMeshComponent
LogPluginManager: Mounting plugin EditableMesh
LogPluginManager: Mounting plugin ExampleDeviceProfileSelector
LogPluginManager: Mounting plugin GoogleCloudMessaging
LogPluginManager: Mounting plugin IOSDeviceProfileSelector
LogPluginManager: Mounting plugin LinuxDeviceProfileSelector
LogPluginManager: Mounting plugin LocationServicesBPLibrary
LogPluginManager: Mounting plugin MobilePatchingUtils
LogPluginManager: Mounting plugin OculusVR
LogPluginManager: Mounting plugin PhysXVehicles
LogPluginManager: Mounting plugin ProceduralMeshComponent
LogPluginManager: Mounting plugin RuntimePhysXCooking
LogPluginManager: Mounting plugin SignificanceManager
LogPluginManager: Mounting plugin SteamVR
LogPluginManager: Mounting plugin WebMMoviePlayer
LogPluginManager: Mounting plugin WindowsMoviePlayer
LogPluginManager: Mounting plugin ScreenshotTools
LogInit: Using libcurl 7.55.1-DEV
LogInit:  - built for x86_64-pc-win32
LogInit:  - supports SSL with OpenSSL/1.1.1
LogInit:  - supports HTTP deflate (compression) using libz 1.2.8
LogInit:  - other features:
LogInit:      CURL_VERSION_SSL
LogInit:      CURL_VERSION_LIBZ
LogInit:      CURL_VERSION_IPV6
LogInit:      CURL_VERSION_ASYNCHDNS
LogInit:      CURL_VERSION_LARGEFILE
LogInit:      CURL_VERSION_IDN
LogInit:  CurlRequestOptions (configurable via config and command line):
LogInit:  - bVerifyPeer = true  - Libcurl will verify peer certificate
LogInit:  - bUseHttpProxy = false  - Libcurl will NOT use HTTP proxy
LogInit:  - bDontReuseConnections = false  - Libcurl will reuse connections
LogInit:  - MaxHostConnections = 16  - Libcurl will limit the number of connections to a host
LogInit:  - LocalHostAddr = Default
LogInit:  - BufferSize = 65536
LogOnline: OSS: Creating online subsystem instance for: NULL
LogInit: WinSock: version 1.1 (2.2), MaxSocks=32767, MaxUdp=65467
LogInit: Build: ++UE4+Release-4.23-CL-9631420
LogInit: Engine Version: 4.23.1-9631420+++UE4+Release-4.23
LogInit: Compatible Engine Version: 4.23.0-8386587+++UE4+Release-4.23
LogInit: Net CL: 8386587
LogInit: OS: Windows 10 (Release 1809) (), CPU: Intel(R) Core(TM) i7-7700 CPU @ 3.60GHz, GPU: NVIDIA GeForce GTX 1070
LogInit: Compiled (64-bit): Oct 18 2019 02:07:44
LogInit: Compiled with Visual C++: 19.16.27030.01
LogInit: Build Configuration: Development
LogInit: Branch Name: ++UE4+Release-4.23
LogInit: Command Line:  -skipcompile
LogInit: Base Directory: C:/Program Files/Epic Games/UE_4.23/Engine/Binaries/Win64/
LogInit: Installed Engine Build: 1
LogDevObjectVersion: Number of dev versions registered: 23
LogDevObjectVersion:   Dev-Blueprints (B0D832E4-1F89-4F0D-ACCF-7EB736FD4AA2): 10
LogDevObjectVersion:   Dev-Build (E1C64328-A22C-4D53-A36C-8E866417BD8C): 0
LogDevObjectVersion:   Dev-Core (375EC13C-06E4-48FB-B500-84F0262A717E): 3
LogDevObjectVersion:   Dev-Editor (E4B068ED-F494-42E9-A231-DA0B2E46BB41): 34
LogDevObjectVersion:   Dev-Framework (CFFC743F-43B0-4480-9391-14DF171D2073): 35
LogDevObjectVersion:   Dev-Mobile (B02B49B5-BB20-44E9-A304-32B752E40360): 2
LogDevObjectVersion:   Dev-Networking (A4E4105C-59A1-49B5-A7C5-40C4547EDFEE): 0
LogDevObjectVersion:   Dev-Online (39C831C9-5AE6-47DC-9A44-9C173E1C8E7C): 0
LogDevObjectVersion:   Dev-Physics (78F01B33-EBEA-4F98-B9B4-84EACCB95AA2): 0
LogDevObjectVersion:   Dev-Platform (6631380F-2D4D-43E0-8009-CF276956A95A): 0
LogDevObjectVersion:   Dev-Rendering (12F88B9F-8875-4AFC-A67C-D90C383ABD29): 31
LogDevObjectVersion:   Dev-Sequencer (7B5AE74C-D270-4C10-A958-57980B212A5A): 11
LogDevObjectVersion:   Dev-VR (D7296918-1DD6-4BDD-9DE2-64A83CC13884): 2
LogDevObjectVersion:   Dev-LoadTimes (C2A15278-BFE7-4AFE-6C17-90FF531DF755): 1
LogDevObjectVersion:   Private-Geometry (6EACA3D4-40EC-4CC1-B786-8BED09428FC5): 3
LogDevObjectVersion:   Dev-AnimPhys (29E575DD-E0A3-4627-9D10-D276232CDCEA): 17
LogDevObjectVersion:   Dev-Anim (AF43A65D-7FD3-4947-9873-3E8ED9C1BB05): 2
LogDevObjectVersion:   Dev-ReflectionCapture (6B266CEC-1EC7-4B8F-A30B-E4D90942FC07): 1
LogDevObjectVersion:   Dev-Automation (0DF73D61-A23F-47EA-B727-89E90C41499A): 1
LogDevObjectVersion:   FortniteMain (601D1886-AC64-4F84-AA16-D3DE0DEAC7D6): 27
LogDevObjectVersion:   Dev-Enterprise (9DFFBCD6-494F-0158-E221-12823C92A888): 6
LogDevObjectVersion:   Dev-Niagara (F2AED0AC-9AFE-416F-8664-AA7FFA26D6FC): 1
LogDevObjectVersion:   Dev-Destruction (174F1F0B-B4C6-45A5-B13F-2EE8D0FB917D): 9
LogInit: Presizing for max 16777216 objects, including 0 objects not considered by GC, pre-allocating 0 bytes for permanent pool.
LogInit: Object subsystem initialized
LogConfig: Setting CVar [[con.DebugEarlyDefault:1]]
LogConfig: Setting CVar [[r.setres:1280x720]]
[2019.12.05-21.18.54:936][  0]LogConfig: Setting CVar [[r.VSync:0]]
[2019.12.05-21.18.54:936][  0]LogConfig: Setting CVar [[r.RHICmdBypass:0]]
[2019.12.05-21.18.54:936][  0]LogConfig: Applying CVar settings from Section [/Script/Engine.RendererSettings] File [C:/Users/tbiss/Documents/GitHub/Stolemates/Stolenmates/Saved/Config/Windows/Engine.ini]
[2019.12.05-21.18.54:936][  0]LogConfig: Setting CVar [[r.GPUCrashDebugging:0]]
[2019.12.05-21.18.54:936][  0]LogConfig: Setting CVar [[r.DefaultFeature.AutoExposure.ExtendDefaultLuminanceRange:1]]
[2019.12.05-21.18.54:936][  0]LogConfig: Applying CVar settings from Section [/Script/Engine.RendererOverrideSettings] File [C:/Users/tbiss/Documents/GitHub/Stolemates/Stolenmates/Saved/Config/Windows/Engine.ini]
[2019.12.05-21.18.54:936][  0]LogConfig: Applying CVar settings from Section [/Script/Engine.StreamingSettings] File [C:/Users/tbiss/Documents/GitHub/Stolemates/Stolenmates/Saved/Config/Windows/Engine.ini]
[2019.12.05-21.18.54:936][  0]LogConfig: Setting CVar [[s.MinBulkDataSizeForAsyncLoading:131072]]
[2019.12.05-21.18.54:936][  0]LogConfig: Setting CVar [[s.AsyncLoadingThreadEnabled:0]]
[2019.12.05-21.18.54:936][  0]LogConfig: Setting CVar [[s.EventDrivenLoaderEnabled:1]]
[2019.12.05-21.18.54:936][  0]LogConfig: Setting CVar [[s.WarnIfTimeLimitExceeded:0]]
[2019.12.05-21.18.54:937][  0]LogConfig: Setting CVar [[s.TimeLimitExceededMultiplier:1.5]]
[2019.12.05-21.18.54:937][  0]LogConfig: Setting CVar [[s.TimeLimitExceededMinTime:0.005]]
[2019.12.05-21.18.54:937][  0]LogConfig: Setting CVar [[s.UseBackgroundLevelStreaming:1]]
[2019.12.05-21.18.54:937][  0]LogConfig: Setting CVar [[s.PriorityAsyncLoadingExtraTime:15.0]]
[2019.12.05-21.18.54:937][  0]LogConfig: Setting CVar [[s.LevelStreamingActorsUpdateTimeLimit:5.0]]
[2019.12.05-21.18.54:937][  0]LogConfig: Setting CVar [[s.PriorityLevelStreamingActorsUpdateExtraTime:5.0]]
[2019.12.05-21.18.54:937][  0]LogConfig: Setting CVar [[s.LevelStreamingComponentsRegistrationGranularity:10]]
[2019.12.05-21.18.54:937][  0]LogConfig: Setting CVar [[s.UnregisterComponentsTimeLimit:1.0]]
[2019.12.05-21.18.54:937][  0]LogConfig: Setting CVar [[s.LevelStreamingComponentsUnregistrationGranularity:5]]
[2019.12.05-21.18.54:937][  0]LogConfig: Applying CVar settings from Section [/Script/Engine.GarbageCollectionSettings] File [C:/Users/tbiss/Documents/GitHub/Stolemates/Stolenmates/Saved/Config/Windows/Engine.ini]
[2019.12.05-21.18.54:937][  0]LogConfig: Setting CVar [[gc.MaxObjectsNotConsideredByGC:1]]
[2019.12.05-21.18.54:937][  0]LogConfig: Setting CVar [[gc.SizeOfPermanentObjectPool:0]]
[2019.12.05-21.18.54:937][  0]LogConfig: Setting CVar [[gc.FlushStreamingOnGC:0]]
[2019.12.05-21.18.54:937][  0]LogConfig: Setting CVar [[gc.NumRetriesBeforeForcingGC:10]]
[2019.12.05-21.18.54:937][  0]LogConfig: Setting CVar [[gc.AllowParallelGC:1]]
[2019.12.05-21.18.54:937][  0]LogConfig: Setting CVar [[gc.TimeBetweenPurgingPendingKillObjects:61.1]]
[2019.12.05-21.18.54:937][  0]LogConfig: Setting CVar [[gc.MaxObjectsInEditor:16777216]]
[2019.12.05-21.18.54:937][  0]LogConfig: Setting CVar [[gc.IncrementalBeginDestroyEnabled:1]]
[2019.12.05-21.18.54:937][  0]LogConfig: Setting CVar [[gc.CreateGCClusters:1]]
[2019.12.05-21.18.54:937][  0]LogConfig: Setting CVar [[gc.MinGCClusterSize:5]]
[2019.12.05-21.18.54:937][  0]LogConfig: Setting CVar [[gc.ActorClusteringEnabled:0]]
[2019.12.05-21.18.54:938][  0]LogConfig: Setting CVar [[gc.BlueprintClusteringEnabled:0]]
[2019.12.05-21.18.54:938][  0]LogConfig: Setting CVar [[gc.UseDisregardForGCOnDedicatedServers:0]]
[2019.12.05-21.18.54:938][  0]LogConfig: Applying CVar settings from Section [/Script/Engine.NetworkSettings] File [C:/Users/tbiss/Documents/GitHub/Stolemates/Stolenmates/Saved/Config/Windows/Engine.ini]
[2019.12.05-21.18.54:938][  0]LogConfig: Applying CVar settings from Section [/Script/UnrealEd.CookerSettings] File [C:/Users/tbiss/Documents/GitHub/Stolemates/Stolenmates/Saved/Config/Windows/Engine.ini]
[2019.12.05-21.18.54:942][  0]LogConfig: Applying CVar settings from Section [ViewDistanceQuality@3] File [C:/Users/tbiss/Documents/GitHub/Stolemates/Stolenmates/Saved/Config/Windows/Scalability.ini]
[2019.12.05-21.18.54:942][  0]LogConfig: Setting CVar [[r.SkeletalMeshLODBias:0]]
[2019.12.05-21.18.54:942][  0]LogConfig: Setting CVar [[r.ViewDistanceScale:1.0]]
[2019.12.05-21.18.54:942][  0]LogConfig: Applying CVar settings from Section [AntiAliasingQuality@3] File [C:/Users/tbiss/Documents/GitHub/Stolemates/Stolenmates/Saved/Config/Windows/Scalability.ini]
[2019.12.05-21.18.54:942][  0]LogConfig: Setting CVar [[r.PostProcessAAQuality:4]]
[2019.12.05-21.18.54:942][  0]LogConfig: Applying CVar settings from Section [ShadowQuality@3] File [C:/Users/tbiss/Documents/GitHub/Stolemates/Stolenmates/Saved/Config/Windows/Scalability.ini]
[2019.12.05-21.18.54:942][  0]LogConfig: Setting CVar [[r.LightFunctionQuality:1]]
[2019.12.05-21.18.54:942][  0]LogConfig: Setting CVar [[r.ShadowQuality:5]]
[2019.12.05-21.18.54:942][  0]LogConfig: Setting CVar [[r.Shadow.CSM.MaxCascades:10]]
[2019.12.05-21.18.54:942][  0]LogConfig: Setting CVar [[r.Shadow.MaxResolution:2048]]
[2019.12.05-21.18.54:942][  0]LogConfig: Setting CVar [[r.Shadow.MaxCSMResolution:2048]]
[2019.12.05-21.18.54:942][  0]LogConfig: Setting CVar [[r.Shadow.RadiusThreshold:0.01]]
[2019.12.05-21.18.54:942][  0]LogConfig: Setting CVar [[r.Shadow.DistanceScale:1.0]]
[2019.12.05-21.18.54:942][  0]LogConfig: Setting CVar [[r.Shadow.CSM.TransitionScale:1.0]]
[2019.12.05-21.18.54:943][  0]LogConfig: Setting CVar [[r.Shadow.PreShadowResolutionFactor:1.0]]
[2019.12.05-21.18.54:943][  0]LogConfig: Setting CVar [[r.DistanceFieldShadowing:1]]
[2019.12.05-21.18.54:943][  0]LogConfig: Setting CVar [[r.DistanceFieldAO:1]]
[2019.12.05-21.18.54:943][  0]LogConfig: Setting CVar [[r.AOQuality:2]]
[2019.12.05-21.18.54:943][  0]LogConfig: Setting CVar [[r.VolumetricFog:1]]
[2019.12.05-21.18.54:943][  0]LogConfig: Setting CVar [[r.VolumetricFog.GridPixelSize:8]]
[2019.12.05-21.18.54:943][  0]LogConfig: Setting CVar [[r.VolumetricFog.GridSizeZ:128]]
[2019.12.05-21.18.54:943][  0]LogConfig: Setting CVar [[r.VolumetricFog.HistoryMissSupersampleCount:4]]
[2019.12.05-21.18.54:943][  0]LogConfig: Setting CVar [[r.LightMaxDrawDistanceScale:1]]
[2019.12.05-21.18.54:943][  0]LogConfig: Setting CVar [[r.CapsuleShadows:1]]
[2019.12.05-21.18.54:943][  0]LogConfig: Applying CVar settings from Section [PostProcessQuality@3] File [C:/Users/tbiss/Documents/GitHub/Stolemates/Stolenmates/Saved/Config/Windows/Scalability.ini]
[2019.12.05-21.18.54:943][  0]LogConfig: Setting CVar [[r.MotionBlurQuality:4]]
[2019.12.05-21.18.54:943][  0]LogConfig: Setting CVar [[r.AmbientOcclusionMipLevelFactor:0.4]]
[2019.12.05-21.18.54:943][  0]LogConfig: Setting CVar [[r.AmbientOcclusionMaxQuality:100]]
[2019.12.05-21.18.54:943][  0]LogConfig: Setting CVar [[r.AmbientOcclusionLevels:-1]]
[2019.12.05-21.18.54:943][  0]LogConfig: Setting CVar [[r.AmbientOcclusionRadiusScale:1.0]]
[2019.12.05-21.18.54:943][  0]LogConfig: Setting CVar [[r.DepthOfFieldQuality:2]]
[2019.12.05-21.18.54:943][  0]LogConfig: Setting CVar [[r.RenderTargetPoolMin:400]]
[2019.12.05-21.18.54:943][  0]LogConfig: Setting CVar [[r.LensFlareQuality:2]]
[2019.12.05-21.18.54:943][  0]LogConfig: Setting CVar [[r.SceneColorFringeQuality:1]]
[2019.12.05-21.18.54:943][  0]LogConfig: Setting CVar [[r.EyeAdaptationQuality:2]]
[2019.12.05-21.18.54:944][  0]LogConfig: Setting CVar [[r.BloomQuality:5]]
[2019.12.05-21.18.54:944][  0]LogConfig: Setting CVar [[r.FastBlurThreshold:100]]
[2019.12.05-21.18.54:944][  0]LogConfig: Setting CVar [[r.Upscale.Quality:3]]
[2019.12.05-21.18.54:944][  0]LogConfig: Setting CVar [[r.Tonemapper.GrainQuantization:1]]
[2019.12.05-21.18.54:944][  0]LogConfig: Setting CVar [[r.LightShaftQuality:1]]
[2019.12.05-21.18.54:944][  0]LogConfig: Setting CVar [[r.Filter.SizeScale:1]]
[2019.12.05-21.18.54:944][  0]LogConfig: Setting CVar [[r.Tonemapper.Quality:5]]
[2019.12.05-21.18.54:944][  0]LogConfig: Setting CVar [[r.DOF.Gather.AccumulatorQuality:1        ; higher gathering accumulator quality]]
[2019.12.05-21.18.54:944][  0]LogConfig: Setting CVar [[r.DOF.Gather.PostfilterMethod:1          ; Median3x3 postfilering method]]
[2019.12.05-21.18.54:944][  0]LogConfig: Setting CVar [[r.DOF.Gather.EnableBokehSettings:0       ; no bokeh simulation when gathering]]
[2019.12.05-21.18.54:944][  0]LogConfig: Setting CVar [[r.DOF.Gather.RingCount:4                 ; medium number of samples when gathering]]
[2019.12.05-21.18.54:944][  0]LogConfig: Setting CVar [[r.DOF.Scatter.ForegroundCompositing:1    ; additive foreground scattering]]
[2019.12.05-21.18.54:944][  0]LogConfig: Setting CVar [[r.DOF.Scatter.BackgroundCompositing:2    ; additive background scattering]]
[2019.12.05-21.18.54:944][  0]LogConfig: Setting CVar [[r.DOF.Scatter.EnableBokehSettings:1      ; bokeh simulation when scattering]]
[2019.12.05-21.18.54:944][  0]LogConfig: Setting CVar [[r.DOF.Scatter.MaxSpriteRatio:0.1         ; only a maximum of 10% of scattered bokeh]]
[2019.12.05-21.18.54:944][  0]LogConfig: Setting CVar [[r.DOF.Recombine.Quality:1                ; cheap slight out of focus]]
[2019.12.05-21.18.54:944][  0]LogConfig: Setting CVar [[r.DOF.Recombine.EnableBokehSettings:0    ; no bokeh simulation on slight out of focus]]
[2019.12.05-21.18.54:944][  0]LogConfig: Setting CVar [[r.DOF.TemporalAAQuality:1                ; more stable temporal accumulation]]
[2019.12.05-21.18.54:944][  0]LogConfig: Setting CVar [[r.DOF.Kernel.MaxForegroundRadius:0.025]]
[2019.12.05-21.18.54:944][  0]LogConfig: Setting CVar [[r.DOF.Kernel.MaxBackgroundRadius:0.025]]
[2019.12.05-21.18.54:944][  0]LogConfig: Applying CVar settings from Section [TextureQuality@3] File [C:/Users/tbiss/Documents/GitHub/Stolemates/Stolenmates/Saved/Config/Windows/Scalability.ini]
[2019.12.05-21.18.54:944][  0]LogConfig: Setting CVar [[r.Streaming.MipBias:0]]
[2019.12.05-21.18.54:945][  0]LogConfig: Setting CVar [[r.Streaming.AmortizeCPUToGPUCopy:0]]
[2019.12.05-21.18.54:945][  0]LogConfig: Setting CVar [[r.Streaming.MaxNumTexturesToStreamPerFrame:0]]
[2019.12.05-21.18.54:945][  0]LogConfig: Setting CVar [[r.Streaming.Boost:1]]
[2019.12.05-21.18.54:945][  0]LogConfig: Setting CVar [[r.MaxAnisotropy:8]]
[2019.12.05-21.18.54:945][  0]LogConfig: Setting CVar [[r.Streaming.LimitPoolSizeToVRAM:0]]
[2019.12.05-21.18.54:945][  0]LogConfig: Setting CVar [[r.Streaming.PoolSize:1000]]
[2019.12.05-21.18.54:945][  0]LogConfig: Setting CVar [[r.Streaming.MaxEffectiveScreenSize:0]]
[2019.12.05-21.18.54:945][  0]LogConfig: Applying CVar settings from Section [EffectsQuality@3] File [C:/Users/tbiss/Documents/GitHub/Stolemates/Stolenmates/Saved/Config/Windows/Scalability.ini]
[2019.12.05-21.18.54:945][  0]LogConfig: Setting CVar [[r.TranslucencyLightingVolumeDim:64]]
[2019.12.05-21.18.54:945][  0]LogConfig: Setting CVar [[r.RefractionQuality:2]]
[2019.12.05-21.18.54:945][  0]LogConfig: Setting CVar [[r.SSR.Quality:3]]
[2019.12.05-21.18.54:945][  0]LogConfig: Setting CVar [[r.SceneColorFormat:4]]
[2019.12.05-21.18.54:945][  0]LogConfig: Setting CVar [[r.DetailMode:2]]
[2019.12.05-21.18.54:945][  0]LogConfig: Setting CVar [[r.TranslucencyVolumeBlur:1]]
[2019.12.05-21.18.54:945][  0]LogConfig: Setting CVar [[r.MaterialQualityLevel:1 ; High quality]]
[2019.12.05-21.18.54:945][  0]LogConfig: Setting CVar [[r.SSS.Scale:1]]
[2019.12.05-21.18.54:945][  0]LogConfig: Setting CVar [[r.SSS.SampleSet:2]]
[2019.12.05-21.18.54:945][  0]LogConfig: Setting CVar [[r.SSS.Quality:1]]
[2019.12.05-21.18.54:945][  0]LogConfig: Setting CVar [[r.SSS.HalfRes:1]]
[2019.12.05-21.18.54:945][  0]LogConfig: Setting CVar [[r.EmitterSpawnRateScale:1.0]]
[2019.12.05-21.18.54:945][  0]LogConfig: Setting CVar [[r.ParticleLightQuality:2]]
[2019.12.05-21.18.54:945][  0]LogConfig: Applying CVar settings from Section [FoliageQuality@3] File [C:/Users/tbiss/Documents/GitHub/Stolemates/Stolenmates/Saved/Config/Windows/Scalability.ini]
[2019.12.05-21.18.54:946][  0]LogConfig: Setting CVar [[foliage.DensityScale:1.0]]
[2019.12.05-21.18.54:946][  0]LogConfig: Setting CVar [[grass.DensityScale:1.0]]
[2019.12.05-21.18.54:946][  0]LogInit: Selected Device Profile: [Windows]
[2019.12.05-21.18.54:946][  0]LogInit: Applying CVar settings loaded from the selected device profile: [Windows]
[2019.12.05-21.18.54:948][  0]LogHAL: Display: Platform has ~ 16 GB [17114079232 / 17179869184 / 16], which maps to Larger [LargestMinGB=32, LargerMinGB=12, DefaultMinGB=8, SmallerMinGB=6, SmallestMinGB=0)
[2019.12.05-21.18.54:949][  0]LogInit: Going up to parent DeviceProfile []
[2019.12.05-21.18.54:949][  0]LogConfig: Applying CVar settings from Section [ViewDistanceQuality@3] File [C:/Users/tbiss/Documents/GitHub/Stolemates/Stolenmates/Saved/Config/Windows/Scalability.ini]
[2019.12.05-21.18.54:949][  0]LogConfig: Setting CVar [[r.SkeletalMeshLODBias:0]]
[2019.12.05-21.18.54:949][  0]LogConfig: Setting CVar [[r.ViewDistanceScale:1.0]]
[2019.12.05-21.18.54:949][  0]LogConfig: Applying CVar settings from Section [AntiAliasingQuality@3] File [C:/Users/tbiss/Documents/GitHub/Stolemates/Stolenmates/Saved/Config/Windows/Scalability.ini]
[2019.12.05-21.18.54:949][  0]LogConfig: Setting CVar [[r.PostProcessAAQuality:4]]
[2019.12.05-21.18.54:949][  0]LogConfig: Applying CVar settings from Section [ShadowQuality@3] File [C:/Users/tbiss/Documents/GitHub/Stolemates/Stolenmates/Saved/Config/Windows/Scalability.ini]
[2019.12.05-21.18.54:949][  0]LogConfig: Setting CVar [[r.LightFunctionQuality:1]]
[2019.12.05-21.18.54:949][  0]LogConfig: Setting CVar [[r.ShadowQuality:5]]
[2019.12.05-21.18.54:949][  0]LogConfig: Setting CVar [[r.Shadow.CSM.MaxCascades:10]]
[2019.12.05-21.18.54:949][  0]LogConfig: Setting CVar [[r.Shadow.MaxResolution:2048]]
[2019.12.05-21.18.54:949][  0]LogConfig: Setting CVar [[r.Shadow.MaxCSMResolution:2048]]
[2019.12.05-21.18.54:949][  0]LogConfig: Setting CVar [[r.Shadow.RadiusThreshold:0.01]]
[2019.12.05-21.18.54:950][  0]LogConfig: Setting CVar [[r.Shadow.DistanceScale:1.0]]
[2019.12.05-21.18.54:950][  0]LogConfig: Setting CVar [[r.Shadow.CSM.TransitionScale:1.0]]
[2019.12.05-21.18.54:950][  0]LogConfig: Setting CVar [[r.Shadow.PreShadowResolutionFactor:1.0]]
[2019.12.05-21.18.54:950][  0]LogConfig: Setting CVar [[r.DistanceFieldShadowing:1]]
[2019.12.05-21.18.54:950][  0]LogConfig: Setting CVar [[r.DistanceFieldAO:1]]
[2019.12.05-21.18.54:950][  0]LogConfig: Setting CVar [[r.AOQuality:2]]
[2019.12.05-21.18.54:950][  0]LogConfig: Setting CVar [[r.VolumetricFog:1]]
[2019.12.05-21.18.54:950][  0]LogConfig: Setting CVar [[r.VolumetricFog.GridPixelSize:8]]
[2019.12.05-21.18.54:950][  0]LogConfig: Setting CVar [[r.VolumetricFog.GridSizeZ:128]]
[2019.12.05-21.18.54:950][  0]LogConfig: Setting CVar [[r.VolumetricFog.HistoryMissSupersampleCount:4]]
[2019.12.05-21.18.54:950][  0]LogConfig: Setting CVar [[r.LightMaxDrawDistanceScale:1]]
[2019.12.05-21.18.54:950][  0]LogConfig: Setting CVar [[r.CapsuleShadows:1]]
[2019.12.05-21.18.54:950][  0]LogConfig: Applying CVar settings from Section [PostProcessQuality@3] File [C:/Users/tbiss/Documents/GitHub/Stolemates/Stolenmates/Saved/Config/Windows/Scalability.ini]
[2019.12.05-21.18.54:950][  0]LogConfig: Setting CVar [[r.MotionBlurQuality:4]]
[2019.12.05-21.18.54:950][  0]LogConfig: Setting CVar [[r.AmbientOcclusionMipLevelFactor:0.4]]
[2019.12.05-21.18.54:950][  0]LogConfig: Setting CVar [[r.AmbientOcclusionMaxQuality:100]]
[2019.12.05-21.18.54:950][  0]LogConfig: Setting CVar [[r.AmbientOcclusionLevels:-1]]
[2019.12.05-21.18.54:950][  0]LogConfig: Setting CVar [[r.AmbientOcclusionRadiusScale:1.0]]
[2019.12.05-21.18.54:950][  0]LogConfig: Setting CVar [[r.DepthOfFieldQuality:2]]
[2019.12.05-21.18.54:950][  0]LogConfig: Setting CVar [[r.RenderTargetPoolMin:400]]
[2019.12.05-21.18.54:950][  0]LogConfig: Setting CVar [[r.LensFlareQuality:2]]
[2019.12.05-21.18.54:951][  0]LogConfig: Setting CVar [[r.SceneColorFringeQuality:1]]
[2019.12.05-21.18.54:951][  0]LogConfig: Setting CVar [[r.EyeAdaptationQuality:2]]
[2019.12.05-21.18.54:951][  0]LogConfig: Setting CVar [[r.BloomQuality:5]]
[2019.12.05-21.18.54:951][  0]LogConfig: Setting CVar [[r.FastBlurThreshold:100]]
[2019.12.05-21.18.54:951][  0]LogConfig: Setting CVar [[r.Upscale.Quality:3]]
[2019.12.05-21.18.54:951][  0]LogConfig: Setting CVar [[r.Tonemapper.GrainQuantization:1]]
[2019.12.05-21.18.54:951][  0]LogConfig: Setting CVar [[r.LightShaftQuality:1]]
[2019.12.05-21.18.54:951][  0]LogConfig: Setting CVar [[r.Filter.SizeScale:1]]
[2019.12.05-21.18.54:951][  0]LogConfig: Setting CVar [[r.Tonemapper.Quality:5]]
[2019.12.05-21.18.54:951][  0]LogConfig: Setting CVar [[r.DOF.Gather.AccumulatorQuality:1        ; higher gathering accumulator quality]]
[2019.12.05-21.18.54:951][  0]LogConfig: Setting CVar [[r.DOF.Gather.PostfilterMethod:1          ; Median3x3 postfilering method]]
[2019.12.05-21.18.54:951][  0]LogConfig: Setting CVar [[r.DOF.Gather.EnableBokehSettings:0       ; no bokeh simulation when gathering]]
[2019.12.05-21.18.54:951][  0]LogConfig: Setting CVar [[r.DOF.Gather.RingCount:4                 ; medium number of samples when gathering]]
[2019.12.05-21.18.54:951][  0]LogConfig: Setting CVar [[r.DOF.Scatter.ForegroundCompositing:1    ; additive foreground scattering]]
[2019.12.05-21.18.54:951][  0]LogConfig: Setting CVar [[r.DOF.Scatter.BackgroundCompositing:2    ; additive background scattering]]
[2019.12.05-21.18.54:951][  0]LogConfig: Setting CVar [[r.DOF.Scatter.EnableBokehSettings:1      ; bokeh simulation when scattering]]
[2019.12.05-21.18.54:951][  0]LogConfig: Setting CVar [[r.DOF.Scatter.MaxSpriteRatio:0.1         ; only a maximum of 10% of scattered bokeh]]
[2019.12.05-21.18.54:951][  0]LogConfig: Setting CVar [[r.DOF.Recombine.Quality:1                ; cheap slight out of focus]]
[2019.12.05-21.18.54:951][  0]LogConfig: Setting CVar [[r.DOF.Recombine.EnableBokehSettings:0    ; no bokeh simulation on slight out of focus]]
[2019.12.05-21.18.54:951][  0]LogConfig: Setting CVar [[r.DOF.TemporalAAQuality:1                ; more stable temporal accumulation]]
[2019.12.05-21.18.54:951][  0]LogConfig: Setting CVar [[r.DOF.Kernel.MaxForegroundRadius:0.025]]
[2019.12.05-21.18.54:951][  0]LogConfig: Setting CVar [[r.DOF.Kernel.MaxBackgroundRadius:0.025]]
[2019.12.05-21.18.54:952][  0]LogConfig: Applying CVar settings from Section [TextureQuality@3] File [C:/Users/tbiss/Documents/GitHub/Stolemates/Stolenmates/Saved/Config/Windows/Scalability.ini]
[2019.12.05-21.18.54:952][  0]LogConfig: Setting CVar [[r.Streaming.MipBias:0]]
[2019.12.05-21.18.54:952][  0]LogConfig: Setting CVar [[r.Streaming.AmortizeCPUToGPUCopy:0]]
[2019.12.05-21.18.54:952][  0]LogConfig: Setting CVar [[r.Streaming.MaxNumTexturesToStreamPerFrame:0]]
[2019.12.05-21.18.54:952][  0]LogConfig: Setting CVar [[r.Streaming.Boost:1]]
[2019.12.05-21.18.54:952][  0]LogConfig: Setting CVar [[r.MaxAnisotropy:8]]
[2019.12.05-21.18.54:952][  0]LogConfig: Setting CVar [[r.Streaming.LimitPoolSizeToVRAM:0]]
[2019.12.05-21.18.54:952][  0]LogConfig: Setting CVar [[r.Streaming.PoolSize:1000]]
[2019.12.05-21.18.54:952][  0]LogConfig: Setting CVar [[r.Streaming.MaxEffectiveScreenSize:0]]
[2019.12.05-21.18.54:952][  0]LogConfig: Applying CVar settings from Section [EffectsQuality@3] File [C:/Users/tbiss/Documents/GitHub/Stolemates/Stolenmates/Saved/Config/Windows/Scalability.ini]
[2019.12.05-21.18.54:952][  0]LogConfig: Setting CVar [[r.TranslucencyLightingVolumeDim:64]]
[2019.12.05-21.18.54:952][  0]LogConfig: Setting CVar [[r.RefractionQuality:2]]
[2019.12.05-21.18.54:952][  0]LogConfig: Setting CVar [[r.SSR.Quality:3]]
[2019.12.05-21.18.54:952][  0]LogConfig: Setting CVar [[r.SceneColorFormat:4]]
[2019.12.05-21.18.54:952][  0]LogConfig: Setting CVar [[r.DetailMode:2]]
[2019.12.05-21.18.54:952][  0]LogConfig: Setting CVar [[r.TranslucencyVolumeBlur:1]]
[2019.12.05-21.18.54:952][  0]LogConfig: Setting CVar [[r.MaterialQualityLevel:1 ; High quality]]
[2019.12.05-21.18.54:952][  0]LogConfig: Setting CVar [[r.SSS.Scale:1]]
[2019.12.05-21.18.54:952][  0]LogConfig: Setting CVar [[r.SSS.SampleSet:2]]
[2019.12.05-21.18.54:952][  0]LogConfig: Setting CVar [[r.SSS.Quality:1]]
[2019.12.05-21.18.54:952][  0]LogConfig: Setting CVar [[r.SSS.HalfRes:1]]
[2019.12.05-21.18.54:952][  0]LogConfig: Setting CVar [[r.EmitterSpawnRateScale:1.0]]
[2019.12.05-21.18.54:953][  0]LogConfig: Setting CVar [[r.ParticleLightQuality:2]]
[2019.12.05-21.18.54:953][  0]LogConfig: Applying CVar settings from Section [FoliageQuality@3] File [C:/Users/tbiss/Documents/GitHub/Stolemates/Stolenmates/Saved/Config/Windows/Scalability.ini]
[2019.12.05-21.18.54:953][  0]LogConfig: Setting CVar [[foliage.DensityScale:1.0]]
[2019.12.05-21.18.54:953][  0]LogConfig: Setting CVar [[grass.DensityScale:1.0]]
[2019.12.05-21.18.54:953][  0]LogConfig: Applying CVar settings from Section [Startup] File [../../../Engine/Config/ConsoleVariables.ini]
[2019.12.05-21.18.54:953][  0]LogConfig: Setting CVar [[net.UseAdaptiveNetUpdateFrequency:0]]
[2019.12.05-21.18.54:953][  0]LogConfig: Setting CVar [[p.chaos.AllowCreatePhysxBodies:1]]
[2019.12.05-21.18.54:953][  0]LogConfig: Applying CVar settings from Section [ConsoleVariables] File [C:/Users/tbiss/Documents/GitHub/Stolemates/Stolenmates/Saved/Config/Windows/Engine.ini]
[2019.12.05-21.18.54:953][  0]LogInit: Computer: TED-DESKTOP
[2019.12.05-21.18.54:953][  0]LogInit: User: tbiss
[2019.12.05-21.18.54:953][  0]LogInit: CPU Page size=4096, Cores=4
[2019.12.05-21.18.54:953][  0]LogInit: High frequency timer resolution =10.000000 MHz
[2019.12.05-21.18.54:954][  0]LogMemory: Memory total: Physical=15.9GB (16GB approx)
[2019.12.05-21.18.54:954][  0]LogMemory: Platform Memory Stats for Windows
[2019.12.05-21.18.54:954][  0]LogMemory: Process Physical Memory: 102.16 MB used, 102.16 MB peak
[2019.12.05-21.18.54:954][  0]LogMemory: Process Virtual Memory: 99.18 MB used, 99.18 MB peak
[2019.12.05-21.18.54:954][  0]LogMemory: Physical Memory: 8450.74 MB used,  7870.52 MB free, 16321.26 MB total
[2019.12.05-21.18.54:954][  0]LogMemory: Virtual Memory: 4681.35 MB used,  134213048.00 MB free, 134217728.00 MB total
[2019.12.05-21.18.55:433][  0]LogWindows: WindowsPlatformFeatures enabled
[2019.12.05-21.18.55:535][  0]LogInit: Using OS detected language (en-US).
[2019.12.05-21.18.55:535][  0]LogInit: Using OS detected locale (en-CA).
[2019.12.05-21.18.55:537][  0]LogTextLocalizationManager: No specific localization for 'en-US' exists, so the 'en' localization will be used.
[2019.12.05-21.18.55:703][  0]LogInit: Setting process to per monitor DPI aware
[2019.12.05-21.18.55:761][  0]LogSlate: New Slate User Created.  User Index 0, Is Virtual User: 0
[2019.12.05-21.18.55:761][  0]LogSlate: Slate User Registered.  User Index 0, Is Virtual User: 0
[2019.12.05-21.18.55:936][  0]LogHMD: Failed to initialize OpenVR with code 110
[2019.12.05-21.18.55:936][  0]LogD3D11RHI: D3D11 adapters:
[2019.12.05-21.18.56:027][  0]LogD3D11RHI:    0. 'NVIDIA GeForce GTX 1070' (Feature Level 11_0)
[2019.12.05-21.18.56:028][  0]LogD3D11RHI:       8088/0/8160 MB DedicatedVideo/DedicatedSystem/SharedSystem, Outputs:1, VendorId:0x10de
[2019.12.05-21.18.56:033][  0]LogD3D11RHI:    1. 'Microsoft Basic Render Driver' (Feature Level 11_0)
[2019.12.05-21.18.56:033][  0]LogD3D11RHI:       0/0/8160 MB DedicatedVideo/DedicatedSystem/SharedSystem, Outputs:0, VendorId:0x1414
[2019.12.05-21.18.56:033][  0]LogD3D11RHI: Chosen D3D11 Adapter: 0
[2019.12.05-21.18.56:041][  0]LogD3D11RHI: Creating new Direct3DDevice
[2019.12.05-21.18.56:041][  0]LogD3D11RHI:     GPU DeviceId: 0x1b81 (for the marketing name, search the web for "GPU Device Id")
[2019.12.05-21.18.56:041][  0]LogWindows: EnumDisplayDevices:
[2019.12.05-21.18.56:042][  0]LogWindows:    0. 'NVIDIA GeForce GTX 1070' (P:1 D:1)
[2019.12.05-21.18.56:042][  0]LogWindows:    1. 'NVIDIA GeForce GTX 1070' (P:0 D:0)
[2019.12.05-21.18.56:043][  0]LogWindows:    2. 'NVIDIA GeForce GTX 1070' (P:0 D:0)
[2019.12.05-21.18.56:043][  0]LogWindows:    3. 'NVIDIA GeForce GTX 1070' (P:0 D:0)
[2019.12.05-21.18.56:044][  0]LogWindows: DebugString: FoundDriverCount:4 
[2019.12.05-21.18.56:044][  0]LogD3D11RHI:     Adapter Name: NVIDIA GeForce GTX 1070
[2019.12.05-21.18.56:044][  0]LogD3D11RHI:   Driver Version: 419.72 (internal:25.21.14.1972, unified:419.72)
[2019.12.05-21.18.56:044][  0]LogD3D11RHI:      Driver Date: 3-18-2019
[2019.12.05-21.18.56:044][  0]LogRHI: Texture pool is 5661 MB (70% of 8088 MB)
[2019.12.05-21.18.56:088][  0]LogD3D11RHI: Async texture creation enabled
[2019.12.05-21.18.56:105][  0]LogD3D11RHI: GPU Timing Frequency: 1000.000000 (Debug: 2 1)
[2019.12.05-21.18.56:389][  0]LogTemp: Display: Module 'AllDesktopTargetPlatform' loaded TargetPlatform 'AllDesktop'
[2019.12.05-21.18.56:401][  0]LogTemp: Display: Module 'MacClientTargetPlatform' loaded TargetPlatform 'MacClient'
[2019.12.05-21.18.56:411][  0]LogTemp: Display: Module 'MacNoEditorTargetPlatform' loaded TargetPlatform 'MacNoEditor'
[2019.12.05-21.18.56:422][  0]LogTemp: Display: Module 'MacServerTargetPlatform' loaded TargetPlatform 'MacServer'
[2019.12.05-21.18.56:433][  0]LogTemp: Display: Module 'MacTargetPlatform' loaded TargetPlatform 'Mac'
[2019.12.05-21.18.56:445][  0]LogTemp: Display: Module 'WindowsClientTargetPlatform' loaded TargetPlatform 'WindowsClient'
[2019.12.05-21.18.56:457][  0]LogTemp: Display: Module 'WindowsNoEditorTargetPlatform' loaded TargetPlatform 'WindowsNoEditor'
[2019.12.05-21.18.56:469][  0]LogTemp: Display: Module 'WindowsServerTargetPlatform' loaded TargetPlatform 'WindowsServer'
[2019.12.05-21.18.56:475][  0]LogTemp: Display: Module 'WindowsTargetPlatform' loaded TargetPlatform 'Windows'
[2019.12.05-21.18.56:508][  0]LogTemp: Display: Module 'AndroidTargetPlatform' loaded TargetPlatform 'Android'
[2019.12.05-21.18.56:509][  0]LogTemp: Display: Module 'AndroidTargetPlatform' loaded TargetPlatform 'Android_ASTC'
[2019.12.05-21.18.56:509][  0]LogTemp: Display: Module 'AndroidTargetPlatform' loaded TargetPlatform 'Android_ATC'
[2019.12.05-21.18.56:509][  0]LogTemp: Display: Module 'AndroidTargetPlatform' loaded TargetPlatform 'Android_DXT'
[2019.12.05-21.18.56:509][  0]LogTemp: Display: Module 'AndroidTargetPlatform' loaded TargetPlatform 'Android_ETC1'
[2019.12.05-21.18.56:509][  0]LogTemp: Display: Module 'AndroidTargetPlatform' loaded TargetPlatform 'Android_ETC1a'
[2019.12.05-21.18.56:509][  0]LogTemp: Display: Module 'AndroidTargetPlatform' loaded TargetPlatform 'Android_ETC2'
[2019.12.05-21.18.56:510][  0]LogTemp: Display: Module 'AndroidTargetPlatform' loaded TargetPlatform 'Android_PVRTC'
[2019.12.05-21.18.56:510][  0]LogTemp: Display: Module 'AndroidTargetPlatform' loaded TargetPlatform 'AndroidClient'
[2019.12.05-21.18.56:510][  0]LogTemp: Display: Module 'AndroidTargetPlatform' loaded TargetPlatform 'Android_ASTCClient'
[2019.12.05-21.18.56:510][  0]LogTemp: Display: Module 'AndroidTargetPlatform' loaded TargetPlatform 'Android_ATCClient'
[2019.12.05-21.18.56:510][  0]LogTemp: Display: Module 'AndroidTargetPlatform' loaded TargetPlatform 'Android_DXTClient'
[2019.12.05-21.18.56:510][  0]LogTemp: Display: Module 'AndroidTargetPlatform' loaded TargetPlatform 'Android_ETC1Client'
[2019.12.05-21.18.56:510][  0]LogTemp: Display: Module 'AndroidTargetPlatform' loaded TargetPlatform 'Android_ETC1aClient'
[2019.12.05-21.18.56:510][  0]LogTemp: Display: Module 'AndroidTargetPlatform' loaded TargetPlatform 'Android_ETC2Client'
[2019.12.05-21.18.56:510][  0]LogTemp: Display: Module 'AndroidTargetPlatform' loaded TargetPlatform 'Android_PVRTCClient'
[2019.12.05-21.18.56:511][  0]LogTemp: Display: Module 'AndroidTargetPlatform' loaded TargetPlatform 'Android_Multi'
[2019.12.05-21.18.56:511][  0]LogTemp: Display: Module 'AndroidTargetPlatform' loaded TargetPlatform 'Android_MultiClient'
[2019.12.05-21.18.56:515][  0]LogTemp: Display: Module 'HTML5TargetPlatform' loaded TargetPlatform 'HTML5'
[2019.12.05-21.18.56:543][  0]LogTemp: Display: Module 'IOSTargetPlatform' loaded TargetPlatform 'IOSClient'
[2019.12.05-21.18.56:543][  0]LogTemp: Display: Module 'IOSTargetPlatform' loaded TargetPlatform 'IOS'
[2019.12.05-21.18.56:559][  0]LogTemp: Display: Module 'TVOSTargetPlatform' loaded TargetPlatform 'TVOSClient'
[2019.12.05-21.18.56:559][  0]LogTemp: Display: Module 'TVOSTargetPlatform' loaded TargetPlatform 'TVOS'
[2019.12.05-21.18.56:568][  0]LogTemp: Display: Module 'LinuxClientTargetPlatform' loaded TargetPlatform 'LinuxClient'
[2019.12.05-21.18.56:578][  0]LogTemp: Display: Module 'LinuxNoEditorTargetPlatform' loaded TargetPlatform 'LinuxNoEditor'
[2019.12.05-21.18.56:588][  0]LogTemp: Display: Module 'LinuxServerTargetPlatform' loaded TargetPlatform 'LinuxServer'
[2019.12.05-21.18.56:598][  0]LogTemp: Display: Module 'LinuxTargetPlatform' loaded TargetPlatform 'Linux'
[2019.12.05-21.18.56:624][  0]LogTemp: Display: Module 'LuminTargetPlatform' loaded TargetPlatform 'Lumin'
[2019.12.05-21.18.56:624][  0]LogTemp: Display: Module 'LuminTargetPlatform' loaded TargetPlatform 'LuminClient'
[2019.12.05-21.18.56:624][  0]LogTargetPlatformManager: Display: Building Assets For Windows
[2019.12.05-21.18.56:644][  0]LogAudioDebug: Display: Lib vorbis DLL was dynamically loaded.
[2019.12.05-21.18.56:753][  0]LogShaderCompilers: Guid format shader working directory is -24 characters bigger than the processId version (../../../../../../Users/tbiss/Documents/GitHub/Stolemates/Stolenmates/Intermediate/Shaders/WorkingDirectory/22388/).
[2019.12.05-21.18.56:754][  0]LogShaderCompilers: Cleaned the shader compiler working directory 'C:/Users/tbiss/AppData/Local/Temp/UnrealShaderWorkingDir/EF452F2144A5F5D97FB67BBF2F3142A6/'.
[2019.12.05-21.18.56:756][  0]LogXGEController: Cleaning working directory: C:/Users/tbiss/AppData/Local/Temp/UnrealXGEWorkingDir/
[2019.12.05-21.18.56:757][  0]LogXGEController: Cannot use XGE Controller as Incredibuild is not installed on this machine.
[2019.12.05-21.18.56:757][  0]LogShaderCompilers: Cannot use XGE Shader Compiler as Incredibuild is not installed on this machine.
[2019.12.05-21.18.56:757][  0]LogShaderCompilers: Display: Using Local Shader Compiler.
[2019.12.05-21.18.57:300][  0]LogDerivedDataCache: Display: Max Cache Size: 512 MB
[2019.12.05-21.18.57:352][  0]LogDerivedDataCache: Loaded boot cache 0.05s 73MB C:/Users/tbiss/AppData/Local/UnrealEngine/4.23/DerivedDataCache/Boot.ddc.
[2019.12.05-21.18.57:352][  0]LogDerivedDataCache: Display: Loaded Boot cache: C:/Users/tbiss/AppData/Local/UnrealEngine/4.23/DerivedDataCache/Boot.ddc
[2019.12.05-21.18.57:352][  0]LogDerivedDataCache: FDerivedDataBackendGraph:  Pak pak cache file ../../../../../../Users/tbiss/Documents/GitHub/Stolemates/Stolenmates/DerivedDataCache/DDC.ddp not found, will not use a pak cache.
[2019.12.05-21.18.57:352][  0]LogDerivedDataCache: Unable to find inner node Pak for hierarchical cache Hierarchy.
[2019.12.05-21.18.57:352][  0]LogDerivedDataCache: FDerivedDataBackendGraph:  CompressedPak pak cache file ../../../../../../Users/tbiss/Documents/GitHub/Stolemates/Stolenmates/DerivedDataCache/Compressed.ddp not found, will not use a pak cache.
[2019.12.05-21.18.57:352][  0]LogDerivedDataCache: Unable to find inner node CompressedPak for hierarchical cache Hierarchy.
[2019.12.05-21.18.57:363][  0]LogDerivedDataCache: Display: Pak cache opened for reading ../../../Engine/DerivedDataCache/Compressed.ddp.
[2019.12.05-21.18.57:363][  0]LogDerivedDataCache: FDerivedDataBackendGraph:  EnterprisePak pak cache file ../../../Enterprise/DerivedDataCache/Compressed.ddp not found, will not use a pak cache.
[2019.12.05-21.18.57:363][  0]LogDerivedDataCache: Unable to find inner node EnterprisePak for hierarchical cache Hierarchy.
[2019.12.05-21.18.57:366][  0]LogDerivedDataCache: Using Local data cache path C:/Users/tbiss/AppData/Local/UnrealEngine/Common/DerivedDataCache: Writable
[2019.12.05-21.18.57:366][  0]LogDerivedDataCache: Shared data cache path not found in *engine.ini, will not use an Shared cache.
[2019.12.05-21.18.57:366][  0]LogDerivedDataCache: Unable to find inner node Shared for hierarchical cache Hierarchy.
[2019.12.05-21.18.57:384][  0]LogMaterial: Verifying Global Shaders for PCD3D_SM5
[2019.12.05-21.18.57:386][  0]LogSlate: Using FreeType 2.6.0
[2019.12.05-21.18.57:387][  0]LogSlate: SlateFontServices - WITH_FREETYPE: 1, WITH_HARFBUZZ: 1
[2019.12.05-21.18.57:441][  0]LogAssetRegistry: FAssetRegistry took 0.0042 seconds to start up
[2019.12.05-21.18.57:673][  0]LogInit: Selected Device Profile: [Windows]
[2019.12.05-21.18.57:830][  0]LogMeshReduction: Using QuadricMeshReduction for automatic static mesh reduction
[2019.12.05-21.18.57:830][  0]LogMeshReduction: Using SimplygonMeshReduction for automatic skeletal mesh reduction
[2019.12.05-21.18.57:830][  0]LogMeshReduction: Using ProxyLODMeshReduction for automatic mesh merging
[2019.12.05-21.18.57:830][  0]LogMeshReduction: No distributed automatic mesh merging module available
[2019.12.05-21.18.57:830][  0]LogMeshMerging: No distributed automatic mesh merging module available
[2019.12.05-21.18.57:842][  0]LogNetVersion: Stolenmates 1.0.0, NetCL: 8386587, EngineNetVer: 11, GameNetVer: 0 (Checksum: 1334032006)
[2019.12.05-21.18.58:271][  0]LogPackageLocalizationCache: Processed 12 localized package path(s) for 1 prioritized culture(s) in 0.053102 seconds
[2019.12.05-21.18.58:278][  0]LogUObjectArray: 43444 objects as part of root set at end of initial load.
[2019.12.05-21.18.58:278][  0]LogUObjectAllocator: 7548648 out of 0 bytes used by permanent object pool.
[2019.12.05-21.18.58:278][  0]LogUObjectArray: CloseDisregardForGC: 0/0 objects in disregard for GC pool
[2019.12.05-21.18.59:276][  0]LogTcpMessaging: Initializing TcpMessaging bridge
[2019.12.05-21.18.59:282][  0]LogUdpMessaging: Initializing bridge on interface 0.0.0.0:0 to multicast group 230.0.0.1:6666.
[2019.12.05-21.18.59:389][  0]SourceControl: Source control is disabled
[2019.12.05-21.18.59:390][  0]SourceControl: Source control is disabled
[2019.12.05-21.18.59:394][  0]SourceControl: Source control is disabled
[2019.12.05-21.18.59:397][  0]SourceControl: Source control is disabled
[2019.12.05-21.18.59:586][  0]LogAndroidPermission: UAndroidPermissionCallbackProxy::GetInstance
[2019.12.05-21.18.59:769][  0]LogOcInput: OculusInput pre-init called
[2019.12.05-21.18.59:781][  0]LogWindows: Failed to load 'OVRPlugin.dll' (GetLastError=126)
[2019.12.05-21.18.59:781][  0]LogWindows: File 'OVRPlugin.dll' does not exist
[2019.12.05-21.18.59:862][  0]LogEngine: Initializing Engine...
[2019.12.05-21.18.59:863][  0]LogHMD: Failed to initialize OpenVR with code 110
[2019.12.05-21.18.59:865][  0]LogStats: UGameplayTagsManager::InitializeManager -  0.000 s
[2019.12.05-21.19.00:066][  0]LogInit: Initializing FReadOnlyCVARCache
[2019.12.05-21.19.00:083][  0]LogAIModule: Creating AISystem for world Untitled
[2019.12.05-21.19.00:160][  0]LogInit: XAudio2 using 'Speakers (Bose Revolve SoundLink)' : 2 channels at 48 kHz using 16 bits per sample (channel mask 0x3)
[2019.12.05-21.19.00:191][  0]LogInit: FAudioDevice initialized.
[2019.12.05-21.19.00:191][  0]LogNetVersion: Set ProjectVersion to 1.0.0.0. Version Checksum will be recalculated on next use.
[2019.12.05-21.19.00:273][  0]LogDerivedDataCache: Saved boot cache 0.08s 73MB C:/Users/tbiss/AppData/Local/UnrealEngine/4.23/DerivedDataCache/Boot.ddc.
[2019.12.05-21.19.00:281][  0]LogInit: Texture streaming: Enabled
[2019.12.05-21.19.00:334][  0]LogEngineSessionManager: EngineSessionManager initialized
[2019.12.05-21.19.00:334][  0]LogEditorSessionSummary: Verbose: Initializing EditorSessionSummaryWriter for editor session tracking
[2019.12.05-21.19.00:337][  0]LogEditorSessionSummary: EditorSessionSummaryWriter initialized
[2019.12.05-21.19.00:403][  0]LogInit: Transaction tracking system initialized
[2019.12.05-21.19.00:455][  0]BlueprintLog: New page: Editor Load
[2019.12.05-21.19.00:580][  0]LocalizationService: Localization service is disabled
[2019.12.05-21.19.00:877][  0]LogFileCache: Scanning file cache for directory 'C:/Users/tbiss/Documents/GitHub/Stolemates/Stolenmates/Content/' took 0.00s
[2019.12.05-21.19.00:877][  0]LogCook: Display: Max memory allowance for cook 16384mb min free memory 0mb
[2019.12.05-21.19.00:878][  0]LogCook: Display: Mobile HDR setting 1
[2019.12.05-21.19.01:155][  0]SourceControl: Source control is disabled
[2019.12.05-21.19.01:156][  0]Cmd: MAP LOAD FILE="../../../../../../Users/tbiss/Documents/GitHub/Stolemates/Stolenmates/Content/Levels/City.umap" TEMPLATE=0 SHOWPROGRESS=1 FEATURELEVEL=3
[2019.12.05-21.19.01:156][  0]LightingResults: New page: Lighting Build
[2019.12.05-21.19.01:161][  0]LogWorld: UWorld::CleanupWorld for Untitled, bSessionEnded=true, bCleanupResources=true
[2019.12.05-21.19.01:162][  0]MapCheck: New page: Map Check
[2019.12.05-21.19.01:162][  0]LightingResults: New page: Lighting Build
[2019.12.05-21.19.01:183][  0]LogUObjectHash: Compacting FUObjectHashTables data took   1.49ms
[2019.12.05-21.19.01:539][  0]LogAIModule: Creating AISystem for world City
[2019.12.05-21.19.01:552][  0]LogEditorServer: Finished looking for orphan Actors (0.000 secs)
[2019.12.05-21.19.01:584][  0]LogUObjectHash: Compacting FUObjectHashTables data took   1.92ms
[2019.12.05-21.19.01:584][  0]Cmd: MAP CHECKDEP NOCLEARLOG
[2019.12.05-21.19.01:585][  0]MapCheck: Map check complete: 0 Error(s), 0 Warning(s), took 0.258ms to complete.
[2019.12.05-21.19.01:585][  0]LogFileHelpers: Loading map 'City' took 0.429
[2019.12.05-21.19.01:743][  0]LogSlate: Updating window title bar state: overlay mode, drag disabled, window buttons hidden, title bar hidden
[2019.12.05-21.19.01:749][  0]LogSlate: Updating window title bar state: overlay mode, drag disabled, window buttons hidden, title bar hidden
[2019.12.05-21.19.01:756][  0]LogSlate: Updating window title bar state: overlay mode, drag disabled, window buttons hidden, title bar hidden
[2019.12.05-21.19.01:764][  0]LogSlate: Updating window title bar state: overlay mode, drag disabled, window buttons hidden, title bar hidden
[2019.12.05-21.19.01:775][  0]LogCollectionManager: Loaded 0 collections in 0.003014 seconds
[2019.12.05-21.19.01:791][  0]LogFileCache: Scanning file cache for directory 'C:/Users/tbiss/Documents/GitHub/Stolemates/Stolenmates/Saved/Collections/' took 0.00s
[2019.12.05-21.19.01:791][  0]LogFileCache: Scanning file cache for directory 'C:/Users/tbiss/Documents/GitHub/Stolemates/Stolenmates/Content/Developers/tbiss/Collections/' took 0.00s
[2019.12.05-21.19.01:791][  0]LogFileCache: Scanning file cache for directory 'C:/Users/tbiss/Documents/GitHub/Stolemates/Stolenmates/Content/Collections/' took 0.00s
[2019.12.05-21.19.01:791][  0]LogCollectionManager: Rebuilt the GUID cache for 0 collections in 0.000002 seconds
[2019.12.05-21.19.01:800][  0]LogContentBrowser: Native class hierarchy populated in 0.0087 seconds. Added 2874 classes and 684 folders.
[2019.12.05-21.19.01:808][  0]LogContentBrowser: Native class hierarchy updated for 'WidgetCarousel' in 0.0003 seconds. Added 0 classes and 0 folders.
[2019.12.05-21.19.01:861][  0]LogContentBrowser: Native class hierarchy updated for 'AddContentDialog' in 0.0003 seconds. Added 0 classes and 0 folders.
[2019.12.05-21.19.01:868][  0]LogContentBrowser: Native class hierarchy updated for 'SceneOutliner' in 0.0005 seconds. Added 1 classes and 2 folders.
[2019.12.05-21.19.01:882][  0]LogSlate: Took 0.000237 seconds to synchronously load lazily loaded font '../../../Engine/Content/Slate/Fonts/Roboto-Regular.ttf' (155K)
[2019.12.05-21.19.01:885][  0]LogSlate: Took 0.000317 seconds to synchronously load lazily loaded font '../../../Engine/Content/Slate/Fonts/Roboto-Bold.ttf' (160K)
[2019.12.05-21.19.01:891][  0]LogSlate: Took 0.000213 seconds to synchronously load lazily loaded font '../../../Engine/Content/Editor/Slate/Fonts/FontAwesome.ttf' (139K)
[2019.12.05-21.19.01:960][  0]LogRenderer: Reallocating scene render targets to support 1208x572 Format 10 NumSamples 1 (Frame:1).
[2019.12.05-21.19.02:128][  0]LogContentBrowser: Native class hierarchy updated for 'HierarchicalLODOutliner' in 0.0006 seconds. Added 0 classes and 0 folders.
[2019.12.05-21.19.02:128][  0]LogLoad: (Engine Initialization) Total time: 8.81 seconds
[2019.12.05-21.19.02:128][  0]LogLoad: (Engine Initialization) Total Blueprint compile time: 0.00 seconds
[2019.12.05-21.19.02:205][  0]LogAssetRegistry: Asset discovery search completed in 4.7658 seconds
[2019.12.05-21.19.02:208][  0]LogCollectionManager: Rebuilt the object cache for 0 collections in 0.000004 seconds (found 0 objects)
[2019.12.05-21.19.02:209][  0]LogCollectionManager: Fixed up redirectors for 0 collections in 0.000394 seconds (updated 0 objects)
[2019.12.05-21.19.02:210][  0]LogContentStreaming: Texture pool size now 1000 MB
[2019.12.05-21.19.02:226][  0]LogSlate: Took 0.000220 seconds to synchronously load lazily loaded font '../../../Engine/Content/Slate/Fonts/Roboto-Light.ttf' (167K)
[2019.12.05-21.19.04:939][319]LogSlate: FSceneViewport::OnFocusLost() reason 0
[2019.12.05-21.19.04:988][325]LogTemp: Repeating last play command: Selected Viewport
[2019.12.05-21.19.05:000][325]LogBlueprintUserMessages: Early PlayInEditor Detection: Level '/Game/Levels/City.City:PersistentLevel' has LevelScriptBlueprint '/Game/Levels/City.City:PersistentLevel.City' with GeneratedClass '/Game/Levels/City.City_C' with ClassGeneratedBy '/Game/Levels/City.City:PersistentLevel.City'
[2019.12.05-21.19.05:000][325]LogPlayLevel: PlayLevel: No blueprints needed recompiling
[2019.12.05-21.19.05:000][325]PIE: New page: PIE session: City (Dec 5, 2019, 11:19:05 AM)
[2019.12.05-21.19.05:002][325]LogOnline: OSS: Creating online subsystem instance for: NULL
[2019.12.05-21.19.05:004][325]LogPlayLevel: Creating play world package: /Game/Levels/UEDPIE_0_City
[2019.12.05-21.19.05:008][325]LogPlayLevel: PIE: StaticDuplicateObject took: (0.004132s)
[2019.12.05-21.19.05:009][325]LogAIModule: Creating AISystem for world City
[2019.12.05-21.19.05:010][325]LogPlayLevel: PIE: World Init took: (0.001334s)
[2019.12.05-21.19.05:010][325]LogPlayLevel: PIE: Created PIE world by copying editor world from /Game/Levels/City.City to /Game/Levels/UEDPIE_0_City.City (0.006021s)
[2019.12.05-21.19.05:033][325]LogUObjectHash: Compacting FUObjectHashTables data took   1.12ms
[2019.12.05-21.19.05:048][325]LogInit: XAudio2 using 'Speakers (Bose Revolve SoundLink)' : 2 channels at 48 kHz using 16 bits per sample (channel mask 0x3)
[2019.12.05-21.19.05:062][325]LogInit: FAudioDevice initialized.
[2019.12.05-21.19.05:075][325]LogLoad: Game class is 'BP_GameMode_C'
[2019.12.05-21.19.05:078][325]LogWorld: Bringing World /Game/Levels/UEDPIE_0_City.City up for play (max tick rate 0) at 2019.12.05-16.19.05
[2019.12.05-21.19.05:079][325]LogWorld: Bringing up level for play took: 0.002452
[2019.12.05-21.19.05:079][325]LogOnline: OSS: Creating online subsystem instance for: :Context_1
[2019.12.05-21.19.05:087][325]LogContentBrowser: Native class hierarchy updated for 'MovieSceneCapture' in 0.0004 seconds. Added 20 classes and 0 folders.
[2019.12.05-21.19.05:088][325]LogActor: Warning: BP_Camera_C /Game/Levels/UEDPIE_0_City.City:PersistentLevel.BP_Camera_C_0 has natively added scene component(s), but none of them were set as the actor's RootComponent - picking one arbitrarily
[2019.12.05-21.19.05:089][325]LogPlayerManagement: Error: Failed to Create Player: A local player already exists for controller ID 0,
[2019.12.05-21.19.05:089][325]LogSlate: New Slate User Created.  User Index 1, Is Virtual User: 0
[2019.12.05-21.19.05:090][325]LogSlate: Slate User Registered.  User Index 1, Is Virtual User: 0
[2019.12.05-21.19.05:092][325]LogSlate: New Slate User Created.  User Index 2, Is Virtual User: 0
[2019.12.05-21.19.05:092][325]LogSlate: Slate User Registered.  User Index 2, Is Virtual User: 0
[2019.12.05-21.19.05:094][325]LogSlate: New Slate User Created.  User Index 3, Is Virtual User: 0
[2019.12.05-21.19.05:094][325]LogSlate: Slate User Registered.  User Index 3, Is Virtual User: 0
[2019.12.05-21.19.05:097][325]PIE: Play in editor start time for /Game/Levels/UEDPIE_0_City 0.547
[2019.12.05-21.19.05:097][325]LogBlueprintUserMessages: Late PlayInEditor Detection: Level '/Game/Levels/City.City:PersistentLevel' has LevelScriptBlueprint '/Game/Levels/City.City:PersistentLevel.City' with GeneratedClass '/Game/Levels/City.City_C' with ClassGeneratedBy '/Game/Levels/City.City:PersistentLevel.City'
[2019.12.05-21.19.19:586][ 58]LogBlueprintUserMessages: Early EndPlayMap Detection: Level '/Game/Levels/City.City:PersistentLevel' has LevelScriptBlueprint '/Game/Levels/City.City:PersistentLevel.City' with GeneratedClass '/Game/Levels/City.City_C' with ClassGeneratedBy '/Game/Levels/City.City:PersistentLevel.City'
[2019.12.05-21.19.19:587][ 58]LogSlate: Updating window title bar state: overlay mode, drag disabled, window buttons hidden, title bar hidden
[2019.12.05-21.19.19:587][ 58]LogWorld: BeginTearingDown for /Game/Levels/UEDPIE_0_City
[2019.12.05-21.19.19:588][ 58]LogWorld: UWorld::CleanupWorld for City, bSessionEnded=true, bCleanupResources=true
[2019.12.05-21.19.19:599][ 58]LogPlayLevel: Display: Shutting down PIE online subsystems
[2019.12.05-21.19.19:599][ 58]LogBlueprintUserMessages: Late EndPlayMap Detection: Level '/Game/Levels/City.City:PersistentLevel' has LevelScriptBlueprint '/Game/Levels/City.City:PersistentLevel.City' with GeneratedClass '/Game/Levels/City.City_C' with ClassGeneratedBy '/Game/Levels/City.City:PersistentLevel.City'
[2019.12.05-21.19.19:624][ 58]LogSlate: Updating window title bar state: overlay mode, drag disabled, window buttons hidden, title bar hidden
[2019.12.05-21.19.19:627][ 58]LogUObjectHash: Compacting FUObjectHashTables data took   1.47ms
[2019.12.05-21.19.19:687][ 63]LogPlayLevel: Display: Destroying online subsystem :Context_1
[2019.12.05-21.19.22:100][346]LogSlate: FSceneViewport::OnFocusLost() reason 0
[2019.12.05-21.19.23:451][508]LogTemp: Repeating last play command: Selected Viewport
[2019.12.05-21.19.23:465][508]LogBlueprintUserMessages: Early PlayInEditor Detection: Level '/Game/Levels/City.City:PersistentLevel' has LevelScriptBlueprint '/Game/Levels/City.City:PersistentLevel.City' with GeneratedClass '/Game/Levels/City.City_C' with ClassGeneratedBy '/Game/Levels/City.City:PersistentLevel.City'
[2019.12.05-21.19.23:465][508]LogPlayLevel: PlayLevel: No blueprints needed recompiling
[2019.12.05-21.19.23:465][508]PIE: New page: PIE session: City (Dec 5, 2019, 11:19:23 AM)
[2019.12.05-21.19.23:466][508]LogPlayLevel: Creating play world package: /Game/Levels/UEDPIE_0_City
[2019.12.05-21.19.23:469][508]LogPlayLevel: PIE: StaticDuplicateObject took: (0.003688s)
[2019.12.05-21.19.23:470][508]LogAIModule: Creating AISystem for world City
[2019.12.05-21.19.23:471][508]LogPlayLevel: PIE: World Init took: (0.001167s)
[2019.12.05-21.19.23:471][508]LogPlayLevel: PIE: Created PIE world by copying editor world from /Game/Levels/City.City to /Game/Levels/UEDPIE_0_City.City (0.005362s)
[2019.12.05-21.19.23:495][508]LogUObjectHash: Compacting FUObjectHashTables data took   1.41ms
[2019.12.05-21.19.23:510][508]LogInit: XAudio2 using 'Speakers (Bose Revolve SoundLink)' : 2 channels at 48 kHz using 16 bits per sample (channel mask 0x3)
[2019.12.05-21.19.23:524][508]LogInit: FAudioDevice initialized.
[2019.12.05-21.19.23:539][508]LogLoad: Game class is 'BP_GameMode_C'
[2019.12.05-21.19.23:541][508]LogWorld: Bringing World /Game/Levels/UEDPIE_0_City.City up for play (max tick rate 0) at 2019.12.05-16.19.23
[2019.12.05-21.19.23:541][508]LogWorld: Bringing up level for play took: 0.001608
[2019.12.05-21.19.23:542][508]LogOnline: OSS: Creating online subsystem instance for: :Context_2
[2019.12.05-21.19.23:545][508]LogActor: Warning: BP_Camera_C /Game/Levels/UEDPIE_0_City.City:PersistentLevel.BP_Camera_C_0 has natively added scene component(s), but none of them were set as the actor's RootComponent - picking one arbitrarily
[2019.12.05-21.19.23:546][508]LogPlayerManagement: Error: Failed to Create Player: A local player already exists for controller ID 0,
[2019.12.05-21.19.23:551][508]PIE: Play in editor start time for /Game/Levels/UEDPIE_0_City 1.001
[2019.12.05-21.19.23:552][508]LogBlueprintUserMessages: Late PlayInEditor Detection: Level '/Game/Levels/City.City:PersistentLevel' has LevelScriptBlueprint '/Game/Levels/City.City:PersistentLevel.City' with GeneratedClass '/Game/Levels/City.City_C' with ClassGeneratedBy '/Game/Levels/City.City:PersistentLevel.City'
[2019.12.05-21.19.24:838][659]LogBlueprintUserMessages: Early EndPlayMap Detection: Level '/Game/Levels/City.City:PersistentLevel' has LevelScriptBlueprint '/Game/Levels/City.City:PersistentLevel.City' with GeneratedClass '/Game/Levels/City.City_C' with ClassGeneratedBy '/Game/Levels/City.City:PersistentLevel.City'
[2019.12.05-21.19.24:839][659]LogSlate: Updating window title bar state: overlay mode, drag disabled, window buttons hidden, title bar hidden
[2019.12.05-21.19.24:839][659]LogWorld: BeginTearingDown for /Game/Levels/UEDPIE_0_City
[2019.12.05-21.19.24:840][659]LogWorld: UWorld::CleanupWorld for City, bSessionEnded=true, bCleanupResources=true
[2019.12.05-21.19.24:852][659]LogPlayLevel: Display: Shutting down PIE online subsystems
[2019.12.05-21.19.24:853][659]LogBlueprintUserMessages: Late EndPlayMap Detection: Level '/Game/Levels/City.City:PersistentLevel' has LevelScriptBlueprint '/Game/Levels/City.City:PersistentLevel.City' with GeneratedClass '/Game/Levels/City.City_C' with ClassGeneratedBy '/Game/Levels/City.City:PersistentLevel.City'
[2019.12.05-21.19.24:882][659]LogSlate: Updating window title bar state: overlay mode, drag disabled, window buttons hidden, title bar hidden
[2019.12.05-21.19.24:885][659]LogUObjectHash: Compacting FUObjectHashTables data took   1.60ms
[2019.12.05-21.19.24:943][664]LogPlayLevel: Display: Destroying online subsystem :Context_2
[2019.12.05-21.19.25:495][730]LogSlate: FSceneViewport::OnFocusLost() reason 0
[2019.12.05-21.19.25:622][745]LogSlate: Took 0.000181 seconds to synchronously load lazily loaded font '../../../Engine/Content/Slate/Fonts/Roboto-Light.ttf' (167K)
[2019.12.05-21.19.25:644][745]LogAIModule: Creating AISystem for world TestLevel
[2019.12.05-21.19.25:651][745]LogAssetEditorManager: Opening Asset editor for World /Game/Levels/TestLevel.TestLevel
[2019.12.05-21.19.25:672][745]LogUObjectHash: Compacting FUObjectHashTables data took   1.56ms
[2019.12.05-21.19.25:673][745]Cmd: MAP LOAD FILE="../../../../../../Users/tbiss/Documents/GitHub/Stolemates/Stolenmates/Content/Levels/TestLevel.umap" TEMPLATE=0 SHOWPROGRESS=1 FEATURELEVEL=3
[2019.12.05-21.19.25:673][745]LightingResults: New page: Lighting Build
[2019.12.05-21.19.25:674][745]LoadErrors: New page: Loading map: TestLevel.umap
[2019.12.05-21.19.25:675][745]LogWorld: UWorld::CleanupWorld for City, bSessionEnded=true, bCleanupResources=true
[2019.12.05-21.19.25:675][745]MapCheck: New page: Map Check
[2019.12.05-21.19.25:675][745]LightingResults: New page: Lighting Build
[2019.12.05-21.19.25:700][745]LogUObjectHash: Compacting FUObjectHashTables data took   1.56ms
[2019.12.05-21.19.25:705][745]LogEditorServer: Finished looking for orphan Actors (0.000 secs)
[2019.12.05-21.19.25:727][745]LogUObjectHash: Compacting FUObjectHashTables data took   1.51ms
[2019.12.05-21.19.25:749][745]Cmd: MAP CHECKDEP NOCLEARLOG
[2019.12.05-21.19.25:750][745]MapCheck: Map check complete: 0 Error(s), 0 Warning(s), took 0.17ms to complete.
[2019.12.05-21.19.25:750][745]LogFileHelpers: Loading map 'TestLevel' took 0.077
[2019.12.05-21.19.26:434][818]LogTemp: Repeating last play command: Selected Viewport
[2019.12.05-21.19.26:446][818]LogBlueprintUserMessages: Early PlayInEditor Detection: Level '/Game/Levels/TestLevel.TestLevel:PersistentLevel' has LevelScriptBlueprint '/Game/Levels/TestLevel.TestLevel:PersistentLevel.TestLevel' with GeneratedClass '/Game/Levels/TestLevel.TestLevel_C' with ClassGeneratedBy '/Game/Levels/TestLevel.TestLevel:PersistentLevel.TestLevel'
[2019.12.05-21.19.26:446][818]LogPlayLevel: PlayLevel: No blueprints needed recompiling
[2019.12.05-21.19.26:446][818]PIE: New page: PIE session: TestLevel (Dec 5, 2019, 11:19:26 AM)
[2019.12.05-21.19.26:447][818]LogPlayLevel: Creating play world package: /Game/Levels/UEDPIE_0_TestLevel
[2019.12.05-21.19.26:450][818]LogPlayLevel: PIE: StaticDuplicateObject took: (0.003095s)
[2019.12.05-21.19.26:451][818]LogAIModule: Creating AISystem for world TestLevel
[2019.12.05-21.19.26:451][818]LogPlayLevel: PIE: World Init took: (0.001142s)
[2019.12.05-21.19.26:452][818]LogPlayLevel: PIE: Created PIE world by copying editor world from /Game/Levels/TestLevel.TestLevel to /Game/Levels/UEDPIE_0_TestLevel.TestLevel (0.004885s)
[2019.12.05-21.19.26:473][818]LogUObjectHash: Compacting FUObjectHashTables data took   1.16ms
[2019.12.05-21.19.26:486][818]LogInit: XAudio2 using 'Speakers (Bose Revolve SoundLink)' : 2 channels at 48 kHz using 16 bits per sample (channel mask 0x3)
[2019.12.05-21.19.26:501][818]LogInit: FAudioDevice initialized.
[2019.12.05-21.19.26:509][818]LogLoad: Game class is 'BP_GameMode_C'
[2019.12.05-21.19.26:510][818]LogWorld: Bringing World /Game/Levels/UEDPIE_0_TestLevel.TestLevel up for play (max tick rate 0) at 2019.12.05-16.19.26
[2019.12.05-21.19.26:510][818]LogWorld: Bringing up level for play took: 0.000746
[2019.12.05-21.19.26:510][818]LogOnline: OSS: Creating online subsystem instance for: :Context_3
[2019.12.05-21.19.26:513][818]LogActor: Warning: BP_Camera_C /Game/Levels/UEDPIE_0_TestLevel.TestLevel:PersistentLevel.BP_Camera_C_0 has natively added scene component(s), but none of them were set as the actor's RootComponent - picking one arbitrarily
[2019.12.05-21.19.26:514][818]LogPlayerManagement: Error: Failed to Create Player: A local player already exists for controller ID 0,
[2019.12.05-21.19.26:520][818]PIE: Play in editor start time for /Game/Levels/UEDPIE_0_TestLevel -0.03
[2019.12.05-21.19.26:521][818]LogBlueprintUserMessages: Late PlayInEditor Detection: Level '/Game/Levels/TestLevel.TestLevel:PersistentLevel' has LevelScriptBlueprint '/Game/Levels/TestLevel.TestLevel:PersistentLevel.TestLevel' with GeneratedClass '/Game/Levels/TestLevel.TestLevel_C' with ClassGeneratedBy '/Game/Levels/TestLevel.TestLevel:PersistentLevel.TestLevel'
[2019.12.05-21.20.02:139][ 82]LogEditorSessionSummary: EditorSessionSummary sent report. Type=Debugger, SessionId={29569AB3-4C40-2C7A-E23E-E0A61BEF107D}
[2019.12.05-21.20.02:139][ 82]LogEditorSessionSummary: EditorSessionSummary sent report. Type=Debugger, SessionId={E1AD4EC2-4B38-B896-CDB5-2EB5A2F6FAA1}
[2019.12.05-21.20.02:139][ 82]LogEditorSessionSummary: EditorSessionSummary sent report. Type=Debugger, SessionId={7426E038-4CD9-8CE9-4748-EA8A6BA8D75A}
[2019.12.05-21.20.02:140][ 82]LogEditorSessionSummary: EditorSessionSummary sent report. Type=Debugger, SessionId={19B087F4-4992-0AD4-0792-41A080BDE188}
[2019.12.05-21.20.02:140][ 82]LogEditorSessionSummary: EditorSessionSummary sent report. Type=Debugger, SessionId={EF5FC22F-4579-8F6F-5D66-8ABCE8899730}
[2019.12.05-21.20.02:140][ 82]LogEditorSessionSummary: EditorSessionSummary sent report. Type=Debugger, SessionId={7A9E3453-4FAE-5517-34AD-19834D576B35}
[2019.12.05-21.20.04:507][365]LogBlueprintUserMessages: Early EndPlayMap Detection: Level '/Game/Levels/TestLevel.TestLevel:PersistentLevel' has LevelScriptBlueprint '/Game/Levels/TestLevel.TestLevel:PersistentLevel.TestLevel' with GeneratedClass '/Game/Levels/TestLevel.TestLevel_C' with ClassGeneratedBy '/Game/Levels/TestLevel.TestLevel:PersistentLevel.TestLevel'
[2019.12.05-21.20.04:507][365]LogSlate: Updating window title bar state: overlay mode, drag disabled, window buttons hidden, title bar hidden
[2019.12.05-21.20.04:508][365]LogWorld: BeginTearingDown for /Game/Levels/UEDPIE_0_TestLevel
[2019.12.05-21.20.04:508][365]LogWorld: UWorld::CleanupWorld for TestLevel, bSessionEnded=true, bCleanupResources=true
[2019.12.05-21.20.04:521][365]LogPlayLevel: Display: Shutting down PIE online subsystems
[2019.12.05-21.20.04:521][365]LogBlueprintUserMessages: Late EndPlayMap Detection: Level '/Game/Levels/TestLevel.TestLevel:PersistentLevel' has LevelScriptBlueprint '/Game/Levels/TestLevel.TestLevel:PersistentLevel.TestLevel' with GeneratedClass '/Game/Levels/TestLevel.TestLevel_C' with ClassGeneratedBy '/Game/Levels/TestLevel.TestLevel:PersistentLevel.TestLevel'
[2019.12.05-21.20.04:547][365]LogSlate: Updating window title bar state: overlay mode, drag disabled, window buttons hidden, title bar hidden
[2019.12.05-21.20.04:550][365]LogUObjectHash: Compacting FUObjectHashTables data took   1.28ms
[2019.12.05-21.20.04:610][370]LogPlayLevel: Display: Destroying online subsystem :Context_3
[2019.12.05-21.20.07:215][679]LogSlate: FSceneViewport::OnFocusLost() reason 0
[2019.12.05-21.20.07:404][698]LogAIModule: Creating AISystem for world City
[2019.12.05-21.20.07:410][698]LogAssetEditorManager: Opening Asset editor for World /Game/Levels/City.City
[2019.12.05-21.20.07:434][698]LogUObjectHash: Compacting FUObjectHashTables data took   1.73ms
[2019.12.05-21.20.07:435][698]Cmd: MAP LOAD FILE="../../../../../../Users/tbiss/Documents/GitHub/Stolemates/Stolenmates/Content/Levels/City.umap" TEMPLATE=0 SHOWPROGRESS=1 FEATURELEVEL=3
[2019.12.05-21.20.07:435][698]LightingResults: New page: Lighting Build
[2019.12.05-21.20.07:436][698]LoadErrors: New page: Loading map: City.umap
[2019.12.05-21.20.07:437][698]LogWorld: UWorld::CleanupWorld for TestLevel, bSessionEnded=true, bCleanupResources=true
[2019.12.05-21.20.07:437][698]MapCheck: New page: Map Check
[2019.12.05-21.20.07:437][698]LightingResults: New page: Lighting Build
[2019.12.05-21.20.07:460][698]LogUObjectHash: Compacting FUObjectHashTables data took   1.62ms
[2019.12.05-21.20.07:470][698]LogEditorServer: Finished looking for orphan Actors (0.000 secs)
[2019.12.05-21.20.07:500][698]LogUObjectHash: Compacting FUObjectHashTables data took   1.48ms
[2019.12.05-21.20.07:526][698]Cmd: MAP CHECKDEP NOCLEARLOG
[2019.12.05-21.20.07:527][698]MapCheck: Map check complete: 0 Error(s), 0 Warning(s), took 0.136ms to complete.
[2019.12.05-21.20.07:527][698]LogFileHelpers: Loading map 'City' took 0.093
[2019.12.05-21.20.08:456][801]LogTemp: Repeating last play command: Selected Viewport
[2019.12.05-21.20.08:472][801]LogBlueprintUserMessages: Early PlayInEditor Detection: Level '/Game/Levels/City.City:PersistentLevel' has LevelScriptBlueprint '/Game/Levels/City.City:PersistentLevel.City' with GeneratedClass '/Game/Levels/City.City_C' with ClassGeneratedBy '/Game/Levels/City.City:PersistentLevel.City'
[2019.12.05-21.20.08:472][801]LogPlayLevel: PlayLevel: No blueprints needed recompiling
[2019.12.05-21.20.08:472][801]PIE: New page: PIE session: City (Dec 5, 2019, 11:20:08 AM)
[2019.12.05-21.20.08:472][801]LogPlayLevel: Creating play world package: /Game/Levels/UEDPIE_0_City
[2019.12.05-21.20.08:476][801]LogPlayLevel: PIE: StaticDuplicateObject took: (0.003941s)
[2019.12.05-21.20.08:478][801]LogAIModule: Creating AISystem for world City
[2019.12.05-21.20.08:478][801]LogPlayLevel: PIE: World Init took: (0.001359s)
[2019.12.05-21.20.08:478][801]LogPlayLevel: PIE: Created PIE world by copying editor world from /Game/Levels/City.City to /Game/Levels/UEDPIE_0_City.City (0.005759s)
[2019.12.05-21.20.08:501][801]LogUObjectHash: Compacting FUObjectHashTables data took   1.28ms
[2019.12.05-21.20.08:515][801]LogInit: XAudio2 using 'Speakers (Bose Revolve SoundLink)' : 2 channels at 48 kHz using 16 bits per sample (channel mask 0x3)
[2019.12.05-21.20.08:527][801]LogInit: FAudioDevice initialized.
[2019.12.05-21.20.08:540][801]LogLoad: Game class is 'BP_GameMode_C'
[2019.12.05-21.20.08:542][801]LogWorld: Bringing World /Game/Levels/UEDPIE_0_City.City up for play (max tick rate 0) at 2019.12.05-16.20.08
[2019.12.05-21.20.08:543][801]LogWorld: Bringing up level for play took: 0.001556
[2019.12.05-21.20.08:543][801]LogOnline: OSS: Creating online subsystem instance for: :Context_4
[2019.12.05-21.20.08:546][801]LogActor: Warning: BP_Camera_C /Game/Levels/UEDPIE_0_City.City:PersistentLevel.BP_Camera_C_0 has natively added scene component(s), but none of them were set as the actor's RootComponent - picking one arbitrarily
[2019.12.05-21.20.08:547][801]LogPlayerManagement: Error: Failed to Create Player: A local player already exists for controller ID 0,
[2019.12.05-21.20.08:552][801]PIE: Play in editor start time for /Game/Levels/UEDPIE_0_City 0.001
[2019.12.05-21.20.08:552][801]LogBlueprintUserMessages: Late PlayInEditor Detection: Level '/Game/Levels/City.City:PersistentLevel' has LevelScriptBlueprint '/Game/Levels/City.City:PersistentLevel.City' with GeneratedClass '/Game/Levels/City.City_C' with ClassGeneratedBy '/Game/Levels/City.City:PersistentLevel.City'
[2019.12.05-21.20.09:859][954]LogBlueprintUserMessages: Early EndPlayMap Detection: Level '/Game/Levels/City.City:PersistentLevel' has LevelScriptBlueprint '/Game/Levels/City.City:PersistentLevel.City' with GeneratedClass '/Game/Levels/City.City_C' with ClassGeneratedBy '/Game/Levels/City.City:PersistentLevel.City'
[2019.12.05-21.20.09:859][954]LogSlate: Updating window title bar state: overlay mode, drag disabled, window buttons hidden, title bar hidden
[2019.12.05-21.20.09:860][954]LogWorld: BeginTearingDown for /Game/Levels/UEDPIE_0_City
[2019.12.05-21.20.09:860][954]LogWorld: UWorld::CleanupWorld for City, bSessionEnded=true, bCleanupResources=true
[2019.12.05-21.20.09:872][954]LogPlayLevel: Display: Shutting down PIE online subsystems
[2019.12.05-21.20.09:872][954]LogBlueprintUserMessages: Late EndPlayMap Detection: Level '/Game/Levels/City.City:PersistentLevel' has LevelScriptBlueprint '/Game/Levels/City.City:PersistentLevel.City' with GeneratedClass '/Game/Levels/City.City_C' with ClassGeneratedBy '/Game/Levels/City.City:PersistentLevel.City'
[2019.12.05-21.20.09:901][954]LogSlate: Updating window title bar state: overlay mode, drag disabled, window buttons hidden, title bar hidden
[2019.12.05-21.20.09:904][954]LogUObjectHash: Compacting FUObjectHashTables data took   1.87ms
[2019.12.05-21.20.09:957][959]LogPlayLevel: Display: Destroying online subsystem :Context_4
