Log file open, 12/05/19 16:17:49
LogWindows: Failed to load 'aqProf.dll' (GetLastError=126)
LogWindows: File 'aqProf.dll' does not exist
LogWindows: Failed to load 'VtuneApi.dll' (GetLastError=126)
LogWindows: File 'VtuneApi.dll' does not exist
LogWindows: Failed to load 'VtuneApi32e.dll' (GetLastError=126)
LogWindows: File 'VtuneApi32e.dll' does not exist
LogConsoleResponse: Display: Failed to find resolution value strings in scalability ini. Falling back to default.
LogInit: Display: Running engine for game: Stolenmates
LogPlatformFile: Not using cached read wrapper
LogTaskGraph: Started task graph with 5 named threads and 23 total threads with 3 sets of task threads.
LogStats: Stats thread started at 0.163943
LogD3D11RHI: Loaded GFSDK_Aftermath_Lib.x64.dll
LogICUInternationalization: ICU TimeZone Detection - Raw Offset: -5:00, Platform Override: ''
LogPluginManager: Mounting plugin Paper2D
LogPluginManager: Mounting plugin AISupport
LogPluginManager: Mounting plugin LightPropagationVolume
LogPluginManager: Mounting plugin ActorLayerUtilities
LogPluginManager: Mounting plugin AnimationSharing
LogPluginManager: Mounting plugin CLionSourceCodeAccess
LogPluginManager: Mounting plugin CodeLiteSourceCodeAccess
LogPluginManager: Mounting plugin GitSourceControl
LogPluginManager: Mounting plugin KDevelopSourceCodeAccess
LogPluginManager: Mounting plugin NullSourceCodeAccess
LogPluginManager: Mounting plugin PerforceSourceControl
LogPluginManager: Mounting plugin SubversionSourceControl
LogPluginManager: Mounting plugin UObjectPlugin
LogPluginManager: Mounting plugin VisualStudioCodeSourceCodeAccess
LogPluginManager: Mounting plugin VisualStudioSourceCodeAccess
LogPluginManager: Mounting plugin XCodeSourceCodeAccess
LogPluginManager: Mounting plugin AssetManagerEditor
LogPluginManager: Mounting plugin CryptoKeys
LogPluginManager: Mounting plugin CurveEditorTools
LogPluginManager: Mounting plugin DataValidation
LogPluginManager: Mounting plugin FacialAnimation
LogPluginManager: Mounting plugin GameplayTagsEditor
LogPluginManager: Mounting plugin MacGraphicsSwitching
LogPluginManager: Mounting plugin MaterialAnalyzer
LogPluginManager: Mounting plugin MobileLauncherProfileWizard
LogPluginManager: Mounting plugin PluginBrowser
LogPluginManager: Mounting plugin SpeedTreeImporter
LogPluginManager: Mounting plugin DatasmithContent
LogPluginManager: Mounting plugin VariantManagerContent
LogPluginManager: Mounting plugin AlembicImporter
LogPluginManager: Mounting plugin AutomationUtils
LogPluginManager: Mounting plugin BackChannel
LogPluginManager: Mounting plugin CharacterAI
LogPluginManager: Mounting plugin GeometryCache
LogPluginManager: Mounting plugin HTML5Networking
LogPluginManager: Mounting plugin PlatformCrypto
LogPluginManager: Mounting plugin ProxyLODPlugin
LogPluginManager: Mounting plugin SkeletalReduction
LogPluginManager: Mounting plugin MagicLeap
LogPluginManager: Mounting plugin MagicLeapMedia
LogPluginManager: Mounting plugin AndroidMedia
LogPluginManager: Mounting plugin AvfMedia
LogPluginManager: Mounting plugin ImgMedia
LogPluginManager: Mounting plugin MediaCompositing
LogPluginManager: Mounting plugin MediaPlayerEditor
LogPluginManager: Mounting plugin WebMMedia
LogPluginManager: Mounting plugin WmfMedia
LogPluginManager: Mounting plugin TcpMessaging
LogPluginManager: Mounting plugin UdpMessaging
LogPluginManager: Mounting plugin ActorSequence
LogPluginManager: Mounting plugin LevelSequenceEditor
LogPluginManager: Mounting plugin MatineeToLevelSequence
LogPluginManager: Mounting plugin NetcodeUnitTest
LogPluginManager: Mounting plugin NUTUnrealEngine4
LogPluginManager: Mounting plugin OnlineSubsystemGooglePlay
LogPluginManager: Mounting plugin OnlineSubsystemIOS
LogPluginManager: Mounting plugin OnlineSubsystem
LogPluginManager: Mounting plugin OnlineSubsystemNull
LogPluginManager: Mounting plugin OnlineSubsystemUtils
LogPluginManager: Mounting plugin LauncherChunkInstaller
LogPluginManager: Mounting plugin AndroidDeviceProfileSelector
LogPluginManager: Mounting plugin AndroidMoviePlayer
LogPluginManager: Mounting plugin AndroidPermission
LogPluginManager: Mounting plugin AppleImageUtils
LogPluginManager: Mounting plugin AppleMoviePlayer
LogPluginManager: Mounting plugin ArchVisCharacter
LogPluginManager: Mounting plugin AudioCapture
LogPluginManager: Mounting plugin CableComponent
LogPluginManager: Mounting plugin CustomMeshComponent
LogPluginManager: Mounting plugin EditableMesh
LogPluginManager: Mounting plugin ExampleDeviceProfileSelector
LogPluginManager: Mounting plugin GoogleCloudMessaging
LogPluginManager: Mounting plugin IOSDeviceProfileSelector
LogPluginManager: Mounting plugin LinuxDeviceProfileSelector
LogPluginManager: Mounting plugin LocationServicesBPLibrary
LogPluginManager: Mounting plugin MobilePatchingUtils
LogPluginManager: Mounting plugin OculusVR
LogPluginManager: Mounting plugin PhysXVehicles
LogPluginManager: Mounting plugin ProceduralMeshComponent
LogPluginManager: Mounting plugin RuntimePhysXCooking
LogPluginManager: Mounting plugin SignificanceManager
LogPluginManager: Mounting plugin SteamVR
LogPluginManager: Mounting plugin WebMMoviePlayer
LogPluginManager: Mounting plugin WindowsMoviePlayer
LogPluginManager: Mounting plugin ScreenshotTools
LogInit: Using libcurl 7.55.1-DEV
LogInit:  - built for x86_64-pc-win32
LogInit:  - supports SSL with OpenSSL/1.1.1
LogInit:  - supports HTTP deflate (compression) using libz 1.2.8
LogInit:  - other features:
LogInit:      CURL_VERSION_SSL
LogInit:      CURL_VERSION_LIBZ
LogInit:      CURL_VERSION_IPV6
LogInit:      CURL_VERSION_ASYNCHDNS
LogInit:      CURL_VERSION_LARGEFILE
LogInit:      CURL_VERSION_IDN
LogInit:  CurlRequestOptions (configurable via config and command line):
LogInit:  - bVerifyPeer = true  - Libcurl will verify peer certificate
LogInit:  - bUseHttpProxy = false  - Libcurl will NOT use HTTP proxy
LogInit:  - bDontReuseConnections = false  - Libcurl will reuse connections
LogInit:  - MaxHostConnections = 16  - Libcurl will limit the number of connections to a host
LogInit:  - LocalHostAddr = Default
LogInit:  - BufferSize = 65536
LogOnline: OSS: Creating online subsystem instance for: NULL
LogInit: WinSock: version 1.1 (2.2), MaxSocks=32767, MaxUdp=65467
LogInit: Build: ++UE4+Release-4.23-CL-9631420
LogInit: Engine Version: 4.23.1-9631420+++UE4+Release-4.23
LogInit: Compatible Engine Version: 4.23.0-8386587+++UE4+Release-4.23
LogInit: Net CL: 8386587
LogInit: OS: Windows 10 (Release 1809) (), CPU: Intel(R) Core(TM) i7-7700 CPU @ 3.60GHz, GPU: NVIDIA GeForce GTX 1070
LogInit: Compiled (64-bit): Oct 18 2019 02:07:44
LogInit: Compiled with Visual C++: 19.16.27030.01
LogInit: Build Configuration: Development
LogInit: Branch Name: ++UE4+Release-4.23
LogInit: Command Line:  -skipcompile
LogInit: Base Directory: C:/Program Files/Epic Games/UE_4.23/Engine/Binaries/Win64/
LogInit: Installed Engine Build: 1
LogDevObjectVersion: Number of dev versions registered: 23
LogDevObjectVersion:   Dev-Blueprints (B0D832E4-1F89-4F0D-ACCF-7EB736FD4AA2): 10
LogDevObjectVersion:   Dev-Build (E1C64328-A22C-4D53-A36C-8E866417BD8C): 0
LogDevObjectVersion:   Dev-Core (375EC13C-06E4-48FB-B500-84F0262A717E): 3
LogDevObjectVersion:   Dev-Editor (E4B068ED-F494-42E9-A231-DA0B2E46BB41): 34
LogDevObjectVersion:   Dev-Framework (CFFC743F-43B0-4480-9391-14DF171D2073): 35
LogDevObjectVersion:   Dev-Mobile (B02B49B5-BB20-44E9-A304-32B752E40360): 2
LogDevObjectVersion:   Dev-Networking (A4E4105C-59A1-49B5-A7C5-40C4547EDFEE): 0
LogDevObjectVersion:   Dev-Online (39C831C9-5AE6-47DC-9A44-9C173E1C8E7C): 0
LogDevObjectVersion:   Dev-Physics (78F01B33-EBEA-4F98-B9B4-84EACCB95AA2): 0
LogDevObjectVersion:   Dev-Platform (6631380F-2D4D-43E0-8009-CF276956A95A): 0
LogDevObjectVersion:   Dev-Rendering (12F88B9F-8875-4AFC-A67C-D90C383ABD29): 31
LogDevObjectVersion:   Dev-Sequencer (7B5AE74C-D270-4C10-A958-57980B212A5A): 11
LogDevObjectVersion:   Dev-VR (D7296918-1DD6-4BDD-9DE2-64A83CC13884): 2
LogDevObjectVersion:   Dev-LoadTimes (C2A15278-BFE7-4AFE-6C17-90FF531DF755): 1
LogDevObjectVersion:   Private-Geometry (6EACA3D4-40EC-4CC1-B786-8BED09428FC5): 3
LogDevObjectVersion:   Dev-AnimPhys (29E575DD-E0A3-4627-9D10-D276232CDCEA): 17
LogDevObjectVersion:   Dev-Anim (AF43A65D-7FD3-4947-9873-3E8ED9C1BB05): 2
LogDevObjectVersion:   Dev-ReflectionCapture (6B266CEC-1EC7-4B8F-A30B-E4D90942FC07): 1
LogDevObjectVersion:   Dev-Automation (0DF73D61-A23F-47EA-B727-89E90C41499A): 1
LogDevObjectVersion:   FortniteMain (601D1886-AC64-4F84-AA16-D3DE0DEAC7D6): 27
LogDevObjectVersion:   Dev-Enterprise (9DFFBCD6-494F-0158-E221-12823C92A888): 6
LogDevObjectVersion:   Dev-Niagara (F2AED0AC-9AFE-416F-8664-AA7FFA26D6FC): 1
LogDevObjectVersion:   Dev-Destruction (174F1F0B-B4C6-45A5-B13F-2EE8D0FB917D): 9
LogInit: Presizing for max 16777216 objects, including 0 objects not considered by GC, pre-allocating 0 bytes for permanent pool.
LogInit: Object subsystem initialized
LogConfig: Setting CVar [[con.DebugEarlyDefault:1]]
LogConfig: Setting CVar [[r.setres:1280x720]]
[2019.12.05-21.17.50:305][  0]LogConfig: Setting CVar [[r.VSync:0]]
[2019.12.05-21.17.50:305][  0]LogConfig: Setting CVar [[r.RHICmdBypass:0]]
[2019.12.05-21.17.50:305][  0]LogConfig: Applying CVar settings from Section [/Script/Engine.RendererSettings] File [C:/Users/tbiss/Documents/GitHub/Stolemates/Stolenmates/Saved/Config/Windows/Engine.ini]
[2019.12.05-21.17.50:305][  0]LogConfig: Setting CVar [[r.GPUCrashDebugging:0]]
[2019.12.05-21.17.50:305][  0]LogConfig: Setting CVar [[r.DefaultFeature.AutoExposure.ExtendDefaultLuminanceRange:1]]
[2019.12.05-21.17.50:305][  0]LogConfig: Applying CVar settings from Section [/Script/Engine.RendererOverrideSettings] File [C:/Users/tbiss/Documents/GitHub/Stolemates/Stolenmates/Saved/Config/Windows/Engine.ini]
[2019.12.05-21.17.50:305][  0]LogConfig: Applying CVar settings from Section [/Script/Engine.StreamingSettings] File [C:/Users/tbiss/Documents/GitHub/Stolemates/Stolenmates/Saved/Config/Windows/Engine.ini]
[2019.12.05-21.17.50:305][  0]LogConfig: Setting CVar [[s.MinBulkDataSizeForAsyncLoading:131072]]
[2019.12.05-21.17.50:306][  0]LogConfig: Setting CVar [[s.AsyncLoadingThreadEnabled:0]]
[2019.12.05-21.17.50:306][  0]LogConfig: Setting CVar [[s.EventDrivenLoaderEnabled:1]]
[2019.12.05-21.17.50:306][  0]LogConfig: Setting CVar [[s.WarnIfTimeLimitExceeded:0]]
[2019.12.05-21.17.50:306][  0]LogConfig: Setting CVar [[s.TimeLimitExceededMultiplier:1.5]]
[2019.12.05-21.17.50:306][  0]LogConfig: Setting CVar [[s.TimeLimitExceededMinTime:0.005]]
[2019.12.05-21.17.50:306][  0]LogConfig: Setting CVar [[s.UseBackgroundLevelStreaming:1]]
[2019.12.05-21.17.50:306][  0]LogConfig: Setting CVar [[s.PriorityAsyncLoadingExtraTime:15.0]]
[2019.12.05-21.17.50:306][  0]LogConfig: Setting CVar [[s.LevelStreamingActorsUpdateTimeLimit:5.0]]
[2019.12.05-21.17.50:306][  0]LogConfig: Setting CVar [[s.PriorityLevelStreamingActorsUpdateExtraTime:5.0]]
[2019.12.05-21.17.50:306][  0]LogConfig: Setting CVar [[s.LevelStreamingComponentsRegistrationGranularity:10]]
[2019.12.05-21.17.50:306][  0]LogConfig: Setting CVar [[s.UnregisterComponentsTimeLimit:1.0]]
[2019.12.05-21.17.50:306][  0]LogConfig: Setting CVar [[s.LevelStreamingComponentsUnregistrationGranularity:5]]
[2019.12.05-21.17.50:306][  0]LogConfig: Applying CVar settings from Section [/Script/Engine.GarbageCollectionSettings] File [C:/Users/tbiss/Documents/GitHub/Stolemates/Stolenmates/Saved/Config/Windows/Engine.ini]
[2019.12.05-21.17.50:306][  0]LogConfig: Setting CVar [[gc.MaxObjectsNotConsideredByGC:1]]
[2019.12.05-21.17.50:306][  0]LogConfig: Setting CVar [[gc.SizeOfPermanentObjectPool:0]]
[2019.12.05-21.17.50:306][  0]LogConfig: Setting CVar [[gc.FlushStreamingOnGC:0]]
[2019.12.05-21.17.50:306][  0]LogConfig: Setting CVar [[gc.NumRetriesBeforeForcingGC:10]]
[2019.12.05-21.17.50:306][  0]LogConfig: Setting CVar [[gc.AllowParallelGC:1]]
[2019.12.05-21.17.50:306][  0]LogConfig: Setting CVar [[gc.TimeBetweenPurgingPendingKillObjects:61.1]]
[2019.12.05-21.17.50:306][  0]LogConfig: Setting CVar [[gc.MaxObjectsInEditor:16777216]]
[2019.12.05-21.17.50:306][  0]LogConfig: Setting CVar [[gc.IncrementalBeginDestroyEnabled:1]]
[2019.12.05-21.17.50:307][  0]LogConfig: Setting CVar [[gc.CreateGCClusters:1]]
[2019.12.05-21.17.50:307][  0]LogConfig: Setting CVar [[gc.MinGCClusterSize:5]]
[2019.12.05-21.17.50:307][  0]LogConfig: Setting CVar [[gc.ActorClusteringEnabled:0]]
[2019.12.05-21.17.50:307][  0]LogConfig: Setting CVar [[gc.BlueprintClusteringEnabled:0]]
[2019.12.05-21.17.50:307][  0]LogConfig: Setting CVar [[gc.UseDisregardForGCOnDedicatedServers:0]]
[2019.12.05-21.17.50:307][  0]LogConfig: Applying CVar settings from Section [/Script/Engine.NetworkSettings] File [C:/Users/tbiss/Documents/GitHub/Stolemates/Stolenmates/Saved/Config/Windows/Engine.ini]
[2019.12.05-21.17.50:307][  0]LogConfig: Applying CVar settings from Section [/Script/UnrealEd.CookerSettings] File [C:/Users/tbiss/Documents/GitHub/Stolemates/Stolenmates/Saved/Config/Windows/Engine.ini]
[2019.12.05-21.17.50:311][  0]LogConfig: Applying CVar settings from Section [ViewDistanceQuality@3] File [C:/Users/tbiss/Documents/GitHub/Stolemates/Stolenmates/Saved/Config/Windows/Scalability.ini]
[2019.12.05-21.17.50:311][  0]LogConfig: Setting CVar [[r.SkeletalMeshLODBias:0]]
[2019.12.05-21.17.50:311][  0]LogConfig: Setting CVar [[r.ViewDistanceScale:1.0]]
[2019.12.05-21.17.50:311][  0]LogConfig: Applying CVar settings from Section [AntiAliasingQuality@3] File [C:/Users/tbiss/Documents/GitHub/Stolemates/Stolenmates/Saved/Config/Windows/Scalability.ini]
[2019.12.05-21.17.50:311][  0]LogConfig: Setting CVar [[r.PostProcessAAQuality:4]]
[2019.12.05-21.17.50:311][  0]LogConfig: Applying CVar settings from Section [ShadowQuality@3] File [C:/Users/tbiss/Documents/GitHub/Stolemates/Stolenmates/Saved/Config/Windows/Scalability.ini]
[2019.12.05-21.17.50:311][  0]LogConfig: Setting CVar [[r.LightFunctionQuality:1]]
[2019.12.05-21.17.50:311][  0]LogConfig: Setting CVar [[r.ShadowQuality:5]]
[2019.12.05-21.17.50:311][  0]LogConfig: Setting CVar [[r.Shadow.CSM.MaxCascades:10]]
[2019.12.05-21.17.50:311][  0]LogConfig: Setting CVar [[r.Shadow.MaxResolution:2048]]
[2019.12.05-21.17.50:312][  0]LogConfig: Setting CVar [[r.Shadow.MaxCSMResolution:2048]]
[2019.12.05-21.17.50:312][  0]LogConfig: Setting CVar [[r.Shadow.RadiusThreshold:0.01]]
[2019.12.05-21.17.50:312][  0]LogConfig: Setting CVar [[r.Shadow.DistanceScale:1.0]]
[2019.12.05-21.17.50:312][  0]LogConfig: Setting CVar [[r.Shadow.CSM.TransitionScale:1.0]]
[2019.12.05-21.17.50:312][  0]LogConfig: Setting CVar [[r.Shadow.PreShadowResolutionFactor:1.0]]
[2019.12.05-21.17.50:312][  0]LogConfig: Setting CVar [[r.DistanceFieldShadowing:1]]
[2019.12.05-21.17.50:312][  0]LogConfig: Setting CVar [[r.DistanceFieldAO:1]]
[2019.12.05-21.17.50:312][  0]LogConfig: Setting CVar [[r.AOQuality:2]]
[2019.12.05-21.17.50:312][  0]LogConfig: Setting CVar [[r.VolumetricFog:1]]
[2019.12.05-21.17.50:312][  0]LogConfig: Setting CVar [[r.VolumetricFog.GridPixelSize:8]]
[2019.12.05-21.17.50:312][  0]LogConfig: Setting CVar [[r.VolumetricFog.GridSizeZ:128]]
[2019.12.05-21.17.50:312][  0]LogConfig: Setting CVar [[r.VolumetricFog.HistoryMissSupersampleCount:4]]
[2019.12.05-21.17.50:312][  0]LogConfig: Setting CVar [[r.LightMaxDrawDistanceScale:1]]
[2019.12.05-21.17.50:312][  0]LogConfig: Setting CVar [[r.CapsuleShadows:1]]
[2019.12.05-21.17.50:312][  0]LogConfig: Applying CVar settings from Section [PostProcessQuality@3] File [C:/Users/tbiss/Documents/GitHub/Stolemates/Stolenmates/Saved/Config/Windows/Scalability.ini]
[2019.12.05-21.17.50:312][  0]LogConfig: Setting CVar [[r.MotionBlurQuality:4]]
[2019.12.05-21.17.50:312][  0]LogConfig: Setting CVar [[r.AmbientOcclusionMipLevelFactor:0.4]]
[2019.12.05-21.17.50:312][  0]LogConfig: Setting CVar [[r.AmbientOcclusionMaxQuality:100]]
[2019.12.05-21.17.50:312][  0]LogConfig: Setting CVar [[r.AmbientOcclusionLevels:-1]]
[2019.12.05-21.17.50:312][  0]LogConfig: Setting CVar [[r.AmbientOcclusionRadiusScale:1.0]]
[2019.12.05-21.17.50:312][  0]LogConfig: Setting CVar [[r.DepthOfFieldQuality:2]]
[2019.12.05-21.17.50:312][  0]LogConfig: Setting CVar [[r.RenderTargetPoolMin:400]]
[2019.12.05-21.17.50:313][  0]LogConfig: Setting CVar [[r.LensFlareQuality:2]]
[2019.12.05-21.17.50:313][  0]LogConfig: Setting CVar [[r.SceneColorFringeQuality:1]]
[2019.12.05-21.17.50:313][  0]LogConfig: Setting CVar [[r.EyeAdaptationQuality:2]]
[2019.12.05-21.17.50:313][  0]LogConfig: Setting CVar [[r.BloomQuality:5]]
[2019.12.05-21.17.50:313][  0]LogConfig: Setting CVar [[r.FastBlurThreshold:100]]
[2019.12.05-21.17.50:313][  0]LogConfig: Setting CVar [[r.Upscale.Quality:3]]
[2019.12.05-21.17.50:313][  0]LogConfig: Setting CVar [[r.Tonemapper.GrainQuantization:1]]
[2019.12.05-21.17.50:313][  0]LogConfig: Setting CVar [[r.LightShaftQuality:1]]
[2019.12.05-21.17.50:313][  0]LogConfig: Setting CVar [[r.Filter.SizeScale:1]]
[2019.12.05-21.17.50:313][  0]LogConfig: Setting CVar [[r.Tonemapper.Quality:5]]
[2019.12.05-21.17.50:313][  0]LogConfig: Setting CVar [[r.DOF.Gather.AccumulatorQuality:1        ; higher gathering accumulator quality]]
[2019.12.05-21.17.50:313][  0]LogConfig: Setting CVar [[r.DOF.Gather.PostfilterMethod:1          ; Median3x3 postfilering method]]
[2019.12.05-21.17.50:313][  0]LogConfig: Setting CVar [[r.DOF.Gather.EnableBokehSettings:0       ; no bokeh simulation when gathering]]
[2019.12.05-21.17.50:313][  0]LogConfig: Setting CVar [[r.DOF.Gather.RingCount:4                 ; medium number of samples when gathering]]
[2019.12.05-21.17.50:313][  0]LogConfig: Setting CVar [[r.DOF.Scatter.ForegroundCompositing:1    ; additive foreground scattering]]
[2019.12.05-21.17.50:313][  0]LogConfig: Setting CVar [[r.DOF.Scatter.BackgroundCompositing:2    ; additive background scattering]]
[2019.12.05-21.17.50:313][  0]LogConfig: Setting CVar [[r.DOF.Scatter.EnableBokehSettings:1      ; bokeh simulation when scattering]]
[2019.12.05-21.17.50:313][  0]LogConfig: Setting CVar [[r.DOF.Scatter.MaxSpriteRatio:0.1         ; only a maximum of 10% of scattered bokeh]]
[2019.12.05-21.17.50:313][  0]LogConfig: Setting CVar [[r.DOF.Recombine.Quality:1                ; cheap slight out of focus]]
[2019.12.05-21.17.50:313][  0]LogConfig: Setting CVar [[r.DOF.Recombine.EnableBokehSettings:0    ; no bokeh simulation on slight out of focus]]
[2019.12.05-21.17.50:313][  0]LogConfig: Setting CVar [[r.DOF.TemporalAAQuality:1                ; more stable temporal accumulation]]
[2019.12.05-21.17.50:313][  0]LogConfig: Setting CVar [[r.DOF.Kernel.MaxForegroundRadius:0.025]]
[2019.12.05-21.17.50:314][  0]LogConfig: Setting CVar [[r.DOF.Kernel.MaxBackgroundRadius:0.025]]
[2019.12.05-21.17.50:314][  0]LogConfig: Applying CVar settings from Section [TextureQuality@3] File [C:/Users/tbiss/Documents/GitHub/Stolemates/Stolenmates/Saved/Config/Windows/Scalability.ini]
[2019.12.05-21.17.50:314][  0]LogConfig: Setting CVar [[r.Streaming.MipBias:0]]
[2019.12.05-21.17.50:314][  0]LogConfig: Setting CVar [[r.Streaming.AmortizeCPUToGPUCopy:0]]
[2019.12.05-21.17.50:314][  0]LogConfig: Setting CVar [[r.Streaming.MaxNumTexturesToStreamPerFrame:0]]
[2019.12.05-21.17.50:314][  0]LogConfig: Setting CVar [[r.Streaming.Boost:1]]
[2019.12.05-21.17.50:314][  0]LogConfig: Setting CVar [[r.MaxAnisotropy:8]]
[2019.12.05-21.17.50:314][  0]LogConfig: Setting CVar [[r.Streaming.LimitPoolSizeToVRAM:0]]
[2019.12.05-21.17.50:314][  0]LogConfig: Setting CVar [[r.Streaming.PoolSize:1000]]
[2019.12.05-21.17.50:314][  0]LogConfig: Setting CVar [[r.Streaming.MaxEffectiveScreenSize:0]]
[2019.12.05-21.17.50:314][  0]LogConfig: Applying CVar settings from Section [EffectsQuality@3] File [C:/Users/tbiss/Documents/GitHub/Stolemates/Stolenmates/Saved/Config/Windows/Scalability.ini]
[2019.12.05-21.17.50:314][  0]LogConfig: Setting CVar [[r.TranslucencyLightingVolumeDim:64]]
[2019.12.05-21.17.50:314][  0]LogConfig: Setting CVar [[r.RefractionQuality:2]]
[2019.12.05-21.17.50:314][  0]LogConfig: Setting CVar [[r.SSR.Quality:3]]
[2019.12.05-21.17.50:314][  0]LogConfig: Setting CVar [[r.SceneColorFormat:4]]
[2019.12.05-21.17.50:314][  0]LogConfig: Setting CVar [[r.DetailMode:2]]
[2019.12.05-21.17.50:314][  0]LogConfig: Setting CVar [[r.TranslucencyVolumeBlur:1]]
[2019.12.05-21.17.50:314][  0]LogConfig: Setting CVar [[r.MaterialQualityLevel:1 ; High quality]]
[2019.12.05-21.17.50:314][  0]LogConfig: Setting CVar [[r.SSS.Scale:1]]
[2019.12.05-21.17.50:314][  0]LogConfig: Setting CVar [[r.SSS.SampleSet:2]]
[2019.12.05-21.17.50:314][  0]LogConfig: Setting CVar [[r.SSS.Quality:1]]
[2019.12.05-21.17.50:314][  0]LogConfig: Setting CVar [[r.SSS.HalfRes:1]]
[2019.12.05-21.17.50:315][  0]LogConfig: Setting CVar [[r.EmitterSpawnRateScale:1.0]]
[2019.12.05-21.17.50:315][  0]LogConfig: Setting CVar [[r.ParticleLightQuality:2]]
[2019.12.05-21.17.50:315][  0]LogConfig: Applying CVar settings from Section [FoliageQuality@3] File [C:/Users/tbiss/Documents/GitHub/Stolemates/Stolenmates/Saved/Config/Windows/Scalability.ini]
[2019.12.05-21.17.50:315][  0]LogConfig: Setting CVar [[foliage.DensityScale:1.0]]
[2019.12.05-21.17.50:315][  0]LogConfig: Setting CVar [[grass.DensityScale:1.0]]
[2019.12.05-21.17.50:315][  0]LogInit: Selected Device Profile: [Windows]
[2019.12.05-21.17.50:315][  0]LogInit: Applying CVar settings loaded from the selected device profile: [Windows]
[2019.12.05-21.17.50:318][  0]LogHAL: Display: Platform has ~ 16 GB [17114079232 / 17179869184 / 16], which maps to Larger [LargestMinGB=32, LargerMinGB=12, DefaultMinGB=8, SmallerMinGB=6, SmallestMinGB=0)
[2019.12.05-21.17.50:318][  0]LogInit: Going up to parent DeviceProfile []
[2019.12.05-21.17.50:318][  0]LogConfig: Applying CVar settings from Section [ViewDistanceQuality@3] File [C:/Users/tbiss/Documents/GitHub/Stolemates/Stolenmates/Saved/Config/Windows/Scalability.ini]
[2019.12.05-21.17.50:318][  0]LogConfig: Setting CVar [[r.SkeletalMeshLODBias:0]]
[2019.12.05-21.17.50:318][  0]LogConfig: Setting CVar [[r.ViewDistanceScale:1.0]]
[2019.12.05-21.17.50:318][  0]LogConfig: Applying CVar settings from Section [AntiAliasingQuality@3] File [C:/Users/tbiss/Documents/GitHub/Stolemates/Stolenmates/Saved/Config/Windows/Scalability.ini]
[2019.12.05-21.17.50:318][  0]LogConfig: Setting CVar [[r.PostProcessAAQuality:4]]
[2019.12.05-21.17.50:318][  0]LogConfig: Applying CVar settings from Section [ShadowQuality@3] File [C:/Users/tbiss/Documents/GitHub/Stolemates/Stolenmates/Saved/Config/Windows/Scalability.ini]
[2019.12.05-21.17.50:318][  0]LogConfig: Setting CVar [[r.LightFunctionQuality:1]]
[2019.12.05-21.17.50:318][  0]LogConfig: Setting CVar [[r.ShadowQuality:5]]
[2019.12.05-21.17.50:318][  0]LogConfig: Setting CVar [[r.Shadow.CSM.MaxCascades:10]]
[2019.12.05-21.17.50:318][  0]LogConfig: Setting CVar [[r.Shadow.MaxResolution:2048]]
[2019.12.05-21.17.50:318][  0]LogConfig: Setting CVar [[r.Shadow.MaxCSMResolution:2048]]
[2019.12.05-21.17.50:318][  0]LogConfig: Setting CVar [[r.Shadow.RadiusThreshold:0.01]]
[2019.12.05-21.17.50:318][  0]LogConfig: Setting CVar [[r.Shadow.DistanceScale:1.0]]
[2019.12.05-21.17.50:319][  0]LogConfig: Setting CVar [[r.Shadow.CSM.TransitionScale:1.0]]
[2019.12.05-21.17.50:319][  0]LogConfig: Setting CVar [[r.Shadow.PreShadowResolutionFactor:1.0]]
[2019.12.05-21.17.50:319][  0]LogConfig: Setting CVar [[r.DistanceFieldShadowing:1]]
[2019.12.05-21.17.50:319][  0]LogConfig: Setting CVar [[r.DistanceFieldAO:1]]
[2019.12.05-21.17.50:319][  0]LogConfig: Setting CVar [[r.AOQuality:2]]
[2019.12.05-21.17.50:319][  0]LogConfig: Setting CVar [[r.VolumetricFog:1]]
[2019.12.05-21.17.50:319][  0]LogConfig: Setting CVar [[r.VolumetricFog.GridPixelSize:8]]
[2019.12.05-21.17.50:319][  0]LogConfig: Setting CVar [[r.VolumetricFog.GridSizeZ:128]]
[2019.12.05-21.17.50:319][  0]LogConfig: Setting CVar [[r.VolumetricFog.HistoryMissSupersampleCount:4]]
[2019.12.05-21.17.50:319][  0]LogConfig: Setting CVar [[r.LightMaxDrawDistanceScale:1]]
[2019.12.05-21.17.50:319][  0]LogConfig: Setting CVar [[r.CapsuleShadows:1]]
[2019.12.05-21.17.50:319][  0]LogConfig: Applying CVar settings from Section [PostProcessQuality@3] File [C:/Users/tbiss/Documents/GitHub/Stolemates/Stolenmates/Saved/Config/Windows/Scalability.ini]
[2019.12.05-21.17.50:319][  0]LogConfig: Setting CVar [[r.MotionBlurQuality:4]]
[2019.12.05-21.17.50:319][  0]LogConfig: Setting CVar [[r.AmbientOcclusionMipLevelFactor:0.4]]
[2019.12.05-21.17.50:319][  0]LogConfig: Setting CVar [[r.AmbientOcclusionMaxQuality:100]]
[2019.12.05-21.17.50:319][  0]LogConfig: Setting CVar [[r.AmbientOcclusionLevels:-1]]
[2019.12.05-21.17.50:319][  0]LogConfig: Setting CVar [[r.AmbientOcclusionRadiusScale:1.0]]
[2019.12.05-21.17.50:319][  0]LogConfig: Setting CVar [[r.DepthOfFieldQuality:2]]
[2019.12.05-21.17.50:319][  0]LogConfig: Setting CVar [[r.RenderTargetPoolMin:400]]
[2019.12.05-21.17.50:319][  0]LogConfig: Setting CVar [[r.LensFlareQuality:2]]
[2019.12.05-21.17.50:319][  0]LogConfig: Setting CVar [[r.SceneColorFringeQuality:1]]
[2019.12.05-21.17.50:320][  0]LogConfig: Setting CVar [[r.EyeAdaptationQuality:2]]
[2019.12.05-21.17.50:320][  0]LogConfig: Setting CVar [[r.BloomQuality:5]]
[2019.12.05-21.17.50:320][  0]LogConfig: Setting CVar [[r.FastBlurThreshold:100]]
[2019.12.05-21.17.50:320][  0]LogConfig: Setting CVar [[r.Upscale.Quality:3]]
[2019.12.05-21.17.50:320][  0]LogConfig: Setting CVar [[r.Tonemapper.GrainQuantization:1]]
[2019.12.05-21.17.50:320][  0]LogConfig: Setting CVar [[r.LightShaftQuality:1]]
[2019.12.05-21.17.50:320][  0]LogConfig: Setting CVar [[r.Filter.SizeScale:1]]
[2019.12.05-21.17.50:320][  0]LogConfig: Setting CVar [[r.Tonemapper.Quality:5]]
[2019.12.05-21.17.50:320][  0]LogConfig: Setting CVar [[r.DOF.Gather.AccumulatorQuality:1        ; higher gathering accumulator quality]]
[2019.12.05-21.17.50:320][  0]LogConfig: Setting CVar [[r.DOF.Gather.PostfilterMethod:1          ; Median3x3 postfilering method]]
[2019.12.05-21.17.50:320][  0]LogConfig: Setting CVar [[r.DOF.Gather.EnableBokehSettings:0       ; no bokeh simulation when gathering]]
[2019.12.05-21.17.50:320][  0]LogConfig: Setting CVar [[r.DOF.Gather.RingCount:4                 ; medium number of samples when gathering]]
[2019.12.05-21.17.50:320][  0]LogConfig: Setting CVar [[r.DOF.Scatter.ForegroundCompositing:1    ; additive foreground scattering]]
[2019.12.05-21.17.50:320][  0]LogConfig: Setting CVar [[r.DOF.Scatter.BackgroundCompositing:2    ; additive background scattering]]
[2019.12.05-21.17.50:320][  0]LogConfig: Setting CVar [[r.DOF.Scatter.EnableBokehSettings:1      ; bokeh simulation when scattering]]
[2019.12.05-21.17.50:320][  0]LogConfig: Setting CVar [[r.DOF.Scatter.MaxSpriteRatio:0.1         ; only a maximum of 10% of scattered bokeh]]
[2019.12.05-21.17.50:320][  0]LogConfig: Setting CVar [[r.DOF.Recombine.Quality:1                ; cheap slight out of focus]]
[2019.12.05-21.17.50:320][  0]LogConfig: Setting CVar [[r.DOF.Recombine.EnableBokehSettings:0    ; no bokeh simulation on slight out of focus]]
[2019.12.05-21.17.50:320][  0]LogConfig: Setting CVar [[r.DOF.TemporalAAQuality:1                ; more stable temporal accumulation]]
[2019.12.05-21.17.50:320][  0]LogConfig: Setting CVar [[r.DOF.Kernel.MaxForegroundRadius:0.025]]
[2019.12.05-21.17.50:320][  0]LogConfig: Setting CVar [[r.DOF.Kernel.MaxBackgroundRadius:0.025]]
[2019.12.05-21.17.50:320][  0]LogConfig: Applying CVar settings from Section [TextureQuality@3] File [C:/Users/tbiss/Documents/GitHub/Stolemates/Stolenmates/Saved/Config/Windows/Scalability.ini]
[2019.12.05-21.17.50:321][  0]LogConfig: Setting CVar [[r.Streaming.MipBias:0]]
[2019.12.05-21.17.50:321][  0]LogConfig: Setting CVar [[r.Streaming.AmortizeCPUToGPUCopy:0]]
[2019.12.05-21.17.50:321][  0]LogConfig: Setting CVar [[r.Streaming.MaxNumTexturesToStreamPerFrame:0]]
[2019.12.05-21.17.50:321][  0]LogConfig: Setting CVar [[r.Streaming.Boost:1]]
[2019.12.05-21.17.50:321][  0]LogConfig: Setting CVar [[r.MaxAnisotropy:8]]
[2019.12.05-21.17.50:321][  0]LogConfig: Setting CVar [[r.Streaming.LimitPoolSizeToVRAM:0]]
[2019.12.05-21.17.50:321][  0]LogConfig: Setting CVar [[r.Streaming.PoolSize:1000]]
[2019.12.05-21.17.50:321][  0]LogConfig: Setting CVar [[r.Streaming.MaxEffectiveScreenSize:0]]
[2019.12.05-21.17.50:321][  0]LogConfig: Applying CVar settings from Section [EffectsQuality@3] File [C:/Users/tbiss/Documents/GitHub/Stolemates/Stolenmates/Saved/Config/Windows/Scalability.ini]
[2019.12.05-21.17.50:321][  0]LogConfig: Setting CVar [[r.TranslucencyLightingVolumeDim:64]]
[2019.12.05-21.17.50:321][  0]LogConfig: Setting CVar [[r.RefractionQuality:2]]
[2019.12.05-21.17.50:321][  0]LogConfig: Setting CVar [[r.SSR.Quality:3]]
[2019.12.05-21.17.50:321][  0]LogConfig: Setting CVar [[r.SceneColorFormat:4]]
[2019.12.05-21.17.50:321][  0]LogConfig: Setting CVar [[r.DetailMode:2]]
[2019.12.05-21.17.50:321][  0]LogConfig: Setting CVar [[r.TranslucencyVolumeBlur:1]]
[2019.12.05-21.17.50:321][  0]LogConfig: Setting CVar [[r.MaterialQualityLevel:1 ; High quality]]
[2019.12.05-21.17.50:321][  0]LogConfig: Setting CVar [[r.SSS.Scale:1]]
[2019.12.05-21.17.50:321][  0]LogConfig: Setting CVar [[r.SSS.SampleSet:2]]
[2019.12.05-21.17.50:321][  0]LogConfig: Setting CVar [[r.SSS.Quality:1]]
[2019.12.05-21.17.50:321][  0]LogConfig: Setting CVar [[r.SSS.HalfRes:1]]
[2019.12.05-21.17.50:322][  0]LogConfig: Setting CVar [[r.EmitterSpawnRateScale:1.0]]
[2019.12.05-21.17.50:322][  0]LogConfig: Setting CVar [[r.ParticleLightQuality:2]]
[2019.12.05-21.17.50:322][  0]LogConfig: Applying CVar settings from Section [FoliageQuality@3] File [C:/Users/tbiss/Documents/GitHub/Stolemates/Stolenmates/Saved/Config/Windows/Scalability.ini]
[2019.12.05-21.17.50:322][  0]LogConfig: Setting CVar [[foliage.DensityScale:1.0]]
[2019.12.05-21.17.50:322][  0]LogConfig: Setting CVar [[grass.DensityScale:1.0]]
[2019.12.05-21.17.50:322][  0]LogConfig: Applying CVar settings from Section [Startup] File [../../../Engine/Config/ConsoleVariables.ini]
[2019.12.05-21.17.50:322][  0]LogConfig: Setting CVar [[net.UseAdaptiveNetUpdateFrequency:0]]
[2019.12.05-21.17.50:322][  0]LogConfig: Setting CVar [[p.chaos.AllowCreatePhysxBodies:1]]
[2019.12.05-21.17.50:322][  0]LogConfig: Applying CVar settings from Section [ConsoleVariables] File [C:/Users/tbiss/Documents/GitHub/Stolemates/Stolenmates/Saved/Config/Windows/Engine.ini]
[2019.12.05-21.17.50:322][  0]LogInit: Computer: TED-DESKTOP
[2019.12.05-21.17.50:322][  0]LogInit: User: tbiss
[2019.12.05-21.17.50:322][  0]LogInit: CPU Page size=4096, Cores=4
[2019.12.05-21.17.50:322][  0]LogInit: High frequency timer resolution =10.000000 MHz
[2019.12.05-21.17.50:323][  0]LogMemory: Memory total: Physical=15.9GB (16GB approx)
[2019.12.05-21.17.50:323][  0]LogMemory: Platform Memory Stats for Windows
[2019.12.05-21.17.50:323][  0]LogMemory: Process Physical Memory: 102.11 MB used, 102.12 MB peak
[2019.12.05-21.17.50:323][  0]LogMemory: Process Virtual Memory: 99.15 MB used, 99.15 MB peak
[2019.12.05-21.17.50:323][  0]LogMemory: Physical Memory: 8585.66 MB used,  7735.59 MB free, 16321.26 MB total
[2019.12.05-21.17.50:323][  0]LogMemory: Virtual Memory: 4681.35 MB used,  134213048.00 MB free, 134217728.00 MB total
[2019.12.05-21.17.50:831][  0]LogWindows: WindowsPlatformFeatures enabled
[2019.12.05-21.17.50:945][  0]LogInit: Using OS detected language (en-US).
[2019.12.05-21.17.50:945][  0]LogInit: Using OS detected locale (en-CA).
[2019.12.05-21.17.50:946][  0]LogTextLocalizationManager: No specific localization for 'en-US' exists, so the 'en' localization will be used.
[2019.12.05-21.17.51:128][  0]LogInit: Setting process to per monitor DPI aware
[2019.12.05-21.17.51:192][  0]LogSlate: New Slate User Created.  User Index 0, Is Virtual User: 0
[2019.12.05-21.17.51:192][  0]LogSlate: Slate User Registered.  User Index 0, Is Virtual User: 0
[2019.12.05-21.17.51:372][  0]LogHMD: Failed to initialize OpenVR with code 110
[2019.12.05-21.17.51:372][  0]LogD3D11RHI: D3D11 adapters:
[2019.12.05-21.17.51:459][  0]LogD3D11RHI:    0. 'NVIDIA GeForce GTX 1070' (Feature Level 11_0)
[2019.12.05-21.17.51:459][  0]LogD3D11RHI:       8088/0/8160 MB DedicatedVideo/DedicatedSystem/SharedSystem, Outputs:1, VendorId:0x10de
[2019.12.05-21.17.51:465][  0]LogD3D11RHI:    1. 'Microsoft Basic Render Driver' (Feature Level 11_0)
[2019.12.05-21.17.51:466][  0]LogD3D11RHI:       0/0/8160 MB DedicatedVideo/DedicatedSystem/SharedSystem, Outputs:0, VendorId:0x1414
[2019.12.05-21.17.51:466][  0]LogD3D11RHI: Chosen D3D11 Adapter: 0
[2019.12.05-21.17.51:476][  0]LogD3D11RHI: Creating new Direct3DDevice
[2019.12.05-21.17.51:476][  0]LogD3D11RHI:     GPU DeviceId: 0x1b81 (for the marketing name, search the web for "GPU Device Id")
[2019.12.05-21.17.51:476][  0]LogWindows: EnumDisplayDevices:
[2019.12.05-21.17.51:476][  0]LogWindows:    0. 'NVIDIA GeForce GTX 1070' (P:1 D:1)
[2019.12.05-21.17.51:477][  0]LogWindows:    1. 'NVIDIA GeForce GTX 1070' (P:0 D:0)
[2019.12.05-21.17.51:477][  0]LogWindows:    2. 'NVIDIA GeForce GTX 1070' (P:0 D:0)
[2019.12.05-21.17.51:477][  0]LogWindows:    3. 'NVIDIA GeForce GTX 1070' (P:0 D:0)
[2019.12.05-21.17.51:478][  0]LogWindows: DebugString: FoundDriverCount:4 
[2019.12.05-21.17.51:478][  0]LogD3D11RHI:     Adapter Name: NVIDIA GeForce GTX 1070
[2019.12.05-21.17.51:478][  0]LogD3D11RHI:   Driver Version: 419.72 (internal:25.21.14.1972, unified:419.72)
[2019.12.05-21.17.51:478][  0]LogD3D11RHI:      Driver Date: 3-18-2019
[2019.12.05-21.17.51:478][  0]LogRHI: Texture pool is 5661 MB (70% of 8088 MB)
[2019.12.05-21.17.51:520][  0]LogD3D11RHI: Async texture creation enabled
[2019.12.05-21.17.51:537][  0]LogD3D11RHI: GPU Timing Frequency: 1000.000000 (Debug: 2 1)
[2019.12.05-21.17.51:855][  0]LogTemp: Display: Module 'AllDesktopTargetPlatform' loaded TargetPlatform 'AllDesktop'
[2019.12.05-21.17.51:866][  0]LogTemp: Display: Module 'MacClientTargetPlatform' loaded TargetPlatform 'MacClient'
[2019.12.05-21.17.51:877][  0]LogTemp: Display: Module 'MacNoEditorTargetPlatform' loaded TargetPlatform 'MacNoEditor'
[2019.12.05-21.17.51:888][  0]LogTemp: Display: Module 'MacServerTargetPlatform' loaded TargetPlatform 'MacServer'
[2019.12.05-21.17.51:899][  0]LogTemp: Display: Module 'MacTargetPlatform' loaded TargetPlatform 'Mac'
[2019.12.05-21.17.51:909][  0]LogTemp: Display: Module 'WindowsClientTargetPlatform' loaded TargetPlatform 'WindowsClient'
[2019.12.05-21.17.51:920][  0]LogTemp: Display: Module 'WindowsNoEditorTargetPlatform' loaded TargetPlatform 'WindowsNoEditor'
[2019.12.05-21.17.51:932][  0]LogTemp: Display: Module 'WindowsServerTargetPlatform' loaded TargetPlatform 'WindowsServer'
[2019.12.05-21.17.51:938][  0]LogTemp: Display: Module 'WindowsTargetPlatform' loaded TargetPlatform 'Windows'
[2019.12.05-21.17.51:972][  0]LogTemp: Display: Module 'AndroidTargetPlatform' loaded TargetPlatform 'Android'
[2019.12.05-21.17.51:972][  0]LogTemp: Display: Module 'AndroidTargetPlatform' loaded TargetPlatform 'Android_ASTC'
[2019.12.05-21.17.51:972][  0]LogTemp: Display: Module 'AndroidTargetPlatform' loaded TargetPlatform 'Android_ATC'
[2019.12.05-21.17.51:972][  0]LogTemp: Display: Module 'AndroidTargetPlatform' loaded TargetPlatform 'Android_DXT'
[2019.12.05-21.17.51:973][  0]LogTemp: Display: Module 'AndroidTargetPlatform' loaded TargetPlatform 'Android_ETC1'
[2019.12.05-21.17.51:973][  0]LogTemp: Display: Module 'AndroidTargetPlatform' loaded TargetPlatform 'Android_ETC1a'
[2019.12.05-21.17.51:973][  0]LogTemp: Display: Module 'AndroidTargetPlatform' loaded TargetPlatform 'Android_ETC2'
[2019.12.05-21.17.51:973][  0]LogTemp: Display: Module 'AndroidTargetPlatform' loaded TargetPlatform 'Android_PVRTC'
[2019.12.05-21.17.51:973][  0]LogTemp: Display: Module 'AndroidTargetPlatform' loaded TargetPlatform 'AndroidClient'
[2019.12.05-21.17.51:973][  0]LogTemp: Display: Module 'AndroidTargetPlatform' loaded TargetPlatform 'Android_ASTCClient'
[2019.12.05-21.17.51:973][  0]LogTemp: Display: Module 'AndroidTargetPlatform' loaded TargetPlatform 'Android_ATCClient'
[2019.12.05-21.17.51:973][  0]LogTemp: Display: Module 'AndroidTargetPlatform' loaded TargetPlatform 'Android_DXTClient'
[2019.12.05-21.17.51:973][  0]LogTemp: Display: Module 'AndroidTargetPlatform' loaded TargetPlatform 'Android_ETC1Client'
[2019.12.05-21.17.51:973][  0]LogTemp: Display: Module 'AndroidTargetPlatform' loaded TargetPlatform 'Android_ETC1aClient'
[2019.12.05-21.17.51:973][  0]LogTemp: Display: Module 'AndroidTargetPlatform' loaded TargetPlatform 'Android_ETC2Client'
[2019.12.05-21.17.51:973][  0]LogTemp: Display: Module 'AndroidTargetPlatform' loaded TargetPlatform 'Android_PVRTCClient'
[2019.12.05-21.17.51:973][  0]LogTemp: Display: Module 'AndroidTargetPlatform' loaded TargetPlatform 'Android_Multi'
[2019.12.05-21.17.51:973][  0]LogTemp: Display: Module 'AndroidTargetPlatform' loaded TargetPlatform 'Android_MultiClient'
[2019.12.05-21.17.51:977][  0]LogTemp: Display: Module 'HTML5TargetPlatform' loaded TargetPlatform 'HTML5'
[2019.12.05-21.17.52:007][  0]LogTemp: Display: Module 'IOSTargetPlatform' loaded TargetPlatform 'IOSClient'
[2019.12.05-21.17.52:007][  0]LogTemp: Display: Module 'IOSTargetPlatform' loaded TargetPlatform 'IOS'
[2019.12.05-21.17.52:025][  0]LogTemp: Display: Module 'TVOSTargetPlatform' loaded TargetPlatform 'TVOSClient'
[2019.12.05-21.17.52:025][  0]LogTemp: Display: Module 'TVOSTargetPlatform' loaded TargetPlatform 'TVOS'
[2019.12.05-21.17.52:035][  0]LogTemp: Display: Module 'LinuxClientTargetPlatform' loaded TargetPlatform 'LinuxClient'
[2019.12.05-21.17.52:045][  0]LogTemp: Display: Module 'LinuxNoEditorTargetPlatform' loaded TargetPlatform 'LinuxNoEditor'
[2019.12.05-21.17.52:054][  0]LogTemp: Display: Module 'LinuxServerTargetPlatform' loaded TargetPlatform 'LinuxServer'
[2019.12.05-21.17.52:064][  0]LogTemp: Display: Module 'LinuxTargetPlatform' loaded TargetPlatform 'Linux'
[2019.12.05-21.17.52:093][  0]LogTemp: Display: Module 'LuminTargetPlatform' loaded TargetPlatform 'Lumin'
[2019.12.05-21.17.52:093][  0]LogTemp: Display: Module 'LuminTargetPlatform' loaded TargetPlatform 'LuminClient'
[2019.12.05-21.17.52:093][  0]LogTargetPlatformManager: Display: Building Assets For Windows
[2019.12.05-21.17.52:116][  0]LogAudioDebug: Display: Lib vorbis DLL was dynamically loaded.
[2019.12.05-21.17.52:228][  0]LogShaderCompilers: Guid format shader working directory is -23 characters bigger than the processId version (../../../../../../Users/tbiss/Documents/GitHub/Stolemates/Stolenmates/Intermediate/Shaders/WorkingDirectory/3192/).
[2019.12.05-21.17.52:228][  0]LogShaderCompilers: Cleaned the shader compiler working directory 'C:/Users/tbiss/AppData/Local/Temp/UnrealShaderWorkingDir/CD3A422E4714435F5C8712916BDC07A5/'.
[2019.12.05-21.17.52:232][  0]LogXGEController: Cleaning working directory: C:/Users/tbiss/AppData/Local/Temp/UnrealXGEWorkingDir/
[2019.12.05-21.17.52:233][  0]LogXGEController: Cannot use XGE Controller as Incredibuild is not installed on this machine.
[2019.12.05-21.17.52:233][  0]LogShaderCompilers: Cannot use XGE Shader Compiler as Incredibuild is not installed on this machine.
[2019.12.05-21.17.52:233][  0]LogShaderCompilers: Display: Using Local Shader Compiler.
[2019.12.05-21.17.52:858][  0]LogDerivedDataCache: Display: Max Cache Size: 512 MB
[2019.12.05-21.17.52:910][  0]LogDerivedDataCache: Loaded boot cache 0.05s 73MB C:/Users/tbiss/AppData/Local/UnrealEngine/4.23/DerivedDataCache/Boot.ddc.
[2019.12.05-21.17.52:911][  0]LogDerivedDataCache: Display: Loaded Boot cache: C:/Users/tbiss/AppData/Local/UnrealEngine/4.23/DerivedDataCache/Boot.ddc
[2019.12.05-21.17.52:911][  0]LogDerivedDataCache: FDerivedDataBackendGraph:  Pak pak cache file ../../../../../../Users/tbiss/Documents/GitHub/Stolemates/Stolenmates/DerivedDataCache/DDC.ddp not found, will not use a pak cache.
[2019.12.05-21.17.52:911][  0]LogDerivedDataCache: Unable to find inner node Pak for hierarchical cache Hierarchy.
[2019.12.05-21.17.52:911][  0]LogDerivedDataCache: FDerivedDataBackendGraph:  CompressedPak pak cache file ../../../../../../Users/tbiss/Documents/GitHub/Stolemates/Stolenmates/DerivedDataCache/Compressed.ddp not found, will not use a pak cache.
[2019.12.05-21.17.52:911][  0]LogDerivedDataCache: Unable to find inner node CompressedPak for hierarchical cache Hierarchy.
[2019.12.05-21.17.52:922][  0]LogDerivedDataCache: Display: Pak cache opened for reading ../../../Engine/DerivedDataCache/Compressed.ddp.
[2019.12.05-21.17.52:922][  0]LogDerivedDataCache: FDerivedDataBackendGraph:  EnterprisePak pak cache file ../../../Enterprise/DerivedDataCache/Compressed.ddp not found, will not use a pak cache.
[2019.12.05-21.17.52:922][  0]LogDerivedDataCache: Unable to find inner node EnterprisePak for hierarchical cache Hierarchy.
[2019.12.05-21.17.52:925][  0]LogDerivedDataCache: Using Local data cache path C:/Users/tbiss/AppData/Local/UnrealEngine/Common/DerivedDataCache: Writable
[2019.12.05-21.17.52:925][  0]LogDerivedDataCache: Shared data cache path not found in *engine.ini, will not use an Shared cache.
[2019.12.05-21.17.52:925][  0]LogDerivedDataCache: Unable to find inner node Shared for hierarchical cache Hierarchy.
[2019.12.05-21.17.52:944][  0]LogMaterial: Verifying Global Shaders for PCD3D_SM5
[2019.12.05-21.17.52:947][  0]LogSlate: Using FreeType 2.6.0
[2019.12.05-21.17.52:947][  0]LogSlate: SlateFontServices - WITH_FREETYPE: 1, WITH_HARFBUZZ: 1
[2019.12.05-21.17.53:012][  0]LogAssetRegistry: FAssetRegistry took 0.0048 seconds to start up
[2019.12.05-21.17.53:274][  0]LogInit: Selected Device Profile: [Windows]
[2019.12.05-21.17.53:434][  0]LogMeshReduction: Using QuadricMeshReduction for automatic static mesh reduction
[2019.12.05-21.17.53:434][  0]LogMeshReduction: Using SimplygonMeshReduction for automatic skeletal mesh reduction
[2019.12.05-21.17.53:434][  0]LogMeshReduction: Using ProxyLODMeshReduction for automatic mesh merging
[2019.12.05-21.17.53:434][  0]LogMeshReduction: No distributed automatic mesh merging module available
[2019.12.05-21.17.53:434][  0]LogMeshMerging: No distributed automatic mesh merging module available
[2019.12.05-21.17.53:446][  0]LogNetVersion: Stolenmates 1.0.0, NetCL: 8386587, EngineNetVer: 11, GameNetVer: 0 (Checksum: 1334032006)
[2019.12.05-21.17.53:911][  0]LogPackageLocalizationCache: Processed 12 localized package path(s) for 1 prioritized culture(s) in 0.063345 seconds
[2019.12.05-21.17.53:918][  0]LogUObjectArray: 43444 objects as part of root set at end of initial load.
[2019.12.05-21.17.53:918][  0]LogUObjectAllocator: 7548648 out of 0 bytes used by permanent object pool.
[2019.12.05-21.17.53:918][  0]LogUObjectArray: CloseDisregardForGC: 0/0 objects in disregard for GC pool
[2019.12.05-21.17.54:925][  0]LogTcpMessaging: Initializing TcpMessaging bridge
[2019.12.05-21.17.54:933][  0]LogUdpMessaging: Initializing bridge on interface 0.0.0.0:0 to multicast group 230.0.0.1:6666.
[2019.12.05-21.17.55:058][  0]SourceControl: Source control is disabled
[2019.12.05-21.17.55:058][  0]SourceControl: Source control is disabled
[2019.12.05-21.17.55:061][  0]SourceControl: Source control is disabled
[2019.12.05-21.17.55:065][  0]SourceControl: Source control is disabled
[2019.12.05-21.17.55:237][  0]LogAndroidPermission: UAndroidPermissionCallbackProxy::GetInstance
[2019.12.05-21.17.55:423][  0]LogOcInput: OculusInput pre-init called
[2019.12.05-21.17.55:438][  0]LogWindows: Failed to load 'OVRPlugin.dll' (GetLastError=126)
[2019.12.05-21.17.55:438][  0]LogWindows: File 'OVRPlugin.dll' does not exist
[2019.12.05-21.17.55:525][  0]LogEngine: Initializing Engine...
[2019.12.05-21.17.55:526][  0]LogHMD: Failed to initialize OpenVR with code 110
[2019.12.05-21.17.55:528][  0]LogStats: UGameplayTagsManager::InitializeManager -  0.000 s
[2019.12.05-21.17.55:738][  0]LogInit: Initializing FReadOnlyCVARCache
[2019.12.05-21.17.55:759][  0]LogAIModule: Creating AISystem for world Untitled
[2019.12.05-21.17.55:831][  0]LogInit: XAudio2 using 'Speakers (Bose Revolve SoundLink)' : 2 channels at 48 kHz using 16 bits per sample (channel mask 0x3)
[2019.12.05-21.17.55:861][  0]LogInit: FAudioDevice initialized.
[2019.12.05-21.17.55:861][  0]LogNetVersion: Set ProjectVersion to 1.0.0.0. Version Checksum will be recalculated on next use.
[2019.12.05-21.17.55:939][  0]LogDerivedDataCache: Saved boot cache 0.08s 73MB C:/Users/tbiss/AppData/Local/UnrealEngine/4.23/DerivedDataCache/Boot.ddc.
[2019.12.05-21.17.55:944][  0]LogInit: Texture streaming: Enabled
[2019.12.05-21.17.55:973][  0]LogEngineSessionManager: EngineSessionManager initialized
[2019.12.05-21.17.55:973][  0]LogEditorSessionSummary: Verbose: Initializing EditorSessionSummaryWriter for editor session tracking
[2019.12.05-21.17.55:975][  0]LogEditorSessionSummary: EditorSessionSummaryWriter initialized
[2019.12.05-21.17.56:039][  0]LogInit: Transaction tracking system initialized
[2019.12.05-21.17.56:092][  0]BlueprintLog: New page: Editor Load
[2019.12.05-21.17.56:221][  0]LocalizationService: Localization service is disabled
[2019.12.05-21.17.56:493][  0]LogFileCache: Scanning file cache for directory 'C:/Users/tbiss/Documents/GitHub/Stolemates/Stolenmates/Content/' took 0.00s
[2019.12.05-21.17.56:493][  0]LogCook: Display: Max memory allowance for cook 16384mb min free memory 0mb
[2019.12.05-21.17.56:493][  0]LogCook: Display: Mobile HDR setting 1
[2019.12.05-21.17.56:772][  0]SourceControl: Source control is disabled
[2019.12.05-21.17.56:772][  0]Cmd: MAP LOAD FILE="../../../../../../Users/tbiss/Documents/GitHub/Stolemates/Stolenmates/Content/Levels/City.umap" TEMPLATE=0 SHOWPROGRESS=1 FEATURELEVEL=3
[2019.12.05-21.17.56:773][  0]LightingResults: New page: Lighting Build
[2019.12.05-21.17.56:777][  0]LogWorld: UWorld::CleanupWorld for Untitled, bSessionEnded=true, bCleanupResources=true
[2019.12.05-21.17.56:777][  0]MapCheck: New page: Map Check
[2019.12.05-21.17.56:777][  0]LightingResults: New page: Lighting Build
[2019.12.05-21.17.56:800][  0]LogUObjectHash: Compacting FUObjectHashTables data took   1.33ms
[2019.12.05-21.17.57:157][  0]LogAIModule: Creating AISystem for world City
[2019.12.05-21.17.57:169][  0]LogEditorServer: Finished looking for orphan Actors (0.000 secs)
[2019.12.05-21.17.57:203][  0]LogUObjectHash: Compacting FUObjectHashTables data took   2.21ms
[2019.12.05-21.17.57:203][  0]Cmd: MAP CHECKDEP NOCLEARLOG
[2019.12.05-21.17.57:204][  0]MapCheck: Map check complete: 0 Error(s), 0 Warning(s), took 0.209ms to complete.
[2019.12.05-21.17.57:204][  0]LogFileHelpers: Loading map 'City' took 0.431
[2019.12.05-21.17.57:316][  0]LogSlate: Updating window title bar state: overlay mode, drag disabled, window buttons hidden, title bar hidden
[2019.12.05-21.17.57:324][  0]LogSlate: Updating window title bar state: overlay mode, drag disabled, window buttons hidden, title bar hidden
[2019.12.05-21.17.57:330][  0]LogSlate: Updating window title bar state: overlay mode, drag disabled, window buttons hidden, title bar hidden
[2019.12.05-21.17.57:339][  0]LogSlate: Updating window title bar state: overlay mode, drag disabled, window buttons hidden, title bar hidden
[2019.12.05-21.17.57:348][  0]LogCollectionManager: Loaded 0 collections in 0.002393 seconds
[2019.12.05-21.17.57:364][  0]LogFileCache: Scanning file cache for directory 'C:/Users/tbiss/Documents/GitHub/Stolemates/Stolenmates/Saved/Collections/' took 0.00s
[2019.12.05-21.17.57:364][  0]LogFileCache: Scanning file cache for directory 'C:/Users/tbiss/Documents/GitHub/Stolemates/Stolenmates/Content/Developers/tbiss/Collections/' took 0.00s
[2019.12.05-21.17.57:364][  0]LogFileCache: Scanning file cache for directory 'C:/Users/tbiss/Documents/GitHub/Stolemates/Stolenmates/Content/Collections/' took 0.00s
[2019.12.05-21.17.57:364][  0]LogCollectionManager: Rebuilt the GUID cache for 0 collections in 0.000001 seconds
[2019.12.05-21.17.57:372][  0]LogContentBrowser: Native class hierarchy populated in 0.0074 seconds. Added 2874 classes and 684 folders.
[2019.12.05-21.17.57:380][  0]LogContentBrowser: Native class hierarchy updated for 'WidgetCarousel' in 0.0003 seconds. Added 0 classes and 0 folders.
[2019.12.05-21.17.57:425][  0]LogContentBrowser: Native class hierarchy updated for 'AddContentDialog' in 0.0003 seconds. Added 0 classes and 0 folders.
[2019.12.05-21.17.57:431][  0]LogContentBrowser: Native class hierarchy updated for 'SceneOutliner' in 0.0004 seconds. Added 1 classes and 2 folders.
[2019.12.05-21.17.57:445][  0]LogSlate: Took 0.000257 seconds to synchronously load lazily loaded font '../../../Engine/Content/Slate/Fonts/Roboto-Regular.ttf' (155K)
[2019.12.05-21.17.57:448][  0]LogSlate: Took 0.000295 seconds to synchronously load lazily loaded font '../../../Engine/Content/Slate/Fonts/Roboto-Bold.ttf' (160K)
[2019.12.05-21.17.57:455][  0]LogSlate: Took 0.000237 seconds to synchronously load lazily loaded font '../../../Engine/Content/Editor/Slate/Fonts/FontAwesome.ttf' (139K)
[2019.12.05-21.17.57:511][  0]LogRenderer: Reallocating scene render targets to support 1208x572 Format 10 NumSamples 1 (Frame:1).
[2019.12.05-21.17.57:681][  0]LogContentBrowser: Native class hierarchy updated for 'HierarchicalLODOutliner' in 0.0005 seconds. Added 0 classes and 0 folders.
[2019.12.05-21.17.57:681][  0]LogLoad: (Engine Initialization) Total time: 9.02 seconds
[2019.12.05-21.17.57:681][  0]LogLoad: (Engine Initialization) Total Blueprint compile time: 0.00 seconds
[2019.12.05-21.17.57:729][  0]LogAssetRegistry: Asset discovery search completed in 4.7199 seconds
[2019.12.05-21.17.57:732][  0]LogCollectionManager: Rebuilt the object cache for 0 collections in 0.000004 seconds (found 0 objects)
[2019.12.05-21.17.57:732][  0]LogCollectionManager: Fixed up redirectors for 0 collections in 0.000182 seconds (updated 0 objects)
[2019.12.05-21.17.57:733][  0]LogContentStreaming: Texture pool size now 1000 MB
[2019.12.05-21.17.57:748][  0]LogSlate: Took 0.000181 seconds to synchronously load lazily loaded font '../../../Engine/Content/Slate/Fonts/Roboto-Light.ttf' (167K)
[2019.12.05-21.17.58:554][ 89]LogSlate: FSceneViewport::OnFocusLost() reason 0
[2019.12.05-21.17.58:629][ 98]LogTemp: Repeating last play command: Selected Viewport
[2019.12.05-21.17.58:642][ 98]LogBlueprintUserMessages: Early PlayInEditor Detection: Level '/Game/Levels/City.City:PersistentLevel' has LevelScriptBlueprint '/Game/Levels/City.City:PersistentLevel.City' with GeneratedClass '/Game/Levels/City.City_C' with ClassGeneratedBy '/Game/Levels/City.City:PersistentLevel.City'
[2019.12.05-21.17.58:642][ 98]LogPlayLevel: PlayLevel: No blueprints needed recompiling
[2019.12.05-21.17.58:642][ 98]PIE: New page: PIE session: City (Dec 5, 2019, 11:17:58 AM)
[2019.12.05-21.17.58:644][ 98]LogOnline: OSS: Creating online subsystem instance for: NULL
[2019.12.05-21.17.58:646][ 98]LogPlayLevel: Creating play world package: /Game/Levels/UEDPIE_0_City
[2019.12.05-21.17.58:650][ 98]LogPlayLevel: PIE: StaticDuplicateObject took: (0.003655s)
[2019.12.05-21.17.58:652][ 98]LogAIModule: Creating AISystem for world City
[2019.12.05-21.17.58:652][ 98]LogPlayLevel: PIE: World Init took: (0.001634s)
[2019.12.05-21.17.58:652][ 98]LogPlayLevel: PIE: Created PIE world by copying editor world from /Game/Levels/City.City to /Game/Levels/UEDPIE_0_City.City (0.005922s)
[2019.12.05-21.17.58:673][ 98]LogUObjectHash: Compacting FUObjectHashTables data took   1.36ms
[2019.12.05-21.17.58:688][ 98]LogInit: XAudio2 using 'Speakers (Bose Revolve SoundLink)' : 2 channels at 48 kHz using 16 bits per sample (channel mask 0x3)
[2019.12.05-21.17.58:701][ 98]LogInit: FAudioDevice initialized.
[2019.12.05-21.17.58:715][ 98]LogLoad: Game class is 'BP_GameMode_C'
[2019.12.05-21.17.58:717][ 98]LogWorld: Bringing World /Game/Levels/UEDPIE_0_City.City up for play (max tick rate 0) at 2019.12.05-16.17.58
[2019.12.05-21.17.58:718][ 98]LogWorld: Bringing up level for play took: 0.002037
[2019.12.05-21.17.58:718][ 98]LogOnline: OSS: Creating online subsystem instance for: :Context_1
[2019.12.05-21.17.58:726][ 98]LogContentBrowser: Native class hierarchy updated for 'MovieSceneCapture' in 0.0003 seconds. Added 20 classes and 0 folders.
[2019.12.05-21.17.58:727][ 98]LogActor: Warning: BP_Camera_C /Game/Levels/UEDPIE_0_City.City:PersistentLevel.BP_Camera_C_0 has natively added scene component(s), but none of them were set as the actor's RootComponent - picking one arbitrarily
[2019.12.05-21.17.58:728][ 98]LogPlayerManagement: Error: Failed to Create Player: A local player already exists for controller ID 0,
[2019.12.05-21.17.58:729][ 98]LogSlate: New Slate User Created.  User Index 1, Is Virtual User: 0
[2019.12.05-21.17.58:729][ 98]LogSlate: Slate User Registered.  User Index 1, Is Virtual User: 0
[2019.12.05-21.17.58:731][ 98]LogSlate: New Slate User Created.  User Index 2, Is Virtual User: 0
[2019.12.05-21.17.58:731][ 98]LogSlate: Slate User Registered.  User Index 2, Is Virtual User: 0
[2019.12.05-21.17.58:733][ 98]LogSlate: New Slate User Created.  User Index 3, Is Virtual User: 0
[2019.12.05-21.17.58:733][ 98]LogSlate: Slate User Registered.  User Index 3, Is Virtual User: 0
[2019.12.05-21.17.58:736][ 98]PIE: Play in editor start time for /Game/Levels/UEDPIE_0_City 0.186
[2019.12.05-21.17.58:736][ 98]LogBlueprintUserMessages: Late PlayInEditor Detection: Level '/Game/Levels/City.City:PersistentLevel' has LevelScriptBlueprint '/Game/Levels/City.City:PersistentLevel.City' with GeneratedClass '/Game/Levels/City.City_C' with ClassGeneratedBy '/Game/Levels/City.City:PersistentLevel.City'
[2019.12.05-21.18.21:875][867]LogBlueprintUserMessages: Early EndPlayMap Detection: Level '/Game/Levels/City.City:PersistentLevel' has LevelScriptBlueprint '/Game/Levels/City.City:PersistentLevel.City' with GeneratedClass '/Game/Levels/City.City_C' with ClassGeneratedBy '/Game/Levels/City.City:PersistentLevel.City'
[2019.12.05-21.18.21:876][867]LogSlate: Updating window title bar state: overlay mode, drag disabled, window buttons hidden, title bar hidden
[2019.12.05-21.18.21:877][867]LogWorld: BeginTearingDown for /Game/Levels/UEDPIE_0_City
[2019.12.05-21.18.21:877][867]LogWorld: UWorld::CleanupWorld for City, bSessionEnded=true, bCleanupResources=true
[2019.12.05-21.18.21:891][867]LogPlayLevel: Display: Shutting down PIE online subsystems
[2019.12.05-21.18.21:891][867]LogBlueprintUserMessages: Late EndPlayMap Detection: Level '/Game/Levels/City.City:PersistentLevel' has LevelScriptBlueprint '/Game/Levels/City.City:PersistentLevel.City' with GeneratedClass '/Game/Levels/City.City_C' with ClassGeneratedBy '/Game/Levels/City.City:PersistentLevel.City'
[2019.12.05-21.18.21:918][867]LogSlate: Updating window title bar state: overlay mode, drag disabled, window buttons hidden, title bar hidden
[2019.12.05-21.18.21:922][867]LogUObjectHash: Compacting FUObjectHashTables data took   1.62ms
[2019.12.05-21.18.21:978][870]LogPlayLevel: Display: Destroying online subsystem :Context_1
[2019.12.05-21.18.22:529][935]LogSlate: FSceneViewport::OnFocusLost() reason 0
[2019.12.05-21.18.22:698][955]LogSlate: Took 0.000177 seconds to synchronously load lazily loaded font '../../../Engine/Content/Slate/Fonts/Roboto-Light.ttf' (167K)
[2019.12.05-21.18.22:722][955]LogAIModule: Creating AISystem for world TestLevel
[2019.12.05-21.18.22:729][955]LogAssetEditorManager: Opening Asset editor for World /Game/Levels/TestLevel.TestLevel
[2019.12.05-21.18.22:750][955]LogUObjectHash: Compacting FUObjectHashTables data took   1.17ms
[2019.12.05-21.18.22:751][955]Cmd: MAP LOAD FILE="../../../../../../Users/tbiss/Documents/GitHub/Stolemates/Stolenmates/Content/Levels/TestLevel.umap" TEMPLATE=0 SHOWPROGRESS=1 FEATURELEVEL=3
[2019.12.05-21.18.22:752][955]LightingResults: New page: Lighting Build
[2019.12.05-21.18.22:752][955]LoadErrors: New page: Loading map: TestLevel.umap
[2019.12.05-21.18.22:753][955]LogWorld: UWorld::CleanupWorld for City, bSessionEnded=true, bCleanupResources=true
[2019.12.05-21.18.22:753][955]MapCheck: New page: Map Check
[2019.12.05-21.18.22:754][955]LightingResults: New page: Lighting Build
[2019.12.05-21.18.22:775][955]LogUObjectHash: Compacting FUObjectHashTables data took   1.52ms
[2019.12.05-21.18.22:780][955]LogEditorServer: Finished looking for orphan Actors (0.000 secs)
[2019.12.05-21.18.22:802][955]LogUObjectHash: Compacting FUObjectHashTables data took   1.40ms
[2019.12.05-21.18.22:825][955]Cmd: MAP CHECKDEP NOCLEARLOG
[2019.12.05-21.18.22:825][955]MapCheck: Map check complete: 0 Error(s), 0 Warning(s), took 0.192ms to complete.
[2019.12.05-21.18.22:826][955]LogFileHelpers: Loading map 'TestLevel' took 0.075
[2019.12.05-21.18.23:785][ 61]LogTemp: Repeating last play command: Selected Viewport
[2019.12.05-21.18.23:798][ 61]LogBlueprintUserMessages: Early PlayInEditor Detection: Level '/Game/Levels/TestLevel.TestLevel:PersistentLevel' has LevelScriptBlueprint '/Game/Levels/TestLevel.TestLevel:PersistentLevel.TestLevel' with GeneratedClass '/Game/Levels/TestLevel.TestLevel_C' with ClassGeneratedBy '/Game/Levels/TestLevel.TestLevel:PersistentLevel.TestLevel'
[2019.12.05-21.18.23:799][ 61]LogPlayLevel: PlayLevel: No blueprints needed recompiling
[2019.12.05-21.18.23:799][ 61]PIE: New page: PIE session: TestLevel (Dec 5, 2019, 11:18:23 AM)
[2019.12.05-21.18.23:799][ 61]LogPlayLevel: Creating play world package: /Game/Levels/UEDPIE_0_TestLevel
[2019.12.05-21.18.23:802][ 61]LogPlayLevel: PIE: StaticDuplicateObject took: (0.002890s)
[2019.12.05-21.18.23:803][ 61]LogAIModule: Creating AISystem for world TestLevel
[2019.12.05-21.18.23:804][ 61]LogPlayLevel: PIE: World Init took: (0.001309s)
[2019.12.05-21.18.23:804][ 61]LogPlayLevel: PIE: Created PIE world by copying editor world from /Game/Levels/TestLevel.TestLevel to /Game/Levels/UEDPIE_0_TestLevel.TestLevel (0.004757s)
[2019.12.05-21.18.23:824][ 61]LogUObjectHash: Compacting FUObjectHashTables data took   1.24ms
[2019.12.05-21.18.23:838][ 61]LogInit: XAudio2 using 'Speakers (Bose Revolve SoundLink)' : 2 channels at 48 kHz using 16 bits per sample (channel mask 0x3)
[2019.12.05-21.18.23:850][ 61]LogInit: FAudioDevice initialized.
[2019.12.05-21.18.23:862][ 61]LogLoad: Game class is 'BP_GameMode_C'
[2019.12.05-21.18.23:864][ 61]LogWorld: Bringing World /Game/Levels/UEDPIE_0_TestLevel.TestLevel up for play (max tick rate 0) at 2019.12.05-16.18.23
[2019.12.05-21.18.23:864][ 61]LogWorld: Bringing up level for play took: 0.000757
[2019.12.05-21.18.23:865][ 61]LogOnline: OSS: Creating online subsystem instance for: :Context_2
[2019.12.05-21.18.23:867][ 61]LogActor: Warning: BP_Camera_C /Game/Levels/UEDPIE_0_TestLevel.TestLevel:PersistentLevel.BP_Camera_C_0 has natively added scene component(s), but none of them were set as the actor's RootComponent - picking one arbitrarily
[2019.12.05-21.18.23:868][ 61]LogPlayerManagement: Error: Failed to Create Player: A local player already exists for controller ID 0,
[2019.12.05-21.18.23:874][ 61]PIE: Play in editor start time for /Game/Levels/UEDPIE_0_TestLevel -0.677
[2019.12.05-21.18.23:874][ 61]LogBlueprintUserMessages: Late PlayInEditor Detection: Level '/Game/Levels/TestLevel.TestLevel:PersistentLevel' has LevelScriptBlueprint '/Game/Levels/TestLevel.TestLevel:PersistentLevel.TestLevel' with GeneratedClass '/Game/Levels/TestLevel.TestLevel_C' with ClassGeneratedBy '/Game/Levels/TestLevel.TestLevel:PersistentLevel.TestLevel'
[2019.12.05-21.18.31:738][  1]LogBlueprintUserMessages: Early EndPlayMap Detection: Level '/Game/Levels/TestLevel.TestLevel:PersistentLevel' has LevelScriptBlueprint '/Game/Levels/TestLevel.TestLevel:PersistentLevel.TestLevel' with GeneratedClass '/Game/Levels/TestLevel.TestLevel_C' with ClassGeneratedBy '/Game/Levels/TestLevel.TestLevel:PersistentLevel.TestLevel'
[2019.12.05-21.18.31:739][  1]LogSlate: Updating window title bar state: overlay mode, drag disabled, window buttons hidden, title bar hidden
[2019.12.05-21.18.31:739][  1]LogWorld: BeginTearingDown for /Game/Levels/UEDPIE_0_TestLevel
[2019.12.05-21.18.31:740][  1]LogWorld: UWorld::CleanupWorld for TestLevel, bSessionEnded=true, bCleanupResources=true
[2019.12.05-21.18.31:751][  1]LogPlayLevel: Display: Shutting down PIE online subsystems
[2019.12.05-21.18.31:751][  1]LogBlueprintUserMessages: Late EndPlayMap Detection: Level '/Game/Levels/TestLevel.TestLevel:PersistentLevel' has LevelScriptBlueprint '/Game/Levels/TestLevel.TestLevel:PersistentLevel.TestLevel' with GeneratedClass '/Game/Levels/TestLevel.TestLevel_C' with ClassGeneratedBy '/Game/Levels/TestLevel.TestLevel:PersistentLevel.TestLevel'
[2019.12.05-21.18.31:777][  1]LogSlate: Updating window title bar state: overlay mode, drag disabled, window buttons hidden, title bar hidden
[2019.12.05-21.18.31:779][  1]LogUObjectHash: Compacting FUObjectHashTables data took   1.25ms
[2019.12.05-21.18.31:837][  6]LogPlayLevel: Display: Destroying online subsystem :Context_2
[2019.12.05-21.18.32:321][ 64]LogSlate: FSceneViewport::OnFocusLost() reason 0
[2019.12.05-21.18.32:415][ 73]LogUObjectHash: Compacting FUObjectHashTables data took   0.53ms
[2019.12.05-21.18.32:478][ 73]LogSlate: Window 'Stolenmates - Unreal Editor' being destroyed
[2019.12.05-21.18.32:479][ 73]LogWindowsTextInputMethodSystem: Display: IME system now deactivated.
[2019.12.05-21.18.32:595][ 74]Cmd: QUIT_EDITOR
