Log file open, 11/17/19 01:19:08
LogWindows: Failed to load 'aqProf.dll' (GetLastError=126)
LogWindows: File 'aqProf.dll' does not exist
LogWindows: Failed to load 'VtuneApi.dll' (GetLastError=126)
LogWindows: File 'VtuneApi.dll' does not exist
LogWindows: Failed to load 'VtuneApi32e.dll' (GetLastError=126)
LogWindows: File 'VtuneApi32e.dll' does not exist
LogConsoleResponse: Display: Failed to find resolution value strings in scalability ini. Falling back to default.
LogInit: Display: Running engine for game: Stolenmates
LogPlatformFile: Not using cached read wrapper
LogTaskGraph: Started task graph with 5 named threads and 23 total threads with 3 sets of task threads.
LogStats: Stats thread started at 0.079285
LogD3D11RHI: Loaded GFSDK_Aftermath_Lib.x64.dll
LogICUInternationalization: ICU TimeZone Detection - Raw Offset: -5:00, Platform Override: ''
LogPluginManager: Mounting plugin Paper2D
LogPluginManager: Mounting plugin AISupport
LogPluginManager: Mounting plugin LightPropagationVolume
LogPluginManager: Mounting plugin ActorLayerUtilities
LogPluginManager: Mounting plugin AnimationSharing
LogPluginManager: Mounting plugin CLionSourceCodeAccess
LogPluginManager: Mounting plugin CodeLiteSourceCodeAccess
LogPluginManager: Mounting plugin GitSourceControl
LogPluginManager: Mounting plugin KDevelopSourceCodeAccess
LogPluginManager: Mounting plugin NullSourceCodeAccess
LogPluginManager: Mounting plugin PerforceSourceControl
LogPluginManager: Mounting plugin SubversionSourceControl
LogPluginManager: Mounting plugin UObjectPlugin
LogPluginManager: Mounting plugin VisualStudioCodeSourceCodeAccess
LogPluginManager: Mounting plugin VisualStudioSourceCodeAccess
LogPluginManager: Mounting plugin XCodeSourceCodeAccess
LogPluginManager: Mounting plugin AssetManagerEditor
LogPluginManager: Mounting plugin CryptoKeys
LogPluginManager: Mounting plugin CurveEditorTools
LogPluginManager: Mounting plugin DataValidation
LogPluginManager: Mounting plugin FacialAnimation
LogPluginManager: Mounting plugin GameplayTagsEditor
LogPluginManager: Mounting plugin MacGraphicsSwitching
LogPluginManager: Mounting plugin MaterialAnalyzer
LogPluginManager: Mounting plugin MobileLauncherProfileWizard
LogPluginManager: Mounting plugin PluginBrowser
LogPluginManager: Mounting plugin SpeedTreeImporter
LogPluginManager: Mounting plugin DatasmithContent
LogPluginManager: Mounting plugin VariantManagerContent
LogPluginManager: Mounting plugin AlembicImporter
LogPluginManager: Mounting plugin AutomationUtils
LogPluginManager: Mounting plugin BackChannel
LogPluginManager: Mounting plugin CharacterAI
LogPluginManager: Mounting plugin GeometryCache
LogPluginManager: Mounting plugin HTML5Networking
LogPluginManager: Mounting plugin PlatformCrypto
LogPluginManager: Mounting plugin ProxyLODPlugin
LogPluginManager: Mounting plugin SkeletalReduction
LogPluginManager: Mounting plugin MagicLeap
LogPluginManager: Mounting plugin MagicLeapMedia
LogPluginManager: Mounting plugin AndroidMedia
LogPluginManager: Mounting plugin AvfMedia
LogPluginManager: Mounting plugin ImgMedia
LogPluginManager: Mounting plugin MediaCompositing
LogPluginManager: Mounting plugin MediaPlayerEditor
LogPluginManager: Mounting plugin WebMMedia
LogPluginManager: Mounting plugin WmfMedia
LogPluginManager: Mounting plugin TcpMessaging
LogPluginManager: Mounting plugin UdpMessaging
LogPluginManager: Mounting plugin ActorSequence
LogPluginManager: Mounting plugin LevelSequenceEditor
LogPluginManager: Mounting plugin MatineeToLevelSequence
LogPluginManager: Mounting plugin NetcodeUnitTest
LogPluginManager: Mounting plugin NUTUnrealEngine4
LogPluginManager: Mounting plugin OnlineSubsystemGooglePlay
LogPluginManager: Mounting plugin OnlineSubsystemIOS
LogPluginManager: Mounting plugin OnlineSubsystem
LogPluginManager: Mounting plugin OnlineSubsystemNull
LogPluginManager: Mounting plugin OnlineSubsystemUtils
LogPluginManager: Mounting plugin LauncherChunkInstaller
LogPluginManager: Mounting plugin AndroidDeviceProfileSelector
LogPluginManager: Mounting plugin AndroidMoviePlayer
LogPluginManager: Mounting plugin AndroidPermission
LogPluginManager: Mounting plugin AppleImageUtils
LogPluginManager: Mounting plugin AppleMoviePlayer
LogPluginManager: Mounting plugin ArchVisCharacter
LogPluginManager: Mounting plugin AudioCapture
LogPluginManager: Mounting plugin CableComponent
LogPluginManager: Mounting plugin CustomMeshComponent
LogPluginManager: Mounting plugin EditableMesh
LogPluginManager: Mounting plugin ExampleDeviceProfileSelector
LogPluginManager: Mounting plugin GoogleCloudMessaging
LogPluginManager: Mounting plugin IOSDeviceProfileSelector
LogPluginManager: Mounting plugin LinuxDeviceProfileSelector
LogPluginManager: Mounting plugin LocationServicesBPLibrary
LogPluginManager: Mounting plugin MobilePatchingUtils
LogPluginManager: Mounting plugin OculusVR
LogPluginManager: Mounting plugin PhysXVehicles
LogPluginManager: Mounting plugin ProceduralMeshComponent
LogPluginManager: Mounting plugin RuntimePhysXCooking
LogPluginManager: Mounting plugin SignificanceManager
LogPluginManager: Mounting plugin SteamVR
LogPluginManager: Mounting plugin WebMMoviePlayer
LogPluginManager: Mounting plugin WindowsMoviePlayer
LogPluginManager: Mounting plugin ScreenshotTools
LogInit: Using libcurl 7.55.1-DEV
LogInit:  - built for x86_64-pc-win32
LogInit:  - supports SSL with OpenSSL/1.1.1
LogInit:  - supports HTTP deflate (compression) using libz 1.2.8
LogInit:  - other features:
LogInit:      CURL_VERSION_SSL
LogInit:      CURL_VERSION_LIBZ
LogInit:      CURL_VERSION_IPV6
LogInit:      CURL_VERSION_ASYNCHDNS
LogInit:      CURL_VERSION_LARGEFILE
LogInit:      CURL_VERSION_IDN
LogInit:  CurlRequestOptions (configurable via config and command line):
LogInit:  - bVerifyPeer = true  - Libcurl will verify peer certificate
LogInit:  - bUseHttpProxy = false  - Libcurl will NOT use HTTP proxy
LogInit:  - bDontReuseConnections = false  - Libcurl will reuse connections
LogInit:  - MaxHostConnections = 16  - Libcurl will limit the number of connections to a host
LogInit:  - LocalHostAddr = Default
LogInit:  - BufferSize = 65536
LogOnline: OSS: Creating online subsystem instance for: NULL
LogInit: WinSock: version 1.1 (2.2), MaxSocks=32767, MaxUdp=65467
LogInit: Build: ++UE4+Release-4.23-CL-8386587
LogInit: Engine Version: 4.23.0-8386587+++UE4+Release-4.23
LogInit: Compatible Engine Version: 4.23.0-8386587+++UE4+Release-4.23
LogInit: Net CL: 8386587
LogInit: OS: Windows 10 (Release 1903) (), CPU: Intel(R) Core(TM) i7-4770K CPU @ 3.50GHz, GPU: NVIDIA GeForce GTX 1070
LogInit: Compiled (64-bit): Aug 31 2019 02:04:44
LogInit: Compiled with Visual C++: 19.16.27030.01
LogInit: Build Configuration: Development
LogInit: Branch Name: ++UE4+Release-4.23
LogInit: Command Line: 
LogInit: Base Directory: F:/Programs/Unreal/UE_4.23/Engine/Binaries/Win64/
LogInit: Installed Engine Build: 1
LogDevObjectVersion: Number of dev versions registered: 23
LogDevObjectVersion:   Dev-Blueprints (B0D832E4-1F89-4F0D-ACCF-7EB736FD4AA2): 10
LogDevObjectVersion:   Dev-Build (E1C64328-A22C-4D53-A36C-8E866417BD8C): 0
LogDevObjectVersion:   Dev-Core (375EC13C-06E4-48FB-B500-84F0262A717E): 3
LogDevObjectVersion:   Dev-Editor (E4B068ED-F494-42E9-A231-DA0B2E46BB41): 34
LogDevObjectVersion:   Dev-Framework (CFFC743F-43B0-4480-9391-14DF171D2073): 35
LogDevObjectVersion:   Dev-Mobile (B02B49B5-BB20-44E9-A304-32B752E40360): 2
LogDevObjectVersion:   Dev-Networking (A4E4105C-59A1-49B5-A7C5-40C4547EDFEE): 0
LogDevObjectVersion:   Dev-Online (39C831C9-5AE6-47DC-9A44-9C173E1C8E7C): 0
LogDevObjectVersion:   Dev-Physics (78F01B33-EBEA-4F98-B9B4-84EACCB95AA2): 0
LogDevObjectVersion:   Dev-Platform (6631380F-2D4D-43E0-8009-CF276956A95A): 0
LogDevObjectVersion:   Dev-Rendering (12F88B9F-8875-4AFC-A67C-D90C383ABD29): 31
LogDevObjectVersion:   Dev-Sequencer (7B5AE74C-D270-4C10-A958-57980B212A5A): 11
LogDevObjectVersion:   Dev-VR (D7296918-1DD6-4BDD-9DE2-64A83CC13884): 2
LogDevObjectVersion:   Dev-LoadTimes (C2A15278-BFE7-4AFE-6C17-90FF531DF755): 1
LogDevObjectVersion:   Private-Geometry (6EACA3D4-40EC-4CC1-B786-8BED09428FC5): 3
LogDevObjectVersion:   Dev-AnimPhys (29E575DD-E0A3-4627-9D10-D276232CDCEA): 17
LogDevObjectVersion:   Dev-Anim (AF43A65D-7FD3-4947-9873-3E8ED9C1BB05): 2
LogDevObjectVersion:   Dev-ReflectionCapture (6B266CEC-1EC7-4B8F-A30B-E4D90942FC07): 1
LogDevObjectVersion:   Dev-Automation (0DF73D61-A23F-47EA-B727-89E90C41499A): 1
LogDevObjectVersion:   FortniteMain (601D1886-AC64-4F84-AA16-D3DE0DEAC7D6): 27
LogDevObjectVersion:   Dev-Enterprise (9DFFBCD6-494F-0158-E221-12823C92A888): 6
LogDevObjectVersion:   Dev-Niagara (F2AED0AC-9AFE-416F-8664-AA7FFA26D6FC): 1
LogDevObjectVersion:   Dev-Destruction (174F1F0B-B4C6-45A5-B13F-2EE8D0FB917D): 9
LogInit: Presizing for max 16777216 objects, including 0 objects not considered by GC, pre-allocating 0 bytes for permanent pool.
LogInit: Object subsystem initialized
LogConfig: Setting CVar [[con.DebugEarlyDefault:1]]
LogConfig: Setting CVar [[r.setres:1280x720]]
[2019.11.17-06.19.08:187][  0]LogConfig: Setting CVar [[r.VSync:0]]
[2019.11.17-06.19.08:187][  0]LogConfig: Setting CVar [[r.RHICmdBypass:0]]
[2019.11.17-06.19.08:187][  0]LogConfig: Applying CVar settings from Section [/Script/Engine.RendererSettings] File [F:/Library/Documents/StolenMatesC++/Stolenmates/Saved/Config/Windows/Engine.ini]
[2019.11.17-06.19.08:187][  0]LogConfig: Setting CVar [[r.GPUCrashDebugging:0]]
[2019.11.17-06.19.08:187][  0]LogConfig: Setting CVar [[r.DefaultFeature.AutoExposure.ExtendDefaultLuminanceRange:1]]
[2019.11.17-06.19.08:187][  0]LogConfig: Applying CVar settings from Section [/Script/Engine.RendererOverrideSettings] File [F:/Library/Documents/StolenMatesC++/Stolenmates/Saved/Config/Windows/Engine.ini]
[2019.11.17-06.19.08:187][  0]LogConfig: Applying CVar settings from Section [/Script/Engine.StreamingSettings] File [F:/Library/Documents/StolenMatesC++/Stolenmates/Saved/Config/Windows/Engine.ini]
[2019.11.17-06.19.08:187][  0]LogConfig: Setting CVar [[s.MinBulkDataSizeForAsyncLoading:131072]]
[2019.11.17-06.19.08:187][  0]LogConfig: Setting CVar [[s.AsyncLoadingThreadEnabled:0]]
[2019.11.17-06.19.08:187][  0]LogConfig: Setting CVar [[s.EventDrivenLoaderEnabled:1]]
[2019.11.17-06.19.08:187][  0]LogConfig: Setting CVar [[s.WarnIfTimeLimitExceeded:0]]
[2019.11.17-06.19.08:187][  0]LogConfig: Setting CVar [[s.TimeLimitExceededMultiplier:1.5]]
[2019.11.17-06.19.08:187][  0]LogConfig: Setting CVar [[s.TimeLimitExceededMinTime:0.005]]
[2019.11.17-06.19.08:187][  0]LogConfig: Setting CVar [[s.UseBackgroundLevelStreaming:1]]
[2019.11.17-06.19.08:187][  0]LogConfig: Setting CVar [[s.PriorityAsyncLoadingExtraTime:15.0]]
[2019.11.17-06.19.08:187][  0]LogConfig: Setting CVar [[s.LevelStreamingActorsUpdateTimeLimit:5.0]]
[2019.11.17-06.19.08:187][  0]LogConfig: Setting CVar [[s.PriorityLevelStreamingActorsUpdateExtraTime:5.0]]
[2019.11.17-06.19.08:187][  0]LogConfig: Setting CVar [[s.LevelStreamingComponentsRegistrationGranularity:10]]
[2019.11.17-06.19.08:187][  0]LogConfig: Setting CVar [[s.UnregisterComponentsTimeLimit:1.0]]
[2019.11.17-06.19.08:187][  0]LogConfig: Setting CVar [[s.LevelStreamingComponentsUnregistrationGranularity:5]]
[2019.11.17-06.19.08:187][  0]LogConfig: Applying CVar settings from Section [/Script/Engine.GarbageCollectionSettings] File [F:/Library/Documents/StolenMatesC++/Stolenmates/Saved/Config/Windows/Engine.ini]
[2019.11.17-06.19.08:187][  0]LogConfig: Setting CVar [[gc.MaxObjectsNotConsideredByGC:1]]
[2019.11.17-06.19.08:188][  0]LogConfig: Setting CVar [[gc.SizeOfPermanentObjectPool:0]]
[2019.11.17-06.19.08:188][  0]LogConfig: Setting CVar [[gc.FlushStreamingOnGC:0]]
[2019.11.17-06.19.08:188][  0]LogConfig: Setting CVar [[gc.NumRetriesBeforeForcingGC:10]]
[2019.11.17-06.19.08:188][  0]LogConfig: Setting CVar [[gc.AllowParallelGC:1]]
[2019.11.17-06.19.08:188][  0]LogConfig: Setting CVar [[gc.TimeBetweenPurgingPendingKillObjects:61.1]]
[2019.11.17-06.19.08:188][  0]LogConfig: Setting CVar [[gc.MaxObjectsInEditor:16777216]]
[2019.11.17-06.19.08:188][  0]LogConfig: Setting CVar [[gc.IncrementalBeginDestroyEnabled:1]]
[2019.11.17-06.19.08:188][  0]LogConfig: Setting CVar [[gc.CreateGCClusters:1]]
[2019.11.17-06.19.08:188][  0]LogConfig: Setting CVar [[gc.MinGCClusterSize:5]]
[2019.11.17-06.19.08:188][  0]LogConfig: Setting CVar [[gc.ActorClusteringEnabled:0]]
[2019.11.17-06.19.08:188][  0]LogConfig: Setting CVar [[gc.BlueprintClusteringEnabled:0]]
[2019.11.17-06.19.08:188][  0]LogConfig: Setting CVar [[gc.UseDisregardForGCOnDedicatedServers:0]]
[2019.11.17-06.19.08:188][  0]LogConfig: Applying CVar settings from Section [/Script/Engine.NetworkSettings] File [F:/Library/Documents/StolenMatesC++/Stolenmates/Saved/Config/Windows/Engine.ini]
[2019.11.17-06.19.08:188][  0]LogConfig: Applying CVar settings from Section [/Script/UnrealEd.CookerSettings] File [F:/Library/Documents/StolenMatesC++/Stolenmates/Saved/Config/Windows/Engine.ini]
[2019.11.17-06.19.08:195][  0]LogConfig: Applying CVar settings from Section [ViewDistanceQuality@3] File [F:/Library/Documents/StolenMatesC++/Stolenmates/Saved/Config/Windows/Scalability.ini]
[2019.11.17-06.19.08:195][  0]LogConfig: Setting CVar [[r.SkeletalMeshLODBias:0]]
[2019.11.17-06.19.08:195][  0]LogConfig: Setting CVar [[r.ViewDistanceScale:1.0]]
[2019.11.17-06.19.08:195][  0]LogConfig: Applying CVar settings from Section [AntiAliasingQuality@3] File [F:/Library/Documents/StolenMatesC++/Stolenmates/Saved/Config/Windows/Scalability.ini]
[2019.11.17-06.19.08:195][  0]LogConfig: Setting CVar [[r.PostProcessAAQuality:4]]
[2019.11.17-06.19.08:195][  0]LogConfig: Applying CVar settings from Section [ShadowQuality@3] File [F:/Library/Documents/StolenMatesC++/Stolenmates/Saved/Config/Windows/Scalability.ini]
[2019.11.17-06.19.08:195][  0]LogConfig: Setting CVar [[r.LightFunctionQuality:1]]
[2019.11.17-06.19.08:195][  0]LogConfig: Setting CVar [[r.ShadowQuality:5]]
[2019.11.17-06.19.08:195][  0]LogConfig: Setting CVar [[r.Shadow.CSM.MaxCascades:10]]
[2019.11.17-06.19.08:195][  0]LogConfig: Setting CVar [[r.Shadow.MaxResolution:2048]]
[2019.11.17-06.19.08:195][  0]LogConfig: Setting CVar [[r.Shadow.MaxCSMResolution:2048]]
[2019.11.17-06.19.08:195][  0]LogConfig: Setting CVar [[r.Shadow.RadiusThreshold:0.01]]
[2019.11.17-06.19.08:195][  0]LogConfig: Setting CVar [[r.Shadow.DistanceScale:1.0]]
[2019.11.17-06.19.08:195][  0]LogConfig: Setting CVar [[r.Shadow.CSM.TransitionScale:1.0]]
[2019.11.17-06.19.08:195][  0]LogConfig: Setting CVar [[r.Shadow.PreShadowResolutionFactor:1.0]]
[2019.11.17-06.19.08:195][  0]LogConfig: Setting CVar [[r.DistanceFieldShadowing:1]]
[2019.11.17-06.19.08:195][  0]LogConfig: Setting CVar [[r.DistanceFieldAO:1]]
[2019.11.17-06.19.08:195][  0]LogConfig: Setting CVar [[r.AOQuality:2]]
[2019.11.17-06.19.08:195][  0]LogConfig: Setting CVar [[r.VolumetricFog:1]]
[2019.11.17-06.19.08:195][  0]LogConfig: Setting CVar [[r.VolumetricFog.GridPixelSize:8]]
[2019.11.17-06.19.08:195][  0]LogConfig: Setting CVar [[r.VolumetricFog.GridSizeZ:128]]
[2019.11.17-06.19.08:195][  0]LogConfig: Setting CVar [[r.VolumetricFog.HistoryMissSupersampleCount:4]]
[2019.11.17-06.19.08:195][  0]LogConfig: Setting CVar [[r.LightMaxDrawDistanceScale:1]]
[2019.11.17-06.19.08:195][  0]LogConfig: Setting CVar [[r.CapsuleShadows:1]]
[2019.11.17-06.19.08:195][  0]LogConfig: Applying CVar settings from Section [PostProcessQuality@3] File [F:/Library/Documents/StolenMatesC++/Stolenmates/Saved/Config/Windows/Scalability.ini]
[2019.11.17-06.19.08:195][  0]LogConfig: Setting CVar [[r.MotionBlurQuality:4]]
[2019.11.17-06.19.08:195][  0]LogConfig: Setting CVar [[r.AmbientOcclusionMipLevelFactor:0.4]]
[2019.11.17-06.19.08:195][  0]LogConfig: Setting CVar [[r.AmbientOcclusionMaxQuality:100]]
[2019.11.17-06.19.08:195][  0]LogConfig: Setting CVar [[r.AmbientOcclusionLevels:-1]]
[2019.11.17-06.19.08:195][  0]LogConfig: Setting CVar [[r.AmbientOcclusionRadiusScale:1.0]]
[2019.11.17-06.19.08:195][  0]LogConfig: Setting CVar [[r.DepthOfFieldQuality:2]]
[2019.11.17-06.19.08:195][  0]LogConfig: Setting CVar [[r.RenderTargetPoolMin:400]]
[2019.11.17-06.19.08:195][  0]LogConfig: Setting CVar [[r.LensFlareQuality:2]]
[2019.11.17-06.19.08:195][  0]LogConfig: Setting CVar [[r.SceneColorFringeQuality:1]]
[2019.11.17-06.19.08:195][  0]LogConfig: Setting CVar [[r.EyeAdaptationQuality:2]]
[2019.11.17-06.19.08:195][  0]LogConfig: Setting CVar [[r.BloomQuality:5]]
[2019.11.17-06.19.08:195][  0]LogConfig: Setting CVar [[r.FastBlurThreshold:100]]
[2019.11.17-06.19.08:195][  0]LogConfig: Setting CVar [[r.Upscale.Quality:3]]
[2019.11.17-06.19.08:195][  0]LogConfig: Setting CVar [[r.Tonemapper.GrainQuantization:1]]
[2019.11.17-06.19.08:195][  0]LogConfig: Setting CVar [[r.LightShaftQuality:1]]
[2019.11.17-06.19.08:195][  0]LogConfig: Setting CVar [[r.Filter.SizeScale:1]]
[2019.11.17-06.19.08:195][  0]LogConfig: Setting CVar [[r.Tonemapper.Quality:5]]
[2019.11.17-06.19.08:195][  0]LogConfig: Setting CVar [[r.DOF.Gather.AccumulatorQuality:1        ; higher gathering accumulator quality]]
[2019.11.17-06.19.08:195][  0]LogConfig: Setting CVar [[r.DOF.Gather.PostfilterMethod:1          ; Median3x3 postfilering method]]
[2019.11.17-06.19.08:196][  0]LogConfig: Setting CVar [[r.DOF.Gather.EnableBokehSettings:0       ; no bokeh simulation when gathering]]
[2019.11.17-06.19.08:196][  0]LogConfig: Setting CVar [[r.DOF.Gather.RingCount:4                 ; medium number of samples when gathering]]
[2019.11.17-06.19.08:196][  0]LogConfig: Setting CVar [[r.DOF.Scatter.ForegroundCompositing:1    ; additive foreground scattering]]
[2019.11.17-06.19.08:196][  0]LogConfig: Setting CVar [[r.DOF.Scatter.BackgroundCompositing:2    ; additive background scattering]]
[2019.11.17-06.19.08:196][  0]LogConfig: Setting CVar [[r.DOF.Scatter.EnableBokehSettings:1      ; bokeh simulation when scattering]]
[2019.11.17-06.19.08:196][  0]LogConfig: Setting CVar [[r.DOF.Scatter.MaxSpriteRatio:0.1         ; only a maximum of 10% of scattered bokeh]]
[2019.11.17-06.19.08:196][  0]LogConfig: Setting CVar [[r.DOF.Recombine.Quality:1                ; cheap slight out of focus]]
[2019.11.17-06.19.08:196][  0]LogConfig: Setting CVar [[r.DOF.Recombine.EnableBokehSettings:0    ; no bokeh simulation on slight out of focus]]
[2019.11.17-06.19.08:196][  0]LogConfig: Setting CVar [[r.DOF.TemporalAAQuality:1                ; more stable temporal accumulation]]
[2019.11.17-06.19.08:196][  0]LogConfig: Setting CVar [[r.DOF.Kernel.MaxForegroundRadius:0.025]]
[2019.11.17-06.19.08:196][  0]LogConfig: Setting CVar [[r.DOF.Kernel.MaxBackgroundRadius:0.025]]
[2019.11.17-06.19.08:196][  0]LogConfig: Applying CVar settings from Section [TextureQuality@3] File [F:/Library/Documents/StolenMatesC++/Stolenmates/Saved/Config/Windows/Scalability.ini]
[2019.11.17-06.19.08:196][  0]LogConfig: Setting CVar [[r.Streaming.MipBias:0]]
[2019.11.17-06.19.08:196][  0]LogConfig: Setting CVar [[r.Streaming.AmortizeCPUToGPUCopy:0]]
[2019.11.17-06.19.08:196][  0]LogConfig: Setting CVar [[r.Streaming.MaxNumTexturesToStreamPerFrame:0]]
[2019.11.17-06.19.08:196][  0]LogConfig: Setting CVar [[r.Streaming.Boost:1]]
[2019.11.17-06.19.08:196][  0]LogConfig: Setting CVar [[r.MaxAnisotropy:8]]
[2019.11.17-06.19.08:196][  0]LogConfig: Setting CVar [[r.Streaming.LimitPoolSizeToVRAM:0]]
[2019.11.17-06.19.08:196][  0]LogConfig: Setting CVar [[r.Streaming.PoolSize:1000]]
[2019.11.17-06.19.08:196][  0]LogConfig: Setting CVar [[r.Streaming.MaxEffectiveScreenSize:0]]
[2019.11.17-06.19.08:196][  0]LogConfig: Applying CVar settings from Section [EffectsQuality@3] File [F:/Library/Documents/StolenMatesC++/Stolenmates/Saved/Config/Windows/Scalability.ini]
[2019.11.17-06.19.08:196][  0]LogConfig: Setting CVar [[r.TranslucencyLightingVolumeDim:64]]
[2019.11.17-06.19.08:196][  0]LogConfig: Setting CVar [[r.RefractionQuality:2]]
[2019.11.17-06.19.08:196][  0]LogConfig: Setting CVar [[r.SSR.Quality:3]]
[2019.11.17-06.19.08:196][  0]LogConfig: Setting CVar [[r.SceneColorFormat:4]]
[2019.11.17-06.19.08:196][  0]LogConfig: Setting CVar [[r.DetailMode:2]]
[2019.11.17-06.19.08:196][  0]LogConfig: Setting CVar [[r.TranslucencyVolumeBlur:1]]
[2019.11.17-06.19.08:196][  0]LogConfig: Setting CVar [[r.MaterialQualityLevel:1 ; High quality]]
[2019.11.17-06.19.08:196][  0]LogConfig: Setting CVar [[r.SSS.Scale:1]]
[2019.11.17-06.19.08:196][  0]LogConfig: Setting CVar [[r.SSS.SampleSet:2]]
[2019.11.17-06.19.08:196][  0]LogConfig: Setting CVar [[r.SSS.Quality:1]]
[2019.11.17-06.19.08:196][  0]LogConfig: Setting CVar [[r.SSS.HalfRes:1]]
[2019.11.17-06.19.08:196][  0]LogConfig: Setting CVar [[r.EmitterSpawnRateScale:1.0]]
[2019.11.17-06.19.08:196][  0]LogConfig: Setting CVar [[r.ParticleLightQuality:2]]
[2019.11.17-06.19.08:196][  0]LogConfig: Applying CVar settings from Section [FoliageQuality@3] File [F:/Library/Documents/StolenMatesC++/Stolenmates/Saved/Config/Windows/Scalability.ini]
[2019.11.17-06.19.08:196][  0]LogConfig: Setting CVar [[foliage.DensityScale:1.0]]
[2019.11.17-06.19.08:196][  0]LogConfig: Setting CVar [[grass.DensityScale:1.0]]
[2019.11.17-06.19.08:196][  0]LogInit: Selected Device Profile: [Windows]
[2019.11.17-06.19.08:196][  0]LogInit: Applying CVar settings loaded from the selected device profile: [Windows]
[2019.11.17-06.19.08:198][  0]LogHAL: Display: Platform has ~ 16 GB [17118347264 / 17179869184 / 16], which maps to Larger [LargestMinGB=32, LargerMinGB=12, DefaultMinGB=8, SmallerMinGB=6, SmallestMinGB=0)
[2019.11.17-06.19.08:198][  0]LogInit: Going up to parent DeviceProfile []
[2019.11.17-06.19.08:198][  0]LogConfig: Applying CVar settings from Section [ViewDistanceQuality@3] File [F:/Library/Documents/StolenMatesC++/Stolenmates/Saved/Config/Windows/Scalability.ini]
[2019.11.17-06.19.08:198][  0]LogConfig: Setting CVar [[r.SkeletalMeshLODBias:0]]
[2019.11.17-06.19.08:198][  0]LogConfig: Setting CVar [[r.ViewDistanceScale:1.0]]
[2019.11.17-06.19.08:198][  0]LogConfig: Applying CVar settings from Section [AntiAliasingQuality@3] File [F:/Library/Documents/StolenMatesC++/Stolenmates/Saved/Config/Windows/Scalability.ini]
[2019.11.17-06.19.08:198][  0]LogConfig: Setting CVar [[r.PostProcessAAQuality:4]]
[2019.11.17-06.19.08:198][  0]LogConfig: Applying CVar settings from Section [ShadowQuality@3] File [F:/Library/Documents/StolenMatesC++/Stolenmates/Saved/Config/Windows/Scalability.ini]
[2019.11.17-06.19.08:198][  0]LogConfig: Setting CVar [[r.LightFunctionQuality:1]]
[2019.11.17-06.19.08:198][  0]LogConfig: Setting CVar [[r.ShadowQuality:5]]
[2019.11.17-06.19.08:198][  0]LogConfig: Setting CVar [[r.Shadow.CSM.MaxCascades:10]]
[2019.11.17-06.19.08:198][  0]LogConfig: Setting CVar [[r.Shadow.MaxResolution:2048]]
[2019.11.17-06.19.08:198][  0]LogConfig: Setting CVar [[r.Shadow.MaxCSMResolution:2048]]
[2019.11.17-06.19.08:198][  0]LogConfig: Setting CVar [[r.Shadow.RadiusThreshold:0.01]]
[2019.11.17-06.19.08:198][  0]LogConfig: Setting CVar [[r.Shadow.DistanceScale:1.0]]
[2019.11.17-06.19.08:198][  0]LogConfig: Setting CVar [[r.Shadow.CSM.TransitionScale:1.0]]
[2019.11.17-06.19.08:198][  0]LogConfig: Setting CVar [[r.Shadow.PreShadowResolutionFactor:1.0]]
[2019.11.17-06.19.08:198][  0]LogConfig: Setting CVar [[r.DistanceFieldShadowing:1]]
[2019.11.17-06.19.08:198][  0]LogConfig: Setting CVar [[r.DistanceFieldAO:1]]
[2019.11.17-06.19.08:198][  0]LogConfig: Setting CVar [[r.AOQuality:2]]
[2019.11.17-06.19.08:198][  0]LogConfig: Setting CVar [[r.VolumetricFog:1]]
[2019.11.17-06.19.08:198][  0]LogConfig: Setting CVar [[r.VolumetricFog.GridPixelSize:8]]
[2019.11.17-06.19.08:198][  0]LogConfig: Setting CVar [[r.VolumetricFog.GridSizeZ:128]]
[2019.11.17-06.19.08:198][  0]LogConfig: Setting CVar [[r.VolumetricFog.HistoryMissSupersampleCount:4]]
[2019.11.17-06.19.08:198][  0]LogConfig: Setting CVar [[r.LightMaxDrawDistanceScale:1]]
[2019.11.17-06.19.08:198][  0]LogConfig: Setting CVar [[r.CapsuleShadows:1]]
[2019.11.17-06.19.08:198][  0]LogConfig: Applying CVar settings from Section [PostProcessQuality@3] File [F:/Library/Documents/StolenMatesC++/Stolenmates/Saved/Config/Windows/Scalability.ini]
[2019.11.17-06.19.08:199][  0]LogConfig: Setting CVar [[r.MotionBlurQuality:4]]
[2019.11.17-06.19.08:199][  0]LogConfig: Setting CVar [[r.AmbientOcclusionMipLevelFactor:0.4]]
[2019.11.17-06.19.08:199][  0]LogConfig: Setting CVar [[r.AmbientOcclusionMaxQuality:100]]
[2019.11.17-06.19.08:199][  0]LogConfig: Setting CVar [[r.AmbientOcclusionLevels:-1]]
[2019.11.17-06.19.08:199][  0]LogConfig: Setting CVar [[r.AmbientOcclusionRadiusScale:1.0]]
[2019.11.17-06.19.08:199][  0]LogConfig: Setting CVar [[r.DepthOfFieldQuality:2]]
[2019.11.17-06.19.08:199][  0]LogConfig: Setting CVar [[r.RenderTargetPoolMin:400]]
[2019.11.17-06.19.08:199][  0]LogConfig: Setting CVar [[r.LensFlareQuality:2]]
[2019.11.17-06.19.08:199][  0]LogConfig: Setting CVar [[r.SceneColorFringeQuality:1]]
[2019.11.17-06.19.08:199][  0]LogConfig: Setting CVar [[r.EyeAdaptationQuality:2]]
[2019.11.17-06.19.08:199][  0]LogConfig: Setting CVar [[r.BloomQuality:5]]
[2019.11.17-06.19.08:199][  0]LogConfig: Setting CVar [[r.FastBlurThreshold:100]]
[2019.11.17-06.19.08:199][  0]LogConfig: Setting CVar [[r.Upscale.Quality:3]]
[2019.11.17-06.19.08:199][  0]LogConfig: Setting CVar [[r.Tonemapper.GrainQuantization:1]]
[2019.11.17-06.19.08:199][  0]LogConfig: Setting CVar [[r.LightShaftQuality:1]]
[2019.11.17-06.19.08:199][  0]LogConfig: Setting CVar [[r.Filter.SizeScale:1]]
[2019.11.17-06.19.08:199][  0]LogConfig: Setting CVar [[r.Tonemapper.Quality:5]]
[2019.11.17-06.19.08:199][  0]LogConfig: Setting CVar [[r.DOF.Gather.AccumulatorQuality:1        ; higher gathering accumulator quality]]
[2019.11.17-06.19.08:199][  0]LogConfig: Setting CVar [[r.DOF.Gather.PostfilterMethod:1          ; Median3x3 postfilering method]]
[2019.11.17-06.19.08:199][  0]LogConfig: Setting CVar [[r.DOF.Gather.EnableBokehSettings:0       ; no bokeh simulation when gathering]]
[2019.11.17-06.19.08:199][  0]LogConfig: Setting CVar [[r.DOF.Gather.RingCount:4                 ; medium number of samples when gathering]]
[2019.11.17-06.19.08:199][  0]LogConfig: Setting CVar [[r.DOF.Scatter.ForegroundCompositing:1    ; additive foreground scattering]]
[2019.11.17-06.19.08:199][  0]LogConfig: Setting CVar [[r.DOF.Scatter.BackgroundCompositing:2    ; additive background scattering]]
[2019.11.17-06.19.08:199][  0]LogConfig: Setting CVar [[r.DOF.Scatter.EnableBokehSettings:1      ; bokeh simulation when scattering]]
[2019.11.17-06.19.08:199][  0]LogConfig: Setting CVar [[r.DOF.Scatter.MaxSpriteRatio:0.1         ; only a maximum of 10% of scattered bokeh]]
[2019.11.17-06.19.08:199][  0]LogConfig: Setting CVar [[r.DOF.Recombine.Quality:1                ; cheap slight out of focus]]
[2019.11.17-06.19.08:199][  0]LogConfig: Setting CVar [[r.DOF.Recombine.EnableBokehSettings:0    ; no bokeh simulation on slight out of focus]]
[2019.11.17-06.19.08:199][  0]LogConfig: Setting CVar [[r.DOF.TemporalAAQuality:1                ; more stable temporal accumulation]]
[2019.11.17-06.19.08:199][  0]LogConfig: Setting CVar [[r.DOF.Kernel.MaxForegroundRadius:0.025]]
[2019.11.17-06.19.08:199][  0]LogConfig: Setting CVar [[r.DOF.Kernel.MaxBackgroundRadius:0.025]]
[2019.11.17-06.19.08:199][  0]LogConfig: Applying CVar settings from Section [TextureQuality@3] File [F:/Library/Documents/StolenMatesC++/Stolenmates/Saved/Config/Windows/Scalability.ini]
[2019.11.17-06.19.08:199][  0]LogConfig: Setting CVar [[r.Streaming.MipBias:0]]
[2019.11.17-06.19.08:199][  0]LogConfig: Setting CVar [[r.Streaming.AmortizeCPUToGPUCopy:0]]
[2019.11.17-06.19.08:199][  0]LogConfig: Setting CVar [[r.Streaming.MaxNumTexturesToStreamPerFrame:0]]
[2019.11.17-06.19.08:199][  0]LogConfig: Setting CVar [[r.Streaming.Boost:1]]
[2019.11.17-06.19.08:199][  0]LogConfig: Setting CVar [[r.MaxAnisotropy:8]]
[2019.11.17-06.19.08:199][  0]LogConfig: Setting CVar [[r.Streaming.LimitPoolSizeToVRAM:0]]
[2019.11.17-06.19.08:199][  0]LogConfig: Setting CVar [[r.Streaming.PoolSize:1000]]
[2019.11.17-06.19.08:199][  0]LogConfig: Setting CVar [[r.Streaming.MaxEffectiveScreenSize:0]]
[2019.11.17-06.19.08:199][  0]LogConfig: Applying CVar settings from Section [EffectsQuality@3] File [F:/Library/Documents/StolenMatesC++/Stolenmates/Saved/Config/Windows/Scalability.ini]
[2019.11.17-06.19.08:199][  0]LogConfig: Setting CVar [[r.TranslucencyLightingVolumeDim:64]]
[2019.11.17-06.19.08:199][  0]LogConfig: Setting CVar [[r.RefractionQuality:2]]
[2019.11.17-06.19.08:199][  0]LogConfig: Setting CVar [[r.SSR.Quality:3]]
[2019.11.17-06.19.08:199][  0]LogConfig: Setting CVar [[r.SceneColorFormat:4]]
[2019.11.17-06.19.08:199][  0]LogConfig: Setting CVar [[r.DetailMode:2]]
[2019.11.17-06.19.08:199][  0]LogConfig: Setting CVar [[r.TranslucencyVolumeBlur:1]]
[2019.11.17-06.19.08:199][  0]LogConfig: Setting CVar [[r.MaterialQualityLevel:1 ; High quality]]
[2019.11.17-06.19.08:199][  0]LogConfig: Setting CVar [[r.SSS.Scale:1]]
[2019.11.17-06.19.08:199][  0]LogConfig: Setting CVar [[r.SSS.SampleSet:2]]
[2019.11.17-06.19.08:199][  0]LogConfig: Setting CVar [[r.SSS.Quality:1]]
[2019.11.17-06.19.08:199][  0]LogConfig: Setting CVar [[r.SSS.HalfRes:1]]
[2019.11.17-06.19.08:199][  0]LogConfig: Setting CVar [[r.EmitterSpawnRateScale:1.0]]
[2019.11.17-06.19.08:199][  0]LogConfig: Setting CVar [[r.ParticleLightQuality:2]]
[2019.11.17-06.19.08:199][  0]LogConfig: Applying CVar settings from Section [FoliageQuality@3] File [F:/Library/Documents/StolenMatesC++/Stolenmates/Saved/Config/Windows/Scalability.ini]
[2019.11.17-06.19.08:199][  0]LogConfig: Setting CVar [[foliage.DensityScale:1.0]]
[2019.11.17-06.19.08:199][  0]LogConfig: Setting CVar [[grass.DensityScale:1.0]]
[2019.11.17-06.19.08:199][  0]LogConfig: Applying CVar settings from Section [Startup] File [../../../Engine/Config/ConsoleVariables.ini]
[2019.11.17-06.19.08:199][  0]LogConfig: Setting CVar [[net.UseAdaptiveNetUpdateFrequency:0]]
[2019.11.17-06.19.08:199][  0]LogConfig: Setting CVar [[p.chaos.AllowCreatePhysxBodies:1]]
[2019.11.17-06.19.08:199][  0]LogConfig: Applying CVar settings from Section [ConsoleVariables] File [F:/Library/Documents/StolenMatesC++/Stolenmates/Saved/Config/Windows/Engine.ini]
[2019.11.17-06.19.08:199][  0]LogInit: Computer: OWNER-PC
[2019.11.17-06.19.08:199][  0]LogInit: User: Owner
[2019.11.17-06.19.08:199][  0]LogInit: CPU Page size=4096, Cores=4
[2019.11.17-06.19.08:199][  0]LogInit: High frequency timer resolution =10.000000 MHz
[2019.11.17-06.19.08:200][  0]LogMemory: Memory total: Physical=15.9GB (16GB approx)
[2019.11.17-06.19.08:200][  0]LogMemory: Platform Memory Stats for Windows
[2019.11.17-06.19.08:200][  0]LogMemory: Process Physical Memory: 100.59 MB used, 100.59 MB peak
[2019.11.17-06.19.08:200][  0]LogMemory: Process Virtual Memory: 88.55 MB used, 88.55 MB peak
[2019.11.17-06.19.08:200][  0]LogMemory: Physical Memory: 6412.82 MB used,  9912.50 MB free, 16325.33 MB total
[2019.11.17-06.19.08:200][  0]LogMemory: Virtual Memory: 4656.30 MB used,  134213072.00 MB free, 134217728.00 MB total
[2019.11.17-06.19.08:204][  0]LogWindows: WindowsPlatformFeatures enabled
[2019.11.17-06.19.08:225][  0]LogInit: Using OS detected language (en-US).
[2019.11.17-06.19.08:225][  0]LogInit: Using OS detected locale (en-US).
[2019.11.17-06.19.08:225][  0]LogTextLocalizationManager: No specific localization for 'en-US' exists, so the 'en' localization will be used.
[2019.11.17-06.19.08:417][  0]LogInit: Setting process to per monitor DPI aware
[2019.11.17-06.19.08:469][  0]LogSlate: New Slate User Created.  User Index 0, Is Virtual User: 0
[2019.11.17-06.19.08:469][  0]LogSlate: Slate User Registered.  User Index 0, Is Virtual User: 0
[2019.11.17-06.19.12:708][  0]LogD3D11RHI: D3D11 adapters:
[2019.11.17-06.19.12:765][  0]LogD3D11RHI:    0. 'NVIDIA GeForce GTX 1070' (Feature Level 11_0)
[2019.11.17-06.19.12:766][  0]LogD3D11RHI:       8088/0/8162 MB DedicatedVideo/DedicatedSystem/SharedSystem, Outputs:2, VendorId:0x10de
[2019.11.17-06.19.12:768][  0]LogD3D11RHI:    1. 'Microsoft Basic Render Driver' (Feature Level 11_0)
[2019.11.17-06.19.12:768][  0]LogD3D11RHI:       0/0/8162 MB DedicatedVideo/DedicatedSystem/SharedSystem, Outputs:0, VendorId:0x1414
[2019.11.17-06.19.12:768][  0]LogD3D11RHI: Chosen D3D11 Adapter: 0
[2019.11.17-06.19.12:774][  0]LogD3D11RHI: Creating new Direct3DDevice
[2019.11.17-06.19.12:774][  0]LogD3D11RHI:     GPU DeviceId: 0x1b81 (for the marketing name, search the web for "GPU Device Id")
[2019.11.17-06.19.12:774][  0]LogWindows: EnumDisplayDevices:
[2019.11.17-06.19.12:774][  0]LogWindows:    0. 'NVIDIA GeForce GTX 1070' (P:0 D:1)
[2019.11.17-06.19.12:775][  0]LogWindows:    1. 'NVIDIA GeForce GTX 1070' (P:1 D:1)
[2019.11.17-06.19.12:775][  0]LogWindows:    2. 'NVIDIA GeForce GTX 1070' (P:0 D:0)
[2019.11.17-06.19.12:775][  0]LogWindows:    3. 'NVIDIA GeForce GTX 1070' (P:0 D:0)
[2019.11.17-06.19.12:775][  0]LogWindows: DebugString: FoundDriverCount:4 
[2019.11.17-06.19.12:775][  0]LogD3D11RHI:     Adapter Name: NVIDIA GeForce GTX 1070
[2019.11.17-06.19.12:775][  0]LogD3D11RHI:   Driver Version: 417.01 (internal:25.21.14.1701, unified:417.01)
[2019.11.17-06.19.12:775][  0]LogD3D11RHI:      Driver Date: 11-15-2018
[2019.11.17-06.19.12:775][  0]LogRHI: Texture pool is 5661 MB (70% of 8088 MB)
[2019.11.17-06.19.12:816][  0]LogD3D11RHI: Async texture creation enabled
[2019.11.17-06.19.12:834][  0]LogD3D11RHI: GPU Timing Frequency: 1000.000000 (Debug: 2 2)
[2019.11.17-06.19.13:184][  0]LogTemp: Display: Module 'AllDesktopTargetPlatform' loaded TargetPlatform 'AllDesktop'
[2019.11.17-06.19.13:192][  0]LogTemp: Display: Module 'MacClientTargetPlatform' loaded TargetPlatform 'MacClient'
[2019.11.17-06.19.13:200][  0]LogTemp: Display: Module 'MacNoEditorTargetPlatform' loaded TargetPlatform 'MacNoEditor'
[2019.11.17-06.19.13:208][  0]LogTemp: Display: Module 'MacServerTargetPlatform' loaded TargetPlatform 'MacServer'
[2019.11.17-06.19.13:217][  0]LogTemp: Display: Module 'MacTargetPlatform' loaded TargetPlatform 'Mac'
[2019.11.17-06.19.13:225][  0]LogTemp: Display: Module 'WindowsClientTargetPlatform' loaded TargetPlatform 'WindowsClient'
[2019.11.17-06.19.13:233][  0]LogTemp: Display: Module 'WindowsNoEditorTargetPlatform' loaded TargetPlatform 'WindowsNoEditor'
[2019.11.17-06.19.13:241][  0]LogTemp: Display: Module 'WindowsServerTargetPlatform' loaded TargetPlatform 'WindowsServer'
[2019.11.17-06.19.13:245][  0]LogTemp: Display: Module 'WindowsTargetPlatform' loaded TargetPlatform 'Windows'
[2019.11.17-06.19.13:277][  0]LogTemp: Display: Module 'AndroidTargetPlatform' loaded TargetPlatform 'Android'
[2019.11.17-06.19.13:277][  0]LogTemp: Display: Module 'AndroidTargetPlatform' loaded TargetPlatform 'Android_ASTC'
[2019.11.17-06.19.13:277][  0]LogTemp: Display: Module 'AndroidTargetPlatform' loaded TargetPlatform 'Android_ATC'
[2019.11.17-06.19.13:277][  0]LogTemp: Display: Module 'AndroidTargetPlatform' loaded TargetPlatform 'Android_DXT'
[2019.11.17-06.19.13:277][  0]LogTemp: Display: Module 'AndroidTargetPlatform' loaded TargetPlatform 'Android_ETC1'
[2019.11.17-06.19.13:277][  0]LogTemp: Display: Module 'AndroidTargetPlatform' loaded TargetPlatform 'Android_ETC1a'
[2019.11.17-06.19.13:277][  0]LogTemp: Display: Module 'AndroidTargetPlatform' loaded TargetPlatform 'Android_ETC2'
[2019.11.17-06.19.13:277][  0]LogTemp: Display: Module 'AndroidTargetPlatform' loaded TargetPlatform 'Android_PVRTC'
[2019.11.17-06.19.13:277][  0]LogTemp: Display: Module 'AndroidTargetPlatform' loaded TargetPlatform 'AndroidClient'
[2019.11.17-06.19.13:277][  0]LogTemp: Display: Module 'AndroidTargetPlatform' loaded TargetPlatform 'Android_ASTCClient'
[2019.11.17-06.19.13:277][  0]LogTemp: Display: Module 'AndroidTargetPlatform' loaded TargetPlatform 'Android_ATCClient'
[2019.11.17-06.19.13:277][  0]LogTemp: Display: Module 'AndroidTargetPlatform' loaded TargetPlatform 'Android_DXTClient'
[2019.11.17-06.19.13:277][  0]LogTemp: Display: Module 'AndroidTargetPlatform' loaded TargetPlatform 'Android_ETC1Client'
[2019.11.17-06.19.13:277][  0]LogTemp: Display: Module 'AndroidTargetPlatform' loaded TargetPlatform 'Android_ETC1aClient'
[2019.11.17-06.19.13:277][  0]LogTemp: Display: Module 'AndroidTargetPlatform' loaded TargetPlatform 'Android_ETC2Client'
[2019.11.17-06.19.13:277][  0]LogTemp: Display: Module 'AndroidTargetPlatform' loaded TargetPlatform 'Android_PVRTCClient'
[2019.11.17-06.19.13:277][  0]LogTemp: Display: Module 'AndroidTargetPlatform' loaded TargetPlatform 'Android_Multi'
[2019.11.17-06.19.13:277][  0]LogTemp: Display: Module 'AndroidTargetPlatform' loaded TargetPlatform 'Android_MultiClient'
[2019.11.17-06.19.13:279][  0]LogTemp: Display: Module 'HTML5TargetPlatform' loaded TargetPlatform 'HTML5'
[2019.11.17-06.19.13:294][  0]LogTemp: Display: Module 'IOSTargetPlatform' loaded TargetPlatform 'IOSClient'
[2019.11.17-06.19.13:294][  0]LogTemp: Display: Module 'IOSTargetPlatform' loaded TargetPlatform 'IOS'
[2019.11.17-06.19.13:307][  0]LogTemp: Display: Module 'TVOSTargetPlatform' loaded TargetPlatform 'TVOSClient'
[2019.11.17-06.19.13:307][  0]LogTemp: Display: Module 'TVOSTargetPlatform' loaded TargetPlatform 'TVOS'
[2019.11.17-06.19.13:314][  0]LogTemp: Display: Module 'LinuxClientTargetPlatform' loaded TargetPlatform 'LinuxClient'
[2019.11.17-06.19.13:320][  0]LogTemp: Display: Module 'LinuxNoEditorTargetPlatform' loaded TargetPlatform 'LinuxNoEditor'
[2019.11.17-06.19.13:327][  0]LogTemp: Display: Module 'LinuxServerTargetPlatform' loaded TargetPlatform 'LinuxServer'
[2019.11.17-06.19.13:334][  0]LogTemp: Display: Module 'LinuxTargetPlatform' loaded TargetPlatform 'Linux'
[2019.11.17-06.19.13:357][  0]LogTemp: Display: Module 'LuminTargetPlatform' loaded TargetPlatform 'Lumin'
[2019.11.17-06.19.13:358][  0]LogTemp: Display: Module 'LuminTargetPlatform' loaded TargetPlatform 'LuminClient'
[2019.11.17-06.19.13:358][  0]LogTargetPlatformManager: Display: Building Assets For Windows
[2019.11.17-06.19.13:366][  0]LogAudioDebug: Display: Lib vorbis DLL was dynamically loaded.
[2019.11.17-06.19.13:410][  0]LogShaderCompilers: Guid format shader working directory is -17 characters bigger than the processId version (../../../../../../Library/Documents/StolenMatesC++/Stolenmates/Intermediate/Shaders/WorkingDirectory/16064/).
[2019.11.17-06.19.13:410][  0]LogShaderCompilers: Cleaned the shader compiler working directory 'C:/Users/Owner/AppData/Local/Temp/UnrealShaderWorkingDir/15783685472C47C3371550A7FE58B91C/'.
[2019.11.17-06.19.13:412][  0]LogXGEController: Cleaning working directory: C:/Users/Owner/AppData/Local/Temp/UnrealXGEWorkingDir/
[2019.11.17-06.19.13:413][  0]LogXGEController: Cannot use XGE Controller as Incredibuild is not installed on this machine.
[2019.11.17-06.19.13:413][  0]LogShaderCompilers: Cannot use XGE Shader Compiler as Incredibuild is not installed on this machine.
[2019.11.17-06.19.13:413][  0]LogShaderCompilers: Display: Using Local Shader Compiler.
[2019.11.17-06.19.14:023][  0]LogDerivedDataCache: Display: Max Cache Size: 512 MB
[2019.11.17-06.19.14:070][  0]LogDerivedDataCache: Loaded boot cache 0.05s 73MB C:/Users/Owner/AppData/Local/UnrealEngine/4.23/DerivedDataCache/Boot.ddc.
[2019.11.17-06.19.14:070][  0]LogDerivedDataCache: Display: Loaded Boot cache: C:/Users/Owner/AppData/Local/UnrealEngine/4.23/DerivedDataCache/Boot.ddc
[2019.11.17-06.19.14:070][  0]LogDerivedDataCache: FDerivedDataBackendGraph:  Pak pak cache file ../../../../../../Library/Documents/StolenMatesC++/Stolenmates/DerivedDataCache/DDC.ddp not found, will not use a pak cache.
[2019.11.17-06.19.14:070][  0]LogDerivedDataCache: Unable to find inner node Pak for hierarchical cache Hierarchy.
[2019.11.17-06.19.14:070][  0]LogDerivedDataCache: FDerivedDataBackendGraph:  CompressedPak pak cache file ../../../../../../Library/Documents/StolenMatesC++/Stolenmates/DerivedDataCache/Compressed.ddp not found, will not use a pak cache.
[2019.11.17-06.19.14:070][  0]LogDerivedDataCache: Unable to find inner node CompressedPak for hierarchical cache Hierarchy.
[2019.11.17-06.19.14:082][  0]LogDerivedDataCache: Display: Pak cache opened for reading ../../../Engine/DerivedDataCache/Compressed.ddp.
[2019.11.17-06.19.14:082][  0]LogDerivedDataCache: FDerivedDataBackendGraph:  EnterprisePak pak cache file ../../../Enterprise/DerivedDataCache/Compressed.ddp not found, will not use a pak cache.
[2019.11.17-06.19.14:082][  0]LogDerivedDataCache: Unable to find inner node EnterprisePak for hierarchical cache Hierarchy.
[2019.11.17-06.19.14:083][  0]LogDerivedDataCache: Using Local data cache path C:/Users/Owner/AppData/Local/UnrealEngine/Common/DerivedDataCache: Writable
[2019.11.17-06.19.14:083][  0]LogDerivedDataCache: Shared data cache path not found in *engine.ini, will not use an Shared cache.
[2019.11.17-06.19.14:083][  0]LogDerivedDataCache: Unable to find inner node Shared for hierarchical cache Hierarchy.
[2019.11.17-06.19.14:104][  0]LogMaterial: Verifying Global Shaders for PCD3D_SM5
[2019.11.17-06.19.14:108][  0]LogSlate: Using FreeType 2.6.0
[2019.11.17-06.19.14:108][  0]LogSlate: SlateFontServices - WITH_FREETYPE: 1, WITH_HARFBUZZ: 1
[2019.11.17-06.19.14:158][  0]LogAssetRegistry: FAssetRegistry took 0.0027 seconds to start up
[2019.11.17-06.19.14:420][  0]LogInit: Selected Device Profile: [Windows]
[2019.11.17-06.19.14:562][  0]LogMeshReduction: Using QuadricMeshReduction for automatic static mesh reduction
[2019.11.17-06.19.14:562][  0]LogMeshReduction: Using SimplygonMeshReduction for automatic skeletal mesh reduction
[2019.11.17-06.19.14:562][  0]LogMeshReduction: Using ProxyLODMeshReduction for automatic mesh merging
[2019.11.17-06.19.14:562][  0]LogMeshReduction: No distributed automatic mesh merging module available
[2019.11.17-06.19.14:562][  0]LogMeshMerging: No distributed automatic mesh merging module available
[2019.11.17-06.19.14:571][  0]LogNetVersion: Stolenmates 1.0.0, NetCL: 8386587, EngineNetVer: 11, GameNetVer: 0 (Checksum: 1334032006)
[2019.11.17-06.19.14:947][  0]LogPackageLocalizationCache: Processed 12 localized package path(s) for 1 prioritized culture(s) in 0.041028 seconds
[2019.11.17-06.19.14:954][  0]LogUObjectArray: 43444 objects as part of root set at end of initial load.
[2019.11.17-06.19.14:954][  0]LogUObjectAllocator: 7548648 out of 0 bytes used by permanent object pool.
[2019.11.17-06.19.14:954][  0]LogUObjectArray: CloseDisregardForGC: 0/0 objects in disregard for GC pool
[2019.11.17-06.19.15:722][  0]LogTcpMessaging: Initializing TcpMessaging bridge
[2019.11.17-06.19.15:725][  0]LogUdpMessaging: Initializing bridge on interface 0.0.0.0:0 to multicast group 230.0.0.1:6666.
[2019.11.17-06.19.15:775][  0]SourceControl: Source control is disabled
[2019.11.17-06.19.15:775][  0]SourceControl: Source control is disabled
[2019.11.17-06.19.15:776][  0]SourceControl: Source control is disabled
[2019.11.17-06.19.15:777][  0]SourceControl: Source control is disabled
[2019.11.17-06.19.15:845][  0]LogAndroidPermission: UAndroidPermissionCallbackProxy::GetInstance
[2019.11.17-06.19.16:058][  0]LogOcInput: OculusInput pre-init called
[2019.11.17-06.19.16:063][  0]LogWindows: Failed to load 'OVRPlugin.dll' (GetLastError=126)
[2019.11.17-06.19.16:063][  0]LogWindows: File 'OVRPlugin.dll' does not exist
[2019.11.17-06.19.16:128][  0]LogEngine: Initializing Engine...
[2019.11.17-06.19.16:129][  0]LogHMD: SteamVR initialized.  Driver: lighthouse  Display: LHR-BFE5A360
[2019.11.17-06.19.16:130][  0]LogStats: UGameplayTagsManager::InitializeManager -  0.000 s
[2019.11.17-06.19.16:347][  0]LogInit: Initializing FReadOnlyCVARCache
[2019.11.17-06.19.16:361][  0]LogAIModule: Creating AISystem for world Untitled
[2019.11.17-06.19.16:418][  0]LogInit: XAudio2 using 'Speakers (High Definition Audio Device)' : 2 channels at 44.1 kHz using 16 bits per sample (channel mask 0x3)
[2019.11.17-06.19.16:435][  0]LogInit: FAudioDevice initialized.
[2019.11.17-06.19.16:435][  0]LogNetVersion: Set ProjectVersion to 1.0.0.0. Version Checksum will be recalculated on next use.
[2019.11.17-06.19.16:599][  0]LogDerivedDataCache: Saved boot cache 0.16s 73MB C:/Users/Owner/AppData/Local/UnrealEngine/4.23/DerivedDataCache/Boot.ddc.
[2019.11.17-06.19.16:609][  0]LogInit: Texture streaming: Enabled
[2019.11.17-06.19.16:626][  0]LogEngineSessionManager: EngineSessionManager initialized
[2019.11.17-06.19.16:626][  0]LogEngineSessionManager: EngineSessionManager sent abnormal shutdown report. Type=Crashed, SessionId={F7C4CDBB-46DB-11FB-4F6D-AA9A25CC804C}
[2019.11.17-06.19.16:692][  0]LogInit: Transaction tracking system initialized
[2019.11.17-06.19.16:722][  0]BlueprintLog: New page: Editor Load
[2019.11.17-06.19.16:792][  0]LocalizationService: Localization service is disabled
[2019.11.17-06.19.16:994][  0]LogFileCache: Scanning file cache for directory 'F:/Library/Documents/StolenMatesC++/Stolenmates/Content/' took 0.00s
[2019.11.17-06.19.16:994][  0]LogCook: Display: Max memory allowance for cook 16384mb min free memory 0mb
[2019.11.17-06.19.16:994][  0]LogCook: Display: Mobile HDR setting 1
[2019.11.17-06.19.17:151][  0]SourceControl: Source control is disabled
[2019.11.17-06.19.17:151][  0]Cmd: MAP LOAD FILE="../../../../../../Library/Documents/StolenMatesC++/Stolenmates/Content/Levels/City.umap" TEMPLATE=0 SHOWPROGRESS=1 FEATURELEVEL=3
[2019.11.17-06.19.17:151][  0]LightingResults: New page: Lighting Build
[2019.11.17-06.19.17:154][  0]LogWorld: UWorld::CleanupWorld for Untitled, bSessionEnded=true, bCleanupResources=true
[2019.11.17-06.19.17:154][  0]MapCheck: New page: Map Check
[2019.11.17-06.19.17:154][  0]LightingResults: New page: Lighting Build
[2019.11.17-06.19.17:175][  0]LogUObjectHash: Compacting FUObjectHashTables data took   1.71ms
[2019.11.17-06.19.17:492][  0]LogAIModule: Creating AISystem for world City
[2019.11.17-06.19.17:502][  0]LogEditorServer: Finished looking for orphan Actors (0.000 secs)
[2019.11.17-06.19.17:534][  0]LogUObjectHash: Compacting FUObjectHashTables data took   2.68ms
[2019.11.17-06.19.17:534][  0]Cmd: MAP CHECKDEP NOCLEARLOG
[2019.11.17-06.19.17:534][  0]MapCheck: Map check complete: 0 Error(s), 0 Warning(s), took 0.092ms to complete.
[2019.11.17-06.19.17:534][  0]LogFileHelpers: Loading map 'City' took 0.383
[2019.11.17-06.19.17:668][  0]LogSlate: Updating window title bar state: overlay mode, drag disabled, window buttons hidden, title bar hidden
[2019.11.17-06.19.17:675][  0]LogSlate: Updating window title bar state: overlay mode, drag disabled, window buttons hidden, title bar hidden
[2019.11.17-06.19.17:684][  0]LogSlate: Updating window title bar state: overlay mode, drag disabled, window buttons hidden, title bar hidden
[2019.11.17-06.19.17:692][  0]LogSlate: Updating window title bar state: overlay mode, drag disabled, window buttons hidden, title bar hidden
[2019.11.17-06.19.17:699][  0]LogCollectionManager: Loaded 0 collections in 0.002156 seconds
[2019.11.17-06.19.17:705][  0]LogFileCache: Scanning file cache for directory 'F:/Library/Documents/StolenMatesC++/Stolenmates/Saved/Collections/' took 0.00s
[2019.11.17-06.19.17:705][  0]LogFileCache: Scanning file cache for directory 'F:/Library/Documents/StolenMatesC++/Stolenmates/Content/Developers/Owner/Collections/' took 0.00s
[2019.11.17-06.19.17:705][  0]LogFileCache: Scanning file cache for directory 'F:/Library/Documents/StolenMatesC++/Stolenmates/Content/Collections/' took 0.00s
[2019.11.17-06.19.17:705][  0]LogCollectionManager: Rebuilt the GUID cache for 0 collections in 0.000002 seconds
[2019.11.17-06.19.17:714][  0]LogContentBrowser: Native class hierarchy populated in 0.0095 seconds. Added 2874 classes and 684 folders.
[2019.11.17-06.19.17:724][  0]LogContentBrowser: Native class hierarchy updated for 'WidgetCarousel' in 0.0003 seconds. Added 0 classes and 0 folders.
[2019.11.17-06.19.17:752][  0]LogContentBrowser: Native class hierarchy updated for 'AddContentDialog' in 0.0002 seconds. Added 0 classes and 0 folders.
[2019.11.17-06.19.17:756][  0]LogContentBrowser: Native class hierarchy updated for 'SceneOutliner' in 0.0003 seconds. Added 1 classes and 2 folders.
[2019.11.17-06.19.17:824][  0]LogSlate: Took 0.000163 seconds to synchronously load lazily loaded font '../../../Engine/Content/Slate/Fonts/Roboto-Regular.ttf' (155K)
[2019.11.17-06.19.17:826][  0]LogSlate: Took 0.000130 seconds to synchronously load lazily loaded font '../../../Engine/Content/Slate/Fonts/Roboto-Bold.ttf' (160K)
[2019.11.17-06.19.17:831][  0]LogSlate: Took 0.000142 seconds to synchronously load lazily loaded font '../../../Engine/Content/Editor/Slate/Fonts/FontAwesome.ttf' (139K)
[2019.11.17-06.19.17:891][  0]LogRenderer: Reallocating scene render targets to support 1156x632 Format 10 NumSamples 1 (Frame:1).
[2019.11.17-06.19.17:943][  0]LogSlate: Took 0.000152 seconds to synchronously load lazily loaded font '../../../Engine/Content/Slate/Fonts/Roboto-Light.ttf' (167K)
[2019.11.17-06.19.17:998][  0]LogContentBrowser: Native class hierarchy updated for 'HierarchicalLODOutliner' in 0.0003 seconds. Added 0 classes and 0 folders.
[2019.11.17-06.19.17:998][  0]LogLoad: (Engine Initialization) Total time: 10.70 seconds
[2019.11.17-06.19.17:998][  0]LogLoad: (Engine Initialization) Total Blueprint compile time: 0.00 seconds
[2019.11.17-06.19.18:058][  0]LogAssetRegistry: Asset discovery search completed in 3.9002 seconds
[2019.11.17-06.19.18:061][  0]LogCollectionManager: Rebuilt the object cache for 0 collections in 0.000004 seconds (found 0 objects)
[2019.11.17-06.19.18:061][  0]LogCollectionManager: Fixed up redirectors for 0 collections in 0.000056 seconds (updated 0 objects)
[2019.11.17-06.19.18:072][  0]LogContentStreaming: Texture pool size now 1000 MB
[2019.11.17-06.19.19:011][104]LogEditorViewport: Clicking on Actor (LMB): StaticMeshActor (Stolemates_MergedLevel)
[2019.11.17-06.19.20:847][317]LogSlate: FSceneViewport::OnFocusLost() reason 0
[2019.11.17-06.19.22:581][522]LogSlate: Took 0.000138 seconds to synchronously load lazily loaded font '../../../Engine/Content/Slate/Fonts/Roboto-Light.ttf' (167K)
[2019.11.17-06.19.22:797][522]LogAIModule: Creating AISystem for world Prototype
[2019.11.17-06.19.24:956][756]LogUObjectHash: Compacting FUObjectHashTables data took   2.57ms
[2019.11.17-06.19.25:049][756]LogAIModule: Creating AISystem for world Prototype1
[2019.11.17-06.19.25:583][816]LogAssetEditorManager: Opening Asset editor for World /Game/Levels/Prototype1.Prototype1
[2019.11.17-06.19.25:606][816]LogUObjectHash: Compacting FUObjectHashTables data took   2.01ms
[2019.11.17-06.19.26:817][816]LogSlate: Window 'Save Content' being destroyed
[2019.11.17-06.19.26:825][816]Cmd: OBJ SAVEPACKAGE PACKAGE="/Game/Levels/Prototype1" FILE="../../../../../../Library/Documents/StolenMatesC++/Stolenmates/Content/Levels/Prototype1.umap" SILENT=true AUTOSAVING=false KEEPDIRTY=false
[2019.11.17-06.19.26:855][816]LogUObjectHash: Compacting FUObjectHashTables data took   1.77ms
[2019.11.17-06.19.26:975][816]LogSavePackage: Moving '../../../../../../Library/Documents/StolenMatesC++/Stolenmates/Saved/Prototype1C1301558449447480FDB64904A64B91C.tmp' to '../../../../../../Library/Documents/StolenMatesC++/Stolenmates/Content/Levels/Prototype1.umap'
[2019.11.17-06.19.26:981][816]LogFileHelpers: Saving map 'Prototype1' took 0.158
[2019.11.17-06.19.26:984][816]Cmd: MAP LOAD FILE="../../../../../../Library/Documents/StolenMatesC++/Stolenmates/Content/Levels/Prototype1.umap" TEMPLATE=0 SHOWPROGRESS=1 FEATURELEVEL=3
[2019.11.17-06.19.26:985][816]LightingResults: New page: Lighting Build
[2019.11.17-06.19.26:985][816]LoadErrors: New page: Loading map: Prototype1.umap
[2019.11.17-06.19.26:986][816]LogWorld: UWorld::CleanupWorld for City, bSessionEnded=true, bCleanupResources=true
[2019.11.17-06.19.26:986][816]MapCheck: New page: Map Check
[2019.11.17-06.19.26:986][816]LightingResults: New page: Lighting Build
[2019.11.17-06.19.27:012][816]LogUObjectHash: Compacting FUObjectHashTables data took   2.18ms
[2019.11.17-06.19.27:035][816]LogUObjectHash: Compacting FUObjectHashTables data took   1.81ms
[2019.11.17-06.19.27:058][816]LogUObjectHash: Compacting FUObjectHashTables data took   1.62ms
[2019.11.17-06.19.27:137][816]LogEditorServer: Finished looking for orphan Actors (0.000 secs)
[2019.11.17-06.19.27:163][816]LogUObjectHash: Compacting FUObjectHashTables data took   1.73ms
[2019.11.17-06.19.27:206][816]Cmd: MAP CHECKDEP NOCLEARLOG
[2019.11.17-06.19.27:207][816]MapCheck: Map check complete: 0 Error(s), 0 Warning(s), took 0.108ms to complete.
[2019.11.17-06.19.27:208][816]LogFileHelpers: Loading map 'Prototype1' took 0.224
[2019.11.17-06.19.27:953][894]LogTemp: Repeating last play command: Simulate
[2019.11.17-06.19.27:971][894]LogBlueprintUserMessages: Early PlayInEditor Detection: Level '/Game/Levels/Prototype1.Prototype1:PersistentLevel' has LevelScriptBlueprint '/Game/Levels/Prototype1.Prototype1:PersistentLevel.Prototype1' with GeneratedClass '/Game/Levels/Prototype1.Prototype1_C' with ClassGeneratedBy '/Game/Levels/Prototype1.Prototype1:PersistentLevel.Prototype1'
[2019.11.17-06.19.27:971][894]LogPlayLevel: PlayLevel: No blueprints needed recompiling
[2019.11.17-06.19.27:971][894]PIE: New page: SIE session: Prototype1 (Nov 16, 2019, 8:19:27 PM)
[2019.11.17-06.19.27:972][894]LogOnline: OSS: Creating online subsystem instance for: NULL
[2019.11.17-06.19.27:973][894]LogPlayLevel: Creating play world package: /Game/Levels/UEDPIE_0_Prototype1
[2019.11.17-06.19.27:976][894]LogPlayLevel: PIE: StaticDuplicateObject took: (0.002787s)
[2019.11.17-06.19.27:977][894]LogAIModule: Creating AISystem for world Prototype1
[2019.11.17-06.19.27:978][894]LogPlayLevel: PIE: World Init took: (0.001571s)
[2019.11.17-06.19.27:978][894]LogPlayLevel: PIE: Created PIE world by copying editor world from /Game/Levels/Prototype1.Prototype1 to /Game/Levels/UEDPIE_0_Prototype1.Prototype1 (0.004574s)
[2019.11.17-06.19.28:002][894]LogUObjectHash: Compacting FUObjectHashTables data took   1.61ms
[2019.11.17-06.19.28:049][894]LogInit: XAudio2 using 'Speakers (High Definition Audio Device)' : 2 channels at 44.1 kHz using 16 bits per sample (channel mask 0x3)
[2019.11.17-06.19.28:060][894]LogInit: FAudioDevice initialized.
[2019.11.17-06.19.28:068][894]LogLoad: Game class is 'BP_GameMode_C'
[2019.11.17-06.19.28:070][894]LogWorld: Bringing World /Game/Levels/UEDPIE_0_Prototype1.Prototype1 up for play (max tick rate 0) at 2019.11.17-01.19.28
[2019.11.17-06.19.28:070][894]LogWorld: Bringing up level for play took: 0.000659
[2019.11.17-06.19.28:070][894]LogOnline: OSS: Creating online subsystem instance for: :Context_3
[2019.11.17-06.19.28:071][894]LogGameMode: FindPlayerStart: PATHS NOT DEFINED or NO PLAYERSTART with positive rating
[2019.11.17-06.19.28:076][894]LogContentBrowser: Native class hierarchy updated for 'MovieSceneCapture' in 0.0003 seconds. Added 20 classes and 0 folders.
[2019.11.17-06.19.28:077][894]LogActor: Warning: BP_Camera_C /Game/Levels/UEDPIE_0_Prototype1.Prototype1:PersistentLevel.BP_Camera_C_0 has natively added scene component(s), but none of them were set as the actor's RootComponent - picking one arbitrarily
[2019.11.17-06.19.28:078][894]LogPlayerManagement: Error: Failed to Create Player: A local player already exists for controller ID 0,
[2019.11.17-06.19.28:079][894]LogSlate: New Slate User Created.  User Index 1, Is Virtual User: 0
[2019.11.17-06.19.28:079][894]LogSlate: Slate User Registered.  User Index 1, Is Virtual User: 0
[2019.11.17-06.19.28:080][894]LogGameMode: FindPlayerStart: PATHS NOT DEFINED or NO PLAYERSTART with positive rating
[2019.11.17-06.19.28:082][894]LogSlate: New Slate User Created.  User Index 2, Is Virtual User: 0
[2019.11.17-06.19.28:082][894]LogSlate: Slate User Registered.  User Index 2, Is Virtual User: 0
[2019.11.17-06.19.28:082][894]LogGameMode: FindPlayerStart: PATHS NOT DEFINED or NO PLAYERSTART with positive rating
[2019.11.17-06.19.28:084][894]LogSlate: New Slate User Created.  User Index 3, Is Virtual User: 0
[2019.11.17-06.19.28:084][894]LogSlate: Slate User Registered.  User Index 3, Is Virtual User: 0
[2019.11.17-06.19.28:084][894]LogGameMode: FindPlayerStart: PATHS NOT DEFINED or NO PLAYERSTART with positive rating
[2019.11.17-06.19.28:087][894]PIE: Play in editor start time for /Game/Levels/UEDPIE_0_Prototype1 0.196
[2019.11.17-06.19.28:149][894]LogBlueprintUserMessages: Late PlayInEditor Detection: Level '/Game/Levels/Prototype1.Prototype1:PersistentLevel' has LevelScriptBlueprint '/Game/Levels/Prototype1.Prototype1:PersistentLevel.Prototype1' with GeneratedClass '/Game/Levels/Prototype1.Prototype1_C' with ClassGeneratedBy '/Game/Levels/Prototype1.Prototype1:PersistentLevel.Prototype1'
[2019.11.17-06.19.29:290][980]LogEditorViewport: Clicking on Actor (LMB): StaticMeshActor (LowerWalls)
[2019.11.17-06.19.30:228][ 77]LogSlate: FSceneViewport::OnFocusLost() reason 0
[2019.11.17-06.19.30:332][ 89]LogBlueprintUserMessages: Early EndPlayMap Detection: Level '/Game/Levels/Prototype1.Prototype1:PersistentLevel' has LevelScriptBlueprint '/Game/Levels/Prototype1.Prototype1:PersistentLevel.Prototype1' with GeneratedClass '/Game/Levels/Prototype1.Prototype1_C' with ClassGeneratedBy '/Game/Levels/Prototype1.Prototype1:PersistentLevel.Prototype1'
[2019.11.17-06.19.30:333][ 89]LogSlate: Updating window title bar state: overlay mode, drag disabled, window buttons hidden, title bar hidden
[2019.11.17-06.19.30:333][ 89]LogWorld: BeginTearingDown for /Game/Levels/UEDPIE_0_Prototype1
[2019.11.17-06.19.30:335][ 89]LogWorld: UWorld::CleanupWorld for Prototype1, bSessionEnded=true, bCleanupResources=true
[2019.11.17-06.19.30:340][ 89]LogPlayLevel: Display: Shutting down PIE online subsystems
[2019.11.17-06.19.30:340][ 89]LogBlueprintUserMessages: Late EndPlayMap Detection: Level '/Game/Levels/Prototype1.Prototype1:PersistentLevel' has LevelScriptBlueprint '/Game/Levels/Prototype1.Prototype1:PersistentLevel.Prototype1' with GeneratedClass '/Game/Levels/Prototype1.Prototype1_C' with ClassGeneratedBy '/Game/Levels/Prototype1.Prototype1:PersistentLevel.Prototype1'
[2019.11.17-06.19.30:365][ 89]LogSlate: Updating window title bar state: overlay mode, drag disabled, window buttons hidden, title bar hidden
[2019.11.17-06.19.30:368][ 89]LogUObjectHash: Compacting FUObjectHashTables data took   1.61ms
[2019.11.17-06.19.30:436][ 95]LogPlayLevel: Display: Destroying online subsystem :Context_3
[2019.11.17-06.19.32:435][334]LogEditorViewport: Clicking on Actor (LMB): StaticMeshActor (LowerWalls)
[2019.11.17-06.19.34:651][596]Cmd: DELETE
[2019.11.17-06.19.34:651][596]Cmd: ACTOR DELETE
[2019.11.17-06.19.34:652][596]LogEditorActor: Deleted Actor: StaticMeshActor
[2019.11.17-06.19.34:674][596]LogUObjectHash: Compacting FUObjectHashTables data took   0.61ms
[2019.11.17-06.19.34:675][596]LogEditorActor: Deleted 1 Actors (0.023 secs)
[2019.11.17-06.19.37:180][893]LogEditorViewport: Clicking on Actor (LMB): BP_Sky_Sphere_C (Sky Sphere)
[2019.11.17-06.19.37:645][946]LogEditorViewport: Clicking on Actor (LMB): BP_Sky_Sphere_C (Sky Sphere)
[2019.11.17-06.19.38:475][ 44]LogEditorViewport: Clicking on Actor (LMB): BP_Sky_Sphere_C (Sky Sphere)
[2019.11.17-06.19.39:782][199]LogEditorViewport: Clicking on Actor (LMB): BoxSpawnArea_C (BoxSpawnArea)
[2019.11.17-06.19.40:486][281]Cmd: DELETE
[2019.11.17-06.19.40:486][281]Cmd: ACTOR DELETE
[2019.11.17-06.19.40:487][281]LogEditorActor: Deleted Actor: BoxSpawnArea_C
[2019.11.17-06.19.40:511][281]LogUObjectHash: Compacting FUObjectHashTables data took   1.38ms
[2019.11.17-06.19.40:511][281]LogEditorActor: Deleted 1 Actors (0.025 secs)
[2019.11.17-06.19.46:195][959]LogSlate: FSceneViewport::OnFocusLost() reason 0
[2019.11.17-06.19.53:484][816]LogActorFactory: Actor Factory created Stolemates_MergedLevel
[2019.11.17-06.19.53:651][833]LogActorFactory: Actor Factory created Stolemates_MergedLevel
[2019.11.17-06.19.55:507][ 51]LogSlate: FSceneViewport::OnFocusLost() reason 0
[2019.11.17-06.19.55:947][100]LogSlate: Took 0.000148 seconds to synchronously load lazily loaded font '../../../Engine/Content/Slate/Fonts/Roboto-Italic.ttf' (157K)
[2019.11.17-06.20.01:266][650]LogSlate: FSceneViewport::OnFocusLost() reason 0
[2019.11.17-06.20.01:366][662]LogTemp: Repeating last play command: Simulate
[2019.11.17-06.20.01:385][662]LogBlueprintUserMessages: Early PlayInEditor Detection: Level '/Game/Levels/Prototype1.Prototype1:PersistentLevel' has LevelScriptBlueprint '/Game/Levels/Prototype1.Prototype1:PersistentLevel.Prototype1' with GeneratedClass '/Game/Levels/Prototype1.Prototype1_C' with ClassGeneratedBy '/Game/Levels/Prototype1.Prototype1:PersistentLevel.Prototype1'
[2019.11.17-06.20.01:386][662]LogPlayLevel: PlayLevel: No blueprints needed recompiling
[2019.11.17-06.20.01:386][662]PIE: New page: SIE session: Prototype1 (Nov 16, 2019, 8:20:01 PM)
[2019.11.17-06.20.01:386][662]LogPlayLevel: Creating play world package: /Game/Levels/UEDPIE_0_Prototype1
[2019.11.17-06.20.01:388][662]LogPlayLevel: PIE: StaticDuplicateObject took: (0.002246s)
[2019.11.17-06.20.01:389][662]LogAIModule: Creating AISystem for world Prototype1
[2019.11.17-06.20.01:389][662]LogPlayLevel: PIE: World Init took: (0.001185s)
[2019.11.17-06.20.01:389][662]LogPlayLevel: PIE: Created PIE world by copying editor world from /Game/Levels/Prototype1.Prototype1 to /Game/Levels/UEDPIE_0_Prototype1.Prototype1 (0.003527s)
[2019.11.17-06.20.01:411][662]LogUObjectHash: Compacting FUObjectHashTables data took   1.57ms
[2019.11.17-06.20.01:455][662]LogInit: XAudio2 using 'Speakers (High Definition Audio Device)' : 2 channels at 44.1 kHz using 16 bits per sample (channel mask 0x3)
[2019.11.17-06.20.01:464][662]LogInit: FAudioDevice initialized.
[2019.11.17-06.20.01:474][662]LogLoad: Game class is 'BP_GameMode_C'
[2019.11.17-06.20.01:475][662]LogWorld: Bringing World /Game/Levels/UEDPIE_0_Prototype1.Prototype1 up for play (max tick rate 0) at 2019.11.17-01.20.01
[2019.11.17-06.20.01:475][662]LogWorld: Bringing up level for play took: 0.000679
[2019.11.17-06.20.01:475][662]LogOnline: OSS: Creating online subsystem instance for: :Context_6
[2019.11.17-06.20.01:477][662]LogGameMode: FindPlayerStart: PATHS NOT DEFINED or NO PLAYERSTART with positive rating
[2019.11.17-06.20.01:477][662]LogActor: Warning: BP_Camera_C /Game/Levels/UEDPIE_0_Prototype1.Prototype1:PersistentLevel.BP_Camera_C_0 has natively added scene component(s), but none of them were set as the actor's RootComponent - picking one arbitrarily
[2019.11.17-06.20.01:478][662]LogPlayerManagement: Error: Failed to Create Player: A local player already exists for controller ID 0,
[2019.11.17-06.20.01:478][662]LogSpawn: Warning: SpawnActor failed because of collision at the spawn location [X=2350.000 Y=-2430.000 Z=0.000] for [BP_Player_C]
[2019.11.17-06.20.02:438][662]LogWindows: Error: === Critical error: ===
[2019.11.17-06.20.02:438][662]LogWindows: Error: 
[2019.11.17-06.20.02:438][662]LogWindows: Error: Fatal error!
[2019.11.17-06.20.02:438][662]LogWindows: Error: 
[2019.11.17-06.20.02:438][662]LogWindows: Error: Unhandled Exception: EXCEPTION_ACCESS_VIOLATION reading address 0x00000368
[2019.11.17-06.20.02:438][662]LogWindows: Error: 
[2019.11.17-06.20.02:438][662]LogWindows: Error: [Callstack] 0x00007ffd7bf44635 UE4Editor-Stolenmates.dll!AStolenmatesGameModeBase::StartPlay() [f:\library\documents\stolenmatesc++\stolenmates\source\stolenmates\stolenmatesgamemodebase.cpp:29]
[2019.11.17-06.20.02:438][662]LogWindows: Error: [Callstack] 0x00007ffd6411adfe UE4Editor-Engine.dll!UnknownFunction []
[2019.11.17-06.20.02:438][662]LogWindows: Error: [Callstack] 0x00007ffd635c4389 UE4Editor-Engine.dll!UnknownFunction []
[2019.11.17-06.20.02:438][662]LogWindows: Error: [Callstack] 0x00007ffd79054953 UE4Editor-UnrealEd.dll!UnknownFunction []
[2019.11.17-06.20.02:438][662]LogWindows: Error: [Callstack] 0x00007ffd79073c01 UE4Editor-UnrealEd.dll!UnknownFunction []
[2019.11.17-06.20.02:438][662]LogWindows: Error: [Callstack] 0x00007ffd7908daf5 UE4Editor-UnrealEd.dll!UnknownFunction []
[2019.11.17-06.20.02:438][662]LogWindows: Error: [Callstack] 0x00007ffd78b4d9b4 UE4Editor-UnrealEd.dll!UnknownFunction []
[2019.11.17-06.20.02:438][662]LogWindows: Error: [Callstack] 0x00007ffd793a4b16 UE4Editor-UnrealEd.dll!UnknownFunction []
[2019.11.17-06.20.02:438][662]LogWindows: Error: [Callstack] 0x00007ff69c377b0a UE4Editor.exe!UnknownFunction []
[2019.11.17-06.20.02:438][662]LogWindows: Error: [Callstack] 0x00007ff69c38a91c UE4Editor.exe!UnknownFunction []
[2019.11.17-06.20.02:438][662]LogWindows: Error: [Callstack] 0x00007ff69c38a9fa UE4Editor.exe!UnknownFunction []
[2019.11.17-06.20.02:438][662]LogWindows: Error: [Callstack] 0x00007ff69c39b92c UE4Editor.exe!UnknownFunction []
[2019.11.17-06.20.02:438][662]LogWindows: Error: [Callstack] 0x00007ff69c39e60e UE4Editor.exe!UnknownFunction []
[2019.11.17-06.20.02:438][662]LogWindows: Error: [Callstack] 0x00007ffdda5d7bd4 KERNEL32.DLL!UnknownFunction []
[2019.11.17-06.20.02:438][662]LogWindows: Error: [Callstack] 0x00007ffddacaced1 ntdll.dll!UnknownFunction []
[2019.11.17-06.20.02:438][662]LogWindows: Error: 
[2019.11.17-06.20.02:481][662]LogExit: Executing StaticShutdownAfterError
[2019.11.17-06.20.02:483][662]LogWindows: FPlatformMisc::RequestExit(1)
[2019.11.17-06.20.02:517][662]Log file closed, 11/17/19 01:20:02
